PocketMine-MP Crash Dump Fri Feb 4 19:56:03 WIB 2022

Error: Undefined property: pocketmine\player\Player::$getNetworkSession
File: plugins/Particles/src/Main
Line: 26
Type: ErrorException

THIS CRASH WAS CAUSED BY A PLUGIN
BAD PLUGIN: Particles

Code:
[17] 	protected function onEnable() : void {
[18] 		$this->getServer()->getPluginManager()->registerEvents($this, $this);
[19] 	}
[20] 
[21] 	public function sendCustomParticleWParametricV2(Player $player, $X, $Y, $Z, string $worldName, string $case) {
[22] 		$position = new Position($X, $Y, $Z, $this->getServer()->getWorldManager()->getWorldByName($worldName));
[23] 		$packet = new SpawnParticleEffectPacket();
[24] 		$packet->position = $position;
[25] 		$packet->particleName = $case;
[26] 		$player->getNetworkSession->sendDataPacket($packet);
[27] 	}
[28] 
[29] 	public function onJoin(PlayerJoinEvent $event) {
[30] 		$player = $event->getPlayer();
[31] 		$this->sendCustomParticleWParametricV2($player, 140, 174.5, -10, "world", "flotv:galaxite");
[32] 	}
[33] 
[34] }

Backtrace:
#0 plugins/Particles/src/Main(26): pocketmine\errorhandler\ErrorToExceptionHandler::handle(integer 2, string[64] Undefined property: pocketmine\player\Player::$getNetworkSession, string[39] D:\FLOTV\plugins\Particles\src\Main.php, integer 26)
#1 plugins/Particles/src/Main(31): NhanAZ\Particles\Main->sendCustomParticleWParametricV2(object pocketmine\player\Player#30030, integer 140, double 174.5, integer -10, string[5] world, string[14] flotv:galaxite)
#2 pmsrc/src/event/RegisteredListener(75): NhanAZ\Particles\Main->onJoin(object pocketmine\event\player\PlayerJoinEvent#124023)
#3 pmsrc/src/event/Event(62): pocketmine\event\RegisteredListener->callEvent(object pocketmine\event\player\PlayerJoinEvent#124023)
#4 pmsrc/src/player/Player(817): pocketmine\event\Event->call()
#5 pmsrc/src/network/mcpe/NetworkSession(711): pocketmine\player\Player->doFirstSpawn()
#6 pmsrc/src/network/mcpe/NetworkSession(704): pocketmine\network\mcpe\NetworkSession->onClientSpawnResponse()
#7 pmsrc/src/network/mcpe/handler/SpawnResponsePacketHandler(44): pocketmine\network\mcpe\NetworkSession->pocketmine\network\mcpe\{closure}()
#8 pmsrc/vendor/pocketmine/bedrock-protocol/src/SetLocalPlayerAsInitializedPacket(51): pocketmine\network\mcpe\handler\SpawnResponsePacketHandler->handleSetLocalPlayerAsInitialized(object pocketmine\network\mcpe\protocol\SetLocalPlayerAsInitializedPacket#124025)
#9 pmsrc/src/network/mcpe/NetworkSession(395): pocketmine\network\mcpe\protocol\SetLocalPlayerAsInitializedPacket->handle(object pocketmine\network\mcpe\handler\SpawnResponsePacketHandler#104462)
#10 pmsrc/src/network/mcpe/NetworkSession(358): pocketmine\network\mcpe\NetworkSession->handleDataPacket(object pocketmine\network\mcpe\protocol\SetLocalPlayerAsInitializedPacket#124025, string[2] q.)
#11 pmsrc/src/network/mcpe/raklib/RakLibInterface(192): pocketmine\network\mcpe\NetworkSession->handleEncoded(string[46] c*d4......5...9...oMv...rf...xCC......k...~...)
#12 pmsrc/vendor/pocketmine/raklib-ipc/src/RakLibToUserThreadMessageReceiver(42): pocketmine\network\mcpe\raklib\RakLibInterface->onPacketReceive(integer 0, string[55] .!...'.gCw....o.'.5.cB.2...Th.[.5.=.-..A...9.K...Q..4/.)
#13 pmsrc/src/network/mcpe/raklib/RakLibInterface(122): raklib\server\ipc\RakLibToUserThreadMessageReceiver->handle(object pocketmine\network\mcpe\raklib\RakLibInterface#28456)
#14 pmsrc/vendor/pocketmine/snooze/src/SleeperHandler(123): pocketmine\network\mcpe\raklib\RakLibInterface->pocketmine\network\mcpe\raklib\{closure}()
#15 pmsrc/vendor/pocketmine/snooze/src/SleeperHandler(82): pocketmine\snooze\SleeperHandler->processNotifications()
#16 pmsrc/src/Server(1660): pocketmine\snooze\SleeperHandler->sleepUntil(double 1643979363.6556)
#17 pmsrc/src/Server(1046): pocketmine\Server->tickProcessor()
#18 pmsrc/src/PocketMine(304): pocketmine\Server->__construct(object BaseClassLoader#2, object pocketmine\utils\MainLogger#3, string[9] D:\FLOTV\, string[17] D:\FLOTV\plugins\)
#19 pmsrc/src/PocketMine(327): pocketmine\server()

PocketMine-MP version: 4.1.0-BETA2 [Protocol 475]
Git commit: f8ba60173cec4e23f6a525fa76347ad6414d6ddc-dirty
uname -a: Windows NT PC 10.0 build 22000 (Windows 10) AMD64
PHP Version: 8.0.15
Zend version: 4.0.15
OS: WINNT, win
Composer libraries: 
- adhocore/json-comment 1.1.2@fc2f76979f0a44a5f5bc2a2b600d0762fe0e78e7
- brick/math 0.9.3@ca57d18f028f84f777b2168cd1911b0dee2343ae
- daverandom/callback-validator unknown@unknown
- doctrine/instantiator 1.4.0@d56bf6102915de5702778fe20f2de3b2fe570b5b
- fgrosse/phpasn1 v2.4.0@eef488991d53e58e60c9554b09b1201ca5ba9296
- myclabs/deep-copy 1.10.2@776f831124e9c62e1a2c601ecc52e776d8bb7220
- netresearch/jsonmapper v4.0.0@8bbc021a8edb2e4a7ea2f8ad4fa9ec9dce2fcb8d
- nikic/php-parser v4.13.2@210577fe3cf7badcc5814d99455df46564f3c077
- phar-io/manifest 2.0.3@97803eca37d319dfa7826cc2437fc020857acb53
- phar-io/version 3.1.0@bae7c545bef187884426f042434e561ab1ddb182
- phpdocumentor/reflection-common 2.2.0@1d01c49d4ed62f25aa84a747ad35d5a16924662b
- phpdocumentor/reflection-docblock 5.3.0@622548b623e81ca6d78b721c5e029f4ce664f170
- phpdocumentor/type-resolver 1.6.0@93ebd0014cab80c4ea9f5e297ea48672f1b87706
- phpspec/prophecy v1.15.0@bbcd7380b0ebf3961ee21409db7b38bc31d69a13
- phpstan/phpstan 1.3.3@151a51f6149855785fbd883e79768c0abc96b75f
- phpstan/phpstan-phpunit 1.0.0@9eb88c9f689003a8a2a5ae9e010338ee94dc39b3
- phpstan/phpstan-strict-rules 1.1.0@e12d55f74a8cca18c6e684c6450767e055ba7717
- phpunit/php-code-coverage 9.2.10@d5850aaf931743067f4bfc1ae4cbd06468400687
- phpunit/php-file-iterator 3.0.6@cf1c2e7c203ac650e352f4cc675a7021e7d1b3cf
- phpunit/php-invoker 3.1.1@5a10147d0aaf65b58940a0b72f71c9ac0423cc67
- phpunit/php-text-template 2.0.4@5da5f67fc95621df9ff4c4e5a84d6a8a2acf7c28
- phpunit/php-timer 5.0.3@5a63ce20ed1b5bf577850e2c4e87f4aa902afbd2
- phpunit/phpunit 9.5.13@597cb647654ede35e43b137926dfdfef0fb11743
- pocketmine/bedrock-data 1.5.0+bedrock-1.18.0@482c679aa5ed0b81c088c2b1ff0b8110a94c8a6c
- pocketmine/bedrock-protocol 7.3.0+bedrock-1.18.0@418b4dbaa6720b6c6c4385a4d321d9c0b3dbf14b
- pocketmine/binaryutils 0.2.4@5ac7eea91afbad8dc498f5ce34ce6297d5e6ea9a
- pocketmine/callback-validator 1.0.3@64787469766bcaa7e5885242e85c23c25e8c55a2
- pocketmine/classloader 0.2.0@49ea303993efdfb39cd302e2156d50aa78209e78
- pocketmine/color 0.2.0@09be6ea6d76f2e33d6813c39d29c22c46c17e1d2
- pocketmine/errorhandler 0.6.0@dae214a04348b911e8219ebf125ff1c5589cc878
- pocketmine/locale-data 2.4.3@4d0b081f1a79407e087968ea76aaf330db6ea2b5
- pocketmine/log 0.4.0@e6c912c0f9055c81d23108ec2d179b96f404c043
- pocketmine/log-pthreads 0.4.0@61f709e8cf36bcc24e4efe02acded680a1ce23cd
- pocketmine/math 0.4.2@aacc3759a508a69dfa5bc4dfa770ab733c5c94bf
- pocketmine/nbt 0.3.2@3e0d9ef6b6c5fb45e3745a121296e75631b3eefe
- pocketmine/pocketmine-mp dev-master@f8ba60173cec4e23f6a525fa76347ad6414d6ddc
- pocketmine/raklib 0.14.3@4798576fec0364266dce23b368a7fec5e5de7927
- pocketmine/raklib-ipc 0.1.1@922a6444b0c6c7daaa5aa5a832107e1ec4738aed
- pocketmine/snooze 0.3.1@0ac8fc2a781c419a1f64ebca4d5835028f59e29b
- ramsey/collection 1.2.2@cccc74ee5e328031b15640b51056ee8d3bb66c0a
- ramsey/uuid 4.2.3@fc9bb7fb5388691fd7373cd44dcb4d63bbcf24df
- rhumsaa/uuid unknown@unknown
- sebastian/cli-parser 1.0.1@442e7c7e687e42adc03470c7b668bc4b2402c0b2
- sebastian/code-unit 1.0.8@1fc9f64c0927627ef78ba436c9b17d967e68e120
- sebastian/code-unit-reverse-lookup 2.0.3@ac91f01ccec49fb77bdc6fd1e548bc70f7faa3e5
- sebastian/comparator 4.0.6@55f4261989e546dc112258c7a75935a81a7ce382
- sebastian/complexity 2.0.2@739b35e53379900cc9ac327b2147867b8b6efd88
- sebastian/diff 4.0.4@3461e3fccc7cfdfc2720be910d3bd73c69be590d
- sebastian/environment 5.1.3@388b6ced16caa751030f6a69e588299fa09200ac
- sebastian/exporter 4.0.4@65e8b7db476c5dd267e65eea9cab77584d3cfff9
- sebastian/global-state 5.0.3@23bd5951f7ff26f12d4e3242864df3e08dec4e49
- sebastian/lines-of-code 1.0.3@c1c2e997aa3146983ed888ad08b15470a2e22ecc
- sebastian/object-enumerator 4.0.4@5c9eeac41b290a3712d88851518825ad78f45c71
- sebastian/object-reflector 2.0.4@b4f479ebdbf63ac605d183ece17d8d7fe49c15c7
- sebastian/recursion-context 4.0.4@cd9d8cf3c5804de4341c283ed787f099f5506172
- sebastian/resource-operations 3.0.3@0f4443cb3a1d92ce809899753bc0d5d5a8dd19a8
- sebastian/type 2.3.4@b8cd8a1c753c90bc1a0f5372170e3e489136f914
- sebastian/version 3.0.2@c6c1022351a901512170118436c764e473f6de8c
- symfony/polyfill-ctype v1.24.0@30885182c981ab175d4d034db0f6f469898070ab
- symfony/polyfill-php80 v1.24.0@57b712b08eddb97c762a8caa32c84e037892d2e9
- symfony/polyfill-php81 v1.24.0@5de4ba2d41b15f9bd0e19b2ab9674135813ec98f
- theseer/tokenizer 1.2.1@34a41e998c2183e22995f158c581e7b5e755ab9e
- webmozart/assert 1.10.0@6964c76c7804814a842473e0c8fd15bab0f18e25
- webmozart/path-util 2.3.0@d939f7edc24c9a1bb9c0dee5cb05d8e859490725

Loaded plugins:
Biome 1.0.0 by  for API(s) 4.0.0
ChatThin 1.3.0 by Blugin-team, PresentKim for API(s) 4.0.0
DEVirion 1.2.8 by poggit, SOFe for API(s) 4.0.0
DevTools 1.15.0 by PocketMine Team for API(s) 4.0.0
EasyCommandAutofill 2.0.0 by jasonwynn10 for API(s) 4.0.0
FormAPI 2.1.0 by jojoe77777 for API(s) 4.0.0
MultiWorld 1.7.0-beta4 by CzechPMDevs, VixikCZ, fuyutsuki, kaliiks for API(s) 4.0.0
MyPlot 2.1.0 by Wiez, Exxarion, jasonwynn10 for API(s) 4.0.0
Particles 0.0.1 by  for API(s) 4.1.0-BETA2
PlayerSelectors 2.0.0 by Ad5001 for API(s) 4.0.0
PureChat 2.0.0 by Vecnavium, 64FF00 for API(s) 4.0.0
PurePerms 1.4.5 by Vecnavium , 64FF00 & ProjectInfinity for API(s) 4.0.0
Slapper 2.0.0 by Vecnavium, jojoe77777 for API(s) 4.0.0
Sound 0.0.1 by  for API(s) 4.0.0-BETA5
TNTManagement 0.0.1 by  for API(s) 4.0.0-BETA5
Tags 0.0.1 by NhanAZ for API(s) 4.0.0
Track 0.0.8 by NhanAZ, Nexus9265, Mcbeany, EndermanbugZJFC for API(s) 4.0.0

----------------------REPORT THE DATA BELOW THIS LINE-----------------------

===BEGIN CRASH DUMP===
eNrtfAtz28aW5l/poVMbeUek8H7wllNyZHmu5/qhseQ4myjlajQaJCIS4MVDEn0r+9vnO90NEKDk
V+Ldra1yKrLIRvfp8z7faQD61yQrqzVv3l3Lqs7LYjL3DidNvpaTuR14bhzGbuDOAjeOI/dw0m7M
JXfmhbbj25ZtRbEXhv7hZMXr5rSqymoy/9ek2W4wbaK+n94KiXWgfThZy7rmC7r0pkhllhcyZZuq
3Miq2c7ZphRXsllj9PJys+JbWV1enqnf8/l3C9m8lM1NWV2dg4gml7Wr1dN8RfSezC8vnz5/dfET
LW0XeVFjLa+aXKwkPtaVuLx8wfNitlluaKVeZaYe9TOPMPGI5mHOCoxM5k4AhVRc4OOvkwcW+/CS
Ayd4OBZCkvxLXqQrEkVp46Ls9fF3fWE+1zMO8qKRC1kx55DVTZUXi18D7zf21xXVk3Pj39iX6OmQ
9SwFD6GQB/bHpHdtSP8Ssjz+ZUSSLk5/qGWRnrR1U667S2/xga8lWBM/OQdl8rsUzUcke+Balmvt
WLI9fEnLNllJZofezN9dmtpWL7P/G4MqVmk/YEOn2apsrucLvuK3eSOVaA7brEkU+pHXsmiOXstF
Xjeykulz+l3I6iD0PyZiWfxnCT3cI4kiuC8QTT6lCw9sx7McV7Hh3mFDTTkInH3X0iTvMjn9QfDV
Sq/6S6x4A1b09CM9+yCyw/u5UTQ0AweKhj+gUWinPFqLjTwae+hBaNsPP+bW0x/S8mle1c35ht8U
mnbwubQtb4+2mX15SdMvL8fzyY4nqxyCqL1ey3pTFrXUe4Yf2tME+dFozRmnPU2YH3hfyMZHpv5L
rMq6reQfmqvIcAXtp2V1tFt4lMi0wrcpUkdTinKlGD+XzfMSNtKqfVw/K/Im56v8vUw1xwe+/XFW
+5T2YXGnP+hJH9nsPvfc26jjGzt9imntur5SSPyZruHG/scF/YL9O4E/Q6rPUN8D2/I8BL3Kutbn
iuNHX+ZimpEnvOHG8P8nLNJnXuc39s+Zlsj+kEQVv1rlydFrfvU8T54hn1cZSu+BHTt/RrLTQpQp
HM0w4AW/MfE/U2+m/vPxE+OnfHGNf6sM/9yenOhrV/j53/jR3DofjC/N7jTfaFE02xflm1pWF8tK
8vSFBjyvpZD5NSWBT8ihCSKvjxVASUkr1VDqwcKg0qHUzf4NTH8/W5zckBQlPvoz8ePMwZeL5exX
fHs0m85mj5Xo/8C//zWbeUdGTPdLjeKQMB3HEPmafBq66Nj/iCK+IFo+oJIHTuT5BpZ4HzRQXZTl
e6nT3kpK4KcuHdsoc3/OFJ+xZi9B2/6fYDDadxU9FYE3mgd+kOKh3Zdlk2e54AQta7PvsEaeKwMd
2EFgfSbhmr6/KZp8ddABrUFP4HfaD+/ZxPL2sbC+Mv0BmOnqTHNcVobNaEDhTK15gTUH7p3K3RF5
905AyKZqRZ+zfuS1PEETUj8veYoEChR9j2+1EMYAtuflYkGwsg+gMTreAcbwftSsWY8/wLqzD5F0
fEDg3/44nMj/243SF7Q7YE/Pe5cX1+XqWq6BhbA4zStoc9JdxUhPBoOUaEkgO8SFy4bKBGaD66wt
BAnFyuK04HCig4dszq7LPGX/wjo7UvMvm++aZV5PfwD3xoceqi9narMXvIA21FhlEK/CmvWBWnbI
1K+HfyOCsSL4Bz46Fj7Sb1vzBBfOxY6hT7UkWqPsO61h7PEzfv4Xfn7pfIN9p3qLl1izGxJwxIdK
NsfpZNuUda72fMQKecPOzNeDIckPKOAt7TCQvxv6cUvbHuw4eKjEd9x+T1UvzI4KaXRinmYZbGNK
vl7ljVdRkus57rlXM/07Mw1V4oFmk/xqZtDPNBj+jmfqtnCAPwxRzVO4M2RkDBnfa0jTeO31Muw7
1ZVoU7jWmBliVOpuRTmZ6mvUtq49dshPeUnvHqohNZ2o6kAvJ8o2lxP6OG45Lyd6L6cX0XW1iC5Z
4o/JH98OHb4dOnw7dPh26PDt0OHbocO3Q4dvhw7fDh2+HTp8O3T4dujwZw8dura9pib9x7xcq269
4PTbfD+c9DeBJ/bMmlkY4W2zLCss+hUU+CanfsRT1/Bdqn4+ncyhE3k4SWHHIjVz6zJrngwH1lyd
GaittC7ozAFqo4OEV+cXb1+9fv4EQzcyQbdJXFETdLLkzcWSVvbM9kNjft09fic/KnmnjeRrXDir
JLqB5h/5evKVJEkU/ctLAX7QKuLTgLNPCvbk9Ke8Urz3gvVDY8GcWTQWbAMfyukg5vzVU/m1pNFE
Ly+vFQuXl6nsPg3YMlKdXzx+ffHm7K5M8vqiLFf1UKZuaCyT7e9ba+fG7IIs9pXE6vaHGDtOPiLG
smk29fzoCLpYtslMlOtBgB31NCDsKa+3J+V6jbz1uG3KLF+tBnLfd3WoAudOfE1+53VZ3GyLwra+
lvQDkuiT7rL0+XH4tKzWj8+eDSTsRsZS2XekKn8vZUj/fTWheopIj5qJ/sPniPKiXTW5OkIbSDMY
HHtqOLOmiWy4Nxbr5L0Uy7MXcAhyqJ/y2/zq5Bf1RMq2ber2KsfnK+DS/Kr+WnIL2nKzRmDCm9fE
rz5euhzx/lHx7/HugSBHA0Kkp+3ZqmyGOtIDnzD421y+x8jp7S03WeOrOfbkFAW4XG+1oQd5SfF8
3mwBICb3R+ZOjVoKaK2T5hNJbXfIvdPE8OB7pwzIM7M/WDOhqOmPpxePnT9r/w8cAX2Oy+tu6Vyu
gEwUZztJ9q58Ikc9Tn3Lsr+WR2tq3XFLz8QXyAW0S0V3KFA39AlJfpKi4Nd5S9gg8J4+tb7MN9U+
Z7Jaq/Dec9OnXJ1L10CcoP4zKmnZ1men02584I3v9N7QgeF79+lzFaC5GGtAj40zmTfzP6ACdsg0
G+x/MPBM+PVZkeVorbdfy9QjORV3g4+fI+n5im/QJgzk7Ea+wNBfvxjVmonPd9nzsi2GhUd///w0
Ypk04v/VNKI2/ny+L15e6JtQ+m5gz/94/P+BHCMGvkAevhgGjfr6ce7Njl/Lc3r+sfPnsX1P9TYs
kTwVF1dDgdT3fYmieyU6nLyUt20dOwFliBcikbzYUiEt0NOijCbt4pf/fHry1SUnFv+y6HS7Wt/T
kVqocVOsnvclRm8bWdQq+0JJJ2VFZCMyMsmciDVvlsMRwVdgnFejsXL9Li2bQjajUXMPfzfQVqvh
95Q3o+sAJI0cEV6sN8OvS16PeMkBe66HA7/XyqL993Wijw1GY2XVGLujh8RA3XASKB1O2oixHl7L
jIpwPiZfK23W46GUUupg5Pzs+Wj7bf3PFWW67hPrLzXllSzy92MV3N4aqYldCrwtX69URncU9+/z
je4cY1XG3q/yZLgcX2/XY62XxJ5jWa5tOzGdADx5NRI9Ld8p1vYHMZSPDVbCh+t6NPE8X29W8ucX
I5n3OMBXOoTck3O9uqnyPftvGnVcSRr2TAU7W+753rItrtRBkqOU5Col5YskL3i1xZALRYWkCXkt
V2liJhEpUW03TWkGHK2sFIbWbmkZCL87Nnq322twnR4hyYusHPltesfk+chLlCrd4VAlER4Uh4tW
+2JH/xeEG3t1JrhYDpRP0b3cmH1pR7rbyIed9i7Upy8IvSe8lru3GUbAGxfbnNo+C5qr36GTmswz
vqqRuLo7DJO5Ry8z0PnKfJJFCQ8sO3SFFJ503CzgvuNnPAxcL+Rp4NleGqSpmKZ51VDCbA1Pb/Mi
LW9q9vKCnZ0wGxZlamfmwB8tdtBdt62H7PGLJwE1l5SnBnp6L1XweL2LLDfvSrLH22cvX16QU9KX
G5U6kZc2ZS2rdzBsha5L9yo8XUKiSh5RtphijnmOx6Z8cJwJJwuDOIwzi3se9zM/EQ53ksCyUisM
nExaMowkeVRS5eLqyCRIaxbP3GPB/TC1o8xyoizyMgCqxLGDSKR2bNuJlUpoy3O5VNkPxkDmQcqm
W7QJcv70Gp0xsiI9AgWdXRXlTXFsfqvIFZTN5FFeUM5qcjOTIKx1nPpBkgW25cS2n0o/tJwwjDLp
WJmTSjcB4xhL/IRcdlGVdS2PoDteF/Rcx7WjaEiZeVEUx3bqu9KPZGCJ2Pe9xIoT27FsSJfw2IkD
5dRixZP6CCJtoMTNVmvQggrDMMgiyi6ejEXgSJs7Au4ihfAdoMwgjZIkhMVBBSWDzh95JZbKHGsD
ZifXKt6PMVNYjs0jmSaO9HgouZNFPPUyHksRp0I6mUgiAopFfpULEmmKsld3RGxE9rFjW34YZtIV
WZjwFHxE8NA49nw/zbzAD7zMFVYYKnfi1TQvYdUiz2TdGOzsHsdhZLlScDdMXTtO4eyREwjheG6Y
gUUr8kMuEt8d0NgFm0vBdpxwGQrf8xOZ2VEYRZ7nBJnlgYQn/cDmiZ2miR052qth7ZY8s6yOqr76
KHc1iB58HdsprOLFqSdTuKbjcx5BSRSErp/63A5ixwsCJ/kYSYwmq5JA0sSnzHgcOI7vRUnguDKC
zYM0jGAvW/gSzpV5QgZQmB1ad4hSwZ/CnvRwnHbMAORiVyYp+llP8CSykDB4nPnSiWFLLwpCJ7OT
KAytQJOrNxJWrMrNUgryqWt9KHoMR0hDN7ISSyaZGwc2Qsn2rDhNwsSNEuHaaRBz2zVUEB9H5rc5
BXePbd/mvo0Y8eLI98PIz5I0ilwZxiFC1OKJiIMk9LO7JKb43RZ5090AOI5lEkUizoIoRiHlEXe4
z2UsLdty3UjK2EuFGyf3cDMlRCKaadWqoxOVdRB4tpP6fhZ6PBKC25EIZBB5IvB85JxQWj4CLwxt
7aGKFeXpdEMV/1AiUc9ExnAKm1JB5FucZ7Frh55rBWHmJZmwufQELBF4IG1ZQbRPjSrZlEqwySvw
hVlwLDJbIGyFAzlF4FvS9R04gQhCnyPJ2BIJL0Fk7RGjZySvZGWc3z6GM8IFwpT4CvzEj2LP4hb8
KgttEXOBOHCJ6B6ZBvgU/wBU6KpMwegd+ykSM8RCdgocO83iDBwhiOD9aaCsgUgXTrRPLF8rjnwV
0T4PUMAcS4J/P8mQIaA16YBOBIVxHlsOh4c4YyLGDYC2kFuO/TgUSeCFgY8IhGak5ya2G6JjSLM0
k5mVJTbZYIQj+gdBkOq5cgEw9O/dIJSFYnfsRUiaYcy5L1MrQRxacDgnsbOMvtkWjz0R8UDcT3lX
tichxfQd6naUeGnCOeLPSgIRCM+NfO6lLtQZCytx0ySzvWSPusJUOwDkkCm4CCVC2oaueBqlyEZR
5gvpUp5AkKe+DHCZjyndW/FsZRZoMwo9VOAgSARHxvejyHc8R0a+gIs4voyE73NnjyDdbFyVBlVa
Kjl6seSu5cZIQDBG4sYidS0HacMPUooPZHArRjHfo1Suyh0NVD7iHzkwyBzpumkQ2S5CO3Vi4cBX
AmGH0k73uBk+aqhIUR5MOWUsbiHdRwnggIwcG3kkswGdEGM+QkKIaJ+dFT3VITtXoTLtHnvwCCuy
M5uHiCKkhyiMg0gCfyG4XNdKE7DsJP4+pYXiRRX6QMS2I6wsRmoREQRwbSuSwkntME7iIPMsDyHp
3qEwHUByTSqwsxBqjETmwmAoiNKTAEkIwRRFKbK4jSBzRTom1aMmD/WZcyHc0I+5b8GlqbgCdHlU
Y0Nk5dB1hS9ipLAxiSJpOux+7EorjWUWwJWR1T1fuqGHjOOgwwlk6AcuUhTAjRxT2H2cqkYTwHe6
5vQE3/HnQtwxQf3EgQbvylAhKg08RwrLDVDtAwIsbuIGEQccQUEFUkOyCO+jQs+xdG3fcew4PPA8
IDGEaphypAX6P0K4wv6AVh5qI5d7StaPEnRt0bHFRQR4C78HZrBRLLPAk4gxD/XC9Qmy+jHqMgV9
xde13FIs7NpeuuPqHAv8F3pSQsUOEJGdIJo84EpArEDKKHWTJAhQTHdE2jbXiN2BRpCyAf4yAKUo
CmI7Q02HjlMP9RIJKcBqkTkwPS1ftuua8279XTxcS/Q0QMEFoj/foT5KI/YxwBWKVogyGkrPAeiz
YDhLhOAOaMFL6Gko5DlnTIfq6aDQR8d2RlUesQArBU4oM2Ah7rkIn8QO0zigDVC8rfvJAAwRCJTT
VVletZseTHJEXwbkRs4VZwm6hFQEWWpLwl0itLIw4xwIfI/qmg50dK70VG0GZIBX2XEUYyWcC5jb
8SMRcgSTC/dAgkAmjpw7dFbylg6xNT9A7IRV4I0uShcAjaCC7DrUuyAZB2ECMIgUGkUjOmmeZYYT
79j1gMjcjJxDINkKh+qKjG0LDgEbiwB51I+tdERBFtd5BdCv+y8UVKgGfoEgRk0OKPnDrVwLsRfE
VAacOM44LGHBk8eEbjdlpc8ONDsBqkQSpgkqs/DT1CE7+VSmgEHD0AdMAGLJsnhEZbEqE74CQNNQ
Q6MEhGvqx4CNYZYBrgOnefB8z4kCeCnSTpRSgvDGlOiVkXpaZlP99oepbIKAVByHMK2NAgfkCZWi
mbEiBBGck6M2OeiSRqT0YzNTWQBkD42PyitiSIRITpzYQl8C1kDOB8qFpnwO1J55vgjt+8gZ+K+o
aUiVeBmyFZA6mkgCepaPPhYNj4SbRymylRcLG+RG1PpDCwhaEFTrmRNpnFJJQKtleSlgkQfhSWIU
98yCHX3fCuzQ2SNXl20l5JQerdePThkY6h5bGdKfKxKXA6A4QkYWvD4OfRcNYkq9TpSiyeZjFzUn
kEg8JCHa8AjVCGtEbCXAw1bmu2hsQmBa6UWx7QZZbHsjCsMejiIF6RcttuOilYgtqJpW23ZEGSFE
NkUazoIUxZCIbNdZWWxRZVZbutc67Q5E0dI4VDldi8wFnBdH1PyFforC7gKWweMzcpA4sqgA3kcL
SDSyBrT8MIEDABVI9JAApUhWaCXgaY6IPGm5YRQ7KbzvQ7TsIS3YK+FwdEruWYyWQdpx4nDggtCz
XTTP8AugPDqyXKJ7l+j8BkeXVCdsJATu2fB2gFbyIwex62c2khOWyzDxUZV9UJT6OHtdvudVcwQM
J6umO0kAtoiRehHC6L09tOyA9w40LC3UsdRGSwRN2ZF0/BGRDaDFlECqsTyQV+zGWShTgBNkNjtJ
gHBTlDCRwMsjAMvYi60QZNSheV8/Z1t1bvmA0Uk8g4dn+aLVfsmoV2JZWbHRMdtldVk8YBekFFbL
psmLRc14JRn0xErkBHzgDRO8KMqGJZLlhVi1wEn4wPQzaTPzYkkua03tvFxjbcaau1RrnslDVuJK
VRNRlgCaXbEtgshQY3nG1iUyda72EGVF76qttpr0S3nTEzxKZcbbVVOzm7L4vmF0EMMrxtumBFbL
CbBviUt6+UdLf7OUBWs3i4qnIDAjkvTTEZzTF8YevF1KYpA1pXqxjIGQeZgP2qh4UVNnl+rLimWN
eBl0u5KN0hw9cyUk04CaRtaaNvSPZLHidGa6kHNG91r0lXrZNilQwtS8Lzhnl5MXl60FT94ysbxs
bSlD1tBvbq8Zrti2TdczF6Kwk6Wa65C46pNVLNktpF/RijTM2bUaFixRJHzwmdMnERas0Cu2/3Y5
MSp4vFqVN2yV16SY7q0ddp1z9l+trLZ61j/p49RcnDN1/mrW6/cDzUIGLTA6v6RXkGAIIplsmTGf
XqHvPk37CWNybxH08EbYk6cpQ9LVZidz0vOgbC05PS5LZZnB2Ikk7mEO+c+Wr8hQi/wac9G6tZId
mI2ZYz3U9PWudBBERXkKU9OjnXNMMPu/bNcJ7AyfflxvC3HB6yt6LegKXjwzU97U9IYk9uxkpolL
YIWyhddgQX2o3yRi+uC7UW9WEbKp9EPnSkvICTS2BhTTT+J25M+VY0E2eHlV3ubwcAl1QDQVO0XP
IOm5Z+pZRtFCsygqDlnefA9FNpVamEp6r1O5695ydgA5WsSuYxSkhJkaieeK2N1Y4cpnqrYoyMAp
3bwoN8ok6sS8nrEn8tp8Zut8sURaqXi9PBwmAeNNpJmqajeNHtWKIwWtwV8vnTI20oM6EE91SHL1
Pmpb388D+Qz5YQmVw99mI+ejZkpP2wUm/awldt122eE/FOZidEuU6SuIk3XeUKpZywVPtg0MwM61
3i2l6bymDQyBCzLjTa4MoRwN+eNmqkl1vlcrYbMcvCJJqtejiFBWSdltqr0fxmspXbBFCbvRuZpy
E72VgYeKvTmzOnnAg6oPui/+/0ISut/8KTmWvEr/qhx1U24UKyaz96wZgjVDntlQ0U8HjNHOHXfA
Wt6AQZUv3qrAMXzW338VTlXoKNYouTCg2gqqRUqQt4C4Km2XmnUdtlRX+9nyVkiZ1jvJujz36uJ0
zi7+/uycPX/24tkFe3x29vzZ6Tk7O33N3r56/Y/T14cMk9jFK8w6ZW///ur5KTt7/erk9Px8djdX
jDTj+MFAMWeyykuFIiiD1ySqWEqVy5Ve+ixtwxZAMqlJRWrSFPlTdvnZEDwBns8L5Hf4Gkn/IVfU
LnizJEAADVHO0tMMfU0GWXtXB4bJADu9okJEMEUtm91dQX5iHqeAMTdSEJrR2ibGtbX12l4auJ7c
1DuxXcvIXT/8EGNGC+5ACwteJYih6e4YxKSt+zWuwpLYMuuYWYf0v+ZFqxDUkCNgzBYe+vCwKyt3
XbRzUl2t1evpWvL1LlRn7JUuGjoggH3KdpX23OSoRDcF28lQd6Q3SgSIHFjWQGrs+VQlmDs1V7mV
ptPLmFXluqve3XozZzp03n27k2TGvvf4DbvH4e54znmHhcmYFfYkRzUOn7brjQaMHTZl5tKULu3s
+IQmmkVKFsV0JxG+AUUgQfB71A48gHqKXa7hhHXdSkomzRLWXHRQmhIe7bfj7LAzsAYgBi3POn5o
8kf1tua3U/UcQr2T4YRvaDxft2sUcHo4iTZpeAHQDCMz82q/4manaYoro1oVWXd9ED3FpudMbTol
sN+ionsjSz4p9eV9z9d/hKDbpZveBZymaKbuy6lAylQ99TCQ9AkYU8AIyJV0Cl41mtG0zJ920Ku0
vDtZsazXspav44CmD7sHUumKuh9D+1PkPuWr9GPeTZv3pQfIcFmuNMpNeCOWqjdQAtT09jwz5Uvl
R938mau6ZCWyx7td+XwwtGF3kVJ0taUXcRb09xcG5jWmVZtPm46hvrSoKrAD1Or5GcKxqdYENXOq
96Dl9AcRNHMz9neAUfWHJAhdspOzN4dYCz4SRONNniJAFDLp8nC/w1TtMGfBrgfYNQi10tNg9ow9
TpHslnyVHaGz1p1LKuHpZjtszOiGEDngIGyHZXVAbq/huqXcSEiXr2aMGHlzVpx1yH/XD1ODQ4zd
oDDrpe2m2EzNyJ3G64WJ0Tp/L3sLU5/QGZbexOrAGvoI7TKD4u3Fjl70cMbOzJoVrxZqATfNufEO
s2dW8QUJAgtBgfVmpfARddtriEDJgVdkNf2WvT5GqNDpybphLy7eKF5riEXCJ23D6OBCGXa3oe53
Zrv8tG7aKa2bK47HTaws1GNXKjNkjM5NgL0AmTthG3zLcjFjqu4tOcEMlq+hoYYsCbuoP8yK1Hao
+NlUCoLQVKEytkriKP9clYNam1eDFcxtjNeSNFIfnZj02Ld5T14pUPbk2fnjH4HHFH5rC+VTlO5b
yq/qmUENQXJyTvMXgdJxC7STdZwPUpm0i/muq/yB2dRNGtC8RHpTM5g5vKj1uQvFe1GXHTQw0WJ3
RLUUHdWTZVnW6oymayhld4igagHdT2Q1v97VHnyRU/MXaejqMCESk+pBVg0YzTHW72Ve6AMNpb/v
2c9JeUsZomLPnrCDn988e/IQ/oD0AD4w/wbGJHPRU/8IHmo1q7TXmQY6iJZyZ9MCWeHnH593O5hG
dDDyvdqOni5T4ESZ3YAeJWHZHauZ0nwLDqf0oO+jMsvMxriaZ9vpbZunYzMpDU/3z7Mu1IGUDkj9
N4K1NlStMNHX1uZ4TCDlNF16NqumetWcmScSu+10MTJptd+NKisvFn0PVdDi1X6ZP+xmXefyZtoX
//tOFTt1P16XLWWbTNdOk3ygxE7ZhBwoq5pTHbgFfTOlHwReKygwIKDUUEh9cpBITTCRGWWLmv64
ggq8ZeeDxu3owl1YoZVBGw6UgfzJ+D7b5oVr7CpRp+/n2PoQy7yip/0Z78ICjO8I0KeeM/fO4ZV6
aIpis85TXX9IPg6Lwy3rNhlqZUGFGTNkqsux+tKXSnWSZlyHCyFXUvUwOgjMvqv8CptQn68y2YpD
CYuqvGmWOg9iE86Wmt4gSSJn1E1X6BXDU9JLx950p6ROwGdP6oF0lO7JJzRFph9Y7IXtT9Q6QKVW
7ZkNNKfMYQ/ALlr9sYF3p3cDG8/uGtkkwBueq14c5QmtqfayTblpV7sgM18JT6hZphC5TrexatdI
brMjVXTKfQAegzaIRs0J5rwHV3Twqg4K9AWNSYz/ga1h7k9Hp9FYqW4F3hnsk8v+BfNw7wg/IKtM
9QP/g9lL2Heu2Zpt1uvNLC97GZA+t2tqcemWJp0+i3ooDBVFM4PtZiihVPLki0UlF+Zs1RzE6kMl
+hNcV3clVrwiZ7168moOHU1NydGohNLhjdTdEld/e432rJUAQ1HU6GxwFwbIYGSVdkMvDnTmu0fd
ML2e0zsg0Ji6RUnVc1TXTuimiRwebR6iBG2WHEElqX5UxM8OK6MyZbJCvzSlfFtQAR6s3RVLXaj4
6MzU3EocVPoWrQJglkrdXW40dI0r6BndZvcYXgu6b/kmXw9LlgEDRJ5WUeBQhSJDU72grdXBsFnW
3RKYDTcy1/Z36pT6Kdhhqpc2uQ6fwaGaoYJNml7V3fHZ0gzr/Fn1zY9JOXQDA11nqvBZnvWk6DGu
ttL3ySiJdSdIXWoHRZP4hiUfoJHXfcOJPoDTsxL9d8Jm4NdYct6ZtLsK16Yjzzn7VYEp4OtDdQb6
W0deY4QBkhje0VOCEfivVD2hcySdHckJZXNvMVfFQHXEtWp21DkDva28WUmDSMaidHura90X0KUI
8qyutO92nrOnzx9fdMPULUk6fPybeZ7w0I9vIWEhD91betj/UOX4vw1Aqb6dNT6x0RmBai1Ubw5g
eWs8dAVzii3Tf0+krbo03zWeVX8fTOUo0EEtFOruZt3pbdrdRoOTdH3Jg6cqOanN1IoRGQXqzci7
wchUQeERQi118yJvkS5r072LK+r3atWfIl8mObqsrUacah7JrB7aX+nS1IWWllXtQe9KDLK9eghh
z9h0L/psZ/oTdUNa3YtVt3PfQgkvy2tmW8yK5144twP29tmPzLEcZY/uPukjxLy6EVM26SO6V8nD
7LKlp1vUv0L9q0ZcT/0b6Nu66o+9UOA+smNb19PB4HWghhWKMO1PvsGgjo6bZd7IKd0BNQPUJhqg
+UgfPC84HaGk8pFiVt/a7ceA1mmUDsDpnlr3fXO9MfToYaRcwPO3jxRnvQP3JfbRDtJTv/BI/5GA
AcyX6WAKParx6Mnp08dvnl8MRFI3abvdVTWiSDc8jLD3I62hQcOh5kz++G8u8bD0
===END CRASH DUMP===
