PocketMine-MP Crash Dump Fri Nov 12 09:02:10 WIB 2021

Error: Class "dktapps\pmforms\MenuForm" not found
File: plugins/MyPlot/src/MyPlot/forms/SimpleMyPlotForm
Line: 10
Type: Error

THIS CRASH WAS CAUSED BY A PLUGIN
BAD PLUGIN: MyPlot v1.11.1

Code:
[1] <?php
[2] declare(strict_types=1);
[3] namespace MyPlot\forms;
[4] 
[5] use dktapps\pmforms\MenuForm;
[6] use MyPlot\MyPlot;
[7] use MyPlot\Plot;
[8] use pocketmine\player\Player;
[9] 
[10] abstract class SimpleMyPlotForm extends MenuForm implements MyPlotForm {
[11] 	/** @var Plot|null $plot */
[12] 	protected $plot;
[13] 
[14] 	public function __construct(string $title, string $text, array $options, \Closure $onSubmit, ?\Closure $onClose = null) {
[15] 		parent::__construct($title, $text, $options, $onSubmit,
[16] 			$onClose ?? function(Player $player) : void {
[17] 				$player->getServer()->dispatchCommand($player, MyPlot::getInstance()->getLanguage()->get("command.name"), true);
[18] 			}
[19] 		);
[20] 	}

Backtrace:
#0 pmsrc/vendor/pocketmine/classloader/src/BaseClassLoader(93): include()
#1 pmsrc/vendor/pocketmine/classloader/src/BaseClassLoader(83): BaseClassLoader->loadClass(string[29] MyPlot\forms\SimpleMyPlotForm)
#2 plugins/MyPlot/src/MyPlot/forms/MainForm(11): BaseClassLoader->{closure}(string[29] MyPlot\forms\SimpleMyPlotForm)
#3 pmsrc/vendor/pocketmine/classloader/src/BaseClassLoader(93): include(string[53] D:\FLOTV\plugins\MyPlot\src\MyPlot\forms\MainForm.php)
#4 pmsrc/vendor/pocketmine/classloader/src/BaseClassLoader(83): BaseClassLoader->loadClass(string[21] MyPlot\forms\MainForm)
#5 plugins/MyPlot/src/MyPlot/Commands(228): BaseClassLoader->{closure}(string[21] MyPlot\forms\MainForm)
#6 pmsrc/src/command/SimpleCommandMap(220): MyPlot\Commands->execute(object pocketmine\player\Player#25167, string[1] p, array[1])
#7 pmsrc/src/Server(1388): pocketmine\command\SimpleCommandMap->dispatch(object pocketmine\player\Player#25167, string[1] p)
#8 pmsrc/src/player/Player(1337): pocketmine\Server->dispatchCommand(object pocketmine\player\Player#25167, string[1] p)
#9 pmsrc/src/network/mcpe/handler/InGamePacketHandler(688): pocketmine\player\Player->chat(string[2] /p)
#10 pmsrc/vendor/pocketmine/bedrock-protocol/src/CommandRequestPacket(62): pocketmine\network\mcpe\handler\InGamePacketHandler->handleCommandRequest(object pocketmine\network\mcpe\protocol\CommandRequestPacket#133636)
#11 pmsrc/src/network/mcpe/NetworkSession(395): pocketmine\network\mcpe\protocol\CommandRequestPacket->handle(object pocketmine\network\mcpe\handler\InGamePacketHandler#110978)
#12 pmsrc/src/network/mcpe/NetworkSession(358): pocketmine\network\mcpe\NetworkSession->handleDataPacket(object pocketmine\network\mcpe\protocol\CommandRequestPacket#133636, string[23] M./p.UJ. ..q...........)
#13 pmsrc/src/network/mcpe/raklib/RakLibInterface(192): pocketmine\network\mcpe\NetworkSession->handleEncoded(string[27] ..e./`.... ..Pz...+7.......)
#14 pmsrc/vendor/pocketmine/raklib-ipc/src/RakLibToUserThreadMessageReceiver(42): pocketmine\network\mcpe\raklib\RakLibInterface->onPacketReceive(integer 0, string[36] ...b...&..[.H..... ....m......3^..V.)
#15 pmsrc/src/network/mcpe/raklib/RakLibInterface(122): raklib\server\ipc\RakLibToUserThreadMessageReceiver->handle(object pocketmine\network\mcpe\raklib\RakLibInterface#23542)
#16 pmsrc/vendor/pocketmine/snooze/src/SleeperHandler(123): pocketmine\network\mcpe\raklib\RakLibInterface->pocketmine\network\mcpe\raklib\{closure}()
#17 pmsrc/vendor/pocketmine/snooze/src/SleeperHandler(82): pocketmine\snooze\SleeperHandler->processNotifications()
#18 pmsrc/src/Server(1615): pocketmine\snooze\SleeperHandler->sleepUntil(double 1636682530.5463)
#19 pmsrc/src/Server(1028): pocketmine\Server->tickProcessor()
#20 pmsrc/src/PocketMine(301): pocketmine\Server->__construct(object BaseClassLoader#2, object pocketmine\utils\MainLogger#3, string[9] D:\FLOTV\, string[17] D:\FLOTV\plugins\)
#21 pmsrc/src/PocketMine(324): pocketmine\server()
#22 pmsrc(11): require(string[53] phar://D:/FLOTV/PocketMine-MP.phar/src/PocketMine.php)

PocketMine-MP version: 4.0.0-BETA13+dev [Protocol 471]
Git commit: 73592349cd29d91b03c2703107db859115a92e2d-dirty
uname -a: Windows NT PC 10.0 build 22000 (Windows 10) AMD64
PHP Version: 8.0.12
Zend version: 4.0.12
OS: WINNT, win
Composer libraries: 
- adhocore/json-comment 1.1.2@fc2f76979f0a44a5f5bc2a2b600d0762fe0e78e7
- brick/math 0.9.3@ca57d18f028f84f777b2168cd1911b0dee2343ae
- daverandom/callback-validator unknown@unknown
- fgrosse/phpasn1 v2.3.0@20299033c35f4300eb656e7e8e88cf52d1d6694e
- netresearch/jsonmapper v4.0.0@8bbc021a8edb2e4a7ea2f8ad4fa9ec9dce2fcb8d
- pocketmine/bedrock-data 1.4.0+bedrock-1.17.40@f29b7be8fa3046d2ee4c6421485b97b3f5b07774
- pocketmine/bedrock-protocol 5.1.0+bedrock-1.17.40@5abbe5bc21d8a9152d46c26578bf5257526612f9
- pocketmine/binaryutils 0.2.2@f883e1cf9099ed6a757a10a2f75b3333eeb2cdf9
- pocketmine/callback-validator 1.0.3@64787469766bcaa7e5885242e85c23c25e8c55a2
- pocketmine/classloader 0.2.0@49ea303993efdfb39cd302e2156d50aa78209e78
- pocketmine/color 0.2.0@09be6ea6d76f2e33d6813c39d29c22c46c17e1d2
- pocketmine/errorhandler 0.3.0@ec742b209e8056bbe855069c4eff94c9734ea19b
- pocketmine/locale-data 1.1.6@216b49b87e20332f0b39d1717e1e2012a40074cc
- pocketmine/log 0.4.0@e6c912c0f9055c81d23108ec2d179b96f404c043
- pocketmine/log-pthreads 0.4.0@61f709e8cf36bcc24e4efe02acded680a1ce23cd
- pocketmine/math 0.4.0@6d64e2555bd2e95ed024574f75d1cefc135c89fc
- pocketmine/nbt 0.3.0@98c4a04b55a915e18f83d3b0c9beb24a71abcd31
- pocketmine/pocketmine-mp dev-master@73592349cd29d91b03c2703107db859115a92e2d
- pocketmine/raklib 0.14.2@e3a861187470e1facc6625040128f447ebbcbaec
- pocketmine/raklib-ipc 0.1.1@922a6444b0c6c7daaa5aa5a832107e1ec4738aed
- pocketmine/snooze 0.3.1@0ac8fc2a781c419a1f64ebca4d5835028f59e29b
- ramsey/collection 1.2.2@cccc74ee5e328031b15640b51056ee8d3bb66c0a
- ramsey/uuid 4.2.3@fc9bb7fb5388691fd7373cd44dcb4d63bbcf24df
- rhumsaa/uuid unknown@unknown
- symfony/polyfill-ctype v1.23.0@46cd95797e9df938fdd2b03693b5fca5e64b01ce
- symfony/polyfill-php80 v1.23.1@1100343ed1a92e3a38f9ae122fc0eb21602547be
- symfony/polyfill-php81 v1.23.0@e66119f3de95efc359483f810c4c3e6436279436
- webmozart/assert 1.10.0@6964c76c7804814a842473e0c8fd15bab0f18e25
- webmozart/path-util 2.3.0@d939f7edc24c9a1bb9c0dee5cb05d8e859490725

Loaded plugins:
ChatManager 0.0.1 by  for API(s) 4.0.0-BETA5
DEVirion 1.2.5-ALPHA12 by poggit, SOFe for API(s) 4.0.0
DevTools 1.15.0+dev by PocketMine Team for API(s) 4.0.0
MultiWorld 1.7.0-beta2 by CzechPMDevs, VixikCZ, fuyutsuki, kaliiks for API(s) 4.0.0
MyPlot 1.11.1 by Wiez, Exxarion, jasonwynn10 for API(s) 4.0.0
NotificationSystem 0.0.1 by  for API(s) 4.0.0-BETA5
PureChat 1.4.11 by 64FF00 for API(s) 4.0.0
PurePerms 1.5.0-legacy by 64FF00 & ProjectInfinity for API(s) 4.0.0
SimpleNPC 3.0.0-snapshot by brokiem for API(s) 4.0.0
Sound 0.0.1 by  for API(s) 4.0.0-BETA5
TNTManagement 0.0.1 by  for API(s) 4.0.0-BETA5
Tags 0.0.1 by NhanAZ for API(s) 4.0.0

----------------------REPORT THE DATA BELOW THIS LINE-----------------------

===BEGIN CRASH DUMP===
eNrtXHl320aS/yq99LyJPENQuA/OOrEiyRPtWhbXkuO8CbPeBtAgEeEKDkl01t99q6obIEjJjuPx
zOwf9ktMotFd/au7qgH610lS1jlv39yIuknLYjK3p5M2zcVkbriW6/qmY+kzx3F9z5lOukre8q2Z
79qGawamEeiOY04nGW/a07ou68n810m7qWDWRF5PJ7loGr7CkWOY1rDlJL5ueVU1y2WV4/7w5VwU
3TP4upywomxZUnZFDEuTLsuepRmuPZkvl8+eX1x9D6uybpUWuGqzyMp2uWzqaHuhKF6meZUJOYiU
Z9W6QoqSmiJxKO8fAoH+Ky0/3F8NK7O0QLHoIKCaR/D1x8kjnVU5rr0RRVzWh1UZXYs2h4mHEbKa
lTwWNVH/ljeC2H9OYweB9XjO0iLKulgcPAbyj4xPpuUjrb1B7WtcQAMHTVunxepHM/iJ/YaQCIjJ
fks65zwtcPqBYTy0869RVjZdLd793p2tzyNOtatj/cR+r9X0nKG1ECT7H64V455sehAEwPmANo7L
POdF3ByYpv9xiviNzVzFLf4fSeLKFdRW57yCzXTYrCfTY9C+Fnci6lpxUIY/i6hlW1Gh7PlG1Mvl
gj4fmY7helOmQAGmasp4XfMNfCcc3gjHpaghOh0Ylo88jqkqhL0xbSFqX8dpU/E2Wn8SGILgjyDI
FYdyASCxvD0kEuN2WwXl03cPRrsXor0t6+vDPKrE4RrIZoDlrPgrz8WCI+Hv5NiBe09Cu5tpX0dr
3g628BM7lJsZ7w9joYhruNKqumzLqMwIkOLupfilE00rMRy45t7eCvZyibiXSwV8uXwAufa1vLtL
+CHp7RHtYQ1muIPpEWgKspjk0XifRF/Ii0vIUpABD6zA+TAjH96zZ+UjwH9IIoBXDzxfQjc/Frrj
fxj67vwe6glvuVLiZ5L4YM8mhODz2WE1e/UfMzab/TLb/pGsWe9jrebXWRoevuTXz9PwrGhFnUDS
PTAC81NYPC2iMhbxYPreT4BGzA7/B5HA18Vb+PyztwPt/ZFfYtPSSuKWGK/KV42or9a14PG5rHhe
ikikGLvs3wAtCS6Xe9xqX5eFlKuidJDCrZWomT5I2HKRlVkI//9xNvtx9t1MsTSb5ZIb679ns+8V
T87vFbeJyHt4DUW55RIY77F+gOvf4Qnv4f+RaTkgOkLuvlcbTVGWb4VMFZkQlaj7eGiY1ifK/SPW
bHOrBOh9AkB/3y7kVMgnO/MADwRhkO6Lsk2TNOItmHaj9vUfSJWu4Xwk4QavXxVtmh3EZRdmgo3r
ftu15CbBA5vopv+eLNim0fVCIi5rCdPURxQWtOYc1hxYuvEeIm/eRMBkW3fREJb26ptH5pQ9YFsd
MKPqmuflCrzlkTV4S7BTEW7TrvdwpSihG++Bbtr7QpaSkatU0JYlcg1BMq13KtNqzev54eHJ/JB2
HVHWzhczvLu3oSxJf3o3nYh/QKP1d7dFgEuufpMWN2V2I3JRtEAyBr6jdtLfhRG5HEYwJiMbBgz+
+zeyPzNxiYDaWkkrat8gl80T4/Ff4LYFtwtIllBmRWK3lMXbNtyGDwc+ukaw97OPk101q6ciP/GO
t3enH/fV+PtLLJwVSBCGDp88bLBbbBl1C2xffkzctRAvGtbjYjQBRdew0bRfkR6Kadke/ulP7OkN
rxne/N8CGmT2hwq+sj8d4iSTJmGWBqmLWN5DVIalYNlyBjh7GrGkKyKMJmzsbtJK2R/atM1E7yRw
CWBVnc7+UFYUhKYMCgEZCGGsuOzCPIVJ3+yM4lfBnjAE+1jy4hAIgAF6Ltr5fLx9v6/acLvVdgMk
4SoSy3bY4ptvBoYOpD6Qf/x8zObspkxjubs3LIXFlaqNV6JVoe3x/UJezZoqpcznMPsMAPMCsuRj
WvycF6sO3E9dHiwnqj+ZocEuJ4+nDPgTZMaGPyB4h5eBuqSbpk5X7ybvvhw1fDlq+HLU8OWo4ctR
w5ejhi9HDV+OGr4cNXw5avhy1PDlqOGfdNTQ9+wNNunHkM/PeQFeR0cP2NPgQcNodDoZniJP9Jk+
M2CEd+26rIHAj0CNVym2Mjbc07VvT6+OHNxDFByMIZ7MsTuaQvNfYUcsVzRl0p6MB3JORwgvwN+P
/gaJYbu9VAMeSIDGYMri4vLq9cXL5ycwdCvCJm0RL/ZUJ6ffpzXBHNgYhsY8GDNz5mhHzxffHUFb
PeZlUoG2UzzCuLx4JiZ7rH0qU5LocnlDUJbLWPTfRvAUd5dXRy+vXi3u8yZursoya8a89UO7vBnO
TP8zbLHL2NYG2JXg+edirccArGzRfICVddtWDZgsyGPdhTOovkfWeTjQAIbPu6xNX5d1Fo9YHg3u
Mu2B4YWi5XvqPH4rovXiHOgiru/Tu/T6+G/0+sGma5vuOoXv1zxL0+vmc0kkwi2rHBQAQskR7y3i
BSseY/+gLT8gpBEjhyNCKCd56DaSUX8Kt2MUxp7XTl6n4i2MnN7dcWWBP/OmLG43RWHof58wJqcQ
dst8c7Q4m0zHLkigL9tNRkHllDcbVQAedW2ZpFk22cpx9/Dutx1knNcuN00r8pFMHrj5Lwhq91F8
fGxbQJmAQXHE1DC0q2oblL2ratd+9kz/fTol4gsB3f3kvnqfcTqJayA/w0Y/QDQru2ZxqvXjIy2+
kXtD96jAbr99ghcQKHWSMZBRwpFgd6Ujx3bFA9FRy8SKR5uHhMT+yIArrAfOiiQt0nbzueLCjiQI
2OjrZ5CFpAPCkAcZLxbHI2Fsx8bCsMi0m4JXzZpcbCSOsC6vU/HZ8oQih0UkFv5jPL+XcUXqcEsD
mabHHSOG1eOPf7qP08Yf79ZXL65kmSMfqgz4d8f/BXzsAPgd/PDV2Anp8sPo1Y6fy9AG/LDzx8F+
wMQUpHf46IvXwAo0dXtVVF9gE0581tNQ5MN6uqyRrI+cYjkSRjlv1+ORiGeAG9aOx8r8TVy20Cju
jKoHgduBrs7G1zFvd+5DEm3FDuFVXo0v17zZwZJCqr4ZD/zckKKG6zyUDcfOWFm3Sp1QS8MAPi8B
huLxpCralcNLkWSCEsR4tCGJNrtDcdrl45HLxfOd7TfNLxm6e/+NDbfa8loU6dtdEWx4jkIzoexH
23ubVrImCmY2XkIrPp4Nl3f5rpBLRGPqumUYZgADi5OLHU7j8g0h2R+EoXRXPyVYbNPsTJRx7Ifz
HRb3EMAlno7ssgWDt3W6p+6qpXMUFKj0I0C73jO1dVdcU4drkgotkkq6CtOC1xvKC+bMRUmIG5HF
oZqEpKJ6U7WlGlDCikGv0grRGnT1zDktknLHDON7Gkx3lE6issZDtQBrR7daddK0evp/A+9hF4uI
R+uRcNFZ15XaF3cUhah5Ni4Jxt6LnskbsX1BehQ9DQvvdin2HjqIpnmD/ZQKQ/3p5WRuewZsk6LH
epYTmJYdRLEZxIER6lZkemAvuheHvhMYhsMDU5ixFqd1i5VHpzC9Tou4vG3Yiyu2OGYGIGC0MTPB
3nR20N839Mfs6PzERYvFB+ojOb0V5Av2YALr6k2JBvD67MWLKzQ6vLilSAhhpiobUb8BxdVQ+AsK
WTxeA0e1OETn1/CRiHzEb6B7P00iM/HcwAsSnds2dxInjExuhq6ux7rnmonQhecLD2VWp9H1oYp3
+iyYWU8j7nix4Se66Se+nXieF5qG60exAVIJ9VgIkJvFBQUzUAYEEojAECKzkEfX2g10ZxDk8LUI
kNl1Ud4WT9UnWtqqLptGHALLvCnwOfqNiab61NTNINAtK7KcxLZ0XYSu4wpP+ML3o8QxYyN23cDG
XSHk1qIRvI7WxH/Oq4p86oYM4qkfhpFuGtwXcWgKm3uCm4nPYzvhgYiCOBJmEoU+VhsPPPQA7FyV
5fqf+0GQqzez9aeJGYReKPyEW7rtxqYQduTapmH7Thh4oQWS1kFg9sOkt4Y4cdAz7pF3eBgKVJYR
+zwwgGvbjUzX8fwQROB4jum6hpkEe+QpDFB8ICWaaAK+bwkjSgI9CETscs/xuKGDHDwntOCPEKEZ
xfuUHlQiAAWrcG3P92wwKtcNIw4ydXzfMW1T+E5kgu84wo8ch9r5hx+XKmj6UzsQID0rCCyRxElo
gQtaOria4bixowNp39QDsM89SmVWbmnoQShcwd3YcxNTWFbs+gaYTgDOHJlmBFIzPGHEe2jobR31
AKaPkU9F5NlmiFv6uuOC/H3H0d0gskWSBHYUeJYtuBGEu6SyEmuCrbEYM/cpeEloB6HvCRMM2Ux0
4C02PEQCI4bJbV337Cjap7QiLDZicaPAMCM9wd9yRD4wAAHJFxFYvxeEgZvYuh3ptnWPgjbKIpKU
ayQe8hQlFigsMm0BDAnd5FEM9uDr3AA3sKI9JxgCAZGIXVuYjuOEYOiBI2LdtB0PIoITw+IkMizA
GCR7/BRhO8g28COb63YIhgHWLCCo+FZshXoE6gtN8EyDh6B9Y5fC9qtGpRCEci3n0H3XTz82au8S
lKf3Mh/Z4BzC4r5rGGDPni6MhEeR65qOboOO/MS2PQEBJOQieogKPgBSmc14Gpgmd23bBo7cyIs5
5w7+51smIAKtR7Zn+VzswZHH8n0mf6rzyIeIDXZvRLYRcCMBsYOP2bHjWw5GYScQJhkgVLaN2KAv
bAszg/w9gj+eLYQjLNMHgYTgTbYeOgbYtBA+CD103UjnWyJdl8okBPEXMkYQhl4SOpbvu4GRxJ7l
gXHYdhyFduzC6igx7TjB5esubzjv198P8c0mT8piA2rMNnhEpPU18Q1ARasA74wDxws8EUAEsvwk
jk3QpBtYoZNA9hEuCBQs7CFakDd8faBlPDUMKPJsS8QGKt7iQC3gwjAhwkMKAY/UTceGiP0+WsYI
l4DgagSJFaOxJ5CIAtu3Et/QIzuyAJTlml4Af8tmJC/f8ro9hPgmapV6Mfm4gWtHHliDr9u+YXPf
NsEIhA46jg0n5KGeGD541Q6RCtxOwwBORS9iiQMrSDwRg+NGYBJhGESYeZ0o1J0YciJgC3QPyFDL
M9jWbENl6COGfRSDTiFJV11N51cMizyWlDXbqaqWxSN2tYZ0yhrRttA2NIzXgrVrwcpCNPCFtyzi
Bb6iGIr+bZsYvjD55GMGWQ3SbwuVCdK6LHNYmSCBfZoNT8SUlXCnbpAkCyFkXbNN2dWKFksTlkMz
kaS0A1Q4+MZitkHCL8TtQO4QSljeZW3Dbsviq5ZhAcBrBj1qCREsxTS2QYTtOm0k37drUbCuWtU8
BgKzZbEsemLzZcHYo9drgcBYW8IuUK0CCfWgCGQANU6DJXMsbxNUmQEYyDMTLckLnxJEgskEgyM5
UgaJR0LL1Ctpc5bwrBF4o1l3LVSKhaZeFp2z5eR82UHpY2xYtF52hhAea/GTGzmDO4Zh4P3EAg7Y
8ZrmmsglfdOLNbsDpjNcEXspu6HhiIVEwgGQKX6LvIIVcsXm35YT4v4oy8pblqUNSqR/94jdpJz9
VyfqDc75Bb9o6taIjUen1PSrRQyYZ1iZMjALkDySCzdM6QvnyzMCbbg9JvUa3BLMDpTH45hBkSd1
jLrDx4ssFxyfvmKxy0CzoUDUoAHxS8cz1M0qvYG5UL10gh2oTZmpP0bqckeh1aKCblgD3eJzwjnc
pr1fdHkIagXTPWo2RXTFm2uGj4DBWGc04VUD+kf/6TnFaeu6LMoOTASmN1NGTw6YbGTQ6aYM6/da
vpdAsgGnx7G8K9S5siR+STYEPIEp1+VdCmYsQAzAErlHMYBD2SpAZwk6BM5Bw5+ytP0KxNfWtCwW
+Nop2eXeYnYAPOC7syaJhdjQFKdzIrXvEJyso+6KAtUZY5NZVqQE6nyaGTsRN+o7y9PVGiJGzZv1
dOzhynJQInXdVa0clQJDweSATfFFygXPp7Ymll7H6Z3RrnkYAdoI2hz0FilY12xkaFg9yElzeusT
XT8XsNtGOv5fszIE48HjKSbHwQ/ytMX4kYsVDzctCJxdSknrJNu0QdK0/AqVdpuS4MmgIDDcapJQ
b2MNMZikgBCiHoAviFZSC9FvKW0clNVhKGCrEvRUYphBo8CNVgRTI2hzpiMXsDuFeVn6/b/nAM/7
PoR/zev478PftGVFEFSIHiApcg2D6FFhxo4HQLhrj8qAAlcBoxjwmpxC4Wu++gwIyS0IEgYMFnU1
vnQNji5fo0TjLiVk6ZCYEIfZ4i4SIm62HMm4dXF1OmdX351dsudn52dX7GixeH52eskWpy/Z64uX
/3n6cspgEru6gFmn7PV3F89P2eLlxfHp5eVsPwLsyMN0XCWOhajTkpI+xuEGGYzWgiIySWOItQbI
HsqOmEILTdEgEgoZZYnUcVkAnxCfwZqQ3/cZmzSy2zVmb5AJRiA5jShLIhB5t3G8d27Y4wJTCNYS
tGB2fzbagjqsBrVVIsKSQ0oW4Uq9yrUDD2Beomq2rFq64rV5/DAkxbmlOF/xOgTP0LbVOwWgh6VL
roZw1CqmVkHoznnRUYEzRgLFXwc2+Hjap4R9I+zNUGbXJAFakt9864IzdiFDvjR4qFDKLosHLCnk
kNuCbfE3knBF8IFRV9cVr7DbMwoW93IkmY6kMPCW1GXe51q5Ws3QxqY51jByozR5zzbYAya1Yx2X
fVGKKqthJzRDZchxl1eygpNlIlM3NLzR6+sEJ6kFhJ1g9hzAFWR5cHb+gIAhZ0Pegx1uwMiaphMY
GNo1aG3VV7QYtHC3Lappr0hZIqjCdSbR4NT3yinndxqdHjc99mNe4WiadzmkWMiuNRKnX0+gIpl8
eVii2MoV/UWJkjzmvo1BQV8pRLShhpV2BznXHjR2Uspb+zaNpRFGPUlfTu5dSNJSE8ecUeGg0Yny
wNsJQKFSBapHlB6gk/WFpFLRW5VMrpEcbrmDZUqekp9+Z5zc7ysFmGGroeh+mNSH7HBZqFcM5ypF
QGW2LjNZYYb4OjlV4gQZiiYwIZVkKLbJ7krdlaklFEOtKdPbo7GW+lsYVutNi8SnTDNGCiTl0cZa
24NRKYCi9raMpacMWEHGknPsl6jOx8UwqGDN2HdQCoItPaHajh0vXk1hLWAIwb9u0xjMnmoFGT0H
+hrRnzO3r7q3BXlD0hnNnbGjGALVmmfJIbSrskuIBdiw2go2ZXj+iAY2csRt2hsR22lq7jCqYYXJ
sxlDEK8WxaKvtbdNJrYSCOoW0iYu7Kqi0tT1XnNzrryuSd+KQZ9YlfdqbDDhqZIJqnZpHqPUagem
XPR4xhZqTcbrFS3gqttVtkA7JjVfIQugExBbU2VUsWALmwN4dHZeo56Os5R+5oY9eS3f7GbnV68I
aQMsIdth19LPFEmV2+1kbzHrY03edhqumhPacXsoCnoURb6eMDx8gFoICtaeTeixkySNZoyy1Jpj
EYA/wcNf7MEa0Ab9+zgQpqaEBZR2Q6DXKAmIuhSIIUVzCueNVKksJWBuq2wUORHyDEKFOtVMnVxQ
kXRydnn0LdRHVE91BdkQBuwOIyU9NJVFQorGqH5eGY/bjS2fW1+PRdit5n3P9jUzsFdTJesawhXd
Z+oYoJEHF+jNRVPK5K08wkBiErWkdrwu8cd2t9tWTfTNOEVxPJ5mDb/pswV8hc5b/iwE720DGwKj
p2WyaFPnPj+XaSEPBEhSX7EfwvIOPb9mZyfs4IdXZyePQe/g9oAB5t+C2lAx+HoROAe2cHWs5CPL
D/CGcqu7Arz9h2+f9/RVezca+Yo2o5+Z0tELqleVIsRb2Z9CqTR6B/g0fFXhSZkktC3cS5ONdtel
8VYhJE9t9wDoik5wpKvJf4pJyoAivfKrrlEnSREEkVaGWbVGk2vmTD2DxW1kClHhUe2COZAXq6FH
KXBZtp+Kp/2sm1TcakOCfujQTQr3KC87jB6JzHUqmIDIetFibsfoSCchoH78TskZFr+kVD1aTIwX
QnbeoZDEQpGg7zcVvyWjQBtVPzVC08Lh3aQv2ceNBvYhBjK+D1W95w67CcinD6HUH4bJa3x3h/He
3AFsvxg/BzTW3gFPmJURuW+TxjJnID8cdAoG13ThWAorTKIwQ8QyddLFkNropEkZB48ikQnqFKR5
065Zeg1bYJ9MkSjjwPqqLm/btYxjsAVna0ltFOTA+5tWpmQCq6E0emjaVjSStbOTZsQXhmnUvKTG
5APagU114tSXObRmR0lAT2MmewQwoVXeKnJ7qjXocnZfmSp43fKUullIJtDqSSuqyqrLerdRF5jv
aY5KG5aJG1IbhFzSTphxMXJBSaAaDBxR53hzVergsSM113JYVgrKsgDINkLH26CHnqnhb4T2hobA
sDusXlYY5XSIB5p8G2mYuQa9zSWUWZXn1SwtCTGEuk2OzSG4covnrFGzhY5pSt1n2/vEAoU5vlrV
YqVOFNXxozxmwV8lX+/zR/gg1lycXOCvEDSVFGR9gOHrVsgOhIOT39KODQHfMkBjs9GDBcjTg+S7
Ct9iksq5J1RQqLyvjAkqIXxDgXLZKN8c4/m/GB/lTSE5VGsObiEwsteIoa9LIWMkoobeQ8O4WGAy
xFl95pJ5g+8cDKrXREaptoMKHCobiqx9AFPkSMfyfr/DPZ1KrsZKbdN8mz9ULkaiOB9tHtMF6hCD
OG5IJ55qUX+6PdtuoO6Md+jl9uFsr1KJ1KO0/9FJkqLB6Lf8s/GZ0VoNygBXD32Eig14Ag+tWkxF
UJoMhPBRfFfLZzoYa/qDFBl3gZ6KTX22hYqMN6pLg8Ka49tT6grLH8CodDXvlSbvgYXiid6c/Uh1
C5SsUzri+wmJyrQ8pO7xsyZiA+vomsI7HqLI0IU2JdoHsyhFZ2oeG+oXqPnG1/arTKgSYAxf7kvj
8itQRCewdZlRtzvO2bPnR1dyEBsNgedqf1Evfkyd4A44KsTUusP3jKYUcv+i6jz5pGV8ZCFdGNMc
iFadKPJOWZ18R5rJX0/hv/cgo27fp9XDIxoKKUAHklFEz9maXk5a/3wHTEAW9Y+eUSyhrWj+DhGq
itXIm9GIRtXlqOyT/3AEE3cQ2RrV4kbX2CQ11M5BaAtTaE82soyjechviv+wQybzhHQVySXRx1ez
eivD57v7OsUHoYutho/paSg9DlxCyfLoNfD+orxhhs70YG57c8Nlr8++ZaZuGjihf2T3REB4heu8
bOMn+NyMe8mySxLTpb8j+ptGLJv+dnG2RKOhLz4xAgPy2u7gjUvDFg6r1iGtYBCMH0Zu12krNHwe
pwawuVKl3BNTx5EVx6OFWDwhsPIp4zAG1S+O4mEuPvPpr6ubStGLU+y2wMA3TwjZYK9D8ntCMqBC
GevvJ/JncvW2eBbxaAo+4n9ycvrs6NXzqxFL9NCw351yB7qywrBT2z6REhoV8DRn8u7/AMud5qQ=
===END CRASH DUMP===
