PocketMine-MP Crash Dump Fri Nov 12 09:26:34 WIB 2021

Error: Call to undefined method pocketmine\player\Player::getLevelNonNull()
File: plugins/MyPlot/src/MyPlot/forms/subforms/WarpForm
Line: 37
Type: Error

THIS CRASH WAS CAUSED BY A PLUGIN
BAD PLUGIN: MyPlot v1.11.1

Code:
[28] 				new Input(
[29] 					"1",
[30] 					$plugin->getLanguage()->get("warp.formzcoord"),
[31] 					"-4"
[32] 				),
[33] 				new Input(
[34] 					"2",
[35] 					$plugin->getLanguage()->get("warp.formworld"),
[36] 					"world",
[37] 					$player->getLevelNonNull()->getFolderName()
[38] 				)
[39] 			],
[40] 			function(Player $player, CustomFormResponse $response) use ($plugin) : void {
[41] 				if(is_numeric($response->getString("0")) and is_numeric($response->getString("1")) and $plugin->isLevelLoaded($response->getString("2")))
[42] 					$data =[
[43] 						(int)$response->getString("0"),
[44] 						(int)$response->getString("1"),
[45] 						$response->getString("2") === '' ? $player->getLevelNonNull()->getFolderName() : $response->getString("2")
[46] 					];
[47] 				elseif($response->getString("0") === '' and $response->getString("1") === '') {

Backtrace:
#0 plugins/MyPlot/src/MyPlot/subcommand/WarpSubCommand(53): MyPlot\forms\subforms\WarpForm->__construct(object pocketmine\player\Player#25155)
#1 plugins/MyPlot/src/MyPlot/forms/MainForm(31): MyPlot\subcommand\WarpSubCommand->getForm(object pocketmine\player\Player#25155)
#2 plugins/MyPlot/src/MyPlot/Commands(228): MyPlot\forms\MainForm->__construct(object pocketmine\player\Player#25155, array[23])
#3 pmsrc/src/command/SimpleCommandMap(220): MyPlot\Commands->execute(object pocketmine\player\Player#25155, string[1] p, array[1])
#4 pmsrc/src/Server(1388): pocketmine\command\SimpleCommandMap->dispatch(object pocketmine\player\Player#25155, string[1] p)
#5 pmsrc/src/player/Player(1337): pocketmine\Server->dispatchCommand(object pocketmine\player\Player#25155, string[1] p)
#6 pmsrc/src/network/mcpe/handler/InGamePacketHandler(688): pocketmine\player\Player->chat(string[2] /p)
#7 pmsrc/vendor/pocketmine/bedrock-protocol/src/CommandRequestPacket(62): pocketmine\network\mcpe\handler\InGamePacketHandler->handleCommandRequest(object pocketmine\network\mcpe\protocol\CommandRequestPacket#118031)
#8 pmsrc/src/network/mcpe/NetworkSession(395): pocketmine\network\mcpe\protocol\CommandRequestPacket->handle(object pocketmine\network\mcpe\handler\InGamePacketHandler#115214)
#9 pmsrc/src/network/mcpe/NetworkSession(358): pocketmine\network\mcpe\NetworkSession->handleDataPacket(object pocketmine\network\mcpe\protocol\CommandRequestPacket#118031, string[23] M./p.FC/..5d...$.......)
#10 pmsrc/src/network/mcpe/raklib/RakLibInterface(192): pocketmine\network\mcpe\NetworkSession->handleEncoded(string[27] ..e./`ps.?..4...'*._6..10..)
#11 pmsrc/vendor/pocketmine/raklib-ipc/src/RakLibToUserThreadMessageReceiver(42): pocketmine\network\mcpe\raklib\RakLibInterface->onPacketReceive(integer 0, string[36] ...s..[..`$"nF.ik.C..*.@.}.....k..+.)
#12 pmsrc/src/network/mcpe/raklib/RakLibInterface(122): raklib\server\ipc\RakLibToUserThreadMessageReceiver->handle(object pocketmine\network\mcpe\raklib\RakLibInterface#23564)
#13 pmsrc/vendor/pocketmine/snooze/src/SleeperHandler(123): pocketmine\network\mcpe\raklib\RakLibInterface->pocketmine\network\mcpe\raklib\{closure}()
#14 pmsrc/vendor/pocketmine/snooze/src/SleeperHandler(82): pocketmine\snooze\SleeperHandler->processNotifications()
#15 pmsrc/src/Server(1615): pocketmine\snooze\SleeperHandler->sleepUntil(double 1636683994.3996)
#16 pmsrc/src/Server(1028): pocketmine\Server->tickProcessor()
#17 pmsrc/src/PocketMine(301): pocketmine\Server->__construct(object BaseClassLoader#2, object pocketmine\utils\MainLogger#3, string[9] D:\FLOTV\, string[17] D:\FLOTV\plugins\)
#18 pmsrc/src/PocketMine(324): pocketmine\server()
#19 pmsrc(11): require(string[53] phar://D:/FLOTV/PocketMine-MP.phar/src/PocketMine.php)

PocketMine-MP version: 4.0.0-BETA13+dev [Protocol 471]
Git commit: 73592349cd29d91b03c2703107db859115a92e2d-dirty
uname -a: Windows NT PC 10.0 build 22000 (Windows 10) AMD64
PHP Version: 8.0.12
Zend version: 4.0.12
OS: WINNT, win
Composer libraries: 
- adhocore/json-comment 1.1.2@fc2f76979f0a44a5f5bc2a2b600d0762fe0e78e7
- brick/math 0.9.3@ca57d18f028f84f777b2168cd1911b0dee2343ae
- daverandom/callback-validator unknown@unknown
- fgrosse/phpasn1 v2.3.0@20299033c35f4300eb656e7e8e88cf52d1d6694e
- netresearch/jsonmapper v4.0.0@8bbc021a8edb2e4a7ea2f8ad4fa9ec9dce2fcb8d
- pocketmine/bedrock-data 1.4.0+bedrock-1.17.40@f29b7be8fa3046d2ee4c6421485b97b3f5b07774
- pocketmine/bedrock-protocol 5.1.0+bedrock-1.17.40@5abbe5bc21d8a9152d46c26578bf5257526612f9
- pocketmine/binaryutils 0.2.2@f883e1cf9099ed6a757a10a2f75b3333eeb2cdf9
- pocketmine/callback-validator 1.0.3@64787469766bcaa7e5885242e85c23c25e8c55a2
- pocketmine/classloader 0.2.0@49ea303993efdfb39cd302e2156d50aa78209e78
- pocketmine/color 0.2.0@09be6ea6d76f2e33d6813c39d29c22c46c17e1d2
- pocketmine/errorhandler 0.3.0@ec742b209e8056bbe855069c4eff94c9734ea19b
- pocketmine/locale-data 1.1.6@216b49b87e20332f0b39d1717e1e2012a40074cc
- pocketmine/log 0.4.0@e6c912c0f9055c81d23108ec2d179b96f404c043
- pocketmine/log-pthreads 0.4.0@61f709e8cf36bcc24e4efe02acded680a1ce23cd
- pocketmine/math 0.4.0@6d64e2555bd2e95ed024574f75d1cefc135c89fc
- pocketmine/nbt 0.3.0@98c4a04b55a915e18f83d3b0c9beb24a71abcd31
- pocketmine/pocketmine-mp dev-master@73592349cd29d91b03c2703107db859115a92e2d
- pocketmine/raklib 0.14.2@e3a861187470e1facc6625040128f447ebbcbaec
- pocketmine/raklib-ipc 0.1.1@922a6444b0c6c7daaa5aa5a832107e1ec4738aed
- pocketmine/snooze 0.3.1@0ac8fc2a781c419a1f64ebca4d5835028f59e29b
- ramsey/collection 1.2.2@cccc74ee5e328031b15640b51056ee8d3bb66c0a
- ramsey/uuid 4.2.3@fc9bb7fb5388691fd7373cd44dcb4d63bbcf24df
- rhumsaa/uuid unknown@unknown
- symfony/polyfill-ctype v1.23.0@46cd95797e9df938fdd2b03693b5fca5e64b01ce
- symfony/polyfill-php80 v1.23.1@1100343ed1a92e3a38f9ae122fc0eb21602547be
- symfony/polyfill-php81 v1.23.0@e66119f3de95efc359483f810c4c3e6436279436
- webmozart/assert 1.10.0@6964c76c7804814a842473e0c8fd15bab0f18e25
- webmozart/path-util 2.3.0@d939f7edc24c9a1bb9c0dee5cb05d8e859490725

Loaded plugins:
ChatManager 0.0.1 by  for API(s) 4.0.0-BETA5
DEVirion 1.2.5-ALPHA12 by poggit, SOFe for API(s) 4.0.0
DevTools 1.15.0+dev by PocketMine Team for API(s) 4.0.0
MultiWorld 1.7.0-beta2 by CzechPMDevs, VixikCZ, fuyutsuki, kaliiks for API(s) 4.0.0
MyPlot 1.11.1 by Wiez, Exxarion, jasonwynn10 for API(s) 4.0.0
NotificationSystem 0.0.1 by  for API(s) 4.0.0-BETA5
PureChat 1.4.11 by 64FF00 for API(s) 4.0.0
PurePerms 1.5.0-legacy by 64FF00 & ProjectInfinity for API(s) 4.0.0
SimpleNPC 3.0.0-snapshot by brokiem for API(s) 4.0.0
Sound 0.0.1 by  for API(s) 4.0.0-BETA5
TNTManagement 0.0.1 by  for API(s) 4.0.0-BETA5
Tags 0.0.1 by NhanAZ for API(s) 4.0.0

----------------------REPORT THE DATA BELOW THIS LINE-----------------------

===BEGIN CRASH DUMP===
eNrtXHtz20aS/ypzdOos7QoQ3g9uyWdFkjeqsyydJa9Ta7q8A2BAIsIreEiiU/nu190zIEFKVmzH
dXt/ONm1ycFMz6/f3TNgfpukVVPw7sONaNqsKidTZ2/SZYWYTE3P9rzADkNHdy3Tdqy9SV/LR1ao
m2bowjPfgw9h6O5Nct52J01TNZPpb5NuWcO0ify+NylE2/I5jhzxPGddxfoyEWlWioQVoltUCaur
+Fp0BQzNZnXOl6KZzS7o7+l0LrqX4kbkr6ryVZ/nO7tAMoUPL7IcaR5PZ7MXL8+v/oEr+3lWtrPZ
2fIir7rZrG3i9RdkFZ61faQ+veVN/QI+6vWiRpqSniKyL5ftA4nhIy3bH9bvD8thaQ7AJ1PbB+E1
PIaP7yZPDPZpSkAjroqClwlRueyjI/l1x7V3p+wPEWvPPnyIq7Ltmj7udqroFxF3j8jwieWaroty
e2KyP+LvjGcl7rFjmyMoa8QSxRqy9gwURAu+BIf1CA5FuN2xrOC+NAZ8XyWDPcabhi/fWfZ7gmGz
usCd8f+DRi6zos6FAnHGa4BhjGAM6LRn4k7EfSc+f2/AmpXzd+Z7Vg9ATInDGeG4FA24445pB8j9
mOpKA9sQtWdJ1ta8ixdfBYYguCMIcsW+XABIbH8LicS43nYw36/e3RvtXorutmqu94u4FvsLIJsD
ltPy77wQFxwJ/yTHdrx7EtrcTHsWL3i3o/ay3rN9uZmvNrsRZVI1+2sC+5FIGvim1U3VVXGVEx7F
3Gvxay/aTkLY8aytrRXq2Qxhz2YK92z2AHDtmXy6Sfgh4W0RHWCtrHAD0xPTDAzwWmQx+JQ8X8kv
lxCTIeDv2KH7OB+Pbzlw8hnYHxMIIIck4xDy8HORu8HjyDfnD0iPeceVCr+RvFfGDEGFnen7tf7i
aF/X3UTX9R90+Y+MvcanWGv4dZ5F+6/59cssOi070aSQRnbM0PoaFk/KuEpEsrJ7/z3TdaHv/6tu
9f/SdQfwPP2L/sHTddMYoJmfdAmJTctqiVtivKretKK5WjSCJ2cyvb8WscgwcDl/AFoSnM22uNWe
VaWUq6K0k8GjuWiYsZKw7SEreqvr73T9Xz/MJuULPbvWj3T9L/pz/XcS9bWu/1UxZX2pvC2EPuBr
KcbNZsD5APYRtr/AEz4hgCeW7XrSB0z7k+poy6r6KGSiyIWoRTNEQ9Oyv1Lwn7Hmtziv2r4Rv+9I
gM5XAAy2DUNOhWyyMQ/wQAwG6b6quizNYt6BbbdqX/eBROmZ7mcSbvH7m7LL8p2k6qNcsFGZC394
chPvgU0MK/hEDuyy+PpCIq4aBdMfUbigNWewZsc2zE8QeaCW+ZG34gjq6vZlxRPMnHvsAdvqgRlV
Fb2s5uAuT+yVu4Tv2ag6Xiddf2N8VTVL6MEnoFvOtpClZOQqFbV3TGSwgSiZNWIIQC7ExXrBm+n+
/vF0n3YdUdbOLnR8urUhFuW7k/e/703E/2Fb8edbAAAsl3/IypsqvxGFKDugmYBA4m4yPIURSRJG
MFojf1YAo7NO/luKW3Za1n23AzOscPQE/p2YMxjdm9jGxvgPkjZV5C95Oe9BPDu79HVnNrkFsDri
/hhXVZPMJrtEwtwirTmzCY5bo3E50/4UPNvZomEpeO7XwIPwk6/QeVuU1UN65m9TlzXfPcWqDiUH
J3oFlQdp2h7LmgbWIn6P1J21aNO+jDEG7UjTYWqnPXbUt11VoAG8Fm0N/ivYD436tMt6+LqjeN5l
U3ZTZQn7DUmPRZ6lO1n7oewL0WTxzmo5Yb4k/wHZGCCOXQZRjP3xXHM1dyXvrCWBUBxJPrXOwnUo
CcfalGsCFRM7eIdP7E1tdJiidx/BTIJ0vmCROSxytxY9ApodHBywp0/Zf7EvMAHQxyMkEcGm5b3/
G46NLU7krQDlPcL9AIx08Wl+1bRdsI3fvx8gfD9A+H6A8P0A4fsBwvcDhO8HCN8PEL4fIHw/QPh+
gPBnDhCGhrvFDvsIsvkZL8Hr6ECh5AUdH4xG9yarq9CJoRu6CSO87xZVAwTeATVeZ1idO/DM0H48
uTp0cQ9RcjCGZDIFBYi9SQJGAxWeXNFWaXc8Hig49f+vwN8P/wmZYb29VAOeJoDGYMrF+eXV2/PX
L49h6FZEbdYhXmwTjk/+kTUEc8XGamjMg6lbuqsdvrz46dC0NniZ1KDtDM8fLs9fiMkWa1/LlCQ6
m90QlNksEcOnETzF3eXV4eurNxf3eRM3V1WVt2PehqFN3kxXN/4KW2wytrYBdiV48a1YGzAAK2s0
j7Cy6Lq6BZMFeSz6SIfae2Sd+ysawPBZn3fZWzzZGLE8Gtxk2gfDi0THt9R59FHEi4szoIu4/pHd
ZddH/6Sr8mXftf11Bp+veZ5l1+23kkiMW9YFKACEUiBeeTwz28D+qC0/IKQRI/sjQigneWI2ktFw
hLZhFOaW107eZuIjjJzc3XFlgb/wtipvl2VpGn9OGJMTCLtVsTy8OJ3sjV2QQF92y5yCyglvl6oC
POy7Ks3yfLKW49AZrtj5AwcZ57XLZduJYiSTBx7+G4LafRSfH9suoEzAoDhiajW0qWoHlL2pas95
8cL4Mp0S8QvRFOQXW+p9wenor4X8DBv9DNGs6tuLE20YH2nxg9wbekcFdv3pK7yAQKkTjhUZJRwJ
dlM6cmxTPBAdtVzMebx8SEjsPxlwhfXAaZlmZdYtv1Vc2JAEARt9/AaykHRAGPIY49XF0UgY67Gx
MGwy7bbkdbsgFxuJI2qq60x8szyhyGERiYX/GM+XMq5I7a9pINNVX44Thfz+b/Bx2vjz3frq1ZUs
c+SNyAr/5vi/gY8NAF/AD5+PnZC+Po5e7fitDG2FH3b+PNgPmJiC9DveW/EGWIGmbquKGgpswnnX
ibKlyIf1dNUg2QA5xXIkigveLcYjMc8BN6wdj1XFh6TqoFHcGFXXe+uBvsnH3xPebTyHJNqJDcLz
oh5/XfB2A0sGqfpmPPBLS4pafS8i2XBsjFVNp9QJtTQMtB1HhpLxpDrelMNrkeaCEsR4tCWJtptD
SdYX45HLi5cb2y/bX3N09+ETWz3qqmtRZh83RbDkBQrNgrIfbe9jVsuaKNQd/Aqt+Hg2fL0rNoVc
IRrLMGzTtEIYuDg+3+A0qT4Qku1BGMo29VOBxbbtxkQZx34+22BxCwF8xdORTbZg8LbJttRdd3SO
ggKVfgRoF1umtujLa+pwLVKhTVLJ5lFW8mZJecHSPZQEXhclkZqEpOJmWXeVGlDCSkCv0grRGgx1
Y5yVabVhhsk9DWYbSidR2eOhRoC1o1vNe2laA/1/gvew84uYx4uRcNFZF7XaF3cUpWh4Pi4Jxt6L
nslbsX7LdxQ9TRuf9hn2HgaIpv2A/ZQKQ8Px5WTq+CZsk6HH+rYbWrYTxokVJqEZGXZs+WAvhp9E
gRuapstDS1iJlmRNh5VHrzC9zcqkum3Zqyt2ccRMQMBoY2aBvRlsZ3huGrvs8OzYQ4vFV3NHcvoo
yBeclQks6g8VGsDb01evrtDo8MstRUIIM3XViuYDKK6Bwl9QyOLJAjhqxD46v4YXIvJ+3kT3fp7G
Vup7oR+mBncc7qZuFFvcijzDSAzfs1JhCD8QPsqsyeLrfRXvDD3U7ecxd/3EDFLDCtLASX3fjyzT
C+LEBKlERiIEyM3mgoIZKAMCCURgCJF5xONr7Qa6Mwhy+LIDyOy6rG7L5+pvtLR5U7Wt2AeWeVvi
FfKNhab63DKsMDRsO7bd1LENQ0Se6wlfBCII4tS1EjPxvNDBXSHkNqIVvIkXxH/B65p86oYM4nkQ
RbFhmTwQSWQJh/uCW2nAEyfloYjDJBZWGkcBVhsP3HngRbEqy42/DoMgV193jOepFUZ+JIKU24bj
JZYQTuw5lukEbhT6kQ2SNkBgzsOk14Y4cdEz7pF3eRQJVJaZBDw0gWvHiy3P9YMIROD6ruV5ppWG
W+QpDFB8ICVaaAJBYAszTkMjDEXicd/1uWmAHHw3suEfISIrTrYpPahEAApW4Tl+4DtgVJ4XxRxk
6gaBazmWCNzYAt9xRRC7LrXzY4J4cJdXKhAiNOO5EwqQnh2GtkiTNLLBBW0DXM10vcQ1gHRgGSHY
5xalKq/WNIwwEp7gXuJ7qSVsO/ECE0wnBGeOLSsGqZm+MJMtNPQOjrqAGWLkcxH7jhXhloHheiD/
wHUNL4wdkaahE4e+7QhuhtEmqbzCmmBtLKbuPQcviZwwCnxhgSFbqQG8JaaPSGDEtLhjGL4Tx9uU
5oTFQSxeHJpWbIDaXDcOgAEISIGIwfr9MAq91DGc2HDsexS0URaRpDwz9ZGnOLVBYbHlCGBIGBaP
E7CHwOAmuIEdbznBKhAQicRzhOW6bgSGHroiMSzH9SEiuAksTmPTBoxhusVPGXUr2YZB7HDDicAw
wJoFBJXATuzIiEF9kQWeafIItG9uUlh/1KgUglCuFRy67+b550btTYLy9F7mIwecQ9g88EwT7Nk3
hJnyOPY8yzUc0FGQOo4vIIBEXMQPUcEbIJXZzOehZXHPcRzgyIv9hHPu4v8C2wJEoPXY8e2Aiy04
8lh+yOTPDR4HELHB7s3YMUNupiB28DEncQPbxSjshsIiA4TKthVL9IV1YWaSv8fwj+8I4Qrbwtu4
CLzJMSLXBJsWIgChR54XG3xNpO8zmYQg/kLGCKPITyPXDgIvNNPEt30wDsdJ4shJPFgdp5aTpLh8
0Rct58P6+yG+XRZpVS5BjfkSj4i0oSa+AahoFeCdSej6oS9CiEB2kCaJBZr0QjtyU8g+wgOBgoU9
RAvyRmCsaJnPTROKPMcWiYmKtzlQC7kwLYjwkELAIw3LdSBif4qWOcIlPPwhUGonaOwpJKLQCew0
MI3YiW0AZXuWH8Kfshkpqo+86fYhvolGpV5MPl7oObEP1hAYTmA6PHAsMAJhgI4T0414ZKRmAF61
QaQGt9MwgFPRi1iS0A5TXyTguDGYRBSFMWZeN44MN4GcCNhCwwcy1PKsbEtfUhn6hGEfxaBTSLN5
39D5FcMij6VVwzaqqln5hF0tIJ2yVnQdtA0t441g3UKwqhQtfOAdi3lZVh2LBMvKOO8hgsAHJm8+
dMhqkH47qEyQ1mVVwMoUCWzTbHkq9lgFT5oWSbIIQtY1W1Z9o2ixLGUFNBNpRjtAhYOvG+ZLJPxK
3K7I7UMJy/u8a9ltVT7tGBYAvGHQo1YQwTJMY0tE2C2yVvJ9uxAl6+t5wxMgoM/KWTkQm85Kxp68
XQgEhi9gtlit4suYso8CGUCN02LJnMjHBFVmAAbyzEVH8sJbglgwmWBwpEDKIPFYaLl6U3DKUp63
Ah+0i76DSrHU1CugUzabnM16KH3MJYsXs94Uwmcd/s3NgsET0zTxeWoDB+xoQXMt5JI+GeWC3QHT
Oa5I/Izd0HDMIiLhAsgMP8V+yUq5Yvkfswlxf5jn1S3LsxYlMryTxG4yzv6nF80S5/yKHzT1aMTG
kxNq+tUiek0MK1MGZgGSR3LRkil94Xx5RqCtHo9JvQW3BLMD5fEkYVDkSR2j7vB6kRWC4+0rFrsM
NBsJRA0aEL/2nN6dnWc3MBeql16wHbUps4xdpC53FFojauiGNdAt3hNO4THt/aovIlArmO5huyzj
K95eM7wCBmPVacKbFvSP/jNwitMWTVVWPZgITG/3GN0cMNnIoNPtMazfG/liAskGnB7Hir5U58qS
+CXZEPAEptxUdxmYsQAxAEvkHuUKHMpWATpN0SFwDhr+Hsu6p/gGcUPLEtHhHSna5dZitgM84Gud
FomF2NAUp1Mite0QnKyj6csS1Zlgk1nVpATqfFqdHYsb9ZkV2XwBEaPh7WJv7OHKclAiTdPXnRyV
AkPBFIBN8UXKBc+ntiaRXsfpxdO+fRgB2gjaHPQWGViXPjI0rB7kpCnDfhBdvxCw21I6/t/zKgLj
weMpJsfBD4qsw/hRiDmPlh0InF1KSRsk26xF0rT8CpV2m5HgyaAgMNxqktBgYy0xmGaAEKIegC+J
VtoIMWwpbRyU1WMoYPMK9FRhmEGjwI3mBFMjaFNmIBewO4V5Wfr9v+cAz/sew7/gTfLn8LddVRME
FaJXkBS5lkH0qDFjJytAuOuAyoQCVwGjGPCWnELha59+A4TkFgQJAwaLe0hwJSQ4Jl+iROOuJGTp
kJgQV7PFXSxE0q45knHr/Opkyq5+Or1kL0/PTq/Y4cXFy9OTS3Zx8pq9PX/93yev9xhMYlfnMOuE
vf3p/OUJu3h9fnRyealvR4ANeViup8RxIZqsoqSPcbhFBuOFoIhM0ljFWhNkD2VHQqGFpmgQCYWM
skTqqCqBT4jPYE3I76eMTRrZ7QKzN8gEI5CcRpQlEYi86zg+ODfscY4pBGsJWqDfn422oA6rQW21
iLHkkJJFuFKvcu2KBzAvUbdrVm1D8druPgxJcW4rzue8icAztHX1TgHoYemSqyEctYqpVRC6C172
VOCMkUDx14MN7u4NKWHbCAczlNk1TYGW5LdYu6DOzmXIlwYPFUrV58kKSwY55LZka/ytJFwTfGDU
MwzFK+z2goLFvRxJpiMprHhLm6oYcq1crWZoY9Mcaxi5UZq8ZxvsAZPasI7LoShFlTWwE5qhMuSk
L2pZwckykakHGj4Y9HWMk9QCwk4wBw7gG2R5cHb+gIAhZ0Pegx1uwMjathcYGLoFaG0+VLQYtHC3
Naq9QZGyRFCFqy7R4NRPyqngdxqdHrcD9iNe42hW9AWkWMiuDRLveAmVKyiSyVeHJYq1XNFflCjJ
Y+7bGBT0tUJEG2pYafeQc52Vxo4r+WjbprE0wqgn6cvJgwtJWmrimDMqHDQ6UV7xdgxQqFSB6hGl
B+hkfSGp1PRaJZNrJIdr7mCZkqfkZ9gZJw/7SgHm2Goouo+TeswOZ6V6xXCqUgRUZosqlxVmhC+T
UyVOkKFoAhNSSYZim+yu1FOZWiKxqjVlensy1tLwCMNqs+yQ+B7TzJECSXm0sdYNYFQKoKi9LmPp
lgEryERyjv0S1fm4GAYVLJ39BKUg2NIB1Xbs6OLNHqwFDBH4122WgNlTrSCj54q+RvSnzBuq7nVB
3pJ0RnN1dphAoFrwPN2HdlV2CYkAG1ZbwaYMzx/RwEaOuE57I2IbTc0dRjWsMHmuMwTx5qK8GGrt
dZOJrQSCuoW0iQv7uqw19X2ruTlTXtdmH8VKn1iVD2psMeGpkgmqdmkeo9TqhJZctKuzC7Um582c
FnDV7SpboB3Ths+RBdAJiK2tc6pYsIUtADw6O29QT0d5BrNkT97IV7vZ2dUbQtoCS8h21HcMzwBI
levtZG+hD7Gm6HoNV00J7bg9FCVdRZGvpwwPH6AWgoJ1YBN67DTNYp1RllpwLAJYVoBsOtQdaIP+
Iy8QpvYICyjthkAvUBIQdSkQQ4rmFM5bqVJZSsDcTtkociLkGYQKdaqZOj6nIun49PLwR6iPqJ7q
S7IhDNj4o8yGLk1lkZChMarfRibjdmPN59rXExH18+nQsz1jJvZqqmRdQLii50wdA7Ty4AK9uWwr
mbyVR5hITKKW1I4WVdXS4cbQqomhGacoTj96a/nNkC3gI3Te8kch+Gwd2BAY3ZbJok2d+/xSZaU8
ECBJPWU/R9Uden7DTo/Zzs9vTo93Qe/g9oAB5t+C2lAx+HoROAe2cE2i5CPLD/CGaq27Erz95x9f
DvRVezcaeUqb4c0bFQ6kXlWKEG/VcAql0ugd4NPwVYWDKk1pW3iWpUvtrs+StUJIntrmAdAVneBI
V5P/PSEpA4r0yq/6Vp0kxRBEOhlm1RpNrpkydQeL28gUosKj2gVzIC/nqx6lxGX5direG2bdZOJW
WyXohw7dpHAPi6rH6JHKXKeCCYhsEC3mdoyOdBIC6sfPlJxh8WtK1aPFxHgpZOcdCUksEin6flvz
WzIKtFH1QyM0LRzeTPqSfdxoxT7EQMa3oar33GE3Afn0IZTGwzB5g+/uMD6YO4AdFuPfKzT21gFP
lFcxuW+bJTJnID8cdAoGhz/xG0lhjkkUZohEpk76skptdNKkjIPHscgFdQrSvGnXPLuGLbBPpkiU
c2B93lS33ULGMdiCs4WkNgpy4P1tJ1MygdVQGgM0bS0aydrpcTviC8M0al5SY/KCdsWmOnEayhxa
s6EkoKcxiz0BmNAqrxW5PtVa6VK/r0wVvG55Rt0sJBNo9aQV1VXd54PbqC+Y72mOShu2hRtSG4Rc
0k6YcTFyQUmgGgwcUed4U1Xq4LEjNddyWFYKyrIAyDpCJ+ugh56p4Y+EtoZWgWFzWL2sMMrpEA80
+TbSauYC9DaVUPS6KGo9qwgxhLplgc0huHKH56xxu4aOaUo9Z+vnxAKFOT6fN2KuThTV8aM8ZsEf
2l5v80f4INacH5/jrxA0lRRkfYDh61bIDoQz/AU87tgS8DUDNKaPLhYgT68k39f4FpNUzj2hgkLl
c2VMUAnhGwqUy0b55gjP/8X4KG8PkkO94OAWAiN7gxiGuhQyRioa6D00jIslJkOcNWQumTf4xsGg
ek1klGp7qMChsqHIOgQwRY50LJ8PO9zTqeRqrNQuK9b5Q+ViJIrz6b/k0MoLFwziuCGdeKpFw+m2
vt5APRnvMMjt8WyvUonUo7T/0UmSogHkOyXN4cxooQZlgGtWfYSKDXgCD61aQkVQlq4I4VV838g7
HYw1w0GKjLtAT8WmIdtCRcZb1aVBYc3x7Sn1DcsfwKh0NR2UJp+BheKJ3pS9o7oFStY9OuJ7j0Rl
Wl6l7vFdE7GBdXRD4R0PUWToQpsS3YNZlKIzNY8t9QvUfONr+3UuVAkwhi/3pXH5ESiiEziGzKjr
HafsxcvDKzmIjYbAc7W/qRc/9tzwDjgqxZ59h+8Z7VHI/Zuq8+RNy/jIQrowpjkQrTpR5L2yOvmO
NJO/nuqbIeoOfVqzuqKhkAJ0IBnFdM/WDnLShvsdMAFZ1D95QbGEtqL5G0SoKlYjH0YjGlWXo7Kv
kpW/uIPI1qoWN77GJqmldg5CW5RBe7KUZRzNQ34BCjRgMk9IV5FcEn18NWuwMrzf3dYpXoRerDV8
RLehdB04g5LlyVvg/VV1w0yDGeHU8aemx96e/sgswzJxwnBldyAgvML3ouqSA7w3434669PU8ujP
mP6kEduhPz2cLdFo6IsHZmhCXtscvPFo2MZh1TpkNQyC8cPI7SLrhIb3cWoAmytVyh1YBo7MOR4t
JOKAwMpbxtUYVL84ioe5eOczfK9vakUvybDbAgNfHhCylb2ukt8ByYAKZay/D87oDYz1IBr8aA7e
8R8cn7w4fPPyasQT3RoO21PyQF9WIDaK2wMpolEFT3Mmv/8vNAZtSg==
===END CRASH DUMP===
