PocketMine-MP Crash Dump Fri Nov 12 08:59:58 WIB 2021

Error: Undefined property: pocketmine\network\mcpe\protocol\types\command\CommandData::$commandDescription
File: plugins/ChatThin/src/kim/present/chatthin/ChatThin
Line: 37
Type: ErrorException

THIS CRASH WAS CAUSED BY A PLUGIN
BAD PLUGIN: ChatThin v1.4.1

Code:
[28]                     return;
[29] 
[30]                 if($pk->type === TextPacket::TYPE_TRANSLATION){
[31]                     $pk->message = $this->toThin($pk->message);
[32]                 }else{
[33]                     $pk->message .= self::THIN_TAG;
[34]                 }
[35]             }elseif($pk instanceof AvailableCommandsPacket){
[36]                 foreach($pk->commandData as $name => $commandData){
[37]                     $commandData->commandDescription = $this->toThin($commandData->commandDescription);
[38]                 }
[39]             }
[40]         }
[41]     }
[42] 
[43]     public function toThin(string $str) : string{
[44]         return preg_replace("/%*(([a-z0-9_]+\.)+[a-z0-9_]+)/i", "%$1", $str) . self::THIN_TAG;
[45]         // return str_replace("/", "/§f", (preg_replace("/%*(([a-z0-9_]+\.)+[a-z0-9_]+)/i", "%$1", $str) . self::THIN_TAG));
[46]         // return preg_replace("/%*(([a-z0-9_]+\.)+[a-z0-9_]+)/i", "%$1", $str) . " §f- §bNhanAZ §aServer". self::THIN_TAG;
[47]     }

Backtrace:
#0 plugins/ChatThin/src/kim/present/chatthin/ChatThin(37): pocketmine\errorhandler\ErrorToExceptionHandler::handle(integer 2, string[99] Undefined property: pocketmine\network\mcpe\protocol\types\command\CommandData::, string[63] D:\FLOTV\plugins\ChatThin\src\kim\present\chatthin\ChatThin.php, integer 37)
#1 pmsrc/src/event/RegisteredListener(75): kim\present\chatthin\ChatThin->onDataPacketSendEvent(object pocketmine\event\server\DataPacketSendEvent#28765)
#2 pmsrc/src/event/Event(62): pocketmine\event\RegisteredListener->callEvent(object pocketmine\event\server\DataPacketSendEvent#28765)
#3 pmsrc/src/network/mcpe/NetworkSession(413): pocketmine\event\Event->call()
#4 pmsrc/src/network/mcpe/NetworkSession(873): pocketmine\network\mcpe\NetworkSession->sendDataPacket(object pocketmine\network\mcpe\protocol\AvailableCommandsPacket#28763)
#5 pmsrc/src/network/mcpe/handler/PreSpawnPacketHandler(113): pocketmine\network\mcpe\NetworkSession->syncAvailableCommands()
#6 pmsrc/src/network/mcpe/NetworkSession(316): pocketmine\network\mcpe\handler\PreSpawnPacketHandler->setUp()
#7 pmsrc/src/network/mcpe/NetworkSession(694): pocketmine\network\mcpe\NetworkSession->setHandler(object pocketmine\network\mcpe\handler\PreSpawnPacketHandler#25194)
#8 pmsrc/src/network/mcpe/NetworkSession(267): pocketmine\network\mcpe\NetworkSession->beginSpawnSequence()
#9 pmsrc/src/promise/Promise(45): pocketmine\network\mcpe\NetworkSession->onPlayerCreated(object pocketmine\player\Player#25181)
#10 pmsrc/src/network/mcpe/NetworkSession(231): pocketmine\promise\Promise->onCompletion(object Closure#25159, object Closure#25153)
#11 pmsrc/src/network/mcpe/NetworkSession(689): pocketmine\network\mcpe\NetworkSession->createPlayer()
#12 pmsrc/src/network/mcpe/handler/ResourcePacksPacketHandler(142): pocketmine\network\mcpe\NetworkSession->pocketmine\network\mcpe\{closure}()
#13 pmsrc/vendor/pocketmine/bedrock-protocol/src/ResourcePackClientResponsePacket(72): pocketmine\network\mcpe\handler\ResourcePacksPacketHandler->handleResourcePackClientResponse(object pocketmine\network\mcpe\protocol\ResourcePackClientResponsePacket#25158)
#14 pmsrc/src/network/mcpe/NetworkSession(395): pocketmine\network\mcpe\protocol\ResourcePackClientResponsePacket->handle(object pocketmine\network\mcpe\handler\ResourcePacksPacketHandler#25093)
#15 pmsrc/src/network/mcpe/NetworkSession(358): pocketmine\network\mcpe\NetworkSession->handleDataPacket(object pocketmine\network\mcpe\protocol\ResourcePackClientResponsePacket#25158, string[4] ....)
#16 pmsrc/src/network/mcpe/raklib/RakLibInterface(192): pocketmine\network\mcpe\NetworkSession->handleEncoded(string[7] c.`a`..)
#17 pmsrc/vendor/pocketmine/raklib-ipc/src/RakLibToUserThreadMessageReceiver(42): pocketmine\network\mcpe\raklib\RakLibInterface->onPacketReceive(integer 0, string[16] .h..*g.nU.z..2.2)
#18 pmsrc/src/network/mcpe/raklib/RakLibInterface(122): raklib\server\ipc\RakLibToUserThreadMessageReceiver->handle(object pocketmine\network\mcpe\raklib\RakLibInterface#23598)
#19 pmsrc/vendor/pocketmine/snooze/src/SleeperHandler(123): pocketmine\network\mcpe\raklib\RakLibInterface->pocketmine\network\mcpe\raklib\{closure}()
#20 pmsrc/vendor/pocketmine/snooze/src/SleeperHandler(82): pocketmine\snooze\SleeperHandler->processNotifications()
#21 pmsrc/src/Server(1615): pocketmine\snooze\SleeperHandler->sleepUntil(double 1636682398.2874)
#22 pmsrc/src/Server(1028): pocketmine\Server->tickProcessor()
#23 pmsrc/src/PocketMine(301): pocketmine\Server->__construct(object BaseClassLoader#2, object pocketmine\utils\MainLogger#3, string[9] D:\FLOTV\, string[17] D:\FLOTV\plugins\)
#24 pmsrc/src/PocketMine(324): pocketmine\server()
#25 pmsrc(11): require(string[53] phar://D:/FLOTV/PocketMine-MP.phar/src/PocketMine.php)

PocketMine-MP version: 4.0.0-BETA13+dev [Protocol 471]
Git commit: 73592349cd29d91b03c2703107db859115a92e2d-dirty
uname -a: Windows NT PC 10.0 build 22000 (Windows 10) AMD64
PHP Version: 8.0.12
Zend version: 4.0.12
OS: WINNT, win
Composer libraries: 
- adhocore/json-comment 1.1.2@fc2f76979f0a44a5f5bc2a2b600d0762fe0e78e7
- brick/math 0.9.3@ca57d18f028f84f777b2168cd1911b0dee2343ae
- daverandom/callback-validator unknown@unknown
- fgrosse/phpasn1 v2.3.0@20299033c35f4300eb656e7e8e88cf52d1d6694e
- netresearch/jsonmapper v4.0.0@8bbc021a8edb2e4a7ea2f8ad4fa9ec9dce2fcb8d
- pocketmine/bedrock-data 1.4.0+bedrock-1.17.40@f29b7be8fa3046d2ee4c6421485b97b3f5b07774
- pocketmine/bedrock-protocol 5.1.0+bedrock-1.17.40@5abbe5bc21d8a9152d46c26578bf5257526612f9
- pocketmine/binaryutils 0.2.2@f883e1cf9099ed6a757a10a2f75b3333eeb2cdf9
- pocketmine/callback-validator 1.0.3@64787469766bcaa7e5885242e85c23c25e8c55a2
- pocketmine/classloader 0.2.0@49ea303993efdfb39cd302e2156d50aa78209e78
- pocketmine/color 0.2.0@09be6ea6d76f2e33d6813c39d29c22c46c17e1d2
- pocketmine/errorhandler 0.3.0@ec742b209e8056bbe855069c4eff94c9734ea19b
- pocketmine/locale-data 1.1.6@216b49b87e20332f0b39d1717e1e2012a40074cc
- pocketmine/log 0.4.0@e6c912c0f9055c81d23108ec2d179b96f404c043
- pocketmine/log-pthreads 0.4.0@61f709e8cf36bcc24e4efe02acded680a1ce23cd
- pocketmine/math 0.4.0@6d64e2555bd2e95ed024574f75d1cefc135c89fc
- pocketmine/nbt 0.3.0@98c4a04b55a915e18f83d3b0c9beb24a71abcd31
- pocketmine/pocketmine-mp dev-master@73592349cd29d91b03c2703107db859115a92e2d
- pocketmine/raklib 0.14.2@e3a861187470e1facc6625040128f447ebbcbaec
- pocketmine/raklib-ipc 0.1.1@922a6444b0c6c7daaa5aa5a832107e1ec4738aed
- pocketmine/snooze 0.3.1@0ac8fc2a781c419a1f64ebca4d5835028f59e29b
- ramsey/collection 1.2.2@cccc74ee5e328031b15640b51056ee8d3bb66c0a
- ramsey/uuid 4.2.3@fc9bb7fb5388691fd7373cd44dcb4d63bbcf24df
- rhumsaa/uuid unknown@unknown
- symfony/polyfill-ctype v1.23.0@46cd95797e9df938fdd2b03693b5fca5e64b01ce
- symfony/polyfill-php80 v1.23.1@1100343ed1a92e3a38f9ae122fc0eb21602547be
- symfony/polyfill-php81 v1.23.0@e66119f3de95efc359483f810c4c3e6436279436
- webmozart/assert 1.10.0@6964c76c7804814a842473e0c8fd15bab0f18e25
- webmozart/path-util 2.3.0@d939f7edc24c9a1bb9c0dee5cb05d8e859490725

Loaded plugins:
ChatManager 0.0.1 by  for API(s) 4.0.0-BETA5
ChatThin 1.4.1 by PresentKim for API(s) 4.0.0
DEVirion 1.2.5-ALPHA12 by poggit, SOFe for API(s) 4.0.0
DevTools 1.15.0+dev by PocketMine Team for API(s) 4.0.0
MultiWorld 1.7.0-beta2 by CzechPMDevs, VixikCZ, fuyutsuki, kaliiks for API(s) 4.0.0
MyPlot 1.11.1 by Wiez, Exxarion, jasonwynn10 for API(s) 4.0.0
NotificationSystem 0.0.1 by  for API(s) 4.0.0-BETA5
PureChat 1.4.11 by 64FF00 for API(s) 4.0.0
PurePerms 1.5.0-legacy by 64FF00 & ProjectInfinity for API(s) 4.0.0
SimpleNPC 3.0.0-snapshot by brokiem for API(s) 4.0.0
Sound 0.0.1 by  for API(s) 4.0.0-BETA5
TNTManagement 0.0.1 by  for API(s) 4.0.0-BETA5
Tags 0.0.1 by NhanAZ for API(s) 4.0.0

----------------------REPORT THE DATA BELOW THIS LINE-----------------------

===BEGIN CRASH DUMP===
eNrtPGlz20aWf6WX9mzkiUjhPjillBVJnqhGtrgWPc5OmNI2gAaJCAeDQxKdyn/f9143QJCibCnj
qZkPciUS0eh+/e6rm/ptEBdlxuurG1FWSZEPxtb+oE4yMRjrjuk4nmH63shxLMv39gfNUr0yvZGu
u47uwA9Hsw1jf5Dyqj4ty6IcjH8b1KslTBvQ8+ldKGAdwN4fZKKq+BxffcgjESe5iNiyLJairFdj
tizCa1FnMDqb5aK+Lcrr2SwLl/AIk+oiLNLZDEFXs1lYZBnPo9nsWH444TUfj1+q4RNRhWXS7ho3
afomSXHbk/Fs9ub8Yvp3AJk28yQHUMcLXk8XST6bVWU4m10nGe4nKpHXsA+8rOllO220XCwRqASo
oBy0bw8AxgGAOFAQDloA3QxYmwKJg7HpAqtLHsLHnwYvNPZ0UHum+2qTbQI5vgAOpKKczYj/06KT
wA/yxXgsZ+wleS3momTGPqvqMsnnP/n+z+xfI5puC8f8mX0lMeyzlgJgBPD1hc6WGXIN/xc3yLP3
Yp5UtShFdI6/c1HuuTYw7Uvgh98VOSI+4Uj4pcijU4S3VwS/iLDe5PkNwahEeYNM37HqheG5jk0Y
GvcwlHAdY1uSEup9/IffhTxNvw42Zg8bJdYDlOrBO/lwCfYKerNn6eZu9AigxGiPIFqPhOi52xC3
1Gpz/vA7EFS0JmYX5Q/q5dENT1IepEIpZCVhEB9Mwtp+CGtlSgeTUlwu+W0uVyo72tP1pxKxysN7
2EjGOY9knKk7n9+zs/6dOCMj6w9Luaf7yD0d33qqsDoefVlQn0f4hWHrsD2i6z0SXcNxn4ZuAEaW
09aX4tdG5KGQ/PF7G4I6ZUklQBPo955lP22PIp+kfCXK41LwWkS7+LKkCcAH+o2Ee7p0a9pjKTf1
LawU2shc+oCIgOItU4EBocXiOC2qphS4pe3vsx2j0k50/bEa4/lPY09IbJGUS+brxpeM8r2oiqYM
BepLtWWZlvG0/T8z9bdQ8uF3hVfrNMH1RUV5sF55EIiohKdh63oI9T6Wx2kC/hJGlkVeCeXKXOOR
Bv0wvcPv5KSH93qSw/wSyqQRnuTGYx2+6X/BYB6/fUvtU3zLw7wDYjRfqbf9WGKA+iepl8TjD8av
x4mjS7Csn9kI/kmKHgwrJb9Ok+DgPb8+T4IzSKPKGFLRPd03/ghlp3lYRODVFAruzywc/R//vxYL
90GTkWgMk6VEUaIzLT5A/jJdgE+I3sqS4b0IRQIZzd6XDFsCBKZtEkYOmLilIHXJr9YxTneAc4vR
6M/zUf5h9Gk0MkaGxN97KhcNxLJFpc3FgMgWr89Q+ATtfoDWF4Zp+8o8/Qc5X+VF8UkQSZepEJDo
d87TMP8gjx+xZsubGtofQNDb1gE5dTbbnAf4gDsG7r4r6iROQo4hT6VbRj+SXZKA9qCctR8JuMLn
D3mdpHtR0UAyx3rlMuSVMmExjB2baMa275Bvht/VSXg9kRgXKgga/Qx9Qmvewpo9U9MfAHJ1FQKR
ddmEnZP5nlfiGOrz6rzgETq8LsL3ATRADJRhb3mSnxdzsIwX5ros3CjZ1gbj7i7lJOrWA6gb28mk
tA9FsHLBkFujBUE6lpSidSs2lI7LBS/HBwcn4wPatQd5+HYywrdbG2Kh+Grw8+/7A/Ef2p74Cp0E
oE6uv0rymyK9ERmsAKARcC+sB+1bGOktRpeN7DA8GGc7/pWibsr8LzDV8GEK/Da1HVOTeO/l8hr0
F2hnh4eHbCruaulsx+Pp/05Or6bvj95dnh9Nzy7evfoNwegP7EhwlBjYIXsJ9FYAuKBuR//lK8TK
NHaA+V2klaBNzMdsMjpklUhjQPSHs3dX06O/EmBrF2B8YW+9oN0kAxhIr+ZQPBQxe6DklMQ7O4DH
BYSCcCFpDNdKw3jFXuY8A258x172XkhQ7kMk9mau4a3V7j5vv7BA8tt7iC3+Nltg0OrrCg20UqcH
Q2qU1UppCW40CVnc5CFhqBCTps9ewu9XbKw8D9Ju9WUkNRWMVcyvSgGFFATh2eDgT3/e2/uJDz9p
Q//q529ns9Grb9ePrw6S2WCfzQZ/eqnjB7nFaIc6WH2pHxy0u8H8/mYS2MGs0TTuxvi09y/A5xVJ
wnJ2YvRV9psNmKJhqD4E7yAlOfqHeuIy1MwGO1nldjL+/bm9+dzefG5vPrc3n9ubz+3N5/bmc3vz
ub353N58bm8+tzef25vP7c3n9ubXbW+2Hb4KG3pY5b3lOVgdtTuxfaQ6f+3o/qC78DXQRtpIhxHe
1IuiBAA/ATS+TLBut+CdNvz+dHpk4x4ix8w+GoxBAGJ/EIHSQIYvV1RFXJ/0BzJODUfZO5Clp9pe
igHblyAxmDK5uJx+vHh/fgJDtyKokhrxxQZC163cJEM1MNc06CNri4bBRFa/f0uywRY9f5SSLxXV
jyHo5PTvSUk4dwR1Q5sEGSN7eHQ++eFINzYJW4L6JtjTvbx4I74WbRLobHZDqMxmkWg/9dBT1F1O
j95PP0zu0yZupkWRVn3a2qFN2nR7pH0LW2xJrFNqNhX8q4mtxQFIWWPzGVIWdb2swAaBH4smGIVF
1jO3gw4GEPy2SevkY1GmUY/k3uAm0S5YUiBqviXO408iXEzeAlzE6+/JXXJ9/A+6tbhq6qq5TuDz
NU+T5Lr6WhwJcctlBgIApmSI7y3iC2bZx/2zuryDST1CDnqAkE+rSVrUfR7JgS2l0LdN+GMiPsHI
6d0dVxr4C6+K/HaV57r2zzFjcApxpMhWR5OzwX7fBAnpy3qVkpc85dVKNTKOmrqIkzQdrPkoyQC2
teR8wUD6gfpyVdUi6/Fkx8t/g5e+j8XjnfUE8h70hT2iuqF7znpL1I715o32NJkS8IkoM7KLLfG+
4XSKUEHCARv9CN6saKrJ6bAd70nxSu49m7XIrj/9ASsgpFSruwOjmCOR3eSOHNtkD3jHYSrmPFzt
YhL7bwZUYYJzlsdJntSrr+UXNjhBiPU+fgVeSDjAjMsEWzTvJsc9ZqzH+swwSbWrnC+rBZlYjx1B
WVwn4qvFCQUOs2KsZPr4PJVwBepgDQOJLpq8Hyjk87/Bxmnjx5v19N1U5m3yTLnDf3P830DHBgJP
oIfP+0ZIj5/HXu34tRStwx92fhzaO1RMofQ7nvzzEkiBKnUri2orBsLzrhZ5RZ4PC4SiRLAeUorp
SBBmvF70R0KeAt6wtj9WZFdRUUPluzGqblOsB5oy7T9HvN54D0G0FhuA59my/7jg1QYuCYTqm/7A
LxUJqnvOAllBbYwVZa3ECbk0DODZPBAU9Sctw00+vBdxKihA9Ecr4mi1ORQlTdYfuZycb2y/qn5N
0dzbT6x7VRfXIk8+bbJgxTNkmgFpP+rep2QpcyJ/ZOFjmgT92fB4l20yuUBsDE0zdd3wYWBycrFB
aVRcESbbgzCUbMqnAI2tqo2J0o/9+HaDxC0M4BHbPZtkweBtmWyJe1lTYwgZKu0IsF1sqdqiya+p
ZDdIhCZxJZkHSc7LFcUFY+QgJ8SNSKNATUJQYbla1oUaUMyKQK5SC1EbNHXpJsnjYkMNo3sSTDaE
Tqwy+0OlAG1Hs5o3UrVa+P8A62EXk5CHix5z0VgXS7Uv7ognnjztpwR960XL5JVYfzmr5z11E982
CdYeGrCmusJ6Srmhtrk6GFuuDtskaLGuafuGaflhZPiRrweaGRou6IvmRoFn+7puc98QRjSMkrLG
zKNROH1M8qi4rdi7KZscMx0wYLQxM0DfNLbXvte1V+zo7YmDGotfkurx6ZMgW7A6FVgsrwpUgI9n
795NUenw4VZdS8qWRSXKKxBcCYm/IJfFowVQVIoDNP4hHsLLG046mvfrODRi1/FdP9a4ZXE7toPQ
4EbgaFqkuY4RC024nnCRZ2USXh8of6eN/JH5OuS2G+lerBle7Fmx67qBoTteGOnAlUCLhAC+mVyQ
MwNhgCMBD4ynwgEPr4c3UJ2Bk8O7ZcCz67y4zV+r36hp87KoKnEAJPMqxyswNwaq6mtDM3xfM83Q
tGPL1DQROLYjXOEJzwtj24j0yHF8C3cFl4ttB16GC6I/48sl2dQNKcRrLwhCzdC5J6LAEBZ3BTdi
j0dWzH0R+lEojDgMPMw2dpznAO5cpeXat+0g8NUdWdrr2PADNxBezE3NciJDCCt0LEO3PDvw3cAE
TmvAMGs36LUiDmy0jHvgbR4EAoWlRx73daDackLDsV0vABbYrm04jm7E/hZ4cgPkH0iIBqqA55lC
D2Nf830ROdy1Xa5rwAfXDkz4J0RghNE2pJ1CBERBKxzL9VwLlMpxgpADT23Psw3LEJ4dGmA7tvBC
26Zyvg8QO5FpoRwhoqa9tnwB3DN93xRxFAcmmKCpganpthPZGoD2DM0H/dyCVKTFGobmB8IR3Ilc
JzaEaUaOp4Pq+GDMoWGEwDXdFXq0hU3/wkzrI1+L0LWMALf0NNsB/nu2rTl+aIk49q3Qd01LcN0P
NkGlBeYEa2XRR85rsJLA8gPPFQYoshFrQFuku4gJjOgGtzTNtcJwG9KccLEQFyf0dSPUQGy2HXpA
ADgkT4Sg/a4f+E5saVaoWeY9CMNeFJGgHD12kaYwNkFgoWEJIEhoBg8j0AdP4zqYgRluGUHnCAhE
5FjCsG07AEX3bRFphmW74BHsCBbHoW4Cjn68RU8e1B1vfS+0uGYFoBigzQKcimdGZqCFIL7AAMvU
eQDS1zchrD8OKRUCVz7MOF6Mef1Yr70JUB5HyHhkgXEIk3uOroM+u5rQYx6GjmPYmgUy8mLLcgU4
kICLcBcUPL1SkU1/7RsGdyzLAoqc0I045zb+55kGYARSDy3X9LjYQkeeM7SR/LXGQw88Nui9Hlq6
z/UY2A42ZkW2Z9rohW1fGKSAkNlWYoW2sE7MdLL3EP65lhC2MA0PGBKANVlaYOug00J4wPTAcUKN
r4E0TSKDEPhfiBh+ELhxYJue5/h6HLmmC8phWVEYWJEDq8PYsKIYly+arOK8XX/fxVerLC7yFYgx
XWGLaNjmxDeAKmoFWGfk267vCh88kOnFUWSAJB3fDOwYoo9wgKGgYbtgQdzwtA6W/lrXIcmzTBHp
KHiTAzSfC90ADw8hBCxSM2wLPPZDsPQeXgKcq+7HZoTKHkMg8i3PjD1dC63QBKRMx3B9+CmLkaz4
xMv6APybKFXoxeDj+I4VuqANnmZ5usU9ywAlEBrIONLtgAdarHtgVRtAlmB2Q3TglPQiLpFv+rEr
IjDcEFQiCPwQI68dBpodQUwE3HzNBTBU8nS6NVpRGvqCYR3FoFKIk3lTUv+KYZKHN2vZRlY1y1+w
6QLCKatEXUPZUDFeClYvBCtyUcEHXrOQ53lRs0CwJA/TBjwIfGDyKGekLg5CZoKwLosMVsYIYBtm
xWOxzwp4U1YIkgXgsq7ZqmhKBYslMcugmIgT2gEyHLywna4Q8Dtx24E7gBSWN2ldsdsi/6ZmmADw
kkGNWoAHSzCMrRBDvNQr6b5diJw1y3nJIwAwmuWzvAU2nuWMvfi4EIgYqwuGt88YgFAnX8ADyHEq
TJkj+ZpQlRGAAT9TURO/8JQgFEwGGBzJEDJwPBTDlGNSPBdjFvO0EviiWjQ1ZIr5UF2+HrPZ4C1e
KhX6ioWLWaML4bIaf3M9w+umuq7j+9gECtjxguYaSCV90vIFuwOiU1wRuQm7oeGQBQTCBiQT/BS6
OcvlitV/zQZE/VGaFrcsTSrkSHs5ld0knP1PI8oVzvkVPwzVqx4ZL06p6FeLGBDPMDPF+6TAeQQX
rJiSF86XPYJh97oP6iOYJagdCI9HEYMkT8oYZYfnpSwTHI+TMdllINlAINYgAfFrw1OUzTy5gbmQ
vTSC7alNmaG9QuhyRzEsxRKq4SHIFg8+x/Ca9n7XZAGIFa+r4829Ka+uGZ5pg7KOaMKHCuSP9tNS
itMWZZEXDagITK/2GZ0cMFnIoNHtM8zfS3l/gngDRo9jWZOrvrIEfkk6BDSBKpfFXQJqLIANQBKZ
R94hh7xVCJ3FaBA4BxV/nyX1N8C+uqRlkajx0Bf1cmsx2wMaGjBOg9hCZAwVpWMCtW0QnLSjbPIc
xRlhkVksSQhU+VQjdiJu1GeWJfMFeIySV4v9voUrzUGOlGWzrOWoZBgyJgPcFF0kXLB8KmsiaXX8
pkgiQHs3BqgjqHNQWySgXaOeomH2ICeNGdaDaPqZgN1W0vD/mhYBKA+2p5gcBzvIkhr9RybmPFjV
wHB2KTmtEW+TCkHT8ikK7TYhxpNCgWO4HUpArY5VRGCcAIbg9eg2LYKJSyHaLaWOg7Aa+h7GvAA5
FehmUClwozmhOSTUxkxDKmB3cvMy9fuPpwD7fZ/Df8HL6J/Dv6qLJaGgXHSHkgJXMfAeS4zYUYcQ
7tpipUOCqxAjH/CRjELhV33zFTAksyCU0GGwsIEAl0OAY+JOhA0530KiLA0SA2I3W9yFQkTVmiLp
ty6mp2M2/eHskp2fvT2bsqPJ5Pzs9JJNTt+zjxfv/3b6fp/BJDa9gFmn7OMPF+enbPL+4vj08nK0
7QE2+GHYjmLHRJRJQUEf/XCFBIYLQR6ZuNH5Wh14D2lHRK6FpgzBEwrpZQnUcZEDneCfQZuQ3oeU
TSrZ7QKjN/AEPZCcRpAlEPC8az/eGjfscYEhBHMJWjC6Pxt1QTWrQWxLEWLKITmL6Eq5yrUdDaBe
YlmtSTU1RWv1ajdKinJTUT7nZQCWMVxn7+SAdnOXTA3RUauYWgWuO+N5QwlOHxNI/hrQwVf7bUjY
VsJWDWV0jWOAJenN1iY4YhfS5UuFhwylaNKowyWBGHKbszX+lQS8JPSBUEfTFK2w2xtyFvdiJKmO
hNDRFpdF1sZauVrNGPZVsy9hpEZJ8p5usB0qtaEdl21SiiIrYSdUQ6XIUZMtZQYn00SmXgzxRSuv
E5ykFhDuhGZLAX5J7VaAsfMdDIaYDXEPdrgBJauqRqBjqBcgtXmb0aLTwt3WWO23gpQpgkpcRxIb
nPognzJ+N6TucdXifsyXOJpkTQYhFqJricDpm3ooSCbvpUss1nxFe1GsJIu5r2OQ0C8VRrThEDPt
BmKu1UnspJCvtnUaUyP0ehK+nNyakISlJvYpo8RhSB3ljrYTQIVSFcgekXuAncwvJJQlXQllco2k
cE0dLFP8lPS0O+Pkdl/JwBRLDQX386A+p4ezXN2ZHKsQAZnZokhlhhnwOlxQJk4oV/jdJ6aCDPk2
WV2ptzK0BKLLNWV4e9GXUvsK3Wq5wpta83021HsCJOHRxsO6RUaFAPLa6zSWThkwg4wk5VgvUZ6P
i/GbZBKtEfsBUkHQpUPK7djx5MM+rAUcArCv2yQCtadcQXrPDv6Q4I+Z02bd64S8Iu705o7YUQSO
asHT+ADKVVklRAJ0WG0FmzLsP6KC9QxxHfZ6wDaKmjv0aphh8nTEEIkPk3zS5trrIhNLCUTqFsIm
LmyW+XKonreKm7fK6qrkk+jkiVl5K0a8SdemTJC1S/XohVbLN+SiVyM2UWtSXs5pAVfVrtIF2jEu
+RxJAJkA26plShkLlrAZII/GzkuUk7xnLmtyvIUpqpq9nX4gTCsgCckOmpphD4BEud5O1haj1tdk
dTPEVWPCtl8eipyOosjWY4bNB8iFIGFtyYQaO46TcMQoSi04JgEsyYA3NcoOpEF/mw/c1D7hAkK7
IaQXyAnwuuSIIURzcueVFKlMJWBurXQUKRGyB6FcnSqmTi4oSTo5uzz6HvIjyqeanHQIHXaDnpIO
TWWSkKAyqm+XR/1yY03n2tYjETTzcVuzfcd0rNVUyroAd0XvmWoDVLJxgdacV4UM3soidAQmsZbQ
jhdFUVFzoy3VRFuMkxfH9jSr+E0bLeAjVN70jlrXa8eGiNFpmUzaVN/nlyLJZUOAOPUN+zEo7tDy
S3Z2wvZ+/HB28grkDmYPOMD8WxAbCgavF4FxYAlXRoo/Mv0AayjWssvB2n/8/ryFr8q73sg3tBme
vFHiQOJVqQjRVrRdKBVG7wC/IV5VOCzimLaFd0m8Gt41SbQWCPFzuNkAmlIHR5qa/DOQkgfk6ZVd
NZXqJMlvMJHFqzVDuWbM1BksbiNDiHKPaheMgTyfdzVKjsvS7VC83866ScTtsAvQu5pukrlHWdGg
94hlrFPOBFjWshZjO3pH6oSA+PEzBWdY/J5CdW8xEZ4LWXkHQgILBH4tH9wIvyWlQB1V32JD1cLh
zaAvyceNOvLBBzK+jaq6uA+74Zf+d2Gp7UaTl3h3h/FW3QHZdjH+7rAxtxo8QVqEZL5VEsmYgfRw
kCkoXNUEfS7MMYjCDBHJ0EkPXWijTpNSDh6GIhVUKUj1pl3T5Bq2wDqZPFHKgfR5WdzWC+nHYAvO
FhJaz8mB9Ve1DMmE7BC50aI2XLNGknZ2UvXoQjeNkpfQmDyg7chUHac2zaE1G0ICeENmsBeAJpTK
a0Guu1qdLEf3hamc1y1PqJqFYAKlntSiZbFs0tZs1APGe5qjwoZp4IZUBiGVtBNGXPRckBKoAgNH
VB9vrFIdbDtScS2HZaagNAsQWXvoaO300DKH+F2mraHOMWwOq8sKvZgO/mAobyN1Mxcgt7FEZbTM
suUoKQhjcHWrDItDMOUa+6xhtUYdw5R6z9bviQRyc3w+L8VcdRRV+1G2WfBvClxv00f4ga+5OLnA
r1UMVVCQ+QG6r1shKxAORn5LO1aE+JoAGhv1DhYgTnecb5Z4i0kK5x5TQaDyvVImyITwhgLFsl68
Ocb+v+i38vYhOCwXHMxCoGcvEYc2L4WIEYsSao8h+sUcgyHOaiOXjBt8ozGoron0Qm0DGThkNuRZ
WwemwJGM5ft2h3sylVT1hVon2Tp+qFiMQHE+6jyGC5QhOnHckDqealHb3R6tN1Bv+ju0fPt8tFeh
RMpR6n+vk6RgAPhacbPtGS3UoHRwZVdHKN+AHXgo1SJKgpK4A4RH8U0pz3TQ17SNFOl3AZ7yTW20
hYyMV6pKg8Sa4+0p9YTpD+CoZDVuhSbfgYZiR2/MfqK8BVLWfWrx/YxAZVjuQnf/rInIwDy6JPeO
TRTpulCnRL0zipJ3puKxonqBim+8tr9MhUoB+ujLfWlcfgSIaASWJiPqescxe3N+NJWD9G0Z7Kv9
RV382Lf9O6AoF/vmHd4z2ieX+xeV58mTln7LQpowhjlgreoo8kZpnbwjzeTXwZqy9bptnVZ2RzTk
UgAO/WGUqAuDAGLYnu+ACsik/sUb8iW0Fc3fAEJZsRq56o0MKbvspX2FzPzFHXi2SpW44TUWSRWV
c+DaggTKk5VM42ge0kt/RCiVcUKaiqSS4OPVrFbL8Hx3W6Z4EDpZS/iYTkPpOHAGKcuLj0D7u+KG
6RrT/LHljnWHfTz7nhmaoeOE9sjuUIB7heesqKPD9u/ZNHFsOPQzpJ80Ylr008HZEpsh2uKh7usQ
1zYHbxwaNnFYlQ7JEgZB+WHkdpHUYojncWoAiyuVyh0aGo7MObYWInFIyMpTxm4Msl8cxWYunvm0
z8ubpYIXJVhtgYKvDgmzTl+74HdIPKBEGfPvQ/m9v3KdPIuoNwWP+A9PTt8cfTif9kiiQ8N2d4od
aMoKh43c9lByqJfA05zB7/8PyB3gqQ==
===END CRASH DUMP===
