PocketMine-MP Crash Dump Fri Nov 5 21:02:32 WIB 2021

Error: Call to a member function isPlayerModifiable() on array
File: pmsrc/vendor/pocketmine/bedrock-protocol/src/serializer/PacketSerializer
Line: 661
Type: Error

Code:
[652] 	 * Writes a gamerule array
[653] 	 *
[654] 	 * @param GameRule[] $rules
[655] 	 * @phpstan-param array<string, GameRule> $rules
[656] 	 */
[657] 	public function putGameRules(array $rules) : void{
[658] 		$this->putUnsignedVarInt(count($rules));
[659] 		foreach($rules as $name => $rule){
[660] 			$this->putString($name);
[661] 			$this->putBool($rule->isPlayerModifiable());
[662] 			$this->putUnsignedVarInt($rule->getType());
[663] 			$rule->encode($this);
[664] 		}
[665] 	}
[666] 
[667] 	/**
[668] 	 * @throws BinaryDataException
[669] 	 */
[670] 	public function getEntityLink() : EntityLink{
[671] 		$fromActorUniqueId = $this->getActorUniqueId();

Backtrace:
#0 pmsrc/vendor/pocketmine/bedrock-protocol/src/GameRulesChangedPacket(56): pocketmine\network\mcpe\protocol\serializer\PacketSerializer->putGameRules(array[1])
#1 pmsrc/vendor/pocketmine/bedrock-protocol/src/DataPacket(95): pocketmine\network\mcpe\protocol\GameRulesChangedPacket->encodePayload(object pocketmine\network\mcpe\protocol\serializer\PacketSerializer#115653)
#2 pmsrc/vendor/pocketmine/bedrock-protocol/src/serializer/PacketBatch(71): pocketmine\network\mcpe\protocol\DataPacket->encode(object pocketmine\network\mcpe\protocol\serializer\PacketSerializer#115653)
#3 pmsrc/src/network/mcpe/NetworkSession(449): pocketmine\network\mcpe\protocol\serializer\PacketBatch::fromPackets(object pocketmine\network\mcpe\protocol\serializer\PacketSerializerContext#24846, object pocketmine\network\mcpe\protocol\TextPacket#112064, object pocketmine\network\mcpe\protocol\GameRulesChangedPacket#112099, object pocketmine\network\mcpe\protocol\GameRulesChangedPacket#115540, object pocketmine\network\mcpe\protocol\TextPacket#115542, object pocketmine\network\mcpe\protocol\PlaySoundPacket#112108, object pocketmine\network\mcpe\protocol\SetActorDataPacket#28529)
#4 pmsrc/src/network/mcpe/NetworkSession(1072): pocketmine\network\mcpe\NetworkSession->flushSendBuffer()
#5 pmsrc/src/network/NetworkSessionManager(67): pocketmine\network\mcpe\NetworkSession->tick()
#6 pmsrc/src/network/Network(91): pocketmine\network\NetworkSessionManager->tick()
#7 pmsrc/src/Server(1704): pocketmine\network\Network->tick()
#8 pmsrc/src/Server(1583): pocketmine\Server->tick()
#9 pmsrc/src/Server(1016): pocketmine\Server->tickProcessor()
#10 pmsrc/src/PocketMine(296): pocketmine\Server->__construct(object BaseClassLoader#2, object pocketmine\utils\MainLogger#3, string[9] D:\FLOTV\, string[17] D:\FLOTV\plugins\)
#11 pmsrc/src/PocketMine(319): pocketmine\server()
#12 pmsrc(11): require(string[53] phar://D:/FLOTV/PocketMine-MP.phar/src/PocketMine.php)

PocketMine-MP version: 4.0.0-BETA11+dev [Protocol 471]
Git commit: 2405e45b357caf7e0284ffd7d91c302260d10722-dirty
uname -a: Windows NT PC 10.0 build 22000 (Windows 10) AMD64
PHP Version: 8.0.12
Zend version: 4.0.12
OS: WINNT, win
Composer libraries: 
- adhocore/json-comment 1.1.2@fc2f76979f0a44a5f5bc2a2b600d0762fe0e78e7
- brick/math 0.9.3@ca57d18f028f84f777b2168cd1911b0dee2343ae
- daverandom/callback-validator unknown@unknown
- fgrosse/phpasn1 v2.3.0@20299033c35f4300eb656e7e8e88cf52d1d6694e
- netresearch/jsonmapper v4.0.0@8bbc021a8edb2e4a7ea2f8ad4fa9ec9dce2fcb8d
- pocketmine/bedrock-data 1.4.0+bedrock-1.17.40@f29b7be8fa3046d2ee4c6421485b97b3f5b07774
- pocketmine/bedrock-protocol 5.0.0+bedrock-1.17.40@67c0c15b4044cab2190501933912c3d02c5f63ab
- pocketmine/binaryutils 0.2.2@f883e1cf9099ed6a757a10a2f75b3333eeb2cdf9
- pocketmine/callback-validator 1.0.3@64787469766bcaa7e5885242e85c23c25e8c55a2
- pocketmine/classloader 0.2.0@49ea303993efdfb39cd302e2156d50aa78209e78
- pocketmine/color 0.2.0@09be6ea6d76f2e33d6813c39d29c22c46c17e1d2
- pocketmine/errorhandler 0.3.0@ec742b209e8056bbe855069c4eff94c9734ea19b
- pocketmine/log 0.4.0@e6c912c0f9055c81d23108ec2d179b96f404c043
- pocketmine/log-pthreads 0.4.0@61f709e8cf36bcc24e4efe02acded680a1ce23cd
- pocketmine/math 0.4.0@6d64e2555bd2e95ed024574f75d1cefc135c89fc
- pocketmine/nbt 0.3.0@98c4a04b55a915e18f83d3b0c9beb24a71abcd31
- pocketmine/pocketmine-mp dev-master@2405e45b357caf7e0284ffd7d91c302260d10722
- pocketmine/raklib 0.14.2@e3a861187470e1facc6625040128f447ebbcbaec
- pocketmine/raklib-ipc 0.1.1@922a6444b0c6c7daaa5aa5a832107e1ec4738aed
- pocketmine/snooze 0.3.1@0ac8fc2a781c419a1f64ebca4d5835028f59e29b
- ramsey/collection 1.2.2@cccc74ee5e328031b15640b51056ee8d3bb66c0a
- ramsey/uuid 4.2.3@fc9bb7fb5388691fd7373cd44dcb4d63bbcf24df
- rhumsaa/uuid unknown@unknown
- symfony/polyfill-ctype v1.23.0@46cd95797e9df938fdd2b03693b5fca5e64b01ce
- symfony/polyfill-php80 v1.23.1@1100343ed1a92e3a38f9ae122fc0eb21602547be
- symfony/polyfill-php81 v1.23.0@e66119f3de95efc359483f810c4c3e6436279436
- webmozart/assert 1.10.0@6964c76c7804814a842473e0c8fd15bab0f18e25
- webmozart/path-util 2.3.0@d939f7edc24c9a1bb9c0dee5cb05d8e859490725

Loaded plugins:
ChatManager 0.0.1 by  for API(s) 4.0.0-BETA5
ChatThin 1.4.1 by PresentKim for API(s) 4.0.0
CommandDisabler 1.0.0 by  for API(s) 4.0.0
Coordinates 0.0.1 by  for API(s) 4.0.0
DEVirion 1.2.5-ALPHA12 by poggit, SOFe for API(s) 4.0.0
DevTools 1.15.0+dev by PocketMine Team for API(s) 4.0.0
HideCommands 1.0.10 by Himbeer for API(s) 4.0.0
MultiWorld 1.7.0-beta2 by CzechPMDevs, VixikCZ, fuyutsuki, kaliiks for API(s) 4.0.0
NotificationSystem 0.0.1 by  for API(s) 4.0.0-BETA5
PureChat 1.4.11 by 64FF00 for API(s) 4.0.0
PurePerms 1.5.0-legacy by 64FF00 & ProjectInfinity for API(s) 4.0.0
SimpleNPC 3.0.0-snapshot by brokiem for API(s) 4.0.0
Sound 0.0.1 by  for API(s) 4.0.0-BETA5
TNTManagement 0.0.1 by  for API(s) 4.0.0-BETA5
Tags 0.0.1 by NhanAZ for API(s) 4.0.0

----------------------REPORT THE DATA BELOW THIS LINE-----------------------

===BEGIN CRASH DUMP===
eNrtPIlu3EaWv1JoBxt5ptnizWbPOrAsyRNhbEtryXEw6cAoksVuRrzCQ1J7kH/f914Vr5bs2IkH
g8U6GHuaxap33yT9r1lcVBlv3t2Iqk6KfLay57MmycRsZbiWa5i675gLx/Ncy5/P2lLeMpeLpav7
S123rKVnO8Z8lvK6Oa2qopqt/jVrdiXsmsnr+SwTdc03uHLM05Q1BeMsE1kgKha3edgAXpbUFynf
ieplESVxwoNUHDxmsM6riu8ARtym6fMkRSDlllerw8OT1eHzF+dXPxxeFOG1aF4mudBeXizw7uGN
yKOiOizpTgZ3DgMRVXCllVXRFGGRHtZVeFiLKuFp8l5Uhxcct172CwCnRLQKZYbb/zxUgJjCudnK
dUFmTcVD+P3T7JHOPgvD33kmXrepqI+3PN+ISKI5cNzHKzacXa9z0dwW1fV6nYUlXHYw1uuBxPV6
n0btu7JtegwHpICfjJ8fA+2PjM+j84Q3XNHmO59K28PMad+JPCwiccF3acGjgyL4RYTNn+f2kWE4
rmMRdyb7c3p+xptwe+AZn8rpIJ6Ou38LW5ZiC/8oYIcI6/CVvLgE9wQXPLBt/4/bD/G+WsVVkcmF
+ovxclzkjbhrHpn20nbn7HPAXsE5CQ4EYuqu/XnHHzZFAuX7XwiU49j6n2AKjpufdxzj7GXR5iNu
DH35eTAuRXMUNkU1WPAjc+mYPtmb/Yn2Zuie+XGDmx7QvovTtt5egnc+a+NYVAeEznkA3fTgS55D
+qkOXO/z0DVJeC1xuB/GceB/0N8fpGIM1huBBXuHHHxgeLr9O/DGEJYPQHCW1h4EeWd8zn/gnG64
Hzl3AQEQGCmU1A19BGHIwAem/yEg796FRV43VRs2XWh4xmtxDJVD/QJCOgSthy25bZK0Xq9f8iR/
UWxAhI+sOQNASb75yf+ZnazWayoE1ut+2fAm62XabpIcYEjSjYdJt4z9+FdLychTKjscGKjvSvza
JpU4UPgc62f2CWXJFCGWGI9nP/82n4l/Z+H076tggHIp2XdJflOkNyITeQO48gI2zGeY0JAp1zFh
cd2wv7C3VdKIGrjYQDisIBz2ZEKyUpvowu5OPC15xTPWhc+ffmbf4LmadjnDrm1ZNzzX5G4C+t9S
N/P+7Hfjo646ekhXHl2VbZAm4SDa+3WQgvCYrdhNkUT/osNLOrxuvmm2SU3V05u8Tja5iH7g1Vne
HIQQbZsDdfTx3+iQrw5B+S04VA3yLuM1+yYHnOyJovYx4XB1tX2M5ZL4O6D9EqprPLDtWVGkErz2
3UPGoo6aDxzd40MB2YjmCuy0P2kNJ+UGVcsQHLXHVnt+oyupN/kbFUE/pA4O/0IG4C571Tbbqrit
2bMk59UOE87pXShKVBBt9MeK9PQHFQkUn+ZN0uxeJDkEQNDecEny9TrBfYMFDKW2N3nyayvOIvaE
KYFsVNLr7hwAb799reK/VvFfq/ivVfzXKv5rFf+1iv//W8XPZxuRi4qnWPFiRQYFxeQsYA9AUMOg
dWYv9IWuPTu9OjIMvNsmaTRb6fNZUr+LxM1sBVIWUGIrf52tbM8ANAmW2KatO8J2AsvxQh57QjeX
dhxHXuQboaWbpqtH6JimFiVVg/V1q2h6m0BWhHLq1RW7OGYGUMAIMTNNXdfZQXff0B+zo5cnULgB
BdsSTi6BXMOEy/fguop8uobb74oaYZ+9enUFC3Rxm+TUA2RlAQp4lyZBxasEqm+QD4+2wFElDn+p
wUNhj2ocjIWxMJ/GoRl7ru/5sc5tmzuxE4QmNwNX1yPdc81Y6MJbCg9lVoFNH2a82cJpfeEvrKch
d7zIWMYgkRhk4nleYBruMowM3zACPRLCtGyLY4MScVAGB36zwxD6qwBCoHYD2SriDbZjILPrvLjN
n6r/x2ZqUxV1LQ6BZV7nWDTemAtroT81ddP3dcsKLSe2LV0XAbQYwhNLsVyGsWNGRgSlqo1YIRBU
oha8CrfEf8bLUiC6GzKIp8sgCHXT4EsRBaawuSe4GS95ZMfcF6EfhcKMw2AZoeTv1zZAOydJArC/
dosgV29h609j0w+8QCxjbum2G5lC2KFrm4a9dALfCyyQtA4Csx8GPRjizEFK74F3vVAPDSewddsO
OYjd1x3d8C3LN8zQinQzdGLX4sEeeCrsKTyQEk00geXSEkYY+5ChReRyz/G4oYMcPDB5+E+IwAyj
2J9CelCJBpBqPXVtb+nZYFSuG4QcZOosIdPZplg6oWmFpiOWoeNwcw8gRrWUopoiTX9q+wKkZ/m+
JeIoDiw/jMDhhAmVWuToAHoJZQXY5x6kIi0GGLofCFdwN/Lc2BSWFblLA0zHj0w/NM3QdkPDE0a0
Rw1NCaDuiFJFDhqeCD3bDBDlUnfcAJTrOLrrh7aIY98Ofc+yBTf8PZmnxYYg2AjBDVE/OgjbccIl
oLWgkhAh2KznB74bgzpD3bbuQdBKaM0Ej+oelGvEHlISxhaIOTRtAWRAbOJhBFpc6twA47XCPdPt
3ZdARK4tTMdxAjBP3xFgNbbjgR87ERyOQ8MCGv04nILIg6aXiL8Mba7bAajTNxwBoWBpRVaghyD0
wAR/MngAOjOmEIafWobRDgKwlvG6EdXTT421U4AVv4aYR1QZNpi0sPjSNQywQk8XRszDEHpuR7d1
AwKVbXsC3D7gInwIipaUoYS0MJ76psld27aBIzf0Is65g/9bWlAAgtWI0PasJRd7Qq7zongvlJCM
pzoPlxBnwVqN0DZ8bsQgdvAMO4K6w8HY6fjCJLOpeFaLHVpwKqidJqdCLw3hP88WwhGWudQtIwAf
sPXAMcAShViC0APXDXU+AGnbRKYOiJoQ5/0g8OLAsZZL1zdAopYHxmHbURjYkQunw9i0oxiPb9us
5rw7fz8w17ssLvIdqDHdxUmaaqEapd0AqWgV4FOR73i+J3yIG9YyjiIz0C3XtwInhpwhXBAoWNhD
sCDaL/UelvHUMHQdcoiIDO6D+3KA5nNhmBCXIfBDttFNx4Y4+yFYxogu4YJR+LEVobHHkD58e2nF
S0MP7dACoizX9Hz4G2DdiiAr3vOqOYSoJCqVMDFluL5rhx5Yw1K3l4bNl7YJRiB00HEE8ZgHemws
wasmQEpwOw3DLpYT5DmRb/lg3xE4bggmEQR+iPnSCQPdiSCTAW0+GLoz+62f/FE6h2aoUXXxqPoZ
r85nQ9mjY90AK7xttkUFAH6C4omXCY5QhpLIwZJK5DiiirpKKBIllB7qRF3Ezcl4IYPKEsC/ggh5
9M/1eoReVp04uYRQjnXZ+eXV2/PXL06kPOqkQXpxloOHrrYIZ8IGLY15wPQ65WF2gUk9b/6RZLM9
fv4oJ9dJht0agV2vQ6CjATokZ4qi32cIaivIGCdJjfgn6tm7M2UPyf6Iiv4oS3ULpU5QBMEOq01g
ZUrEZyiqKKoICodGFpQ9T8PqZ5ncnza2AfGn83By+kNSEYE9A/3SVBvmwtGOXlx8f0T19sjoSuik
oB+Yzy7Pn4svZXcS6Hp9Q6Ss15AK1a8ReYq7y6uj11dvLu7zJm6uiiIdK6dfmvJmQC35V2x3pt7U
t07sSvAv5lIdDcDKQM1HWNk2TVlDOwjy2LbBAjqVUed32MMAhr9PIqGsecz0ZHnfxYypj8HmLBDg
il+IWQVuvR4T8WnmuZVHF8AD8PayTZvkbVFhe9pzNlqc8uVBBA9Ew/dM9fi9CLcXL0FmKIgfkrvk
+vif9GIP1P51e53A72uo25Pr+ksJIESUZQbGBWxnSO8t0gsiGNP+cUHcN4ARI4cjQCCnV0WTxEnI
sUi63EHtmI3k9cDN/0BWvE/Fp8eri7YSmHvGE45u6V5y3MuOrv38ua5/lmIJ+IWoMrKHKWOz55xK
0fqiKgDRjxChira+ONW69dnA+juJe73uiB1+/QHtE1Gy9DnswSjhSGKn0pFrU/FAxNNSseHh7iEh
sf9iwBXOz87yOMmTZvel/GEiCSJs9PMLyELCAWFcJlmZilcXxyNhDGtjYVhk2nXOy3pbNFNxBFVx
nYgvFvsVuPW6zstwvR7T87mMK1CHAwxkGqfxY4bp+j/g44T409366tWVrJPlEK6nf7r+H+BjQsBn
8MM3Yyeky49TrzDOvnBRiJg/Md3eNzFFEnVa+E6DaMR+ZdQNpCk80ox7UVYFFNgNjVlnjy76K3Zc
QCzZMHwZZF2t80eXvGHnYcMMlxneSrdXusfenj1jpm4auCHl+aYF0T8R+Qavs6KJnqxbXedevG7j
2HTp75D+phXLpr9d3C2p0cqiap4YvmGZuHi7BWa1NKlhjUDyO62ktxHqJ4aOK/hSSFZEQt6PiyoU
Wr9WxDGuAr8Rjo676/KmfAKlKfyKkhgyGyTk3RPCJ+fxTVFptWiaJN/UT4gzcSNSDY3jiXyu0K/V
QkSjLThAeHJy+vzozYsrXJWmoP3aimrXYQcbKrSa3whFw00ibrUowVdRQvFE8n0XFHcaGpvaM5nL
LHYZ9t+PGJoJC0lLbUXpmZTFQApsonJSH7vaQlvIOsYYrwRrtoIVOei6gZTEQp7nRcMCwZI8TNtI
RPCD3TMTCe2yyOBsjCD2odY8FnNWwJ2qRqAsqAS/ZruirRQ0lsQso/dJCAcop4Lcle4k6Ffitgd4
GImYg4Jqdlvk3zYMB9+8YijEDFjG8e0OqcTXLST3t1uRs7bcVBy6q80CQUr7kgBXeMHYo7dbgQTi
C1LQLEcMX5aSz3RAGhXP6xQ6s0jeJpLTApABy/BLNCQ5bHJCweR4FVcyCVtaYecOKxbztBbyVr1t
m6i4zTX1mtaKrWcv0UeEsWPhdt0aQngMFgzDoGVrdBFb4FgzRf9Rmha3DF0DSGZqssJuEs7+B61N
7iLD09TNCSGPTsk01UEGLDB0EQZqBikiyGDHlOzlCWXL/YYpuLcJyK/IQRk8ilglaqkz1AU+Q2SZ
4DWkewzLDDQVCKQeZCl+bTm9pbZJbmDvDU9bwQ4UYggtjyV8iVVolcAAoYGe8HHgCjYo/K9aesUN
DPKo3uXhFa+vGT4yBRNcqC1vatAn+kbHM27cVkUOZSBr4EA9Z1TsMxUGwKHmDJ9GVfI5LkkJIjCu
ZW2uSuIO/CVZBfAGJloVdwmYpwBxAGtk+HlPIMq5J+osRlOn1/TApOcsab7Ft/YqOhhBBA+lre0d
ZwfARwuOZyoBETOa4nhFwO4bOiebqdo8RwVHGLKKklRCz/PqBYMORf1mWbLZQkyoeL2djz1YWRNK
pqraspGrUnAooAzo67kjZYNv0+O6SPoTx9fggPiHaUCbQTssQORgb4uJ8eGEXW5bMcyunXNjvK92
nWv/PS0CMCrMtUzeAT/JkgbjRAY1dLBrQAHsUspdJ0nLaZICcIVqvE1IEWRo4Py3mgTV2V5NzMYJ
0AoRDtjICVpcCdEhldYPymvR1dmmAL0VGErQTCSqDZGqEXkrpnf8AA0U3OXDkv8TnGAh83t8YCL+
s3zUTVESKSos96QpgDWDOFPitDsaEYaYO+oM3bRHBFK8eEuOo+isv/0ilJLrEGkYXFjYQpLLIckx
cSfClsJ2IUmXbotJsd8t7kIoLeqBsy7OnV+drtjV92eX7MXZy7MrdnRx8eLs9JJdnL5mUCX+4/T1
nMEmdnUOu07Z2+/PX5yyi9fnx6eXl4v7sWIiGdNxR4KB1iwpqATACF4jq+FWUCwnufRR2gBdQBkS
qVBEmzSIn6KLzwogvs6V5BDfwdaQ+w+ZojRBqP0w3ea4TaFU8CUYiNpDHhgHA8B0jokIaww6trh/
Au1E1emgzFKEWIpIaSPhUtvybM8NmJ4o64FtS1d8148/RJiSgjWSwoZXAfiQNjwbU2HrYYmTWyJZ
6hxT5yD8ZzxvqfwZUwQFYgsW+njepZX7JtoZqczWcQzQJOfZ4KoLdi6ThnQIqFuKNo16ahLIRLc5
G3ioO9AlsQAsuzis77kGnM8pwNzLuWRWEk7PI75L2GXv7rzao42Nd1/vyJnS7wN2wx4wuHuWc9kV
sqjMCnCioSqDj9qslNVeV1gydUvDW4MeT3CjOkS8ENEdR/jC9q2AAMEfEDvUA5BPAcsNGGFdtwKD
SbMFbW66OhgDHuIbKJt3CpYFiCp1Fx09uPmjcsO2Kty2+XU98HDMS1xPsjaDBA65u2Jdk4JKZrIN
k9QMkka/UqIlz7pvg9AQlD1lhFTDSr2FjG5PNHlSyNv7lo+FGMZNiaXb3jmchKi27vNJRYoWcvDp
Eaf4JIkKI6hcUaZAq6xmJKyS3nJk8pTkd+AVjvVSlvx1FOD2Ab8UaYqti4L9e+B+z1bxj3o/cNWn
HqgMt0Uqq9wA38ul3kC+lTvHuKLSF8VH2bmpuzJlBaKvd7v0+Wisw+4mhuhqh48WN3OmGSP1KtUS
cq3pCOpTC2WBoaCmrhnr2EhKAjsx6j3wOCwq4hbseyhGwdqeUHXJji/ezOEs0BGAN94mETgIVSZd
HO4xaIRhxdyhBxgahJrkNNq9YEcRBLstT+NDaItl5xIJsHSFDhAznMqgAY7cdpxWR+D2Gq47jI1Y
6fJ0wZCQNxf5RVf5D80sNjhI2C0kZnm0LfNSUyv3Gq+Xykfr5L3oNYx9QqdYfBTcFWvQR0iTGSVv
2zfloccLpl7gZimvNnSAq85aWYfCGVd8g4yAhkCAdZlSfYStcgYsYHDgFWrtOE1gl5wB4HuTom7Y
y6s3RGsNbCHzQdswnDqQYgeEst9ZDPEpa1oNz62I4mkTK/Kw2pUyMsQMhx5Qe0HJ3DEL/TzOeRaM
8t6WY5nBkgwk1KAmQS/0RTuEtjnRAwq8IcK3KA+I2BTEIf1zSge1VK8sVmBvo6wWuRFy7qHCY9/m
nZxTUXZydnn0DOoxqt/anGwKw32L8RWDayRLkASNU30gFU1boIHXaTyIRNBuVkNX+R0zsJtURfMW
whvtYGrwUMuhCfp7XhddaaC8xeiASi46qMfboqhpwNI1lKIbIlAuwPcIWc1vhtyDYy41sKO3DMcB
EYmkCaksGNUM6pciyeVAg+T3LfsxKO4wQlTs7IQd/Pjm7OQx2AOEB6AD9t+CMlFd+CwHnAdbzSrq
ZSYLHfCWYtBpDlHhx2cvOgyqER2tfEvocNpHxQmpXRU9xGHRzcRUah4N6+JYIYa7SbzT7tokmqqp
GxtOh1FXNE2SDin/cQUpDdqtvK+t1WwrhJDTdOFZndLkqZU8EQUdOpmMVFjtsWFmxW8Ruh4qx8Pp
fpqfd7smE8oHR4KduI8y/GyNphRUTsjgA0LshI2VA0ZVNdUBs8ArlfoBwGsqBUYASAy5kJODQEiA
gcBP4CDw8FsyFrRjiUGZHd64X1ZIYSDCkTAgfjK+T3YpX3kHrPih3cMU6x8imVf4MIXxzi2A8AEA
/uops+4Nr4K0CMn16ySS+Qf546BxMMu6DcZS2WBihh0ikumYLvpUSZM0ZTo8DEUqqIeRTqDwpsk1
IME+nyJZykEIm6q4bbYyDgISzrYS3ihIQsyomy7RE8EayqUjTxuE1DF4dlKPuMNwjzYhITL5OnXP
bD9R6woqOrWnNoCpMZM9AnKh1Z8qeJjejXS8uK9kFQBveUK9OKQnaE2llZVF2aaDk6lLrCdol0pE
claPf6hdQ74VRszoGPug8Bi1QTT5lxPMVV9c4eCVBgXyhqxJlP0l8kFKF/ujcfhEn9bwy7F7i31w
2b9RbqFniItJ/QBRRZOPkka7t6DflSRrUWZZuUiKngcIn7sMW1wIBw1On8N6zAwmRbWDDTuIKQqe
fLOpxEbNVtUgVg6V8JvI6/scE60Qs85PzvHjC02lHFmVYDi8FbJb4hAmbglnTQyMWaHVxegRClQG
E620JVDXq+8BcYPq5Z7eAKEaw+8QKHtO8toxPvEQ49HmHFJQueXgVALzR4X0DLUyZKZYVNAvaRhv
c0zAo7NDspSJik9mpuoR5SjTt9AqQJlFobuLjQquMgW5o0P2gOIlo/uab5JsnLJUMYDg8RQ6DmYo
VDTmC0RNg2F1rHsksBgjUvf2MXVC/b2yQ2UvqXLpPqOhmoICSJpe1N34bKuWZfys+uZHhRx8gAFd
Z0T1WRL3oPCN/LaSD7kwiHUTpC60A0QV+MYpH4pGXvcNJ/QBHN8A6K+xNgN6lSZXnUq7u2DaOPJc
sZ+omIL6ek4z0J878NRPjiuJ8eM4YgyL/4ryCc6RukecNCB6KJlTMqCOuKZmh+YM+NISUK0qkikr
HW6ipLtg+GgU02SX2gfMK/b8xdFVt0xvq+Lw8W/q25C5498Bh7mYW3f4KdKcYvzfRkWpfJw1ndjI
iIC5FkSvBrC8VRYq35xh8hu0turCfNd4Vv1zMIpRAAdyYUiPJutOblr3GA2MpOtLHj2n4ETI6MQE
DBX1auXdaEWjUnhSoRayeRF3EC5r1b2H19jv1dSfQrwMEuiydrLipH3IM5AD3aRMTZ1rSV4JB37J
NdjibD4Td9CrUO9C72BDETX+SCsI1WcV/Qo+8cwjXk3WiuxdVDQQQSer6t35YaGt0vE1hpTxdZyk
jZgA3mSTT8agTZvQkoAX3owX8EOo8XUWyOe3kzWICeoNDmOBC9RkgVzHm8pwKofXIh4+W+hXa8oe
9XQJ6rhsvHJ58WKCflf/mtKXb+oX6281xbXI6V/HGO3f8Uy+Wm/S6ybvk1K+7+ov8Puq9/LjkH43
XN5lUyEXSI2p65ZhmPil08XJ+YTTqHhHlOwvwlIy1Q9Eg7yuJxvlq0s/vpywuEcBXOJEZMoWLN7i
v+IxWRx9CWSrd8cvtnumhoUafeVldl+hoCFs5Odf9CqYucDPHFTX033Pg0exSS7UghIW9EqptEK0
Bl39QydYEk3MMLqnwWSidBKVNV6CrrOloL1ppWl18P+J5d35BQ37hgO//fa/Md7+lQ==
===END CRASH DUMP===
