PocketMine-MP Crash Dump Fri Nov 12 09:10:14 WIB 2021

Error: Call to undefined method pocketmine\block\Dirt::getPos()
File: plugins/MyPlot/src/MyPlot/EventListener
Line: 272
Type: Error

THIS CRASH WAS CAUSED BY A PLUGIN
BAD PLUGIN: MyPlot v1.11.1

Code:
[263] 	 * @ignoreCancelled false
[264] 	 * @priority LOWEST
[265] 	 *
[266] 	 * @param BlockSpreadEvent $event
[267] 	 */
[268] 	public function onBlockSpread(BlockSpreadEvent $event) : void {
[269] 		if($event->isCancelled()) {
[270] 			return;
[271] 		}
[272] 		$levelName = $event->getBlock()->getPos()->getWorld()->getFolderName();
[273] 		if(!$this->plugin->isLevelLoaded($levelName))
[274] 			return;
[275] 		$settings = $this->plugin->getLevelSettings($levelName);
[276] 
[277] 		$newBlockInPlot = $this->plugin->getPlotByPosition($event->getBlock()->getPos()) instanceof Plot;
[278] 		$sourceBlockInPlot = $this->plugin->getPlotByPosition($event->getSource()->getPos()) instanceof Plot;
[279] 
[280] 		if($newBlockInPlot and $sourceBlockInPlot) {
[281] 			$spreadIsSamePlot = $this->plugin->getPlotByPosition($event->getBlock()->getPos())->isSame($this->plugin->getPlotByPosition($event->getSource()->getPos()));
[282] 		}else {

Backtrace:
#0 pmsrc/src/event/RegisteredListener(75): MyPlot\EventListener->onBlockSpread(object pocketmine\event\block\BlockSpreadEvent#111748)
#1 pmsrc/src/event/Event(62): pocketmine\event\RegisteredListener->callEvent(object pocketmine\event\block\BlockSpreadEvent#111748)
#2 pmsrc/src/block/Grass(81): pocketmine\event\Event->call()
#3 pmsrc/src/world/World(1129): pocketmine\block\Grass->onRandomTick()
#4 pmsrc/src/world/World(1041): pocketmine\world\World->tickChunk(integer 18, integer 15)
#5 pmsrc/src/world/World(870): pocketmine\world\World->tickChunks()
#6 pmsrc/src/world/World(785): pocketmine\world\World->actuallyDoTick(integer 467)
#7 pmsrc/src/world/WorldManager(360): pocketmine\world\World->doTick(integer 467)
#8 pmsrc/src/Server(1730): pocketmine\world\WorldManager->tick(integer 467)
#9 pmsrc/src/Server(1612): pocketmine\Server->tick()
#10 pmsrc/src/Server(1028): pocketmine\Server->tickProcessor()
#11 pmsrc/src/PocketMine(301): pocketmine\Server->__construct(object BaseClassLoader#2, object pocketmine\utils\MainLogger#3, string[9] D:\FLOTV\, string[17] D:\FLOTV\plugins\)
#12 pmsrc/src/PocketMine(324): pocketmine\server()
#13 pmsrc(11): require(string[53] phar://D:/FLOTV/PocketMine-MP.phar/src/PocketMine.php)

PocketMine-MP version: 4.0.0-BETA13+dev [Protocol 471]
Git commit: 73592349cd29d91b03c2703107db859115a92e2d-dirty
uname -a: Windows NT PC 10.0 build 22000 (Windows 10) AMD64
PHP Version: 8.0.12
Zend version: 4.0.12
OS: WINNT, win
Composer libraries: 
- adhocore/json-comment 1.1.2@fc2f76979f0a44a5f5bc2a2b600d0762fe0e78e7
- brick/math 0.9.3@ca57d18f028f84f777b2168cd1911b0dee2343ae
- daverandom/callback-validator unknown@unknown
- fgrosse/phpasn1 v2.3.0@20299033c35f4300eb656e7e8e88cf52d1d6694e
- netresearch/jsonmapper v4.0.0@8bbc021a8edb2e4a7ea2f8ad4fa9ec9dce2fcb8d
- pocketmine/bedrock-data 1.4.0+bedrock-1.17.40@f29b7be8fa3046d2ee4c6421485b97b3f5b07774
- pocketmine/bedrock-protocol 5.1.0+bedrock-1.17.40@5abbe5bc21d8a9152d46c26578bf5257526612f9
- pocketmine/binaryutils 0.2.2@f883e1cf9099ed6a757a10a2f75b3333eeb2cdf9
- pocketmine/callback-validator 1.0.3@64787469766bcaa7e5885242e85c23c25e8c55a2
- pocketmine/classloader 0.2.0@49ea303993efdfb39cd302e2156d50aa78209e78
- pocketmine/color 0.2.0@09be6ea6d76f2e33d6813c39d29c22c46c17e1d2
- pocketmine/errorhandler 0.3.0@ec742b209e8056bbe855069c4eff94c9734ea19b
- pocketmine/locale-data 1.1.6@216b49b87e20332f0b39d1717e1e2012a40074cc
- pocketmine/log 0.4.0@e6c912c0f9055c81d23108ec2d179b96f404c043
- pocketmine/log-pthreads 0.4.0@61f709e8cf36bcc24e4efe02acded680a1ce23cd
- pocketmine/math 0.4.0@6d64e2555bd2e95ed024574f75d1cefc135c89fc
- pocketmine/nbt 0.3.0@98c4a04b55a915e18f83d3b0c9beb24a71abcd31
- pocketmine/pocketmine-mp dev-master@73592349cd29d91b03c2703107db859115a92e2d
- pocketmine/raklib 0.14.2@e3a861187470e1facc6625040128f447ebbcbaec
- pocketmine/raklib-ipc 0.1.1@922a6444b0c6c7daaa5aa5a832107e1ec4738aed
- pocketmine/snooze 0.3.1@0ac8fc2a781c419a1f64ebca4d5835028f59e29b
- ramsey/collection 1.2.2@cccc74ee5e328031b15640b51056ee8d3bb66c0a
- ramsey/uuid 4.2.3@fc9bb7fb5388691fd7373cd44dcb4d63bbcf24df
- rhumsaa/uuid unknown@unknown
- symfony/polyfill-ctype v1.23.0@46cd95797e9df938fdd2b03693b5fca5e64b01ce
- symfony/polyfill-php80 v1.23.1@1100343ed1a92e3a38f9ae122fc0eb21602547be
- symfony/polyfill-php81 v1.23.0@e66119f3de95efc359483f810c4c3e6436279436
- webmozart/assert 1.10.0@6964c76c7804814a842473e0c8fd15bab0f18e25
- webmozart/path-util 2.3.0@d939f7edc24c9a1bb9c0dee5cb05d8e859490725

Loaded plugins:
ChatManager 0.0.1 by  for API(s) 4.0.0-BETA5
DEVirion 1.2.5-ALPHA12 by poggit, SOFe for API(s) 4.0.0
DevTools 1.15.0+dev by PocketMine Team for API(s) 4.0.0
MultiWorld 1.7.0-beta2 by CzechPMDevs, VixikCZ, fuyutsuki, kaliiks for API(s) 4.0.0
MyPlot 1.11.1 by Wiez, Exxarion, jasonwynn10 for API(s) 4.0.0
NotificationSystem 0.0.1 by  for API(s) 4.0.0-BETA5
PureChat 1.4.11 by 64FF00 for API(s) 4.0.0
PurePerms 1.5.0-legacy by 64FF00 & ProjectInfinity for API(s) 4.0.0
SimpleNPC 3.0.0-snapshot by brokiem for API(s) 4.0.0
Sound 0.0.1 by  for API(s) 4.0.0-BETA5
TNTManagement 0.0.1 by  for API(s) 4.0.0-BETA5
Tags 0.0.1 by NhanAZ for API(s) 4.0.0

----------------------REPORT THE DATA BELOW THIS LINE-----------------------

===BEGIN CRASH DUMP===
eNrtO2lz20aWf6WHSm2kHYLCfXDKKcuSPFGtbHEtZZyaMOVqAA0SEa7gkESn8t/3vdcNEKRobybx
1uyHpGZkoI/X774a/GWSlHXO2w8Pom7SspjM7emkTXMxmRuu5bq+pRv2zPf8wHKmk66SU5Y+M23X
1j3dMnXDDGBPxpv2sq7LejL/ZdJuKlg1ke/TSS6ahq9w5JxnGWtL1hWxSNJCxCwX7bqMWVVG96LN
YWi5DDN4WS4v0rqdz1eiXZTN8QmASbose51mCOdivly+vr65+8dyWWXdKi2a5fLNZpGV7XLZ1NH2
5fJBFO112rSiEPWsWlcIR8JQG0/l0lPY1j/ubIINGaA1mZueCaypeQTPP0yOdFbluAf/L3DD6Tux
wj21iPu9x55zMmcHcdG+KYtXSOhtVQseH5fhTyJqd/hAUAd2jBYToCPDMDzbR8YcGc9woSXHrgnH
HwD5HFPtmwhEI3f9IVTMESq0/PTvNW+aY984jAoBkKeTkI+sEYDHss7i0/f499gAPdsDodChA5Cf
73gRl/ldGt1LUPanQOn2PjY0vVzSvPZNCyDO111xf5wWrViJmhn+lA3PDkF3PgHd9/TfBlxq9ZH7
CTie73wWDo/aDri2uSiJ4h472/UIrHcY7BtegCnWx5b7eSzjw1D9EdRbUYPXODY863Og1IGS7mfw
ggPwXGNfbeWMAiE1Xj+wUTf9z2xc1GUEjqisFYSx0SxozxvYcwwO7xNAPnyIyqJp6y4abOQVb8Q5
uL7muuSxqI/MKTtgPV2bZuigeFpclysg/8iaMgCUFqsfgh/ZyJkNw4a3Mz44OYm6+QnUTXsP9UZy
Ru5SlgWWBKtq8XOX1uJYnedYP7Jqzev56enF/JROHUHW3ixmOLt3IPrTk8mPv04n4v/Y8/9ujw24
yV0f0uKhzB5EDgsBVAy0R+2kn4URCQlGojIWSIrpWjC8bNl/spfpqihrcc6LSGQZ4J7wrBGw1nTt
YU1Vp2Wdtht2ffP+8vaOZh01Sy/udimvec723Sj7inwirfXU2lN68+mt6sIsjVjSFVELoZrtBpBP
QDthc/ZQpjH7hSAFBGnZpsmxnNe+SZuBruOTE7nO09W6ZVuLtquLv9GooUZ/pTdTvX2VAaTsLc8F
e8F6qCA9wuj4hJ5JkvQknZt8fl1mYDW48/hEnmBt8fvLV+06Bb8uJYR4XuM5ZGnx8fbQkxPaaR/E
2OlxbETbgqI3iOIuXMCDAN+qFWPQEggKjh68HlohHom6qwKV5iBMnHi1AbpTFNbx5/hyAqGlaVEI
ZcJwnzzWH3AvuzoSv//AW9r/G04MFKG+PlKTPVohxrLnGCm98Y1BCl81pItXzS0w8otwCVUAgR3/
QdqlVP1efX8VYMuA/q9/Znd/Znd/Znd/Znd/Znfj7K5PkRrMic7XvFUix9eC55TbjUank6GTMNFn
+syAEd5BplcDgB8AGq9S9LA2zOnaq8u7MwfPEAUPIQGZzEEAYjqJRSWKWO1oyqS9GA/knDK2t2te
nP1zuRwdL8WACSBIDJYsbm7v3t+8u76AoUcRQnhAfNHVX1z+I60JzYGMYWhMgzEzZ452dr349sww
d2iZVCDtFNO125vXYrJH2u8lSgJdLh8IleUyFv3TCD1F3e3d2bu77xbPaRMPd2WZNWPa+qFd2gxn
pv8VjtglbKsD7E7w/EuR1uMApGyx+Qwp67atGlBZ4Me6C2dRmY+083SAAQS/6bI2JX80Ink0uEu0
B4oXipbvifP8o4jWizcAF/H6R/qU3p//k9pOm65tuvsUnu95lqb3zZfiSIRHVjkIAJiSI77Kt+7g
/lldPsCkESGnI0DIJ1njjHjUFz07SmHsWe3kfSo+wsjl0xNXGvgTb8ricVMUhv7HmDG5BLdb5puz
xdVkOjZBQvq23WTkVC55szkv8xxygLOuLaEgzCZbPvY52EDO/2Igb0vIbNOIY7J4u4EcKR/x5MDk
v8GpPcfit/u2RQe1KjjFEVHD0K6obRD2rqhd+/Vr/V+TKQFfiDonu9gT72tOxWoD8RkO+h68Wdk1
i0utHx9J8YM8e7nskd0+/Q4rIKRUw2AAo5gjkd3ljhzbZQ94Ry0TKx5tDjGJ/QcDqjAfuCqStIDS
/0v5hR1OEGKjxy/ACwkHmHGb5lUm3i7OR8zYjo2ZYZFqNwWvmjWZ2IgdYV3ep+KLxQkFDvKbooog
QRvh868SrkCdbmEg0WVXjAOFfP832Dgd/NvN+u7tnUxzZA9rwH93/N9Axw4C/wI9fDU2Qnr9PPbq
xC+laAP+cPJvQ/uAiimUfsVOI7b1BFTee1lUn2ATnk9QkTfk+TCfLmsE6yOlmI6EUc7b9XgESmfA
G/aOx8r8Q1y2hWh3RlXvdTvQ1dn4PebtzjwE0VbsAF7l1fh1zZsdXFII1Q/jgZ8aEtTwnoey4NgZ
K+tWiRNyaRjAvhMQFI8XVdEuH96JJBMUIMajDXG02R2K0y4fj9wurneO3zQ/Z2ju/RMbptryXhTp
x10WbHiOTDMh7Ufd+5hWMicKZja+Zmk4Xg2vT/kuk0vExtR1C1saMLC4uNmhNC4/ECb7gzCU7sqn
BI1tmp2F0o99/2aHxD0M4BV7N7tkweBjne6Ju2rXuBIZKu0IsF3vqRq2MqjCNUmEFnElXYVpwesN
xQVz5iInsGcah2oRgorqTdWWakAxKwa5Si1EbdBVaz8tknJHDeNnEkx3hE6sssZDtQBtR7NadVK1
evj/BOthN4uIR+sRc9FY15U6F0/ELhnPxinB2HrRMnkjtpfkI+9pWDjbpVh76MCa5gPWU8oNVXXZ
llEJgG3PgGNStFjPcgLTsoMoNoM4MELdikwP9EX34tB3AsNweGAKM9bitG4x8+gUTu/TIi4fG/b2
ji3OmQEYMDqYmaBvOjvu5w39hJ29uXBRY/HKe8Snj4JswR5UYF19KFEB3l+9fYt3FvTySJ4Q3ExV
NqL+AIKrIfEX5LJ4vAaKanGKxq/BGnWjYqB5v0wiM/HcwAsSnds2dxInjExuhq6ux7rnmonQhecL
D3lWp9H9qfJ3+iyYWS8j7nix4Se66Se+nXieF5qG60exAVwJ9VgI4JvFBTkzEAZ1BE+xuxjy6F57
gOoMnBzeRAHP7ovysXip/kVNW9Vl04hTIJk3BTaqH0xU1ZembgaBblmR5SS2pesidB1XeMIXvh8l
jhkbsesGNp4KLrcWjeB1tCb6c15VZFMPpBAv/TCMdNPgvohDU9jcE9xMfB7bCQ9EFMSRMJMo9DHb
2DZyTkMR1/CmAe5cpeX6X/tB4Ks3s/WXiRmEXij8hFu67camEHbk2qZh+04YeKEFnNaBYfZh0FtF
nDhoGc/AOzwMBQrLiH0eGEC17Uam63h+CCxwPMd0XcNMgj3w5AbIP5AQTVQB37eEESWBHgQidrnn
eNzQgQ+eE1rwnxChGcX7kA4KERAFrXBtz/dsUCrXDSMOPHV83zFtU/hOZILtOMKPHIfK+TFAbNxl
pXKEiJr+0g4EcM8KAkskcRJaYIKWDqZmOG7s6ADaN/UA9HMPUpmVWxh6EApXcDf23MQUlhW7vgGq
E4AxR6YZAdcMTxjxHjZ0QQqZQpwpdFDxROTZZohH+rrjAv99x9HdILJFkgR2FHiWLbgRhLugshJz
gq2yGDP3JVhJaAeh7wkTFNlMdKAtNjzEROAXOtzWdc+Oon1IK8LFRlzcKDDMSAexOU7kAwHgkHwR
gfZ7QRi4ia3bkW5bzyBooygiQblG4iFNUWKBwCLTFkCQ0E0exaAPvs4NMAMr2jOCwREQiNi1hek4
TgiKHjgi1k3b8cAjODFsTiLDAhyDZI+eImwH3gZ+ZHPdDkExQJsFOBXfiq1Qj0B8oQmWafAQpG/s
Qtg+apQKgSvXco6XKS9/q9feBVjze5kygL+1wTiExX3XMECfPV0YCY8i1zUd3QYZ+YltewIcSMhF
dAiKllaRimzGy8A0uWvbNlDkRl7MOXfwf75lAkYg9cj2LJ+LPXSaoiw/ij6Sv9R55IPHBr03ItsI
uJEA28HG7NjxLQe9sBMIkxQQMttGbNAWtomZQfYewX+eLYQjLNMHhoRgTbYeOgbotBA+MD103Ujn
WyBdl8ogBP4XIkYQhl4SOpbvu4GRxJ7lgXLYdhyFduzC7igx7TjB7esubzjv9z938c0mT8piA2LM
Ntgi0vqc+AFQRa0A64wDxws8EYAHsvwkjk2QpBtYoZNA9BEuMBQ07BAsiBt0LyphGS8NA5I82xKx
gYK3OEALuDBM8PAQQsAiddOxwWN/CpYxwkuAczWCxIpR2RMIRIHtW4lv6JEdWYCU5ZpeAH9lMZKX
H3ndnoJ/E7UKvRh83MC1Iw+0wddt37C5b5ugBEIHGceGE/JQTwwfrGoHSAVmp6EDp6QXcYkDK0g8
EYPhRqASYRhEGHmdKNSdGGIi4BboHoChkmfQrdmG0tAjhnUUg0ohSVddTf0rhkkeS8qa7WRVy+KI
3a0hnLLhcp7XgrVrwcpCNPDAWxbxoihbFgqWFlHWgQeBByZvPmYQ1SD8tpCZIKzbMoedCQLYh9nw
RExZCTN1gyBZCC7rnm3KrlawWJqwHIqJJKUTIMPBD0SyDQJ+Kx4HcKeQwvIuaxv2WBZftwwTAF4z
qFFL8GAphrENYohX1JLux7UoWFetah4DgNmyWBY9sPmyYOzo/VogYvh1TIPZKn4pI+so4AHkOA2m
zLGcJlRlBGDAz0y0xC+8JYgEkwEGR3KEDByPhJZxTIpXYi6/WsGJZt21kCkWmvo+Z86WkzfLDlIf
Y8Oi9bIzhPBYi/9yI2cwYxgGzicWUMDO17TWRCrpSS/W7AmIznBH7KXsgYYjFhIIB5BM8SnyClbI
HZu/LCdE/VmWlY8sSxvkCFN3Tewh5ey/O1FvcM3P+KCpqREZR5dU9KtN9GUCZqYM1AI4j+DCDVPy
wvWyR6AN02NQ78EsQe1AeDyOGSR5UsYoO7xeZLngTVdTh4OBZEOBWIMExM8dpw+bVukDrIXspRPs
WB3KTP0EocsThVaLCqphDWSL94RzmKaz33Z5CGIF1T1rNkV0x5t70K76HpR1Rgu+a/CbIzitpxSX
reuyKDtQEVjeTBndHDBZyKDRTRnm70AIVizEGzB6HMu7QvWVJfBb0iGgCVS5Lp9SUGMBbACSyDyK
ATnkrULoKkGDwDWo+FOWtl/j5101bYtFi3ekqJd7m9kx0NCBcZrEFiJDU5TOCdS+QXDSjrorChRn
jEVmWZEQqPJpZuxCPKhnlqerNXiMmjfr6djCleYgR+q6q1o5KhmGjMkBN0UXCRcsn8qaWFodp++n
uuYwBqgjqHNQW6SgXbORomH2IBfNGdaDaPq5gNM20vD/npUhKA+2p5gcBzvI0xb9Ry5WPNy0wHB2
KzmtE2/TBkHT9jsU2mNKjCeFAsfwqElAvY41RGCSAobg9eirDAST1EL0R0odB2F16ArYqgQ5lehm
UCnwoBWhqRFqc6YjFXA6uXmZ+v2/pwD7fZ/Df83r+I/h37RlRSgoFz2gpMA1DLxHhRE7HhDCU3us
DEhwFWLkA96TUSj8mq+/AIZkFoQSOgwWdRDgCghwTDyJqCPnW0qUpUFiQBxWi6dIiLjZUiT91s3d
5ZzdfXt1y66v3lzdsbPF4vrq8pYtLt+x9zfv/uvy3ZTBInZ3A6su2ftvb64v2eLdzfnl7e1s3wPs
8MN0XMWOhajTkoI++uEGCYzWgjwycWPwtQbwHtKOmFwLLdHAEwrpZQnUeVkAneCfQZuQ3k8pm1Sy
xzVGb+AJeiC5jCBLIOB5t368N2444wZDCOYStGH2fDXqgmpWg9gqEWHKITmL6Eq5yr0DDaBeomq2
pFq6orU5OYySotxSlK94HYJlaNvsnRzQYe6SqSE6ahdTu8B157ygj5J2MIHkrwMdPJn2IWFfCXs1
lNE1SQCWpDffmuCM3UiXLxUeMpSyy+IBlxRiyGPBtvg3EnBF6AOhrq4rWuG01+QsnsVIUh0JYaAt
qcu8j7Vyt1qhjVVzLGGkRknymW6wAyq1ox39N6YkshpOQjVUihx3eSUzOJkmMjWh4UQvrwtcpDYQ
7oRmTwG8QZQHY+cHGAwxG+IenPAAStY0nUDH0K5Baqs+o0WnhadtsZr2gpQpgkpcZxIbXPpJPuX8
SaPucdPjfs4rHE3zLocQC9G1RuD0FSoKEsI03/Suc8tXtBfFSrKY5zoGCX2lMKIDNcy0O4i59iCx
i1JO7eu0/Iy6hy8X9yYkYamFY8oocdCoozzQdgGoUKoC2SNyD7CT+YWEUnGse5jcIyncUgfbFD8l
Pf3JuLg/VzIww1JDwf08qM/p4bIoRIsCm6sQAZnZusxkhhnyNlpTJk4oN/hhJFNBhnybrK7UrAwt
oRhyTRnejsZS6qfQrdabFoFPmWaMBEjCo4O1tkdGhQDy2ts0lm4ZMIOMJeVYL1Gej5thUKE1Y99C
Kgi69IJyO3a++G4KewGHEOzrMY1B7SlXkN5zgK8R/Dlz+6x7m5A3xJ3R2hk7i8FRrXmWnEK5KquE
WIAOq6PgUIb9R1SwkSFuw94I2E5R84ReDTNMns0YIvHdolj0ufa2yMRSApF6hLCJG7uqqDT1vlfc
vFFW16QfxSBPzMp7MTYY8FTKBFm7VI9RaLUDU246mbGF2pPxekUbuKp2lS7QiUnNV0gCyATY1lQZ
ZSxYwuaAPBo7r1FO51kKq2RNjh8tiqZlb+6+I0wbIAnJDruWYQ+ARLk9TtYWs97X5G2n4a45YTsu
D0VBV1Fk6wnD5gPkQpCw9mRCjZ0kaTRjFKXWHJMAlubAmxZlB9Kg30iCm5oSLiC0B0J6jZwAr0uO
GEI0J3feSJHKVALWtkpHkRIhexDK1ali6uKGkqSLq9uzV5AfUT7VFaRD6LDxFzM1XZrKJCFFZVS/
ZonH5caWzq2txyLsVvO+ZvuGGVirqZR1De6K5plqAzSycYHWXDSlDN7KIgwEJrGW0M7XZdlQc6Mv
1URfjJMXx/Y0a/hDHy3gESpvmqPW9daxIWJ0WyaTNtX3+alMC9kQIE59zb4Pyye0/JpdXbDj77+7
ujgBuYPZAw6w/hHEhoLBz4vAOLCEq2PFH5l+gDWUW9kVYO3fv7ru4avybjTyNR2GN2+UOJB4VSpC
tJV9F0qF0SfAT8NPFV6USULHwlyabLSnLo23AiF+arsNoDvq4EhTkz/HlTwgT6/sqmtUJykCJ9JK
N6v2aHLPnKk7WDxGhhDlHtUpGAN5sRpqlAK3ZfuheNqvekjFozYE6ENNN8ncs7zs0HskMtYpZwIs
61mLsR29I3VCQPz4TMEZNr+jUD3aTIQXQlbeoZDAQpGg7TcVfySlQB2V0Em1cHg36Evy8aCBfPCB
jO+jWsmvxuE0AfH0EJb6YTR5jd/uMN6rOyDbb8Z/B2ysvQYP/agB7axJYxkzkB4OMgWFa7pwzIUV
BlFYIWIZOullCG3UaVLKwaNIZIIqBanedGqW3sMRWCeTJ8o4kL6qy8d2Lf0YHMHZWkIbOTmw/qaV
IZmQ1ZAbPWraljWStKuLZkQXummUvITG5AXtQKbqOPVpDu3ZERLA05jJjgBNKJW3gtx2tQZZzp4L
UzmvR55SNQvBBEo9qUVVWXVZbzbqBeM9rVFhwzLxQCqDkEo6CSMuei5ICVSBgSOqjzdXqQ62Ham4
lsMyU1CaBYhsPXS8dXpomRr+0nBvaHAMu8PqY4VRTAd/oMmvkYaVa5DbXKIyq/K8mqUlYQyubpNj
cQim3GKfNWq2qGOYUvNsO08kkJvjq1UtVqqjqNqPss2CP5a636eP8ANfc3Nxg79C0FRQkPkBuq9H
ISsQDkb+SCc2hPiWABqbjS4WIE4PnO8q/IpJCucZU0Ggcl4pE2RC+IUCxbJRvDnH/r8Yt/KmEByq
NQezEOjZa8Shz0shYiSihtpDQ79YYDDEVX3kknGD7zQG1Wcio1DbQQYOmQ151t6BKXAkYznfn/BM
ppKqsVDbNN/GDxWLESiup5/ZNvLCBZ04HkgdT7Wp727PtgeomfEJPd8+H+1VKJFylPo/6iQpGAC+
Vdzse0ZrNSgdXD3UEco3YAceSrWYkqA0GQDhVXxXyzsd9DV9I0X6XYCnfFMfbSEj442q0iCx5vj1
lHrD9AdwVLKa90KTc6Ch2NGbsx8ob4GUdUotvh8RqAzLQ+ge3zURGZhH1+TesYkiXRfqlGgPRlHy
zlQ8NlQvUPGNn+1XmVApwBh9eS6Ny0eAiEZg6zKibk+cs9fXZ3dyEAsNgX21v6kPP6ZO8AQUFWJq
PeF3RlNyuX9TeZ68aRm3LKQJY5gD1qqOIu+U1slvpJn89VRX9163r9Pq4YqGXArAgWAU0T1b0/NJ
6+93QAVkUn/0mnwJHUXrd4BQVqxGPoxGNMouR2lfKTN/8QSerVElbnSPRVJD5Ry4tjDN8HfblMbR
OqSXfiCbyTghTUVSSfDx06xey/B+d1+meBG62Er4nG5D6TpwCSnL0Xug/W35wAyd6cHc9uaGy95f
vWKmbhq4oL+yeyHAvcJ7XrbxC7w3416y7JLEdOlvRH9pxLLpr4urJTYa2uILIzAgru0OPrg0bOGw
Kh3SCgZB+WHkcZ22QsP7ODWAxZVK5V6YOo6sOLYWYvGCkJW3jMMYZL84is1cvPPp36uHSsGLU6y2
QME3LwizQV+H4PeCeECJMubfL97QFxjbQVT40Rq8439xcfn67LvruxFNdGvYH0/BA21ZIbGT3L6Q
LBpl8LRm8uv/ACxuzhA=
===END CRASH DUMP===
