PocketMine-MP Crash Dump Fri Nov 5 21:00:37 WIB 2021

Error: Call to undefined method pocketmine\player\Player::sendDataPacket()
File: plugins/Coordinates/src/NhanAZ/Coordinates/Main
Line: 25
Type: Error

THIS CRASH WAS CAUSED BY A PLUGIN
BAD PLUGIN: Coordinates v0.0.1

Code:
[16] 		$this->getServer()->getPluginManager()->registerEvents($this, $this);
[17] 	}
[18] 
[19] 	public function onJoin(PlayerJoinEvent $event)
[20] 	{
[21] 		$player = $event->getPlayer();
[22] 		$packet = new GameRulesChangedPacket();
[23] 		$packet->gameRules = ["showcoordinates" => [1, true]];
[24] 		// $packet->gameRules = ["showcoordinates" => 1];
[25] 		$player->sendDataPacket($packet);
[26] 	}
[27] }

Backtrace:
#0 pmsrc/src/event/RegisteredListener(75): NhanAZ\Coordinates\Main->onJoin(object pocketmine\event\player\PlayerJoinEvent#113561)
#1 pmsrc/src/event/Event(62): pocketmine\event\RegisteredListener->callEvent(object pocketmine\event\player\PlayerJoinEvent#113561)
#2 pmsrc/src/player/Player(766): pocketmine\event\Event->call()
#3 pmsrc/src/network/mcpe/NetworkSession(710): pocketmine\player\Player->doFirstSpawn()
#4 pmsrc/src/network/mcpe/NetworkSession(703): pocketmine\network\mcpe\NetworkSession->onClientSpawnResponse()
#5 pmsrc/src/network/mcpe/handler/SpawnResponsePacketHandler(44): pocketmine\network\mcpe\NetworkSession->pocketmine\network\mcpe\{closure}()
#6 pmsrc/vendor/pocketmine/bedrock-protocol/src/SetLocalPlayerAsInitializedPacket(53): pocketmine\network\mcpe\handler\SpawnResponsePacketHandler->handleSetLocalPlayerAsInitialized(object pocketmine\network\mcpe\protocol\SetLocalPlayerAsInitializedPacket#113563)
#7 pmsrc/src/network/mcpe/NetworkSession(394): pocketmine\network\mcpe\protocol\SetLocalPlayerAsInitializedPacket->handle(object pocketmine\network\mcpe\handler\SpawnResponsePacketHandler#94213)
#8 pmsrc/src/network/mcpe/NetworkSession(357): pocketmine\network\mcpe\NetworkSession->handleDataPacket(object pocketmine\network\mcpe\protocol\SetLocalPlayerAsInitializedPacket#113563, string[2] q.)
#9 pmsrc/src/network/mcpe/raklib/RakLibInterface(192): pocketmine\network\mcpe\NetworkSession->handleEncoded(string[5] c*d..)
#10 pmsrc/vendor/pocketmine/raklib-ipc/src/RakLibToUserThreadMessageReceiver(42): pocketmine\network\mcpe\raklib\RakLibInterface->onPacketReceive(integer 0, string[14] ....:.4.......)
#11 pmsrc/src/network/mcpe/raklib/RakLibInterface(122): raklib\server\ipc\RakLibToUserThreadMessageReceiver->handle(object pocketmine\network\mcpe\raklib\RakLibInterface#23449)
#12 pmsrc/vendor/pocketmine/snooze/src/SleeperHandler(123): pocketmine\network\mcpe\raklib\RakLibInterface->pocketmine\network\mcpe\raklib\{closure}()
#13 pmsrc/vendor/pocketmine/snooze/src/SleeperHandler(82): pocketmine\snooze\SleeperHandler->processNotifications()
#14 pmsrc/src/Server(1586): pocketmine\snooze\SleeperHandler->sleepUntil(double 1636120837.6379)
#15 pmsrc/src/Server(1016): pocketmine\Server->tickProcessor()
#16 pmsrc/src/PocketMine(296): pocketmine\Server->__construct(object BaseClassLoader#2, object pocketmine\utils\MainLogger#3, string[9] D:\FLOTV\, string[17] D:\FLOTV\plugins\)
#17 pmsrc/src/PocketMine(319): pocketmine\server()
#18 pmsrc(11): require(string[53] phar://D:/FLOTV/PocketMine-MP.phar/src/PocketMine.php)

PocketMine-MP version: 4.0.0-BETA11+dev [Protocol 471]
Git commit: 2405e45b357caf7e0284ffd7d91c302260d10722-dirty
uname -a: Windows NT PC 10.0 build 22000 (Windows 10) AMD64
PHP Version: 8.0.12
Zend version: 4.0.12
OS: WINNT, win
Composer libraries: 
- adhocore/json-comment 1.1.2@fc2f76979f0a44a5f5bc2a2b600d0762fe0e78e7
- brick/math 0.9.3@ca57d18f028f84f777b2168cd1911b0dee2343ae
- daverandom/callback-validator unknown@unknown
- fgrosse/phpasn1 v2.3.0@20299033c35f4300eb656e7e8e88cf52d1d6694e
- netresearch/jsonmapper v4.0.0@8bbc021a8edb2e4a7ea2f8ad4fa9ec9dce2fcb8d
- pocketmine/bedrock-data 1.4.0+bedrock-1.17.40@f29b7be8fa3046d2ee4c6421485b97b3f5b07774
- pocketmine/bedrock-protocol 5.0.0+bedrock-1.17.40@67c0c15b4044cab2190501933912c3d02c5f63ab
- pocketmine/binaryutils 0.2.2@f883e1cf9099ed6a757a10a2f75b3333eeb2cdf9
- pocketmine/callback-validator 1.0.3@64787469766bcaa7e5885242e85c23c25e8c55a2
- pocketmine/classloader 0.2.0@49ea303993efdfb39cd302e2156d50aa78209e78
- pocketmine/color 0.2.0@09be6ea6d76f2e33d6813c39d29c22c46c17e1d2
- pocketmine/errorhandler 0.3.0@ec742b209e8056bbe855069c4eff94c9734ea19b
- pocketmine/log 0.4.0@e6c912c0f9055c81d23108ec2d179b96f404c043
- pocketmine/log-pthreads 0.4.0@61f709e8cf36bcc24e4efe02acded680a1ce23cd
- pocketmine/math 0.4.0@6d64e2555bd2e95ed024574f75d1cefc135c89fc
- pocketmine/nbt 0.3.0@98c4a04b55a915e18f83d3b0c9beb24a71abcd31
- pocketmine/pocketmine-mp dev-master@2405e45b357caf7e0284ffd7d91c302260d10722
- pocketmine/raklib 0.14.2@e3a861187470e1facc6625040128f447ebbcbaec
- pocketmine/raklib-ipc 0.1.1@922a6444b0c6c7daaa5aa5a832107e1ec4738aed
- pocketmine/snooze 0.3.1@0ac8fc2a781c419a1f64ebca4d5835028f59e29b
- ramsey/collection 1.2.2@cccc74ee5e328031b15640b51056ee8d3bb66c0a
- ramsey/uuid 4.2.3@fc9bb7fb5388691fd7373cd44dcb4d63bbcf24df
- rhumsaa/uuid unknown@unknown
- symfony/polyfill-ctype v1.23.0@46cd95797e9df938fdd2b03693b5fca5e64b01ce
- symfony/polyfill-php80 v1.23.1@1100343ed1a92e3a38f9ae122fc0eb21602547be
- symfony/polyfill-php81 v1.23.0@e66119f3de95efc359483f810c4c3e6436279436
- webmozart/assert 1.10.0@6964c76c7804814a842473e0c8fd15bab0f18e25
- webmozart/path-util 2.3.0@d939f7edc24c9a1bb9c0dee5cb05d8e859490725

Loaded plugins:
ChatManager 0.0.1 by  for API(s) 4.0.0-BETA5
ChatThin 1.4.1 by PresentKim for API(s) 4.0.0
CommandDisabler 1.0.0 by  for API(s) 4.0.0
Coordinates 0.0.1 by  for API(s) 4.0.0
DEVirion 1.2.5-ALPHA12 by poggit, SOFe for API(s) 4.0.0
DevTools 1.15.0+dev by PocketMine Team for API(s) 4.0.0
HideCommands 1.0.10 by Himbeer for API(s) 4.0.0
MultiWorld 1.7.0-beta2 by CzechPMDevs, VixikCZ, fuyutsuki, kaliiks for API(s) 4.0.0
NotificationSystem 0.0.1 by  for API(s) 4.0.0-BETA5
PureChat 1.4.11 by 64FF00 for API(s) 4.0.0
PurePerms 1.5.0-legacy by 64FF00 & ProjectInfinity for API(s) 4.0.0
SimpleNPC 3.0.0-snapshot by brokiem for API(s) 4.0.0
Sound 0.0.1 by  for API(s) 4.0.0-BETA5
TNTManagement 0.0.1 by  for API(s) 4.0.0-BETA5
Tags 0.0.1 by NhanAZ for API(s) 4.0.0

----------------------REPORT THE DATA BELOW THIS LINE-----------------------

===BEGIN CRASH DUMP===
eNrtPIly20aWv9JFTW3kHZLCDYJTdlmR5IlnZItryePUhC5Xo9EgMcLB4JBEp/zv+97rBghQ8pV4
Z2qrnEpsotH9+t1Xo/PbKC7KjNfvbmRZJUU+mjvjUZ1kcjQ3PdszLWNm+1PPMwzDG4+ajXpl28Z0
NnNsxzYd3/L9mT0epbyqz8qyKEfz30b1dgPTRup5PMpkVfEVjpzwNGV1wZo8knGSy4hlsl4XEdsU
4lrWGQwtl5uUb2W5XC7o7/m8knl0ymu+4Djn8BFAjJs0fZakCPJ0vlw+O7+4+gcubFZJXi2XJ0VR
RknOawkPVSmWy5drnh//c+/NC57k0816gwAVMA3hqDftCNYfqeWDYVwMC1NAeTS3XGBbyQX8/GV0
YLBNhqvwP3kj8/rolVwlVS1LGZ3j37ksD3330Zx9FK3JkyL/W5Hkh0X4LynqAX8I5D6bcPIZvjgw
Tdv1TOTSgXkPEZpy6Fmw9wMg76M5eSJAZGrVH0LF6qGiph+p2Ye+5z2MDcFQCJDQD+wejFzWt0V5
fZSJjTx6qR4uQc9AiQ9909iDOERw8iQqniVlVV9u+G2uYDtfCtuw92Dr2cslTgdNG8xHOZ6kCRBC
e72S1abIK6n2dD+2J2hFlAKHBmuU+v+kXh06zteh8Ympv4m0qJpSflBYeRor4H5UlEe7hUehjEp4
mmzKoi5EkRLil7I+L0BGirXH1fM8qROeJu9lpA3W/QzHNLXL5cfJnTxRkz6x2UPqubdRizfs9Dmk
leraxBD/C1XDDj4jk6/YvyX4C6j6AvYdBI5lKmJmX0qM63+dgik0en76/0IeY1bVZZKvfrHesl+n
RFDwMYJKfp0m4dErfn2ehM9zcGsxOOhDM7B+D2FnuSgi0DK9v/uWif+OpgoF0/ioySgkJslGIaiQ
uSpeV7K8WpeSRy9UbHwlhUxu0K4/g50CCK56SBb6GcUpDekwgVcrWTKj45npvGVT+Gc+dabqH4W9
+bUctBDHFhGg5Aa1D0hssfoEfV+h1x+h9MCyHSdQmFsf5XuVF8V7qRxUKuVGlq3jNC37d3L4C9bs
uVLT/h0IzvY1QE0FIxnMA3zAGQN3XxZ1EieC16Ctld63H80uSUCHpjvzvhBwhc+v8zpJD6OiCVPJ
+smg7Wvuuw9sYpj7m6g3kyd1Iq4XCuOi1Gh6PQgLWvMC1hxawceAvHsngMi6bETnX37klTyB7LM6
L3gErs4aswd0qwFidGp1XqzALg52viR4y3pJ5M5c/MF4l1wq1P2HUbfNYJ/JijNqlfa+h6aJFiR/
bZJSdi7Ffss2a17Oj45O50e0aw/y5MViim/3NsT09dHo7YfxSP77ku8/misDtmrxuyS/KdIbmUF+
BBAj4IaoR+1bRHkHBIbRAyOFpgevlvWy/lO9TqrJk5Wstf49oocFLX/Bc6Cbxkqd11JGWR3SsjGj
vx79BQCbPgH8gD9n8BP/DmhoA+qfCBY3uUD7Yjor30t02Z8oZUXmWAat+w1/mi2aiqnssZ6nkaTs
l/a3rG4msRlm5vKW/ZVn8lWTyuoEWLrq8im1xB4uAZjtbFj9y3JUrYtb0SsrRuzxE/aLOWZgPfLt
W4LhaBhHR+yrwJhquTukDxzHUFk0TIWv17HYQm5/GH34XjJ9L5m+l0zfS6bvJdP3kul7yfS9ZPpe
Mn0vmf59JdN4tMJsjadYUeQczzVGg7WwewiM2h2NjJypMTUmP55dHZsmvm2SNBrNjfEoqd5F8mY0
x9Qaqhfto0dzxzdhmwRrG8sxXOm4IQQJwWNfGtbMiePIjwJT2IZleUZkGr5lTaAIqrcAvdE4vUnA
Dm4r9vKKLU6YCRgw2phZlmEY7LB9DwkcO35x6jlYP603sHIG6JoWPL4HU9Lo0zO8fldUCPv5y5dX
MEAPt1SjiSLbFCCAd2CcJS8TKLyAPzxaA0WlPPpXBf4d5uiKzZyaU+tpLKzY9wI/iA3uONyN3VBY
3Ao9w4gM37NiaUh/Jn3kWQk6fZTxeg2rjWkwtZ8K7vqROYuBIzHwxPf90DK9mYjMwDRDI5IS3JfN
JayOOAgDTK7IjjDFDcF7T24g5kW8xtoXeHadF7f5U/031qqrsqgqeQQk8yrHguzGmtpT46llWEFg
2Law3dixDUOGnutJX87kbCZi14rMyPMCB3cFx1XKSvJSrIn+jG/A9BEUKcTTWRgKwzL5TEahJR3u
S27FMx45MQ+kCCIhrViEswg5fz8zBNw5cRKA/bkdBL76U8d4GltB6IdyFnPbcLzIktIRHiQmzswN
Az+0gdMGMMx5GPROEUcuYnoPvOcLQ5hu6BiOIziwPTBcwwxsOzAtYUeGJdzYs3m4Bx6qrnJL7oGE
aKEKzGa2NEUcGEEgI4/7rs9NA/jgg8rDP1KGlojiYAjpQSGagKr91HP8me+AUnleKDjw1J3NXMux
5MwVli0sV86E63JrDyB6tZS8mkbNeOoEErhnB4Et4ygO7UBEYHDSMl0vcg0APbOMAPRzD1KRFjsY
RhBKT3Iv8r3YkrYdeTMTVCeIrEBYlnA8YfrSjPawoZaMzjUJFCqeFL5jhbjlzHC9EITruoYXCEfG
ceCIwLcdyc1gj+dpsSIIDkLwBMrHAGa7rpjBtrZpzKQAnfWDMPBiEKcwHPsehMmmpgSj6kB5Zuwj
JiK2gc3CciSgAb6JC0jcvJnBTVBeW+ypbme+BCLyHGm5rhuCegauBK1xXB/s2I1gcSwgCRWzIBZD
EHlYdxwJZsLhhhOCOAPTleAKZnZkh4YApocW2JPJQ5CZOYSw+znJ0NuBA55kHEvxp1/qa4cAVUJC
WJkOqLS0+cwzTdBC35Am5DPC8yzXcAwTHJXj+BLMPuRSPAQFs1cFaWo+DSyLe47jAEWe8CPOuYv/
zmwLsJCmFI5vz7jcY7LKNDSTzKcGFzPws6CtpnDMgJsxsB0sw4ncme2i73QDaZHalDyr5BY1OJXU
tSKjQisV8I/vSOlK25oZthmCDThG6JqgiVLOgOmh5wmD74A0TaJCB3hN8PNBGPpx6NqzmReYwFHb
B+VwnEiETuTBahFbThTj8nWTVZy36+875mqbxUW+BTGm2zhJ04nQfcsbQBW1AmwqClw/8GUAfsOe
xVFkhYbtBXboxhAzpAcMBQ17CBZ4+5nRwTKfmqZhQAyRkckDMF8O0AIuISmPBTh+iDaG5TrgZz8G
y+zhJT1QiiC2I1T2GMJH4MzseGYawhE2IGV7lh/AnwDrVoZZ8Z6X9RF4JVnqgIkhwws8R/igDTPD
mZkOnzkWKIE0QMYR+GMeGrE5A6saANmA2U3Q7WI6QZYTBXYA+h2B4QpQiTAMBMZLV4SGG0EkA9wC
UHR39KFruVI4P1nzWrdHe9lPf3Q82qU9BuYNMMKbel2UAOAXSJ74JsHG3S4lcjGlkjmH3DdqM6EI
cuQ80iuqIq5P+wMZpx5v19Dbba+yTuwYgyvHvOzi8urNxavzU8WPKqkRX+wg4qKrNcIZkEFDfRow
vA5pGC0wqOf135NstEfP76XkOsmwQiewy6UAPGrAQ1GmMfo8QZBbQcQ4TSrcfyCevTdD8hDtT4jo
95JUNZDqhEUYbjHbxK7rAImvEFSvk9+nqd/f/wqV+8PKtt89/hIaTs/+kZSEYEdANzSUhjV1J8fn
i5+OKd/uKd0GKqkEjzguL57Jb6V3CuhyeUOoLJcQCvWvHnqausur41dXrxf3aZM3V0WR9oXTDQ1p
MyGX/DOWO0Nr6kondiX5NzOpFgcgZYfNJ0hZ1/WmgnIQ+LFuwilUKr3K76iDAQT/lERSa3Of6MHw
vomZQxuDyVkowRS/EbEa3HLZR+LL1HOtlk6BBqDtRZPWyZuixPK0o6w3OKTLBw8eyprvqerJeynW
ixfAM2TEP5K75Prkn/TtHeT+VXOdwO9ryNuT6+pbMUDglpsMlAvIzhDfW8QXWNDH/dOMuK8APUKO
eoCAT/0+0OUWcsesx68HXv4HouJ9LL7cXy2aUmLs6Xc42qF7wXEvOnrOs2eG8VWCJeALWWakD0PC
Rs84paLVoixgo5/BQxVNtTibtOOjHenv1N7LZYvs7tfvkD4hpY+qOzCaOQrZIXfU2JA94PEmqVxx
sX2ISey/GFCF/bPneZzkSb39VvYw4AQh1vv5DXih4AAzLpNsk8qXi5MeM3ZjfWbYpNpVzjfVuqiH
7AjL4jqR38z3a3DYdMVGeR+fryVcgzrawUCiiybvO0j1/B+wcdr4y8366uWVypNVE67Dfzj+H6Bj
gMBX0MNXfSOkx09jr3ccfeOkEHf+wnB7X8U0SlRpcaieZS33M6O2IU3ukXrc001ZQIJdU5t1dLDo
nthJAb5kxfBbm2W5zA8uec0uRM1Mj5n+3HDmhs/ePP+RWYZl4oSU56sGWP9Y5it8zoo6erxsDIP7
8bKJY8ujPwX9SSO2Q396OFthM9kUZf3YDEzbwsHbNRA7SZMKxggkv5uorwKqx6aBI/itSFZEUr2P
i1LISTdWxDGOAr0Rto7b583N5jGkpvArSmKIbBCQt49pP9WPr4tyUsm6TvJV9ZgokzcynaByPFbn
Ct1YJWXUm4INhMenZ8+OX59f4ahShcmvjSy37e6gQ8Wk4jdS43CTyNtJBCTyXMjHiu67sLiboLLp
OYO+zHSbYf19wFBNmCApNSWFZxIWAy6wgchJfOxqDWUhawljvJSsXktW5CDrGkISEzzPi5qFkiW5
SJtIRvCD3VMTBe2yyGBtjCD2oVY8lmNWwJuyQqAsLCW/ZtuiKTU0lsQMJARpBe0BwsHPrtKtAv1S
3nYAjyIZcxBQxW6L/IeaYeOblwyZmAHJ2L7dIpb4IZWi/nYtc9ZsViWH6mo1RZBKvxTAOT4wdvBm
LRFB/BoNvxli+GWaOtMBbpQ8r1KozCL1mlBO8agbSIZfsibOYZEjJFPtVRzJFGylha05zFnM00qq
V9W6qaPiNp/ob+LmbDl6gTYizS0T62VjSukzGDBNk4bt3kNsg2GNNP7HaVrcMjQNQJnpzgq7STj7
H9Q2NYsUb6JfDhA5OCPV1AsZkMDQRBiIGbiIIMMt07xXK7QudxOG4N4kwL8iB2HwKGKlrJTMUBZ4
hsgyyfGIFd0yA0mFErEHXspfG06fBK6SG5h7w9NGskO9MbiWRwq+2lVOSokOYgJywuPAOUzQ+79s
oPooUSGPq20urnh1zfCsF1Rwqqe8rkCeaBstzThxXRY5pIGshgXVmFGyz7QbAIMaMzyNKtVXBcQl
8MA4ljW5Tolb8JekFUAbqGhZ3CWgnhLYAaSR4ucdgsjnDqnnMao6zkKVHrOk/gE/kSxpYQQeXChd
21vODoGOBgzP0gwiYiaa4jkBu6/onHSmbPIcBRyhyyo2JBI6z6umDCoU/ZtlyWoNPqHk1Xrct2Ct
TciZsmw2tRpVjEMGZYBfRx0JG2ybjusiZU/8pkgiQP5hHFBnUA8LYDno23SgfNhhV9Pm9BFha9zo
78tta9p/TYsQlApjLVNvwE6ypEY/kUEOHW5rEAC7VHw3iNOqm6QBXKEYbxMSBCkaGP/tRIFqda8i
YuMEcAUPRx+/IaC4lLLdVGk/CK9BU2erAuRWoCtBNVFbrQjVCaE3Z0ZLD+BAzl0dlvy/oAQTmc/R
gYH4j9JR1cWGUNFuuUNNA6wY+JkNdrujHmK4c4udaVhOD0HyF2/IcDSe1Q/fBFMyHUINnQsTDQS5
HIIck3dSNOS2C4W6MlsMit1seScgtah2lLV+7uLqbM6ufnp+yc6fv3h+xY4Xi/PnZ5dscfaKQZb4
97NXYwaT2NUFzDpjb366OD9ji1cXJ2eXl9P7vmLAGcv1eoyB0iwpKAVAD14hqWItyZcTXzovbYIs
IA2JtCuiSRPwn7L1zxogJJRANfh30DWk/mOqqFQQcj8MtzlO01tq+AoMeO1dHOg7A9jpAgMR5hi0
bHp/BeqJztNBmBspMBVR3EbElbTV2o4aUD25qXZk24amu3r0McQ0F+weF1a8DMGGJruzMe22HuY4
mSWipdcxvQ7cf8bzhtKfPkaQIDagoY/GbVi5r6KtkqpoHccATVGe7Ux1yi5U0FAGAXlL0aRRh00C
keg2Zzsaqhb0hkgAkvHC7o5q2PMZOZh7MZfUSsHpaIzLImujd7tez5n0lXdf7kiZlu8DesMeULh7
mnPZJrIozBL2REXVCh812UZle21iyfSrCb7ayfEUJ+pFRAsh3VIET5BFgIPgD7Ad8gGIp7DLDShh
VTUSnUm9Bmmu2jwYHR7ut8Ns3ApYJSA61Z22+ODkT/INyyqxbvLrakfDCd/geJI1GQRwiN0la4sU
FDLTFwoImx2n0a40a8my7usgFASbDjPadIKZegMR3RlI8rRQr/c1X92BaHdpp7cGpyDqqft0UpIy
ERxsukcpniRRYgSZK/IUcFXZjIKl70OoVYreHa2wrOOyoq/FAKfv9lcsTbF00bA/B+5zuor/6e8Z
513ogcxwXaQqyw15LdZUGxABkLCBmunwRf5RVW76rQpZoezy3TZ8HvRl2L5EF11u8WhxNWYTsyde
LVrafFK3CHWhhaLALqGmqhnz2EhxAisxqj1wOQxq5KbsJ0hG6foKZpfsZPF6DGsBjxCs8TaJwEAo
M2n9cLfDhHaYM29XA+wKhIr41Js9ZccROLs1T+MjKItV5RJJ0HS9HWzMsCuDCtgz235Y7YHbK7ju
0DdipsvTKUNEXi/yRZv574pZLHAQsVsIzGpps8k3Ez1yr/B6oW20St7LTsJYJ7SCxaPgNlmDOkKp
TC94O4GlFj2asoVek/JyRQu4rqy1dug945KvkBCQEDCw2qSUH2GpnAEJ6Bx4iVJTdyhUDwC/m5RV
zV5cvSZcKyALiQ+bmmHXgQS721DVO9Odf8rqZoLr5oTxsIiVuSi3G+UZYoZND8i9IGVuiYV6Hvs8
U0Zxb80xzWBJBhyqUZIgF/p/UIBrGxM+IEC6pgVTBXlscuIQ/jmFg0qJVyUrMLfWWovUSNX30O6x
K/NOLygpO31+efwj5GOUvzU56RS6e7wPV6JzjVQKkqBy6ptp0bAE2tE69AeRDJvVfFdVPmEmVpM6
aV6De6MZTDceKtU0QXvPq6JNDbS1mC1QRUUL9WRdFBU1WNqCUrZNBIoF+B0hq/jNLvZgm0s37Ogr
w75DRCSpQ6oSRt2D+leR5KqhQfz7gf0cFnfoIUr2/JQd/vz6+ekj0AdwD4AHzL8FYaK48CwHjAdL
zTLqeKYSHbCWYifTHLzCzz+etzvoQrQ38gNth90+Sk5I7DrpIQqLtiemQ3OvWRfHemN4m8TbyV2T
REMxtW3DYTPqirpJyiDV/w5FcYNma+trKt3bEuBy6tY961UTtWquVkRhu50KRtqtdrthZMXrfG0N
lePidD/Mj9tZgw7lgy3Blt3HWdGgt4lV7NTOB5jYMhszB/SquqsDaoFPOvQDgFeUCvQAEBtyqToH
oVQAQxmjt6jw6gwZ3rrVQa12+OJ+WqGYgRv2mAH+k/F9tPVH+rCrhDj9MMbGx1DmJR6mMN6aBSC+
A4C/Oszse82rMC0EmX6VRCr+IH0cJA5qWTVhnysrDMwwQ0YqHNNDFyqpk6ZVhwshU0k1jDICvW+a
XMMmWOeTJ0s5MGFVFrf1WvlB2ISztYLXc5LgM6q6DfSE8AT50qI32TGpJfD5adWjDt096oSCyNTn
1B2xXUetTaho1Z7YAOaEWewA0IVSfyjgXfeuJ+PpfSFrB3jLE6rFITxBaaq0bFNsmnRnZPoR8wma
pQOR6tXjf1SuId16R4zo6Psg8eiVQdT5Vx3MeZdcYeOVGgXqhcpJtP4l6iCl9f1R332iTU/wdtO9
wc657L/YrKFmiItB/gBeZaKOknqz1yDfuUJrusmyzTQpOhrAfW4zLHHBHdTYfRZVnxgMinoG280g
osh58tWqlCvdW9WNWNVUwpu41/cpJlzBZ12cXuDli4kOOSorQXd4K1W1xOnCMu5ZEQF9Umh02jtC
gcxgIJVmA9h14nuA3SB6NadTQMjG8B4CRc9BXDvBEw/Zb22OIQRt1hyMSmL8KBGfXa4MkSmWJdRL
E/S3OQZg9X4XJ1WM4oN2qT6d7AX5BqoEyLDIa7duUYPUWqBmtPs8IHNF477Q6yTrRyudByB4XEUX
+it17IShAremnrBe1p4GTPsb6Xf7O7X8/FzGoQOXkraynF4/TUOBTeqOy23nbK2Hlessu7pHexs8
u4CCM6LULIk7UPgxflOq8y30X23zqPXqAFH7vH60h3yRV12tCSUAx8P/7hnTMsBXS3LeirR9C1qN
3c45+4XyKEitx9T+fNuCp1Kyn0T0T+KIMMz7Swol2EJqTzepN/RQHKc4QMVwRXUOtRjweyXAWicj
Q1LavQmT9oHhqShGyDaq73aes2fnx1ftMH2oin3Hv+hrIWM3uAMKczm27/AW0pjc+196+ag6yRo2
a5QzwDALrNe9V95oDVUfzTB1/awpWw/f1pxldwRG7gngQBgUdCpZtXybtCdooCRtSXLwjPwSbUYr
BmAon9cj73ojE8qCB8lpoeoWeQeestKFu7jGUq+i0hRcZZhAgbVVySbNQ5oBHSgkVVRqTUvRSnvg
Ja6dLo7GI3kHZQqVLfT5NeRP/ftZodA3KroRPOzMI14OxorsXVTU4DwHo/qz+d1AU6b9Z3Qp/ec4
SWs5ALzKBrfFoEIb4JKAFd70B/AOVP85C9XR7WAMfIL+eMOc4gDVV8DX/qSNGPLhlYx3Nxa60YoC
RzUcghQu649cLs4H22+rX1O69KZ/se5VXVzLHDKIAQu2PFNf1Vv0pcn7ZKM+dQ2meLXqvboX0s2G
x7tsyOQCsbEMwzZNCy85LU4vBpRGxTvCZH8QhpKhfMAb5FU1mKi+Wvr5xYDEPQzgEZshQ7Jg8LZM
9sTduwTk6M/GF+s9VcMcjS54We0FFFSElbr5RV+BWVO84aALnvYqDy7F+rjQA5pZUCalSgtRGwz9
v5DBbGightE9CSYDoROr7P4QFJwNOe1Vo1Srhf9PzOwuFtTn2y348OF/AYy7VDs=
===END CRASH DUMP===
