PocketMine-MP Crash Dump Fri Nov 12 09:12:41 WIB 2021

Error: Call to undefined method pocketmine\player\Player::getLevelNonNull()
File: plugins/MyPlot/src/MyPlot/forms/subforms/WarpForm
Line: 37
Type: Error

THIS CRASH WAS CAUSED BY A PLUGIN
BAD PLUGIN: MyPlot v1.11.1

Code:
[28] 				new Input(
[29] 					"1",
[30] 					$plugin->getLanguage()->get("warp.formzcoord"),
[31] 					"-4"
[32] 				),
[33] 				new Input(
[34] 					"2",
[35] 					$plugin->getLanguage()->get("warp.formworld"),
[36] 					"world",
[37] 					$player->getLevelNonNull()->getFolderName()
[38] 				)
[39] 			],
[40] 			function(Player $player, CustomFormResponse $response) use ($plugin) : void {
[41] 				if(is_numeric($response->getString("0")) and is_numeric($response->getString("1")) and $plugin->isLevelLoaded($response->getString("2")))
[42] 					$data =[
[43] 						(int)$response->getString("0"),
[44] 						(int)$response->getString("1"),
[45] 						$response->getString("2") === '' ? $player->getLevelNonNull()->getFolderName() : $response->getString("2")
[46] 					];
[47] 				elseif($response->getString("0") === '' and $response->getString("1") === '') {

Backtrace:
#0 plugins/MyPlot/src/MyPlot/subcommand/WarpSubCommand(53): MyPlot\forms\subforms\WarpForm->__construct(object pocketmine\player\Player#25155)
#1 plugins/MyPlot/src/MyPlot/forms/MainForm(31): MyPlot\subcommand\WarpSubCommand->getForm(object pocketmine\player\Player#25155)
#2 plugins/MyPlot/src/MyPlot/Commands(228): MyPlot\forms\MainForm->__construct(object pocketmine\player\Player#25155, array[23])
#3 pmsrc/src/command/SimpleCommandMap(220): MyPlot\Commands->execute(object pocketmine\player\Player#25155, string[1] p, array[1])
#4 pmsrc/src/Server(1388): pocketmine\command\SimpleCommandMap->dispatch(object pocketmine\player\Player#25155, string[1] p)
#5 pmsrc/src/player/Player(1337): pocketmine\Server->dispatchCommand(object pocketmine\player\Player#25155, string[1] p)
#6 pmsrc/src/network/mcpe/handler/InGamePacketHandler(688): pocketmine\player\Player->chat(string[2] /p)
#7 pmsrc/vendor/pocketmine/bedrock-protocol/src/CommandRequestPacket(62): pocketmine\network\mcpe\handler\InGamePacketHandler->handleCommandRequest(object pocketmine\network\mcpe\protocol\CommandRequestPacket#118365)
#8 pmsrc/src/network/mcpe/NetworkSession(395): pocketmine\network\mcpe\protocol\CommandRequestPacket->handle(object pocketmine\network\mcpe\handler\InGamePacketHandler#111355)
#9 pmsrc/src/network/mcpe/NetworkSession(358): pocketmine\network\mcpe\NetworkSession->handleDataPacket(object pocketmine\network\mcpe\protocol\CommandRequestPacket#118365, string[23] M./p..I.6.W.].....P....)
#10 pmsrc/src/network/mcpe/raklib/RakLibInterface(192): pocketmine\network\mcpe\NetworkSession->handleEncoded(string[30] ..e./`...a&.~+.c.....X.000.j..)
#11 pmsrc/vendor/pocketmine/raklib-ipc/src/RakLibToUserThreadMessageReceiver(42): pocketmine\network\mcpe\raklib\RakLibInterface->onPacketReceive(integer 0, string[39] ...J...<Q...N..U....r?Ffo.O...."^G.....)
#12 pmsrc/src/network/mcpe/raklib/RakLibInterface(122): raklib\server\ipc\RakLibToUserThreadMessageReceiver->handle(object pocketmine\network\mcpe\raklib\RakLibInterface#23573)
#13 pmsrc/vendor/pocketmine/snooze/src/SleeperHandler(123): pocketmine\network\mcpe\raklib\RakLibInterface->pocketmine\network\mcpe\raklib\{closure}()
#14 pmsrc/vendor/pocketmine/snooze/src/SleeperHandler(82): pocketmine\snooze\SleeperHandler->processNotifications()
#15 pmsrc/src/Server(1615): pocketmine\snooze\SleeperHandler->sleepUntil(double 1636683161.5746)
#16 pmsrc/src/Server(1028): pocketmine\Server->tickProcessor()
#17 pmsrc/src/PocketMine(301): pocketmine\Server->__construct(object BaseClassLoader#2, object pocketmine\utils\MainLogger#3, string[9] D:\FLOTV\, string[17] D:\FLOTV\plugins\)
#18 pmsrc/src/PocketMine(324): pocketmine\server()
#19 pmsrc(11): require(string[53] phar://D:/FLOTV/PocketMine-MP.phar/src/PocketMine.php)

PocketMine-MP version: 4.0.0-BETA13+dev [Protocol 471]
Git commit: 73592349cd29d91b03c2703107db859115a92e2d-dirty
uname -a: Windows NT PC 10.0 build 22000 (Windows 10) AMD64
PHP Version: 8.0.12
Zend version: 4.0.12
OS: WINNT, win
Composer libraries: 
- adhocore/json-comment 1.1.2@fc2f76979f0a44a5f5bc2a2b600d0762fe0e78e7
- brick/math 0.9.3@ca57d18f028f84f777b2168cd1911b0dee2343ae
- daverandom/callback-validator unknown@unknown
- fgrosse/phpasn1 v2.3.0@20299033c35f4300eb656e7e8e88cf52d1d6694e
- netresearch/jsonmapper v4.0.0@8bbc021a8edb2e4a7ea2f8ad4fa9ec9dce2fcb8d
- pocketmine/bedrock-data 1.4.0+bedrock-1.17.40@f29b7be8fa3046d2ee4c6421485b97b3f5b07774
- pocketmine/bedrock-protocol 5.1.0+bedrock-1.17.40@5abbe5bc21d8a9152d46c26578bf5257526612f9
- pocketmine/binaryutils 0.2.2@f883e1cf9099ed6a757a10a2f75b3333eeb2cdf9
- pocketmine/callback-validator 1.0.3@64787469766bcaa7e5885242e85c23c25e8c55a2
- pocketmine/classloader 0.2.0@49ea303993efdfb39cd302e2156d50aa78209e78
- pocketmine/color 0.2.0@09be6ea6d76f2e33d6813c39d29c22c46c17e1d2
- pocketmine/errorhandler 0.3.0@ec742b209e8056bbe855069c4eff94c9734ea19b
- pocketmine/locale-data 1.1.6@216b49b87e20332f0b39d1717e1e2012a40074cc
- pocketmine/log 0.4.0@e6c912c0f9055c81d23108ec2d179b96f404c043
- pocketmine/log-pthreads 0.4.0@61f709e8cf36bcc24e4efe02acded680a1ce23cd
- pocketmine/math 0.4.0@6d64e2555bd2e95ed024574f75d1cefc135c89fc
- pocketmine/nbt 0.3.0@98c4a04b55a915e18f83d3b0c9beb24a71abcd31
- pocketmine/pocketmine-mp dev-master@73592349cd29d91b03c2703107db859115a92e2d
- pocketmine/raklib 0.14.2@e3a861187470e1facc6625040128f447ebbcbaec
- pocketmine/raklib-ipc 0.1.1@922a6444b0c6c7daaa5aa5a832107e1ec4738aed
- pocketmine/snooze 0.3.1@0ac8fc2a781c419a1f64ebca4d5835028f59e29b
- ramsey/collection 1.2.2@cccc74ee5e328031b15640b51056ee8d3bb66c0a
- ramsey/uuid 4.2.3@fc9bb7fb5388691fd7373cd44dcb4d63bbcf24df
- rhumsaa/uuid unknown@unknown
- symfony/polyfill-ctype v1.23.0@46cd95797e9df938fdd2b03693b5fca5e64b01ce
- symfony/polyfill-php80 v1.23.1@1100343ed1a92e3a38f9ae122fc0eb21602547be
- symfony/polyfill-php81 v1.23.0@e66119f3de95efc359483f810c4c3e6436279436
- webmozart/assert 1.10.0@6964c76c7804814a842473e0c8fd15bab0f18e25
- webmozart/path-util 2.3.0@d939f7edc24c9a1bb9c0dee5cb05d8e859490725

Loaded plugins:
ChatManager 0.0.1 by  for API(s) 4.0.0-BETA5
DEVirion 1.2.5-ALPHA12 by poggit, SOFe for API(s) 4.0.0
DevTools 1.15.0+dev by PocketMine Team for API(s) 4.0.0
MultiWorld 1.7.0-beta2 by CzechPMDevs, VixikCZ, fuyutsuki, kaliiks for API(s) 4.0.0
MyPlot 1.11.1 by Wiez, Exxarion, jasonwynn10 for API(s) 4.0.0
NotificationSystem 0.0.1 by  for API(s) 4.0.0-BETA5
PureChat 1.4.11 by 64FF00 for API(s) 4.0.0
PurePerms 1.5.0-legacy by 64FF00 & ProjectInfinity for API(s) 4.0.0
SimpleNPC 3.0.0-snapshot by brokiem for API(s) 4.0.0
Sound 0.0.1 by  for API(s) 4.0.0-BETA5
TNTManagement 0.0.1 by  for API(s) 4.0.0-BETA5
Tags 0.0.1 by NhanAZ for API(s) 4.0.0

----------------------REPORT THE DATA BELOW THIS LINE-----------------------

===BEGIN CRASH DUMP===
eNrtXHl320aS/yq99LyJ9EagcB+clceKJE+0q4NjyeO8Cb3eBtAgEeEKDkl0Xvazb1V1gwSpI7bH
b2f/cA6ZbHRX/+qu6ob86ygp65y3H25F3aRlMZrYe6M2zcVoYriW6/qW4RpjN3AC39kbdZV8ZOtj
IzBd19R13XVcw9obZbxpT+q6rEeTX0ftsoJZI/l9b5SLpuFzHDniWcbaknVFLJK0EDHLRbsoY1aV
0Y1ocxiazaqML0U9m03pz8lkLtozcSuyi7K46LJsZxdIJvDhdZohzePJbPb67PL677iym6dFM5ud
L6dZ2c5mTR2tvyCn8KzpQvXpHa+r1/BxXC0qpCnpKSL7ctk+kOg/0rL9fv1+vxyWZgB8NLE8kF3N
I/j40+iFzp6mBDSiMs95EROVqy48kl93HGt3wn4Xsfbyw4eoLJq27qJ2pwx/FlH7jAxfmI7hOCi3
Fwb7Pf7OeVrgHjuWMYCyRixRrCFrL0FBtOBzcJjP4FCEmx3T9B9Ko8f3RTLYY7yu+fIn03pPMCxW
5bgz/t9r5CrNq0woEOe8Ahj6AEaPTnsp7kXUteLT9wasaTH/yXjPqh6IIXHYAxxXogZv3DEsH7kf
Ul1pYBui9jJOm4q30eKLwBAEZwBBrtiXCwCJ5W0hkRjX2/bm+8W7u4PdC9HelfXNfh5VYn8BZDPA
clr8lediypHwD3Jsx30goc3NtJfRgrc7ai/zPduXm3lqs1tRxGW9vyawH4q4hm9aVZdtGZUZ4VHM
vRG/dKJpJYQd19zaWqGezRD2bKZwz2aPANdeyqebhB8T3hbRHtbKCjcwvTAM33Klf/lPyfNCfrmC
mAzxfscKnOf5eH7LnpNPwP6cQAC5YanIEHwqcsd/Hvnm/B7pMW+5UuFXkvfKmCGosPPxfjUen47d
8bvx+zH+M8UfMvbqT7FW85ssDfff8JuzNDwtWlEnkEZ2IMl+CYsnRVTGIu7t3tLfs/FYjPf/G4Dw
P47/50/jiJD9OIb8Pf65R2c86RUSnpZWErqEeV2+bUR9vagFj89lhn8jIpFi7LJ/B7ckOJttMay9
LAspWkVpJ4VHc1EzfSVkK0Buxv8B///73+DHxXj8Fpmp//I6KceX+HE2+q+/jtdSNz9X6iai7yE2
FOlmM2C+x/sM55/hD0/I4IVpOZ4lkVtPaqQpyvKjkOkiE6ISdR8TDdP6Qtl/wppfo6xsulr8tiMB
2l8A0N+2DTkVcsrGPMADkRike1G2aZJGvAULb9S+ziPp0jWcTyTc4Pe3RZtmO3HZhZlgg1rX8WxX
buI+solu+k9kwjaNbqYScVkrmN6AwpTWnMOaHUs3niDySEXzPW/EEVTXzVnJY8yfe+wR2+qAGVUb
nZVz8JgX1spjwGEGNfI69Xob46vaWUL3n4Bu2ttClpKRq1Ts3jGQwRpiZVqLPgw5EB2rBa8n+/vH
k33adUBZO5+O8enWhlia747e/7Y3Ev+HzcU/3wgAYLn8Q1rcltmtyEXRAs0YBBK1o/4pjEiSMIIx
G/kzfRidtfLfQtyx06Lq2h2YYQaDJ/DvyJjB6N7I0jfG/yBpU11+xot5B+LZ2aWvO7PRHYAdI+6P
UVnW8Wy0SySMLdKaPRvhuDkYlzOtp+BZ9hYNU8FzvgQehJ9shc7doqwe0jNvm7qs/B4oVvUpGTjR
BdQfpGlrKGsaWIv4PVK316JNuiLCGLQjTYepnfbYUde0ZY4G8EY0FfivYH+o1add1sHXHcXzLpuw
2zKN2a9IeijyNNlJmw9Fl4s6jXZWywnzFfkPyEYHcewyiGLs9+caq7kreacNCYTiSPzUOhPXoSRs
c1OuMdRN7OAnfGJtaqPFLL37DGYSpP0Zi4x+kbO16BnQ7ODggH33HfsL+wwTAH08QxIRbFre+z/j
2NDiRNYIUN4z3PfASBdP86um7YJt/PbtGOHbMcK3Y4RvxwjfjhG+HSN8O0b4dozw7Rjh2zHCt2OE
f/4YoW+7G+yzjyCnn/MCvI6OFQqe0yHCYHRvtLoVHeljfWzACO/aRVkDgZ+AGq9SrNFteKZr359c
Hzq4hyg4GEM8moACxN4oBqOBOk+uaMqkPR4O5JxOAS7A3w//Aflhvb1UA54pgMZgyvTy6vrd5Zuz
Yxi6E2GTtogXm4Xjk7+nNcFcsbEaGvJgjM2xox2eTX84NMwNXkYVaDvFU4iry9ditMXalzIlic5m
twRlNotF/2kAT3F3dX345vrt9CFv4va6LLNmyFs/tMmb4Yz1P8EWm4ytbYBdC55/LdZ6DMDKGs0z
rCzatmrAZEEeiy4cQwU+sM79FQ1g+LzL2vQdnm8MWB4MbjLtgeGFouVb6jz6KKLF9BzoIq6/p/fp
zdE/6Np82bVNd5PC5xuepelN87UkEuGWVQ4KAKHkiFce0sw2sD9ry48IacDI/oAQykmemw1k1B+k
bRiFseW1o3ep+AgjJ/f3XFngz7wpi7tlURj6PyeM0QmE3TJfHk5PR3tDFyTQV+0yo6BywpulqgMP
u7ZM0iwbreXY94crdn7HQYZ57WrZtCIfyOSRh/+CoPYQxafHtimUCRgUB0ythjZVbYOyN1Xt2q9f
65+nUyI+FXVOfrGl3tecDgAbyM+w0Y8QzcqumZ5o/fhAix/k3tBBKrDrT1/gBQRKnXOsyCjhSLCb
0pFjm+KB6KhlYs6j5WNCYn9kwBXWA6dFkhZpu/xacWFDEgRs8PEryELSAWHIw4yL6dFAGOuxoTAs
Mu2m4FWzIBcbiCOsy5tUfLU8ochhEYmF/xDP5zKuSO2vaSDTZVcME4X8/i/wcdr40936+uJaljny
XmSFf3P8X8DHBoDP4IfPh05IX59Hr3b8Woa2wg87fxrsR0xMQfoNb694DaxAU7dVRfUFNuG8b0XR
UOTDerqskayPnGI5EkY5bxfDkYhngBvWDsfK/ENcttAoboyqS771QFdnw+8xbzeeQxJtxQbheV4N
vy54s4ElhVR9Oxz4uSFFrb7noWw4NsbKulXqhFoaBpqWI0PxcFIVbcrhjUgyQQliONqQRJvNoTjt
8uHI1fRsY/tl80uG7t5/YqtHbXkjivTjpgiWPEehmVD2o+19TCtZEwVjG79CKz6cDV/v800hl4jG
1HXLMMwABqbHlxucxuUHQrI9CEPppn5KsNim2Zgo49iP5xssbiGAr3g6sskWDN7V6Za6q5bOUVCg
0o8A7WLL1BZdcUMdrkkqtEgq6TxMC14vKS+YYxclgZdGcagmIamoXlZtqQaUsGLQq7RCtAZd3Run
RVJumGH8QIPphtJJVNZwqBZg7ehW806aVk//H+A97HIa8WgxEC4666JS++KOohA1z4YlwdB70TN5
I9Yv/A6ip2Hh0y7F3kMH0TQfsJ9SYag/xBxNbM+AbVL0WM9yAtOygyg2gzgwQt2KTA/sRffi0HcC
w3B4YAoz1uK0brHy6BSmd2kRl3cNu7hm0yNmAAJGGzMTXypmO/1zQ99lh+fHLlosvqY7kNNHQb5g
r0xgUX0o0QDenV5cXKPR4Zc7ioQQZqqyEfUHUFwNhb+gkMXjBXBUi310fg2vReQtvYHu/SqJzMRz
Ay9IdG7b3EmcMDK5Gbq6HuueayZCF54vPJRZnUY3+yre6eNgbL2KuOPFhp/opp/4duJ5Xmgarh/F
Bkgl1GMhQG4WFxTMQBkQSCACQ4jMQh7daLfQnUGQw1ceQGY3RXlXvFJ/oqXN67JpxD6wzJsCL5Jv
TTTVV6ZuBoFuWZHlJLal6yJ0HVd4whe+HyWOGRux6wY27gohtxaN4HW0IP5zXlXkU7dkEK/8MIx0
0+C+iENT2NwT3Ex8HtsJD0QUxJEwkyj0sdp45OYDr4tVWa7/qR8EuXpjW3+VmEHohcJPuKXbbmwK
YUeubRq274SBF1ogaR0EZj9Oem2IIwc94wF5h4ehQGUZsc8DA7i23ch0Hc8PQQSO55iua5hJsEWe
wgDFB1KiiSbg+5YwoiTQg0DELvccjxs6yMFzQgv+ESI0o3ib0qNKBKBgFa7t+Z4NRuW6YcRBpo7v
O6ZtCt+JTPAdR/iR41A7PySIB3dZqQIhQtNf2YEA6VlBYIkkTkILXNDSwdUMx40dHUj7ph6AfW5R
KrNyTUMPQuEK7saem5jCsmLXN8B0AnDmyDQjkJrhCSPeQkNv4qhrmD5GvhKRZ5shbunrjgvy9x1H
d4PIFkkS2FHgWbbgRhBukspKrAnWxmKM3VfgJaEdhL4nTDBkM9GBt9jwEAmMGCa3dd2zo2ib0pyw
2IjFjQLDjHRQm+NEPjAAAckXEVi/F4SBm9i6Hem29YCCNsgikpRrJB7yFCUWKCwybQEMCd3kUQz2
4OvcADewoi0nWAUCIhG7tjAdxwnB0ANHxLppOx5EBCeGxUlkWIAxSLb4KcJ2JdvAj2yu2yEYBliz
gKDiW7EV6hGoLzTBMw0egvaNTQrrjxqVQhDKtZxD912/+tSovUlQnt7LfGSDcwiL+65hgD17ujAS
HkWuazq6DTryE9v2BASQkIvoMSp4CaQym/EqME3u2rYNHLmRF3POHfzPt0xABFqPbM/yudiCI4/l
+0z+SueRDxEb7N6IbCPgRgJiBx+zY8e3HIzCTiBMMkCobBuxRF9YF2YG+XsE/3i2EI6wTB8EEoI3
2XroGGDTQvgg9NB1I52viXRdKpMQxF/IGEEYeknoWL7vBkYSe5YHxmHbcRTasQuro8S04wSXL7q8
4bxf/zDEN8s8KYslqDFb4hGR1tfEtwAVrQK8Mw4cL/BEABHI8pM4NkGTbmCFTgLZR7ggULCwx2hB
3vD1FS3jlWFAkWdbIjZQ8RYHagEXhgkRHlIIeKRuOjZE7KdoGQNcAoKrESRWjMaeQCIKbN9KfEOP
7MgCUJZregH8lM1IXn7kdbsP8U3UKvVi8nED1448sAZft33D5r5tghEIHXQcG07IQz0xfPCqDSIV
uJ2GAZyKXsQSB1aQeCIGx43AJMIwiDDzOlGoOzHkRMAW6B6QoZZnZVvjJZWhLxj2UQw6hSSddzWd
XzEs8lhS1myjqpoVL9j1AtIpa0TbQtvQMF4L1i4EKwvRwAfesogXRdmyULC0iLIOIgh8YPLmYwxZ
DdJvC5UJ0roqc1iZIIFtmg1PxB4r4UndIEkWQsi6YcuyqxUtliYsh2YiSWkHqHDwpcNsiYQvxN2K
3D6UsLzL2obdlcV3LcMCgNcMetQSIliKaWyJCNtF2ki+7xaiYF01r3kMBMazYlb0xCazgrEX7xYC
geFrmA1Wq/hKpuyjQAZQ4zRYMsfyMUGVGYCBPDPRkrzwliASTCYYHMmRMkg8Elqm3hecsIRnjcAH
zaJroVIsNPUi6ITNRuezDkofY8mixawzhPBYi39yI2fwxDAMfJ5YwAE7WtBcE7mkT3qxYPfAdIYr
Yi9ltzQcsZBIOAAyxU+RV7BCrlj+22xE3B9mWXnHsrRBifRvJrHblLO/daJe4pxf8IOmHg3YeHFC
Tb9aRC+LYWXKwCxA8kguXDKlL5wvzwi01eMhqXfglmB2oDwexwyKPKlj1B1eL7JccLx9xWKXgWZD
gahBA+KXjtMbtPP0FuZC9dIJtqM2Zaa+i9TljkKrRQXdsAa6xXvCCTymvS+6PAS1gukeNssiuubN
DcMrYDDWMU1424D+0X96TnHaoi6LsgMTgenNHqObAyYbGXS6PYb1ey1fTyDZgNPjWN4V6lxZEr8i
GwKewJTr8j4FMxYgBmCJ3KNYgUPZKkCnCToEzkHD32Np+x2+R1zTsli0eEeKdrm1mO0AD/hyp0li
ITY0xemESG07BCfrqLuiQHXG2GSWFSmBOp9mzI7FrfrM8nS+gIhR82axN/RwZTkokbruqlaOSoGh
YHLApvgi5YLnU1sTS6/j9Ppp1zyOAG0EbQ56ixSsazwwNKwe5KQJw34QXT8XsNtSOv5fszIE48Hj
KSbHwQ/ytMX4kYs5D5ctCJxdSUnrJNu0QdK0/BqVdpeS4MmgIDDcaZJQb2MNMZikgBCiHoAviFZS
C9FvKW0clNVhKGDzEvRUYphBo8CN5gRTI2gTpiMXsDuFeVn6/b/nAM/7nsO/4HX8z+Fv2rIiCCpE
ryApcg2D6FFhxo5XgHDXHpUBBa4CRjHgHTmFwtd89xUQklsQJAwYLOogwRWQ4Jh8lRKNu5SQpUNi
QlzNFveREHGz5kjGrcvrkwm7/uH0ip2dnp9es8Pp9Oz05IpNT96wd5dv/vPkzR6DSez6EmadsHc/
XJ6dsOmby6OTq6vxdgTYkIfpuEocU1GnJSV9jMMNMhgtBEVkksYq1hogeyg7YgotNEWDSChklCVS
R2UBfEJ8BmtCfp8yNmlkdwvM3iATjEByGlGWRCDyruN479ywxyWmEKwlaMH44Wy0BXVYDWqrRIQl
h5QswpV6lWtXPIB5iapZs2rpitdm93FIinNLcT7ndQieoa2rdwpAj0uXXA3hqFVMrYLQnfOiowJn
iASKvw5scHevTwnbRtibocyuSQK0JL/52gXH7FKGfGnwUKGUXRavsKSQQ+4KtsbfSMIVwQdGXV1X
vMJurylYPMiRZDqSwoq3pC7zPtfK1WqGNjTNoYaRG6XJB7bBHjGpDeu46otSVFkNO6EZKkOOu7yS
FZwsE5l6oOGDXl/HOEktIOwEs+cAvkGWB2fnjwgYcjbkPdjhFoysaTqBgaFdgNbmfUWLQQt3W6Pa
6xUpSwRVuI4lGpz6pJxyfq/R6XHTYz/iFY6meZdDioXsWiPxlhdQuYIimXyBWKJYyxX9RYmSPOah
jUFBXylEtKGGlXYHOddeaey4lI+2bRpLI4x6kr6c3LuQpKUmDjmjwkGjE+UVb8cAhUoVqB5ReoBO
1heSSkVvVjK5RnK45g6WKXlKfvqdcXK/rxRghq2Govs8qefscFaoVwwnKkVAZbYoM1lhhvhKOVXi
BBmKJjAhlWQotsnuSj2VqSUUq1pTprcXQy31jzCs1ssWie8xzRgokJRHG2ttD0alAIra6zKWbhmw
gowl59gvUZ2Pi2FQwRqzH6AUBFs6oNqOHU3f7sFawBCCf92lMZg91Qoyeq7oa0R/wty+6l4X5A1J
ZzB3zA5jCFQLniX70K7KLiEWYMNqK9iU4fkjGtjAEddpb0Bso6m5x6iGFSbPxgxBvJ0W077WXjeZ
2EogqDtIm7iwq4pKU9+3mptz5XVN+lGs9IlVea/GBhOeKpmgapfmMUitdmDKRbtjNlVrMl7PaQFX
3a6yBdoxqfkcWQCdgNiaKqOKBVvYHMCjs/Ma9XSUpTBL9uS1fMGbnV+/JaQNsIRsh13L8AyAVLne
TvYW4z7W5G2n4aoJoR22h6Kgqyjy9YTh4QPUQlCw9mxCj50kaTRmlKUWHIsAluYgmxZ1B9qgv+8F
wtQeYQGl3RLoBUoCoi4FYkjRnMJ5I1UqSwmY2yobRU6EPINQoU41U8eXVCQdn14dfg/1EdVTXUE2
hAEbfzWzpktTWSSkaIzqNyTjYbux5nPt67EIu/mk79leMgN7NVWyLiBc0XOmjgEaeXCB3lw0pUze
yiMMJCZRS2pHi7Js6HCjb9VE34xTFKdffWv4bZ8t4CN03vJXQ/DZOrAhMLotk0WbOvf5uUwLeSBA
kvqO/RiW9+j5NTs9Zjs/vj093gW9g9sDBph/B2pDxeDrReAc2MLVsZKPLD/AG8q17grw9h+/P+vp
q/ZuMPIdbYY3b1Q4kHpVKUK8lf0plEqj94BPw1cVDsokoW3hWZostfsujdcKIXlqmwdA13SCI11N
/tVCUgYU6ZVfdY06SYogiLQyzKo1mlwzYeoOFreRKUSFR7UL5kBezFc9SoHLsu1UvNfPuk3FnbZK
0I8duknhHuZlh9EjkblOBRMQWS9azO0YHekkBNSPnyk5w+I3lKoHi4nxQsjOOxSSWCgS9P2m4ndk
FGij6teN0LRweDPpS/ZxoxX7EAMZ34aq3nOH3QTk08dQ6o/D5DW+u8N4b+4Atl+Mf67QWFsHPGFW
RuS+TRrLnIH8cNApGBz+ot9ACnNMojBDxDJ10pdVaqOTJmUcPIpEJqhTkOZNu2bpDWyBfTJFoowD
6/O6vGsXMo7BFpwtJLVBkAPvb1qZkgmshtLooWlr0UjWTo+bAV8YplHzkhqTF7QrNtWJU1/m0JoN
JQE9jZnsBcCEVnmtyPWp1kqX44fKVMHrjqfUzUIygVZPWlFVVl3Wu436gvme5qi0YZm4IbVByCXt
hBkXIxeUBKrBwBF1jjdRpQ4eO1JzLYdlpaAsC4CsI3S8DnromRr+qtDW0CowbA6rlxUGOR3igSbf
RlrNXIDeJhLKuMrzapyWhBhC3TLH5hBcucVz1qhZQ8c0pZ6z9XNigcIcn89rMVcniur4UR6z4K/b
3mzzR/gg1lweX+JvIWgqKcj6AMPXnZAdCGf4e/C4Y0PA1wzQ2HhwsQB5eiX5rsK3mKRyHggVFCqf
K2OCSgjfUKBcNsg3R3j+L4ZHeXuQHKoFB7cQGNlrxNDXpZAxElFD76FhXCwwGeKsPnPJvME3DgbV
ayKDVNtBBQ6VDUXWPoApcqRj+bzf4YFOJVdDpbZpvs4fKhcjUZxPf59DIy9cMIjjhnTiqRb1p9vj
9QbqyXCHXm7PZ3uVSqQepf0PTpIUDSDfKmn2Z0YLNSgDXL3qI1RswBN4aNViKoLSZEUIr+K7Wt7p
YKzpD1Jk3AV6Kjb12RYqMt6oLg0Ka45vT6lvWP4ARqWrSa80+QwsFE/0JuwnqlugZN2jI773SFSm
5VXqHt41ERtYR9cU3vEQRYYutCnRPppFKTpT89hQv0DNN762X2VClQBD+HJfGpcfgSI6ga3LjLre
ccJenx1ey0FsNASeq/1Zvfix5wT3wFEh9qx7fM9oj0Lun1WdJ29ahkcW0oUxzYFo1Yki75TVyXek
mfztqa7uo27fp9WrKxoKKUAHklFE92xNLyetv98BE5BF/YvXFEtoK5q/QYSqYjXyYTCiUXU5KPtK
WfmLe4hsjWpxoxtskhpq5yC0hSm0J0tZxtE85BegQAMm84R0Fckl0cdXs3orw/vdbZ3iReh0reEj
ug2l68AZlCwv3gHvF+UtM3SmBxPbmxgue3f6PTN108AJ/ZXdgYDwCt/zso0P8N6Me8msSxLTpZ8R
/aQRy6afLs6WaDT0xQMjMCCvbQ7eujRs4bBqHdIKBsH4YeRukbZCw/s4NYDNlSrlDkwdR+YcjxZi
cUBg5S3jagyqXxzFw1y88+m/V7eVohen2G2BgS8PCNnKXlfJ74BkQIUy1t8H5/QGxnoQDX4wB+/4
D45PXh++Pbse8ES3hv32lDzQlxWIjeL2QIpoUMHTnNFv/wsdm2/F
===END CRASH DUMP===
