PocketMine-MP Crash Dump Fri Feb 4 20:18:01 WIB 2022

Error: Player is not connected
File: pmsrc/src/player/Player
Line: 539
Type: LogicException

A PLUGIN WAS INVOLVED IN THIS CRASH
BAD PLUGIN: Sound

Code:
[530] 		return $this->isConnected();
[531] 	}
[532] 
[533] 	public function isConnected() : bool{
[534] 		return $this->networkSession !== null && $this->networkSession->isConnected();
[535] 	}
[536] 
[537] 	public function getNetworkSession() : NetworkSession{
[538] 		if($this->networkSession === null){
[539] 			throw new \LogicException("Player is not connected");
[540] 		}
[541] 		return $this->networkSession;
[542] 	}
[543] 
[544] 	/**
[545] 	 * Gets the username
[546] 	 */
[547] 	public function getName() : string{
[548] 		return $this->username;
[549] 	}

Backtrace:
#0 plugins/Sound/src/Main(35): pocketmine\player\Player->getNetworkSession()
#1 pmsrc/src/scheduler/ClosureTask(63): NhanAZ\Sound\Main->NhanAZ\Sound\{closure}()
#2 pmsrc/src/scheduler/TaskHandler(117): pocketmine\scheduler\ClosureTask->onRun()
#3 pmsrc/src/scheduler/TaskScheduler(141): pocketmine\scheduler\TaskHandler->run()
#4 pmsrc/src/plugin/PluginManager(466): pocketmine\scheduler\TaskScheduler->mainThreadHeartbeat(integer 5519)
#5 pmsrc/src/Server(1768): pocketmine\plugin\PluginManager->tickSchedulers(integer 5519)
#6 pmsrc/src/Server(1657): pocketmine\Server->tick()
#7 pmsrc/src/Server(1046): pocketmine\Server->tickProcessor()
#8 pmsrc/src/PocketMine(304): pocketmine\Server->__construct(object BaseClassLoader#2, object pocketmine\utils\MainLogger#3, string[9] D:\FLOTV\, string[17] D:\FLOTV\plugins\)
#9 pmsrc/src/PocketMine(327): pocketmine\server()

PocketMine-MP version: 4.1.0-BETA2 [Protocol 475]
Git commit: f8ba60173cec4e23f6a525fa76347ad6414d6ddc-dirty
uname -a: Windows NT PC 10.0 build 22000 (Windows 10) AMD64
PHP Version: 8.0.15
Zend version: 4.0.15
OS: WINNT, win
Composer libraries: 
- adhocore/json-comment 1.1.2@fc2f76979f0a44a5f5bc2a2b600d0762fe0e78e7
- brick/math 0.9.3@ca57d18f028f84f777b2168cd1911b0dee2343ae
- daverandom/callback-validator unknown@unknown
- doctrine/instantiator 1.4.0@d56bf6102915de5702778fe20f2de3b2fe570b5b
- fgrosse/phpasn1 v2.4.0@eef488991d53e58e60c9554b09b1201ca5ba9296
- myclabs/deep-copy 1.10.2@776f831124e9c62e1a2c601ecc52e776d8bb7220
- netresearch/jsonmapper v4.0.0@8bbc021a8edb2e4a7ea2f8ad4fa9ec9dce2fcb8d
- nikic/php-parser v4.13.2@210577fe3cf7badcc5814d99455df46564f3c077
- phar-io/manifest 2.0.3@97803eca37d319dfa7826cc2437fc020857acb53
- phar-io/version 3.1.0@bae7c545bef187884426f042434e561ab1ddb182
- phpdocumentor/reflection-common 2.2.0@1d01c49d4ed62f25aa84a747ad35d5a16924662b
- phpdocumentor/reflection-docblock 5.3.0@622548b623e81ca6d78b721c5e029f4ce664f170
- phpdocumentor/type-resolver 1.6.0@93ebd0014cab80c4ea9f5e297ea48672f1b87706
- phpspec/prophecy v1.15.0@bbcd7380b0ebf3961ee21409db7b38bc31d69a13
- phpstan/phpstan 1.3.3@151a51f6149855785fbd883e79768c0abc96b75f
- phpstan/phpstan-phpunit 1.0.0@9eb88c9f689003a8a2a5ae9e010338ee94dc39b3
- phpstan/phpstan-strict-rules 1.1.0@e12d55f74a8cca18c6e684c6450767e055ba7717
- phpunit/php-code-coverage 9.2.10@d5850aaf931743067f4bfc1ae4cbd06468400687
- phpunit/php-file-iterator 3.0.6@cf1c2e7c203ac650e352f4cc675a7021e7d1b3cf
- phpunit/php-invoker 3.1.1@5a10147d0aaf65b58940a0b72f71c9ac0423cc67
- phpunit/php-text-template 2.0.4@5da5f67fc95621df9ff4c4e5a84d6a8a2acf7c28
- phpunit/php-timer 5.0.3@5a63ce20ed1b5bf577850e2c4e87f4aa902afbd2
- phpunit/phpunit 9.5.13@597cb647654ede35e43b137926dfdfef0fb11743
- pocketmine/bedrock-data 1.5.0+bedrock-1.18.0@482c679aa5ed0b81c088c2b1ff0b8110a94c8a6c
- pocketmine/bedrock-protocol 7.3.0+bedrock-1.18.0@418b4dbaa6720b6c6c4385a4d321d9c0b3dbf14b
- pocketmine/binaryutils 0.2.4@5ac7eea91afbad8dc498f5ce34ce6297d5e6ea9a
- pocketmine/callback-validator 1.0.3@64787469766bcaa7e5885242e85c23c25e8c55a2
- pocketmine/classloader 0.2.0@49ea303993efdfb39cd302e2156d50aa78209e78
- pocketmine/color 0.2.0@09be6ea6d76f2e33d6813c39d29c22c46c17e1d2
- pocketmine/errorhandler 0.6.0@dae214a04348b911e8219ebf125ff1c5589cc878
- pocketmine/locale-data 2.4.3@4d0b081f1a79407e087968ea76aaf330db6ea2b5
- pocketmine/log 0.4.0@e6c912c0f9055c81d23108ec2d179b96f404c043
- pocketmine/log-pthreads 0.4.0@61f709e8cf36bcc24e4efe02acded680a1ce23cd
- pocketmine/math 0.4.2@aacc3759a508a69dfa5bc4dfa770ab733c5c94bf
- pocketmine/nbt 0.3.2@3e0d9ef6b6c5fb45e3745a121296e75631b3eefe
- pocketmine/pocketmine-mp dev-master@f8ba60173cec4e23f6a525fa76347ad6414d6ddc
- pocketmine/raklib 0.14.3@4798576fec0364266dce23b368a7fec5e5de7927
- pocketmine/raklib-ipc 0.1.1@922a6444b0c6c7daaa5aa5a832107e1ec4738aed
- pocketmine/snooze 0.3.1@0ac8fc2a781c419a1f64ebca4d5835028f59e29b
- ramsey/collection 1.2.2@cccc74ee5e328031b15640b51056ee8d3bb66c0a
- ramsey/uuid 4.2.3@fc9bb7fb5388691fd7373cd44dcb4d63bbcf24df
- rhumsaa/uuid unknown@unknown
- sebastian/cli-parser 1.0.1@442e7c7e687e42adc03470c7b668bc4b2402c0b2
- sebastian/code-unit 1.0.8@1fc9f64c0927627ef78ba436c9b17d967e68e120
- sebastian/code-unit-reverse-lookup 2.0.3@ac91f01ccec49fb77bdc6fd1e548bc70f7faa3e5
- sebastian/comparator 4.0.6@55f4261989e546dc112258c7a75935a81a7ce382
- sebastian/complexity 2.0.2@739b35e53379900cc9ac327b2147867b8b6efd88
- sebastian/diff 4.0.4@3461e3fccc7cfdfc2720be910d3bd73c69be590d
- sebastian/environment 5.1.3@388b6ced16caa751030f6a69e588299fa09200ac
- sebastian/exporter 4.0.4@65e8b7db476c5dd267e65eea9cab77584d3cfff9
- sebastian/global-state 5.0.3@23bd5951f7ff26f12d4e3242864df3e08dec4e49
- sebastian/lines-of-code 1.0.3@c1c2e997aa3146983ed888ad08b15470a2e22ecc
- sebastian/object-enumerator 4.0.4@5c9eeac41b290a3712d88851518825ad78f45c71
- sebastian/object-reflector 2.0.4@b4f479ebdbf63ac605d183ece17d8d7fe49c15c7
- sebastian/recursion-context 4.0.4@cd9d8cf3c5804de4341c283ed787f099f5506172
- sebastian/resource-operations 3.0.3@0f4443cb3a1d92ce809899753bc0d5d5a8dd19a8
- sebastian/type 2.3.4@b8cd8a1c753c90bc1a0f5372170e3e489136f914
- sebastian/version 3.0.2@c6c1022351a901512170118436c764e473f6de8c
- symfony/polyfill-ctype v1.24.0@30885182c981ab175d4d034db0f6f469898070ab
- symfony/polyfill-php80 v1.24.0@57b712b08eddb97c762a8caa32c84e037892d2e9
- symfony/polyfill-php81 v1.24.0@5de4ba2d41b15f9bd0e19b2ab9674135813ec98f
- theseer/tokenizer 1.2.1@34a41e998c2183e22995f158c581e7b5e755ab9e
- webmozart/assert 1.10.0@6964c76c7804814a842473e0c8fd15bab0f18e25
- webmozart/path-util 2.3.0@d939f7edc24c9a1bb9c0dee5cb05d8e859490725

Loaded plugins:
Biome 1.0.0 by  for API(s) 4.0.0
ChatThin 1.3.0 by Blugin-team, PresentKim for API(s) 4.0.0
DEVirion 1.2.8 by poggit, SOFe for API(s) 4.0.0
DevTools 1.15.0 by PocketMine Team for API(s) 4.0.0
EasyCommandAutofill 2.0.0 by jasonwynn10 for API(s) 4.0.0
FormAPI 2.1.0 by jojoe77777 for API(s) 4.0.0
MultiWorld 1.7.0-beta4 by CzechPMDevs, VixikCZ, fuyutsuki, kaliiks for API(s) 4.0.0
MyPlot 2.1.0 by Wiez, Exxarion, jasonwynn10 for API(s) 4.0.0
Particles 0.0.1 by  for API(s) 4.1.0-BETA2
PlayerSelectors 2.0.0 by Ad5001 for API(s) 4.0.0
PureChat 2.0.0 by Vecnavium, 64FF00 for API(s) 4.0.0
PurePerms 1.4.5 by Vecnavium , 64FF00 & ProjectInfinity for API(s) 4.0.0
Slapper 2.0.0 by Vecnavium, jojoe77777 for API(s) 4.0.0
Sound 0.0.1 by  for API(s) 4.0.0-BETA5
TNTManagement 0.0.1 by  for API(s) 4.0.0-BETA5
Tags 0.0.1 by NhanAZ for API(s) 4.0.0
Track 0.0.8 by NhanAZ, Nexus9265, Mcbeany, EndermanbugZJFC for API(s) 4.0.0

----------------------REPORT THE DATA BELOW THIS LINE-----------------------

===BEGIN CRASH DUMP===
eNrtXAlz2ziW/itYZ2s6mbVs3oen0uW07WxnN4c3dk+6ZjSVAgFQYpsiNTxsK1P93/d7ACiRstPJ
7KRqd6umq5NIIPDw7vc9gPbfDvK6WfHu461q2qKuDk6Cw4OuWKmDEzcK/DRxosQ98vzADbzDg35t
HnlxcuR4QeK5aRpFSZJgUcnb7qJp6ubg5G8H3WaNaQev60UhLu6FwjrQPjxYqbblC3p0WfKNaljR
sqrumKirSolOSczJ+7J8WZQ06fxkPn/5+t31H+fzthHz+Vovms/N4qP1ck3zzdz1ClOO6Y+ZdWwm
YUJZVJgQ+ikka7jA5z8fPHHYuuwXRdUeX9V9JfXCN7yonvrhsxO2rsWN6lZYuL/p7PuF6t6q7q5u
bq4gDeR6+gybPHHZjoNWLJXsSzBxVtZt36hr3t48jXxQfrvk1Ys/zed61/mctpx9vzf4N2FW/Woo
e49SJpI/8kri81PXjfeY3s6bz0cszL6vq/e9Zdj/LNmr4dtTN3A/T3jEwez7ZiAbsLElSMWwBP3z
hlcwffM0iKLfprndfvb9Cuq5XjaKyx8Vb7pM8e5pUXUKdFgYuqneMRzteKWaW+I7jpIHZiQmyIwj
Zmbfd4XYbdg+JB49QjwK99VtnhhqRg3xI+ucIPqNdZdNLeBQdWMIJCMCl3rJGyx56jvBZ2h8/Igo
arumF93TOvsF4cR+4K06Q2C2r2suVfPEO2T2yZhA3xVla1wRAQvpn/iHDISKavHn9C9sFITbYTee
jNtQms815+lnOPceOKnRy7ODv/x6eKC+Se746lyAHQ3XH4vqti5v1UpVHZYWlSwakDsYnmNMhyUG
RC0VcRj6Dkbn3bxrVNc3FfvXblm0s++L9mzg5emzP2BB6Lt64q/6s4fP+oOvB9d9VhaC5X0lSEI2
Wc1OWFbX5d/0/ODR3apJEmL/8vw5q5A62e9+9/iMR/kLR/xFA3/xo/w9kvfA5XTI8JtYfov86eO8
Pre8PjPzUzt/3nXLpr5jlbpj8/nUAZ7OP2f2+YGRJRiMoqUJ3K9Qmlnn7XQQ+FYHgdH58e9/r78Z
NbHfs39XXcu6pWI9nLfiKIb0OLKPj/W3z6sP87XSTBRp4YPkUT4H8obD1HL46z8r2D8r2D8r2P/F
CjaUi5YKxA9FvdKVQmeIE/v98GALsg/cI+fIwQjvu2XdYNGfQYGvC4rsQD/Dd1XxrERdO4FK1OGB
VGtVSTu3rfPufDxAjjZsZVRB5Q5ao4L57ur6w7v3r88xdKeytuiIK0onZ0veXS9p5ZbZ7dCUX3+P
34MftLyzTvEVHlw2qkUF/c9idfCNJMmsuwvwg6SITyPOvijY+cUfi0bzvhVsOzQVzDtKpoKt4UIF
AYCrdy/Vt5LGEJ3PbzUL87lUw6cRW1aqq+sX769/unwok7q9BihoxzINQ1OZ3HDfWjs3ZtdksW8k
1rA/xNhx8htiLLtu3Z4cH0MXyz47EvVqFGDHWxoQ9oK3m7N6tUJ6ftF3NZBdOZL7sadjFXgP4uvg
F97W1d2mqlznW0k/IjmfP8LS18fhS3ThLy5fjSQcRqZSuQ+kqn+pVUz/fTOhthSRHQ0T2w9fI8qb
vuyKD3VTypE0o8Gpp8ZHzixTHQ+mYp19UmJ5+QYOQQ71x+K+uDn7kz4c2PRd298U+HzDy6K4ab+V
3IK2XK8QmPDmFfF7R/zChmPef1P8R7x7JMjxiBDpaXNZ1t1YR2bgCwb/UKhPGLm4v+c2a3wzxz64
QP2tVxtj6FFe0jxfdZtS91CPxd5OjUYKaG2Q5gtJ7RKoqBClGme13dhYGZDnyP1szYSiZj9cXL/w
/qf2HyDsdvOvj14DrK9UCWCiOdtJsvfkCznqhQwdx/1WHm2oDbh/y8TfIRdQNxXdsUDD0Bck+aMS
Fb8tesIGUfDypfP3+abe51I1Kx3ee276kuuWqgXeBPWfUUnrvr28mA3jI2/8aPaGDizfu09fqwDD
xVQDZmyayYKj8DMqYIfMsMF+x8AzwddXVV5URbf5VqaeyKm5G338GkmvSr5eq2Yk5zDydxj62xej
1jDx9S5rzmpGUtizm69NI45NI+E/mkZG7fHX8H399tp0dOYcasv/dPx/QY4JA3+HPHwxDhr99be5
tzt+K8/Z8o+dv47tR6q3ZYnkabi4GQukv+9LlDwq0eHBW3Xft6kXUYZ4IzLFqw0V0gotLcpo1i/+
9B8vz7655MTiPyw6HZTyBkJ3ygg1bYr1JQwxet+pqtXZF0o6qxsim5CRSeZMrHi3HI8IXoJx3kzG
6tVHWXeV6iaj9kB4N9A35fi75N3kOQBJpyaEF6v1+OuStxNeCsCe2/HAL6226Pb7KjOnBpOxuums
3dFDYqDtOAkkx5PWYqqH9yqnIlxMybdam+10SFJKHY1cXb6ebL9p/1pSphs+se2jrr5RVfFpqoL7
eys1sUuBt+GrUmd0T3P/qVibzjHVZexTWWTj5fh6v5pqvSb2PMfxXddL6QTg/N1EdFl/1KztD2Ko
mBqshg+37WTiVbFal+rnNxOZ9zjAVzpX25NzVd41xZ79150+gSMNB7aCXS73fG/ZVzf6HMnTSvK1
kopFVlS82WDIh6Ji0oS6VaXM7CQiJZrNuqvtgGeUJWFo45aOhfC7Y6OPu71Gz+nqoqjyeuK38oHJ
i4mXaFX646FGITwoDhe98cWB/p8QbuzdpeBiOVI+RfdybfelHVWlGj7utHehPntD6D3jrdrdFk+A
Nx72BbV9DjTXfkQndXCS87JF4lo3dVeLGoSDOMQ2BYV4nmQ8ctzYF0oEyvPziIdemPM48oOYyyhw
AxlJKWayaDpKmL3l6UNRyfquZW+v2eUZc2FRpndmHvzRYU+H567zjL14cx5Rc0l5aqSnT0oHT7B1
keX6Y032+PDq7dtrckr6cqdTJ/LSum5V8xGGbdB1mV6FyyUkatQxZYsZ5tgbJJfywWkuvDyO0jjN
HR4EPMzDTHjcyyLHkU4ceblyVJwo8qisKcTNsU2QzlF65J8KHsbSTXLHS/IkyAGoMs+NEiHd1HUz
RypoK/C50tkPxkDmQcpGTi0z5PzZLTpjZEW6T4PObqr6rjq1/+rIFZTN1HFRUc7qCjuTIKxzKsMo
yyPX8VI3lCqMHS+Ok1x5Tu5J5WdgHGNZmJHLLpq6bdUxdMfbii5cbj1NQ6k8SJI0dWXoqzBRkSPS
MAwyJ81cz3EhXcZTL420U4uSZ+0xRFpDieuN0aADFcZxlCeUXQKVishTLvcE3EUJEXpAmZFMsiyG
xUEFJYPOH3kjltocKwtmD251vJ9ipnA8lydKZp4KeKy4lydcBjlPlUilUF4usoSAYlXcFIJEmqHs
tQMRF5F96rlOGMe58kUeZ1yCjwQemqZBGMo8iMIoyH3hxLF2J97MihpWrYpctZ3Fzv5pGieOrwT3
Y+m7qYSzJ14khBf4cQ4WnSSMuchCf0RjF2w+BdtpxlUswiDMVO4mcZIEgRflTgASgQojl2eulJmb
eMarYe2ePLNujptt9dHuahE9+Dp1JawSpDJQEq7phZwnUBIFoR/KkLtR6gVR5GW/RRKjWVkTSDoI
KTOeRp4XBkkWeb5KYPNIxgns5YpQwbnyQKgICnNj5wFRKvgz2JOuZY1jRiCX+iqT6GcDwbPEQcLg
aR4qL4UtgySKvdzNkjh2IkOuXStYsanXSyXIp27NoegpHEHGfuJkjspyP41chJIbOKnM4sxPMuG7
Mkq561sqiI9j+689BfdP3dDloYsYCdIkDOMkzDOZJL6K0xgh6vBMpFEWh/lDEjP821dFN1wAnKYq
SxKR5lGSopDyhHs85CpVjuv4fqJUGkjhp9kj3MwIkYhu1vT66ERnHQSe68kwzOOAJ0JwNxGRipJA
REGInBMrJ0TgxbFrPFSzoj2dLrbxFyUSfcGewilcSgVJ6HCep74bB74TxXmQ5cLlKhCwRBSAtONE
yT41qmQzKsE2r8AXjqJTkbsCYSs8yCmi0FF+6MEJRBSHHEnGVUh4GSJrjxjdzt+oxjq/ewpnhAvE
kviKwixM0sDhDvwqj12RcoE48InoHpkO+BR/AVSYqkzBGJyGEokZYiE7RZ4r8zQHRwgieL+MtDUQ
6cJL9okVK81RqCM65BEKmOco8B9mOTIEtKY80EmgMM5Tx+PwEG9KxLoB0BZyy2mYxiKLgjgKEYHQ
jAr8zPVjdAwyl7nKnTxzyQYTHHGcKdng2wypnmsXAEP/NgxCWSh2p0GCpBmnnIdKOhni0IHDeZmb
5/TNdXgaiIRH4nHKu7J9EFNMP6DuJlkgM84Rf04WiUgEfhLyQPpQZyqczJdZ7gbZHnWNqXYAyCNT
cBErhLQLXXGZSGSjJA+F8ilPIMhlqCI85lNKj1Y8V5sF2kziABU4ijLBkfHDJAm9wFNJKOAiXqgS
EYbc2yNId41lbVGlo5NjkCruO36KBARjZH4qpO94SBthJCk+kMGdFMV8j1Jd1jsaqHzEP3JglHvK
92WUuD5CW3qp8OArkXBj5co9bvQ7MUtzQa1JUR6UnDIWd5DukwxwQNFreEhmLqATYixESAiR7LOD
zIyOa3AVKtP+aQCPcBI3d3mMKEJ6SOI0ShTwF4LL9x2ZgWUvC/cpLTQvutBHInU94eQpUotIIIDv
OokSnnTjNEujPHAChKT/gMJsBMkNqcjNY6gxEbkPg6EgqkABJCEEJYpS4nAXQeYLOSW1RU0B6jPn
QvhxmPLQgUtTcQXoCqjGxsjKse+LUKRIYVMSVdYN2P3UV45MVR7BlZHVg1D5cYCM46HDiVQcRj5S
FMCNmlLYfZzpRhPAd7biLTLg6ddC3CnBht+Y/gvgVBsqRqWB5yjh+BGqfUSAxc/8KOGAIyioQGpI
FvFjVGbFWgxt32nqeTwKAiAxhGosOdIC/Z8gXGF/QKsAtZGrPSW3VV1/UkNbdOpwkQDewu+BGVwU
yzwKFGIsQL3wQ4KsYYq6TEHf8FWrNhQLu7aXbly9U4H/4kApqNgDInIzRFMAXAmIFSmVSD/LogjF
dEek7wuD2D1oBCkb4C8HUEqSKHVz1HToWAaol0hIEVaL3IPpafmyX7WcD+sf4uFWoacBCq4Q/cUO
9VEacU8BrlC0YpTRWAUeQJ8DwzkiBndAC0HmBQ78P/OmdKiejgp9curmVOURC7BS5MUqBxbigY/w
ydxYphFtgOLtPE4GYIhAoJqVdX3Tr7dgkiP6ciA3cq40z9AlSBHl0lWEu0Ts5HHOORD4HtUVHeiY
XBno2gzIAK9y0yTFSjgXMLcXJiLmCCYf7oEEgUyceA/olOqeDrENP0DshFXgjT5KFwCNoILse9S7
IBlHcQYwiBSaJBM6sshzy0lw6gdAZH5OziGQbIVHdUWlrgOHgI1FhDwapo6cUFDVbdEA9Jv+CwUV
qoFfIIhRkyNK/nAr30HsRSmVAS9Ncw5LOPDkKaH7dd2YswPDToQqkcUyQ2UWoZQe2SmkMgUMGsch
YAIQS56nEyqLss54CYBmoIZBCQhXGaaAjXGeA64DpwXw/MBLIngp0k4iKUEEU0r0tmI7q/OZefPQ
VjZBQCpNY5jWRYED8oRK0cw4CYIIzslRmzx0SRNS5q2ZmaoAssfGR+UVKSRCJGde6qAvAWsgFwLl
QlMhB2rPg1DE7mPkLPzX1AykyoIc2QpIHU0kAT0nRB+LhkfBzROJbBWkwgW5CbXtoQUErQiqbZkT
MpVUEtBqOYEELAogPEmM4p47sGMYOpEbe3vk2rpvhJrVa5LVHEpqGOqfOjnSny8ynwOgeEIlDrw+
jUMfDaKkXieRaLL51EXtCSQSD0mINjxBNcIakToZ8LCThz4amxiYVgVJ6vpRnrrBhMK4h6NIQfpF
i+35aCVSB6qm1a6bUEaIkU2RhvNIohgSkc0qr6sNqky5obvW2XAgipbGo8rpO2Qu4Lw0oeYvDiUK
uw9YBo/PyUHSxKEC+BgtINHEGdEK4wwOAFSg0EMClCJZoZWAp3kiCZTjx0nqSXjf52i5Y1qwV8bh
6JTc8xQtg3LTzOPABXHg+mie4RdAeXRkuUT3rtD5jY4uqU64SAg8cOHtAK3kRx5iN8xdJCcsV3EW
oiqHoKjMcfaq/sSb7hgYTjXdcJIAbJEi9SKE0XsHaNkB7z1oWDmoY9JFSwRNuYnywgmRNaDFjECq
tTyQV+qneawkwAkym5tlQLgSJUxk8PIEwDINUicGGX1ovq2fRxt9bvmE0Uk8vbeaF4ve+CWjXonl
dcMmx2zzZl49YdekFNaqriuqRct4o/SbpzVyAj7wjgle0ZuwmWJFJcoeOAkfmHkn7Yh6XyihUK2h
dlWvsDZn3UOqLc/VIavxpGmJKMsAzW7YBkFkqbEiZ6sambrQe4i6oXeky40h/VbdbQkeS5Xzvuxa
dldX33WMDmJ4w3jf1cBqBQH2DXFJr7ka6e+WqmL9etFwCQJHRJL+DARP6AtjTz4sFTHIuhp7VZKB
kH2XD9poeNVSZyfNY82yQbwMui1VpzVH71wJxQygppGVoQ39I1mUnM5MF+qE0V2LedIu+04CJczs
y+cnbH7wZt478OQNE8t57yoVs47+5e6K4YnruvQ89yEKO1vquR6Jqz851ZLdQ/qSVsi4YLd6WLBM
kwjBZ0GfRFyxyqzY/Mv8wKrgRVnWd6wsWlLM8PYvuy04+69eNRsz66/0cWYfnjB9/mrXX+jLJLuQ
QQuMzi8ZPAWGIJLZhlnzmRXm9mm2nTAl9wFBD2+EPbmUDEnXmJ3MSW+DspXi9NoulWV6aTtTxD3M
of7a85IMtShuMRetW6/YU7sx85xnhr7ZlQ6CqCjPYGp6s/MEE+z+b/tVBjvDp1+0m0rQi7eMXmqG
Fx/ZKT+1cAkKr0FmmrgEVqh7eA0WtIdMv+XDzME3xeQhI2TT2FfVSUvICTS2AhQTespA/ko7FmSD
lzf1fQEPV1AHRNOxU20ZJD1vmXqVU7TQLIqKQ1Z030GRXaMXStXR263krnvL2VPI0SN2PasgLczM
SnyiiT2MFa59pumrigws6fKiXmuT6BPz9oidq1v7ma2KxRJppeHt8nCcBKw3kWaapl93ZtQojhS0
An9b6bSxkR70gbg0Iclv60KC+cd5IJ8hP6yhcvjb0cT5qJky03aBSX9WCrtuhuzw7xpzMboSZeYJ
4mRVdJRqVmrBs00HA7Aro3dHa7poaQNL4JrMeFdoQ2hHQ/64mxlSg++1Wti8AK9IkhCj0tTyRqlh
U+P9+ucDkC7Yoobd6FxNu4nZysJDzd4JcwZ5wIOuD6Yv/n8hCd03f0mOJW/kPypH29VrzYrN7FvW
LMGWIc+sqejLEWO088AdsFYwYlDniw86cCyf7XffhFMdOpo1Si4MqLaBapES1D0grk7btWHdhC3V
1e1sdS+Uku1OsiHPvbu+OGHXP766Yq9fvXl1zV5cXr5+dXHFLi/esw/v3v/nxftDhkns+h1mXbAP
P757fcEu3787u7i6OnqYKyaa8cJopJhL1RS1RhGUwVsSVSyVzuVaL9ss7cIWQDLSpiI9aYb8qYb8
bAmeAc8XFfI7fI2k/5wrGhe8WxIggIYoZ5lplr4hg6y9qwPjZICd3lEhIpiilx09XEF+Yl+ngDHX
ShCaMdomxo21zdqtNHA9tW53YvuOlbt99jnGrBb8kRYWvMkQQ7PdMYhNW49rXIclsWXXMbsO6X/F
q14jqDFHwJg9PPTZ4VBWHrro4KSmWuc5qBnJV7tQPWLvTNEwAQHsU/el3HJToBLdVWwnQzuQXmsR
IHLkOCOpsedLnWAe1FztVobOVsa8qVdD9R7W2zmzsfPu250ks/Z9xG/YIw73wHOuBixMxmywJzmq
dXjZr9YGMA7YlNlHM3q0s+M5TbSLtCya6UEifAOKQILgj6gdeAD1FLvcwgnbtleUTLolrLkYoDQl
PNpvx9nhYGADQCxaPhr4ocm/qbcVv5/p9xDanQxnfE3jxapfoYDTy0m0SccrgGYYmZmfIzPc7DRN
cWVVqyProQ+ip1hvOdObzgjs96jowcSS57V5vO/5BMQob5pdhulDwBmKduq+nBqkzPRbDyNJz8GY
BkZArqRT8GrQjKG15tSMMbPKyLuTFcu2WjbyDRzQ9HH3QCotqfuxtL9E7ku+Sn/sDzCebEsPkOGy
Lg3KzXgnlro30AIAsMHNbPnS+dE0f/apKVmZ2uLdoXw+GdtweEgputnQD+IsDtnMHZnXmlZvPusG
hralRVeBHaDW788QjpVGE9TM6d6DlmPQMnfEfgQYhbc91+iSnV3+dIi14CNDNN4VEgGikcmQh7c7
zPQOJyza9QC7BqHVehrNPmIvJJLdkpf5MTpr07lIBU+322FjRhdC5ICjsB2X1RG5vYbrnnIjIV1e
HjFi5KfL6nJA/rt+mBocYuwOhdks7dfVemZHHjReb2yMtsUntbUw9QmDYeknsQawhj7CuMyoeAep
ZxY9O2KXdk3Jm4VewG1zbr3D7pk3fEGCwEJQYLsuNT6ibnsFESg58IasdlYWmGWOERp0eqrt2Jvr
nzSvLcQi4bO+0z/Cqw2729D0O0e7/LTq+hmtO9EcT5tYVenXrnRmyBmdmwB7ATIPwnb4lhfiiOm6
t+QEM1ixgoY6siTson/xBVLboeZn3WgIQlOFztg6iaP8c10OWmNeA1Ywt7NeS9Ioc3Ri0+O2zTt/
p0HZ+aurFz8Aj2n81lfapyjd95Rf9TuDBoIU5Jz2Z9HltAXayTrNB1Jl/eJk11V+z1zqJi1oXiK9
6RnMHl605tyF4r1q6wEa2GhxB6JGioHq2bKuW31GMzSUajhE0LWA7hNZy293tQdf1Mw81beN44RI
TOoXWQ1gtMdYv9RFZQ40tP6+Yz9n9b3+AWv26pw9/fmnV+fP4A9ID+AD8+9gTDIXvfWP4KFWs5Fb
nRmgg2ipdzatkBV+/uH1sINtREcj321/nluDE212C3q0hPVwrGZL8z04nNGLvs/rPLcb42mRb2b3
fSGnZtIanu2fZ13rAykTkOZ3sBht6Fpho69v7fGYQMrphvRsV83MqhNm30gctjPFyKbV7W5UWXm1
2PZQFS0u98v84TDrtlB3s23xf+xUcVD3i1XdU7bJTe20yQdKHJRNyIGyqj3VgVvQN1v6QeC9hgIj
AloNlTInB5kyBDOVU7Zo1/xOOwv5sf25duN29OAhrDDKoA1HykD+ZHyf7bX54WXsqlCnH+fY+RzL
vKG3/RkfwgKM7wjQpy1n/oPDK/3SFMVmW0hTf0g+DovDLds+G2tlQYUZM5Q05Vh/2ZZKfZJmXYcL
oUqlexgTBHbfsrjBJtTn60xWcihh0dR33dLkQWzC2dLQGyVJ5Iy2Gwq9ZnhGehnYm+2UNAj46rwd
SUfpnnzCUGTmhcWtsNsTtQFQ6VV7ZgPNGfPYE7CLVn9q4N3p3cjGRw+NbBPgHS90L47yhNbUeNm6
XvflLsjsV8ITepYtRL43bKzbNZLb7kgVnXIfgMeoDaJRe4J5sgVXdPCqDwrMA4NJrP+BrXHul5PT
aKzUV4EPBrfJZf+Bfbl3gh+QVWbmhf/R7CXse2LYOlqvVuujot7KgPS5WVGLS1eadPos2rEwVBTt
DLaboYXSyZMvFo1a2LNVexBrDpXol1ncPJRY84qc9e783Ql0NLMlx6ASSod3ynRLXP+qENqz1QKM
RdGjR6NbGCCDiVX6Nf3gwGC+R9QN05s5WwcEGtNXlFQ9J3XtjC5N1Pho8xAlaL3kCCpF9aMhfnZY
GZUpVw36pRnl24oK8GjtrliaQsUnZ6b2KnFU6Xu0CoBZOnUPudHSta5gZgybPWJ4I+i+5btiNS5Z
FgwQeVpFgUMVigxN9YK21gfDdtlwJXA03sg+299pUOqXYIetXsbkJnxGh2qWCjbptqoejs+Wdtjk
z2bb/NiUQxcY6DqlxmdFviVFr3H1jbknoyQ2nCANqR0UbeIbl3yARt5uG070AZzeldh+J2wGfq0l
TwaTDk/h2nTkecL+rMEU8PWhPgP9y0DeYIQRkhjf6GnBCPw3up7QOZLJjuSEqnu0mOtioDviVjc7
+pyBflp5XSqLSKaiDHvrZ8MX0KUICpyhtO92PmEvX7+4HoapW1J0+PgH+z7hYZjeQ8JKHfr39LL/
oc7xfxiBUnOdNT2xMRmBai1Ubw9geW89tIQ5xYaZXyfSN0OaHxrPZnsPpnMU6KAWCn272Q56mw3X
aHCSoS958lInJ72ZXjEho0G9Hfk4GplpKDxBqLVpXtQ90mVru3dxQ/1eq/tT5MusQJe1MYhTzyOZ
9Uv7pSlNQ2gZWfUe9LMSo2yvX0LYMzbdRV/uTH+mL6T1Xay+zv0AJbytb5nrMCc9CeITN2IfXv3A
PMfT9hjuSZ8j5vVFTN3J53RXyeN83tPbLfpvof/WI36g/47Mta7+XS8UuM/d1DX1dDR4G+lhjSJs
+1OsMWii425ZdGpGN6B2gNpECzSfm4PnBacjFKmea2bN1e52DGidRukAnO7Uhu/r27WlRy8jFQKe
v3muOds68LbEPt9BeuoXnptfEjCC+UqOptCrGs/PL16++On19UgkfUk77K6rEUW65WGCvZ8bDY0a
Dj3n4Nf/Brbx8W4=
===END CRASH DUMP===
