PocketMine-MP Crash Dump Fri Feb 4 19:54:27 WIB 2022

Error: Call to undefined method pocketmine\Server::getWorldByName()
File: plugins/Particles/src/Main
Line: 22
Type: Error

THIS CRASH WAS CAUSED BY A PLUGIN
BAD PLUGIN: Particles

Code:
[13] use pocketmine\network\mcpe\protocol\SpawnParticleEffectPacket;
[14] 
[15] class Main extends PluginBase implements Listener {
[16] 
[17] 	protected function onEnable() : void {
[18] 		$this->getServer()->getPluginManager()->registerEvents($this, $this);
[19] 	}
[20] 
[21] 	public function sendCustomParticleWParametricV2(Player $player, $X, $Y, $Z, string $worldName, string $case) {
[22] 		$position = new Position($X, $Y, $Z, $this->getServer()->getWorldByName($worldName));
[23] 		$packet = new SpawnParticleEffectPacket();
[24] 		$packet->position = $position;
[25] 		$packet->particleName = $case;
[26] 		$player->getNetworkSession->sendDataPacket($packet);
[27] 	}
[28] 
[29] 	public function onJoin(PlayerJoinEvent $event) {
[30] 		$player = $event->getPlayer();
[31] 		$this->sendCustomParticleWParametricV2($player, 140, 174.5, -10, "world", "flotv:galaxite");
[32] 	}

Backtrace:
#0 plugins/Particles/src/Main(31): NhanAZ\Particles\Main->sendCustomParticleWParametricV2(object pocketmine\player\Player#30030, integer 140, double 174.5, integer -10, string[5] world, string[14] flotv:galaxite)
#1 pmsrc/src/event/RegisteredListener(75): NhanAZ\Particles\Main->onJoin(object pocketmine\event\player\PlayerJoinEvent#124891)
#2 pmsrc/src/event/Event(62): pocketmine\event\RegisteredListener->callEvent(object pocketmine\event\player\PlayerJoinEvent#124891)
#3 pmsrc/src/player/Player(817): pocketmine\event\Event->call()
#4 pmsrc/src/network/mcpe/NetworkSession(711): pocketmine\player\Player->doFirstSpawn()
#5 pmsrc/src/network/mcpe/NetworkSession(704): pocketmine\network\mcpe\NetworkSession->onClientSpawnResponse()
#6 pmsrc/src/network/mcpe/handler/SpawnResponsePacketHandler(44): pocketmine\network\mcpe\NetworkSession->pocketmine\network\mcpe\{closure}()
#7 pmsrc/vendor/pocketmine/bedrock-protocol/src/SetLocalPlayerAsInitializedPacket(51): pocketmine\network\mcpe\handler\SpawnResponsePacketHandler->handleSetLocalPlayerAsInitialized(object pocketmine\network\mcpe\protocol\SetLocalPlayerAsInitializedPacket#124960)
#8 pmsrc/src/network/mcpe/NetworkSession(395): pocketmine\network\mcpe\protocol\SetLocalPlayerAsInitializedPacket->handle(object pocketmine\network\mcpe\handler\SpawnResponsePacketHandler#104127)
#9 pmsrc/src/network/mcpe/NetworkSession(358): pocketmine\network\mcpe\NetworkSession->handleDataPacket(object pocketmine\network\mcpe\protocol\SetLocalPlayerAsInitializedPacket#124960, string[2] q.)
#10 pmsrc/src/network/mcpe/raklib/RakLibInterface(192): pocketmine\network\mcpe\NetworkSession->handleEncoded(string[46] c*d4......5...9..W.u9q.T93@.H......I...}..~...)
#11 pmsrc/vendor/pocketmine/raklib-ipc/src/RakLibToUserThreadMessageReceiver(42): pocketmine\network\mcpe\raklib\RakLibInterface->onPacketReceive(integer 0, string[55] ...."&f.@C..i....~.2..T.<e...%D.....X..t.E.T.:..v..&.Z.)
#12 pmsrc/src/network/mcpe/raklib/RakLibInterface(122): raklib\server\ipc\RakLibToUserThreadMessageReceiver->handle(object pocketmine\network\mcpe\raklib\RakLibInterface#28454)
#13 pmsrc/vendor/pocketmine/snooze/src/SleeperHandler(123): pocketmine\network\mcpe\raklib\RakLibInterface->pocketmine\network\mcpe\raklib\{closure}()
#14 pmsrc/vendor/pocketmine/snooze/src/SleeperHandler(82): pocketmine\snooze\SleeperHandler->processNotifications()
#15 pmsrc/src/Server(1660): pocketmine\snooze\SleeperHandler->sleepUntil(double 1643979267.1748)
#16 pmsrc/src/Server(1046): pocketmine\Server->tickProcessor()
#17 pmsrc/src/PocketMine(304): pocketmine\Server->__construct(object BaseClassLoader#2, object pocketmine\utils\MainLogger#3, string[9] D:\FLOTV\, string[17] D:\FLOTV\plugins\)
#18 pmsrc/src/PocketMine(327): pocketmine\server()

PocketMine-MP version: 4.1.0-BETA2 [Protocol 475]
Git commit: f8ba60173cec4e23f6a525fa76347ad6414d6ddc-dirty
uname -a: Windows NT PC 10.0 build 22000 (Windows 10) AMD64
PHP Version: 8.0.15
Zend version: 4.0.15
OS: WINNT, win
Composer libraries: 
- adhocore/json-comment 1.1.2@fc2f76979f0a44a5f5bc2a2b600d0762fe0e78e7
- brick/math 0.9.3@ca57d18f028f84f777b2168cd1911b0dee2343ae
- daverandom/callback-validator unknown@unknown
- doctrine/instantiator 1.4.0@d56bf6102915de5702778fe20f2de3b2fe570b5b
- fgrosse/phpasn1 v2.4.0@eef488991d53e58e60c9554b09b1201ca5ba9296
- myclabs/deep-copy 1.10.2@776f831124e9c62e1a2c601ecc52e776d8bb7220
- netresearch/jsonmapper v4.0.0@8bbc021a8edb2e4a7ea2f8ad4fa9ec9dce2fcb8d
- nikic/php-parser v4.13.2@210577fe3cf7badcc5814d99455df46564f3c077
- phar-io/manifest 2.0.3@97803eca37d319dfa7826cc2437fc020857acb53
- phar-io/version 3.1.0@bae7c545bef187884426f042434e561ab1ddb182
- phpdocumentor/reflection-common 2.2.0@1d01c49d4ed62f25aa84a747ad35d5a16924662b
- phpdocumentor/reflection-docblock 5.3.0@622548b623e81ca6d78b721c5e029f4ce664f170
- phpdocumentor/type-resolver 1.6.0@93ebd0014cab80c4ea9f5e297ea48672f1b87706
- phpspec/prophecy v1.15.0@bbcd7380b0ebf3961ee21409db7b38bc31d69a13
- phpstan/phpstan 1.3.3@151a51f6149855785fbd883e79768c0abc96b75f
- phpstan/phpstan-phpunit 1.0.0@9eb88c9f689003a8a2a5ae9e010338ee94dc39b3
- phpstan/phpstan-strict-rules 1.1.0@e12d55f74a8cca18c6e684c6450767e055ba7717
- phpunit/php-code-coverage 9.2.10@d5850aaf931743067f4bfc1ae4cbd06468400687
- phpunit/php-file-iterator 3.0.6@cf1c2e7c203ac650e352f4cc675a7021e7d1b3cf
- phpunit/php-invoker 3.1.1@5a10147d0aaf65b58940a0b72f71c9ac0423cc67
- phpunit/php-text-template 2.0.4@5da5f67fc95621df9ff4c4e5a84d6a8a2acf7c28
- phpunit/php-timer 5.0.3@5a63ce20ed1b5bf577850e2c4e87f4aa902afbd2
- phpunit/phpunit 9.5.13@597cb647654ede35e43b137926dfdfef0fb11743
- pocketmine/bedrock-data 1.5.0+bedrock-1.18.0@482c679aa5ed0b81c088c2b1ff0b8110a94c8a6c
- pocketmine/bedrock-protocol 7.3.0+bedrock-1.18.0@418b4dbaa6720b6c6c4385a4d321d9c0b3dbf14b
- pocketmine/binaryutils 0.2.4@5ac7eea91afbad8dc498f5ce34ce6297d5e6ea9a
- pocketmine/callback-validator 1.0.3@64787469766bcaa7e5885242e85c23c25e8c55a2
- pocketmine/classloader 0.2.0@49ea303993efdfb39cd302e2156d50aa78209e78
- pocketmine/color 0.2.0@09be6ea6d76f2e33d6813c39d29c22c46c17e1d2
- pocketmine/errorhandler 0.6.0@dae214a04348b911e8219ebf125ff1c5589cc878
- pocketmine/locale-data 2.4.3@4d0b081f1a79407e087968ea76aaf330db6ea2b5
- pocketmine/log 0.4.0@e6c912c0f9055c81d23108ec2d179b96f404c043
- pocketmine/log-pthreads 0.4.0@61f709e8cf36bcc24e4efe02acded680a1ce23cd
- pocketmine/math 0.4.2@aacc3759a508a69dfa5bc4dfa770ab733c5c94bf
- pocketmine/nbt 0.3.2@3e0d9ef6b6c5fb45e3745a121296e75631b3eefe
- pocketmine/pocketmine-mp dev-master@f8ba60173cec4e23f6a525fa76347ad6414d6ddc
- pocketmine/raklib 0.14.3@4798576fec0364266dce23b368a7fec5e5de7927
- pocketmine/raklib-ipc 0.1.1@922a6444b0c6c7daaa5aa5a832107e1ec4738aed
- pocketmine/snooze 0.3.1@0ac8fc2a781c419a1f64ebca4d5835028f59e29b
- ramsey/collection 1.2.2@cccc74ee5e328031b15640b51056ee8d3bb66c0a
- ramsey/uuid 4.2.3@fc9bb7fb5388691fd7373cd44dcb4d63bbcf24df
- rhumsaa/uuid unknown@unknown
- sebastian/cli-parser 1.0.1@442e7c7e687e42adc03470c7b668bc4b2402c0b2
- sebastian/code-unit 1.0.8@1fc9f64c0927627ef78ba436c9b17d967e68e120
- sebastian/code-unit-reverse-lookup 2.0.3@ac91f01ccec49fb77bdc6fd1e548bc70f7faa3e5
- sebastian/comparator 4.0.6@55f4261989e546dc112258c7a75935a81a7ce382
- sebastian/complexity 2.0.2@739b35e53379900cc9ac327b2147867b8b6efd88
- sebastian/diff 4.0.4@3461e3fccc7cfdfc2720be910d3bd73c69be590d
- sebastian/environment 5.1.3@388b6ced16caa751030f6a69e588299fa09200ac
- sebastian/exporter 4.0.4@65e8b7db476c5dd267e65eea9cab77584d3cfff9
- sebastian/global-state 5.0.3@23bd5951f7ff26f12d4e3242864df3e08dec4e49
- sebastian/lines-of-code 1.0.3@c1c2e997aa3146983ed888ad08b15470a2e22ecc
- sebastian/object-enumerator 4.0.4@5c9eeac41b290a3712d88851518825ad78f45c71
- sebastian/object-reflector 2.0.4@b4f479ebdbf63ac605d183ece17d8d7fe49c15c7
- sebastian/recursion-context 4.0.4@cd9d8cf3c5804de4341c283ed787f099f5506172
- sebastian/resource-operations 3.0.3@0f4443cb3a1d92ce809899753bc0d5d5a8dd19a8
- sebastian/type 2.3.4@b8cd8a1c753c90bc1a0f5372170e3e489136f914
- sebastian/version 3.0.2@c6c1022351a901512170118436c764e473f6de8c
- symfony/polyfill-ctype v1.24.0@30885182c981ab175d4d034db0f6f469898070ab
- symfony/polyfill-php80 v1.24.0@57b712b08eddb97c762a8caa32c84e037892d2e9
- symfony/polyfill-php81 v1.24.0@5de4ba2d41b15f9bd0e19b2ab9674135813ec98f
- theseer/tokenizer 1.2.1@34a41e998c2183e22995f158c581e7b5e755ab9e
- webmozart/assert 1.10.0@6964c76c7804814a842473e0c8fd15bab0f18e25
- webmozart/path-util 2.3.0@d939f7edc24c9a1bb9c0dee5cb05d8e859490725

Loaded plugins:
Biome 1.0.0 by  for API(s) 4.0.0
ChatThin 1.3.0 by Blugin-team, PresentKim for API(s) 4.0.0
DEVirion 1.2.8 by poggit, SOFe for API(s) 4.0.0
DevTools 1.15.0 by PocketMine Team for API(s) 4.0.0
EasyCommandAutofill 2.0.0 by jasonwynn10 for API(s) 4.0.0
FormAPI 2.1.0 by jojoe77777 for API(s) 4.0.0
MultiWorld 1.7.0-beta4 by CzechPMDevs, VixikCZ, fuyutsuki, kaliiks for API(s) 4.0.0
MyPlot 2.1.0 by Wiez, Exxarion, jasonwynn10 for API(s) 4.0.0
Particles 0.0.1 by  for API(s) 4.1.0-BETA2
PlayerSelectors 2.0.0 by Ad5001 for API(s) 4.0.0
PureChat 2.0.0 by Vecnavium, 64FF00 for API(s) 4.0.0
PurePerms 1.4.5 by Vecnavium , 64FF00 & ProjectInfinity for API(s) 4.0.0
Slapper 2.0.0 by Vecnavium, jojoe77777 for API(s) 4.0.0
Sound 0.0.1 by  for API(s) 4.0.0-BETA5
TNTManagement 0.0.1 by  for API(s) 4.0.0-BETA5
Tags 0.0.1 by NhanAZ for API(s) 4.0.0
Track 0.0.8 by NhanAZ, Nexus9265, Mcbeany, EndermanbugZJFC for API(s) 4.0.0

----------------------REPORT THE DATA BELOW THIS LINE-----------------------

===BEGIN CRASH DUMP===
eNrtfAtz3Da25l/ByrMTeVfd4vuhWafkSPKN7/VDaylxNqOUCwTAbkbdZIcPSe2p3N++3wHAbrIl
v2Z8a2urnIqsbhA4OO/zHZDUP/byql7y9t2NqpuiKveOgoO9tliqvSM3Cvw0Tr0onrqJn7juwV63
Mpd8f+r4oZNGSeLHsZ84WLTgTXtW11W9d/SPvXa9wrQ98/1gb6mahs9o5IQvFqytWFdKlRelkmyp
2nkl2aoS16pdYujq6kLVYOfoaKbat1W9kD+sX/Gl2n8MSnm3WDwrFkTq9Ojq6tmL15c/X12tFt2s
KJurq3Net4VYKHxsanF19ZIX5XQ1X9FKs8pOPdzMPMTEQ5qHOQtsv3fkeVBBzQU+/n3vkcM+vGTf
dx8fsVdzXj79dbQ5XZx836hSnnRNWy37S2/xAaK0dSF+9var7Hcl2pHoqwVfqxq09O9HvuP4zgEr
ylbNVM3cAF9k1WULxdw4mIbbSxMXlxoQLmd/D39jt6S3zYAb/MbyRdXeHM34gt8VrSJdPnLZakmi
0I+6UWV7+EbNiqZVtZIv6Hep6v04/JiIVfnvFfTwgCSa4K5ANPmMLjxyvSBJXc2Gd48NPWU/8rDz
AyTvMzn5XsCvzKp/iRV/wIqZfmhm7ydu/DA3moZhQHvoo2BAo1QtLHF9uBQrdfjKfLlAMCDS9mPX
3aE4ZnDyvayeFXXTXqz4bWloh59L2wl2aNvZV1c0/epqPJ/seLIoIIje641qVlXZmIh7FH1oT/iE
XEBDozXnnPb80VzaD76QjY9M/YdYVE1Xqz8NV7HlCtqXVX24XXiYKVnj22RVV20lqoVm/EK1LyrY
yKj2afO8LNqCL4r3ShqO90P346xaaZGdPiju5Hsz6SObPeSeOxv1fFMe/ATT5Lpp5GiFJJ/pGn4a
flzQL9i/F/gzpPoM9T1yncD1Yi1N+rnShMmXeZjh45S33Nr9v8Igm8Tr/cb+mJpc63xIoppfL4rs
8A2/flFkz5HO6xy1Z99NvX9GsrNSVBJ+ZhkIot+Y+B8ymOr/Qvyk0+nbaZf+Mb1M/ePpj+bCc/z8
OZ3+J34Zbt0Phpdhd1KsjCiG7cvqp0bVl/NacfnSFPs3SqjihnLAJ+QwBJHWxwqgnGSUaint96Vu
UOhQ6Yj9q72/5tPjk+m0oG//OfWm08vp/1L4/N9PtXy/TKft9AyDR9PpzXT61+mvVk7vS63ikTQ9
y40GKldXUEbP/0c08QXR8gGdPPKSIAwM5/4HLdSUVfVembS3UGql6j4du57/T9riM9bsJGg3+CcY
THZ9xUxF5I3mgR+keGj3VdUWeSF4iwho7L7DGmmQ5L4bIUl+HuGGvv9UtsVivwdaAxwcB4nZJHpg
EyeIdjYxVybfAzNdnxuOq9qyGQ8onOs1L7Fm379XuXsi794JCNnWndgkrR94o04AvJsXFZdIoN4B
e8C3OghjAduLajYjWLmJoPQ3NsDRW8AYj8Y3+NqwnnyAdW8XIpn4gMC//Xmwp/7rm4MvgPhgyMx7
V5Q31eJGLYF+sFgWNfS311/FyIYMBim3kgiujwtdoz6zbFDJ68mc5Tk2MJntbyDpBiBFv0P8FmRM
RqwydQdoKxt2rvkgS7NiuVpoPhvWI1/2D1oaWRIxfl+1tDG2gPryrhQUGqwqz0oOZ95/zI7YTVVI
sy7R86/av7Tzopl8D5VaX36sv5itX/IS5tFjtUXeGvM2+3rZAdO/HmtZUk3wT3z0HMOT5xqeEEqF
2DL0qdbIVFj2FwOJsccv+Pk/+Pm191H2F93jkPG3QwJqeqxl87xetlXVFHrPJ6xUt+zcft0fkvyA
AoYOtt3usZbV8zcbaFta8h+09b5ZFYxXUWbdsLdhVc8M7820VIkHmk3C6pnRZqZtHMD6LjoghQ9Q
jyVqeIq3Vkus1dIHrWa7vZ0Giv1Ft0JG774zZoYYVaZF0h6lmym9re+Ove9TLrHxBd0F2/ZXt71X
e9o2V3v0cdznXu2ZvTwr4p/fWvtvrf231v5ba/+ttf/W2n9r7b+19t9a+2+t/bfW/l9p7ftWuaHG
+IeiWuoOueT0234/2NvcXtxzp87UwQjv0NrXWPR3UOCrghB5oK/hu9Ldqtw7gk7UwZ6EHdELm7lN
lbenw4El13263srogvp8qI2a99cXl29fv3lxiqFblaG9Iq6oDTiZ8/ZyTis3zG6Gxvz6O/zu/aDl
nbSKL3HhvFboBtr/KJZ7X0mSTNO/uhLgB70RPg04+6Rgp2c/F7XmfSPYZmgsmDdNxoKt4EMFHX5c
vH6mvpY0hujV1Y1m4epKqv7TgC0r1cXl0zeXP53fl0ndXFbVohnK1A+NZXLDXWtt3ZhdksW+klj9
/hBjy8lHxJi37ao5OjyELuZdNhXVchBghxsaEPaMN+uTarlE3nratVVeLBYDuR+6OlSBdy++9n7n
TVXersvSdb6W9AOS6JPus/T5cfisqpdPz58PJOxHxlK596Sqfq9UTP99NaE2FJEeDRObD58jystu
0Rb6zGggzWBw7Knx1JlkquXBWKyT90rMz1/CIcihfi7uiuuTX/WTD+uubbrrAp+vAUyL6+ZryS1o
y9USgQlvXhK/5jzlasT7R8V/wLsHghwOCJGe1ueLqh3qyAx8wuBvC/UeI2d3d9xmja/m2HtnKMDV
cm0MPchLmueLdg0AsfdwZG7VaKSA1nppPpHUtgfLW00MD5u3yoA8U/eDNROKmvxwdvnU+2ft/4Ej
oM9xedMuXagFkInmbCvJzpVP5KinMnQc92t5tKHWH7dsmPgCuYB2qegOBeqHPiHJz0qU/KboCBtE
wbNnzpf5pt7nXNVLHd47bvqM64PYBogT1H9BJa265vxs0o8PvPGd2Rs6sHxvP32uAgwXYw2YsXEm
C6bhB1TADphhg/2VgWfCr8/LvEBvvf5aph7JqbkbfPwcSS8WfIU2YSBnP/IFhv76xagxTHy+y15U
XTksPOb756cRx6aR8F9NI3rjz+f78tWlucVk7sBt+B+P/z+QY8TAF8jDZ8Og0V8/zr3d8Wt5zoZ/
7Px5bD9QvS1LJE/NxfVQIP19V6LkQYkO9l6pu65Bh00Z4qXIFC/XVEhL9LQoo1k3+/Xfn518dcmJ
xX9ZdLpFbO7pKCPUuCnWz5USo3SjttHZF0o6qWoim5CRSeZMLHk7H44IvgDjvB6NVct3smpL1Y5G
7Z3y7UBXL4bfJW9H1wFIWjUiPFuuhl/nvBnxUgD23AwHfm+0RTffl5k5NhiNVXVr7Y4eEgNNy0kg
OZy0EmM9vFE5FeFiTL7R2mzGQ5JS6mDk4vzFaPt188eCMl3/iW0utdW1Kov3YxXc3VmpiV0KvDVf
LnRG9zT374uV6RxTXcbeL4psuBxf75ZjrVfEnuc4vut6KZ0AnL4eiS6rd5q13UEMFWODVfDhphlN
vNB3+X95OZJ5hwN8pUPIHTmXi9u62LH/qtXHlaThwFaw8/mO78278lofJHlaSb5WUjHLipLXawz5
UFRMmlA3aiEzO4lIiXq9ais74BllSRjauKVjIfz22Ojddq/BdXpsoyjzauS38p7Ji5GXaFX6w6Fa
ITwoDmed8cWe/q8IN/b6XHAxHyifonu+svvSjnS3kQ877W2oT14Ses94o7bPyY+ANy52BbV9DjTX
vEMntXeU80WDxNXfYtg7CuIQ2xQU4nmS8chxY18oESjPzyMeemHO48gPYi6jwA1kJKWYyKJuKWF2
lqe3RSmr24a9umTnJ8yFRZnemXnwR4ft99dd5zF7+vI0ouaS8tRAT++VDp5g4yLz1buK7PH2+atX
l+SU9OVWp07kpVXVqPodDFuj6zK9CpdzSFSrQ8oWE8yxz864lA+Oc+HlcZTGae7wIOBhHmbC414W
OY504sjLlaPiRJFHZXUhrg9tgnSm6dQ/FjyMpZvkjpfkSZADUGWeGyVCuqnrZo5U0Fbgc6WzH4yB
zIOUTbdoM+T8yQ06Y2RFetAIOrsuq9vy2P7WkSsom6nDoqSc1RZ2JkFY51iGUZZHruOlbihVGDte
HCe58pzck8rPwDjGsjAjl53VVdOoQ+iONyU9yHDjaRpK5UGSpKkrQ1+FiYockYZhkDlp5nqOC+ky
nnpppJ1aLHjWHEKkFZS4WhsNOlBhHEd5QtklUKmIPOVyT8BdlBChB5QZySTLYlgcVFAy6PyR12Ku
zbG0YHbvRsf7MWYKx3N5omTmqYDHint5wmWQ81SJVArl5SJLCCiWxXUhSKQJyl7TE3ER2cee64Rx
nCtf5HHGJfhI4KFpGoShzIMojILcF04ca3fi9aSoYNWyyFXTWuzsH6dx4vhKcD+WvptKOHviRUJ4
gR/nYNFJwpiLLPQHNLbB5lOwHWdcxSIMwkzlbhInSRB4Ue4EIBGoMHJ55kqZuYlnvBrW7sgzq/qw
3lQf7a4W0YOvY1fCKkEqAyXhml7IeQIlURD6oQy5G6VeEEVe9jGSGM0WFYGkvZAy43HkeWGQZJHn
qwQ2j2ScwF6uCBWcKw+EiqAwN3buEaWCP4E96YE045gRyKW+yiT62UDwLHGQMHiah8pLYcsgiWIv
d7Mkjp3IkGtWClasq9VcCfKpG3MoegxHkPSuTuaoLPfTyEUouYGTyizO/CQTviujlLu+pYL4OLS/
7Sm4f+yGLg9dxEiQJmEYJ2GeySTxVZzGCFGHZyKNsjjM75OY4HdXFm1/A+A4VVmSiDSPkhSFlCfc
4yFXqXJcx/cTpdJACj/NHuBmQohEtJO600cnOusg8FxPhmEeBzwRgruJiFSUBCIKQuScWDkhAi+O
XeOhmhXt6XRHFf9QItGPIKZwCpdSQRI6nOep78aB70RxHmS5cLkKBCwRBSDtOFGyS40q2YRKsM0r
8IVpdCxyVyBshQc5RRQ6yg89OIGI4pAjybgKCS9DZO0Qo+cSr1Vtnd89hjPCBWJJfEVhFiZp4HAH
fpXHrki5QBz4RHSHTAt8in8AKkxVpmAMjkOJxAyxkJ0iz5V5moMjBBG8X0baGoh04SW7xIql5ijU
ER3yCAXMcxT4D7McGQJaUx7oJFAY56njcXiINyZi3QBoC7nlOExjkUVBHIWIQGhGBX7m+nRPTuYy
V7mTZy7ZYIQjNg+CINVz7QJg6H/2g1AWit1xkCBpxinnoZJOhjh04HBe5uY5fXMdngYi4ZF4mPK2
bO/FFNP3qLtJFsiMc8Sfk0UiEoGfhDyQPtSZCifzZZa7QbZDXWOqLQDyyBRcxAoh7UJXXCYS2SjJ
Q6F8yhMIchmqCJf5mNKDFc/VZoE2kzhABY6iTHBk/DBJQi/wVBIKuIgXqkSEIfd2CNLNxkVlUaWj
k2OQKu47fooEBGNkfiqk73hIG2EkKT6QwZ0UxXyHUrWotjRQ+Yh/5MAo95TvyyhxfYS29FLhwVci
4cbKlTvc6IeF7YMlmhTlQckpY3EH6T7JAAdU4rnII7kL6IQYCxESQiS77CzosQ7VuwqVaf84gEc4
iZu7PEYUIT0kcRolCvgLweX7jszAspeFu5Rmmhdd6CORup5w8hSpRSQQwHedRAlPunGapVEeOAFC
0r9HYTKA5IZU5OYx1JiI3IfBUBBVoACSEIISRSlxuIsg84Uck9qgpgD1mXMh/DhMeejApam4AnQF
VGNjZOXY90UoUqSwMYkya3vsfuwrR6Yqj+DKyOpBqPw4QMbx0OFEKg4jHykK4EaNKWw/TnSjCeA7
WXJ6gu/4cyHumKB54sCAd22oGJUGnqOE40eo9hEBFj/zo4QDjqCgAqkhWcQPUaEHWfq27zj1PB4F
AZAYQjWWHGmB/k8QrrA/oFWA2sjVjpLNowR9W3TscJEA3sLvgRlcFMs8ChRiLEC98EOCrGGKukxB
X/Nlo9YUC9u2l+64escC/8WBUlCxB0TkZoimALgSECtSKpF+lkURiumWSNcVBrF70AhSNsBfDqCU
JFHq5qjp0LEMUC+RkCKsFrkH09PyebdsOO/X38fDjUJPAxRcIvqLLeqjNOIeA1yhaMUoo7EKPIA+
B4ZzRAzugBaCzAsc+H/mjelQPR0U+uTYzanKIxZgpciLVQ4sxAMf4ZO5sUwj2gDF23mYDMAQgUA1
WVTVdbfagEmO6MuB3Mi50jxDlyBFlEtXEe4SsZPHOedA4DtUl3SgY3JloGszIAO8yk2TFCvhXMDc
XpiImCOYfLgHEgQyceLdo7NQd3SIbfgBYiesAm/0UboAaAQVZN+j3gXJOIozgEGk0CQZ0ZFFnltO
gmM/ACLzc3IOgWQrPKorKnUdOARsLCLk0TB15IiCKm+KGqDf9F8oqFAN/AJBjJocUfKHW/kOYi9K
qQx4aZpzWMKBJ48J3a2q2pwdGHYiVIkslhkqswil9MhOIZUpYNA4DgETgFjyPB1RmS2qjC8A0AzU
MCgB4SrDFLAxznPAdeC0AJ4feEkEL0XaSSQliGBMiV7TaCZVPjFvXNjKJghIpWkM07oocECeUCma
GSdBEME5OWqThy5pRMo8NjNRJUD20PiovCKFRIjkzEsd9CVgDeRCoFxoKuRA7XkQith9iJyF/5qa
gVRZkCNbAamjiSSg54ToY9HwKLh5IpGtglS4IDeitjm0gKAlQbUNc0KmkkoCWi0nkIBFAYQniVHc
cwd2DEMncmNvh1xTdbVQk2pFsppDSQ1D/WMnR/rzReZzABRPqMSB16dx6KNBlNTrJBJNNh+7qD2B
ROIhCdGGJ6hGWCNSJwMedvLQR2MTA9MqetLaj/LUDUYUhj0cRQrSL1psz0crkTpQNa123YQyQoxs
ijScRxLFkIisl3lVrlFlFmu61zrpD0TR0nhUOX2HzAWclybU/MWhRGH3Acvg8Tk5SJo4VAAfogUk
mjgDWmGcwQGAChR6SIBSJCu0EvA0TySBcvw4ST0J7/sQLXdIC/bKOBydknueomVQbpp5HLggDlwf
zTP8AiiPjizn6N4VOr/B0SXVCRcJgQcuvB2glfzIQ+yGuYvkhOUqzkJU5RAUlTnOXlbved0eAsOp
uu1PEoAtUqRehDB67wAtO+C9Bw0rB3VMumiJoCk3UV44IrICtJgQSLWWB/JK/TSPlQQ4QWZzswwI
V6KEiQxengBYpkHqxCCjD8039XO61ueWj8wbTfDwvJh1xi8Z9Uosr2o2Oma7qq/KR+ySlMIa1bZF
OWsYrxWDnliFnIAPvGWCl2XVskyxohSLDjgJH5h5Jm1KvS+UUKjGULuollibs/Y+1Ybn6oBVuFI3
RJRlgGbXbI0gstRYkbNlhUxd6D1EVdP7YYu1If1K3W4IHkqV827RNuy2Kr9rGR3E8Jrxrq2A1QoC
7Gvikt52MdLfzlXJutWs5hIEpkSSfnqCR/SFsUdv54oYpDfj6LUTRm/JmVN5aKPmZUOdnTSXNcsG
8TLodqFarTl65kooZgA1jSwNbegfyWLB6cx0po4Y3WsxV5p510qghIl9Pe+IXe29vOocePKaiflV
5yoVs5Z+c3fJcMV1Xbqe+xCFncz1XI/E1Z+ccs7uIP2CVsi4YDd6WLBMkwjBZ0GfRFyy0qxY/7er
PauCp4tFdcsWRUOK6d/aYTcFZ/+7U/XazPqDPk7sxSOmz1/tevP2m13IoAVG55cMngJDEMlszaz5
zApz92mymTAm9xZBD2+EPbmUDEnXmJ3MSc+DsqXi9LgslWUGY2eKuIc51B8d1284zoobzEXr1im2
bzdmnvPY0De70kEQFeUJTE2Pdh5hgt3/VbfMYGf49NNmXYpL3lzTa0HX8OKpnfJTQ+//Yc9eZpo4
B1aoOngNFjQH5k0iZg6+KSYPGCGb2jx1rrWEnEBjS0Ax8yRuT/5COxZkg5fX1V0BD1dQB0TTsVNu
GCQ9b5h6nlO00CyKigNWtN/RG5+1XigVvbWo3XVnOduHHPS2pWcVpIWZWImPNLH7scK1z9RdWZKB
Jd28qFbaJPrEvJmyU3VjP7NlMZsjrdS8mR8Mk4D1JtJMXXer1owaxZGCluBvI502NtKDPhCXJiS5
ftuyax7mgXyG/LCCyuFv05HzUTNlpm0Dk36WCruu++zwbxpzMbolyswVxMmyaCnVLNWMZ+sWBmAX
Ru+O1nTR0AaWwCWZ8bbQhtCOhvxxOzGket9rtLB5AV6RJPXrUUQor5XqNzXeD+N1lC7YrILd6FxN
u4nZysJDzd4Rc3p5wIOuD6Yv/v9CErrf/Ck55ryW/6ocTVutNCs2s29YswQbhjyzoqIvB4zRzj13
wFrBgEGdL97qwLF8Nt99FU516GjWKLkwoNoaqkVKUHeAuDptV4Z1E7ZUVzez1Z1QSjZbyfo89/ry
7Ihd/vj8gr14/vL5JXt6fv7i+dkFOz97w96+fvMfZ28OGCaxy9eYdcbe/vj6xRk7f/P65OziYno/
V4w044XRQDHnqi4qjSIogzckqpgrncu1XjZZ2oUtgGSkTUV60gT5U/X52RI8AZ4vSuR3+BpJ/yFX
NC54OydAAA1RzjLTLH1DBll7WweGyQA7vaZCRDBFL5veX0F+Yh+ngDFXShCaMdomxo21zdqNNHA9
tWq2YvuOlbt5/CHGrBb8gRZmvM4QQ5PtMYhNWw9rXIclsWXXMbsO6X/Jy04jqCFHwJgdPPTxQV9W
7rto76SmWuv3sY3ky22oTtlrUzRMQAD7VN1CbrgpUIluS7aVoelJr7QIEDlynIHU2POZTjD3aq52
K0NnI2NeV8u+evfr7ZzJ0Hl37U6SWfs+4DfsAYe75zkXPRYmY9bYkxzVOrzslisDGHtsyuylCV3a
2vGUJtpFWhbNdC8RvgFFIEHwB9QOPIB6il1u4IRN0ylKJu0c1pz1UJoSHu235eygN7ABIBYtT3t+
aPJH9bbkdxP9HEKzleGEr2i8WHZLFHB6OIk2aXkJ0AwjM/suu+Zmq2mKK6taHVn3fRA9xWrDmd50
QmC/Q0UPRpY8rczlXc83b933u/TT+4AzFO3UXTk1SJnopx4Gkp6CMQ2MgFxJp+DVoBlDy/4tA7PK
yLuVFcs2Wjby9RzQ9GH3QCpdUPdjaX+K3Kd8lX7su2lHm9IDZDivFgblZrwVc90baAEaenue2fKl
86Np/uxVU7IytcG7ffl8NLRhf5FSdL2mF3Fm9AcHBua1ptWbT9qeoU1p0VVgC6j18zOEY6XRBDVz
uveg5Ri0zE3ZjwCj+i8nELpkJ+c/HWAt+MgQjbeFRIBoZNLn4c0OE73DEYu2PcC2QWi0ngazp+yp
RLKb80V+iM7adC5SwdPtdtiY0Q0hcsBB2A7L6oDcTsN1R7mRkC5fTBkx8tN5ed4j/20/TA0OMXaL
wmyWdqtyNbEj9xqvlzZGm+K92liY+oTesPQmVg/W0EcYlxkU7yD1zKLHU3Zu1yx4PdMLuG3OrXfY
PfOaz0gQWAgKbFYLjY+o215CBEoOvCarmbfszTFCjU5PNS17efmT5rWBWCR81rWMDi60Ybcbmn5n
us1Py7ab0LojzfG4iVWlfuxKZ4ac0bkJsBcgcy9si295IaZM1705J5hBfzqGo+ZgDeyi/+QnUtuB
5mdVawhCU4XO2DqJo/xzXQ4aY14DVjC3tV5L0ihzdGLT46bNO32tQdnp84unPwCPafzWldqnKN3T
n/ep9TODBoIU5Jz2r/DIcQu0lXWcD6TKutnRtqv8nrnUTVrQPEd60zOYPbxozLkLxXvZVD00sNHi
9kSNFD3Vk3lVNfqMpm8oVX+IoGsB3U9kDb/Z1h58URP7J1jo6jAhEpP6QVYDGO0x1u9VUZoDDa2/
79gvWXVHGaJmz0/Z/i8/PT99DH9AegAfmH8LY5K56Kl/BA+1mrXc6MwAHURLtbVpiazwyw8v+h1s
IzoY+U5vR0+XaXCizW5Bj5aw6o/VbGm+A4cTetD3SZXndmNcLfL15K4r5NhMWsOT3fOsS30gZQLS
/PVZow1dK2z0dY09HhNIOW2fnu2qiVl1xOwTif12phjZtLrZjSorL2ebHqqkxYvdMn/Qz7op1O1k
U/wfOlXs1f10WXWUbXJTO23ygRJ7ZRNyoKxqT3XgFvTNln4QeKOhwICAVkOpzMlBpgzBTOWULRr6
4wo68Oa9D1q3owv3YYVRBm04UAbyJ+O7bNsXrrGrQp1+mGPnQyzzmp72Z7wPCzC+JUCfNpz59w6v
9ENTFJtNIU39Ifk4LA63bLpsqJUZFWbMUNKUY/1lUyr1SZp1HS6EWijdw5ggsPsuimtsQn2+zmQL
DiXM6uq2nZs8iE04mxt6gySJnNG0faHXDE9ILz17k62SegGfnzYD6Sjdk08Yisw8sLgRdnOi1gMq
vWrHbKA5YR57BHbR6o8NvD29G9h4et/INgHe8kL34ihPaE2Nl62qVbfYBpn9SnhCz7KFyPf6jXW7
RnLbHamiU+4D8Bi0QTRqTzCPNuCKDl71QYG5YDCJ9T+wNcz9cnQajZX6VuC9wU1y2b1gH+4d4Qdk
lYl54H8wew77Hhm2pqvlcjUtqo0MSJ/rJbW4dEuTTp9FMxSGiqKdwbYztFA6efLZrFYze7ZqD2LN
oRL9Earr+xJrXpGzXp++PoKOJrbkGFRC6fBWmW6J6z82Rns2WoChKHp0OrgLA2Qwskq3ohcHevM9
oG6Y3szZOCDQmL5FSdVzVNdO6KaJGh5tHqAEreYcQaWoftTEzxYrozLlqka/NKF8W1IBHqzdFktT
qPjozNTeShxU+g6tAmCWTt19brR0rSuYGf1mDxjeCLpr+bZYDkuWBQNEnlbpP1LYmNtXVC9oa30w
bJf1twSmw43std2deqV+CnbY6mVMbsJncKhmqWCTdqPq/vhsbodN/qw3zY9NOXQDA12n1PisyDek
6DGurjb3ySiJ9SdIfWoHRZv4hiUfoJE3m4YTfQCnZyU23wmbgV9ryaPepP1VuDYdeR6xv2swBXx9
oM9Af+vJG4wwQBLDO3paMAL/ta4ndI5ksiM5oWofLOa6GOiOuNHNjj5noLeVVwtlEclYlH5vfa3/
AroUQYHTl/btzkfs2Yunl/0wdUuKDh//Zp8nPAjTO0hYqgP/jh72P9A5/m8DUGpuZ41PbExGoFoL
1dsDWN5ZD13AnGLNzN8T6eo+zfeNZ725D6ZzFOigFgp9d7Pp9Tbpb6PBSfq+5NEznZz0ZnrFiIwG
9Xbk3WBkoqHwCKFWpnlRd0iXje3exTX1e43uT5EvswJd1togTj2PZNYP7S9MaepDy8iq96B3JQbZ
Xj+EsGNsuhd9vjX9ib4hre/F6tu5b6GEV9UNcx3mpEdBfORG7O3zH5jneNoe/X3SJ4h5fSOmauUT
ulfJ4/yqo6db9L9C/6tH/ED/G5nbuvqPvVDgPnFT19TTweBNpIc1irDtT7HCoImO23nRqgndAbUD
1CZaoPnEHDzPOB2hSPVEM2tu7W7GgNZplA7A6Z5a/311s7L06GGkQsDz1080ZxsH3pTYJ1tIT/3C
E/NHAgYwX8nBFHpU48np2bOnP724HIikb9L2u+tqRJFueRhh7ydGQ4OGQ8/Z+/P/Ap5bFA8=
===END CRASH DUMP===
