PocketMine-MP Crash Dump Mon Oct 18 11:32:09 WIB 2021

Error: Class "czechpmdevs\multiworld\registerGenerator" not found
File: plugins/MultiWorld/src/czechpmdevs/multiworld/MultiWorld
Line: 68
Type: Error

THIS CRASH WAS CAUSED BY A PLUGIN

Code:
[59] 			$generators = [
[60] 				"ender" => EnderGenerator::class,
[61] 				"void" => VoidGenerator::class,
[62] 				"skyblock" => SkyBlockGenerator::class,
[63] 				"nether" => NetherGenerator::class,
[64] 				"normal_mw" => NormalGenerator::class
[65] 			];
[66] 
[67] 			foreach ($generators as $name => $class) {
[68] 				registerGenerator::getInstance()->addGenerator($class, $name, true);
[69] 			}
[70] 		}
[71] 	}
[72] 
[73] 	public function onEnable(): void {
[74] 		$this->configManager = new ConfigManager();
[75] 		$this->languageManager = new LanguageManager();
[76] 
[77] 		$this->commands = [
[78] 			"multiworld" => new MultiWorldCommand(),

Backtrace:
#0 pmsrc/src/plugin/PluginBase(94): czechpmdevs\multiworld\MultiWorld->onLoad()
#1 pmsrc/src/plugin/PluginManager(259): pocketmine\plugin\PluginBase->__construct(object FolderPluginLoader\FolderPluginLoader#51, object pocketmine\Server#10, object pocketmine\plugin\PluginDescription#22944, string[59] C:/Users/nhang/OneDrive/M..y t..nh/FLOTV/plugins/MultiWorld, string[59] C:\Users\nhang\OneDrive\M..y t..nh\FLOTV\plugins\MultiWorld, object pocketmine\plugin\DiskResourceProvider#23071)
#2 pmsrc/src/plugin/PluginManager(398): pocketmine\plugin\PluginManager->internalLoadPlugin(string[59] C:\Users\nhang\OneDrive\M..y t..nh\FLOTV\plugins\MultiWorld, object FolderPluginLoader\FolderPluginLoader#51, object pocketmine\plugin\PluginDescription#22944)
#3 plugins/DevTools.phar/src/DevTools/DevTools(70): pocketmine\plugin\PluginManager->loadPlugins(string[49] C:\Users\nhang\OneDrive\M..y t..nh\FLOTV\plugins\, array[1])
#4 pmsrc/src/plugin/PluginBase(136): DevTools\DevTools->onEnable()
#5 pmsrc/src/plugin/PluginManager(425): pocketmine\plugin\PluginBase->onEnableStateChange(true)
#6 pmsrc/src/Server(1299): pocketmine\plugin\PluginManager->enablePlugin(object DevTools\DevTools#22904)
#7 pmsrc/src/Server(966): pocketmine\Server->enablePlugins(object pocketmine\plugin\PluginEnableOrder#22894)
#8 pmsrc/src/PocketMine(293): pocketmine\Server->__construct(object BaseClassLoader#2, object pocketmine\utils\MainLogger#3, string[41] C:\Users\nhang\OneDrive\M..y t..nh\FLOTV\, string[49] C:\Users\nhang\OneDrive\M..y t..nh\FLOTV\plugins\)
#9 pmsrc/src/PocketMine(316): pocketmine\server()
#10 pmsrc(11): require(string[85] phar://C:/Users/nhang/OneDrive/M..y t..nh/FLOTV/PocketMine-MP.phar/src/PocketMin)

PocketMine-MP version: 4.0.0-BETA5 [Protocol 465]
Git commit: b65e89b605aeba5f7958d3cbb6db47e766cd6f9f
uname -a: Windows NT PC 10.0 build 22000 (Windows 10) AMD64
PHP Version: 8.0.10
Zend version: 4.0.10
OS : WINNT, win
Composer libraries: 
- adhocore/json-comment 1.1.2@fc2f76979f0a44a5f5bc2a2b600d0762fe0e78e7
- brick/math 0.9.3@ca57d18f028f84f777b2168cd1911b0dee2343ae
- daverandom/callback-validator unknown@unknown
- fgrosse/phpasn1 v2.3.0@20299033c35f4300eb656e7e8e88cf52d1d6694e
- netresearch/jsonmapper v4.0.0@8bbc021a8edb2e4a7ea2f8ad4fa9ec9dce2fcb8d
- pocketmine/bedrock-protocol 2.0.0+bedrock1.17.30@faff7da904e68f69b1a9128956dac3122e87308a
- pocketmine/binaryutils 0.2.1@8cd078e2426f8100331f2d73bef10f481dad6cde
- pocketmine/callback-validator 1.0.3@64787469766bcaa7e5885242e85c23c25e8c55a2
- pocketmine/classloader dev-master@80226e0917be79ac3230606113e25134a31e6a85
- pocketmine/color 0.2.0@09be6ea6d76f2e33d6813c39d29c22c46c17e1d2
- pocketmine/errorhandler 0.3.0@ec742b209e8056bbe855069c4eff94c9734ea19b
- pocketmine/log 0.3.0@03ab1316da0b1978a7a1c8dd73e1c2a973cb62ec
- pocketmine/log-pthreads 0.2.0@6be3445c48c62eba3922f987f000bb20c81d161f
- pocketmine/math 0.3.0@83ec067b12c066fc61d9fb129daf7e61ef3b1d63
- pocketmine/nbt 0.3.0@98c4a04b55a915e18f83d3b0c9beb24a71abcd31
- pocketmine/pocketmine-mp 4.0.0-BETA5@b65e89b605aeba5f7958d3cbb6db47e766cd6f9f
- pocketmine/raklib 0.14.2@e3a861187470e1facc6625040128f447ebbcbaec
- pocketmine/raklib-ipc 0.1.1@922a6444b0c6c7daaa5aa5a832107e1ec4738aed
- pocketmine/snooze 0.3.0@fe5b1dbf0d6267da882d1f67924772bd93db833d
- pocketmine/spl dev-master@b7a8904f912c1f6d38ad867ff1120614ccb80171
- ramsey/collection 1.2.2@cccc74ee5e328031b15640b51056ee8d3bb66c0a
- ramsey/uuid 4.2.3@fc9bb7fb5388691fd7373cd44dcb4d63bbcf24df
- respect/stringifier 0.2.0@e55af3c8aeaeaa2abb5fa47a58a8e9688cc23b59
- respect/validation 2.2.3@4c21a7ffc9a4915673cb2c2843963919e664e627
- rhumsaa/uuid unknown@unknown
- symfony/polyfill-ctype v1.23.0@46cd95797e9df938fdd2b03693b5fca5e64b01ce
- symfony/polyfill-mbstring v1.23.1@9174a3d80210dca8daa7f31fec659150bbeabfc6
- symfony/polyfill-php80 v1.23.1@1100343ed1a92e3a38f9ae122fc0eb21602547be
- symfony/polyfill-php81 v1.23.0@e66119f3de95efc359483f810c4c3e6436279436
- webmozart/assert 1.10.0@6964c76c7804814a842473e0c8fd15bab0f18e25
- webmozart/path-util 2.3.0@d939f7edc24c9a1bb9c0dee5cb05d8e859490725

Loaded plugins:
ChatThin 1.4.1 by PresentKim for API(s) 4.0.0
DevTools 1.15.0+dev by PocketMine Team for API(s) 4.0.0
PurePerms 1.5.0-legacy by 64FF00 & ProjectInfinity for API(s) 4.0.0

----------------------REPORT THE DATA BELOW THIS LINE-----------------------

===BEGIN CRASH DUMP===
eNrtWwmP3DaW/itEOdi0saVq3UcNHNhx2zPG2Oled3scbCowKImq0rSOio5uVwb57/s9kjqquuNk
MbOLBTaTiV2iyMd3fu89ivnHIqubknef7kTT5nW1WLvLRZeXYrG2fMf1HMuzo5XnhK7vLxf9Xr9a
Wb5pmW4UmabpuZFjLxcFb7tXTVM3i/U/Ft1hj2kL9bxclKJt+ZZGXmJayzaL5GeR7PZlKu7azabs
iy6/r5si3Wwasc3bTjR/FpVoeFc3mwWr6o5ldV+lIJX1RfE6LySt9WbzoQXfm02149V2s7msxEWT
34nN5t2mN01hHVgnf6TVbrN5/fby5m+bzb7ot3mFRe9o249q27ZJNptfZWqaudrv9sSF4kCTOp/e
n4PQ+YzO+URmNgsUirwCBT+Ethue4OcPiycm25e0nv5VpM+v5F/f8lacRe7TNfsdLBrf1NXbmqdn
T7HNE+vXaL7jFUzSnNleBLr7OrkVXQmmBgVtNtPexjefPiV11XZNn3Rndfx3kXTsdV2kolGTaD/R
QMUPxp541pLpFfNNrkUDl3timY++PWbhQrRJk8P36uqJbUeuu2RgJa+2P3jRj+zl+lx6wbl0gvPB
B87frVYw/2pV7c6l5c8fWuuEzhfcaaT1JTf6oigXeXv7XrR13yTiqqnvclKO7ZiBJe1k/5adnCj8
op30POObvEL4VLwg/atXZ/8zUv5zDvAbJpZKcdhgswtxd1PXRYv4441U0jAy/jgLzN+noGJUTDto
xv0nNLNkvGn44QfrR8mz+8UgthwfTA4swyv0LwraVxWPC6HC1vstd3Bt73eE7UD0uuOdeElSiTME
sZB7+LM9VDieWXYU/T4lCklX+5c270OxyJamsmXwcLfI9082Uy+Oqbdnv+k9SsjLRoaUHUZqx3C2
45Vc+w5rz+zI+ZVdHwE5UqPMWdqZ7Ud9ue9ykvodJ6ffQj9PnBFaXOu/7VrT2n/CLaUKosdV4Fin
im+VRVTK0HnozLIwqxE/9XkjhkgJvR8ZxeD6/Px3A++0s/Huaorgcfjp4sdflgvxv1A8/MvSNvhV
VD7l1V1d3IlSVB1Ip1BV0mFiUqeChPEijG46+uer7cBWy56xHzDJN8eX+GchKsLQBXv2DXtFP0cx
1uuERF/SEutoyV2dp2rF3/Dr0QX20YL29hAXULxadH17+JaeHl3oHC2sRLcbuPtO/n50kXu8iIrL
4lN5r9fJx9N1tMwbl/34J3r28Ux/B+M46lTBkx07m6uRt+yripeCiH8liT1l/6B14YyNB16xXm9F
9waRzqsEeGt8w9NJdWeKzlIRXjIJl5KnyZK/4DEYbCcflFXkT1uxHij17fu4yBOW9VVCyY1NML9m
ZDzJbjBo7atulyMXAIayfKuxFr5SiXv2cj52JjkKvONlBcKwx+vjhW+PR/VSreAgON25LHmVDg4a
zPS4mEWatCYRn4LjpVp59nS5+OWPovaPovaPovaPovaPovaPovb/cVG7XKhSpaBCkKoJJNOjZWAs
hi2mw7eFuzJXpvHtq5sXHr3sc1Sda9u07OUibz8hQy7WGS9agfKzqbs6qUHb9T3slFP5GfueCKPY
Nz0uYu5lQeSFqZPEsZ/GbiAC309SP4sy0O41Qx/zKq3vW/bdDbt6ySxsz+S2zLZN02Rnw3vLfMpe
vLtAgYe9d3usDMGrZeLxZxSumnf5jNef6pZov/nuuxsMyIf7vJJ1cbmvoeBPRR43vMlFS8rh6Q6y
NOL8721dGVSEqHLaWlkr+3mW2FngR0GUmdx1IZYXJza3IaaZmoFvZ8IUQSgC0liTJ7fnJe92WG2u
opXzPOFekFphZtphFrpZEASxbflhklqRZcVmKoTtuA4XWJ1yWAJFTF2eJ7woYp7cGne8yFMqDEGw
r26r+r56rv+mjmLb1G0rziEybyuqAu/slbMyn9smUMd0nMTxMtcxTQHT+CIQoQjDJPPs1Ep9P3Jp
V1TWjWgFb5KdlL/k+72g7e6kNzwP4zgxbYuHIo1t4fJAcDsLeepmPBJJlCbCzpI4pPZk8v7zWKQN
nozJTxY2kft3/QKqDVaO+TzjWRakHIgm/DDzo9jikQW48fyUJ45l2yIMHDPkJ9TzijcHCRFS0fbK
eg6VmjCD7dp+FlomhLcyOw2cWGSWmbmhlfIU/ieOKT2qaAucOs99NwgDF4b3/TjhkNsLQw/kRegl
tpPY8PXE87h9QpCQrZDIRg2ZuDNKTuX/89C0bV+YkRXEIoggHAoV3/QtyxG2Zzkudyzh89A7IVcX
kiWS0XxuRrHwBffTwM9s4TipH1qwcZTaUWLbiesnViCs9IQl2doCT9JCKFLkISIJXDu2zUiEpufH
MaTyTD9KXJFlkZtEgeMKbkXxMami3o4UTIfHFmAv5WZsRUHIA24lYQqVCwsBAgpJ7NsieUDB2Hc7
dFNpO8rlx8JxXS9xwwQrYu5Etp1FYZABA2IwmcB6lm9lx6TGOCNuQkckph/Elo2//CzxrTTK8BSl
PAuEb4nMieH0zjGJKu5GClGYuNx0Y9g0sjyBmA2d1InNBEqPbTi+xeMkdaxjCtNPo9wfQ+jz/wYe
zig2/BboJNmyXOCPcHgIN4EvBqawMp4kvm97pgtYDjMXdBCgMT/Vs6Ji5PtEUUKEQKncd10XIvkJ
go5zj/4fOrZlwm1E4gZOyMVJJLdVXf8sRi1lwoMe48xMfdsHkTAEmGR+ENluENhxGjlpHMIzT4js
i+NoiAMeIugzBHuC5Sk2TkM/yDLLshEUbgJIMa2AlN3wshUHioRCyC5WRqgNzST4X+AK4QnHDk3H
ii3Pd83Ys+DRQkDV0LSfmHwi0ve5yhWASQB7FMdBFntOGPqRlcFz4bOp66ZJ7MJVoNfMdlMyDxBy
j83PVcbOs1xMQSngMJmTQHP4h9s8jr2MuwH3QmBm5ANwARexF83IaLBRstiSGTcBxkL+JOIu3M+n
6LETO3SdyHciKxK+D4i0Kcs0u75sOR+EeZgW2kOZ1dUBvlkcsrwojEQfat1Bb2REAEUaeUEUiCjN
IifM0tSOTcePwGeGjCV8OImViMdolbFSwkgOjmUFgK8UCGeZacJDuFaQAX5F4nuQBSEseIyQfIwc
UldozmhZBN2uI1IkAkAcB3MRF0gEWYIshtRp2p4LCP01WtZMTOjMsqLMSUXkiQy5MHJDh5JD4iYO
ZHSgzwh/gta9iMv6Z95054Bv0ejsT/nPj3w3CRAwoYkk4vLQhac7ApiUpZYX89jMLKQd74jIHtBk
UH6S9iVeEBgRgChNbIArt+I4Sij5e0lseinSMniLzABkfhkP92Rtgg6ju9mheJmKuHFouZhKN2vl
rihaeN/t6qalw48ryutV99e8pGKQ73MalPhEz6ofSMeKLhV7FFK0EC/bOusu5gMlJxYWt3mJeljR
3WwSMNLtqGeYsUS5jyrNy+ubj5fv314ovbR5R6zT4czQyMwkGoeOJbI8FAxUdR6LNdaw7EbwL8tG
jdnvFO1hpzUJc33z4v3Nh6sjUXZdt29RsqP03fXxClXjrCgfO2gS+KpvxJVoyrnE09ixyJDYKMSW
J4djoX339WvUw//GrpqaeqU3VZZXeXf4l1n2k9oB7d/A2eznb5n1MV3QWn3SMNGRzs0BxgJJ4MSa
QyNDIqjeaYXqEbVoJ8v0xZOr8UkfRzI6Ud80m+rJNe/YJTpIy2dWsDbdtRmwj2++ZaiDLZownE0+
E+j28FzWXfqMvs0DqDZ9ltm+/DORf8oRx5V/+jRbcWPs66Z7hrLdsWnwfgfZjSJvMSZJ8s/GvuAH
yPXMMmlkCzHLOhXqfVY3iTDGsTrLaBTyptR6DM/7u/2zuqJfaZ5ledIX3eGZ3G88dzZa0XUA4PaZ
lEzcicIgr3qm2tVxrBUinU2hFPDs4tXrFx/e3tCo8hLjp140h2F3OFxttGhDNA93ubg30lwdVT9T
cn+O688Geaaec5ToV4eSIO8Jo76dqYPkvpGZThqLQQvsyOQwHrvZAVDYIBbjjWDdTrC6gqU7IAtL
eEUfUmLB8iop+lSk+MEeOAnRuq5LrMyIwCnNlmdiyWr6eNASSRajCr1lh7pvNC2WZwzWofxOO8Aw
9D2lOBDh78T9SO48FRmHaVp2X1dfd4xaJt4wUh+K0pyaigNxSKfaSu77nahYv982PAWB1aYir1LE
1puKsScfd/KrButq7FKlDCT0kQV0gK6wLXgHpuRryWpRYxuIil+ik/oCUuaJYKrSp5GSKCu/GwJg
zSQo0It213forStDf+Jas81ivLiS7Da9JUTAMGBZlhx2Zg+Zg0BaSM5fFEV9zygQwOxwusjucs7+
g3yL5kgnM/SrGQtP1CmTXsTAOKNgYDAptEbk4gPTuqb52mfH13NSH1EBwGWgeJ6mDClK2Yf0Dovc
slLwFjhErT2DVWJBXEN74qeeF6TXbX6HuSjNesHO9KYAkKdEXe0ojEYQCBiwCx1JrfFa7v1dX8Yw
CdzuRXuokhve3sIzmls42kpO+NDCduT7g6Q0bdfUVd3DvJjeLpn86sB0mCNgloxOKyAIJQepGwAu
jZV9BRejKYr4tbQ/ZIIbNvXnHC4ooAaIJF27Gpkj3WqG3mTkzDSHnHbJ8u5rqK9r5LIU6JwonzpZ
zM4gQ4/AsqVapBiGlnQtSZ06M5fe0fRVReZMCYrqvTSCPOdpV3TEqX+zMt/uEO0Nb3fLeXRqzyGN
NE2/79SoUhgppgRvWi5pXEStPMRJVcRw+amrbx/ngHyEfK6GouFdq5mjUcOiJo2eBqAHgDcHFbV/
LuoY3kNJlalxBEKZdxT8JdJ4fOigcXatVG1K5eYt0ZbLb8hq97nUvPQoRPW9oQgNTtZKCbMcLAKy
wH0laWWNEMOWyslhrZ7imG1rGKomjCCvoI22kk1DsrZmJkmB3SVGq1b8/7wEVKV8iX/Ko/8c/21X
7yULGl9HljS5lgE+9tQdpCNDtOvAlWXarmZMgsBHGRWav/brfwGHMi4kS4QYLOmRnSpkJyY+i6SX
6FsrllVEUjYbZ4vPCeqBdpJIAdflzas1u/nLm2v29s27NzfsxdXV2zevrtnVq/cMdd5fX71fMkxi
N5eY9Yp9/Mvl21fs6v3ly1fX16tTCDjSh+35Wh0o/fJaZmwC4pYETHZCQrLUxgi2FnSPmiGV2CKn
GIBCoWBWkkLdBzkB0PAmkvfXnE05GUo0ypAVTdObScqKCKB3AnJqFPQel5RDqBCQC1YPZ5Mv6Bob
ZkNDT/WC0iyxq+yq1o4ywL3Evp1EdUwta/v0cZa05I6WfMubGJFhTKcgEoAe164MNWJHr2J6FbC7
5FUvq5M5J6jcevjg0+WQE06dcHBDlV4zNPadkrecQnDFLhXmK4dHeVH3RTrykiOJ3Fds4r9VhPeS
fQjqm6aWFbu9lmDxIElK11EURtmypi6HZKtW6xnG3DXnFiZptCUf+AZ7xKWOvON6qCjJZA12IjfU
jpz25V6VX6rGY/qFQS8Ge13QJL1A8i7ZHCSgOyX3AsHOH1EwkjYSH3a4g5O1bS8IGLodrLYdylEC
Ldpt4mo5GFLVCLrqXCluaOqv6ok6mmTXV7ftwPtLvqfRvOxL5Fi6JMSG7oAMyVT/o7iY9ErxolUp
I+ahj6Ea32uO5IYGlck9kq47WuyiVq9OfVrdahnoq8lDCClaeuJcMlk5GAlHfI6yXYAVWaugfCTt
gTtVYCgqe05NC1NrlISTdFim9ankGXamycO+SoEF9Qma7pdJfckPN1UlOjLYWqcIlGa7ulAlZsy7
ZCdLcckyqia4kE4yEttUa6TfqtQSi7HYVOntydxKwyuC1eZAJz7bJTOsmQGl8eTGRjcwo1OARO2p
jpXNKJWQqZKcmh1Z6NNiDGq2VuwvqAXlLSIq7tjLqw9LrAUPMeLrPk/h9rJWUOg50jck/TXzh7J7
qshbqZ3Z3BV7kQKodrzIztFrqjYhFfBhvRU2ZXTuQQ42C8Qp7c2IHXU1nwnVqMTkxYoREx+uqquh
2J46ROoliKl7pE1a2O+rvaGfT7qbdzrq2vxnMdqTyvLBjHQiN5RMKNuVe8xSqxvZatHTFbvSawre
bOUCrltV7Qtyx6zhWxIBNoHa2n0hKxbqP0swT8HOG7LTyyLHLNVQ04dt0Xbs3c0HyWkLkUjsuO/k
TUhpymk71VysBqwpu96gVWvJ7bw/FFXSHPYq1jNGJweohVCwDmKiQabDkhWTWWrHqQhgeQnddGQ7
WEP+dyaAqaXkBUa7k0zvSBNAXQnESNFcwnmrTKpKCczttI+SJEIdIGio093UxaUski7eXL/4FvWR
rKf6SvoQAXZPSEkwmaoiISdn1Dc303m/Mck5xXoq4n67Hpq2b5hFzZouWXeAK/me6R6+VacOFM1V
W6vkrSPCImKKa0Xt5a6uW3kyMfRqYujGJYqnvOOs5XdDtqBzIX3CZdC7CdiIMXnSqoo2fWjz9zqv
1ImA1NTX7Pu4/kyR37A3F+zs+w9vLp7C7gh78ID59zAbGSZHukdwUA/XpFo/qvxANNST7SpE+/ff
vh3o6/5uNvK13IyOxmThIM2rSxEpWz0cIek0OjvZyjK5Ld7l2cH43OfpZJDhdG1+enMjj19UqKn/
pEnpQM7VcdW3+hgoAYh0Cmb1GkOtWav5aUzbqBSi4VHvQjmQLhwNPYq64HqaipfDrKPju0dPzJRy
X5R1T+iRqVynwQQqG1RLuZ3QUR6FwPz0WyZnLH4vU/VssRS8Eqr1joUiFgu6QQsY4ffSKchHFXXp
WjR8nPSV+LTRKD4wkPFTViFLIrMWk/dzH+HSfJxN3tC1bMYHdwezw2L6e+TGOTnhkfeXKc7aPFU5
g+ThsCkcru3juRa2lEQxQ6QqdcqHMbXJoybtHDxJRCFkp6DcW+5a5LfYgvpkiUQFh+jbpr7vdgrH
sAVnO0VtBnKI/rZTKVkya5A2BtaMSTVKtDcX7UwugmmyvKLG1H2UUUx95DSUOXLNkZFAz2A2ewI2
0SpPhpyOtUZbrh4aU4PXPc9lN4tkglZPedG+3vfFEDb6gfK9nKPThmPThrINIinlTpRxCblQEugG
Qx5yq4O8tS516NxRNtdqWFUK2rPAyITQ6QR6FJkG3bM/GRqB4Xh4v0NNntWznA48MNSHk3HmDnZb
K1ZW+7Lcr/JacgyoO5TUHCKUOzpoTdqJdUpT+j2b3ksRJMzx7bYRW32kqM8f1TELXZO+PZVP8ges
uby4pJtqhk4Kqj4g+LoXqgPh8go27dhKxicB5Nhq9lUAeXrUfL8HV9o4D5QKg6r32plQCdGFLJnL
ZvnmJR3ei/lZ3hLJYb/jCAtByN4QD0NdioyRiQa9h0G4WFEyVG+H3KUyBz86G9Qf5WbJtkcNjtpG
YusAYZqgtLJ6P+zxwKpKrrlZu7ycMojOxkSU5pPXU8IgKxKM04by0FMvGg64V9MG+s18h0FzX873
OpkoS6oImJ0laRog32l9DqdGOz2oIK4ZOwmNDnQIj2YtlWVQno2E6EpT36hPMoQ2w1GKQl7Q0+g0
5FvUZLzVfRpKa17ui+GJCiDwqG21Hoym3sFH6UxvzX6QlQuK1qU85PuRiMoWbEre809FUgyqpBsJ
8HSMMnx6k+cjj+VRic+yfWxlxyDbb7reDV51ETBnX+0reVA/GX2so1ylcuq045q9fvviRg3K7+50
svYnfYlu6UWfIVElls7nNG+6pQTdP+lKT31smR9aqCCmRAfV6jNF3muvU1+dmbqr2zcD7g6dWjN+
pZGgAjpIR4n8TNYOejKGTzxwAVXWP3kt0URuJecfEZF1sR75NBsxZH05K/xqVfuLz8C2Vje5yS21
Sa1s6ABucY4G5aAKOTmP5M3pv7IpVKZQoaKklPRRGY0t9WK5EJ9R5suyX167QLUyv2QaJ/q22ThC
X9+qlDdHY3X5Ka07wN3RqL59Mw30TTF/JmCYP2d50Ykjwtvy6MorOpwjXnLE1t18gC5yzp9nl3am
McS5nEW3w+jKoOxQoNP5pH1yrIf3IptuYY2jrYT69ngI5VM5H7m+enu0/aH9qZA3d/UvNr7q6ltR
IaMfqeDAy0LflqJ7Lj/ne3VHJFrRnb6f1ZW5cTYeP5fHSq6JG9s0Hcuy6TLW1cXlkaRp/UlycjqI
ofzYPoj6qm2PJl7nFNffvzsS8YQDPNLxwbFYGLxv8hNzzy5IOiSvugNztTvxNiqa5CVYW1/PI8Xk
W3U7Vq+lC9O6qxju8NFSajNrPWArfaEXKZQjkkNoPxRUtBx5YvrAiPmR3aW2nPkQOrle4vK2V941
0P9PKrwur+RB2LTgl1/+C4CObjY=
===END CRASH DUMP===
