PocketMine-MP Crash Dump Mon Oct 18 11:50:21 WIB 2021

Error: Class "czechpmdevs\multiworld\registerGenerator" not found
File: plugins/MultiWorld/src/czechpmdevs/multiworld/MultiWorld
Line: 68
Type: Error

THIS CRASH WAS CAUSED BY A PLUGIN

Code:
[59] 			$generators = [
[60] 				"ender" => EnderGenerator::class,
[61] 				"void" => VoidGenerator::class,
[62] 				"skyblock" => SkyBlockGenerator::class,
[63] 				"nether" => NetherGenerator::class,
[64] 				"normal_mw" => NormalGenerator::class
[65] 			];
[66] 
[67] 			foreach ($generators as $name => $class) {
[68] 				registerGenerator::getInstance()->addGenerator($class, $name, true);
[69] 			}
[70] 		}
[71] 	}
[72] 
[73] 	public function onEnable(): void {
[74] 		$this->configManager = new ConfigManager();
[75] 		$this->languageManager = new LanguageManager();
[76] 
[77] 		$this->commands = [
[78] 			"multiworld" => new MultiWorldCommand(),

Backtrace:
#0 pmsrc/src/plugin/PluginBase(94): czechpmdevs\multiworld\MultiWorld->onLoad()
#1 pmsrc/src/plugin/PluginManager(259): pocketmine\plugin\PluginBase->__construct(object FolderPluginLoader\FolderPluginLoader#51, object pocketmine\Server#10, object pocketmine\plugin\PluginDescription#22922, string[59] C:/Users/nhang/OneDrive/M..y t..nh/FLOTV/plugins/MultiWorld, string[59] C:\Users\nhang\OneDrive\M..y t..nh\FLOTV\plugins\MultiWorld, object pocketmine\plugin\DiskResourceProvider#23080)
#2 pmsrc/src/plugin/PluginManager(398): pocketmine\plugin\PluginManager->internalLoadPlugin(string[59] C:\Users\nhang\OneDrive\M..y t..nh\FLOTV\plugins\MultiWorld, object FolderPluginLoader\FolderPluginLoader#51, object pocketmine\plugin\PluginDescription#22922)
#3 plugins/DevTools.phar/src/DevTools/DevTools(70): pocketmine\plugin\PluginManager->loadPlugins(string[49] C:\Users\nhang\OneDrive\M..y t..nh\FLOTV\plugins\, array[1])
#4 pmsrc/src/plugin/PluginBase(136): DevTools\DevTools->onEnable()
#5 pmsrc/src/plugin/PluginManager(425): pocketmine\plugin\PluginBase->onEnableStateChange(true)
#6 pmsrc/src/Server(1299): pocketmine\plugin\PluginManager->enablePlugin(object DevTools\DevTools#22904)
#7 pmsrc/src/Server(966): pocketmine\Server->enablePlugins(object pocketmine\plugin\PluginEnableOrder#22894)
#8 pmsrc/src/PocketMine(293): pocketmine\Server->__construct(object BaseClassLoader#2, object pocketmine\utils\MainLogger#3, string[41] C:\Users\nhang\OneDrive\M..y t..nh\FLOTV\, string[49] C:\Users\nhang\OneDrive\M..y t..nh\FLOTV\plugins\)
#9 pmsrc/src/PocketMine(316): pocketmine\server()
#10 pmsrc(11): require(string[85] phar://C:/Users/nhang/OneDrive/M..y t..nh/FLOTV/PocketMine-MP.phar/src/PocketMin)

PocketMine-MP version: 4.0.0-BETA5 [Protocol 465]
Git commit: b65e89b605aeba5f7958d3cbb6db47e766cd6f9f
uname -a: Windows NT PC 10.0 build 22000 (Windows 10) AMD64
PHP Version: 8.0.10
Zend version: 4.0.10
OS : WINNT, win
Composer libraries: 
- adhocore/json-comment 1.1.2@fc2f76979f0a44a5f5bc2a2b600d0762fe0e78e7
- brick/math 0.9.3@ca57d18f028f84f777b2168cd1911b0dee2343ae
- daverandom/callback-validator unknown@unknown
- fgrosse/phpasn1 v2.3.0@20299033c35f4300eb656e7e8e88cf52d1d6694e
- netresearch/jsonmapper v4.0.0@8bbc021a8edb2e4a7ea2f8ad4fa9ec9dce2fcb8d
- pocketmine/bedrock-protocol 2.0.0+bedrock1.17.30@faff7da904e68f69b1a9128956dac3122e87308a
- pocketmine/binaryutils 0.2.1@8cd078e2426f8100331f2d73bef10f481dad6cde
- pocketmine/callback-validator 1.0.3@64787469766bcaa7e5885242e85c23c25e8c55a2
- pocketmine/classloader dev-master@80226e0917be79ac3230606113e25134a31e6a85
- pocketmine/color 0.2.0@09be6ea6d76f2e33d6813c39d29c22c46c17e1d2
- pocketmine/errorhandler 0.3.0@ec742b209e8056bbe855069c4eff94c9734ea19b
- pocketmine/log 0.3.0@03ab1316da0b1978a7a1c8dd73e1c2a973cb62ec
- pocketmine/log-pthreads 0.2.0@6be3445c48c62eba3922f987f000bb20c81d161f
- pocketmine/math 0.3.0@83ec067b12c066fc61d9fb129daf7e61ef3b1d63
- pocketmine/nbt 0.3.0@98c4a04b55a915e18f83d3b0c9beb24a71abcd31
- pocketmine/pocketmine-mp 4.0.0-BETA5@b65e89b605aeba5f7958d3cbb6db47e766cd6f9f
- pocketmine/raklib 0.14.2@e3a861187470e1facc6625040128f447ebbcbaec
- pocketmine/raklib-ipc 0.1.1@922a6444b0c6c7daaa5aa5a832107e1ec4738aed
- pocketmine/snooze 0.3.0@fe5b1dbf0d6267da882d1f67924772bd93db833d
- pocketmine/spl dev-master@b7a8904f912c1f6d38ad867ff1120614ccb80171
- ramsey/collection 1.2.2@cccc74ee5e328031b15640b51056ee8d3bb66c0a
- ramsey/uuid 4.2.3@fc9bb7fb5388691fd7373cd44dcb4d63bbcf24df
- respect/stringifier 0.2.0@e55af3c8aeaeaa2abb5fa47a58a8e9688cc23b59
- respect/validation 2.2.3@4c21a7ffc9a4915673cb2c2843963919e664e627
- rhumsaa/uuid unknown@unknown
- symfony/polyfill-ctype v1.23.0@46cd95797e9df938fdd2b03693b5fca5e64b01ce
- symfony/polyfill-mbstring v1.23.1@9174a3d80210dca8daa7f31fec659150bbeabfc6
- symfony/polyfill-php80 v1.23.1@1100343ed1a92e3a38f9ae122fc0eb21602547be
- symfony/polyfill-php81 v1.23.0@e66119f3de95efc359483f810c4c3e6436279436
- webmozart/assert 1.10.0@6964c76c7804814a842473e0c8fd15bab0f18e25
- webmozart/path-util 2.3.0@d939f7edc24c9a1bb9c0dee5cb05d8e859490725

Loaded plugins:
DevTools 1.15.0+dev by PocketMine Team for API(s) 4.0.0
NotificationSystem 0.0.1 by  for API(s) 4.0.0-BETA5
TNTManagement 0.0.1 by  for API(s) 4.0.0-BETA5

----------------------REPORT THE DATA BELOW THIS LINE-----------------------

===BEGIN CRASH DUMP===
eNrtWwlv3Eay/iuNUYDI2OGI1/CYhQM7lr1rPNvSs+R1sJnAaJLNGa54THhIGi/y399X3c1jRorj
RfYdwMtmYw+b3dV1flXV7PxzllZ1wdtPt6Jusqqcrdz5rM0KMVtZnuMuHduzrYVphZ4VzmfdTr9a
mIFpLe0wCFzHCZxgPst5076s66qerf45a/c7zJqp5/msEE3DNzTyAtMatp7Fn0W83RWJuG3W66LL
2+yuqvNkva7FJmtaUf9FlKLmbVWvZ6ysWpZWXZmAVNrl+assl7RW6/WHBmyv1+WWl5v1+qIU53V2
K9brt+vONIW1Z638kZTb9frVm4vrv63Xu7zbZCUWvaVtP6ptmzper3+VqXHmYrfdEReKA03qbHx/
BkJnEzpnI5nJLFDIsxIUPCiurXmMnz/OTky2K2g9/atIn13Kv77njTgN3Scr9hUsGt9V5ZuKJ6dP
sM2J9Ws03/ISJqlP7WUIursqvhFtAaZ6Ba3X497Gd58+xVXZtHUXt6dV9A8Rt+xVlSeiVpNoP1FD
xQ/GTpbWnOkV002uRA2PO7HMR98esnAumrjO4HpVeWLboW3PGVjJys2Py/An9mJ1Jr3gTDrBWe8D
Z28XC5h/sSi3Z9LyZw+tdUTnC+400PqSG31RlPOsuXkvmqqrY3FZV7cZKcd2EEfSTvZv2ckJgy/a
Sc8zvstKhE/Jc9K/enX63yPl73OA3zCxVIrDepudi9vrqsobxB+vpZL6keHHqW9+nYLyQTFNrxn3
d2hmznhd8/2P1k+SZ/eLQWw5HpjsWYZX6F8UtC9LHuVChe3yt9zBtZdfEbY90auWt+IFSSVOEcRC
7uFN9lDheGrZYfh1ShSSrvYvbd6HYpEtTVfu5j/cLfS8o83Ui0Pqzelveo8S8qKWIWUHodoxmOx4
Kde+xdpTO3R+ZddHQI7UKHOWdmb7UV/u2oykfsvJ6TfQz4kzQItr/cuuNa79HW4pVRA+rgLHOlZ8
oyyiUobOQ6eWhVm1+LnLatFHSrD8iVEMrs7Ovhp4x52Nt5djBA/DT2Y//TKfif+B4uHflrbBr6Ly
KStvq/xWFKJsQTqBquIWE+MqESTMMsTouqV/vtn0bDXsKfsRkzxzeIl/ZqIkDJ2xp9+xl/RzEGO1
ikn0OS2xDpbcVlmiVvwNvx5dYB8saG72UQ7Fq0VXN/vv6enRhc7BwlK02567d/L3o4vcw0VUW+af
iju9Tj4er6Nly2HZT3+mZw/P9Lc/jKNMFTzestOpGnnDvil5IYj4N5LYE/ZPWhdM2HjgFavVRrSv
Eem8jIG3xnc8GVV3qujMFeE5k3ApeRot+Qse/d528kFZRf60Feu+Ut+ui/IsZmlXxpTc2AjzK0bG
k+z6vda+abcZcgFgKM02GmvhK6W4Yy+mY6eSI395uCxHGHZ4fbjwzeGoXqoV7PvHOxcFL5PeQf2J
HmeTSJPWJOJjcLxQK0+fzGe//FHU/lHU/lHU/lHU/lHU/lHU/j8uauczVarkVAhSNYFkerAMjEWw
xXj2NnMX5sI0vn95/XxJL7sMVefKNi17PsuaT8iQs1XK80ag/Kyrtoor0Ha9JXbKqPyMvKUIwsgz
l1xEfJn64TJInDiKvCRyfeF7Xpx4aZiCdqcZ+piVSXXXsHfX7PIFs7A9k9sy2zZNk5327y3zCXv+
9hwFHvbe7rAyAK+WicfPKFw17/IZrz9VDdF+/e7dNQbkw11Wyrq42FVQ8Kc8i2peZ6Ih5fBkC1lq
cfaPpioNKkJUOW0trIX9LI3t1PdCP0xN7roQaxnFNrchppmYvmenwhR+IHzSWJ3FN2cFb7dYbS7C
hfMs5ks/sYLUtIM0cFPf9yPb8oI4sULLisxECNtxHS6wOuGwBIqYqjiLeZ5HPL4xbnmeJVQYgmBX
3pTVXflM/00dxaaumkacQWTelFQF3toLZ2E+s02gjuk4sbNMXcc0BUzjCV8EIgjidGknVuJ5oUu7
orKuRSN4HW+l/AXf7QRtdyu94VkQRbFpWzwQSWQLl/uC22nAEzfloYjDJBZ2GkcBtSej959FIqnx
ZIx+MrOJ3J/0C6jWXzjms5SnqZ9wIJrwgtQLI4uHFuBm6SU8dizbFoGPhM6PqGclr/cSIqSi7YX1
DCo1YQbbtb00sEwIb6V24juRSC0zdQMr4Qn8TxxSelTRFjh1nnmuH/guDO95Ucwh9zIIliAvgmVs
O7ENX4+XS24fESRkyyWyUUMmbo2CU/n/LDBt2xNmaPmR8EMIh0LFMz3LcoS9tByXO5bweLA8Ilfl
kiWS0XxmhpHwBPcS30tt4TiJF1iwcZjYYWzbsevFli+s5Igl2doCT5JcKFLkISL2XTuyzVAE5tKL
Iki1NL0wdkWahm4c+o4ruBVGh6TyajNQMB0eWYC9hJuRFfoB97kVBwlULiwECCjEkWeL+AEFY9du
0U0lzSCXFwnHdZexG8RYEXEH1UoaBn4KDIjAZAzrWZ6VHpIa4oy4CRwRm54fWTb+8tLYs5IwxVOY
8NQXniVSJ4LTO4ckyqgdKIRB7HLTjWDT0FoKxGzgJE5kxlB6ZMPxLR7FiWMdUhh/GsXuEEKf/Qt4
OKFY8xugk2TLcoE/wuEB3AS+6JvCSnkce569NF3AcpC6oIMAjfixnhUVI9vFihIiBErlnuu6EMmL
EXScL+n/gWNbJtxGxK7vBFwcRXJTVtVnMWgpFUvoMUrNxLM9EAkCgEnq+aHt+r4dJaGTRAE884jI
Lj+MhsjnAYI+RbDHWJ5g4yTw/DS1LBtB4caAFNPySdk1Lxqxp0jIhexiZYTa0EyM//muEEvh2IHp
WJG19FwzWlrwaCGgamjai00+Eum6TOUKwCSAPYwiP42WThB4oZXCc+GziesmceTCVaDX1HYTMg8Q
cofNz1TGztJMjEEp4DCpE0Nz+IfbPIqWKXd9vgyAmaEHwAVcRMtwQkaDjZLFlsy4MTAW8schd+F+
HkWPHduB64SeE1qh8DxApE1Zpt52RcN5L8zDtNDsi7Qq9/DNfJ9meW7E+lDrFnojIwIoknDph74I
kzR0gjRJ7Mh0vBB8pshYwoOTWLF4jFYRKSUM5OBYlg/4SoBwlpnEPIBr+SngV8TeErIghAWPEJKP
kUPqCswJLYug23VEgkQAiONgLuQCiSCNkcWQOk176QJCf42WNRETOrOsMHUSES5FilwYuoFDySF2
YwcyOtBniD9B605ERfWZ1+0Z4FvUOvtT/vNCz419BExgIom4PHDh6Y4AJqWJtYx4ZKYW0s7ygMgO
0GRQfpL2JV4QGCGAKIltgCu3oiiMKfkv48hcJkjL4C00fZD5ZTjck7VJX/ZPirhhaD4bSzdwu0R6
pRptPuNdu63qhk5AxoqPXQteUFnIdxm9kUhFz6ozgCtRG4MyROxQUdFivGuqtD2fDhQoyCc8jH0J
HU8i7eHd1fXz99cfLpVCmqwlnrdtu2tQ4KJQ3HbRAjXWpIQd+k06u3lXtYivWEbH1R5gUUxEf+Tl
VAkm1YAH8h+Jq2vbqdC6oP0qqd8hiz7/+3r9kA3VqYw6uLy4uv548f7N+YEWSL7rd9eq41NF5iDa
4fj/hlQHHHytQOStHOgqgOpHDtd3JsSYaoYWKAdRXLay7p6dXA5P+nyR0RH5ul6XJ1e8ZRdoCS2P
Wf7KdFemzz6+/p6hsLVoQn/Y+FSgfcNzUbXJU/rYDuRZd2lqe/LPWP4pRxxX/unRbMWNsavq9inq
cMemwbstZDLyrMGYJMnvjV3O95DrqWXSyAZiFlUi1Pu0qmNhDGNVmtIo5E2ol+ifd7e7p1VJv5Is
hc90ebt/KvcbDpKNRrQtELV5KiUTtyI3yCmeqv5zGGuESCZTCNOfnr989fzDm2saVbY3fu5Eve93
h8tURoO+QvNwm4k7I8nU2fNTJfd9VN0b5Ft6zkHmXuwLwrATRt7A1MlwV0vHl8Zi0AI7MDmMx663
6ChYLxbjtWDtVrCqhKXbLUwb85K+jESCZWWcd4lI8IM9cBKidVUVWJkSgWOaDU/FnFX0NaAhkixC
WXnD9lVXa1osSxmsQwmbdoBh6ANJvifC78TdQO4sESmHaRp2V5Xftox6IF4zUh+qzIy6hD1xSMfU
Su67rShZt9vUPAGBxbokr1LEVuuSsZOPW/mZgrUVdikTBhL6DAI6QJvX5LwFU/K1ZDWvsA1ExS/R
Sn0BzLNYMFW600hBlJXf9QGwYjLU6UWz7Vo0y6Whv1mt2Ho23ESJt+vOEsJnGLAsSw47k4fUQSDN
JOfP87y6YxQIYLY/LmS3GWf/Sb5Fc6STGfrVhIUTdWykFzEwzigYGEwKrRG5aM+0rmm+9tnh9ZTU
R6R0uAwUz5OEoXRS9iG9wyI3rBC86WoJVgxWiQRxDe2Jnzuek1432S3motbqBDvVmwJAnhB1taMw
akEgYMAudMa0wmu597uuiGASuN3zZl/G17y5gWfUN3C0hZzwoYHtyPd7SWnatq7KqoN5Mb2ZM/kZ
gekwR8DMGR0/QBDCdakbACmNFV2pk4kifiXtD5nghnV1n8EFBdQAkaRrlwNzpFvN0OuUnJnmkNPO
WdZ+C/W1tVyWAJ1j5VNHi9kpZOgQWLZUixTD0JKuJKljZ+bSO+quLMmcCUFRtZNGkAc3zYLOLPVv
VmSbLaK95s12Po1O7Tmkkbrudq0aVQojxRTgTcsljYuolacyiYoYLr9ddc3jHJCPkM9VUDS8azFx
NOpA1KTB0wD0APB6r6L2L3kVwXsoVTI1jkAospaCvxAbHu1baJxdKVWbUrlZQ7Tl8muy2l0mNS89
ClF9ZyhCvZM1UsI0A4uALHBfSlppLUS/pXJyWKujOGabCoaqCCPIK2ijjWTTkKytmElSYHeJ0aq3
/j8vAdUeX+Kf8ujv479pq51kQePrwJIm1zDAx47K/WRgiHbtubJM29WMSRD4KKNC89d8+2/gUMaF
ZIkQg8UdslOJ7MTEvYg7ib6VYllFJGWzYba4j1EPNKNECrgurl+u2PVfX1+xN6/fvr5mzy8v37x+
ecUuX75nqN/+4+X7OcMkdn2BWS/Zx79evHnJLt9fvHh5dbU4hoADfdhLT6vjUtRZJTM2AXFDAsZb
ISFZamMAWwu6R82QSGyRUwxAoVAwK0mh7oOcAGh4E8n7a86mnAwlGmXIkqbpzSRlRQTQOwI59TJ6
jwvKIVQIyAWLh7PJF3TlDLOhQ6d6QWmW2FV2VWsHGeBeYteMojqmlrV58jhLWnJHS77hdYTIMMZj
DQlAj2tXhhqxo1cxvQrYXfCyk9XJlBNUbh188Mm8zwnHTti7oUqvKTr1VslbjCG4YBcK85XDo7yo
ujwZeMmQRO5KNvLfKMI7yT4E9UxTy4rdXkmweJAkpesoCoNsaV0VfbJVq/UMY+qaUwuTNNqSD3yD
PeJSB95x1VeUZLIaO5EbakdOumKnyi9V4zH9wqAXvb3OaZJeIHmXbPYS0CWRO4Fg548oGEkbiQ87
3MLJmqYTBAztFlbb9OUogRbtNnI17w2pagRddS4UNzT1V/VEHU287cqbpuf9Bd/RaFZ0BXIs3fph
fXdAhmSq/1FcjHqleNGqlBHz0MdQje80R3JDg8rkDknXHSx2XqlXxz6trqn09NXkPoQULT1xKpms
HIyYIz4H2c7BiqxVUD6S9sCdKjAUlR2npoWpNUrCUTos0/pU8vQ70+R+X6XAnPoETffLpL7kh+uy
FC0ZbKVTBEqzbZWrEjPibbyVpbhkGVUTXEgnGYltqjXSb1VqicRQbKr0djK1Uv+KYLXet0R8zgxr
YkBpPLmx0fbM6BQgUXusY2UzSiVkoiSnZkcW+rQYg5qtBfsrakF5LYiKO/bi8sMca8FDhPi6yxK4
vawVFHoO9A1Jf8W8vuweK/JGamcyd8GeJwCqLc/TM/Saqk1IBHxYb4VNGZ1nkINNAnFMexNiB13N
PaEalZg8XzBi4sNledkX22OHSL0EMXWHtEkLu125M/TzUXfzVkddk30Wgz2pLO/N2FDC0yUTynbl
HpPU6oa2WvRkwS71mpzXG7mA61ZV+4LcMa35hkSATaC2ZpfLioX6zwLMU7Dzmuz0Is8wSzXU9KVa
NC17e/1BctpAJBI76lp5tVGactxONReLHmuKtjNo1UpyO+0PRRnX+52K9ZTRyQFqIRSsvZhokOmw
ZMFkltpyKgJYVkA3LdkO1pD/3Qhgai55gdFuJdNb0gRQVwIxUjSXcN4ok6pSAnNb7aMkiVAHCBrq
dDd1fiGLpPPXV8+/R30k66mulD5EgN0RUhJMJqpIyMgZ9VXMZNpvjHKOsZ6IqNus+qbtO2ZRs6ZL
1i3gSr5nuodv1KkDRXPZVCp564iwiJjiWlF7sa2qRp5M9L2a6LtxieIJbzlr+G2fLehcSJ9wGfRu
BDZiTB4Gq6JNH9r8o8pKdSIgNfUt+yGq7inya/b6nJ3+8OH1+RPYHWEPHjD/DmYjw2RI9wgO6uHq
ROtHlR+Ihmq0XYlo/+H7Nz193d9NRr6Vm9HRmCwcpHl1KSJlq/ojJJ1GJydbaSq3xbss3Rv3XZaM
BulP16anN9fy+EWFmvpPlJQO5FwdV12jj4FigEirYFavMdSalZqfRLSNSiEaHvUulAPpBlHfo6gb
q8epeN7POji+e/TETCn3eVF1hB6pynUaTKCyXrWU2wkd5VEIzE+/ZXLG4vcyVU8WS8FLoVrvSChi
kaArsYARfiedgnxUUZeuRcOHSV+JTxsN4gMDGT9mFbLEMmsxeeH2ES7Nx9nkNd2zZrx3dzDbL6a/
B26coxMeeSGZ4qzJEpUzSB4Om8Lhmi6aamFDSRQzRKJSp3wYUps8atLOweNY5EJ2Csq95a55doMt
qE+WSJRziL6pq7t2q3AMW3C2VdQmIIfob1qVkiWzBmmjZ80YVaNEe33eTOQimCbLK2pMXTAZxNRH
Tn2ZI9ccGAn0DGazE7CJVnk05HisNdhy8dCYGrzueCa7WSQTtHrKi3bVrsv7sNEPlO/lHJ02HJs2
lG0QSSl3ooxLyIWSQDcY8pBbHeStdKlD546yuVbDqlLQngVGRoRORtCjyDTo4vzR0AAMh8O7LWry
tJrkdOCBob5zDTO3sNtKsbLYFcVukVWSY0DdvqDmEKHc0kFr3IysU5rS79n4XoogYY5vNrXY6CNF
ff6ojlno3vPNsXySP2DNxfkFXT0zdFJQ9QHB151QHQiXd6ppx0YyPgogxxaTrwLI04Pmux240sZ5
oFQYVL3XzoRKiG5YyVw2yTcv6PBeTM/y5kgOuy1HWAhC9pp46OtSZIxU1Og9DMLFkpKhetvnLpU5
+MHZoP6eNkm2HWpw1DYSW3sI0wSlldX7fo8HVlVyTc3aZsWYQXQ2JqI0n7yeEgZZkWCcNpSHnnpR
f8C9GDfQb6Y79Jr7cr7XyURZUkXA5CxJ0wD5VuuzPzXa6kEFcfXQSWh0oEN4NGuJLIOydCBEd5S6
Wn2SIbTpj1IU8oKeRqc+36Im443u01Ba82KX909UAIFHbatVbzT1Dj5KZ3or9qOsXFC0zuUh309E
VLZgY/KefiqSYlAlXUuAp2OU/tObPB95LI9KfJbtYyM7Btl+031t8KqLgCn7al/Jg/rJ6GMd5SqV
U8cdV+zVm+fXapBaDUEna3/Wt+Lmy/AeEpVi7twnWd3OJej+WVd66mPL9NBCBTElOqhWnynyTntd
DmPFe6Yu33Z1j7t9p1YPX2kkqIAO0lEsP5M1vZ6M/hMPXECV9SevJJrIreT8AyKyLtYjnyYjhqwv
J4VfpWp/cQ9sa3STG99Qm9TIhg7gFmVoUPaqkJPzSN6M/rOZXGUKFSpKSkkfldHQUs/mM3GPMl+W
/fSV/QWqlemt0SjW18eGEfr6Via8Phirik9J1QLuDkb1dZpxoKvz6TMBw/Q5zfJWHBDeFAd3WNHh
HPCSIbZupwN0M3P6PLmFM44hzvWFAWtBdwBlhwKdTift4kM9vBfpeK1qGG0k1DeHQyifiunI1eWb
g+33zc+5vIqrf7HhVVvdiBIZ/UAFe17k+voT3W74nO3UNZZwQZf0Pqs7cMNsPN4Xh0quiBvbNB3L
sul21eX5xYGkSfVJcnI8iKHs0D6I+rJpDiZeZRTXP7w9EPGIAzzS8cGhWBi8q7Mjc09uPDokr7qm
c7k98jYqmuStVlvftyPFZBt13VWvpRvQuqvoL+XRUmozKz1gK32hF8mVI5JDaD8UVLQceGLywIjZ
gd2ltpzpEDq5TuLyplPe1dP/OxVeF5fyIGxc8Msv/wUczV1K
===END CRASH DUMP===
