PocketMine-MP Crash Dump Mon Oct 18 07:40:22 WIB 2021

Error: pocketmine\world\generator\GeneratorManager::addGenerator(): Argument #3 ($presetValidator) must be of type Closure, bool given, called in C:\Users\nhang\OneDrive\Máy tính\FLOTV\plugins\MyPlot\src\MyPlot\MyPlot.php on line 1275
File: pmsrc/src/world/generator/GeneratorManager
Line: 72
Type: TypeError

A PLUGIN WAS INVOLVED IN THIS CRASH

Code:
[63] 	 * @param \Closure                        $presetValidator Callback to validate generator options for new worlds
[64] 	 * @param bool                            $overwrite Whether to force overwriting any existing registered generator with the same name
[65] 	 *
[66] 	 * @phpstan-param \Closure(string) : ?InvalidGeneratorOptionsException $presetValidator
[67] 	 *
[68] 	 * @phpstan-param class-string<Generator> $class
[69] 	 *
[70] 	 * @throws \InvalidArgumentException
[71] 	 */
[72] 	public function addGenerator(string $class, string $name, \Closure $presetValidator, bool $overwrite = false) : void{
[73] 		Utils::testValidInstance($class, Generator::class);
[74] 
[75] 		if(!$overwrite and isset($this->list[$name = strtolower($name)])){
[76] 			throw new \InvalidArgumentException("Alias \"$name\" is already assigned");
[77] 		}
[78] 
[79] 		$this->list[$name] = new GeneratorManagerEntry($class, $presetValidator);
[80] 	}
[81] 
[82] 	/**

Backtrace:
#0 plugins/MyPlot/src/MyPlot/MyPlot(1275): pocketmine\world\generator\GeneratorManager->addGenerator(string[22] MyPlot\MyPlotGenerator, string[6] myplot, true)
#1 pmsrc/src/plugin/PluginBase(94): MyPlot\MyPlot->onLoad()
#2 pmsrc/src/plugin/PluginManager(259): pocketmine\plugin\PluginBase->__construct(object FolderPluginLoader\FolderPluginLoader#51, object pocketmine\Server#10, object pocketmine\plugin\PluginDescription#22979, string[55] C:/Users/nhang/OneDrive/M..y t..nh/FLOTV/plugins/MyPlot, string[55] C:\Users\nhang\OneDrive\M..y t..nh\FLOTV\plugins\MyPlot, object pocketmine\plugin\DiskResourceProvider#23173)
#3 pmsrc/src/plugin/PluginManager(398): pocketmine\plugin\PluginManager->internalLoadPlugin(string[55] C:\Users\nhang\OneDrive\M..y t..nh\FLOTV\plugins\MyPlot, object FolderPluginLoader\FolderPluginLoader#51, object pocketmine\plugin\PluginDescription#22979)
#4 plugins/DevTools.phar/src/DevTools/DevTools(70): pocketmine\plugin\PluginManager->loadPlugins(string[49] C:\Users\nhang\OneDrive\M..y t..nh\FLOTV\plugins\, array[1])
#5 pmsrc/src/plugin/PluginBase(136): DevTools\DevTools->onEnable()
#6 pmsrc/src/plugin/PluginManager(425): pocketmine\plugin\PluginBase->onEnableStateChange(true)
#7 pmsrc/src/Server(1299): pocketmine\plugin\PluginManager->enablePlugin(object DevTools\DevTools#22904)
#8 pmsrc/src/Server(966): pocketmine\Server->enablePlugins(object pocketmine\plugin\PluginEnableOrder#22894)
#9 pmsrc/src/PocketMine(293): pocketmine\Server->__construct(object BaseClassLoader#2, object pocketmine\utils\MainLogger#3, string[41] C:\Users\nhang\OneDrive\M..y t..nh\FLOTV\, string[49] C:\Users\nhang\OneDrive\M..y t..nh\FLOTV\plugins\)
#10 pmsrc/src/PocketMine(316): pocketmine\server()
#11 pmsrc(11): require(string[85] phar://C:/Users/nhang/OneDrive/M..y t..nh/FLOTV/PocketMine-MP.phar/src/PocketMin)

PocketMine-MP version: 4.0.0-BETA5 [Protocol 465]
Git commit: b65e89b605aeba5f7958d3cbb6db47e766cd6f9f
uname -a: Windows NT PC 10.0 build 22000 (Windows 10) AMD64
PHP Version: 8.0.10
Zend version: 4.0.10
OS : WINNT, win
Composer libraries: 
- adhocore/json-comment 1.1.2@fc2f76979f0a44a5f5bc2a2b600d0762fe0e78e7
- brick/math 0.9.3@ca57d18f028f84f777b2168cd1911b0dee2343ae
- daverandom/callback-validator unknown@unknown
- fgrosse/phpasn1 v2.3.0@20299033c35f4300eb656e7e8e88cf52d1d6694e
- netresearch/jsonmapper v4.0.0@8bbc021a8edb2e4a7ea2f8ad4fa9ec9dce2fcb8d
- pocketmine/bedrock-protocol 2.0.0+bedrock1.17.30@faff7da904e68f69b1a9128956dac3122e87308a
- pocketmine/binaryutils 0.2.1@8cd078e2426f8100331f2d73bef10f481dad6cde
- pocketmine/callback-validator 1.0.3@64787469766bcaa7e5885242e85c23c25e8c55a2
- pocketmine/classloader dev-master@80226e0917be79ac3230606113e25134a31e6a85
- pocketmine/color 0.2.0@09be6ea6d76f2e33d6813c39d29c22c46c17e1d2
- pocketmine/errorhandler 0.3.0@ec742b209e8056bbe855069c4eff94c9734ea19b
- pocketmine/log 0.3.0@03ab1316da0b1978a7a1c8dd73e1c2a973cb62ec
- pocketmine/log-pthreads 0.2.0@6be3445c48c62eba3922f987f000bb20c81d161f
- pocketmine/math 0.3.0@83ec067b12c066fc61d9fb129daf7e61ef3b1d63
- pocketmine/nbt 0.3.0@98c4a04b55a915e18f83d3b0c9beb24a71abcd31
- pocketmine/pocketmine-mp 4.0.0-BETA5@b65e89b605aeba5f7958d3cbb6db47e766cd6f9f
- pocketmine/raklib 0.14.2@e3a861187470e1facc6625040128f447ebbcbaec
- pocketmine/raklib-ipc 0.1.1@922a6444b0c6c7daaa5aa5a832107e1ec4738aed
- pocketmine/snooze 0.3.0@fe5b1dbf0d6267da882d1f67924772bd93db833d
- pocketmine/spl dev-master@b7a8904f912c1f6d38ad867ff1120614ccb80171
- ramsey/collection 1.2.2@cccc74ee5e328031b15640b51056ee8d3bb66c0a
- ramsey/uuid 4.2.3@fc9bb7fb5388691fd7373cd44dcb4d63bbcf24df
- respect/stringifier 0.2.0@e55af3c8aeaeaa2abb5fa47a58a8e9688cc23b59
- respect/validation 2.2.3@4c21a7ffc9a4915673cb2c2843963919e664e627
- rhumsaa/uuid unknown@unknown
- symfony/polyfill-ctype v1.23.0@46cd95797e9df938fdd2b03693b5fca5e64b01ce
- symfony/polyfill-mbstring v1.23.1@9174a3d80210dca8daa7f31fec659150bbeabfc6
- symfony/polyfill-php80 v1.23.1@1100343ed1a92e3a38f9ae122fc0eb21602547be
- symfony/polyfill-php81 v1.23.0@e66119f3de95efc359483f810c4c3e6436279436
- webmozart/assert 1.10.0@6964c76c7804814a842473e0c8fd15bab0f18e25
- webmozart/path-util 2.3.0@d939f7edc24c9a1bb9c0dee5cb05d8e859490725

Loaded plugins:
ChatManager 0.0.1 by  for API(s) 4.0.0-BETA5
ChatThin 1.4.1 by PresentKim for API(s) 4.0.0
CommandDisabler 1.0.0 by  for API(s) 4.0.0
DEVirion 1.2.5-ALPHA12 by poggit, SOFe for API(s) 4.0.0
DevTools 1.15.0+dev by PocketMine Team for API(s) 4.0.0
HideCommands 1.0.10 by Himbeer for API(s) 4.0.0
NotificationSystem 0.0.1 by  for API(s) 4.0.0-BETA5
PurePerms 1.5.0-legacy by 64FF00 & ProjectInfinity for API(s) 4.0.0
SimpleNPC 3.0.0-snapshot by brokiem for API(s) 4.0.0

----------------------REPORT THE DATA BELOW THIS LINE-----------------------

===BEGIN CRASH DUMP===
eNrtW2lz20aa/iu9VGojzZIULuLgrLNWJHmiGtvSWvI4NaHL1QAaJEY4GBySmKn8933e7gYIUvKR
SapmP9hJiUCj+73PRuOfo6Ssct58uBNVnZbFaO6MR02ai9HcdG1nZnquZU1d3zItfzxq1/rR1PYt
17YCz/CNILDd2XiU8bo5r6qyGs3/OWo2a0wb3eBHjY1HuahrvqTRdRndiiZPC7FY3JdVFi8WS1GI
ijdltVj8pbt8xQvMr+ZzHsf94OHRnJ1UyzYXRcMObHb4zboStWj+xrM0pglHLG/rhoWClQkjMthp
VtZtJcYsLMuMLdM7UYxZxLNMxCwt2Ol8sXhbg/vFoljxYrlYXBbirMK0xeLVojUMYW5YIy/iYrVY
vHh5efO3xWKdtcu0wKJXm6usbBaLuoq2N+p3ul6tWVmwDKwy0/JmEEPSZtmLNJNyWPFqfnx8Oj+W
+I8l+uMO+/Fj5McS9/GVlN8rAJ28upoSlGMgP5aiPO4lebwvSKKGCNDIc1rzJeuwhhgYzT0LplHx
CJc/jQ4MpkVwrJiVsPSl+jkklqGv36bvyXc7+q6bKi2WP1nWe7Yr3H7KmOk57nuWb9Z4NGZN1Yoj
EH5gsi2jit7jK/nzPa/FYeCAvF2wk+/K4mXJ40O53PrYck3soTUL9jhU0xaLLZrJdx8+RGUBKtuo
OSzDf4ioYS/KLBaVmkT4BETxeOxgZo6ZXjFEci0qOOyBaTz5dJeEM1FHVQrPLYsDCy4b9AKbzd6z
j1rfdArLm057q9vV9h6MT7hQD+djrvNJFs7S+vaNqMu2isRVVd6lJBTLNj1b6sf+nH7swP+kfnqj
S4tGVAXPSO7q0eEfz+HvU/pn1CoF4vReeSbubhDw6m2A6Eb6i0PP+DLhZL1Q6k4qTvCvS2XMeFXx
zU/me0nz7JM+atouiOxIhkXoK3LU84KHmVCu6n7OFBxr9gWu2gG9bngjTokrcdhHE2+AQ7kgYlwQ
fJkQhYSrbUur9zFbpEvDkdj8x9gC191Dph7sQq8PP2s9isnLSrqT5QcKYzDAuM0yh1ZgfwTrE4GN
xHiKYqDWxmw9acttkxLXrzgZ/RLyObD7kOKYv9m0tmt/h1mqhGE8LQPb3Jd8rVSiVuk8c2iamFWJ
n9u0Ep2r+Aggn8v1+9H2Izm+Hz4avf91PBJf663P1lu/o9yBhBXaD2lxV2Z3gqQAYGkRQ71Rg6lR
GQtSgGtjfNGwP7Hna17xnC0WWg7sI//2BclOIaKQR7esKdmdGhWsp5OVMtTXDPU6K8Q9k3zUIMF1
9lBLuX/i3zcl7Pa+SgH+3Uo0K1ERSsCNoET9CHbLeLFh4iGt5U0llrgSFZS4pek+bVYMAFjNc8EK
/CF6Zpoeuna3tK3WdcOLyZ54tJMcsTn7n4tC8t1r5FKxfP4QCXn1SGaEwRtg8z+CLaJ4NFGY/rsH
/x37Rj6glcEWimf0UJpVVd7XIFZT1nlCTxFNN/X0Y7qx5M26DbM0YklbRJLuJypajbsLXOwbkt54
YDb7vGp/GijvGUt4VgsS3V2Zxv8k/MoMF81biq/zeSNqBeGiIHFE4rBD29Mzn8uRoz/TcjIl+p1p
MGly+B8DjLyAC9eg6vCbZpUiBWewiZ8k6aAGnDRlVt4jKMqho/dHR5IoV0NbNFKg0nw/LtPDxegk
SzmJfTGSgOgCeBnPKsHjDQO56bIQ8WKkqPY0/F/pxtcsBHrwEaXvQSpRsO/450VTbXr5PIpzhMlX
pkF4fFPh8ZXGj//0p9GvX9ujr+3R1/boa3v0tT362h59bY/+ze3ReKSyaEbluSxN56OdZSAshDK2
O98jZ2pMjcn35zcn1DmEbZrFo7llmNZ4lNYfYnE3msuKC21BVTZlVAK2Q3vfy5TagtCdCT8IXWPG
RchniRfM/NiOwtCNQ8cTnutGsZsECWC3mqB3aCWownx9w65OmQn0TKJllmUYBjvsnpvGETt5dYZS
H7hXa6z0Qatp4PYXUcSadnmPxx/KmmBfvH59gwF5c58WslvJ1yUE/CFLw4pXqahJODxegZdKHP+j
LosJ5ug2x5yaU+t5ElmJ5yKAJgZ3HLA1CyOLW2DTiA3PtRJhCM8XHkmsSqPb45w3K6w2psHUfh7x
mRebfmJYfuI7ied5oWW6fhSbgWmGRiyEZTs2p74h5tAEKswyP450KzS56yv9OWR2W5T3xXP9S73d
sipRjR6DZV4XVJDdWVN7ajy3DIQdw7Yje5Y4NjpJqMYVnvCF70fJzIrN2HUDh7AWoqFCj1fRSvKf
8/VaELo7aQ3P/TCMDMvkvohDSzjcE9xKfB47CQ9EFMSRsJIo9GOSfG/9x6GIK9xNtnYysgjcf+kH
EK03tY3nCU8SL+YIacL1EzcITR6YiDczN+aRbVqW8D3b8Pke9LTg1UbGCCloa2o+h0gNqMFyLDfx
TQPMm4kVe3YoEtNIHN+MeQz7E7uQnhS0CUrt567j+Z4DxbtuGHHwPfP9GcALfxZZdmTB1qPZjFt7
ACm0ZTK0ARJcZpJzahuf+4ZlucIITC8UXgDmLNtwDdc0bWHNTNvhtilc7s/2wKGfqDSPxnMjCIUr
uBt7bmIJ245d34SOg9gKIsuKHDcyPWHGeyTJTRLEkzgTChRZiIg8xwotIxC+MXPDEFzNDDeIHJEk
gRMFnu0IbgbhLqisXPYQDJuHJsJezI3QDDyfe9yM/BgiFyYcBBCi0LVE9AjCZI0uCH1M3fPlhsJ2
nFnk+BFWhNwOLCsJfC9BDAhBZATtma6Z7ILq/Yyo8W0RGa4XmhZ+3CRyzThIcBfEPPGEa4rEDmH0
9i6IImx6CIEfOdxwQug0MGcCPuvbsR0aEYQeWjB8k4dRbJu7ELaXk3y9G0Kf/4Z4OIBY8VtEJ0mW
6SD+CJv7MBPYomcIM+FR5LrWzHAQlv3EARw4aMj35aygTNJ1pCDBQyBU7jqOA5bcCE7H+Yz+923L
NGA2InI82+diz5Proix/Eb2UEjGDHMPEiF3LBRDfRzBJXC+wHM+zwjiw49CHZe4BWWe73hB63IfT
J3D2CMtjII5910sS07TgFE6EkGKYHgm74nktNuQJmZC7CdJDLUgmwj/PEWImbMs3bDM0Z65jhDMT
Fi0ERA1Ju5HBt0DaNlW5AmESgT0IQy8JZ7bvu4GZwHJhs7HjxFHowFQg18RyYlIPIuQayI9Vxk6T
VGydUsBgEjuC5PAft3gYzhLueHzmI2YGLgIuwkU4CwZgdLBRvFiSGCdCjAX/UcAdmJ9L3mNFlu/Y
gWsHZiBcFyHSoixTrdq85rxj5nFaqDd5UhYb2Ga2SdIsm0R6e/QOciMlIlDEwcwLPBHESWD7SRxb
oWG7AehMkLGECyMxI/EUrDxUQujBwbBMD+ErRoQzjTjiPkzLSxB+ReTOwAtcWPAQLvkUOKQuuanQ
wTIpdDu2iJEIEOI4iAu4QCJIImQxpE7DmjkIoR+DZQ7YhMxMM0jsWAQzkSAXBo5vU3KInMgGjzbk
GeAvYN2LMC9/4VVzjPAtKp39Kf+5getEHhzGN5BEHO47sHRbICYlsTkLeWgkJtLObAfIGqFpQvlJ
6pdogWMECERxZCG4cjMMg4iS/ywKjVmMtAzaAsMDmF/7TVdZm6DFaLqN2W0dNxwdj7YFnEFFEEZ4
26zKCgB+QhnI1yntyAyLO4yqhiDuK7pYrFFI6SV1mTRnw4EchTjgv0YaOfn7YjHAr4p02jRG0qMS
8/L65t3lm5dnSiB12hDBtDdEi25WBGeHDzk0ZMKcOntMjK6oRCmav6b5aI+hf5mV2zRHba/gLhYR
CGlW1P8MSPo8RygVkVfP0poI2FHQ3pNd/ojuTyjpX+apblG6hWUYbqh6Bi+7VHy5qs7O/5ZWktqe
o35olxVrOpucvLz64cS0dlW2RtuW0huC68sX4g/TmoK6WNxJWhYLpBR9NaBPs3d9c/Lm5u3VY+Z0
Kz1krhvaZc6coWKltmfXGPsmit0I/mmLpK2BL2Ttca//aVZWTbOu0TNCHqs2nKJtGXSF/R4OMfxD
GgttCkOmd4b3DdTctVBMzkMBQ/6jFKnhLRZDKr7MQFdq6RRMgLnXZYN8HMlser1BcZEPWHzi4b8j
XD4m48td8aqtxJWo8qHmtmO7aoO5TjKx5NFmV3mu8+IFuun/ZFdVSVstF0WSFmmz+cO0+UFhWCx6
ygaXn9XnE4ZMa/VG5RYOpHGd5utMvL46HUhjOzaUhi31Vxd8Xa/KZlceYVXepuKPyyUa3mJRF+to
sRgS9Fs516COtzBkQUBv8QQK570A1G3+EOVqv2mKjhtJoJFbG6ODq/6OnZbQ+pLR++BFtSgOrnnD
LqOGmS4zvbnhzA2Pvbv4nlko42hCxotliwz/TBRLus/LJn5Gr6VR3C3aJLFc+TeSf+WI7ci/Ls1W
1EzWZdU8MwPTtmjwfgW+J/Qm6plEkfOHyTrjG/D1zDRoZAk28zIW6rl8JTvpx8okoVHwG9N2TXe/
vls/QwbAVZwmcLM2azbPJL7+NdKkFg29xa2fSc7EncgmZD3P1B5fP1YLEQ+mUNn87Oz8xcnblzc0
qoxj8nMrqk2HHWZVTmp+JzQNd6m4n8Spetv4TPH9EJYPE7I/PWenOZpucioTDxhFBBZJLbWVjBVS
WfKF947KoTx2s0Llwjq2GK+EfA9dFtB0gxKGRbwoSnkuIS2irI3V4YNHRkKwrstcnV54DLPmiRiz
kt6R1wSShejcb9mmbCsNi6UJg3aoJyIMUAydDMg2BPi1uO/BHcci4VBNze7L4tuG0TYTrxiJD418
ShsxG6KQ3lYqvu9XomDtelnxGACmi4KsSgGbLwrGDgYv71HFxQwg9D4vZFDxos54A6LkY0lqVgIN
WMWVaKS8qH6IBFO7IzSSE2Rld50DzNVrZnpQr9omRpM10YdL5mwx6s9sRKtFawrhMQyYpimH7cFN
YsORRpLykywr71mmjxbocp/dpZz9L9kWzZFGNtGPBiQcqK15vUi+kSZnYFAppEbgwg3Tsqb52mb7
x0NQ79A1wWQgeB7HDLWw0g/JHRq5Zbng9Cpenn2BVkJBVEN64ueWZyRXebiFDmu0gh1qpAggRwRd
YRSTSlAQmEAvtI8/x2OJ+3WLLF6R2Z3UmyK64fUtHem4haFN5YS3NXRHtt9xStNWVVmULdSL6fVY
nQHpzmPAYcaMdnjBSC1PHUA2CLY0lreFzr8K+LXUP71SX4POhxQmKCAGsCRNu+iJI9lqgi4SMmaa
Q0Y7ZmnzLcTXVHJZjOgcKZvaW8wOwUMLx7KkWCQbE83pXILaN2YuraNqi4LUGVMoKtdSCXJvvJ7S
eyF9zfJ0uYK3V7xejYfeqS2HJFJV7bpRo0pgJJgctGm+pHLhtXLjO1Yew+lEBch+mgKyEbK5EoKG
dU0HhkabPGpSb2kI9Ajg1UZ57V+yMoT1UC5lahyOkKcNOX+O4iXcNJA4u1aiNqRwVQMjl9+Q1u5T
KXlpUfDq+4kC1BlZLTlM0opObDBQX0hYSSVEh1IZObTVkh+zZQlF0TkPaRWEaCnJnEjS5swgLoBd
xmi1ffn/ngMqTj5FP+XR30d/3ZRrdfxJxdeeJA2uZggfa9pRiXuCCGtHlWlYjiZMBoF30is0ffW3
fwCF0i8kSRQxWNQiOxXITkw8iKiV0bdUJCuPpGzWzxYPEeqBesuRClyXN+dzdvPDxTV7efHq4oad
XF29vDi/ZlfnbxhqvL+evxkzTGI3l5h1zt79cPnynF29uTw9v76e7oeAHXlYM1eLAwVvWsqMTYG4
JgajlZAhWUqjD7YmZI+aIZaxRU6ZIBQKFWYlKNR94BMBGtZE/H7M2JSRoUSjDFnQNI1MQlZAEHq3
gZx6W43jknIIFQJywfTxbLIFXVpDbWsRUb2gJEvkKr2qtT0PMC+xrres2obmtT56miTNua05X/Iq
hGdMtjvHMgA9LV3pakSOXsX0KsRutKatrE6GlKBya2GDR+MuJ+wbYWeGKr0mCWApfvOtC07ZpYr5
yuBRXpRtFve0pEgi9wXb0l8rwGtJPhh1aZen0NheyGDxKElK01EQet6Sqsy7ZKtW6xmToWkONUzc
aE0+sg32hEntWMd1V1GSyipgIjPUhhy3+VqVX6rGY/rBhB50+jqjSXqBpF2S2XGAO6R5ODt/QsBI
2kh8wHAn6OReK2p1aLMWy64cpaBF2LZUjTtFqhpBV51TRQ1N/aicqKOJVm1xW3e0n/I1jaZ5myPH
Ir1WrOsOSJFM9T+Kiq1cyV+0KKXHPLYxVONrTZFEOKEyuUXSdXqNnZXq0b5NU21EUU/BV5M7F1Kw
9MQhZ7JymEQc/tnzRhuLslZB+UjSA3WqwFBQ1pyaFqbWKA633GGZlqfip8NMkzu8SoAZ9Qka7qdB
fcoOF0UhGlLYXKcIlGarMlMlZsibaCVLcUkyqiaYkE4yMrap1kg/VaklFH2xqdLbwVBL3SMKq9WG
tpaXYzYxBwqUypOIJ01HjE4BMmpv61jZjFIJGSvOqdmRhT4txqAma8p+QC0IW3omizt2evV2jLWg
IYR/3acxzF7WCip69vAnEv6cuV3Zva3I1WnrwdwpO4kRqFY8S47Ra6o2IRawYY0KSBnteZCBDRxx
m/YGwHa6mgeKalRi8mzKiIi3V8VVV2xvO0TqJYioe6RNWtiui/VE3+91N6+019XpL6LXJ5XlnRpp
678rmVC2K/MYpFYnsNSioym70msyXi3lAq5bVW0LEmNS8SWxAJ1AbPU6kxUL9Z85Hf+Hs/OK9HSa
pZilGmo6DCTqhr26eSsprcESsR22DaMGXqpyi041F9Mu1uRNO6FVc0ntsD8URVRt1KlxsEw7B6iF
ULB2bKJBps2SKZNZasWpCGBpDtk0pDtoQ34YizA1lrRAaXeS6BVJAlFXBmKkaC7Dea1UqkoJzG20
jRInQm0g6FCnu6mzS1kknV1cn3yP+kjWU20hbYgCdkuRksJkrIqElIxRf4UQD/uNLZ9bX49F2C7n
XdP2HTOpWdMl6wrhSj5nuoev1a4DeXNRlyp5a48wCZiiWkE7XZVlLXcmul5NdN24jOIxbzir+V2X
LWhfSO9wTejZNrARYfLlgCra9KbNP8q0UDsCUlLfsh/D8oE8v2IXZ+zwx7cXZ0fQO9weNGD+PdRG
ikmR7uEc1MNVsZaPKj/gDeVWdwW8/cfvX3bwdX83GPlWIqOtMVk4SPXqUkTyVnZbSDqNDna2kkSi
xbM02Uwe2jTeKqTbXRvu3tzI7RflauobbCUDOVf7VVvrbaAIQaRRYVavmag1czU/DgmNSiE6PGos
lAPplGbXoxS0LNtPxeNu1s723ZM7Zkq4J3nZUvRIVK7TwQQi60RLuZ2io9wKgfrpWiZnLH4jU/Vg
sWS8EKr1DoUCFoqEfL9e83tpFGSjCro0LRreTfqKfULUs48YyPg+qeAlklmLCeTTp6g0niaTV4AU
M96ZO4jtFtNvT429t8MTZmUk3bdOY5Uz5Oc10CkMrm7DoRSWlEQxQ8QqdcqbPrXJrSZtHDyKRCZk
p6DMW2LN0lugoD5ZRqKMg/VlVd43KxXHgIKzlYI2CHLw/rpRKVkSOyFpdKRNtqJRrF2c1QO+KEyT
5hU0ps7w9WzqLaeuzJFrdpQEeBNmsQOQiVZ5q8jttlavy+ljZergdc/VN0tIJmj1lBWty3WbdW6j
byjfyzk6bdgWIZRtEHEpMVHGpciFkkA3GHKTW23kzXWpQ/uOsrlWw6pS0JYFQrYROt4GPfLMCX0x
tjfUB4bd4fUKNXlSDnI64sFEvTTpZ66gt7kiZbrO8/U0LSXFCHWbnJpDuHJDG61RvSWd0pR+zrbP
JQsyzPHlshJLvaWo9x/VNgt94HK7z5+kD7Hm8uySTvdOdFJQ9QGFr3uhOhAuP7whjLUkfMuAHJsO
3gogT/eSb9f0LZxSziOhQqHquTYmVEJ0iFXmskG+OaXNezHcyxsjOaxXHG4hKLJXRENXlyJjJKJC
7zGhuFhQMlRPu9ylMgff2RvUL98GybZFDY7aRsbWLoRpgFLL6nmH45FWFV9DtTZpvs0gOhsTUJpP
Vk8Jg7RIYZwQyk1Pvajb4J5uEegnQwyd5D6d73UyUZpUHjDYS9IwAL7R8ux2jVZ6UIW4qu8kdHSg
TXg0a7Esg9KkB0THQNtKvZKhaNNtpajIC3g6OnX5ltP3Y7pPQ2nN6V2ivqMCCDRqXc07palnsFHa
05uzn2TlgqJ1LDf53hNQ9cFln7yHr4okG1RJVzLAr4bfbdL+yFN5VMZn2T7WsmOQ7Tf0k4JWXQQM
yVd4JQ3qktHLOspVKqduMc7Zi5cnN2pQfcSGturP+uDxeBY8gKNCjO2HOK2asQy6f9aVnnrZMty0
UE5MiQ6i1XuKvNVWp961M/WBA32zqOJu16lV/VsaGVQAB+kokq/J6k5Ok+4VD0xAlfUHL2Q0kajk
/B0gsi7WIx8GIxNZXw4KP/W5rPp+tdZNbnRLbVItGzoEtzBFg7JRhVz/nWtKH0pmKlMoV1FcSvio
jPqWejQeiQeU+bLsl0fVUK0MD+aHkT6h24/Q27ci5tXOWJl/iMsG4W5nVJ9Y3A60VTa8p8AwvE/S
rBE7gJf5zmcC6HB2aEnhW3fDATr8PrwfHHTcjsHP9ckRc0oHnmSHApkOJ62jXTm8Ecn25Go/WstQ
X+8OoXzKhyPXVy930G/qnzP5tYO+Yv2jprwVBTL6jgg2PM/0CVM65vJLulbHmoIpnYP+RR0z7mfj
9iHfFXJJ1FiGYZumRQdYr84udziNyw+Skv1BDKW7+oHXF3W9M1Edcfjx1Q6LexTglrYPdtnCoPwc
d2dwcKjcJn7Vsa2r1Z61UdEkPxyw9JFmEky6VF8U6LX0kYnuKrpzz7SU2sxSD1hKXuhFMmWIZBDa
DgUVLTuWGD9SYrqjdykteziETq6VcXnZKuvq4P+dCq/LK7kRtl3w66//B0lsSwY=
===END CRASH DUMP===
