PocketMine-MP Crash Dump Sat Oct 16 17:36:49 WIB 2021

Error: pocketmine\world\generator\GeneratorManager::addGenerator(): Argument #3 ($presetValidator) must be of type Closure, bool given, called in C:\Users\nhang\OneDrive\Máy tính\FLOTV\plugins\MyPlot\src\MyPlot\MyPlot.php on line 1275
File: pmsrc/src/world/generator/GeneratorManager
Line: 72
Type: TypeError

A PLUGIN WAS INVOLVED IN THIS CRASH

Code:
[63] 	 * @param \Closure                        $presetValidator Callback to validate generator options for new worlds
[64] 	 * @param bool                            $overwrite Whether to force overwriting any existing registered generator with the same name
[65] 	 *
[66] 	 * @phpstan-param \Closure(string) : ?InvalidGeneratorOptionsException $presetValidator
[67] 	 *
[68] 	 * @phpstan-param class-string<Generator> $class
[69] 	 *
[70] 	 * @throws \InvalidArgumentException
[71] 	 */
[72] 	public function addGenerator(string $class, string $name, \Closure $presetValidator, bool $overwrite = false) : void{
[73] 		Utils::testValidInstance($class, Generator::class);
[74] 
[75] 		if(!$overwrite and isset($this->list[$name = strtolower($name)])){
[76] 			throw new \InvalidArgumentException("Alias \"$name\" is already assigned");
[77] 		}
[78] 
[79] 		$this->list[$name] = new GeneratorManagerEntry($class, $presetValidator);
[80] 	}
[81] 
[82] 	/**

Backtrace:
#0 plugins/MyPlot/src/MyPlot/MyPlot(1275): pocketmine\world\generator\GeneratorManager->addGenerator(string[22] MyPlot\MyPlotGenerator, string[6] myplot, true)
#1 pmsrc/src/plugin/PluginBase(94): MyPlot\MyPlot->onLoad()
#2 pmsrc/src/plugin/PluginManager(259): pocketmine\plugin\PluginBase->__construct(object FolderPluginLoader\FolderPluginLoader#51, object pocketmine\Server#10, object pocketmine\plugin\PluginDescription#22913, string[55] C:/Users/nhang/OneDrive/M..y t..nh/FLOTV/plugins/MyPlot, string[55] C:\Users\nhang\OneDrive\M..y t..nh\FLOTV\plugins\MyPlot, object pocketmine\plugin\DiskResourceProvider#23103)
#3 pmsrc/src/plugin/PluginManager(398): pocketmine\plugin\PluginManager->internalLoadPlugin(string[55] C:\Users\nhang\OneDrive\M..y t..nh\FLOTV\plugins\MyPlot, object FolderPluginLoader\FolderPluginLoader#51, object pocketmine\plugin\PluginDescription#22913)
#4 plugins/DevTools.phar/src/DevTools/DevTools(70): pocketmine\plugin\PluginManager->loadPlugins(string[49] C:\Users\nhang\OneDrive\M..y t..nh\FLOTV\plugins\, array[1])
#5 pmsrc/src/plugin/PluginBase(136): DevTools\DevTools->onEnable()
#6 pmsrc/src/plugin/PluginManager(425): pocketmine\plugin\PluginBase->onEnableStateChange(true)
#7 pmsrc/src/Server(1299): pocketmine\plugin\PluginManager->enablePlugin(object DevTools\DevTools#22899)
#8 pmsrc/src/Server(966): pocketmine\Server->enablePlugins(object pocketmine\plugin\PluginEnableOrder#22889)
#9 pmsrc/src/PocketMine(293): pocketmine\Server->__construct(object BaseClassLoader#2, object pocketmine\utils\MainLogger#3, string[41] C:\Users\nhang\OneDrive\M..y t..nh\FLOTV\, string[49] C:\Users\nhang\OneDrive\M..y t..nh\FLOTV\plugins\)
#10 pmsrc/src/PocketMine(316): pocketmine\server()
#11 pmsrc(11): require(string[85] phar://C:/Users/nhang/OneDrive/M..y t..nh/FLOTV/PocketMine-MP.phar/src/PocketMin)

PocketMine-MP version: 4.0.0-BETA5 [Protocol 465]
Git commit: b65e89b605aeba5f7958d3cbb6db47e766cd6f9f
uname -a: Windows NT PC 10.0 build 22000 (Windows 10) AMD64
PHP Version: 8.0.10
Zend version: 4.0.10
OS : WINNT, win
Composer libraries: 
- adhocore/json-comment 1.1.2@fc2f76979f0a44a5f5bc2a2b600d0762fe0e78e7
- brick/math 0.9.3@ca57d18f028f84f777b2168cd1911b0dee2343ae
- daverandom/callback-validator unknown@unknown
- fgrosse/phpasn1 v2.3.0@20299033c35f4300eb656e7e8e88cf52d1d6694e
- netresearch/jsonmapper v4.0.0@8bbc021a8edb2e4a7ea2f8ad4fa9ec9dce2fcb8d
- pocketmine/bedrock-protocol 2.0.0+bedrock1.17.30@faff7da904e68f69b1a9128956dac3122e87308a
- pocketmine/binaryutils 0.2.1@8cd078e2426f8100331f2d73bef10f481dad6cde
- pocketmine/callback-validator 1.0.3@64787469766bcaa7e5885242e85c23c25e8c55a2
- pocketmine/classloader dev-master@80226e0917be79ac3230606113e25134a31e6a85
- pocketmine/color 0.2.0@09be6ea6d76f2e33d6813c39d29c22c46c17e1d2
- pocketmine/errorhandler 0.3.0@ec742b209e8056bbe855069c4eff94c9734ea19b
- pocketmine/log 0.3.0@03ab1316da0b1978a7a1c8dd73e1c2a973cb62ec
- pocketmine/log-pthreads 0.2.0@6be3445c48c62eba3922f987f000bb20c81d161f
- pocketmine/math 0.3.0@83ec067b12c066fc61d9fb129daf7e61ef3b1d63
- pocketmine/nbt 0.3.0@98c4a04b55a915e18f83d3b0c9beb24a71abcd31
- pocketmine/pocketmine-mp 4.0.0-BETA5@b65e89b605aeba5f7958d3cbb6db47e766cd6f9f
- pocketmine/raklib 0.14.2@e3a861187470e1facc6625040128f447ebbcbaec
- pocketmine/raklib-ipc 0.1.1@922a6444b0c6c7daaa5aa5a832107e1ec4738aed
- pocketmine/snooze 0.3.0@fe5b1dbf0d6267da882d1f67924772bd93db833d
- pocketmine/spl dev-master@b7a8904f912c1f6d38ad867ff1120614ccb80171
- ramsey/collection 1.2.2@cccc74ee5e328031b15640b51056ee8d3bb66c0a
- ramsey/uuid 4.2.3@fc9bb7fb5388691fd7373cd44dcb4d63bbcf24df
- respect/stringifier 0.2.0@e55af3c8aeaeaa2abb5fa47a58a8e9688cc23b59
- respect/validation 2.2.3@4c21a7ffc9a4915673cb2c2843963919e664e627
- rhumsaa/uuid unknown@unknown
- symfony/polyfill-ctype v1.23.0@46cd95797e9df938fdd2b03693b5fca5e64b01ce
- symfony/polyfill-mbstring v1.23.1@9174a3d80210dca8daa7f31fec659150bbeabfc6
- symfony/polyfill-php80 v1.23.1@1100343ed1a92e3a38f9ae122fc0eb21602547be
- symfony/polyfill-php81 v1.23.0@e66119f3de95efc359483f810c4c3e6436279436
- webmozart/assert 1.10.0@6964c76c7804814a842473e0c8fd15bab0f18e25
- webmozart/path-util 2.3.0@d939f7edc24c9a1bb9c0dee5cb05d8e859490725

Loaded plugins:
DEVirion 1.2.5-ALPHA12 by poggit, SOFe for API(s) 4.0.0
DevTools 1.15.0+dev by PocketMine Team for API(s) 4.0.0
PurePerms 1.5.0-legacy by 64FF00 & ProjectInfinity for API(s) 4.0.0
SimpleNPC 3.0.0-snapshot by brokiem for API(s) 4.0.0

----------------------REPORT THE DATA BELOW THIS LINE-----------------------

===BEGIN CRASH DUMP===
eNrtW2lz20aa/iu9VGojzZIULuLgrLNWJHviWjvSWvI4taHL1QAaJEa4gkMSM5X/vs/b3QBBSnaS
Tap2PzgzZQGN7vc+u5v/nCRlnfP2452om7QsJktnOmnTXEyWpms7tm+4RjD3XMs1/emkq9QnY+77
vmM4pm0E9sJ1g+kk4037oq7LerL856TdVpg1ucEfNTad5KJp+JpGqzK6FW2eFmK1ui/rLF6t1qIQ
NW/LerX6W//4hheYXy+XPI6HweOTJTur110uipYd2ez4q6oWjWj/zrM0pgknLO+aloWClQkjMth5
VjZdLaYsLMuMrdM7UUxZxLNMxCwt2PlytXrXgPnVqtjwYr1aXRbiosa01erNqjMMYW5ZKx/iYrNa
vXx9efP31arKunVaYNGb7VVWtqtVU0e7F/V3Xm0qVhYsA6vMtLwFxJB0WfYyzaQcNrxenp6eL08l
/lOJ/rTHfvoY+anEfXol5fcGQGdvruYE5RTIT6UoTwdJnh4KkqghAjTynNb8lnVYQwxMlp4Fy6h5
hMcfJ0cG0yI4VcxKWPpR/TkmlqGv36fv2Td7+m7aOi3WP1rWB7Yv3GHKlOk57geWbyt8mrK27sQJ
CD8y2Y5RRe/plfzzLW/EceCAvH2ws2/K4nXJ42O53PrUck3ssbUIDjhU01arHZrZNx8/RmUBKruo
PS7Df4ioZS/LLBa1mkT4BETxeOxoYU6ZXjFGci1q+OuRaTz5dZ+EC9FEdQrHLYsjywpMexDYYvGB
fdL65nNY3nw+WN2+tg9gfMaFBjifcp3PsnCRNrdvRVN2dSSu6vIuJaFYtmnYUj/2r+nHDvzP6mcw
urRoRV3wjOSuPh3/+Rz+MaX/ilqlQJzBKy/E3Q0CXrMLEP3I8HDsGb9NONkglKaXihP876UyZbyu
+fZH84OkefFZHzVtF0T2JMMi9BM56ouCh5lQrur+mik41uI3uGoP9LrlrTgnrsTxEE28EQ7lgohx
QfDbhCgkXG1bWr2P2YIufUAkbP5jbIHrHiBTH/ahN8e/aj2KyctaupPl+wpjMMK4yzLHVmB/AusT
gY3EeI5ioNHGbD1py12bEtdvOBn9GvI52oUlx/zdprVb+wfMUiUM42kZ2Oah5BulErVK55lj08Ss
WvzUpbXoXcVHAPm1XH8YbT+R44fhk8mHX6YT8aXe+tV66w+UO5CwQvsxLe7K7E6QFAAsLWKoN2ox
NSpjQQpwbYyvWvYX9rziNc/ZaqXlwD7x36Eg2TlEFPLolrUlu1Ojgg10slKG+oahXGeFuGeSjwYk
uM4Bain3z/z3VQm7va9TgH+/Ee1G1IQScCMoUX+C3TJebJl4SBv5Uos1nkQNJe5ouk/bDQMA1vBc
sAL/ED0LTQ89uzvaNlXT8mJ2IB7tJCdsyf7jVSH5HjRyqVh+8RAJ+fRIZoTBG2HzP4Etong0U5j+
fQD/DftKfqCVwQ6KZwxQ2k1d3jcgVlPWe8JAEU039fRTerHkS9WFWRqxpCsiSfcTFa3G3Qcu9hVJ
bzoym0NetT+NlPeMJTxrBInurkzjfxJ+ZYar9h3F1+WyFY2C8KogcUTiuEc70LNcypGTv9JyMiX6
u9Bg0uT4X0YYeQEXbkDV8VftJkUKzmATP0rSQQ04acusvEdQlEMnH05OJFGuhrZqpUCl+X5apser
yVmWchL7aiIB0QPwMp7VgsdbBnLTdSHi1URR7Wn4v9CLr1kI9OAjSj+AVKLg0PFfFG29HeTzKM4R
Jl+ZBuHxTYXHVxo//ctfJr98aY++tEdf2qMv7dGX9uhLe/SlPfo/bo+mE5VFMyrPZWm6nOwtA2Eh
lLHb+J44c2NuzL59cXNGnUPYpVk8WVqGaU0nafMxFneTpay40BbUZVtGJWA77gKYUmoLQnch/CB0
jQUXIV8kXrDwYzsKQzcOHU94rhvFbhIkgN1pgt6jlaAK8/sbdnXOTKBnEi2zLMMw2HH/3TRO2Nmb
C5T6wL2psNIHraaB159FEWva5Ts+fywbgv3q++9vMCBf7tNCdit5VULAH7M0rHmdioaEw+MNeKnF
6T+asphhjm5zzLk5t54nkZV4buAFicEdB2wtwsjiFtg0YsNzrUQYwvOFRxKr0+j2NOftBquNeTC3
n0d84cWmnxiWn/hO4nleaJmuH8VmYJqhEQth2Y7NqW+IOTSBCrPMTyPdCs3uhkp/CZndFuV98Vz/
pd5uXZeoRk/BMm8KKsjurLk9N55bBsKOYduRvUgcG50kVOMKT/jC96NkYcVm7LqBQ1gL0VKhx+to
I/nPeVUJQncnreG5H4aRYZncF3FoCYd7gluJz2Mn4YGIgjgSVhKFfkySH6z/NBRxjbfZzk4mFoH7
N/0BovXmtvE84UnixTwwHOH6iRuEJg9MRLiFG/PINi1L+J5t+PwAelrweitjhBS0NTefQ6QG1GA5
lpv4pgHmzcSKPTsUiWkkjm/GPIb9iX1ITwraBKX2c9fxfM+B4l03jDj4Xvj+AuCFv4gsO7Jg69Fi
wa0DgBTaMhnaAAkuM8s5tY3PfcOyXGEEphcKLwBzlm24hmuatrAWpu1w2xQu9xcH4NBP1JpH47kR
hMIV3I09N7GEbceub0LHQWwFkWVFjhuZnjDjA5LkJgniSZwJBYosRESeY4WWEQjfWLhhCK4WhhtE
jkiSwIkCz3YEN4NwH1RWrgcIhs1DE2Ev5kZoBp7PPW5GfgyRCxMOAghR6FoiegRhVqELQh/TDHy5
obAdZxE5foQVIbcDy0oC30sQA0IQGUF7pmsm+6AGPyNqfFtEhuuFpoU/bhK5ZhwkeAtinnjCNUVi
hzB6ex9EEbYDhMCPHG44IXQamAsBn/Xt2A6NCEIPLRi+ycMots19CLvHWV7th9DnvyMejiDW/BbR
SZJlOog/wuY+zAS26BnCTHgUua61MByEZT9xAAcOGvJDOSsos7SKFCR4CITKXcdxwJIbwek4X9D/
fdsyDZiNiBzP9rk48OSmKMufxSClRCwgxzAxYtdyAcT3EUwS1wssx/OsMA7sOPRhmQdAqmzfG0KP
+3D6BM4eYXkMxLHveklimhacwokQUgzTI2HXPG/EljwhE3I3QXqoBclE+M9zhFgI2/IN2wzNhesY
4cKERQsBUUPSbmTwHZCuS1WuQJhEYA/C0EvChe37bmAmsFzYbOw4cRQ6MBXINbGcmNSDCFkB+anK
2GmSip1TChhMYkeQHP7HLR6Gi4Q7Hl/4iJmBi4CLcBEughEYHWwUL5YkxokQY8F/FHAH5ueS91iR
5Tt24NqBGQjXRYi0KMvUmy5vOO+ZeZwWmm2elMUWtpltkzTLZpHeHr2D3EiJCBRxsPACTwRxEth+
EsdWaNhuADoTZCzhwkjMSDwFKw+VEAZwMCzTQ/iKEeFMI464D9PyEoRfEbkL8AIXFjyESz4FDqlL
bir0sEwK3Y4tYiQChDgO4gIukAiSCFkMqdOwFg5C6KdgmSM2ITPTDBI7FsFCJMiFgePblBwiJ7LB
ow15BvgXsO5FmJc/87o9RfgWtc7+lP/cwHUiDw7jG0giDvcdWLotEJOS2FyEPDQSE2lnsQekQmia
UX6S+iVa4BgBAlEcWQiu3AzDIKLkv4hCYxEjLYO2wPAA5pdh01XWJhcv/p7W0lCGIm4Ymk52pRt5
xGJ29vrquzOT4j/v2k1ZN7QVU6GATmmv9vrypaC6kFcpjctQRe+qN4iH4i4WFWoqWouPTZm0F+OB
HDW53FQnqKvVnaRltYJz66cRfZQIMff65uztzbsrJaImbYkL2i3qm5oxc/3QPnPmArUDFaB7nO3K
WXYjeP5Z3qhJ+42sPe66Ps/Kpm2rBtU75LHpwjkKyFF9PnTTxPBVV4srUedjjndj+yyD41km1jza
7jPtOi9fojT+V3ZVl9Q3vSqStEjb7Z+m2Y8KA1rBnrLR404SV5fXN+8v376++FVZ0Fq967CDA2lc
p3mVie+vzkfS2I2NpWHLrNoUvGo2Zbsvj7Aub1OR/2nsa3ho4IoqQis7Iuj3cq5Bne5gSO+mLXmB
LHhgw30nR5Sr5nGO8hnFeCv7lMnR1fDGzktofc3ocGdVr4qja96yS/TQpstMb2k4S8Nj7199y9AI
mDQhQzvZ8bV4JtDv4j0v2/gZnTEhUq+6JLFc+W8k/5UjtiP/dWm2omZWlXX7DH2LbdHg/QZ8z2hb
+ZlEkfOHWZXxLfh6Zho0sgabeRkL9V2er8yGsTJJaBT8xtR79e/VXfUMQQRPcZokadRl7faZxDfs
Cc8a0dKRTPNMcibuRDYj63mmGvZhrBEiHk2hHPjs4sXLs3evb2hUGcfsp07U2x47zKqcNejDNA13
qbifxak6Onim+H4Iy4cZ2Z+es1fpzLc5xfwjRjsXLJJa6mqZ6qWy5OnVnsqhPHazQQfGerYYr4U8
VCoLaLrdQLURL4pSHjKmRZR1sTpJfGQkBOu6zNVR5GOYDU/ElJV04NUQSBaiDL9l27KrNSyWJgza
oQKHMEAxdMyXbQnw9+J+AHcai4RDNQ27L4uvW0Y9I68ZiQ9VeUpd1ZYopKMHxff9RhSsq9Y1jwFg
virIqhSw5apg7Gh0EtfAJxlA6E0byABtcZPxFkTJz5LUrAQasIon0Up5UQqKBFOtDo3kBFnZXe8A
S3VmRB+aTdfGqJhm+qR4yVaT4QA22qw6UwiPYcA0TTlsj14SG440kZSfZVl5zzJ9TqhzN7tLOfsv
si2aI41spj+NSDhS+2x6kTxeImdgUCmkRuDCLdOypvnaZofPY1DvUQLBZCB4HscMpabSD8kdGrll
ueB0riYPsqGVUBDVkJ74qeMZyVWeVNPJayfYsUaKAHJC0BVGMasFBYEZ9EKbckt8lri/7/IQKoHZ
nTXbIrrhzS2dz97C0OZywrsGuiPb7zmlaZu6LMoO6sX0ZqoOdPvDVTjMlNF2DRhp5BEiZINgS2N5
V8DEaIoCfi31T+djFeh8SGGCAmIAS9K0i4E4kq0m6FVCxkxzyGinLG2/hvjaWi6LEZ0jZVMHi9kx
eOjgWJYUi2RjpjldSlCHxsylddRdUZA6YwpFZSWVIDe6mjlt8upnlqfrDby95s1mOvZObTkkkbru
qlaNKoGRYHLQpvmSyoXXyl2sWHkMp+NRkP00BWQjZHMlBA3rmo8MjTo2NWmwNAR6BPB6q7z2b1kZ
wnoolzI1DkfI05acP0fxEm5bSJxdK1EbUrhpQ7Dl8hvS2n0qJS8tCl59P1OAeiNrJIdJWtPxKwP1
hYSV1EL0KJWRQ1sd+TFbl1AUHdpKqyBEa0nmTJK2ZAZxAewyRqu9iP/3HFBx8jn6KY/+MfqbtqzU
XQYVXweSNLiGIXxU1B7FA0GEtafKNCxHEyaDwHvpFZq+5us/gULpF5Ikihgs6pCdCmQnJh5E1Mno
WyqSlUdSNhtmi4cI9UCz40gFrsubF0t2892ra/b61ZtXN+zs6ur1qxfX7OrFW4Ya7z9fvJ0yTGI3
l5j1gr3/7vL1C3b19vL8xfX1/DAE7MnDWrhaHCh401JmbArEDTEYbYQMyVIaQ7A1IXvUDLGMLXLK
DKFQqDArQaHuA58I0LAm4vdTxqaMDCUaZciCpmlkErICgtC7C+TUHmkcl5RDqBCQC+aPZ5Mt6NIa
aqtERPWCkiyRq/Sq1g48wLxE1exYtQ3Na3PyNEmac1tzvuZ1CM+Y7baBZAB6WrrS1YgcvYrpVYjd
OS86WZ2MKUHl1sEGT6Z9Tjg0wt4MVXpNEsBS/OY7F5yzSxXzlcGjvCi7LB5oSZFE7gu2o79RgCtJ
Phh1DUPzCmwvZbB4lCSl6SgIA29JXeZ9slWr9YzZ2DTHGiZutCYf2QZ7wqT2rOO6ryhJZTUwkRlq
Q467vFLll6rxmP4wow+9vi5okl4gaZdk9hzgDWkezs6fEDCSNhIfMNwJuobTiUbdwGrEui9HKWgR
th1V016RqkbQVedcUUNTPykn6miiTVfcNj3t57yi0TTvcuRYpNea9d0BKZKp/kdRsZMr+YsWpfSY
xzaGarzSFEmEMyqTOyRdZ9DYRak+Hdo01UYU9RR8Nbl3IQVLTxxzJiuHWcThnwNvFyBF1iooH0l6
oE4VGApKxalpYWqN4nDHHZZpeSp+esw0ucerBJhRn6Dhfh7U5+xwVRSiJYUtdYpAabYpM1VihryN
NrIUlySjaoIJ6SQjY5tqjfRXlVpCMRSbKr0djbXUf6KwWm9bAj5lM3OkQKk8iXjW9sToFCCj9q6O
lc0olZCx4pyaHVno02IMarLm7DvUgrClZ7K4Y+dX76ZYCxpC+Nd9GsPsZa2goucAfybhL5nbl927
ilxdnRzNnbOzGIFqw7PkFL2mahNiARvWqICU0Z4HGdjIEXdpbwRsr6t5oKhGJSbP5oyIeHdVXPXF
9q5DpF6CiLpH2qSFXVVUM/1+0N280V7XpD+LQZ9UlvdqbCjh6ZIJZbsyj1FqdQJLLTqZsyu9JuP1
Wi7gulXVtiAxJjVfEwvQCcTWVJmsWKj/zOkuL5yd16Sn8yzFLNVQ08m+aFr25uadpLQBS8R22LWM
Gnipyh061VzM+1iTt92MVi0lteP+UBRRvVVXQMEy7RygFkLB2rOJBpk2S+ZMZqkNpyKApTlk05Lu
oA35IzeEqamkBUq7k0RvSBKIujIQI0VzGc4bpVJVSmBuq22UOBFqA0GHOt1NXVzKIuni1fXZt6iP
ZD3VFdKGKGB3FCkpTMaqSEjJGPWV4njcb+z43Pl6LMJuveybtm+YSc2aLlk3CFfyO9M9fKN2Hcib
i6ZUyVt7hEnAFNUK2vmmLBu5M9H3aqLvxmUUj3nLWcPv+mxB+0J6h2tG33aBjQiT+8uqaNObNv8o
00LtCEhJfc1+CMsH8vyavbpgxz+8e3VxAr3D7UED5t9DbaSYFOkezkE9XB1r+ajyA95Q7nRXwNt/
+PZ1D1/3d6ORryUy2hqThYNUry5FJG9lv4Wk0+hoZytJJFp8S5Pt7KFL451C+t218e7Njdx+Ua6m
fk+pZCDnar/qGr0NFCGItCrM6jUztWap5schoVEpRIdHjYVyIF256nuUgpZlh6l42s/a2757csdM
CfcsLzuKHonKdTqYQGS9aCm3U3SUWyFQPz3L5IzFb2WqHi2WjBdCtd6hUMBCkZDvNxW/l0ZBNqqg
S9Oi4f2kr9gnRAP7iIGMH5IKXiKZtZhAPn2KSuNpMnkNSDHjvbmD2H4x/R2osQ92eMKsjKT7Nmms
coa8Kw+dwuCaLhxLYU1JFDNErFKnfBlSm9xq0sbBo0hkQnYKyrwl1iy9BQrqk2UkyjhYX9flfbtR
cQwoONsoaKMgB+9vWpWSJbEzkkZP2mwnGsXaq4tmxBeFadK8gsbUhZyBTb3l1Jc5cs2ekgBvxix2
BDLRKu8UudvWGnQ5f6xMHbzuufoBApIJWj1lRVVZdVnvNvqF8r2co9OGbRFC2QYRlxITZVyKXCgJ
dIMhN7nVRt5Slzq07yibazWsKgVtWSBkF6HjXdAjz5zRzz8OhobAsD9cbVCTJ+UopyMezNShyTBz
A70tFSnzKs+reVpKihHqtjk1h3DlljZao2ZHOqUp/Z3tvksWZJjj63Ut1npLUe8/qm0Wuq1+e8if
pA+x5vLikq7qzXRSUPUBha97oToQLm/RE8ZGEr5jQI7NR6cCyNOD5LuKftiilPNIqFCo+q6NCZUQ
3UiTuWyUb85p816M9/KmSA7VhsMtBEX2mmjo61JkjETU6D1mFBcLSobqa5+7VObge3uD+vBtlGw7
1OCobWRs7UOYBii1rL73OB5pVfE1Vmub5rsMorMxAaX5ZPWUMEiLFMYJodz01Iv6De75DoH+MsbQ
S+7z+V4nE6VJ5QGjvSQNA+BbLc9+12ijB1WIq4dOQkcH2oRHsxbLMihNBkB0p6ur1ZEMRZt+K0VF
XsDT0anPt5x+DKL7NJTWnM4S9RsVQKBR62rZK019g43Snt6S/SgrFxStU7nJ94GAql9PDcl7fFQk
2aBKupYBfjP+ERbtjzyVR2V8lu1jIzsG2X5DPylo1UXAmHyFV9KgHhkd1lGuUjl1h3HJXr4+u1GD
6hcpaKv+qm8RThfBAzgqxNR+iNO6ncqg+1dd6anDlvGmhXJiSnQQrd5T5J22OnXWztRtZfoBkoq7
fadWD6c0MqgADtJRJI/Jml5Os/6IByagyvqjlzKaSFRy/h4QWRfrkY+jkZmsL0eFn/rtm/oxWqOb
3OiW2qRGNnQIbmGKBmWrCrnhR2sp/eopU5lCuYriUsJHZTS01JPpRDygzJdlPx3Hn6NaGd+yDSN9
3W4YodO3Iub13liZf4zLFuFub1RfP9oNdHU2fqfAMH5P0qwVe4DX+d6dX3Q4e7Sk8K278QDdZB2/
j24t7cbg53IWXY+jOzOyQ4FMx5OqaF8Ob0Wyu4Y2jDYy1Df7Qyif8vHI9dXrPfTb5qdMXl3WT2z4
1Ja3okBG3xPBlueZvi5G1+J+Tit1MyaY06XGn9WdwWE2Xh/yfSGXRI1lGLZpWnQb7erico/TuPwo
KTkcxFC6rx94fdE0exPVFYcf3uyxeEABXmn7YJ8tDMrf1u0Njm6I2sSvuvlztTmwNiqa5C1gS99P
JMGka3U9WK+lG+O6q+gvMdJSajNLPWApeaEXyZQhkkFoOxRUtOxZYvxIieme3qW07PEQOrlOxuV1
p6yrh//fVHhdXsmNsN2CX375H7bU7/Y=
===END CRASH DUMP===
