PocketMine-MP Crash Dump Sat Oct 16 18:09:35 WIB 2021

Error: pocketmine\world\generator\GeneratorManager::addGenerator(): Argument #3 ($presetValidator) must be of type Closure, bool given, called in C:\Users\nhang\OneDrive\Máy tính\FLOTV\plugins\MyPlot\src\MyPlot\MyPlot.php on line 1275
File: pmsrc/src/world/generator/GeneratorManager
Line: 72
Type: TypeError

A PLUGIN WAS INVOLVED IN THIS CRASH

Code:
[63] 	 * @param \Closure                        $presetValidator Callback to validate generator options for new worlds
[64] 	 * @param bool                            $overwrite Whether to force overwriting any existing registered generator with the same name
[65] 	 *
[66] 	 * @phpstan-param \Closure(string) : ?InvalidGeneratorOptionsException $presetValidator
[67] 	 *
[68] 	 * @phpstan-param class-string<Generator> $class
[69] 	 *
[70] 	 * @throws \InvalidArgumentException
[71] 	 */
[72] 	public function addGenerator(string $class, string $name, \Closure $presetValidator, bool $overwrite = false) : void{
[73] 		Utils::testValidInstance($class, Generator::class);
[74] 
[75] 		if(!$overwrite and isset($this->list[$name = strtolower($name)])){
[76] 			throw new \InvalidArgumentException("Alias \"$name\" is already assigned");
[77] 		}
[78] 
[79] 		$this->list[$name] = new GeneratorManagerEntry($class, $presetValidator);
[80] 	}
[81] 
[82] 	/**

Backtrace:
#0 plugins/MyPlot/src/MyPlot/MyPlot(1275): pocketmine\world\generator\GeneratorManager->addGenerator(string[22] MyPlot\MyPlotGenerator, string[6] myplot, true)
#1 pmsrc/src/plugin/PluginBase(94): MyPlot\MyPlot->onLoad()
#2 pmsrc/src/plugin/PluginManager(259): pocketmine\plugin\PluginBase->__construct(object FolderPluginLoader\FolderPluginLoader#51, object pocketmine\Server#10, object pocketmine\plugin\PluginDescription#22964, string[55] C:/Users/nhang/OneDrive/M..y t..nh/FLOTV/plugins/MyPlot, string[55] C:\Users\nhang\OneDrive\M..y t..nh\FLOTV\plugins\MyPlot, object pocketmine\plugin\DiskResourceProvider#23121)
#3 pmsrc/src/plugin/PluginManager(398): pocketmine\plugin\PluginManager->internalLoadPlugin(string[55] C:\Users\nhang\OneDrive\M..y t..nh\FLOTV\plugins\MyPlot, object FolderPluginLoader\FolderPluginLoader#51, object pocketmine\plugin\PluginDescription#22964)
#4 plugins/DevTools.phar/src/DevTools/DevTools(70): pocketmine\plugin\PluginManager->loadPlugins(string[49] C:\Users\nhang\OneDrive\M..y t..nh\FLOTV\plugins\, array[1])
#5 pmsrc/src/plugin/PluginBase(136): DevTools\DevTools->onEnable()
#6 pmsrc/src/plugin/PluginManager(425): pocketmine\plugin\PluginBase->onEnableStateChange(true)
#7 pmsrc/src/Server(1299): pocketmine\plugin\PluginManager->enablePlugin(object DevTools\DevTools#22899)
#8 pmsrc/src/Server(966): pocketmine\Server->enablePlugins(object pocketmine\plugin\PluginEnableOrder#22889)
#9 pmsrc/src/PocketMine(293): pocketmine\Server->__construct(object BaseClassLoader#2, object pocketmine\utils\MainLogger#3, string[41] C:\Users\nhang\OneDrive\M..y t..nh\FLOTV\, string[49] C:\Users\nhang\OneDrive\M..y t..nh\FLOTV\plugins\)
#10 pmsrc/src/PocketMine(316): pocketmine\server()
#11 pmsrc(11): require(string[85] phar://C:/Users/nhang/OneDrive/M..y t..nh/FLOTV/PocketMine-MP.phar/src/PocketMin)

PocketMine-MP version: 4.0.0-BETA5 [Protocol 465]
Git commit: b65e89b605aeba5f7958d3cbb6db47e766cd6f9f
uname -a: Windows NT PC 10.0 build 22000 (Windows 10) AMD64
PHP Version: 8.0.10
Zend version: 4.0.10
OS : WINNT, win
Composer libraries: 
- adhocore/json-comment 1.1.2@fc2f76979f0a44a5f5bc2a2b600d0762fe0e78e7
- brick/math 0.9.3@ca57d18f028f84f777b2168cd1911b0dee2343ae
- daverandom/callback-validator unknown@unknown
- fgrosse/phpasn1 v2.3.0@20299033c35f4300eb656e7e8e88cf52d1d6694e
- netresearch/jsonmapper v4.0.0@8bbc021a8edb2e4a7ea2f8ad4fa9ec9dce2fcb8d
- pocketmine/bedrock-protocol 2.0.0+bedrock1.17.30@faff7da904e68f69b1a9128956dac3122e87308a
- pocketmine/binaryutils 0.2.1@8cd078e2426f8100331f2d73bef10f481dad6cde
- pocketmine/callback-validator 1.0.3@64787469766bcaa7e5885242e85c23c25e8c55a2
- pocketmine/classloader dev-master@80226e0917be79ac3230606113e25134a31e6a85
- pocketmine/color 0.2.0@09be6ea6d76f2e33d6813c39d29c22c46c17e1d2
- pocketmine/errorhandler 0.3.0@ec742b209e8056bbe855069c4eff94c9734ea19b
- pocketmine/log 0.3.0@03ab1316da0b1978a7a1c8dd73e1c2a973cb62ec
- pocketmine/log-pthreads 0.2.0@6be3445c48c62eba3922f987f000bb20c81d161f
- pocketmine/math 0.3.0@83ec067b12c066fc61d9fb129daf7e61ef3b1d63
- pocketmine/nbt 0.3.0@98c4a04b55a915e18f83d3b0c9beb24a71abcd31
- pocketmine/pocketmine-mp 4.0.0-BETA5@b65e89b605aeba5f7958d3cbb6db47e766cd6f9f
- pocketmine/raklib 0.14.2@e3a861187470e1facc6625040128f447ebbcbaec
- pocketmine/raklib-ipc 0.1.1@922a6444b0c6c7daaa5aa5a832107e1ec4738aed
- pocketmine/snooze 0.3.0@fe5b1dbf0d6267da882d1f67924772bd93db833d
- pocketmine/spl dev-master@b7a8904f912c1f6d38ad867ff1120614ccb80171
- ramsey/collection 1.2.2@cccc74ee5e328031b15640b51056ee8d3bb66c0a
- ramsey/uuid 4.2.3@fc9bb7fb5388691fd7373cd44dcb4d63bbcf24df
- respect/stringifier 0.2.0@e55af3c8aeaeaa2abb5fa47a58a8e9688cc23b59
- respect/validation 2.2.3@4c21a7ffc9a4915673cb2c2843963919e664e627
- rhumsaa/uuid unknown@unknown
- symfony/polyfill-ctype v1.23.0@46cd95797e9df938fdd2b03693b5fca5e64b01ce
- symfony/polyfill-mbstring v1.23.1@9174a3d80210dca8daa7f31fec659150bbeabfc6
- symfony/polyfill-php80 v1.23.1@1100343ed1a92e3a38f9ae122fc0eb21602547be
- symfony/polyfill-php81 v1.23.0@e66119f3de95efc359483f810c4c3e6436279436
- webmozart/assert 1.10.0@6964c76c7804814a842473e0c8fd15bab0f18e25
- webmozart/path-util 2.3.0@d939f7edc24c9a1bb9c0dee5cb05d8e859490725

Loaded plugins:
DEVirion 1.2.5-ALPHA12 by poggit, SOFe for API(s) 4.0.0
DevTools 1.15.0+dev by PocketMine Team for API(s) 4.0.0
PureChat 1.4.11 by 64FF00 for API(s) 4.0.0
PurePerms 1.5.0-legacy by 64FF00 & ProjectInfinity for API(s) 4.0.0
SimpleNPC 3.0.0-snapshot by brokiem for API(s) 4.0.0

----------------------REPORT THE DATA BELOW THIS LINE-----------------------

===BEGIN CRASH DUMP===
eNrtW2lz20aa/iu9VGojzRIULuLgrLNWJHniWjvSWvI4taHL1QAaJEY4GBySman8933e7gYIUrKT
bFK1+8GZKQtodL/32d385ySt6oK3H+5F3WRVOVm400mbFWKysDzHdQJ77s9noWf6YTCddBv1yZwF
3hz/D915YHkmluS8aS/ruqoni39O2u0Gkya3+KPGppNCNA1f0eimiu9EW2SlWC4fqjpPlsuVKEXN
26peLv/WP77mJebXiwVPkmHw+GTBzupVV4iyZUcOO/5qU4tGtH/neZbQhBNWdE3LIsGqlBEZ7Dyv
mq4WUxZVVc5W2b0opyzmeS4SlpXsfLFcvm3A+3JZrnm5Wi6vSnFRY9py+XrZmaawtqyVD0m5Xi5f
vLq6/ftyucm7VVZi0evtdV61y2VTx7sX9Xe2WW9YVbIcrDLL9ucQQ9rl+Yssl3JY83pxenq+OJX4
TyX60x776WPkpxL36bWU32sANV5fzwjKKZCfSlGeDpI8PRQkUUMEaOQFrfkt67CGGJgsfBuGUfMY
jz9OjkymRXCqmJWw9KP6c0wsQ1+/T9/GN3v6bto6K1c/2vZ7ti/cYcqU6Tnee1ZsN/g0ZW3diRMQ
fmSxHaOK3tNr+edb3ojj0AV5+2CNb6ryVcWTY7nc/tRyTeyxPQ8POFTTlssdGuObDx/iqgSVXdwe
V9E/RNyyF1WeiFpNInwCong8djS3pkyvGCO5ETXc9cgyn/y6T8KFaOI6g99W5ZFth547CGw+f88+
aX2zGSxvNhusbl/bBzA+40IDnE+5zmdZuMiauzeiqbo6Ftd1dZ+RUGzHsi2pH+fX9OOEwWf1Mxhd
VraiLnlOclefjv98Dv+Y0n9FrVIg7uCVF+L+FgGv2QWIfmR4OPbN3yacfBBK00vFDf/3UpkyXtd8
+6P1XtI8/6yPWo4HInuSYRH6iRz1suRRLpSrer9mCq49/w2u2gO9aXkrzokrcTxEE3+EQ7kgYlwY
/jYhCglX25ZW72O2oMsAEAlb8Bhb6HkHyNSHfejN8a9aj2LyqpbuZAeBwhiOMO6yzLEdOp/A+kRg
IzGeoxhotDHbT9py12bE9WtORr+CfI6cIaS41u82rd3aP2CWKmGYT8vAsQ4l3yiVqFU6zxxbFmbV
4qcuq0XvKgECyK/l+sNo+4kcPwyfTN7/Mp2IL/XWr9Zbf6DcgYQV2g9ZeV/l94KkAGBZmUC9cYup
cZUIUoDnYHzZsr+w5xte84Itl1oO7BP/HQqSnUNEEY/vWFuxezUq2EAnq2SobxiqdVaKByb5aECC
5x6glnL/zH9fVbDbhzoD+Hdr0a5FTSgBN4YS9SfYLePllomPWSNfarHCk6ihxB1ND1m7ZgDAGl4I
VuIfomeu6aFnb0fbetO0vDQOxKOd5IQt2H+8LCXfg0auFMuXH2Mhnx7JjDD4I2zBJ7DFFI8Mhenf
B/DfsK/kB1oZ7qD45gClXdfVQwNiNWW9JwwU0XRLTz+lF1u+bLooz2KWdmUs6X6iotW4+8DFviLp
TUdmc8ir9qeR8p6xlOeNINHdV1nyT8KvzHDZvqX4uli0olEQXpYkjlgc92gHehYLOXLyV1pOpkR/
5xpMlh7/ywgjL+HCDag6/qpdZ0jBOWziR0k6qAEnbZVXDwiKcujk/cmJJMrT0JatFKg030/L9Hg5
OcszTmJfTiQgegBexvNa8GTLQG62KkWynCiqfQ3/F3oJNAuhHnxE6XuQShQcOv5l2dbbQT6P4hxh
CpRpEJ7AUngCpfHTv/xl8suX9uhLe/SlPfrSHn1pj760R1/ao//j9mg6UVk0p/JclqaLyd4yEBZB
Gbt974k7M2em8e3l7Rl1DlGX5clkYZuWPZ1kzYdE3E8WsuJCW1BXbRVXgO16c2DKqC2IvLkIwsgz
51xEfJ764TxInDiKvCRyfeF7Xpx4aZgCdqcJeodWgirM72/Z9TmzgJ5JtMy2TdNkx/13yzxhZ68v
UOoD93qDlQFotUy8/izKRNMu3/H5Q9UQ7Jfff3+LAfnykJWyWyk2FQT8Ic+imteZaEg4PFmDl1qc
/qOpSgNzdJtjzayZ/TyN7dT3Qj9MTe66YGsexTa3waaZmL5np8IUfiB8klidxXenBW/XWG3Owpnz
POZzP7GC1LSDNHBT3/cj2/KCOLFCy4rMRAjbcR1OfUPCoQlUmFVxGutWyLgfKv0FZHZXVg/lc/2X
ertVXaEaPQXLvCmpILu3Z87MfG6bCDum48TOPHUddJJQjSd8EYggiNO5nViJ54UuYS1FS4Uer+O1
5L/gm40gdPfSGp4HURSbtsUDkUS2cLkvuJ0GPHFTHoo4TGJhp3EUJCT5wfpPI5HUeDN2djKxCdy/
6Q8QrT9zzOcpT1M/4aHpCi9IvTCyeGghws29hMdI47YIfMcM+AH0rOT1VsYIKWh7Zj2HSE2owXZt
Lw0sE8xbqZ34TiRSy0zdwEp4AvsT+5CeFLQFSp3nnusHvgvFe14Uc/A9D4I5wItgHttObMPW4/mc
2wcAKbTlMrQBElzGKDi1jc8D07Y9YYaWHwk/BHO2Y3qmZ1mOsOeW43LHEh4P5gfg0E/UmkfzuRlG
whPcS3wvtYXjJF5gQcdhYoexbceuF1u+sJIDkuQmCeJJkgsFiixExL5rR7YZisCce1EEruamF8au
SNPQjUPfcQW3wmgfVF6tBgimwyMLYS/hZmSFfsB9bsVBApELCw4CCHHk2SJ+BMHYoAtCH9MMfHmR
cFx3HrtBjBURd0LbTsPATxEDIhAZQ3uWZ6X7oAY/I2oCR8Sm50eWjT9eGntWEqZ4CxOe+sKzROpE
MHpnH0QZtQOEMIhdbroRdBpacwGfDZzEicwYQo9sGL7FozhxrH0Iu0ej2OyH0Oe/Ix6OINb8DtFJ
kmW5iD/C4QHMBLbom8JKeRx7nj03XYTlIHUBBw4a8UM5KyhGtokVJHgIhMo913XBkhfD6Tif0/8D
x7ZMmI2IXd8JuDjw5Kasqp/FIKVUzCHHKDUTz/YAJAgQTFLPD23X9+0oCZ0kCmCZB0A2+b43RD4P
4PQpnD3G8gSIk8Dz09SybDiFGyOkmJZPwq550YgteUIu5G6C9FAbkonxn+8KMReOHZiOFVlzzzWj
uQWLFgKihqS92OQ7IF2XqVyBMInAHkaRn0ZzJwi80EphubDZxHWTOHJhKpBrarsJqQcRcgPkpypj
Z2kmdk4pYDCpE0Ny+B+3eRTNU+76fB4gZoYeAi7CRTQPR2B0sFG82JIYN0aMBf9xyF2Yn0feY8d2
4Dqh54RWKDwPIdKmLFOvu6LhvGfmcVpotkValVvYZr5Nszw3Yr09eg+5kRIRKJJw7oe+CJM0dII0
SezIdLwQdKbIWMKDkVixeApWESkhDOBgWJaP8JUgwllmEvMApuWnCL8i9ubgBS4seASXfAocUpfc
VOhhWRS6XUckSAQIcRzEhVwgEaQxshhSp2nPXYTQT8GyRmxCZpYVpk4iwrlIkQtDN3AoOcRu7IBH
B/IM8S9gPYioqH7mdXuK8C1qnf0p/3lonWIfDhOYSCIuD1xYuiMQk9LEmkc8MlMLaWe+B2SD0GRQ
fpL6JVrgGCECURLbCK7ciqIwpuQ/jyNzniAtg7bQ9AHml2HTVdYmF5d/z2ppKEMRNwxNJ7vSjTxi
bpy9uv7uzKL4z7t2XdUNbcVsUEBntFd7c/VCUF3INxmNy1BF76o3SIbiLhEb1FS0Fh+bKm0vxgMF
anK5qU5Ql8t7SctyCefWTyP6KBFi7s3t2Zvbt9dKRE3WEhe0W9Q3NWPm+qF95qw5agcqQPc425Wz
7Fbw4rO8UZP2G1l73HV9npV1224aVO+Qx7qLZiggR/X50E0Tw9ddTU1jOy7J+6F9ht2ZZe0z67kv
Xpjm79OfhH4t6qKZPOJ38oLLcNpc1xUw/QD9VV1zfWn045OdRD4o5OgONbW7p51orq9ubt9dvXl1
8avCIaL0NsQARktHEbsvHjW2Lx/Yg5GLFY+3T0mJ/SsDV9RVvizTrMza7Z9m93uikJSNHv8EYSg4
kMZNVmxy8f31+Ugau7GxNBxZczQl3zTrqt2XR1RXd5ko/jT2NTy0t+UmRqM/Iuj3cq5Bne5gyNhH
BxYCNcKBh/d9rjRk2VrP0FygVWllFzc5uh7e2HkFra8YHX0t62V5dMNbdhW3zPKY5S9Md2H67N3L
bxnaJIsm5Gi2O74Sz0S5oveiapNndAKHPLbs0tT25L+x/FeOOK7816PZihpjU9XtM3R1jk2DD2vw
bdCm+zOJouAfjU3Ot+DrmWXSyApsFlUi1Hd5+mQMY1Wa0ij4Tagz7d8395tnCLF4SrI0zeIub7fP
JL5hx9xoREsHVs0zyZm4F7lB1vNMbWcMY40QyWgKVQjPLi5fnL19dUujyjiMnzpRb3vsMKvKaNCl
ahruM/FgJJk6WHmm+P4YVR8Nsj89Z68OnG0LyohHjPZ1WCy11NWyEJLKkmd7eyqH8tjtGv0p69li
vBbyyK0qoekWoYPFvCwreQSblXHeJeqc9ZGREKybqlAHtY9hNjwVU1bRcWBDIFmEJuWObauu1rBY
ljJoh8o/wgDF0CFoviXA34uHAdxpIlIO1TTsoSq/bhl11LxmJD70LBn1nFuikA5mFN8Pa1GybrOq
eQIAs2VJVqWALZYlY0ejc8oGPskAQm9pQQY1L5uctyBKfpak5hXQgFU8iVbKixJ0LJhqBGmkIMjK
7noHWKgTNfrQrLs2QT1p6HP0BVtOhuPpeL3sLCF8hgHLsuSwM3pJHTjSRFJ+lufVA8v1KaqubNh9
xtl/kW3RHGlkhv40IuFI7ULqRfLwjZyBQaWQGoGLtkzLmuZrmx0+j0G9Q4EIk4HgeZIwFOJKPyR3
aOSOFYLTqaM85odWIkFUQ3rip47nJFd5jk/n0p1gxxopAsgJQVcYhVELCgIG9EJblgt8lri/74oI
KoHZnTXbMr7lzR2dXt/B0GZywtsGuiPb7zmlaeu6KpGQWYvpzVQdd/dHz3CYKaPNLDDSyANWyAbB
lsaKroSJ0RQF/Ebqn04PN6DzYwYTFBADWJKmXQ7EkWw1QS9TMmaaQ0Y7ZVn7NcTX1nJZgugcK5s6
WMyOwUMHx7KlWCQbhuZ0IUEdGjOX1lF3ZUnqTCgUVRupBLkN2MxoC1w/syJbreHtNW/W07F3assh
idR1t2nVqBIYCaYAbZovqVx4rdzjS5THcDo8BtlPU0A2QjZXQdCwrtnI0KifVZMGS0OgRwCvt8pr
/5ZXEayHcilT43CEImvJ+QsUL9G2hcTZjRK1KYWbNQRbLr8lrT1kUvLSouDVD4YC1BtZIzlMs5oO
pxmoLyWstBaiR6mMHNrqyI/ZqoKi6EhbWgUhWkkyDUnagpnEBbDLGK12av7fc0DFyefopzz6x+hv
2mqjbnqo+DqQpME1DOFjQ81jMhBEWHuqLNN2NWEyCLyTXqHpa77+EyiUfiFJoojB4g7ZqUR2YuKj
iDsZfStFsvJIymbDbPExRj3Q7DhSgevq9nLBbr97ecNevXz98padXV+/enl5w64v3zDUeP95+WbK
MIndXmHWJXv33dWrS3b95ur88uZmdhgC9uRhzz0tDhS8WSUzNgXihhiM10KGZCmNIdhakD1qhkTG
FjnFQCgUKsxKUKj7wCcCNKyJ+P2UsSkjQ4lGGbKkaRqZhKyAIPTuAjk1jxrHFeUQKgTkgtnj2WQL
urSG2jYipnpBSZbIVXpVawceYF5i0+xYdUzNa3PyNEmac0dzvuJ1BM8wdptkMgA9LV3pakSOXsX0
KsTugpedrE7GlKBy62CDJ9M+JxwaYW+GKr2mKWApfoudC87YlYr5yuBRXlRdngy0ZEgiDyXb0d8o
wBtJPhj1TFPzCmwvZLB4lCSl6SgIA29pXRV9slWr9QxjbJpjDRM3WpOPbIM9YVJ71nHTV5SkshqY
yAy1ISddsVHll6rxmP5g0IdeXxc0SS+QtEsyew7whjQPZ+dPCBhJG4kPGO4FXVLqRKPupzVi1Zej
FLQI246qaa9IVSPoqnOmqKGpn5QTdTTxuivvmp72c76h0azoCuRYpNea9d0BKZKp/kdRsZMr+YsW
pfSYxzaGanyjKZIIDSqTOyRdd9DYRaU+Hdo01UYU9RR8Nbl3IQVLTxxzJisHI+bwz4G3C5AiaxWU
jyQ9UKcKDAVlw6lpYWqN4nDHHZZpeSp+esw0ucerBJhTn6Dhfh7U5+xwWZaiJYUtdIpAabauclVi
RryN17IUlySjaoIJ6SQjY5tqjfRXlVoiMRSbKr0djbXUf6KwWm9bAj5lhjVSoFSeRGy0PTE6Bcio
vatjZTNKJWSiOKdmRxb6tBiDmqwZ+w61IGzpmSzu2Pn12ynWgoYI/vWQJTB7WSuo6DnANyT8BfP6
sntXkauLpaO5M3aWIFCteZ6eotdUbUIiYMMaFZAy2vMgAxs54i7tjYDtdTUfKapRicnzGSMi3l6X
132xvesQqZcgoh6QNmlhtyk3hn4/6G5ea69rsp/FoE8qy3s1NpTwdMmEsl2Zxyi1uqGtFp3M2LVe
k/N6JRdw3apqW5AY05qviAXoBGJrNrmsWKj/LOimM5yd16Sn8zzDLNVQ070H0bTs9e1bSWkDlojt
qGsZNfBSlTt0qrmY9bGmaDuDVi0kteP+UJRxvVUXZMEy7RygFkLB2rOJBpk2S2ZMZqk1pyKAZQVk
05LuoA35C0CEqamkBUq7l0SvSRKIujIQI0VzGc4bpVJVSmBuq22UOBFqA0GHOt1NXVzJIuni5c3Z
t6iPZD3VldKGKGB3FCkpTCaqSMjIGPWF62Tcb+z43Pl6IqJuteibtm+YRc2aLlnXCFfyO9M9fKN2
Hciby6ZSyVt7hEXAFNUK2vm6qhq5M9H3aqLvxmUUT3jLWcPv+2xB+0J6h8ugb7vARoTJ3XdVtOlN
m39UWal2BKSkvmY/RNVH8vyavbxgxz+8fXlxAr3D7UED5j9AbaQY2qSGc1APVydaPqr8gDdUO92V
8PYfvn3Vw9f93Wjka4mMtsZk4SDVq0sRyVvVbyHpNDra2UpTiRbfsnRrfOyyZKeQfndtvHtzK7df
lKupH5sqGci52q+6Rm8DxQgirQqzeo2h1izU/CQiNCqF6PCosVAOpAtpfY9S0rL8MBVP+1l723dP
7pgp4Z4VVUfRI1W5TgcTiKwXLeV2io5yKwTqp2eZnLH4jUzVo8WS8VKo1jsSClgkUvL9ZsMfpFGQ
jSro0rRoeD/pK/YJ0cA+YiDjh6SCl1hmLSaQT5+i0nyaTF4DUsJ4b+4gtl9MfwdqnIMdniivYum+
TZaonCF/SQCdwuCaLhpLYUVJFDNEolKnfBlSm9xq0sbB41jkQnYKyrwl1jy7Awrqk2UkyjlYX9XV
Q7tWcQwoOFsraKMgB+9vWpWSJbEGSaMnzdiJRrH28qIZ8UVhmjSvoDF1XWlgU2859WWOXLOnJMAz
mM2OQCZa5Z0id9tagy5nj5Wpg9cDVz/PQDJBq6esaFNturx3G/1C+V7O0WnDsQmhbIOIS4mJMi5F
LpQEusGQm9xqI2+hSx3ad5TNtRpWlYK2LBCyi9DJLuiRZxr045iDoSEw7A9v1qjJ02qU0xEPDHVo
MsxcQ28LRcpsUxSbWVZJihHqtgU1h3DlljZa42ZHOqUp/Z3tvksWZJjjq1UtVnpLUe8/qm0Wust/
d8ifpA+x5uriii4yGjopqPqAwteDUB0Il78xIIyNJHzHgBybjU4FkKcHyXcb+tmPUs4joUKh6rs2
JlRCdF9P5rJRvjmnzXsx3subIjls1hxuISiy10RDX5ciY6SiRu9hUFwsKRmqr33uUpmD7+0N6sO3
UbLtUIOjtpGxtQ9hGqDUsvre43ikVcXXWK1tVuwyiM7GBJTmk9VTwiAtUhgnhHLTUy/qN7hnOwT6
yxhDL7nP53udTJQmlQeM9pI0DIBvtTz7XaO1HlQhrh46CR0daBMezVoiy6AsHQDRjbeuVkcyFG36
rRQVeQFPR6c+33L6qYzu01BaczpL1G9UAIFGratFrzT1DTZKe3oL9qOsXFC0TuUm33sCqn5bNiTv
8VGRZIMq6VoG+PX4J2q0P/JUHpXxWbaPjewYZPsN/WSgVRcBY/IVXkmDemR0WEe5SuXUHcYFe/Hq
7FYNqt/roK36q75jOZ2HH8FRKabOxySr26kMun/VlZ46bBlvWignpkQH0eo9Rd5pq1Nn7Uzd5aaf
Z6m423dq9XBKI4MK4CAdxfKYrOnlZPRHPDABVdYfvZDRRKKS8/eAyLpYj3wYjRiyvhwVfuqXgeqn
eo1ucuM7apMa2dAhuEUZGpStKuSGn/Rl9JuwXGUK5SqKSwkfldHQUk+mE/ERZb4s++k4/hzVyvgO
chTry4jDCJ2+lQmv98aq4kNStQh3e6P6ctZuoKvz8TsFhvF7muWt2AO8KvZuRKPD2aMlg2/djwfo
nu/4fXSnazcGP5ez6PIg3SiSHQpkOp60iffl8Eaku0t6w2gjQ32zP4TyqRiP3Fy/2kO/bX7K5cVu
/cSGT211J0pk9D0RbHmR68t0dG/m52yj7g2FM7ry+bO6UTnMxuvHYl/IFVFjm6ZjWTbd1bu+uNrj
NKk+SEoOBzGU7esHXl82zd5EdcXhh9d7LB5QgFfaPthnC4Pyl4d7g6P7sw7xq+5FXa8PrI2KJnlH
2ta3N0kw2UpdntZr6T697ir6K560lNrMSg/YSl7oRXJliGQQ2g4FFS17lpg8UmK2p3cpLWc8hE6u
k3F51Snr6uH/NxVeV9dyI2y34Jdf/gfbwkyW
===END CRASH DUMP===
