PocketMine-MP Crash Dump Sat Oct 16 17:14:51 WIB 2021

Error: yaml_parse(): parsing error encountered during parsing: did not find expected key (line 132, column 4), context while parsing a block mapping (line 18, column 3)
File: pmsrc/src/plugin/PluginDescription
Line: 92
Type: ErrorException

A PLUGIN WAS INVOLVED IN THIS CRASH
BAD PLUGIN: DevTools v1.15.0+dev

Code:
[83] 	 * @var Permission[][]
[84] 	 * @phpstan-var array<string, list<Permission>>
[85] 	 */
[86] 	private array $permissions = [];
[87] 
[88] 	/**
[89] 	 * @param string|mixed[] $yamlString
[90] 	 */
[91] 	public function __construct($yamlString){
[92] 		$this->loadMap(!is_array($yamlString) ? yaml_parse($yamlString) : $yamlString);
[93] 	}
[94] 
[95] 	/**
[96] 	 * @param mixed[] $plugin
[97] 	 * @throws PluginDescriptionParseException
[98] 	 */
[99] 	private function loadMap(array $plugin) : void{
[100] 		$this->map = $plugin;
[101] 
[102] 		$this->name = $plugin["name"];

Backtrace:
#0 (): pocketmine\errorhandler\ErrorToExceptionHandler::handle(integer 2, string[161] yaml_parse(): parsing error encountered during parsing: did not find expected ke, string[99] phar://C:/Users/nhang/OneDrive/M..y t..nh/FLOTV/PocketMine-MP.phar/src/plugin/Pl, integer 92)
#1 pmsrc/src/plugin/PluginDescription(92): yaml_parse(string[2645] name: MyPlot.main: MyPlot\MyPlot.version: 2.1.0.api:.- 3.21.0.authors:.- Wiez.- )
#2 plugins/DevTools.phar/src/FolderPluginLoader/FolderPluginLoader(58): pocketmine\plugin\PluginDescription->__construct(string[2645] name: MyPlot.main: MyPlot\MyPlot.version: 2.1.0.api:.- 3.21.0.authors:.- Wiez.- )
#3 pmsrc/src/plugin/PluginManager(300): FolderPluginLoader\FolderPluginLoader->getPluginDescription(string[55] C:\Users\nhang\OneDrive\M..y t..nh\FLOTV\plugins\MyPlot)
#4 plugins/DevTools.phar/src/DevTools/DevTools(70): pocketmine\plugin\PluginManager->loadPlugins(string[49] C:\Users\nhang\OneDrive\M..y t..nh\FLOTV\plugins\, array[1])
#5 pmsrc/src/plugin/PluginBase(136): DevTools\DevTools->onEnable()
#6 pmsrc/src/plugin/PluginManager(425): pocketmine\plugin\PluginBase->onEnableStateChange(true)
#7 pmsrc/src/Server(1299): pocketmine\plugin\PluginManager->enablePlugin(object DevTools\DevTools#22899)
#8 pmsrc/src/Server(966): pocketmine\Server->enablePlugins(object pocketmine\plugin\PluginEnableOrder#22889)
#9 pmsrc/src/PocketMine(293): pocketmine\Server->__construct(object BaseClassLoader#2, object pocketmine\utils\MainLogger#3, string[41] C:\Users\nhang\OneDrive\M..y t..nh\FLOTV\, string[49] C:\Users\nhang\OneDrive\M..y t..nh\FLOTV\plugins\)
#10 pmsrc/src/PocketMine(316): pocketmine\server()
#11 pmsrc(11): require(string[85] phar://C:/Users/nhang/OneDrive/M..y t..nh/FLOTV/PocketMine-MP.phar/src/PocketMin)

PocketMine-MP version: 4.0.0-BETA5 [Protocol 465]
Git commit: b65e89b605aeba5f7958d3cbb6db47e766cd6f9f
uname -a: Windows NT PC 10.0 build 22000 (Windows 10) AMD64
PHP Version: 8.0.10
Zend version: 4.0.10
OS : WINNT, win
Composer libraries: 
- adhocore/json-comment 1.1.2@fc2f76979f0a44a5f5bc2a2b600d0762fe0e78e7
- brick/math 0.9.3@ca57d18f028f84f777b2168cd1911b0dee2343ae
- daverandom/callback-validator unknown@unknown
- fgrosse/phpasn1 v2.3.0@20299033c35f4300eb656e7e8e88cf52d1d6694e
- netresearch/jsonmapper v4.0.0@8bbc021a8edb2e4a7ea2f8ad4fa9ec9dce2fcb8d
- pocketmine/bedrock-protocol 2.0.0+bedrock1.17.30@faff7da904e68f69b1a9128956dac3122e87308a
- pocketmine/binaryutils 0.2.1@8cd078e2426f8100331f2d73bef10f481dad6cde
- pocketmine/callback-validator 1.0.3@64787469766bcaa7e5885242e85c23c25e8c55a2
- pocketmine/classloader dev-master@80226e0917be79ac3230606113e25134a31e6a85
- pocketmine/color 0.2.0@09be6ea6d76f2e33d6813c39d29c22c46c17e1d2
- pocketmine/errorhandler 0.3.0@ec742b209e8056bbe855069c4eff94c9734ea19b
- pocketmine/log 0.3.0@03ab1316da0b1978a7a1c8dd73e1c2a973cb62ec
- pocketmine/log-pthreads 0.2.0@6be3445c48c62eba3922f987f000bb20c81d161f
- pocketmine/math 0.3.0@83ec067b12c066fc61d9fb129daf7e61ef3b1d63
- pocketmine/nbt 0.3.0@98c4a04b55a915e18f83d3b0c9beb24a71abcd31
- pocketmine/pocketmine-mp 4.0.0-BETA5@b65e89b605aeba5f7958d3cbb6db47e766cd6f9f
- pocketmine/raklib 0.14.2@e3a861187470e1facc6625040128f447ebbcbaec
- pocketmine/raklib-ipc 0.1.1@922a6444b0c6c7daaa5aa5a832107e1ec4738aed
- pocketmine/snooze 0.3.0@fe5b1dbf0d6267da882d1f67924772bd93db833d
- pocketmine/spl dev-master@b7a8904f912c1f6d38ad867ff1120614ccb80171
- ramsey/collection 1.2.2@cccc74ee5e328031b15640b51056ee8d3bb66c0a
- ramsey/uuid 4.2.3@fc9bb7fb5388691fd7373cd44dcb4d63bbcf24df
- respect/stringifier 0.2.0@e55af3c8aeaeaa2abb5fa47a58a8e9688cc23b59
- respect/validation 2.2.3@4c21a7ffc9a4915673cb2c2843963919e664e627
- rhumsaa/uuid unknown@unknown
- symfony/polyfill-ctype v1.23.0@46cd95797e9df938fdd2b03693b5fca5e64b01ce
- symfony/polyfill-mbstring v1.23.1@9174a3d80210dca8daa7f31fec659150bbeabfc6
- symfony/polyfill-php80 v1.23.1@1100343ed1a92e3a38f9ae122fc0eb21602547be
- symfony/polyfill-php81 v1.23.0@e66119f3de95efc359483f810c4c3e6436279436
- webmozart/assert 1.10.0@6964c76c7804814a842473e0c8fd15bab0f18e25
- webmozart/path-util 2.3.0@d939f7edc24c9a1bb9c0dee5cb05d8e859490725

Loaded plugins:
DevTools 1.15.0+dev by PocketMine Team for API(s) 4.0.0

----------------------REPORT THE DATA BELOW THIS LINE-----------------------

===BEGIN CRASH DUMP===
eNrtWwtz20aS/itz9FZF3hMpvAgCzDpnx3I2rrMjnaWcU2e6XANgQGKFB4OHJGYv//2+7hmAICV7
n3V1dZXNlk0MZnr63V8Pxn+epFVdyPbTraqbrConS+900maFmixt3/XcReiE9ixYWI5tn066rX5l
zQLXnVtu6Ntz37VtC4ty2bSv6rqqJ8s/T9rdFtMm/PzqPlZYB9qnk0I1jVzTq50s8k9bWTfq5OlS
0I+sXAtFC4Qq46orW1WrRCRdTS/MhKVIskSUVSvSrEyEut+quMWsG7UTJ3lWKmG7zqmIq7wrSuE9
pZ8gdN+Ku02Wq2EfKaK8im9EIbdbejZrg2Gp+xTcpl2ef4dlYHe7kfXy7Ozl8uzHBpo6KzeyXJ9d
lOq8zm7V2dtVZ1nK3omWfyTl5uy7NxfX/3l2iV1U+xbUp28vZ0TlrKnjs23erbPy7JL/OldNXGes
IszY0sZm04Lmfmk+5hLnk2XowGy1jPHzw+SJJVipvHeB96sVKxY8J7mqVyu2y3U1WOZ7/WK51DNO
MuhsrWoBVTYt6f+D7dsfxT/bZgP1MPwo/pKGZzNodzb7qzV7KnopQoeM+cQWf1mfJ5i7HMtpGHR8
b/5RlLJQS/F2d5lX7ayQWdk/rFZm0ETRUjgze2bN5DZbzqbCnTn81LWbqm5o5H2mfsFfzJcjNDfN
2bm6va6qvNlL812VJ6rWbL6pJH4/MnQyD46srQmuVg/km37z6RMiAlJ1cfu/IZz7OaW/lSUSQX3i
WhaYfyjUavVwbPrNWrUPbWbEmEOIl8vVit1ntWL/Wa16B4IUgweBNrlQr6eml5A59r5gjn5k+HGy
sL6oeiPl9JscAuihpufXC/9+fk+FrGu5+2B/ZJ7nn9PytxI+bLs+mOxZXq36X9NvqvJVKSMEPFPx
/5KtPGf+RWlptz3Rq1a26iVJpU7gb4r3WIz2uFI1XOrEdsLwr1OiYrp68KSK/oQ88ohYTxwnAEXa
LXi4W+j7R5vpF4fUm57857nSQl7U8EvaMdA7hqMd9xnqxAndz+w6jkezJ6nxJcppo73+CbLwI9x0
bUZSv5UUHWvo54k75FPP/ptda7/2H3BLnWetx3Xg2seab7RJ9CqTnk9sG7Nq9XOX1UP6Deb/tPow
DD+dfPz1dKL+nyGWvwM4QAt61qesvK3yW1WosgURsAsTxO2kf4+xPsYwFleJIsUFLsZXrfi9eH4r
a3Gp6iJrqE58+PjhI+YF3vAe4KZpZTmleZy//qDteyryrGn/sF/6zTe0cG4WntGDzw9b2BpZRa8W
v9sOKxrxTHz4+DXNXGAm/R3wirPf/54ewj0TspaFcfb/LrJ7lXz4KH5Hxr3iMcwOrdHOoa137qI8
i0XalTHpT4zjdrT66Z9picNLVu3v2k3W6OT/Vm5P/iVrPjHnByvEv40Bx8Gb5ZixpyRdqLX9K/30
tKDhfCRo6B8JOkhobIgpi2FKu6mru0Y88I5LYmUcBWEw1kh4YItBJb2YvXGYKglxW2UJ6cW2rEPF
wJlhNzPza55ha6Fs60iHBE/2cz+sJjSwmsDkv/6GfH9Dvr8h39+Q72/I9zfk+xvy/auQ7+lkrUpV
y5wQHOU/FNuDZWAsgjH2x4ITD6nOmn776vrFnF52WZ5Mlo5lO6cTwJpE3U6WqcwbBbRYV20FVDpZ
ev4cO2WEJiN/roIw8q25VJGcp4twHiRuHEV+EnkLtfD9OPHTMAXtzjD0HkWT4MkP1+LypbCxveBt
heNYFgp9/962nooXb899j5DqZouVAXi1LTz+osrE8M7PeP2paoj26x9+uMYAP9wxLoqrYltBwZ/y
LKplnamGlCOTDWSp1dmfGhQRzDHo2EYlcJ6nsZMu/HARppb0PIg1j2JHOhDTSqyF76TKUotALUhj
dRbfnBWy3WC1NQtn7vNYzheJHaSWE6SBly4Wi8ix/SBO7NC2IytRynE9VyqsTiQsAYhSFWexzPNI
xjeA0XmWyJb6F+jspqzuyufmb2oF1nXVNOoMIsumJFh168zcmfXcsZB2LNeN3XnqoQgpmMZXCxWo
IIjTuZPYie+HHu1aqrZWjZJ1vGH5qflQtN0te8PzIIpiy7FloJLIUZ5cKOmkgUy8VIYqDpNYOWkc
BQlpfvD+s0glNZ6mez+ZOETuX80LqHYxc63nqUzTRSJDy1N+kPphZMvQRoab+4mMXdtxVLBwrUAe
Uc9KWe84R7CiUbKfQ6UWzOB4jp8GQKGua6dOsnAjldpW6gV2IhP4nzqk9KiiqeK7z31vESw8GN73
o1hC7nkQzEFeBfPYcWMHvh7P59I5IkipLefUBkoImWkhGwDH54HlOL6yQnsRqUUI4RzX8i3ftl3l
zG3Xk66tfBnMj8hVObNEMlrPrTBSvpJ+svBTR7lu4gc2bBwmThg7Tuz5sb1QdnLE0hgdMynyEBUv
PCdyrFAF1tyPIkg1t/ww9lSahl4cLlxPSTuMDknl1XqgYLkyspH2EmlFdrgI5ELacZBA5cpGgIBC
HPmOih9QmG7RkyiZNINcfqRcz5vHXhBjRSTd0HHSMFikyAERmIxhPWD09JDUEGfETeCq2PIXke3g
Lz+NfTsJUzyFiUwXyrdV6kZweveQRBm1A4UwiD1peRFsGtpzhZgN3MSNrBhKjxw4vi2jOHHtQwr7
n9Nie5hCn/8N+XBEsZY3yE7Mlu0h/yhXBnAT+OLCUnYq49j3nbnlIS0HqQc6CNBIHutZU5lm21hT
QoRAqdL3PA8i+TGCTso5/T9wHduC26jYW7iBVEeR3JRV9YsatJSqOfQYpVbiOz6IBAGSSeovQsdb
LJwoCd0kCuCZR0S2+WE0RAsZIOhTBHuM5Qk2TgJ/kaa27SAovBgpxbIXpGx0uI3aUSTkiptQjlAH
monxv4Wn1Fy5TmC5dmTPfc+K5jY8WimoGpr2Y0vuiXRdpmsF0iQSexhFizSau0Hgh3YKz4XPJp6X
xJEHV4FeU8dLyDzIkNTXnemKnaWZ2gelgsOkbgzN4T/pyCiap9JbyHmAnBn6SLhIF9E8HJExyUbL
4jAzXowcC/njUHpwP5+ix4mdwHND3w3tUPk+UqRDVabedEUjZS/Mw7LQ7Iq0KnfwzXyXZnk+jc3J
1y30RkZEokjC+SJcqDBJQzdIk8SJLNcPwWeKiqV8OIkdq8doFZFWwkAOjmUvkL4SZDjbSmIZwLUW
KdKviv05ZEEIKxkhJB8jh9IVWCNaNqVuz1UJCgFSnARzoVQoBGmMKobSaTlzDyn0c7TskZjQmW2H
qZuocK5S1MLQC1wqDrEXu5DRhT5D/Aladyoqql9k3Z4hfavaVH+qf37oe/ECARNYKCKeDDx4uquQ
k9LEnkcyslIbZWd+QGSL1DSl+sT2JV4QGCESURI7SK7SjqIwpuI/jyNrnqAsg7fQWoDMr8NZHWOT
4TRuD+JGB3R76AZu5yivhNFOJ6ZdpdOSPeIT10oWBAvR2tIbzlT0rFsDuBL1MYAhagtERYvxrqnS
9nw8QL3ziId9Y0KnjSh7eHd1/eLd9Y+XWiFN1hLPm7bdNgC4AIqbLpoBY40g7NBwauHpTEshSRzx
3wNdYllj6xnQBbBKyzBu8uRyeBIvqzLN1oKOSlf1qnxyJVtxgRbD9oW9WFre0lqI96+/FcBJNk3I
gbY7tGHPFNoBPBdVmzyjz7xw5FWXpo7Pf8b8J4+4Hv/p02zNzXRb1e0zwDrXocG7DSSf0qHnM96i
kPfTbS53kOuZbdHIGmIWVaL0+7SqYzUdxqo0pVHImxA07Z+3t9tnVUm/kixNs7jL290z3k+DfQCY
aaPaFgHaPGPJ1K3Kp+Q5z3Q/M4w1SiWjKZQinp2/+u7Fj2+uaVR7xfTnTtW7fnf4VTVtAFMND7eZ
upsmGR34xuqZlvs+qu6n5IBmzkEhmO0KCokngho7OgWHlbqaMyEbS0AL4sDkMJ643gCgil4sIWsl
2o0SVQlLtxuYNpYlncBFSmRlnHeJSvBDPHASonVVFViZEoFjmo1MFZpRvKkbIikioJQbsau62tAS
WSpgHcr/tAMMQ4fn+Y4I/6DuBnJniUolTNOIu6r8qhUEqek8HOoDaMkIdO6IQzr21HLfbVQpuu26
lgkIzFYleZUmtlyVQjx5v1HEmGgr7FImAiRMTwsdoGtocknHjvyaWc0rbANR8Uu1rC/khixWQiNB
GimIsva7PgCWghs8etFsuha9Vzk1n0eWYjUZ7kDEm1VnK7UQGLBtm4fd0UPqIpAmzPmLPK/u+PSf
j011ahO3mRT/Qb5Fc9jJpubViIUn+hjCLBJgXFAwCJgUWiNy0U4YXdN847PD6zGp96gQcBkoXiYJ
WvBG24f0DovciELJpqv5w4iAVSJFXNPR78+dzEmvazTipUDp7pQ4MZsigTwl6npHNa0VJYEp7EJn
Fku85r1/6IoIJoHbvWh2ZXwtmxt4Rn0DR5vxBDT9Cft+LylN29RVWXUwL6Y3p7QAfbEJcwQMfRUq
thCEKgDrBumWxoquhIvxVRMmfsX2h0xww7q6z+CCCmqASOza5cAc6dYw9DolZ6Y55LSnImu/gvra
mpclyM6x9qmjxeIEMnQILIfVwmJMjaRLJnXszJK9o+7KksyZUCqqtmwEPgdoZnQGZn6LIltvEO21
bDan4+g0nkMaqetu2+pRrTBSTAHejFxsXEQtN/mJjhhJHy/A9uMckI+Qz6HTzuBds5GjEaDVkwZP
Q6JHAq93Omr/mFcRvIeqqNDjCIQiayn4C7WW0a6FxsWVVrXFys0aos3Lr8lqdxlrnj0KUX031YR6
J2tYwjQDi0hZ4L5kWmmtVL+ldnJYq6M4FusKhqooR5BX0EZrZnPKrC2FRVJgd87RulX7Py8BwZIv
8U919B/jv2mrLbNg8uvAkiHXCKSPLaHHZGCIdu25si3HM4xxEnjPUWH4a776J3DIccEsUcYQcYfq
VKI6CXWv4o6zb6VZ1hFJ1WyYre5j4IFmL5FOXBfXr5bi+vvXV+LN67evr8WLy8s3r19dictX78T7
i3f//urdqcAkcX2BWa/E++8v3rwSl+8uXr66upodp4ADfThz36jjUtVZxRWbEnFDAsYbxSmZtTEk
Wxu6B2ZIOLfwlClSodJplkkB90FOJGh4E8n7OWfTTqa/vvNXzTuzGVPWRJB694mcoLHZ44JqCAEB
XjB7OJt8wWBqmA0NH+EFrVliV9tVrx1kgHupbbMX1bWMrM3Tx1kykrtG8rWsI0TGdN8lcwJ6XLsc
asSOWSXMKuTuQpYdo5MxJ0BuHXzw6WlfE46dsHdDXV5TNH6tlrfYh+BMXOicrx0e8KLq8mTgJUMR
uSvFnv9GE94y+xDUtywjK3b7jpPFgyLJrqMpDLKldVX0xVavNjOmY9ccW5ikMZZ84BviEZc68I6r
HlGSyWrsRG5oHDnpiq2GXxrjCfNiSi96e53TJLOAeWc2ewnwhDKPYJePKBhFG4UPO9zCyZqmU5QY
2g2stu7hKCUt2m3P1WlvSI0RDOqcaW5o6mf1RB1NvOnKm6bn/aXc0mhWdAVqLMprLfrugAwpdP+j
udjrleLFqJIj5qGPAY1vDUe84ZRgcoei6w0WO6/0q2OfJmxEWU/T15P7ENK0zMSxZIwcprFEfA6y
nYMVxiqAj6Q9cKcBhqayldS0CL1GS7iXDsuMPrU8/c40ud9XKzCnPsHQ/TKpL/nhqixVSwZbmhIB
aLapcg0xI9nGG32DgVhu6CqBMEWGc5tujcxbXVoiNYBNXd6ejK3Uv6K0Wu/aDV/3mdojA7LxeONp
2zNjSgBn7T2O5WaUIGSiJadmh4E+LcagYWsmvgcWhC89Y3AnXl7+eIq14CFCfN1lCdyesYLOngP9
KdNfCr+H3XtE3rB2RnNn4kWCRLWReXqGXlO3CYmCD5utsClfiCEHGwXivuyNiB10NfeU1Qhiynwm
iIkfL8vLHmzvO0TqJYipO5RNWthty+3UPB91N29N1DXZL2qwJ8Hy3owNFTwDmQDbtXuMSqsXOnrR
05m4NGtyWa95gTStqvEF3jGt5ZpEgE2gtmabM2Kh/rMA8xTssiY7vcwzzNINNX34VE0r3l7/yJw2
EInEjrqWr9CwKffb6eZi1ueaou2mtGrJ3I77Q1XG9W6rYz0VdHIALATA2ouJBpkOS2aCq9RGEggQ
WQHdtGQ7WIP/hQTS1CnzAqPdMtMb0gSyLidilGjJ6bxR5j4aQQnMbY2PkiRKHyCYVGe6qfMLBknn
r69efAt8xHiqK9mHKGF3lCkpTSYaJGTkjOaiXjLuN/Zy7mM9UVG3XvZN2zfCpmbNQNYN0hW/F6aH
b/SpA0Vz2VS6eJuIsImY5lpTe7mpqoZPJvpeTfXdOGfxRLZSNPK2rxZ0LmROuKb0bp/YiDE+W9Sg
zRza/KnKSn0iwJr6SvwUVfcU+bV4fS5Ofvrx9flT2B1hDx4w/w5mI8NkKPcIDurh6sToR8MPREO1
t12JaP/p2zc9fdPfjUa+4s3oaIyBA5vXQBGWreqPkEwZHZ1spSlvi3dZupved1myN0h/ujY+vbnm
4xcdavof42gd8FwTV11jjoFiJJFWp1mzZqrXLPX8JKJtdAkx6dHsQjWQbqT0PUpJy/LjUnzazzo4
vnv0xEwr90VBl9+4yedyr5MJVNarlmo7ZUc+CoH56TcXZyx+x6V6tJgFL5VuvSOliUUqpdhvtvKO
nYJ8VFNn16Lhw6KvxaeNBvGRA4U8ZhWyxFy1hEI9fYxL63E2ZQ1KiZC9u4PZfjH9PXDjHp3w8BVe
irMmS3TN4Ku9sCkcrumisRbWVEQxQyW6dPLDUNr4qMk4h4xjlSvuFLR78655doMtqE/mTJRLiL6u
q7t2o/MYtpBio6mNkhyiv2l1SWZmp6SNnrXpXjVatNfnzUguStNkeU1N6PsKg5jmyKmHObzmwEig
NxWOeAI20SrvDbk/1hpsOXtoTJO87mTG3SyKCVo97UXbatvlfdiYB6r3PMeUDdehDbkNIil5J6q4
lLkACUyDwYfc+iBvaaAOnTtyc62HNVIwngVG9hk62Sc9iswpXaA+GhoSw+HwdgNMnlajmo58MNWf
TYaZG9htqVmZbYtiO8sq5hipbldQc4hQbumgNW72rFOZMu/F/j2LwGlOrte1WpsjRXP+qI9Z6Mrt
zbF8zB9yzcX5Bd1kmpqioPEBpa87pTsQiSC/4x0bZnwvAI/NRl8FUKcHzXdbcGWM80CpMKh+b5wJ
SIgu7HAtG9Wbl3R4r8ZneacoDtuNRFgoyuw18dDjUlSMVNXoPaaUF0sqhvptX7s6czt/fDZovryN
im0HDA5sw7m1T2GGIFtZv+/3eGBVLdfYrG1W7CuIqcZElOaT11PBICtSGqcN+dDTLOoPuGf7Dcyb
8Q695r5c700x0ZbUETA6SzI0QL41+uxPjTZmUKe4eugkTHagQ3g0awnDoCwdCNGVl67Wn2Qo2/RH
KTrzgp7JTn29BSaTjenTAK1lsc37JwJA4HG42mt+6HfwUTrTW4oPjFwAWk/5kO8jEeUWbF+8x5+K
WAxC0jUneDpG6T+98fnIY3WU8zO3jw13DNx+wz4ZeDUgYMy+3pd50D8FfayjWqVr6n7HpfjuzYtr
PUithqKTta/NJavTeXgPiUp16t4nWd2ectL92iA9/bFlfGihg5gKHVRrzhRlZ7wuh7HindCXObu6
z7t9p1YPX2k4qYAOylHMn8maXk/T/hMPXEDD+iffcTbhrXj+ARHGxWbk02hkyvhyBPwqjf3VPXJb
Y5rc+IbapIYbOiS3KEODstNAjueRvGAFLZiuFDpUtJRMH8hoaKknpxN1D5jPsJ8+xb8EWhlfQoxi
cxtpGKGvb2Ui64OxqviUVC3S3cGouZ2xH+jqfPxMiWH8nGZ5qw4Ir4uDK5HocA54yRBbt+MBuug3
fh5d6tiPIc55Ft0eoitl3KFAp+NJ2/hQD+9Uur+lM4w2nOqbwyHAp2I8cnX55mD7XfNzzjc7zS8x
vGqrG1Wioh+ogP5Zg7lNQ7eGfsm2+lZEOKM7X7/oK1XDbDzeF4dKrogbx7Jc23boss7l+cWBpEn1
iTk5HsRQdmgfRH3ZNAcTrzKK65/eHoh4xAEe6fjgUCwM3tXZkblHF+hcklff+rjcHHkbgSa+JOmY
61ukmGytb0+atXSh1nQV/R0vWkptZmUGHK0v9CK5dkRyCOOHikDLgScmD4yYHdidteWOh9DJdZyX
1532rp7+fxHwurjkg7D9gl9//R8eSuVz
===END CRASH DUMP===
