PocketMine-MP Crash Dump Sun Oct 17 16:51:03 WIB 2021

Error: Call to undefined method pocketmine\event\server\DataPacketSendEvent::getPacket()
File: plugins/ChatThin/src/kim/present/chatthin/ChatThin
Line: 25
Type: Error

THIS CRASH WAS CAUSED BY A PLUGIN
BAD PLUGIN: ChatThin v1.4.1

Code:
[16]     public const THIN_TAG = TextFormat::ESCAPE . "　";
[17] 
[18]     public function onEnable() : void{
[19]         $this->getServer()->getPluginManager()->registerEvents($this, $this);
[20]     }
[21] 
[22]     /** @priority HIGHEST */
[23]     public function onDataPacketSendEvent(DataPacketSendEvent $event) : void{
[24]         //$pk = $event->getPacket();
[25]         foreach($event->getPacket() as $pk) {
[26]         if($pk instanceof TextPacket){
[27]             if($pk->type === TextPacket::TYPE_TIP || $pk->type === TextPacket::TYPE_POPUP || $pk->type === TextPacket::TYPE_JUKEBOX_POPUP)
[28]                 return;
[29] 
[30]             if($pk->type === TextPacket::TYPE_TRANSLATION){
[31]                 $pk->message = $this->toThin($pk->message);
[32]             }else{
[33]                 $pk->message .= self::THIN_TAG;
[34]             }
[35]         }elseif($pk instanceof AvailableCommandsPacket){

Backtrace:
#0 pmsrc/src/event/RegisteredListener(75): kim\present\chatthin\ChatThin->onDataPacketSendEvent(object pocketmine\event\server\DataPacketSendEvent#24714)
#1 pmsrc/src/event/Event(62): pocketmine\event\RegisteredListener->callEvent(object pocketmine\event\server\DataPacketSendEvent#24714)
#2 pmsrc/src/network/mcpe/NetworkSession(406): pocketmine\event\Event->call()
#3 pmsrc/src/network/mcpe/NetworkSession(661): pocketmine\network\mcpe\NetworkSession->sendDataPacket(object pocketmine\network\mcpe\protocol\ServerToClientHandshakePacket#24788, true)
#4 pmsrc/src/network/mcpe/encryption/PrepareEncryptionTask(95): pocketmine\network\mcpe\NetworkSession->pocketmine\network\mcpe\{closure}(string[32] .o..1.U...m....e..gQ....%-..v..., string[425] eyJ4NXUiOiJNSFl3RUFZSEtvWkl6ajBDQVFZRks0RUVBQ0lEWWdBRW82WTlzb2dLSCt5N3BOVEtHYzdn)
#5 pmsrc/src/scheduler/AsyncPool(275): pocketmine\network\mcpe\encryption\PrepareEncryptionTask->onCompletion()
#6 pmsrc/src/scheduler/AsyncPool(147): pocketmine\scheduler\AsyncPool->collectTasksFromWorker(integer 0)
#7 pmsrc/vendor/pocketmine/snooze/src/SleeperHandler(123): pocketmine\scheduler\AsyncPool->pocketmine\scheduler\{closure}()
#8 pmsrc/vendor/pocketmine/snooze/src/SleeperHandler(82): pocketmine\snooze\SleeperHandler->processNotifications()
#9 pmsrc/src/Server(1546): pocketmine\snooze\SleeperHandler->sleepUntil(double 1634464263.9391)
#10 pmsrc/src/Server(1107): pocketmine\Server->tickProcessor()
#11 pmsrc/src/PocketMine(293): pocketmine\Server->__construct(object BaseClassLoader#2, object pocketmine\utils\MainLogger#3, string[41] C:\Users\nhang\OneDrive\M..y t..nh\FLOTV\, string[49] C:\Users\nhang\OneDrive\M..y t..nh\FLOTV\plugins\)
#12 pmsrc/src/PocketMine(316): pocketmine\server()
#13 pmsrc(11): require(string[85] phar://C:/Users/nhang/OneDrive/M..y t..nh/FLOTV/PocketMine-MP.phar/src/PocketMin)

PocketMine-MP version: 4.0.0-BETA5 [Protocol 465]
Git commit: b65e89b605aeba5f7958d3cbb6db47e766cd6f9f
uname -a: Windows NT PC 10.0 build 22000 (Windows 10) AMD64
PHP Version: 8.0.10
Zend version: 4.0.10
OS : WINNT, win
Composer libraries: 
- adhocore/json-comment 1.1.2@fc2f76979f0a44a5f5bc2a2b600d0762fe0e78e7
- brick/math 0.9.3@ca57d18f028f84f777b2168cd1911b0dee2343ae
- daverandom/callback-validator unknown@unknown
- fgrosse/phpasn1 v2.3.0@20299033c35f4300eb656e7e8e88cf52d1d6694e
- netresearch/jsonmapper v4.0.0@8bbc021a8edb2e4a7ea2f8ad4fa9ec9dce2fcb8d
- pocketmine/bedrock-protocol 2.0.0+bedrock1.17.30@faff7da904e68f69b1a9128956dac3122e87308a
- pocketmine/binaryutils 0.2.1@8cd078e2426f8100331f2d73bef10f481dad6cde
- pocketmine/callback-validator 1.0.3@64787469766bcaa7e5885242e85c23c25e8c55a2
- pocketmine/classloader dev-master@80226e0917be79ac3230606113e25134a31e6a85
- pocketmine/color 0.2.0@09be6ea6d76f2e33d6813c39d29c22c46c17e1d2
- pocketmine/errorhandler 0.3.0@ec742b209e8056bbe855069c4eff94c9734ea19b
- pocketmine/log 0.3.0@03ab1316da0b1978a7a1c8dd73e1c2a973cb62ec
- pocketmine/log-pthreads 0.2.0@6be3445c48c62eba3922f987f000bb20c81d161f
- pocketmine/math 0.3.0@83ec067b12c066fc61d9fb129daf7e61ef3b1d63
- pocketmine/nbt 0.3.0@98c4a04b55a915e18f83d3b0c9beb24a71abcd31
- pocketmine/pocketmine-mp 4.0.0-BETA5@b65e89b605aeba5f7958d3cbb6db47e766cd6f9f
- pocketmine/raklib 0.14.2@e3a861187470e1facc6625040128f447ebbcbaec
- pocketmine/raklib-ipc 0.1.1@922a6444b0c6c7daaa5aa5a832107e1ec4738aed
- pocketmine/snooze 0.3.0@fe5b1dbf0d6267da882d1f67924772bd93db833d
- pocketmine/spl dev-master@b7a8904f912c1f6d38ad867ff1120614ccb80171
- ramsey/collection 1.2.2@cccc74ee5e328031b15640b51056ee8d3bb66c0a
- ramsey/uuid 4.2.3@fc9bb7fb5388691fd7373cd44dcb4d63bbcf24df
- respect/stringifier 0.2.0@e55af3c8aeaeaa2abb5fa47a58a8e9688cc23b59
- respect/validation 2.2.3@4c21a7ffc9a4915673cb2c2843963919e664e627
- rhumsaa/uuid unknown@unknown
- symfony/polyfill-ctype v1.23.0@46cd95797e9df938fdd2b03693b5fca5e64b01ce
- symfony/polyfill-mbstring v1.23.1@9174a3d80210dca8daa7f31fec659150bbeabfc6
- symfony/polyfill-php80 v1.23.1@1100343ed1a92e3a38f9ae122fc0eb21602547be
- symfony/polyfill-php81 v1.23.0@e66119f3de95efc359483f810c4c3e6436279436
- webmozart/assert 1.10.0@6964c76c7804814a842473e0c8fd15bab0f18e25
- webmozart/path-util 2.3.0@d939f7edc24c9a1bb9c0dee5cb05d8e859490725

Loaded plugins:
ChatManager 0.0.1 by  for API(s) 4.0.0-BETA5
ChatThin 1.4.1 by PresentKim for API(s) 4.0.0
CommandDisabler 1.0.0 by  for API(s) 4.0.0
DEVirion 1.2.5-ALPHA12 by poggit, SOFe for API(s) 4.0.0
DevTools 1.15.0+dev by PocketMine Team for API(s) 4.0.0
HideCommands 1.0.10 by Himbeer for API(s) 4.0.0
NotificationSystem 0.0.1 by  for API(s) 4.0.0-BETA5
PureChat 1.4.11 by 64FF00 for API(s) 4.0.0
PurePerms 1.5.0-legacy by 64FF00 & ProjectInfinity for API(s) 4.0.0
SimpleNPC 3.0.0-snapshot by brokiem for API(s) 4.0.0
Sound 0.0.1 by  for API(s) 4.0.0-BETA5
TNTManagement 0.0.1 by  for API(s) 4.0.0-BETA5

----------------------REPORT THE DATA BELOW THIS LINE-----------------------

===BEGIN CRASH DUMP===
eNrtW3lz20aW/ypd9OxGnhVJXAQBTillWcdYM7LEWHScSZhyNYAGiQgHg0MSnfF339/rbpAgpTjO
rKuyf8QzsYk+Xr/7QuOXXlyUGa/f34mySoq8N3EOe3WSid7EdG3HcR3LtQe+ZduefdhrVnrKGRjm
2PVt38cC33Ewl/KqPivLouxNfunV6xWW9dTzYS8TVcUXNHLC05TVBWvySMRJLiKWiXpZRGxVhLei
zjA0n4s7kdfzeSVKYDWfn/KaTzlN34g8OqPJyWQhajV28BwHxE2aniepPGEyn7/F1mo+z5c8X8zn
17k4LZM7AH49bwxDmGtWyx9RvpzPzy+vZ9/O56u0WSQ5Np0seT1bJjnOL8P5/DbJMFmKSqIUYrKW
k+2ywWq5IgTU4RrKsJ0dAsYQIIYawrAFsFmBvSmI7k2sERhf8hA/f+g9M9gqo730n2TH8I1YJFUt
ShFd0r+5KA/Go+cT9lsI9r8u8ic4eFAEP4mw/p18f2Y5Y9Mhjj8zH2Go4LoWkHoC6mP8+1+H0IYv
g43VwSYX9X1R3g6zcCWGV+rhBhoI9T5wDPdp9CRAhZHUqGf2Z0J0XXMPol49n9Py+Xx3ff9rCCra
EvMU5XsAVmVRF2GRzuc3khez4iRNgO0rnkfVkt8KBYm44XmHrC4bISlwfo0CkYflGqZc5MNpKVa8
FGebkRmvbg/80e8j6RNLfwnTompK8fGgqsskX/xgWz+yQTEYmIO3g8Egw38DMRgsvqEf/9UfDO7w
7yHTix1r9CMT6384V9+9Ta6Tf1zdnKf2m7fn39+c1XfvblOX//Ty9Jtvz79/c1sZb95++/IbIz17
9y56+eadZ72bpR8CK7q8OalHV/bL62/P6lf/+hDlkjmjDnOqcCmiJhXl8Lha5+G0KNIDa/wbPNgy
cT5/kotkeCdFtkoFjSilcn/jVNMZ7526WTWfb5ZBTYs0hdbQMdV5WWTvgBgcQpLXYiFKZsjDxvow
aHZUlMMt1GGVF8UHIbG4SYVYiZJ0CYccmJb9WQj8yoqttCUG3n+AgbfvP9RSKP/OOqBQFiEU8Kqo
kzgJOTG5Usf6HS4rkzkwR477mXAren6b10l6EBVNkArWjYS2byr3ZzxxiGnsi0/N9L+uk/B2qhAu
SoWl2fWgU7nnNfYcWL79K0Devw9BI+w73LiNl7wSJwi91WXBI1E+sw7ZEw6lATEIba95kl8WC2jI
M3trYuaP7JMxczBAvBwMOrFyu9f/3Xs3cVbxwHqaB7b5SFqKxWqX9s1gOFaV4ucmKUXrXzx4jNWS
l5Ph8GQylJgNJWLDFq/hFq2hxKpzcv/1dEC7dxF63vvx42FP/GHZzRdILoC/2v8+ye+K9E5k2AGg
EVgX1r12lojYbg6LSBDBpotxhj8r2EMSMqmGbPbq4ur97Pjv7IjNxEN9LhPJyeTs5uR4esYGbN6b
N7ZhGPPe3wDLHAMG/evtwoqbPCTbZUV+lnOY28FzNmF3RRL9Qqt9vZr+/AXEVf2vF8QqpQ3yYSox
f81zCEGOlTrVkMysDuS2Q7X7OaFiGRroR3owFV6WpQeHf/0re7Eqk6JM6jV7dfH3V2c3M/bXIa2x
fxX3p1KsJ8bYX6T4uyRaTofE4fAvq1swVC1T5GlFkJiPOmuRuQseLg+eWMt4xQDoOZMHuJ1NSXxA
J0CPap6Hooil7NS+53L1uLN6uwMuDFrPjo6OOhsmk9m/pmfvZxdT9u9/s99YNb2evv2cdf94+8+z
l9ffqfWk/pa3hxH9KUXdlLnkia8EaBu/H/E3x1c3l8ezi+srSbttPnGShKFtnCSjlLAuyEYOupNS
Qra1B+KjSCshgdu/BXxwxCqRxkBOW5YE6OwDpMGuHsgTHsv1+I4nKRkUkpCMUsWNkD/+WWn8WWn8
WWn8WWn8WWn8WWn8WWn8P6s0DnsLilk8pcw759Rv7e1sA2IBhLFt2facgTEw+i/PZscjmmySNELO
b5jWYS+p3kfirjeJOZIEZPnaw/cmjjvCSQnVAIE7Ep4fuMaIi4CP4rE/8iI7DAI3CpyxGLtuGLmx
HwN2oxF6l8DO7it2NWPTE2bieCaPZZaFjJ8dtPOm8Zwdvz51Haowlivs9ICraeDxA0xV4y6fMf2+
qAj2xdXVDAPy4V4XItmqAIPfp0lQ8jIRFTGHR0vQUorhTxViA9bomsaEy7dexKEVj11/7McGdxyQ
NQpCi1sg04iMsWvFwhBjT4yJYyWMZojqZYndxsAf2C9CPhpHphcblhd7TjwejwPLdL0wMn3TDIxI
CMt2bC6wO+KQBGy6yIYU1APEyP4dT5OI11Qvgme3eXGfv9D/UkG3KIuqEkOQzKucks47a2APjBeW
Yfm+YduhPYod1E4ConHFWHjC88J4ZEVm5Lq+Q6ciSFAqxstwKenP+Aq+hUBJbXjhBUFoWCb3RBRY
wuFjwa3Y45ETc1+EfhQKKw4DLyLOb71lICL4jtv+Vk96FoH7Hz0B1o4HtvEi5nE8jrhvOML1YtcP
TO6blueP3IiHtmlZwhvbhsf3oCc5L9fSR0hGWwPzBVhqQAwWnF7smQaIN2MrGtuBiE0jdjwz4hH0
T+xCepLRJjC1X7hITsYOBO+6QchB98jzRgAvvFFo2aEFXQ9HI27tASTXlkrXRlWxuOtnnJLIF55h
Wa4wfHMciLEP4izbcA3XNG1hjUzb4bYpXO6N9sAVqUSJaDReGH4gXMHdaOzGlrDtyPVMyNiPLD+0
rNBxQ3MszGgPJdlvWKpgIUGRhohw7FiBZfjCM0ZuEICqkeH6oSPi2HdCf2w7gpt+sAsqLRYbCIbN
AxNuL+JGYPpjj4+5GXoRWC5MGAgghIFrifARhP6qXqLijKoNXW4gEK9GoeOF2BFw27es2PfGMXxA
ACRDSM90zXgX1MbOCBvPFqHhjgPTwj9uHLpm5Md48iMej4VritgOoPT2Log8qDcQfC90uOEEkKlv
jgRs1rMjOzBCMD2woPgmD8IIpd0OhO3PfrbadaEvfoc/7EAs+S28k0TLdOB/hM09qAl0cWwIM+Zh
6LrWyHDglr3YARwYaMD3+ayg9JNVqCDBQsBU7jqOA5LcEEbH+Yj+79kWsgBhitAZ2x4Xe5asko4N
l2IxAh+D2IhcywUQz4Mzid2xj1x+bAWRb0eBB83cA7JKd60hGHMPRh/D2ENsj3Bw5LnjODZNC0bh
hHAphjkmZpc8q8R6qBNIFajgl8GZEH/GjhAjYVueYZuBOXIdIxiZ0GghwGpw2g0NvgXSNImKFXCT
cOx+EIzjYGR7nuubMTQXOhs5ThQGDlQFfI0tJyLxwEOucPhQRWxkb2JrlAIKE9shOIf/cYsHwSjm
zpiPPPhM34XDhbsIRn4HjHY2ihZLIuOE8LGgP/S5A/VzyXqs0PIc23eRwfnCdeEiLYoy5bLJKs5b
Yh6HhWqdxUW+hm6m6zhJ036oO4134BsJEY4i8kdjfyz8KPZtL44iKzBs1weeMSKWcKEkZiiegpUF
igkbcFAscwz3FcHDmUYUcg+qNY7hfkXojkALTFjwACb5FDiELs/owDLJdTu2iBAI4OI4kPO5QCCI
Q0QxhE7DGjlwob8Gy+yQCZ6Zph/bkfBHIkYs9B3PpuAQOqENGm3w08ffgHUvgqz4wMt6CPctSh39
Kf65vuuEYxiMZyCIONxzoOm2gE+KI3MU8MCITYSd0Q6QFVxTn+KTlC/hAsPw4Yii0IJz5WYQ+CEF
/1EYGKMIYRm4+cYYYD5uOqwyN6GmiG5JdvK47uhhb5vAGZQEYYQ39bIoAeAHpIF8lVCHppvcYVTI
JikUiKpvJB+oKPJI76iKuD7tDmRctnSvEEWOv1edGn28ytGpQYyYRxnm9c3s3fWby1PFjyqpCV9q
FW36wbtk6BbxlgZz4OzR0JuqZtE/k6y3R89/Sslv9aA+iyDVDztNKjp/Rzx7M7vkEdqfENF/SlLV
IG8LiiBYU+oMUnaR+HxBnZ59m5QS2Q1Bm6FdSqzBqH98OX11bFq7AluhZkvobcDN9bn4UjJTQOfz
O4nKfI5won910NPU3cyO38zeTh/TJu5mRZFWXdraoV3azBGyVSp5djVxU0CxmeBfTB1bHEDKFptP
kLKs61WFehH8WDbBACVLpyIcbmCA4FdJtGncdojeGd5XT3NXP7E4CwTU+AsRq8HN510kPk89l2rr
ADSAtm4j5WaNvCLrUPjE5B/gKR9j8fl2OG1KQf6oW7+3Q48c5p7HdJ3zc8P4XRKTwKeizKreI8J6
51ymXtW0LHDQd7C8oqmmZ/12vLcl/b06ez5vkd3++k3xPqHWhJR+YbkBo5mjkN3ljhrbZQ8suZ+K
BQ/XTzGJ/TcDVdSBusjjJE/q9ZdS9B1OSMQ6P78ALxQcMOMmoabt1fSkw4ztWJcZtlTtKueralnU
u+wIyuI2EV/Mp2lw1LZchfN5F5/fS7gGNdzCIKKLhho/W4Ll8x9g4/Lgzzfr2dVM5U6qy7TBf3f8
D6BjB4HPpYeyVY7qSqCq24uQbWdSuhPZDB2sygJJSi37br1n080TOylgewtGNxTm5Tx/dsNrdh3W
zHSZOZ4YzsQYs3cXL5mFGoMWpDxfNED1SOQLes6KOjqiy5ioPOZNHFuu/DuUf8sR25F/u7RaYdNf
FWV9ZPqmbdHg/RI09dOkwpgEyR/6q5SvQdeRadDIAmRmRSTUfFyUoehvxoo4plHQG1EvsX1e3a2O
kKLgV5TEiARNWq+P5HmqO1sXZb8SdY2KqjqSlIk7kfZJJ45UA3ozVgkRdZZQTXd0enZ+/PZyRqNK
9P2fG1Gu29OhMUW/4ndC43CXiPt+lKh3u0eK7oegeOiTauk1O5X7YJ1RDfOMkTbQfQ1IqSllOJPC
ossDbEfkEB6bLZFYs5YsxkvB6qVgRQ5J13DgLOR5XtQsECzJw7SJRIQf7JGSEKybIsPOmADsw6x4
LA5ZgZmyIpAsKAW/ZeuiKTUslsQM0qGCnU6AYOiWSromwFfifgNuGImYQzQVuy/yr2pGPVBeMmJf
BmKpS7gmDOmdvaL7fily1qwWJY8AYDDPSasUsMk8Z+zZu6UgxOgaD70/ZXSlR1XO4EHJ8yrlNZCS
0xLVtMAxIBW/RC35RQluKJhq3dFIRpCV3rUGMGGyI08T1bKpo+I+7+t7ABM2721uKofLeWMKMWYY
ME1TDtudh9iGIfUk5sdpWtwzMgQgy3Qtyu4Szr4h3aI1Usn6eqqDwjN19UZvYkCckTEwiBRcI3DB
mmle03qts5vpLqh3KOmhMmA8jyKGUk3Jh/hO76ZYJji9uCNnxSCVQBDW4J74ueHy9tQiucPaO542
gh3oQ+FAnhN0daLol4KcQB9yoZdME0zLs68a5JklqZ18g0hvLdm9fGNZDeSCtxVkR7rfUkrLlmWR
Iy1iNb3kPKQNacS0mcNgDhm9fijVK2jJGzhSGsuaXKeICviNlD9oghqWxUMCFRRgA0iSqp1vkCPe
aoQuYlJmWkNKe8iS+iu6Q1bKbRG8c6h0am8zOwANDQzLkmyRZPQ1pRMJal+ZudSOsslzEmdErqhY
SSHIFzfVgKH80L9ZliyWsPaSV8vDrnVqzSGOlGWzqtWoYhgxJgNumi4pXFitfCsTKYvhdOcJaD+N
AekI6VwBRkO7Bh1Fow6kWrTRNDh6OPByraz272kRQHsoVDI1DkPIkpqMP0MKGaxrcJzdKFYbkrmq
wJbbZyS1+0RyXmoUrPq+rwC1SlZJCuMEKMJlycscBCYuhWiPVEoOaTXyPs+igKAK8hGkFXTQQqLZ
l6hNmEFU4HTpo1Vv/f89BZR7fAp/iqP/N/yrulhJFLR/3aCkwVUM7mNF7b5ogxCd2mJlGpajEZNO
QN1Y0PhVX30BDKVdSJTIY7CwQXTKEZ2YeBBhI71voVBWFknRbLNaPITIB6otRcpxXc/OJnSj8oZd
Xry+mLHj6fTy4uyGTc/eMORv/zx7c8iwiM2useqMvXt1fXnGpm+uT85ubgb7LmCHH9bI1exA3ZEU
MmKTI66IwHAppEuW3Ng4WxO8R84QSd8il/ThCoVysxIU8j7QCQcNbSJ6f03ZlJIhRaMImdMyfZiE
rIDA9W4dOeW/+oxriiGUCMgNg8erSRd04gyxrURI+YLiLKGr5Kr2bmiAeolVtSXVNjSt1fOnUdKU
25ryBS8DWEZ/+1pDOqCnuStNjdDRu5jeBd+d8byR2UkXE2RuDXTw+WEbE/aVsFVDFV7jGLAUvdnW
BAfsWvl8pfBIL4omjTa4JAgi9znb4l8pwCuJPgh1qQuZ69POpbN4FCSl6igIG9rissjaYKt26xX9
rmp2JUzUaEk+0g32hErtaMdNm1GSyEqcRGqoFTlqspVKv1SOx/REnyZaeZ3SIr1B4i7RbCmgG7T3
AsbOn2AwgjYCH064g5JVVSPIMdRLSG3RpqPktOi0LVaHrSBVjqCzzoHChpb+Kp+oogmXTX5btbif
8BWNJlmTIcYivJasrQ5IkEzVPwqLLV/JXjQrpcU81jFk4yuNkTywT2lyg6DrbCR2WqipfZ1W16Bb
+Gpxa0IKll7YpUxmDv2Qwz43tFHjW+YqSB+Je8BOJRgKykpeQWRqj6JwSx22aX4qetqTaXF7rmJg
SnWChvtpUJ/Sw3mu7+pNdIhAarYsUpViBrwOlzIVlygja4IK6SAjfZsqjfSsCi2B2CSbKrw960qp
nSK3Wq7pzcfikPXNjgCl8OTB/bpFRocA6bW3eawsRimFjBTlVOzIRJ82Y1CjNWCvkAtCl45kcsdO
pm8PsRc4BLCv+ySC2stcQXnPDfy+hD9hbpt2bzPySnKns3bAjiM4qiVP4yFqTVUmRAI6rI/CoYz6
GaRgHUPchr0OsJ2q5oG8GqWYPB0wQuLtNJ+2yfa2QqRagpC6R9ikjc0qX/X1815181pbXZV8EBt5
UlreipHeTLUpE9J2pR6d0Or4ltr0fMCmek/Ky4XcwHWpqnVBnhiXfEEkQCZgW7VKZcZC9WcG5MnY
eUlyUld1VUFNN9VEVbPXs7cS0wokEdlBUzMq4KUot8ep4mLQ+pqsbvq0ayKx7daH26uoRDJ1DpAL
IWFtyUSBTM2SAZNRaskpCWBJBt7UJDtIQ35uDDd1KHGB0OQ3GlgaSq8rHTFCNJfuvFIiVakE1tZa
R4kSoRoI2tXpaur0WiZJpxc3xy+RH8l8qsmlDpHDpu9ySnKTkUoSElJG/T1M1K03tnRubT0SQbOY
tEXb18ykYk2nrEu4KznPdA1fqa6DkJ/KFCp4a4swCZjCWkE7WRZFJTsTba0m2mpcevGI15xV/K6N
FtQX0h2uPs1tHRshJhuIKmnTTZufiiRXHQHJqa/Yd0HxQJZfsotTdvDd24vT55A7zB44YP09xEaC
oVcFMA6q4cpI80elH7CGYiu7HNb+3cvLFr6u7zojX8nDqDUmEwcpXp2KSNqKtoWkw2insxXH8ljM
JfG6/9Ak0VYgbXet272ZyfaLMjX1ZbvigVyr7aqpdBsohBOplZvVe/pqz0StjwI6RoUQ7R71KRQD
eb7Y1Cg5bUv3Q/Fhu2qnffdkx0wx9zgrGvIesYp12pmAZS1rKbaTd5StEIiffsvgjM1vZKjubJaE
50KV3oFQwAJBnw3BjfB7qRSkowq6VC0a3g36inw6aEM+fCDj+6jqS9I4jT5KegpL42k0eUl9eMZb
dQey7Wb6d4ONvdfhCdIilOZbJZGKGUQPh0yhcFUTdLmwoCCKFSJSoVM+bEKbbDVp5eBhKFIhKwWl
3vLUNLnFEVQnS0+UcpC+KIv7eqn8GI7gbKmgdZwcrL+qVUiWyPaJGy1q/S1rFGkXp1WHLnLTJHkF
jakLphsydcupTXPknh0hAV6fWewZ0ESpvBXktq21keXgsTC187rniaxmEUxQ6iktWhWrJm3NRj9Q
vJdrdNiwLTpQlkFEpTyJIi55LqQEusCQTW7VyJvoVIf6jrK4VsMqU9CaBUS2HjraOj2yzD59qbg3
tHEMu8OrJXLyuOjEdPiDvnp5tVm5hNwmCpXBKstWg6SQGMPVrTMqDmHKNTVaw2qLOoUpPc+285IE
6eb4YlGKhW4p6v6jarPQ11i3+/RJ/OBrrk+v6ep5XwcFlR+Q+7oXqgLhMPJ7eWIlEd8SIMcGnbcC
iNMbzjcrYKWF84ipEKia18qETIhuWMtY1ok3J9S8F91e3iGCw2rJYRaCPHtJOLR5KSJGLErUHn3y
izkFQzXbxi4VOfhOb1C/TusE2wY5OHIb6VtbF6YBSimr+faMR1JVdHXFWifZNoLoaExAab38nLdS
70vIjdOBsumpN7UN7sH2AD3TPaHl3KfjvQ4mSpLKAjq9JA0D4GvNz7ZrtNSDysWVm0pCewdqwqNY
i2QalMQbQHRHuSnVKxnyNm0rRXlewNPeqY23yMl4pes0pNac3unqJ0qAgKOW1aQVmpqDjlJPb8J+
kJkLktZD2eT7kYDKEmwbvLuviiQZlEmX0sFTG6V99Sb7I0/FUemfZflYyYpBlt+QTwJcdRLQRV+d
K3FQPxm9rKNYpWLq9sQJO788nqlBef+MOmt/07fiD0f+AyjKxaH9ECVlfSid7t90pqdetnSbFsqI
KdCBtbqnyButderGA1Nf3zRl63fbSq3cvKWRTgVwEI5C+ZqsavnUb1/xQAVUWv/sXHoTeZRcvwNE
5sV65H1npC/zy07iV6jcXzzAt1W6yA1vqUyqZEEH5xYkKX03LRM5uY7olZ+lpipSKFNRVEr4yIw2
JXXvsCcekObLtF/eo0S20v1qJAj19fHNCL19yyNe7owV2fuoqOHudkb1ddrtQFOm3WdyDN3nOElr
sQN4ke18w4IKZweXBLZ11x2gLzO6z51buNsx2Lm+L2AO6EKerFDA0+6iVbjLhzci3l6r3oxW0tVX
u0NIn7LuyM30cuf4dfVzKj/F0b/YZqoubkWOiL7DgjXPUn39mS43fEhW6t6dP6BL+h/UHfjNajw+
ZLtMLggbyzBs07TodvX09HqH0qh4LzHZH8RQsisfWH1eVTsL1VWT717vkLiHAR6pfbBLFgbvy2RP
3J0vHmyiV90rnC73tI2SJvlVi6Xv2xNjkoX63EXvpS+gdFXRXsqnrVRmFnrAUvxCLZIqRSSF0Hoo
KGnZ0cTokRCTHblLbtndIVRyjfTLi0ZpVwv/e0q8rqeyEbbd8PHj/wJF54iT
===END CRASH DUMP===
