PocketMine-MP Crash Dump Sun Oct 17 14:57:37 WIB 2021

Error: Call to undefined method pocketmine\player\Player::sendDataPacket()
File: plugins/Sound/src/Main
Line: 31
Type: Error

THIS CRASH WAS CAUSED BY A PLUGIN
BAD PLUGIN: Sound v0.0.1

Code:
[22] 	{
[23] 		$player = $event->getPlayer();
[24] 		$packet = new PlaySoundPacket();
[25] 		$packet->soundName = "C418";
[26] 		$packet->x = $player->getPosition()->getX();
[27] 		$packet->y = $player->getPosition()->getY();
[28] 		$packet->z = $player->getPosition()->getZ();
[29] 		$packet->volume = 1;
[30] 		$packet->pitch = 1;
[31] 		$player->sendDataPacket($packet);
[32] 	}
[33] 
[34] }

Backtrace:
#0 pmsrc/src/event/RegisteredListener(75): NhanAZ\Sound\Main->onJoin(object pocketmine\event\player\PlayerJoinEvent#111994)
#1 pmsrc/src/event/Event(62): pocketmine\event\RegisteredListener->callEvent(object pocketmine\event\player\PlayerJoinEvent#111994)
#2 pmsrc/src/player/Player(749): pocketmine\event\Event->call()
#3 pmsrc/src/network/mcpe/NetworkSession(704): pocketmine\player\Player->doFirstSpawn()
#4 pmsrc/src/network/mcpe/NetworkSession(697): pocketmine\network\mcpe\NetworkSession->onClientSpawnResponse()
#5 pmsrc/src/network/mcpe/handler/SpawnResponsePacketHandler(44): pocketmine\network\mcpe\NetworkSession->pocketmine\network\mcpe\{closure}()
#6 pmsrc/vendor/pocketmine/bedrock-protocol/src/SetLocalPlayerAsInitializedPacket(45): pocketmine\network\mcpe\handler\SpawnResponsePacketHandler->handleSetLocalPlayerAsInitialized(object pocketmine\network\mcpe\protocol\SetLocalPlayerAsInitializedPacket#112085)
#7 pmsrc/src/network/mcpe/NetworkSession(388): pocketmine\network\mcpe\protocol\SetLocalPlayerAsInitializedPacket->handle(object pocketmine\network\mcpe\handler\SpawnResponsePacketHandler#93843)
#8 pmsrc/src/network/mcpe/NetworkSession(351): pocketmine\network\mcpe\NetworkSession->handleDataPacket(object pocketmine\network\mcpe\protocol\SetLocalPlayerAsInitializedPacket#112085, string[2] q.)
#9 pmsrc/src/network/mcpe/raklib/RakLibInterface(187): pocketmine\network\mcpe\NetworkSession->handleEncoded(string[5] c*d..)
#10 pmsrc/vendor/pocketmine/raklib-ipc/src/RakLibToUserThreadMessageReceiver(42): pocketmine\network\mcpe\raklib\RakLibInterface->onPacketReceive(integer 0, string[14] ....4...s-?.A.)
#11 pmsrc/src/network/mcpe/raklib/RakLibInterface(121): raklib\server\ipc\RakLibToUserThreadMessageReceiver->handle(object pocketmine\network\mcpe\raklib\RakLibInterface#23321)
#12 pmsrc/vendor/pocketmine/snooze/src/SleeperHandler(123): pocketmine\network\mcpe\raklib\RakLibInterface->pocketmine\network\mcpe\raklib\{closure}()
#13 pmsrc/vendor/pocketmine/snooze/src/SleeperHandler(82): pocketmine\snooze\SleeperHandler->processNotifications()
#14 pmsrc/src/Server(1546): pocketmine\snooze\SleeperHandler->sleepUntil(double 1634457457.9771)
#15 pmsrc/src/Server(1107): pocketmine\Server->tickProcessor()
#16 pmsrc/src/PocketMine(293): pocketmine\Server->__construct(object BaseClassLoader#2, object pocketmine\utils\MainLogger#3, string[41] C:\Users\nhang\OneDrive\M..y t..nh\FLOTV\, string[49] C:\Users\nhang\OneDrive\M..y t..nh\FLOTV\plugins\)
#17 pmsrc/src/PocketMine(316): pocketmine\server()
#18 pmsrc(11): require(string[85] phar://C:/Users/nhang/OneDrive/M..y t..nh/FLOTV/PocketMine-MP.phar/src/PocketMin)

PocketMine-MP version: 4.0.0-BETA5 [Protocol 465]
Git commit: b65e89b605aeba5f7958d3cbb6db47e766cd6f9f
uname -a: Windows NT PC 10.0 build 22000 (Windows 10) AMD64
PHP Version: 8.0.10
Zend version: 4.0.10
OS : WINNT, win
Composer libraries: 
- adhocore/json-comment 1.1.2@fc2f76979f0a44a5f5bc2a2b600d0762fe0e78e7
- brick/math 0.9.3@ca57d18f028f84f777b2168cd1911b0dee2343ae
- daverandom/callback-validator unknown@unknown
- fgrosse/phpasn1 v2.3.0@20299033c35f4300eb656e7e8e88cf52d1d6694e
- netresearch/jsonmapper v4.0.0@8bbc021a8edb2e4a7ea2f8ad4fa9ec9dce2fcb8d
- pocketmine/bedrock-protocol 2.0.0+bedrock1.17.30@faff7da904e68f69b1a9128956dac3122e87308a
- pocketmine/binaryutils 0.2.1@8cd078e2426f8100331f2d73bef10f481dad6cde
- pocketmine/callback-validator 1.0.3@64787469766bcaa7e5885242e85c23c25e8c55a2
- pocketmine/classloader dev-master@80226e0917be79ac3230606113e25134a31e6a85
- pocketmine/color 0.2.0@09be6ea6d76f2e33d6813c39d29c22c46c17e1d2
- pocketmine/errorhandler 0.3.0@ec742b209e8056bbe855069c4eff94c9734ea19b
- pocketmine/log 0.3.0@03ab1316da0b1978a7a1c8dd73e1c2a973cb62ec
- pocketmine/log-pthreads 0.2.0@6be3445c48c62eba3922f987f000bb20c81d161f
- pocketmine/math 0.3.0@83ec067b12c066fc61d9fb129daf7e61ef3b1d63
- pocketmine/nbt 0.3.0@98c4a04b55a915e18f83d3b0c9beb24a71abcd31
- pocketmine/pocketmine-mp 4.0.0-BETA5@b65e89b605aeba5f7958d3cbb6db47e766cd6f9f
- pocketmine/raklib 0.14.2@e3a861187470e1facc6625040128f447ebbcbaec
- pocketmine/raklib-ipc 0.1.1@922a6444b0c6c7daaa5aa5a832107e1ec4738aed
- pocketmine/snooze 0.3.0@fe5b1dbf0d6267da882d1f67924772bd93db833d
- pocketmine/spl dev-master@b7a8904f912c1f6d38ad867ff1120614ccb80171
- ramsey/collection 1.2.2@cccc74ee5e328031b15640b51056ee8d3bb66c0a
- ramsey/uuid 4.2.3@fc9bb7fb5388691fd7373cd44dcb4d63bbcf24df
- respect/stringifier 0.2.0@e55af3c8aeaeaa2abb5fa47a58a8e9688cc23b59
- respect/validation 2.2.3@4c21a7ffc9a4915673cb2c2843963919e664e627
- rhumsaa/uuid unknown@unknown
- symfony/polyfill-ctype v1.23.0@46cd95797e9df938fdd2b03693b5fca5e64b01ce
- symfony/polyfill-mbstring v1.23.1@9174a3d80210dca8daa7f31fec659150bbeabfc6
- symfony/polyfill-php80 v1.23.1@1100343ed1a92e3a38f9ae122fc0eb21602547be
- symfony/polyfill-php81 v1.23.0@e66119f3de95efc359483f810c4c3e6436279436
- webmozart/assert 1.10.0@6964c76c7804814a842473e0c8fd15bab0f18e25
- webmozart/path-util 2.3.0@d939f7edc24c9a1bb9c0dee5cb05d8e859490725

Loaded plugins:
ChatManager 0.0.1 by  for API(s) 4.0.0-BETA5
CommandDisabler 1.0.0 by  for API(s) 4.0.0
DEVirion 1.2.5-ALPHA12 by poggit, SOFe for API(s) 4.0.0
DevTools 1.15.0+dev by PocketMine Team for API(s) 4.0.0
HideCommands 1.0.10 by Himbeer for API(s) 4.0.0
PureChat 1.4.11 by 64FF00 for API(s) 4.0.0
PurePerms 1.5.0-legacy by 64FF00 & ProjectInfinity for API(s) 4.0.0
SimpleNPC 3.0.0-snapshot by brokiem for API(s) 4.0.0
Sound 0.0.1 by  for API(s) 4.0.0-BETA5
TNTManagement 0.0.1 by  for API(s) 4.0.0-BETA5

----------------------REPORT THE DATA BELOW THIS LINE-----------------------

===BEGIN CRASH DUMP===
eNrtXItz20Z6/1d2qJtGbgUKL+LBG6dWJLlRK1uqJZ/TCzOeBbAgEYEAg4ckOuP/vb9vd0EClKyz
c+6107FjS8Q+vv3eLyzz+ygtqyVv3t+Kqs7KYjR1D0ZNthSjqeU5rjvx8Xcc+lZg2QejdqWmbH88
sTxrYoYTywkmbhgcjHJeN6dVVVaj6e+jZr3CspF6PhgtRV3zOY0c8zxnTcnaIhFpVoiELUWzKBO2
KuMb0SwxNJutcr4W1Wx2KX9Pp7UokhPe8EtOa/afAWLa5vnLLJcgp7PZ2xroz2bFghfz2eyiECdV
dgtIr2ataQprzRr5ISkWs9nL84vrv9Ah7TwrsOmqBDKzWV3FWM+zYrxarOgEBV0vO5SrDrHokNZg
Pgeqo6ljgV0Vj/Hx59GeyVZLWkL/xK0omsM3Yp7VjahEck6/C1Ht+5NnU/YamB79dXM4wTS+L4t/
L7Niv4x+FXEz4IgEtssYWnxKE3uWZYWhS3zZsx6gIJfsezZOfQTkQwSN72MISe36u1Cxe6io5Ydq
9b7vho9jI2EoBKSY95wejEI0d2V1c7iMV+LwtXq4gmZBbfd9092BOETQ+D4pX2ZV3Vyt+F2hYLuf
CdsL/R3YevVsRstns+F6kuNxnoEQedYbUa/KohbqzMmnzoQ+JDk4NNijFP5HNbXvul+GxhNLf4/z
sm4r8VFh5WmswP2krA63Gw8jkVR4MlZV2ZRxmUvEr0RzXkJGirVH9VmRNRnPsw8i0SbqTp5GVVML
/f8kucb3atEThz2mnjsHdXjjpL+FNFTXNoOJZIj/marhBMHThH7B+R3Bn0HVZ7BvL3QC15HEBJ9L
zMT6MgVTaPQ88/+EPA5Y3VRZMf/Z/oX9NpYEhZ8iqOI3eRYdvuE351l0VsCtpXDN+1bg/xHCTou4
TKBl+vzJLyz+52SsULDMT5qMQsLIVgpBhcx1SSHqelEJnrxS0fCNiAWCFOzafho7BRCuekgW+RnF
KQ1pP8PUXFTM3PDMcn9hY/xx8a82/nV8pLG3vpSDNqlGhwgouSXtA4kdVk/Q9wV6/QlK92zHAQIS
c/uTfK+LsvwglIPKhViJqnOclu38QQ5/xp4dV2o5fwDBYFcD1FIYyWAd8IEzBndfl02WZjFvoK21
Prcfza6kgPatiet9JuCant8WTZbvJ2Ub5YIN0j9fc3/yyCGWuWtdasb4vsnim0uFcVlpNL0ehEu5
5xX27Nuh8wkg79/HILKp2njjX37gtThGvlmflzyBq7MP2CO61YKYWqVW5+UcdrHnbOzCtX5hT+aN
4zFyxvG4ly9u94ZfvHeTayoe+I/zwLEeSEuxWO3SbhwMJ1MUv7VZJTrfFMA5rRa8mh4eHk8PJWaH
ErHDDq/DLVqHEqveycaryzHtHiL0bPTLx4OR+Mel9J+ZcAMpteZ9VtyW+a1YItXCxgT8iJtRN4sR
CQID5MaJBNvG4Kz5HUO2Iz/Omj8pzNhz9iehks+5aHSa+uzPtNLdrJS4YmUh7hgtkfA7CuTayXAt
7IqWvOZLgW2z0bFrBbORXOntrrwnFFY6WSUcyjoj+95/Jh9/0if4u/vWT+/7L70v2N334el9f9X7
wt19YHkrybFo3jF351dZEy8209aQzWDIUPB6mzzLUeL5SB9JPPSbmP9x9PFbkfWtyPpWZH0rsr4V
Wd+KrG9F1rci61uR9a3I+v9SZB2M5pQR8pxKlILT+5XRYBsQiyCM7SuakTs2x6bxw+n10YQm2yxP
RlPbpFc0Wf0+EbejacrzWqAW0qFgNHW9CU7KqFKKvIkIwsgzJ1xEfJL64SRInDiKvCRyfeF7Xpx4
aZgCdqsRepfB0O5q9vqaXR4zC8czeSyzbdM02X43b5nP2NGrE8+lOmyxws4AuFomHj/AVjXu8hnT
78uaYJ+9fn2NAflwJ2u9uFyuSjD4Pay/4lUmamIOTxagpRKHv9YIIFijKz9rbI3tF2lspz7SyDA1
ueuCrEkU29wGmWZi+p6dClP4gfCJYxWM5nDJmwV2m+Nw7LyI+cRPrCA17SAN3NT3/ci2vCBOrNCy
IjMRwnZchwvsTjgkAZsul4eUQ0cID8YtgmrCGyqVwbOborwrXujfVNrOq7KuxSFI5nVBNdGtPXbG
5gvbtMPQdJzYmaSuY5oCovGELwIRBHE6sRMr8bzQpVPhGStRC17FC0n/kq/gWwiU1IYXQRTFpm3x
QCSRLVzuC26nAU/clIciDpNY2GkcBVQPP5F6Ap5N4P5FT4C1/tgxX6Q8Tf2Eh6YrvCD1wsjioWUH
4cRLeOxYti0C3zEDvgM9K3i1lj5CMtoeWy/AUhNisF3bSwPLBPFWaie+E4nUMlM3sBKeQP/EENKj
jLaAqfPCc/3AdyF4z4tiDronQTABeBFMYtuJbeh6PJlwewcgubZcujbqHYhbY8mpRHsRmLbtCTO0
/Ej4IYizHdMzPctyhD2xHJc7lvB4MNkBV+YSJaLRfGGGkfAE9xLfS23hOIkXWJBxmNhhbNux68WW
L6xkByXZatFZpwRFGiJi37Uj2wxFYE68KAJVE9MLY1ekaejGoe+4glthNASVl/MNBNPhkQW3l3Az
skI/4D634iABy4UFAwGEOPJsET+AYKwamWrUG7q8SFC8it0gxo6IO6Ftp2Hgp/ABEZCMIT3Ls9Ih
qI2dETaBI2LT8yPLxi8vjT0rCVM8hQlPfeFZInUiKL0zBFFEzQZCGMQuN90IMg2tiYDNBk7iRGYM
pkc2FN/iUZw41hDC9qOxXA1d6Isv8IcPUlCJluXC/wiHB1AT6KJvCgupTex59sR04ZaD1AUcGGjE
d/m8TWQVJFgImMo913VBkhfD6Dif0N8A6ZkJtRGx6zsBFzuWrJKODZdSMQEfo9RMPNsDkCCAM0k9
P7Rd37ejJHSSKIBm7gBZ5UNriHwewOhTGHuM7QkOTgLPT1OqGzzLjeFSTMsnZld8WYs1WUKOLEEF
KvhlcCbGH98VYiIcOzAdK7ImnmtGEwsaLQRYDU57scm3QNo2U7ECbhKOPYwiP40mKAS90EqhudDZ
xHWTOHKhKuBrarsJiQcecoXDD1XERvomtkYpoDCpE4Nz+I/bPIomKXd9PgngM0MPDhfuIpqEPTDa
2ShabImMG8PHgv445C7UzyPrsWMbZWDoOaEVCs+Di7QpylSLdllz3hHzMCzU62VaFmvoZr5Oszw3
Yt1kvQXfSIhwFEk48UNfhEmKWjNNEjsyHS8EnikilvCgJFYsHoO1jBQTNuCgWJYP95XAw1lmEvMA
quWncL8i9iagBSYseASTfAwcQldg9mBZ5LpdRyQIBHBxHMiFXCAQpDGiGEKnaU9cuNBPwbJ6ZIJn
lhWmTiLCiUgRC0M3cCg4xG7sgEYH/AzxE7DuRLQsP/CqOYT7FpWO/hT/vNBzYx8GE5gIIi4PXGi6
I+CT0sSaRDwyUwthZzIAsoJrMig+SfkSLjCMEI4oiW04V25FURhT8J/EkTlJEJaBW2j6APNx04eW
ucnxgjeveIGSrOrlcf3Rg9E2gTMpCcIIb5tFWQHAz0gD+SqjBmc/ucOoKDgqBSgQsnMkdAkqiiLR
O+oybU76A0suG99d47N3vMrRqY2OmEcZ5sXV9buLN+cnih911hC+1Gk9Rl6FIHSS1XTwgJqdmT5F
FIvNpyj6o7TULdKcqIyiNWWaoGmIxOfTdXL6l6ySyG4I2gwNKbHHE+Po/PLHI8seUARPOacM+mB0
dfFSjL4SgQrobHYrUZnN4H31px56mrqr66M3128vH9Imbq/LMq/7tHVDQ9qsCZI7qhAGhG3rDXYt
+PJrkdbhAFK22DxByqJpVjXKK/Bj0UZjZPi9AupwAwME/5glQmtCn+jB8K56WkP9xOJlJKDGX4lY
DW426yPxeeq5UFvHoAG0XbaVIMvt14Pd0JAmd2wNvcjIc1++NM0vIkkCvxTVsh49oG70kstQXl9W
JQ76CapZtvXlqdGNj7b0v1dnz2YdsttPf5P+R+ROSOlXgRswmjkK2SF31NiQPVB1IxdzHq8fYxL7
JwaqqKNxVqRZkTXrr6UJA05IxHofvwIvFBww4ypbrnLx+vK4x4ztWJ8ZjgwqdcFX9aJshuyIqvIm
E1/N6DU4aoNR67KPz5cSrkEdbmEQ0fKtbo9g/Zb3Hx5de68VPyf+XL++VrFYdS02+A/H/xfoGCDw
ufRQ9sORrQtUCTshpOt0SXcim2vjVVUiijeyjzPau9w8seMStjdn9O5/Vs2KvSvesIu4YZbHLH9q
ulPTZ+/OfmA2clZakPNi3gLV56KY0/OybJLndLcXmeysTVPbkz9j+VOOOK786dFqhY2xKqvmuRVa
jk2DdwvQZORZjTEJkt8b6r1m/dwyaWQOMpdlItR8WlaxMDZjZZrSKOhNqDfVPa9uV88Rw/EpydI0
i9u8WT+X56luX1NWRi2aBhl6/VxSJm5FbpBOPFcNzc1YLUTSW0I1wvOT05dHb8+vaVSJ3vitFdW6
Ox0aUxo1vxUah9tM3BkJSORFLJ4ruu+j8t4g1dJrBpXgeL2knHiPkTawWEqprWQpJIXFwAU2EDmE
x64XohasI4vxSrBmIVhZQNINHDiLeVGUDYsEy4o4bxOR4AN7oCQE66pcYmdKAHZh1jwVB6zETFUT
SBZVgt+wddlWGhbLUgbpUAFIJ0AwdDckXxPg1+JuA+4wESmHaGp2VxbfNYx6arxixL4liKWu05ow
bBZZrei+W4iCtat5xRMAGM8K0ioFbDorGNt7txCEGN2IobsOjG7HqEoMPKh4Uee8AVJyWqKa0ws6
kIpPopH8ogwwFky1gmhkSZCV3nUGMGWyw0sT9aJtElSUhr6TM2Wz0ebie7yYtZYQPsOAZVly2Ok9
pA4MaSQxP8rz8o6RIQBZpmsbdptx9p+kW7RGKpmhp3oo7J1KJdSbGBBnZAwMIgXXCFy0ZprXtF7r
7Ga6D+odSkSoDBjPk4ShFFfyIb7Tuw62FJxeBZGzYpBKJAhrcE/81nJ5EWme3WItavdWsH19KBzI
M4KuThRGJcgJGJALvbSYYlqe/bpFIlaR2h3V6yK+5vUNo/dRULSxXPC2huxI9ztKadmiKgukRazB
8vqANuQJ02YOgzlg1M6u1HtPyRs4UhpbtoV+v6SAX0n5gyaoYVXeZ1BBATaAJKnaxQY54q1G6Cwl
ZaY1pLQHLGu+o+tYldyWwDvHSqd2NrN90NDCsGzJFkmGoSmdSlC7ysyldlRtUZA4E3JF5UoKQb4I
qMcM+bn+zJbZfAFrr3i9OOhbp9Yc4khVtatGjSqGEWOWwE3TJYULq5Vd/kRZDL8tswRoP44B6Qjp
XAlGQ7vGPUWjjpZatNE0OHo48GqtrPbf8jKC9lCoZGochrDMGjL+JVLIaN2A4+xKsdqUzFUVqNx+
TVK7yyTnpUbBqu8MBahTslpSmGZAES5L3sUhMGklRHekUnJIqyU7ZvMSgirJR5BW0EFziaYhUZsy
k6jA6dJHq17t/3kKKPd4Cn+Ko38f/nVTriQK2r9uUNLgagb3saL2UbJBiE7tsLJM29WISSfwTlqF
xq/+7itgKO1CokQeg8UtolOB6MTEvYhb6X1LhbKySIpmm9XiPkY+UG8pUo7r4vp0yq5/PLti52ev
zq7Z0eXl+dnpFbs8fcOQv/3H6ZsDhkXs+gKrTtm7Hy/OT9nlm4vj06ur8a4LGPDDnniaHag7slJG
bHLENREYL4R0yZIbG2drgffIGRLpW+QSA65QKDcrQSHvA51w0NAmovdTyqaUDCkaRciClunDJGQF
BK5368gp/9VnXFAMoURAbhg/XE26oBNniG0lYsoXFGcJXSVXtXdDA9RLrOotqY6paa2fPY6SptzR
lM95FcEyjG2bXDqgx7krTY3Q0buY3gXfveRFK7OTPibI3Fro4LODLibsKmGnhiq8pilgKXqXWxMc
swvl85XCI70o2zzZ4JIhiNwVbIt/rQCvJPog1KM2XaFPeymdxYMgKVVHQdjQllblsgu2ardeYfRV
sy9hokZL8oFusEdUaqAdV11GSSKrcBKpoVbkpF2uVPqlcjymJwya6OR1Qov0Bom7RLOjAE8I8zB2
/giDEbQR+HDCLZSsrltBjqFZQGrzLh0lp0WnbbE66ASpcgSddY4VNrT0k3yiiiZetMVN3eF+zFc0
mi3bJWIswmvFuuqABMn0pWiJxZavZC+aldJiHuoYsvGVxkgeaFCa3CLouhuJnZRqalenKTcir6fg
q8WdCSlYemGfMpk5GDGHfW5oo86wzFWQPhL3gJ1KMBQUfYtb7VEUbqnDNs1PRU93Mi3uzlUMzKlO
0HCfBvWUHs4KfeFpqkMEUrNFmasUM+JNvJCpuEQZWRNUSAcZ6dtUaaRnVWiJxCbZVOFtry+lborc
arVuCPgBM6yeAKXw5MFG0yGjQ4D02ts8VhajlEIminIqdmSiT5sxqNEasx+RC8oL9pTcsePLtwfY
Cxwi2NddlkDtZa6gvOcGviHhT5nXpd3bjLyW3OmtHbOjBI5qwfP0ELWmKhMSAR3WR+FQRv0MUrCe
IW7DXg/YoKq5J69GKSbPx4yQeHtZXHbJ9rZCpFqCkLpD2KSN7apYGfp5p7p5pa2uzj6IjTwpLe/E
WFPA0ykT0nalHr3Q6oa22vRszC71npxXc7mB61JV64I8Ma34nEiATMC2epXLjIXqzyWQJ2PnFclJ
XadWBTXdfBJ1w15dv5WY1iCJyI7ahlEBL0W5PU4VF+PO1yyb1qBdU4ltvz4URVytV8rWU0adA+RC
SFg7MlEgU7NkzGSUWnBKAli2BG8akh2kIb+uDjd1IHGB0G4l0gviBLyudMQI0Vy681qJVKUSWNto
HSVKhGogaFenq6mTC5kknZxdHf2A/EjmU20hdYgcNn3FpSI3magkISNl1N9CSfr1xpbOra0nImrn
065o+55ZVKzplHUBdyXnma7ha9V1IGsu6lIFb20RFgFTWCtox4uyrGVnoqvVRFeNSy+e8Iazmt92
0YL6QrrDZdDc1rERYrKBqJI23bT5tcwK1RGQnPqO/RSV92T5FTs7Yfs/vT07eQa509c+7mj9HcRG
gqFXBTAOquGqRPNHpR+whnIruwLW/tMP5x18Xd/1Rr6Th1FrTCYOUrw6FZG0lV0LSYfRXmcrTeWx
mMvStXHfZslWIF13rd+9uZbtF2Vq6v+MoHgg12q7amvdBorhRBrlZvUeQ+2ZqvVJRMeoEKLdoz6F
YiAv5psapaBt+W4oPuhWDdp3j3bMFHOPlmVL3iNVsU47E7CsYy3FdvKOshUC8dNnGZyx+Y0M1b3N
kvBCqNI7EgpYJFKy/ZruxEtTWnR6JlWLhodBX5FPB23Ihw9kfBdVfesWpwnE08ewNB9Hk1fUh2e8
U3cg222m3xtsnJ0OT5SXsTTfOktUzCB6OGQKhavbqM+FOQVRrBCJCp3yYRPaZKtJKwePY5ELWSko
9Zan5tkNjqA6WXqinIP0eVXeNQvlx3AEZwsFrefkYP11o0KyRNYgbnSoGVvWKNLOTuoeXeSmSfIK
GlMXFjdk6pZTl+bIPQMhAZ7BbLYHNFEqbwW5bWttZDl+KEztvO54JqtZBBOUekqLVuWqzTuz0Q8U
7+UaHTYcmw6UZRBRKU+iiEueCymBLjBkk1s18qY61aG+oyyu1bDKFLRmAZGth062To8s06AvIewM
bRzDcHi1QE6elr2YDn9gqJdXm5ULyG2qUBmvlsvVOCslxnB16yUVhzDlhhqtcb1FncKUnmfbeUmC
dHN8Pq/EXLcUdf9RtVnoy3E3u/RJ/OBrLk4u6CqzoYOCyg/Ifd0JVYFw+YVGOrGWiG8JkGPj3lsB
xOkN59sVsNLCecBUCFTNa2VCJkQ3dmUs68WbY2rei34v7wDBYbXgMAtBnr0iHLq8FBEjFRVqD4P8
YkHBUM12sUtFDj7oDerXab1g2yIHR24jfWvnwjRAKWU1353xQKqKrr5Ym2y5jSA6GhNQWi+/GVur
9yXkxulA2fTUm7oG93h7gJ7pn9Bx7ul4r4OJkqSygF4vScMA+Ebzs+saLfSgcnHVppLQ3oGa8CjW
EpkGZekGEN15bSv1Soa8TddKUZ4X8LR36uItcjJe6zoNqTWnd7r6iRIg4KhlNe2Epuago9TTm7Kf
ZeaCpPVANvl+IaCyBNsG7/6rIkkGZdKVdPDURulevcn+yGNxVPpnWT7WsmKQ5TfkkwFXnQT00Vfn
ShzUR0Yv6yhWqZi6PXHKXp4fXatBKjUEddb+rG9ZH0zCe1BUiAPnPsmq5kA63T/rTE+9bOk3LZQR
U6ADa3VPkbda69SNB6a+zdFWnd/tKrVq85ZGOhXAQTiK5WuyuuOT0b3igQqotH7vpfQm8ii5fgBE
5sV65H1vxJD5ZS/xK1XuL+7h22pd5MY3VCbVsqCDc4syFChrlcjJdUQvUEEJpiKFMhVFpYSPzGhT
Uo8ORuIeab5M++W9PGQr/W8hRLG+jrwZobdvRcKrwVi5fJ+UDdzdYFRfz9wOtFXefybH0H9Os7wR
A8Dz5eA7EahwBrhksK3b/gDd9O8/9251bsdg5/q+gDWmG2uyQgFP+4tW8ZAPb0S6vaa7Ga2lq6+H
Q0iflv2Rq8vzwfHr+rdcfrVDf2Kbqaa8EQUi+oAFa77M9XVautzwIVupi2nhmC59f1B3qjer8Xi/
HDK5JGxs03Qsy6bbupcnFwNKk/K9xGR3EEPZUD6w+qKuBwvVVZOfXg1I3MEAj9Q+GJKFwbsq2xF3
7wa9Q/Sqi3eXix1to6RJfkvC1ve3iTHZXH19Qu+lb9ToqqK75E1bqcws9YCt+IVaJFeKSAqh9VBQ
0jLQxOSBELOB3CW3nP4QKrlW+uV5q7Srg/9XSrwuLmUjbLvh48f/BvGEs3U=
===END CRASH DUMP===
