PocketMine-MP Crash Dump Sun Oct 17 13:50:07 WIB 2021

Error: Undefined array key "name"
File: pmsrc/src/plugin/PluginDescription
Line: 102
Type: ErrorException

Code:
[93] 	}
[94] 
[95] 	/**
[96] 	 * @param mixed[] $plugin
[97] 	 * @throws PluginDescriptionParseException
[98] 	 */
[99] 	private function loadMap(array $plugin) : void{
[100] 		$this->map = $plugin;
[101] 
[102] 		$this->name = $plugin["name"];
[103] 		if(preg_match('/^[A-Za-z0-9 _.-]+$/', $this->name) === 0){
[104] 			throw new PluginDescriptionParseException("Invalid Plugin name");
[105] 		}
[106] 		$this->name = str_replace(" ", "_", $this->name);
[107] 		$this->version = (string) $plugin["version"];
[108] 		$this->main = $plugin["main"];
[109] 		if(stripos($this->main, "pocketmine\\") === 0){
[110] 			throw new PluginDescriptionParseException("Invalid Plugin main, cannot start within the PocketMine namespace");
[111] 		}
[112] 

Backtrace:
#0 pmsrc/src/plugin/PluginDescription(102): pocketmine\errorhandler\ErrorToExceptionHandler::handle(integer 2, string[26] Undefined array key "name", string[99] phar://C:/Users/nhang/OneDrive/M..y t..nh/FLOTV/PocketMine-MP.phar/src/plugin/Pl, integer 102)
#1 pmsrc/src/plugin/PluginDescription(92): pocketmine\plugin\PluginDescription->loadMap(array[0])
#2 pmsrc/src/plugin/ScriptPluginLoader(87): pocketmine\plugin\PluginDescription->__construct(array[0])
#3 pmsrc/src/plugin/PluginManager(300): pocketmine\plugin\ScriptPluginLoader->getPluginDescription(string[58] C:\Users\nhang\OneDrive\M..y t..nh\FLOTV\plugins\Notes.php)
#4 pmsrc/src/Server(965): pocketmine\plugin\PluginManager->loadPlugins(string[49] C:\Users\nhang\OneDrive\M..y t..nh\FLOTV\plugins\)
#5 pmsrc/src/PocketMine(293): pocketmine\Server->__construct(object BaseClassLoader#2, object pocketmine\utils\MainLogger#3, string[41] C:\Users\nhang\OneDrive\M..y t..nh\FLOTV\, string[49] C:\Users\nhang\OneDrive\M..y t..nh\FLOTV\plugins\)
#6 pmsrc/src/PocketMine(316): pocketmine\server()
#7 pmsrc(11): require(string[85] phar://C:/Users/nhang/OneDrive/M..y t..nh/FLOTV/PocketMine-MP.phar/src/PocketMin)

PocketMine-MP version: 4.0.0-BETA5 [Protocol 465]
Git commit: b65e89b605aeba5f7958d3cbb6db47e766cd6f9f
uname -a: Windows NT PC 10.0 build 22000 (Windows 10) AMD64
PHP Version: 8.0.10
Zend version: 4.0.10
OS : WINNT, win
Composer libraries: 
- adhocore/json-comment 1.1.2@fc2f76979f0a44a5f5bc2a2b600d0762fe0e78e7
- brick/math 0.9.3@ca57d18f028f84f777b2168cd1911b0dee2343ae
- daverandom/callback-validator unknown@unknown
- fgrosse/phpasn1 v2.3.0@20299033c35f4300eb656e7e8e88cf52d1d6694e
- netresearch/jsonmapper v4.0.0@8bbc021a8edb2e4a7ea2f8ad4fa9ec9dce2fcb8d
- pocketmine/bedrock-protocol 2.0.0+bedrock1.17.30@faff7da904e68f69b1a9128956dac3122e87308a
- pocketmine/binaryutils 0.2.1@8cd078e2426f8100331f2d73bef10f481dad6cde
- pocketmine/callback-validator 1.0.3@64787469766bcaa7e5885242e85c23c25e8c55a2
- pocketmine/classloader dev-master@80226e0917be79ac3230606113e25134a31e6a85
- pocketmine/color 0.2.0@09be6ea6d76f2e33d6813c39d29c22c46c17e1d2
- pocketmine/errorhandler 0.3.0@ec742b209e8056bbe855069c4eff94c9734ea19b
- pocketmine/log 0.3.0@03ab1316da0b1978a7a1c8dd73e1c2a973cb62ec
- pocketmine/log-pthreads 0.2.0@6be3445c48c62eba3922f987f000bb20c81d161f
- pocketmine/math 0.3.0@83ec067b12c066fc61d9fb129daf7e61ef3b1d63
- pocketmine/nbt 0.3.0@98c4a04b55a915e18f83d3b0c9beb24a71abcd31
- pocketmine/pocketmine-mp 4.0.0-BETA5@b65e89b605aeba5f7958d3cbb6db47e766cd6f9f
- pocketmine/raklib 0.14.2@e3a861187470e1facc6625040128f447ebbcbaec
- pocketmine/raklib-ipc 0.1.1@922a6444b0c6c7daaa5aa5a832107e1ec4738aed
- pocketmine/snooze 0.3.0@fe5b1dbf0d6267da882d1f67924772bd93db833d
- pocketmine/spl dev-master@b7a8904f912c1f6d38ad867ff1120614ccb80171
- ramsey/collection 1.2.2@cccc74ee5e328031b15640b51056ee8d3bb66c0a
- ramsey/uuid 4.2.3@fc9bb7fb5388691fd7373cd44dcb4d63bbcf24df
- respect/stringifier 0.2.0@e55af3c8aeaeaa2abb5fa47a58a8e9688cc23b59
- respect/validation 2.2.3@4c21a7ffc9a4915673cb2c2843963919e664e627
- rhumsaa/uuid unknown@unknown
- symfony/polyfill-ctype v1.23.0@46cd95797e9df938fdd2b03693b5fca5e64b01ce
- symfony/polyfill-mbstring v1.23.1@9174a3d80210dca8daa7f31fec659150bbeabfc6
- symfony/polyfill-php80 v1.23.1@1100343ed1a92e3a38f9ae122fc0eb21602547be
- symfony/polyfill-php81 v1.23.0@e66119f3de95efc359483f810c4c3e6436279436
- webmozart/assert 1.10.0@6964c76c7804814a842473e0c8fd15bab0f18e25
- webmozart/path-util 2.3.0@d939f7edc24c9a1bb9c0dee5cb05d8e859490725

Loaded plugins:

----------------------REPORT THE DATA BELOW THIS LINE-----------------------

===BEGIN CRASH DUMP===
eNrtWvtz20aS/lem6K2yvEtQeBEPbillx3IurrMjXSSfU2v6VANgQCICAS4eenjL//t93TMgQUnJ
vvLD1VWyWxYxmOnp59fdg/nbJK+bjeyublTTFnU1WfjTSVds1GThBJ7vzz3fDmd+NPccbzrpt/qV
PYvtyAvcKJj7fhjH0XRSyrZ70zR1M1n8bdLdbzFrws9v7lKFZSA9nWxU28oVvfpQZSovKpUJ2TTy
Xlyre7GcVHKjlhNMzPuy/K4oaeZ2LZvF8fHrxfGHFjweV2tZrY7PKnXaFDfq+P2yt23l3IuOf2TV
+vi7d2eX/318XqfXqnuPPaz35zOictw26fG27FdFdXzOf05VmzYFc4cZW9rYbLqhub82H3NL0Iaa
bBcaa2SK358mz2zx99ceYc2LhdgyhxtQWS4VqQqSZaVqlktW3GW9U933+sVioWccFVWnVqoR7lS0
XVNUq09u8Fn8mk53E+P4s/h7Kp3NoM7Z7B9W5VQMDJFg0Mwz5x/RQvxQCXrmcvloqvVNWcvsvdwe
sWSf7M+8i/t4lwteogm8wxrVHEXhP77N1VVaV9BUn3aHW3m/JNB7WcGjmyPPtn9hm8csWd+sVPdY
H8ZC8+izeL1YLtk2yyUbZ7kcrLNc7s2zXLJ9hq0w+Ye6Uy25MjPtj5i+UA1C/CgO5r+qDSOOVrge
agfG/PhfZ4z5mY/42fvUkRt7D3jSzB6ao05+VmknvpWteg2wabUqnyEEzJsxgb4rSuz6XpLKVxDo
mbeLAN/5p8XYr/13VRA8rQLPCR6ooNX24kWhXnTkOJjUqL/2RaMGo0Tz3yyed8MvJp+/Tifqt0Pz
fwVUwYGedlVUN3V5ozaq6kClqjFhOknrTBFzsYexZfcVQ7GPn/R3zkPHf/wjPQT8IP4oXm5lIzdi
U9yp7NNn8QdNnaaEuynduqlvW/GIsXPZtGosexyZNcf0EPPDFtqWnRJ5X6U0TRyA1rDhC7EQN3WR
/Q0LHdvmlcvuD926aK1vNnIrToaZf+YZjhYKGjmcStrdz/00qPuzXuWZyUV+tG3U6gopPl0fPT/+
n0+vrL9I64ttxeJqZn3+0x+On0/FiOQLcXJyIuwXmj3fkFl2rBlRqdu/p5yj5eRtdSPLIjMzhWbs
hWZsbih+5afgSZng2leN2pbIqaAmKHstJ1f0Z8yophceUjBlDIiYAHkx0pB5uVNS9FD5RXWgURrY
TY73GiXK27o9Gq0jDsfhi/8mB6p07N9ClXqrVFZV3UFNsunEbQEuKtGtldjHNeu83UKBg+IdZ6x4
h5xp8vX3wuX3wuX3wuX3wuX/UeEynaxUpRpZUnFAEAKgO1gGvhKYYt/wTvyZPbOtb99cvprTy74o
s8nCtR30dUV7lambySKXZatQkDR1V6c1aPvBHDsVVJAkwVxFcRLYc6kSOc/DeB5lXpokQZb4oQqD
IM2CPM5BuzcMfSyqjOqMHy7F+Wtgz8wWvK1wXdu2xdHw3rFfiFfvTwMfa6k/XUwi8IpUMp18UVVm
eOdnvL6qW6L99ocfLjHAD7dc4KT1BulKNVdlkTSyKVRLypHZGrI06vjnFgiCOabAcmbOzH2Zp24e
BnEY57b0fYg1T1JXuhDTzuwwcHNlqzBSIWmsKdLrY1QYa6y2Z/HMe5nKeZg5UW67UR75eRiGiesE
UZo5seMkdqaU6/mepEIuk7AEskO9OU5lWSYyvbY458mOyk/o7Lqqb6uX5i+Vk6umblt1DJFlW1Fe
u3Fn3sx+6dpuHNuel3rz3AeuKZgmUKGKVBSl+dzNnCwIYp92rVTXqFbJJl2z/Ci8toq2u2FveBkl
SWq7joxUlrjKl6GSbh7JzM9lrNI4S5Wbp0mUkeZ3zn+cqKzBk7X3k4lL5P5kXkC14cyzX+Yyz8NM
xravgigP4sSRseNG8TzIZOo5rqui0LMj+YB6UcnmnhGCFe3OnJdQqQ0zuL4b5BHKSc9zcjcLvUTl
jp37kZPJDP6nDik9qWgHnHovAz+MQh+GD4IklZB7HkVzkFfRPHW91IWvp/O5dB8QJGArGdhACSFj
bWTbqeZlZLtuoOzYCRMVxhDO9ezADhzHU+7c8XzpOSqQ0fwBubpklkhG+6UdJypQMsjCIHeV52VB
5MDGcebGqeumfpA6oXKyByyNCxMmRR6i0tB3E9eOVWTPgySBVHM7iFNf5Xnsp3Ho+Uo6cXJIqqxX
Owq2JxMHqJdJO3HiMJKhdNIog8qVgwABhTQJXJU+omBtUfcpmbU7uYJE0Qlb6kcpViTSi103j6Mw
BwYkYDKF9ZzAyQ9J7eKMuIk8ldpBmDgu/gR5GjhZnOMpzmQeqsBRuZfA6b1DElXS7SjEUepL209g
09iZK8Rs5GVeYqdQeuLC8R2ZpJnnHFLY/7Q220MIfflP4OGIYiOvgU7MluMDf5QnI7gJfDG0lZPL
NA0Cd277gOUo90EHAZrIh3rWVKxim2pKiBAoVQa+70OkIEXQSTmn/0eei+ZBOSr1Qy+S6kEkt1Vd
f1E7LeVqDj0muZ0FbgAiUQQwyYMwdv0wdJMs9rIkgmc+ILItD6MhCWWEoM8R7CmWZ9g4i4Iwz1GQ
Iyj8FJBiOyEpG61qq+4pEkrF3SRHqAvNpPgv9JWaK8+NbM9JnHng28kcvVWgFFQNTQepLfdE+r7Q
uQIwCWCPkyTMk7kXRUHs5PBc+Gzm+1ma+HAV6DV3/YzMA4TcYvNjnbGLvFD7oFRwmNxLoTn8T7oy
Sea59EM5j4CZcQDABVwk83hExoCNlsVlZvwUGAv501j6cL+AosdN3cj34sCLnVgFASDSpSzTrPtN
K+UgzOO00N5v8rq6h2+W93lRllZqDi5uoDcyIoAii+dhHKo4y2MvyrPMTWwviMFnjoylAjiJk6qn
aG0SrYQdOTiWEwK+MiCcY2epjOBaYQ74VWkwhywIYSUThORT5JC6IntEyyHo9j2VIREA4iSYi6VC
IshTZDGkTtud+4DQX6LljMSEzhwnzr1MxXOVIxfGfuRRckj91IOMHvQZ41/QulXJpv6CLvIY8K0a
k/0p/wVx4KchAiaykUR8GfnwdE8Bk/LMmScysXMHaWd+QGQLaLIoP7F9iRcERgwgylIX4CqdJIlT
Sv7zNLHnGdIyeIvtEGS+7o57gI+fUMXxYY1C0NDz5HHhR5WeLjVnyLbI3R2XNZNn57sn8bqu8mIl
6Php2SyrZxeyE2couJ1AOOHC9hd2KD6+/VagbnBoQonqs0cXcaJQHON5U3fZCX1WgGGXfZ67Af+b
8r884vn8b0CzNTfWtm66E5Q5nkuDt+uiU1ZZtBhjkvLO2pbyHnKdODaNrCDmps6Ufp/XTaqs3Vid
5zQKeTMq1Ybn7c32pK7oV1bkeZH2ZXd/wvvp4hcJ3WpV18Fh2xOWTN2o0qLq80RX97uxVqlsNIVC
5uT0zXevPry7pFFVyaRU1l971dwPu8u+q60WZZvh4aZQt1YGEWWVqhMt911S31mYuDZzDoBxdr8h
F3kmqM0RKVupbxgZ2FgCWhAHJofxxOUaBZsYxBKyUXzoUVewdLeGac2xSKLQ1adln6kMP8QjJyFa
F/UGK3Mi8JBmK3OF1gxvmpZIigRZ+1rc131jaIkiF7AO4SHtAMM0gLfyngj/oG535I4zlUuYphW3
dfW8E1RiykaQ+pDECyrC7gUf3RStlvt2rSrRb1eNzEBgtqzIqzSxxbIS4tnHtSLGRFdjlyoTIGE6
POgAVXRbyg5M8WtmtayxDUTFL9WxvpCOilQJXRnRyIYoa78bAmAhuOGhF+2679CLVJY57V2I5WT3
zS1dL3tHqVBgwHEcHvZGD7mHQJow56/Ksr4VFAhgVphQFzeFFP9FvkVz2Mks82rEwrM37IRmkQDj
goJBwKTQGpFL7oXRNc03Prt7PSb1EYgJl4HiZZahJW21fUjvsMi12CjZ9g2fNQtYJVHENbSH3lWW
pNcVGtNKIJX1ShyZTQEgL4i63lFZjSIQsGAX6uAXeM17/9BvEpgEbveqva/SS9lewzOaazjajCeg
Cc7Y9wdJadq6qau6h3kxvZ3SAvSJJswRMFNB3R0E4WNP0g3wmMY2fQUX40+bTPyC7Q+Z4IZNfVfA
BRXUAJHYtasdc6Rbw9DbnJyZ5pDTTkXRPYf6uoaXZUDnVPvUg8XiCDL0CCyX1cJiWEbSBZN66MyS
vaPpq4rMmREU1Vs2AvfF7UycqhvzW2yK1RrR3sh2PR1Hp/Ec0kjT9NtOj2qFkWI24M3IxcZF1HLT
m+mIkXQqD7af5oB8hHwOnWcB75qNHI0KPD1p52kAegB4c6+j9j/KOoH3tHXeCT2OQNgUHQX/Rq1k
ck+HX+JCq9pm5RYt0ebll2S124I1zx6FqL61NKHByVqWMC/AIiAL3FdMK2+UGrbUTg5r9RTHYlXD
UDVhBHkFbbRiNi1mbSFskgK7M0br1uX/vAR0PP5r/FMe/ff4b7t6yywYfN2xZMi1AvCxpWoq2zFE
uw5cObbrG8YYBD5yVBj+2ue/AYccF8wSIYZIe2SnCtlJqDuV9oy+tWZZRyRls91sdZeiHmj3Emng
Ort8sxCX37+9EO/evn97KV6dn797++ZCnL/5UXw8+/E/3/w4FZgkLs8w6434+P3Zuzfi/Mez128u
LmYPIeBAH+48MOo4V01Rc8YmIG5JwHStGJJZGzuwdaB71AwZYwtPsQCFSsMsk0LdBzkB0PAmkveX
nE07GUo0ypD0ue7WbMaUNRFA7x7Iu6ZXZo8zyiFUCPCC2ePZ5AsaIDKYDQ0Q1Qtas8Sutqteu5MB
7qW27V5Uzzayti+eZslI7hnJV7JJEBnWvmtkAHpauxxqxI5ZJcwqYPdGVj1XJ2NOULn18MEX0yEn
PHTCwQ11es3RCHVa3s0+BGfiTGO+dniUF3VfZjteCiSR20rs+W814S2zD0ED2zayYrfvGCweJUl2
HU1hJ1ve1Jsh2erVZoY1ds2xhUkaY8lHviGecKkD77gYKkoyWYOdyA2NI2f9ZqvLL13jCfPCoheD
vU5pklnAvDObgwR4QppHsMsnFIykjcSHHW7gZG3bq5a/EcJqq6EcJdCi3fZcTQdD6hrBVJ0zzQ1N
/UU9UUeTrtGGtwPvr+WWRotNv0GORXptxNAdkCGF7n80F3u9UrwYVXLEPPYxVONbwxFvaFGZ3CPp
+juLndb61UOfptqIUE/T15OHENK0zMSxZFw5WKlEfO5kOwUrXKugfCTtgTtdYGgqW0lNi9BrtIR7
6bDM6FPLM+xMk4d9tQJL6hMM3V8n9Wt+uKwq1ZHBFiZFoDRb16UuMRO6EMClOLPc0qdQYZIMY5tu
jcxbnVoStSs2dXp7NrbS8Ipgtbmnj9KrqbCckQHZeLyx1Q3MmBTAqL2vY7kZpRIy05JTs8OFPi3G
oGFrJr5HLQhfOuHiTrw+/zDFWvCQIL5uiwxuz7WCRs8dfYvpL0QwlN37irxl7YzmzsSrDEC1lmV+
jF5TtwmZgg+brbAp3/QgBxsF4j7tjYgddDV3hGpUYspyJoiJD+fV+VBs7ztE6iWIqVukTVrYb6ut
ZZ4fdDfvTdS1xRe1syeV5YMZW0p4pmRC2a7dY5Ra/djVi17MxLlZU8pmxQukaVWNL/COeSNXJAJs
ArW125IrFuo/N2Cegl02ZKfXZYFZuqGmD4Gq7cT7yw/MaQuRSOyk7wQ18GzK/Xa6uZgNWLPpeotW
LZjbcX+oqrS53+pYzwWdHKAWQsE6iIkGmQ5LZoKz1FpSESCKDXTTke1gDb4LC5iaMi8w2g0zvSZN
AHUZiJGiJcN5q02qSwnM7YyPkiRKHyAYqDPd1OkZF0mnby9efYv6iOupvmIfIsDuCSkJJjNdJBTk
jObuUzbuN/Zy7mM9U0m/WgxN2zfCoWbNlKxrwBW/F6aHb4W5MEIfqWudvE1EOERMc62pvV7Xdcsn
E0OvpoZunFE8k50UrbwZsgWdC5kTLove7YGNGKPfU120mUObn+ui0icCrKnn4qekvqPIb8TbU3H0
04e3py8E314CD5h/C7ORYQqkewQH9XBNZvSjyw9EQ723XYVo/+nbdwN909+NRp7zZnxfhs9NyLym
FGHZ6uEIyaTR0clWnvO2eFfk99ZdX2R7gwyna+PTm0s+ftGhpq9dax3wXBNXfWuOgVKASKdh1qyx
9JqFnp8ltI1OIQYezS6UA2W12vUoFS0rH6bi6TDr4PjuyRMzrdxXm7on9Mh1rjNgApUNqqXcTujI
RyEwP/3m5IzFP3KqHi1mwSulW+9EaWKJyin22628ZacgH9XU2bVo+DDpa/Fpo534wEAhH7IKWVLO
WkIhnz7Fpf00m7IBpUzIwd3B7LCY/u648R6c8CRlnXL4tkWmcwbJI2FTOFzbJ2MtrCiJYobKdOrk
h11q46Mm4xwyTVWpuFPQ7s27lsU1tqA+mZGolBB91dS33VrjGLaQYq2pjUAO0d92OiUzsxZpY2DN
2qtGi/b2tB3JRTBNltfUhP5+vxPTHDkNZQ6vOTAS6FnCFc/AJlrlvSH3x1o7W84eG9OA160suJtF
MkGrp71oW2/7cggb80D5nueYtOG5tCG3QSQl70QZl5ALJYFpMPiQWx/kLUypQ+eO3FzrYV0pGM8C
I3uEzvagR5Fp0V3VB0M7YDgc3q5Rk+f1KKcDD6x1121HM9ew20KzMttuNttZUTPHgLr7DTWHCOWO
DlrTds86pSnzXuzfswgMc3K1atTKHCma80d9zEJXBK8fysf8AWvOTs/oZo9lkoKuDwi+bpXuQCRf
dKQdW2Z8LwCPzUZfBZCnd5rvt+DKGOeRUmFQ/d44EyohusDCuWyUb17T4b0an+VNkRy2a4mwUITs
DfEw1KXIGLlq0HtYhIsVJUP9dshdOnPIg7NBc4lolGx71OCobRhbBwgzBNnK+v2wxyOrarnGZu2K
zT6DmGxMRGk+eT0lDLIiwThtyIeeZtFwwD3bb2DejHcYNPfr+d4kE21JHQGjsyRDA+Q7o8/h1Ght
BjXENbtOwqADHcKjWcu4DCryHSG6AtI3+pMMoc1wlKKRF/QMOg35FjWZbE2fhtJabrbl8EQFEHg0
tloMRtPv4KN0prcQn7hyQdE65UO+z0SUW7B98h5/KmIxqJJuGODpGGX49MbnI0/lUcZnbh9b7hi4
/YZ9CvBqioAx+3pf5kH/FPSxjnKVzqn7HRfiu3evLvUgtRqKTtb+bC4dTefxHSSq1NS7y4qmmzLo
/tlUevpjy/jQQgcxJTqo1pwpyt54XQljpfdCX23smwF3h06t2X2lYVABHb7Fne0SIUhYwyceuIAu
6599x2jCW/H8AyJcF5uRq9GIxfXlqPCrde2v7oBtrWly02tqk1pu6ABuSYEG5V4XcjyP5AUraMF0
ptChoqVk+qiMdi31ZDpRdyjzueynK3SvUa2ML+Ulqbmdsxuhr29VJpuDsXpzldUd4O5g1NxW2A/0
TTl+JmAYP+dF2akDwqvNwRVBdDgHvBSIrZvxAF18Gz+PLjnsxxDnPItu09AVK+5QoNPxpG16qIcf
Vb6/tbIbbRnq28MhlE+b8cjF+buD7e/bv5Z809H8ErtXXX2tKmT0AxXcy01pbpfQLZovxVbfaYhn
dAfqi75itJuNx7vNoZJr4sa1bc9xXLq8cn56diBpVl8xJw8HMVQc2gdRX7XtwcSLguL6p/cHIj7g
AI90fHAoFgZvm+KBuUcXyjySl26qguH1A2+jookvDbrmOhMppljp24RmLV0wNV3FcOeJllKbWZsB
V+sLvUipHZEcwvihoqLlwBOzR0YsDuzO2vLGQ+jkesblVa+9a6D/Fyq8zs75IGy/4OvX/wUh29Cd
===END CRASH DUMP===
