PocketMine-MP Crash Dump Sun Oct 17 19:09:05 WIB 2021

Error: pocketmine\world\generator\GeneratorManager::addGenerator(): Argument #3 ($presetValidator) must be of type Closure, bool given, called in C:\Users\nhang\OneDrive\Máy tính\FLOTV\plugins\MultiWorld\src\czechpmdevs\multiworld\MultiWorld.php on line 68
File: pmsrc/src/world/generator/GeneratorManager
Line: 72
Type: TypeError

A PLUGIN WAS INVOLVED IN THIS CRASH

Code:
[63] 	 * @param \Closure                        $presetValidator Callback to validate generator options for new worlds
[64] 	 * @param bool                            $overwrite Whether to force overwriting any existing registered generator with the same name
[65] 	 *
[66] 	 * @phpstan-param \Closure(string) : ?InvalidGeneratorOptionsException $presetValidator
[67] 	 *
[68] 	 * @phpstan-param class-string<Generator> $class
[69] 	 *
[70] 	 * @throws \InvalidArgumentException
[71] 	 */
[72] 	public function addGenerator(string $class, string $name, \Closure $presetValidator, bool $overwrite = false) : void{
[73] 		Utils::testValidInstance($class, Generator::class);
[74] 
[75] 		if(!$overwrite and isset($this->list[$name = strtolower($name)])){
[76] 			throw new \InvalidArgumentException("Alias \"$name\" is already assigned");
[77] 		}
[78] 
[79] 		$this->list[$name] = new GeneratorManagerEntry($class, $presetValidator);
[80] 	}
[81] 
[82] 	/**

Backtrace:
#0 plugins/MultiWorld/src/czechpmdevs/multiworld/MultiWorld(68): pocketmine\world\generator\GeneratorManager->addGenerator(string[53] czechpmdevs\multiworld\generator\ender\EnderGenerator, string[5] ender, true)
#1 pmsrc/src/plugin/PluginBase(94): czechpmdevs\multiworld\MultiWorld->onLoad()
#2 pmsrc/src/plugin/PluginManager(259): pocketmine\plugin\PluginBase->__construct(object FolderPluginLoader\FolderPluginLoader#51, object pocketmine\Server#10, object pocketmine\plugin\PluginDescription#23029, string[59] C:/Users/nhang/OneDrive/M..y t..nh/FLOTV/plugins/MultiWorld, string[59] C:\Users\nhang\OneDrive\M..y t..nh\FLOTV\plugins\MultiWorld, object pocketmine\plugin\DiskResourceProvider#23131)
#3 pmsrc/src/plugin/PluginManager(398): pocketmine\plugin\PluginManager->internalLoadPlugin(string[59] C:\Users\nhang\OneDrive\M..y t..nh\FLOTV\plugins\MultiWorld, object FolderPluginLoader\FolderPluginLoader#51, object pocketmine\plugin\PluginDescription#23029)
#4 plugins/DevTools.phar/src/DevTools/DevTools(70): pocketmine\plugin\PluginManager->loadPlugins(string[49] C:\Users\nhang\OneDrive\M..y t..nh\FLOTV\plugins\, array[1])
#5 pmsrc/src/plugin/PluginBase(136): DevTools\DevTools->onEnable()
#6 pmsrc/src/plugin/PluginManager(425): pocketmine\plugin\PluginBase->onEnableStateChange(true)
#7 pmsrc/src/Server(1299): pocketmine\plugin\PluginManager->enablePlugin(object DevTools\DevTools#22904)
#8 pmsrc/src/Server(966): pocketmine\Server->enablePlugins(object pocketmine\plugin\PluginEnableOrder#22894)
#9 pmsrc/src/PocketMine(293): pocketmine\Server->__construct(object BaseClassLoader#2, object pocketmine\utils\MainLogger#3, string[41] C:\Users\nhang\OneDrive\M..y t..nh\FLOTV\, string[49] C:\Users\nhang\OneDrive\M..y t..nh\FLOTV\plugins\)
#10 pmsrc/src/PocketMine(316): pocketmine\server()
#11 pmsrc(11): require(string[85] phar://C:/Users/nhang/OneDrive/M..y t..nh/FLOTV/PocketMine-MP.phar/src/PocketMin)

PocketMine-MP version: 4.0.0-BETA5 [Protocol 465]
Git commit: b65e89b605aeba5f7958d3cbb6db47e766cd6f9f
uname -a: Windows NT PC 10.0 build 22000 (Windows 10) AMD64
PHP Version: 8.0.10
Zend version: 4.0.10
OS : WINNT, win
Composer libraries: 
- adhocore/json-comment 1.1.2@fc2f76979f0a44a5f5bc2a2b600d0762fe0e78e7
- brick/math 0.9.3@ca57d18f028f84f777b2168cd1911b0dee2343ae
- daverandom/callback-validator unknown@unknown
- fgrosse/phpasn1 v2.3.0@20299033c35f4300eb656e7e8e88cf52d1d6694e
- netresearch/jsonmapper v4.0.0@8bbc021a8edb2e4a7ea2f8ad4fa9ec9dce2fcb8d
- pocketmine/bedrock-protocol 2.0.0+bedrock1.17.30@faff7da904e68f69b1a9128956dac3122e87308a
- pocketmine/binaryutils 0.2.1@8cd078e2426f8100331f2d73bef10f481dad6cde
- pocketmine/callback-validator 1.0.3@64787469766bcaa7e5885242e85c23c25e8c55a2
- pocketmine/classloader dev-master@80226e0917be79ac3230606113e25134a31e6a85
- pocketmine/color 0.2.0@09be6ea6d76f2e33d6813c39d29c22c46c17e1d2
- pocketmine/errorhandler 0.3.0@ec742b209e8056bbe855069c4eff94c9734ea19b
- pocketmine/log 0.3.0@03ab1316da0b1978a7a1c8dd73e1c2a973cb62ec
- pocketmine/log-pthreads 0.2.0@6be3445c48c62eba3922f987f000bb20c81d161f
- pocketmine/math 0.3.0@83ec067b12c066fc61d9fb129daf7e61ef3b1d63
- pocketmine/nbt 0.3.0@98c4a04b55a915e18f83d3b0c9beb24a71abcd31
- pocketmine/pocketmine-mp 4.0.0-BETA5@b65e89b605aeba5f7958d3cbb6db47e766cd6f9f
- pocketmine/raklib 0.14.2@e3a861187470e1facc6625040128f447ebbcbaec
- pocketmine/raklib-ipc 0.1.1@922a6444b0c6c7daaa5aa5a832107e1ec4738aed
- pocketmine/snooze 0.3.0@fe5b1dbf0d6267da882d1f67924772bd93db833d
- pocketmine/spl dev-master@b7a8904f912c1f6d38ad867ff1120614ccb80171
- ramsey/collection 1.2.2@cccc74ee5e328031b15640b51056ee8d3bb66c0a
- ramsey/uuid 4.2.3@fc9bb7fb5388691fd7373cd44dcb4d63bbcf24df
- respect/stringifier 0.2.0@e55af3c8aeaeaa2abb5fa47a58a8e9688cc23b59
- respect/validation 2.2.3@4c21a7ffc9a4915673cb2c2843963919e664e627
- rhumsaa/uuid unknown@unknown
- symfony/polyfill-ctype v1.23.0@46cd95797e9df938fdd2b03693b5fca5e64b01ce
- symfony/polyfill-mbstring v1.23.1@9174a3d80210dca8daa7f31fec659150bbeabfc6
- symfony/polyfill-php80 v1.23.1@1100343ed1a92e3a38f9ae122fc0eb21602547be
- symfony/polyfill-php81 v1.23.0@e66119f3de95efc359483f810c4c3e6436279436
- webmozart/assert 1.10.0@6964c76c7804814a842473e0c8fd15bab0f18e25
- webmozart/path-util 2.3.0@d939f7edc24c9a1bb9c0dee5cb05d8e859490725

Loaded plugins:
ChatManager 0.0.1 by  for API(s) 4.0.0-BETA5
ChatThin 1.4.1 by PresentKim for API(s) 4.0.0
CommandDisabler 1.0.0 by  for API(s) 4.0.0
DevTools 1.15.0+dev by PocketMine Team for API(s) 4.0.0
NotificationSystem 0.0.1 by  for API(s) 4.0.0-BETA5
PureChat 1.4.11 by 64FF00 for API(s) 4.0.0
PurePerms 1.5.0-legacy by 64FF00 & ProjectInfinity for API(s) 4.0.0
SimpleNPC 3.0.0-snapshot by brokiem for API(s) 4.0.0
Sound 0.0.1 by  for API(s) 4.0.0-BETA5

----------------------REPORT THE DATA BELOW THIS LINE-----------------------

===BEGIN CRASH DUMP===
eNrtWwlz20aW/iu9VGojzZIULoIAZ521IskzqrEtrSWPUxO6XA2gQWKEg8EhiZ7Kf9/vdTcOUrLj
TLI1W1t2UiLQ6H797guNf4ziosx4/eFOlFVS5KOFMx7VSSZGC9O1HWduzZzZdOb6jjUbj5qNfjQ1
Hd8zTcPyHduxDKxJeVWfl2VRjhb/GNXbDWaNbvCjxsajTFQVX9HopghvRZ0luVgu74syjZbLlchF
yeuiXC7/1F6+4jnml4sFj6Ju8PBowU7KVZOJvGYHNjv8ZlOKStR/5WkS0YQjljVVzQLBipgRGuw0
LaqmFGMWFEXKVsmdyMcs5GkqIpbk7HSxXL6tQPxyma95vlouL3NxVmLacvlq2RiGMLeslhdRvl4u
X7y8vPnrcrlJm1WSY9GrJq2Td4qMqgyXy/CjCNebLBJ3eJrRU01kP3O6WW9YkbMUPGCuB+7ETZq+
SFLJnjUvF8fHp4tjidaxxOq4Rer4MU7HEqXjK8nWVwA5eXU1JSjHwOdYbn7cMfh4n7+ECyGgN89o
zZeswxpCf7SYW1CYkoe4/HF0YDDNmeOeXAlvwJbjniuDWYeuB+H+OuWYfLejHFVdJvnqx5n9nn1S
CgNoIo8Efs7ppwMyZi2U90xOGLO6bMQR6D0wWc8fRebxlfz5nlfi0HeA/xdIf/Jdkb8seHQoYVqf
gqlJPLRm/h5f1LTlst978t2HD2GRA/MmrA+L4O8irNmLIgX6ahLtR7Q+HjuYmWOmVww3uRYlXMKB
aTz5dBeFM1GFZQLfUOQHlg2n0DPRf88+qcnTKbR4Ou00+LHm7MH5jKV2sD5noZ8l5Sypbt+IqmjK
UFyVxV1CzLFs0zalnOxfkpPte5+VU6eySV6LMucp8V89OvzfofK3KcAviFgyxems/Uzc3cC/Vr3j
aUe6i8O58WUMSjvGVC1nnN/AmTHjZcm3P5rvJc6zzxqxabtAskUZWqGvyGjPcx6kQpmt+0vqgHj5
BWbbAr2ueS1OiSpx2Lmb+WAPZY6HpuX7X8ZEIeFq/dLifUzWgWX5hiN38x7v5rvu3mbqwS706vAX
tUcReVlKk7I8X+3oD3bso9eh5duf2PUJJ0dsPEXuUWlltp7U5aZOiOpXnJR+Bf4c2J1rccxfrVr9
2t+gliqiGE/zwDb3OV8pkahVOhAdmiZmleKnJilFayoeAtcv5RD7nvcTuUM3fDR6//N4JL6md/9s
evcbsiswXmHzIcnvivROEHMALMkjSD2sMTUsIkFycW2ML2v2B/Z8w0ueseVSs4d94t8+f9kpOBfw
8JbVBbtTo4J1eLJCRoCKoWhgubhnko4KKLjO3tZSHJ/5900Bdb4vE4B/txb1WpS0JeCGkK1+BHVm
PN8y8ZBU8qYUK1yJErLtcbpP6jUDAFbxTLAcfwifmcaHrt0et/Wmqnk+2WOPtp0jtmD/dZFLujuJ
XCqSzx9CIa8e8Yx2mA928z6xW0huaqJ2+s8O/HfsG/mAVvo9lLnRQanXZXFfAVmNWWsgHUY03dTT
j+nGkjebJkiTkMVNHkq8n0iV9d6tP2PfEPfGA7XZp1Wb2UB4z1jM00oQ6+6KJPoH7a/UcFm/Jbe7
WNSiUhAucmJHKA7bbTt8Fgs5cvRHWk6qRL8zDSaJD/9tsCPPYdkVsDr8pl4niMwpdOJHiTqwASV1
kRb38JVy6Oj90ZFEytXQlrVkqFTfT/P0cDk6SRNObF+OJCC6wL6Mp6Xg0ZYB3WSVi2g5UljPNfyf
6cbTJPh68BGm74EqYbBv+Od5XW47/jxyf7STp1SD9vFMtY+nJH78hz+Mfv5ajX2txr5WY1+rsa/V
2Ndq7Gs19v+0GhuPVORMKe2XKe9itLMMiAUQRt/WHzlTY2pMvj+/OZnRwyZJo9HCMkxrPEqqDwiR
o4XM5FBulEVdhAVgO+4MOyVUbgTuTHh+4BozLgI+i+f+zIvsMAjcKHDmYu66YeTGfgzYjUboHUoU
ylxf37CrU2Zieya3ZZZlGAY7bJ+bxhE7eXWGEgJ7rzdY6QFX08DtRwR9jbu8x+MPRUWwL16/vsGA
vLlPclkFZZsCDP6QJkHJy0RUxBwerUFLKY7/XhX5BHN0+WROzan1PA6teO76cz82uOOArFkQWtwC
mUZkzF0rFoaYe2JOHCuT8PY44/Uaq42pP7Wfh3w2j0wvNiwv9px4Pp8Hlul6YWT6phkYkRCW7dic
6pGIQxLIXIvsONQl1uSuqyAW4NltXtznz/Uv1YyrskCWewySeZVTondnTe2p8dyCv/cN2w7tWezY
KFwhGlfMhSc8L4xnVmRGrus7tGsuakogeRmuJf0Z32wEbXcnteG5FwShYZncE1FgCYfPBbdij0dO
zH0R+lEorDgMvIg432n/cSCiEneTXk9GFoH7D/0ArJ1PbeN5zON4HnG4NOF6sesHJvdN+JuZG/HQ
Ni1LeHPb8Pge9CTn5Vb6CMloa2o+B0sNiMFyLDf2TAPEm7EVze1AxKYRO54Z8Qj6J3YhPcloE5ja
z11n7s0dCN51g5CD7pnnzQBeeLPQskMLuh7OZtzaA0iuLZWuDZBgMpOMUzn63DMsyxWGb84DMfdB
HIKya7imaQtrZtoOt03hcm+2Bw51SqlpNJ4bfiBcwd1o7saWsO3I9UzI2I8sP7Ss0HFDcy7MaA8l
2ZOBP4lSoUCRhohw7liBZfjCM2ZuEICqmeH6oSPi2HdCf247gpt+sAsqLVYdBMPmAXItCMoITH/u
8Tk3Qy8Cy4UJAwGEMHAtET6CMNmgukJ9VHV0uYGwHWcWOl6IFQG3fcuKfW8ewwcEQDKE9EzXjHdB
dXZG2Hi2CA13HpgWftw4dM3Ij3HnRzyeC9cUsR1A6e1dEHlQdxB8L3S44QSQqW/OBGzWsyM7MEIw
PbCg+CYPwsg2dyH0l5Nss+tCn/8KfziAWPJbeCeJlunA/wibe1AT6OLcEGbMw9B1rZnhwC17sQM4
MNCA7/NZQZkkm1BBgoWAqdx1HAckuSGMjvMZ/e/ZlmlAbUTozG2Piz1LrvKi+Cg6LsViBj4GsRG5
lgsgngdnErtz33LmcyuIfDsKPGjmHpBNumsNwZx7MPoYxh5ieYSNI8+dx7FpWjAKJ4RLMcw5Mbvk
WSW2ZAmpkF0KaaEWOBPi39wRYiZsyzNsMzBnrmMEMxMaLQRYDU67ocF7IE2TqFgBNwnH7gfBPA5m
tue5vhlDc6GzkeNEYeBAVcDX2HIiEg885AabH6uIncSJ6I1SQGFiOwTn8B+3eBDMYu7M+cyDz/Rd
OFy4i2DmD8BoZ6NosSQyTggfC/pDnztQP5esxwotz7F91/ZNX7guXKRFUaZcN1nFeUvM47BQbbO4
yLfQzXQbJ2k6CXU39g58IyHCUUT+bO7PhR/Fvu3FUWQFhu36wDNGxBIulMQMxVOwskAxoQMHxTLn
cF8RPJxpRCH3oFrzGO5XhO4MtMCEBQ9gkk+BQ+iSzYoWlkmu27FFhEAAF8eBnM8FAkEcIoohdBrW
zIEL/RQsc0AmeGaafmxHwp+JGLHQdzybgkPohDZotMFPH38B614EWfGRl/Ux3LcodfSn+Of6rhPO
YTCegSDicM+BptsCPimOzFnAAyM2EXZmO0A2cE0Tik9SvoQLDMOHI4pCC86Vm0HghxT8Z2FgzCKE
ZeDmG3OA+blr5srcBCVG3TZ8+zxuODoe9QmcQUkQRnhTr4sSAH5EGsg3CXV6hskdRlVBEHUZXSQ2
SKT0kqqI67PhQIZEHPBfI4yc/G25HOyvknRqRiPoUYp5eX3z7vLNyzPFkCqpCWHqOdGimzXB2aFD
Dg2JMKfOHhGjK0pR8vovSTbaI+ifJuU2yZDbK7jLZQhE6jXVPwOUfpkipIqIq2dJRQjsCGjvyS59
hPdnhPRP01Q1SN2CIgi2lD2Dll0svlxUbbU5oKgb2iXFnCGpo8pgV15dncFuBP+80Kh6/kL6HpfD
PTHXNydvbt5e7ZCyrutNhbIK5cm6CabI7AeFU9fmIIJfFzW8eih98vUWISobkP7Ew3+F0T1G48sF
etWU1K2oh7VgO/TI9vaMz3VevDCMX2d4EvqVKLNq9Iiy0Qsu43h1VRbY6QdxlxRNdXU+acdHPe0f
1ObLZYttf/VLZD8lfEJK9786MJo7Ctld9qixXf5A3yepWPFw+xSX2L8zUEXtjIs8TvKk3v5uDmuH
FRKzweXvwAwFB9y4TrJNKl5fnQ640Y8NuWFL7a5yvqnWRb3Lj6AsbhPx+/lrDW+5rPJNuFwOEfq1
lGtQxz0MorpoqI/QUyzv/xV2Lnf+UtOmbIFeHQpk1Xuut+0MSQuUzagpynFEiFr2PUYHV90dOy2g
ritGL6GX5TI/uOY1uwxrZrrMnC8MZ2HM2buL75mFHI8mpDxfNQj/z0S+ovusqKNn9Iocmd+yiWPL
lX9D+VeO2I7869Jshc1kU5T1M9M3bYsG79egaUKvv57JLTL+MNmkfAu6npkGjaxAZlZEQj2X74En
3VgRxzQKeiPq5bT3m7vNsyKnqyiJ4T2btN4+k/t175Umlajp1XH1TFIm7kQ6ISV4phqA3VglRDSY
Qjn1s7PzFydvX97QqJL55KdGlNt2d6hKMan4ndA43CXifhIl6hXnM0X3Q1A8TEin9Jydymm6zSiH
PGCkDSyUUmpKGQKksORb9h2RQ3jsZo20hrVkMV4K+fK7yCHpGj6PhTzPC3lGIsnDtInUQYhHSkKw
rotMnaR4DLPisRizgl7MVwSSBSjrb9m2aEoNiyUxg3SoYKIdIBg6jpBuCfBrcd+BO45EzCGait0X
+bc1ox4ULxmxD1V+Ql2aLWFIr0gV3fdrkbNmsyp5BADTZU5apYAtljljB4MTA0jxIgYQugkMHpQ8
r1JeAyn5WKKaFtgGpOJK1JJfSGuSUDDVOqGRjCArvWsNYKHebdODat3UESqwiT7osmDLUXd+JFwv
G1OIOcOAaZpy2B7cxDYMaSQxP0nT4p6l+jyDrgXYXcLZf5Nu0RypZBP9aIDCgerb60XyNTgZA4NI
wTUCF2yZ5jXN1zrbPR6CeoeSCioDxvMoYkiUlXyI75DILcsEp/f/8hwOpBIIwhrcEz81PCW+yoM2
dEKkEexQbwoHckTQ1Y5iUgpyAhPIhZr8CzyWe79usgAigdqdVNs8vOHVLZ0juYWiTeWEtxVkR7rf
UkrT1mWRI5NgNaZXY3XwpD0EAoMZM2r/gpBKHnUAb+BIaSxrcp1WKeDXUv70Hn8DPB8SqKAAG0CS
VO28Q454qxG6iEmZaQ4p7Zgl9bdgX13KZRG8c6h0am8xOwQNDQzLkmyRZEw0pQsJal+ZudSOsslz
EmdErqjYSCHIxnk1pZdG+pplyWoNay95tR4PrVNrDnGkLJtNrUYVw4gxGXDTdEnhwmplVzxSFsPp
GAfQfhoD0hHSuQKMhnZNB4pGHSA1qdM0OHo48HKrrPZPaRFAeyhEMjUOQ8iSmow/Q9YVbGtwnF0r
VhuSuaq6kctvSGr3ieS81ChY9f1EAWqVrJIUxklJx0QYsM8lrLgUot1SKTmk1ZAds1UBQdHhEqkV
tNFKojmRqC2YQVRgd+mjVW/z/zwFlHN8Dn+Ko78N/6ouNurMlfKvHUoaXMXgPjbUbok6hGjXFivT
sByNmHQC76RVaPyqb38HDKVdSJTIY7CwQXTKEZ2YeBBhI71voVBWFknRrJstHkLkA1VPkXJclzfn
C3bz54tr9vLi1cUNO7m6enlxfs2uzt8w5G9/OX8zZpjEbi4x65y9+/Ply3N29eby9Pz6errvAnb4
Yc1czQ5k6kkhIzY54ooIDNdCumTJjc7ZmuA9coZI+hY5ZQJXKJSblaCQ94FOOGhoE9H7KWVTSoYU
jSJkTtP0ZhKyAgLX2ztyqur1HpcUQygRkAumj2eTLuiMGWLbiJDyBcVZQlfJVa3taIB6iU3Vk2ob
mtbq6GmUNOW2pnzFywCWMenbytIBPc1daWqEjl7F9Cr47oznjcxOhpggc2ugg0fjNibsK2Grhiq8
xjFgKXqz3gSn7FL5fKXwSC+KJo06XBIEkfuc9fhXCvBGog9CXWoB5Xq3F9JZPAqSUnUUhI62uCyy
Ntiq1XrGZKiaQwkTNVqSj3SDPaFSO9px3WaUJLISO5EaakWOmmyj0i+V4zH9YEIPWnmd0SS9QOIu
0WwpwB3CPIydP8FgBG0EPuxwJ+i4YCMqdVK0Eqs2HSWnRbv1WI1bQaocQWedU4UNTf0kn6iiCddN
flu1uJ/yDY0mWZMhxtLhNdZWByRIpuofhUXPV7IXzUppMY91DNn4RmMkN5xQmtwg6DqdxM4K9Whf
pyk3Iq+n4KvJrQkpWHrikDKZOUxCDvvsaKOuo8xVkD4S94CdSjAUlA2nooWpNYrCnjos0/xU9LQ7
0+R2X8XAlOoEDffzoD6nh8s8FzUJbKFDBFKzdZGqFDPgdbiWqbhEGVkTVEgHGenbVGmkn6rQEogu
2VTh7WAopfYRudVyS33n1ZhNzIEApfDkxpO6RUaHAOm1+zxWFqOUQkaKcip2ZKJPizGo0ZqyPyMX
hC49k8kdO716O8Za4BDAvu6TCGovcwXlPTv4Ewl/wdw27e4zcnXEezB3yk4iOKo1T+Nj1JqqTIgE
dFhvhU0Z9TNIwQaG2Ie9AbCdquaBvBqlmDydMkLi7VV+1SbbfYVItQQhdY+wSQubTb6Z6Pu96uaV
troq+Sg6eVJa3oqR3gu0KRPSdqUeg9Dq+JZadDRlV3pNysuVXMB1qap1Qe4Yl3xFJEAmYFu1SWXG
QvVnRp8iwNh5SXI6TRPMUgU1nRQSVc1e3byVmFYgicgOmppRAS9F2W+niotp62uyupnQqoXEdlgf
ijwst+qoOkimzgFyISSsLZkokKlZMmUySq05JQEsycCbmmQHachPguGmxhIXCO1OIr0mTsDrSkeM
EM2lO6+USFUqgbm11lGiRKgGgnZ1upo6u5RJ0tnF9cn3yI9kPtXkUofIYTfkKclNRipJSEgZ9acP
0bDe6OnsbT0SQbNatEXbd8ykYk2nrGu4K/mc6Rq+Ul0Hsua8KlTw1hZhEjCFtYJ2ui6KSnYm2lpN
tNW49OIRrzmr+F0bLagvpDtcE3rWOzZCTL4WUUmbbtr8vUhy1RGQnPqW/RAUD2T5Jbs4Y4c/vL04
O4LcYfbAAfPvITYSDHXXYRxUw5WR5o9KP2ANRS+7HNb+w/cvW/i6vhuMfCs3o9aYTBykeHUqImkr
2haSDqODzlYcy23xLIm3k4cmiXqBtN21YffmRrZflKmpr88VD+RcbVdNpdtAIZxIrdysXjNRaxZq
fhTQNiqEaPeod6EYSEc42xolp2Xpfiget7N22ndPdswUc0+yoiHvEatYp50JWNaylmI7eUfZCoH4
6VoGZyx+I0P1YLEkPBeq9A6EAhaImGy/2vB7qRSkowq6VC0a3g36inzaqCMfPpDxfVRBSyijFhOI
p09haTyNJi+pb814q+5Atl1Mvx029l6HJ0iLUJpvlUQqZshveiBTKFzVBEMurCiIYoaIVOiUN11o
k60mrRw8DEUqZKWg1Fvumia32ILqZOmJUg7SV2VxX6+VH8MWnK0VtIGTg/VXtQrJEtkJcaNFbdKz
RpF2cVYN6CI3TZJX0Jg64NeRqVtObZoj1+wICfAmzGIHQBOlci/Ivq3VyXL6WJjaed1z9aEUgglK
PaVFm2LTpK3Z6BuK93KODhu2RRvKMoiolDtRxCXPhZRAFxiyya0aeQud6lDfURbXalhlClqzgEjv
oaPe6ZFlTugztb2hzjHsDm/WyMnjYhDT4Q8m6m1PN3MNuS0UKtNNlm2mSSExhqvbZlQcwpRrarSG
VY86hSn9nPXPJQnSzfHVqhQr3VLU/UfVZqGvam736ZP4wddcnl3S0d+JDgoqPyD3dS9UBcLl1z60
YyUR7wmQY9PBWwHE6Y7zzYY+wFPCecRUCFQ918qETIhOuMpYNog3p9S8F8Ne3hjBYbPmMAtBnr0k
HNq8FBEjFiVqjwn5xZyCoXraxi4VOfhOb1C/RxsE2wY5OHIb6VtbF6YBSimr5+0ej6Sq6BqKtU6y
PoLoaExAaT5pPQUMkiK5cdpQNj31orbBPe030E+GO7Sc+3y818FESVJZwKCXpGEAfK352XaN1npQ
ubiyqyS0d6AmPIq1SKZBSdwBojOiTaleyZC3aVspyvMCnvZObbzl9NGartOQWnN6CarvKAECjlpW
i1Zo6hl0lHp6C/ajzFyQtI5lk+89AVVfeXbBe/iqSJJBmXQpHfx6+LEo9UeeiqPSP8vysZIVgyy/
6YMZ4KqTgCH6al+Jg7pk9LKOYpWKqf2OC/bi5cmNGlRfzqGs+qM+lTye+Q+gKBdj+yFKynosne4f
daanXrYMmxbKiCnQgbW6p8gbrXXqkABTXz/Qh5LK77aVWtm9pZFOBXAQjkL5mqxq+TRpX/FABVRa
f/BCehO5lZy/A0TmxXrkw2BkIvPLQeKnvtFVH81WusgNb6lMqmRBB+cWJChQtiqR6z6uTejrzFRF
CmUqikoJH5lRV1KPxiPxgDRfpv3yHBuyleGp/SDUx3e7EXr7lke83Bkrsg9RUcPd7Yzq44z9QFOm
w3tyDMP7OElrsQN4le18Q4AKZweXBLZ1Nxygk/HD+8EpyH4Mdq4PCphTOoMtKxTwdDhpE+7y4Y2I
+2Ot3WglXX21O4T0KRuOXF+93Nl+W/2Uyk8h9BXrHtXFrcgR0XdYsOVZqo+f0qmGj8lGHejyp3RI
+qM6g9zNxu1DtsvkgrCxDMM2TYtOt16dXe5QGhUfJCb7gxhKduUDq8+rameiOpvxw6sdEvcwwC21
D3bJwqD8BnhncHDi3CZ61YG1q/WetlHSJL8qsPR5Z2JMslKfG+i19AWKriraQ9G0lMrMQg9Yil+o
RVKliKQQWg8FJS07mhg9EmKyI3fJLXs4hEqukX551SjtauH/jRKvyyvZCOsX/Pzz/wC9YLHF
===END CRASH DUMP===
