PocketMine-MP Crash Dump Sun Oct 17 13:12:51 WIB 2021

Error: Call to undefined method pocketmine\event\server\DataPacketSendEvent::getPlayer()
File: plugins/HideCommands/src/Himbeer/HideCommands/Main
Line: 50
Type: Error

THIS CRASH WAS CAUSED BY A PLUGIN
BAD PLUGIN: HideCommands v1.0.10

Code:
[41] 		}
[42] 
[43] 		$this->getServer()->getPluginManager()->registerEvents($this, $this);
[44] 	}
[45] 
[46] 	public function onDataPacketSend(DataPacketSendEvent $event) {
[47] 		//$packet = $event->getPacket();
[48] 		foreach($event->getPackets() as $packet) {
[49] 		if ($packet instanceof AvailableCommandsPacket) {
[50] 			if ($event->getPlayer()->hasPermission("hidecommands.unhide")) return;
[51] 			if ($this->mode === self::MODE_WHITELIST) {
[52] 				$packet->commandData = array_intersect_key($packet->commandData, $this->commandList);
[53] 			} else {
[54] 				$packet->commandData = array_diff_key($packet->commandData, $this->commandList);
[55] 			}
[56] 		}}
[57] 	}
[58] }

Backtrace:
#0 pmsrc/src/event/RegisteredListener(75): Himbeer\HideCommands\Main->onDataPacketSend(object pocketmine\event\server\DataPacketSendEvent#28137)
#1 pmsrc/src/event/Event(62): pocketmine\event\RegisteredListener->callEvent(object pocketmine\event\server\DataPacketSendEvent#28137)
#2 pmsrc/src/network/mcpe/NetworkSession(406): pocketmine\event\Event->call()
#3 pmsrc/src/network/mcpe/NetworkSession(861): pocketmine\network\mcpe\NetworkSession->sendDataPacket(object pocketmine\network\mcpe\protocol\AvailableCommandsPacket#28131)
#4 pmsrc/src/network/mcpe/handler/PreSpawnPacketHandler(104): pocketmine\network\mcpe\NetworkSession->syncAvailableCommands()
#5 pmsrc/src/network/mcpe/NetworkSession(313): pocketmine\network\mcpe\handler\PreSpawnPacketHandler->setUp()
#6 pmsrc/src/network/mcpe/NetworkSession(687): pocketmine\network\mcpe\NetworkSession->setHandler(object pocketmine\network\mcpe\handler\PreSpawnPacketHandler#24805)
#7 pmsrc/src/network/mcpe/NetworkSession(264): pocketmine\network\mcpe\NetworkSession->beginSpawnSequence()
#8 pmsrc/src/utils/Promise(58): pocketmine\network\mcpe\NetworkSession->onPlayerCreated(object pocketmine\player\Player#24792)
#9 pmsrc/src/network/mcpe/NetworkSession(228): pocketmine\utils\Promise->onCompletion(object Closure#24772, object Closure#23008)
#10 pmsrc/src/network/mcpe/NetworkSession(682): pocketmine\network\mcpe\NetworkSession->createPlayer()
#11 pmsrc/src/network/mcpe/handler/ResourcePacksPacketHandler(138): pocketmine\network\mcpe\NetworkSession->pocketmine\network\mcpe\{closure}()
#12 pmsrc/vendor/pocketmine/bedrock-protocol/src/ResourcePackClientResponsePacket(62): pocketmine\network\mcpe\handler\ResourcePacksPacketHandler->handleResourcePackClientResponse(object pocketmine\network\mcpe\protocol\ResourcePackClientResponsePacket#24774)
#13 pmsrc/src/network/mcpe/NetworkSession(388): pocketmine\network\mcpe\protocol\ResourcePackClientResponsePacket->handle(object pocketmine\network\mcpe\handler\ResourcePacksPacketHandler#24779)
#14 pmsrc/src/network/mcpe/NetworkSession(351): pocketmine\network\mcpe\NetworkSession->handleDataPacket(object pocketmine\network\mcpe\protocol\ResourcePackClientResponsePacket#24774, string[4] ....)
#15 pmsrc/src/network/mcpe/raklib/RakLibInterface(187): pocketmine\network\mcpe\NetworkSession->handleEncoded(string[7] c.`a`..)
#16 pmsrc/vendor/pocketmine/raklib-ipc/src/RakLibToUserThreadMessageReceiver(42): pocketmine\network\mcpe\raklib\RakLibInterface->onPacketReceive(integer 0, string[16] ...{.%...Oy..Pc.)
#17 pmsrc/src/network/mcpe/raklib/RakLibInterface(121): raklib\server\ipc\RakLibToUserThreadMessageReceiver->handle(object pocketmine\network\mcpe\raklib\RakLibInterface#291)
#18 pmsrc/vendor/pocketmine/snooze/src/SleeperHandler(123): pocketmine\network\mcpe\raklib\RakLibInterface->pocketmine\network\mcpe\raklib\{closure}()
#19 pmsrc/vendor/pocketmine/snooze/src/SleeperHandler(82): pocketmine\snooze\SleeperHandler->processNotifications()
#20 pmsrc/src/Server(1546): pocketmine\snooze\SleeperHandler->sleepUntil(double 1634451171.3511)
#21 pmsrc/src/Server(1107): pocketmine\Server->tickProcessor()
#22 pmsrc/src/PocketMine(293): pocketmine\Server->__construct(object BaseClassLoader#2, object pocketmine\utils\MainLogger#3, string[41] C:\Users\nhang\OneDrive\M..y t..nh\FLOTV\, string[49] C:\Users\nhang\OneDrive\M..y t..nh\FLOTV\plugins\)
#23 pmsrc/src/PocketMine(316): pocketmine\server()
#24 pmsrc(11): require(string[85] phar://C:/Users/nhang/OneDrive/M..y t..nh/FLOTV/PocketMine-MP.phar/src/PocketMin)

PocketMine-MP version: 4.0.0-BETA5 [Protocol 465]
Git commit: b65e89b605aeba5f7958d3cbb6db47e766cd6f9f
uname -a: Windows NT PC 10.0 build 22000 (Windows 10) AMD64
PHP Version: 8.0.10
Zend version: 4.0.10
OS : WINNT, win
Composer libraries: 
- adhocore/json-comment 1.1.2@fc2f76979f0a44a5f5bc2a2b600d0762fe0e78e7
- brick/math 0.9.3@ca57d18f028f84f777b2168cd1911b0dee2343ae
- daverandom/callback-validator unknown@unknown
- fgrosse/phpasn1 v2.3.0@20299033c35f4300eb656e7e8e88cf52d1d6694e
- netresearch/jsonmapper v4.0.0@8bbc021a8edb2e4a7ea2f8ad4fa9ec9dce2fcb8d
- pocketmine/bedrock-protocol 2.0.0+bedrock1.17.30@faff7da904e68f69b1a9128956dac3122e87308a
- pocketmine/binaryutils 0.2.1@8cd078e2426f8100331f2d73bef10f481dad6cde
- pocketmine/callback-validator 1.0.3@64787469766bcaa7e5885242e85c23c25e8c55a2
- pocketmine/classloader dev-master@80226e0917be79ac3230606113e25134a31e6a85
- pocketmine/color 0.2.0@09be6ea6d76f2e33d6813c39d29c22c46c17e1d2
- pocketmine/errorhandler 0.3.0@ec742b209e8056bbe855069c4eff94c9734ea19b
- pocketmine/log 0.3.0@03ab1316da0b1978a7a1c8dd73e1c2a973cb62ec
- pocketmine/log-pthreads 0.2.0@6be3445c48c62eba3922f987f000bb20c81d161f
- pocketmine/math 0.3.0@83ec067b12c066fc61d9fb129daf7e61ef3b1d63
- pocketmine/nbt 0.3.0@98c4a04b55a915e18f83d3b0c9beb24a71abcd31
- pocketmine/pocketmine-mp 4.0.0-BETA5@b65e89b605aeba5f7958d3cbb6db47e766cd6f9f
- pocketmine/raklib 0.14.2@e3a861187470e1facc6625040128f447ebbcbaec
- pocketmine/raklib-ipc 0.1.1@922a6444b0c6c7daaa5aa5a832107e1ec4738aed
- pocketmine/snooze 0.3.0@fe5b1dbf0d6267da882d1f67924772bd93db833d
- pocketmine/spl dev-master@b7a8904f912c1f6d38ad867ff1120614ccb80171
- ramsey/collection 1.2.2@cccc74ee5e328031b15640b51056ee8d3bb66c0a
- ramsey/uuid 4.2.3@fc9bb7fb5388691fd7373cd44dcb4d63bbcf24df
- respect/stringifier 0.2.0@e55af3c8aeaeaa2abb5fa47a58a8e9688cc23b59
- respect/validation 2.2.3@4c21a7ffc9a4915673cb2c2843963919e664e627
- rhumsaa/uuid unknown@unknown
- symfony/polyfill-ctype v1.23.0@46cd95797e9df938fdd2b03693b5fca5e64b01ce
- symfony/polyfill-mbstring v1.23.1@9174a3d80210dca8daa7f31fec659150bbeabfc6
- symfony/polyfill-php80 v1.23.1@1100343ed1a92e3a38f9ae122fc0eb21602547be
- symfony/polyfill-php81 v1.23.0@e66119f3de95efc359483f810c4c3e6436279436
- webmozart/assert 1.10.0@6964c76c7804814a842473e0c8fd15bab0f18e25
- webmozart/path-util 2.3.0@d939f7edc24c9a1bb9c0dee5cb05d8e859490725

Loaded plugins:
CommandDisabler 1.0.0 by  for API(s) 4.0.0
DEVirion 1.2.5-ALPHA12 by poggit, SOFe for API(s) 4.0.0
DevTools 1.15.0+dev by PocketMine Team for API(s) 4.0.0
FLOTVCore 0.0.1 by  for API(s) 4.0.0-BETA5
HideCommands 1.0.10 by Himbeer for API(s) 4.0.0
PureChat 1.4.11 by 64FF00 for API(s) 4.0.0
PurePerms 1.5.0-legacy by 64FF00 & ProjectInfinity for API(s) 4.0.0
SimpleNPC 3.0.0-snapshot by brokiem for API(s) 4.0.0
Sound 0.0.1 by  for API(s) 4.0.0-BETA5

----------------------REPORT THE DATA BELOW THIS LINE-----------------------

===BEGIN CRASH DUMP===
eNrtXHlz20aW/ypd1OxGrhUpXAQBTjllR5I3rrUtrSWPUxOmvA2gQWIEAgwOyUzK331/73WDBCnZ
kTLemv3DmYlN9PH63Rca+X2QltVSNh9uVFVnZTGYekeDJluqwdT2Xc8b2/bEHnme7YzHR4N2pafc
cBRiJsCk6zreOMBcLuvmrKrKajD9fdCsV1g20M9Hg6WqazmnkROZ56IpRVskKs0KlYilahZlIlZl
fK2aJYZmM3WjimY2q1UFrGazU9nIC0nTl6pIzmhyOp2r5iKXa1UdPsEBaZvnL7KcT5jOZu+wtZ7N
ioUs5rPZeaFOq+wGgF/PWstS9lo0/CMpFrPZi1fnV3+bzVZ5O88KbPoxS9RJuVzKIsFTXcU0tIwU
YbI791pmxWi1WNH5+mwD5Li/7hggjg2E3Qnaj705aB5Mxxb4XskYP38eHFhitaR99C9z4/itmmd1
oyqVvKK/CxA+GT+Zii/gNvy+LHZ5d1hG/1Bx80hmHziB7U6IzQf2Hbx4xaHvAJV7oN7Fevh9DBXQ
u/5ZbJweNoVqbsvq+ngZr9TxG/1wCbWDTh96ln8/egxQY8RqdOA+EGLg23sQzerZjJbPZrvrh9/X
QH9LzH2U7wFYVWVTxmU+mz2/kVkuo3wjXQ2D+WAz1t7nsIb+JznU7qJSlyt5W+idP+rRQ9vyHknE
uojvYKMZN34g41zb/fKZBuXZ7F6ciZHNu5U+03/gmX4weaywNjz6Y0F9GeEDxwusMaM7eSC6jv9I
sUQwsoKPvlS/tqqIleZP0DuwbbK8hh6Uy6xWh+PgcSeUhfa1J5WSjbrXjax4AbjAf4PsSegwFuFD
yXb2kWKcia+MNGEBnVvlqqHlBoWTvKzbStF5E+dI7I+6lhVox2U9WFmcx/EmZp70YtGBbf+RPb5V
ddlWsSJVqfeM0n2kbL6w9PdY8+GTwavzl/B6SVkdb3ceRyqp8DTsvA6j3sfyJM/gKjGyKotaGS/m
Ow+05c/TO/xeL/r8WY/ylX+EMuuJp7nxUF/vBn8gkYcf31H7GLfyed4xMaEmxnsoMeNHBi6Nx58M
XQ8Tx5Gomyor5j97v4gR/tEUfTaiVPI6z6Ljt/L6VRa9LJBdpEibDu3HenlN2VkRlwlcmkFh8ouI
R/8j/6fDwv+syWg0htlKo6jRuSop9bxawCckr3XS+1bFCslndej9gbVogGDaLmHsfZlbBtJhhqm5
qoS1YZztM+d+H/0b/jxfj0YXscF/8lguOqQfHSpdGgYiO7y+QOEjtPsztB44oc5o7OCzfK+LsvxN
MUGXuVIrVW1cp+P+SQ4/YM++Lw3/BIJ3QoteOpvtrgM+cMbg7ZuyydIslhTwTJ7l9OPYJYvn0B57
/gMB1/T8rkBgPUzKFlmc6FV58A2a+459zyG2tW9femb4fZPF1xca49KEQKefml/wntfYc+iE7meA
fPgQg8imauONi/lB1uoEZWX9qpQJubtNfL8nS6CC51U5h10cuFuHYv8ivlgPjkaoBUejXh243Rs+
eu+mhtQ8cO/ngWvfkZZmsd5lPDkYToaIhC6rVOedgvEvYrWQ1fT4+GR6zJgdM2LHHV7HW7SOGave
ycPXFyPavYvQk8Evn44G6l9WuX+Fyhn46/0fsuKmzG/UEgcBaALWxc2gm8VIHwrGyfUT0Z6NuVkz
az5h0HPwQH+7ZvAvzSKrh9/PiQotKH64YKCvZQH+8Fhlil2msz7kbUeC/3ryVwLoMUA+Y2zO8Hlo
BVPMYpG2RUy2Lu7U7fcwUvyFmf1E/E5wJgbX4+O/rHideGoWaFx17NZoBGZtWsKJx4vDO+vga4Ss
hYFkTgjNriwVh90ZkFgjUW+UqfhMlao3jy2z2WzvHWg0gWJHfaEqZPqcp8wGC4gqNrBGbUGPs8GT
JzCJpq0KImRs70LVYlpCpuLp06eiVnk6nb4+Pz378P7Hl1dnr15eXhl0nM1GSHdlUjNzGLEazJNV
JdcfKNRWNZTow7VaH9631Ah4M0Z9Dmbz2N0c8kmovFb6aO+hRydZmv6JU8fbU+nR7xSbnyYbBRyT
EnwafPrWdPrWdPrWdPrWdPrWdPrWdPrWdPrWdPrWdPrWdPrWdPrWdPrWdPrWdPq/bTodDeZUmsmc
GjCFpGslg51tQCyCMLY3UwbeyBpZwx/Orp6PabLN8mQwdSzbORpk9YdE3QymqUSlfTToosFg6vlj
nJRROyjyxyoII98aSxXJcToJx0HixlHkJ5E3URPfjxM/DVPAbg1C7zMY2m0t3lyJixNh43jBxwrH
sSxLHHbztvVEPH996nvUbFqssDMArraFx99gqwZ3fsb0h7Im2C/fvLnCAD/cckML1fyqBIM/wPor
WWWqJubIZAFaKnX8jxohhCp+3d6yR/bIeZbGTjrxw0mYWtLzQNY4ih3pgEwrsSa+kypLTQI1IY5V
MJrjpWwW2G2NwpH7LJbjSWIHqeUEaeClk8kkcmw/iBM7tO3ISpRyXM+VCrsTCUnApsvlMdWuEcLD
8EbmWSIbah2CZ9dFeVs8M39Tb29elXWtjkGyrAvq1tw4I3dkPXMsJwwt143dceohXVYQja8mKlBB
EKdjJ7ET3w89OhWesVK1klW8YPqXcgXfQqBYG54FURRbji0DlUSO8uRESScNZOKlMlRxmMTKSeMo
SIjzn089Ac8hcP9hJsDayci1nqUyTSeJDC1P+UHqh5EtQ9sJwrGfyNi1HUcFE9cK5B70rJDVmn0E
M9oZ2c/AUgticDzHTwPbAvF26iQTN1KpbaVeYCcygf6pXUj3MtoGpu4z35sEEw+C9/0olqB7HARj
gFfBOHbc2IGux+OxdPYAkmvL2bVRg1TdDJeSeiXPAstxfGWF9iRSkxDEoYzxLd+2XeWMbdeTrq18
GYz3wJU5o0Q0Ws+sMFK+kn4y8VNHuW7iBzZkHCZOGDtO7PmxPVF2socSt55N5smgSENUPPGcyLFC
hUrWjyJQNbb8MPZUmoZeHE5cT0k7jHZB5eV8A8FyZWTD7SXSiuxwEsiJtOMgAcuVDQMBhDjyHRXf
gTBcNZxo1Bu6/EhRvIq9IMaOSLqh46RhMEnhAyIgGUN6tm+nu6A2dkbYBK6KLX8S2Q7+8tPYt5Mw
xVOYyHSifFulbgSld3dBFFGzgRAGsSctL4JMQ3usYLOBm7iRFYPpkQPFt2UUJ669C2H7c7hc7brQ
Z4/wh3dSUEbL9uB/lCsDqAl0cWIpG6lN7PvO2PLgloPUAxwYaCT3+bxNZDUkWAiYKn3P80CSH8Po
pBzT/wPXQRagbBV7EzeQas+SddKx4VKqxuBjlFqJ7/gAEgRwJqk/CblWj5LQTaIAmrkHZJXvWkM0
kQGMPoWxx9ie4OAk8CdpatsOjMKL4VIspC8AU8llrdZkCbni7j1bqAPOxPhn4ik1Vq4TWK4d2WPf
s6KxDY1WCqwGp/3YklsgbZvpWAE3CcceRtEkjcaoBf3QTqG50NnE85I48qAq4GvqeAmJBx5yhcOP
dcRG+qa2RqmgMKkbg3P4n3RkFI1T6U3kOIDPDH04XLiLaBz2wBhno2lxGBkvho8F/XEoPaifT9bj
xE7guaHvhnaofB8u0qEoUy3aZS1lR8zdsFCvl2lZrKGb+TrN8nwYm5dON+AbCRGOIgnHk3CiwiQN
3SBNEieyXD8EnikilvKhJHas7oO1jDQTNuCgWPYE7iuBh7OtJJYBVGuSwv2q2B+DFpiwkhFM8j5w
CF2B1YNlk+v2XJUgEMDFSSAXSoVAkMaIYgidljP24EI/B8vukQme2XaYuokKxypFLAy9wKXgEHux
Cxpd8DPEn4B1q6Jl+ZusmmO4b1WZ6E/xzw99L57AYAILQcSTgQdNdxV8UprY40hGVmoj7Ix3gKzg
moYUn1i+hAsMI4QjSmIHzlXaURTGFPzHcWSNE4Rl4BZaE4D5tHnZxrmJacieZjW1Z6teLrc/czTY
JnIUwSgXkm2zKCsA+hnpoFxl9BqCPRSlh6qgjVAh5OdI6RLUFPTWjtfWZdqc9geWkt/v1S2Sg6iM
ojXlZ7PZHhI6Y6c3h4iAlG+eX169P3/76lRzp84awpzeipye/S2rGNkNQZuhXUqc0Xj4/NXFj89t
Z4ci+Jc55Z1Hg8vzF2rwlQjUQGezG0ZlNoPPMr966BnqLq+ev716d3GXNnVzVZZ53aetG9qlzR4j
JaK8eoewbZYurpRcfi3SOhxAyhabL5CyaJpVjaIE/Fi00Qh5ca/sON7AAMFck5wgg+5RvB3rk2xR
lv4lxTTVx58k8Q3SnOd/N6UbHf5whdx5c70lY++F9q6J2bs2NjCv7b6WwL7wFvCPKFrorSPQANou
2kqdLGTTrwS7oV2avJG9K56B7714YVmPIomB07vmenCHusELyUG8vqhKHPQTzKts64uzYTc+2NL/
QZ89m3XIbn/9If336C4hZW5BbMAY5mhkd7mjx3bZA3Md5mou4/V9TBL/LkAV9TJeFmlWZM36a2nC
DicYsd7Pr8ALDQfMuMzoXcybi5MeM7ZjfWa4bK11IVf1omx22RFV5XWmvprjMuCoAUYtyz4+jyXc
gDrewiCiy5ZaCFuC+flf4Lb44Ie6LMoTJPJaRTcodsNG1xNi8+M21AiFOCJ3wx2PwcHF5kmclNDV
uaBrQrNqVhxcykacx42wfWFPppY3tSbi/csfhIPsjhbkspi3cq6eqmJOz8uySZ7S1z7I+WZtmjo+
/xnznzzievynT6s1NsNVWTVP7dB2HRq8XYCmYZ7VGGOQ8uNQv3msn9oWjcxBJt070fNpWcVquBkr
05RGQW9CXZzueXWzeoq4jV900yOL27xZP+XzdF8Mtf6wVk2DXLZ+ypSpG5UPSQee6tbfZqxWKukt
oWz66enZi+fvXl3RqBb58NdWVevudGhKOazljTI43GTqdphk+jrPU033x6j8OCSVMmt2aqbReknZ
44EgbRAxS6mtuGhgYQlwQeyIHMITVwtVK9GRJWSlRLNQoiwg6QYOT8SyKMpGREpkRZy3iUrwQ9xR
EoJ1WS6xMyUA+zBrmaojUWKmqgmkiFDQX4t12VYGlshSAelQqUQnQDB0VSxfE+A36nYD7jhRqYRo
anFbFt81grpPshLEPtT3GfVn1oQh3cbRdN8uVCHa1bySCQCMZgVplQY2nRVCHLxfKEKM7tLRBQ1B
9+p0zQIeVLKoc3rdracZ1bzEMSAVv1TD/KKsL1ZCN01oZEmQtd51BjAV3AuliXrRNglqr6G5zTcV
s8HmU7h4MWttpSYCA7Zt87Dbe0hdGNKAMX+e5+WtIEMAssJUAeImk+K/SbdoDSvZ0Ez1UDg4YyU0
mwQQF2QMAiIF1whctBaG17Te6Oxmug/qPYopqAwYL5NEoGjV8iG+01sBsVSSXppQl1RAKpEirME9
9Wsr+QrjPLvBWlS5rRKH5lA4kCcEXZ+ohpUiJzCEXKi9P8U0n/2mReJSkdo9p4spV7K+FvTmBoo2
4gXvasiOdL+jlJYtqrJAGiEaLK+PaEOeCGPmMJgjQY3fSr8jZN7AkdLYsi3MmxgN/JLlD5qghlX5
MYMKKrABJLFqFxvkiLcGoZcpKTOtIaU9ElnzHV3krHhbAu8ca53a2ywOQUMLw3KYLUzG0FA6ZVD7
yixZO6q2KEicCbmicsVC4JZ5PRLIyc1vsczmC1h7JevFUd86jeYQR6qqXTV6VDOMGLMEboYuFm6l
dD880RYjb8osAdr3Y0A6QjpXgtHQrlFP0aj3oxdtNA2OHg68Wmur/c+8jKA9FCKFHochLDO6A4nn
uYzWDTguLjWrLWaurjp5+xVJ7TZjzrNGwapvhxpQp2Q1U5hmQBEui2+LEZi0Uqo7Uis5pNWSHYt5
CUGV5CNIK+igOaM5ZNSmwiIqcDr7aN3V/H9PAeUcX8Kf4ug/h3/dlCtGwfjXDUoGXC3gPlbUaEk2
CNGpHVa25XgGMXYC79kqDH71d18BQ7YLRok8hohbRKcC0Umojypu2fuWGmVtkRTNNqvVxxj5QL2l
SDuu86uzqbj68eWlePXy9csr8fzi4tXLs0txcfZWIH/7r7O3RwKLxNU5Vp2J9z+evzoTF2/PT84u
L0f7LmCHH87YN+xAnp6VHLHJEddEYLxQ7JKZGxtna4P3yBkS9i28ZAhXqLSbZVDI+0AnHDS0iej9
nLJpJUOKRhGyoGXmMIasgcD1bh055b3mjHOKIZQI8IbR3dWkCyZhhthWKqZ8QXOW0NVy1Xs3NEC9
1Krekupahtb6yf0oGcpdQ/lcVhEsY7htKLMDup+7bGqEjtklzC74blTjLWcnfUyQubXQwSdHXUzY
V8JODXV4TVPA0vQutyY4Eufa52uFR3pRtnmywSVDELktxBb/WgNeMfog1KfWXGFOe8HO4k6QZNXR
EDa0pVW57IKt3m1WDPuq2ZcwUWMkeUc3xD0qtaMdl11GSSKrcBKpoVHkpF2udPqlczxhJoY00cnr
lBaZDYw7o9lRQDfsbxWMXd7DYARtBD6ccAMlq+tWkWNoFpDavEtHyWnRaVusjjpB6hzBZJ0jjQ0t
/SyfqKKJF21xXXe4n8gVjWbLdokYi/Baia46IEEKXf9oLLZ8JXsxrGSLuatjyMZXBiM+cEhpcoug
620kdlrqqX2d1h9GdPD14s6ENCyzsE8ZZw7DWMI+N7RRN5hzFaSPxD1gpxMMDcV826D3aAq31GGb
4aempzuZFnfnagbmVCcYuF8G9SU9nBXmatDUhAikZosy1ylmJJt4wam4/mzjiHyDCTLs23RpZGZ1
aInUJtnU4e2gL6VuitxqtW4I+JEY2j0BsvD44GHTIWNCAHvtbR7LxSilkImmnIodTvRpMwYNWiPx
I3JB6NJTTu7EycW7I+wFDhHs6zZLoPacK2jvuYE/ZPhT4Xdp9zYjr5k7vbUj8TyBo1rIPD1GranL
hERBh81ROFRQP4MUrGeI27DXA7ZT1Xwkr0YppsxHgpB4d1FcdMn2tkKkWoKQukXYpI3tqlgNzfNe
dfPaWF2d/aY28qS0vBNjTQHPpExI27V69EKrFzp605ORMN/ziFxWc94gTalqdIFPTCs5JxIgE7Ct
XuWcsVD9uQTyZOyyIjnpy5S6oKY7QqpuxOurd4xpDZKI7KhtBBXwLMrtcbq4GHW+Ztm0Q9o1ZWz7
9aEq4mq90raeCuocIBdCwtqRiQKZmiUjwVFqISkJENkSvGlIdpAG//ds4KaOGBcIjb/GwtKYvS47
YoRoye681iLVqQTWNkZHiRKlGwjG1Zlq6vSck6TTl5fPf0B+xPlUW7AOkcOmj+MqcpOJThIyUkbz
UVrSrze2dG5tPVFRO592Rdv3wqZizaSsC7grnhemhq9114GsuahLHbyNRdgETGOtoZ0syrLmzkRX
q6muGmcvntB3R7W86aIF9YVMh2tIc1vHRohx41AnbaZp848yK3RHgDn1nfgpKj+S5Vfi5ak4/Ond
y9MnkDvMHjhg/S3ERoKh1jqMg2q4KjH80ekHrKHcyq6Atf/0w6sOvqnveiPf8WHUGuPEgcVrUhGm
rexaSCaM9jpbacrHYi5L18OPbZZsBdJ11/rdmytuv2hT0//pJM0DXmvsqq1NG0hf02eLN3uGes9U
r08iOkaHEOMezSkUA2Ux39QoBW3L90PxUbdqp313b8dMM/f5smzJe6Q61hlnApZ1rKXYTt6RWyEQ
P/3m4IzNbzlU9zYz4YXSpXekNLBI0XeFcCPylpWCdNR8p0GqRcO7QV+TTwdtyIcPFHIfVXM/FafR
V4v3YWndj6asqG8tZKfuQLbbTH9vsHH3OjxRXsZsvnWW6JhB9EjIFApXt1GfC3MKolihEh06+WET
2rjVZJRDxrHKFVcKWr351Dy7xhFUJ7MnyiVIn1flbbPQfgxHSLHQ0HpODtZfNzokM7JD4kaH2nDL
Gk3ay9O6Rxe5aZK8hib01b4Nmabl1KU5vGdHSIA3FI44AJoolbeC3La1NrIc3RWmcV63MuNqFsEE
pZ7WolW5avPObMwDxXteY8KG69CBXAYRlXwSRVzyXEgJTIHBTW7dyJuaVIf6jlxc62GdKRjNAiJb
D51snR5Z5pAu7O8NbRzD7vBqgZw8LXsxHf5gqF/2bFYuILepRmW0Wi5Xo6xkjOHq1ksqDmHKDTVa
43qLOoUpMy+280wCuzk5n1dqblqKpv+o2yz0kef1Pn2MH3zN+ek5XfodmqCg8wNyX7dKVyASRn7L
J9aM+JYAHhv13gogTm84366AlRHOHaZCoHreKBMyIbrbyrGsF29OqHmv+r28IwSH1ULCLBR59opw
6PJSRIxUVag9huQXCwqGeraLXTpyyJ3eoHmN1gu2LXJw5DbsWzsXZgCylPV8d8YdqWq6+mJtsuU2
gphoTEBpPX9TX+v3JeTG6UBueppNXYN7tD3AzPRP6Dj35XhvgomWpLaAXi/JwAD4xvCz6xotzKB2
cdWmkjDegZrwKNYSToOydAOIboe2lX4lQ96ma6Vozwt4xjt18RY5maxNnYbUWtI7UPNECRBwNLKa
dkLTc9BR6ulNxc+cuSBpPeIm3y8ElEuwbfDuvypiMiiTrtjBUxule/XG/ZH74ij7Zy4fa64YuPyG
fDLgapKAPvr6XMZB/xT0so5ilY6p2xOn4sWr51d6kEoNRZ21v5r7yEfj8CMoKtSR+zHJquaIne5f
TaanX7b0mxbaiCnQgbWmpyhbo3X6hoDQ3z20Ved3u0qt2rylYacCOAhHMb8mqzs+DbtXPFABndYf
vGBvwkfx+h0gnBebkQ+9kSHnl73Er9S5v/oI31abIje+pjKp5oIOzi3KUKCsdSLH64he/i8R5DpS
aFPRVDJ8ZEabknpwNFAfkeZz2q9vsNG9oO19/Sg2F3c3I/T2rUhktTNWLj8kZQN3tzNqLjJuB9oq
7z+TY+g/p1neqB3A8+XO1wOocHZwyWBbN/0BuhPff+7df9yOwc7NPQF7RLfUuEIBT/uLVvEuH96q
dHuhdTNas6uvd4eQPi37I5cXr3aOX9e/5vwRhPklNlNNea0KRPQdFqzlMjcXT+lSw2/ZSl9GC0d0
Pfo3fft4sxqPH5e7TC4JG8eyXNt26F7rxen5DqVJ+YEx2R/EULYrH1h9Udc7C/XVjJ9e75C4hwEe
qX2wSxYGb6tsT9y9u+Yu0asv210s9rSNkib+nsAxN52JMdlcf2hg9tK3J6aq6K5D01YqM0sz4Gh+
oRbJtSKSQhg9VJS07GhickeI2Y7cmVtufwiVXMt+ed5q7erg/50Sr/MLboRtN3z69L87I7e0
===END CRASH DUMP===
