PocketMine-MP Crash Dump Sun Oct 17 13:14:12 WIB 2021

Error: Call to undefined method pocketmine\event\server\DataPacketSendEvent::getPacket()
File: plugins/HideCommands/src/Himbeer/HideCommands/Main
Line: 47
Type: Error

THIS CRASH WAS CAUSED BY A PLUGIN
BAD PLUGIN: HideCommands v1.0.10

Code:
[38] 		foreach ($this->getConfig()->get("commands") as $command) {
[39] 			// We put the command name in the key so we can use array_intersect_key and array_diff_key
[40] 			$this->commandList[strtolower($command)] = null;
[41] 		}
[42] 
[43] 		$this->getServer()->getPluginManager()->registerEvents($this, $this);
[44] 	}
[45] 
[46] 	public function onDataPacketSend(DataPacketSendEvent $event) {
[47] 		$packet = $event->getPacket();
[48] 		foreach($event->getPackets() as $packet) {
[49] 		if ($packet instanceof AvailableCommandsPacket) {
[50] 			//if ($event->getPlayer()->hasPermission("hidecommands.unhide")) return;
[51] 			if ($this->mode === self::MODE_WHITELIST) {
[52] 				$packet->commandData = array_intersect_key($packet->commandData, $this->commandList);
[53] 			} else {
[54] 				$packet->commandData = array_diff_key($packet->commandData, $this->commandList);
[55] 			}
[56] 		}}
[57] 	}

Backtrace:
#0 pmsrc/src/event/RegisteredListener(75): Himbeer\HideCommands\Main->onDataPacketSend(object pocketmine\event\server\DataPacketSendEvent#24670)
#1 pmsrc/src/event/Event(62): pocketmine\event\RegisteredListener->callEvent(object pocketmine\event\server\DataPacketSendEvent#24670)
#2 pmsrc/src/network/mcpe/NetworkSession(406): pocketmine\event\Event->call()
#3 pmsrc/src/network/mcpe/NetworkSession(661): pocketmine\network\mcpe\NetworkSession->sendDataPacket(object pocketmine\network\mcpe\protocol\ServerToClientHandshakePacket#24744, true)
#4 pmsrc/src/network/mcpe/encryption/PrepareEncryptionTask(95): pocketmine\network\mcpe\NetworkSession->pocketmine\network\mcpe\{closure}(string[32] W.D,.rd..).......F...gkyn......., string[423] eyJ4NXUiOiJNSFl3RUFZSEtvWkl6ajBDQVFZRks0RUVBQ0lEWWdBRXNrMU95VnhWMU45YXJqRlI2Zjlp)
#5 pmsrc/src/scheduler/AsyncPool(275): pocketmine\network\mcpe\encryption\PrepareEncryptionTask->onCompletion()
#6 pmsrc/src/scheduler/AsyncPool(147): pocketmine\scheduler\AsyncPool->collectTasksFromWorker(integer 0)
#7 pmsrc/vendor/pocketmine/snooze/src/SleeperHandler(123): pocketmine\scheduler\AsyncPool->pocketmine\scheduler\{closure}()
#8 pmsrc/vendor/pocketmine/snooze/src/SleeperHandler(82): pocketmine\snooze\SleeperHandler->processNotifications()
#9 pmsrc/src/Server(1546): pocketmine\snooze\SleeperHandler->sleepUntil(double 1634451252.4491)
#10 pmsrc/src/Server(1107): pocketmine\Server->tickProcessor()
#11 pmsrc/src/PocketMine(293): pocketmine\Server->__construct(object BaseClassLoader#2, object pocketmine\utils\MainLogger#3, string[41] C:\Users\nhang\OneDrive\M..y t..nh\FLOTV\, string[49] C:\Users\nhang\OneDrive\M..y t..nh\FLOTV\plugins\)
#12 pmsrc/src/PocketMine(316): pocketmine\server()
#13 pmsrc(11): require(string[85] phar://C:/Users/nhang/OneDrive/M..y t..nh/FLOTV/PocketMine-MP.phar/src/PocketMin)

PocketMine-MP version: 4.0.0-BETA5 [Protocol 465]
Git commit: b65e89b605aeba5f7958d3cbb6db47e766cd6f9f
uname -a: Windows NT PC 10.0 build 22000 (Windows 10) AMD64
PHP Version: 8.0.10
Zend version: 4.0.10
OS : WINNT, win
Composer libraries: 
- adhocore/json-comment 1.1.2@fc2f76979f0a44a5f5bc2a2b600d0762fe0e78e7
- brick/math 0.9.3@ca57d18f028f84f777b2168cd1911b0dee2343ae
- daverandom/callback-validator unknown@unknown
- fgrosse/phpasn1 v2.3.0@20299033c35f4300eb656e7e8e88cf52d1d6694e
- netresearch/jsonmapper v4.0.0@8bbc021a8edb2e4a7ea2f8ad4fa9ec9dce2fcb8d
- pocketmine/bedrock-protocol 2.0.0+bedrock1.17.30@faff7da904e68f69b1a9128956dac3122e87308a
- pocketmine/binaryutils 0.2.1@8cd078e2426f8100331f2d73bef10f481dad6cde
- pocketmine/callback-validator 1.0.3@64787469766bcaa7e5885242e85c23c25e8c55a2
- pocketmine/classloader dev-master@80226e0917be79ac3230606113e25134a31e6a85
- pocketmine/color 0.2.0@09be6ea6d76f2e33d6813c39d29c22c46c17e1d2
- pocketmine/errorhandler 0.3.0@ec742b209e8056bbe855069c4eff94c9734ea19b
- pocketmine/log 0.3.0@03ab1316da0b1978a7a1c8dd73e1c2a973cb62ec
- pocketmine/log-pthreads 0.2.0@6be3445c48c62eba3922f987f000bb20c81d161f
- pocketmine/math 0.3.0@83ec067b12c066fc61d9fb129daf7e61ef3b1d63
- pocketmine/nbt 0.3.0@98c4a04b55a915e18f83d3b0c9beb24a71abcd31
- pocketmine/pocketmine-mp 4.0.0-BETA5@b65e89b605aeba5f7958d3cbb6db47e766cd6f9f
- pocketmine/raklib 0.14.2@e3a861187470e1facc6625040128f447ebbcbaec
- pocketmine/raklib-ipc 0.1.1@922a6444b0c6c7daaa5aa5a832107e1ec4738aed
- pocketmine/snooze 0.3.0@fe5b1dbf0d6267da882d1f67924772bd93db833d
- pocketmine/spl dev-master@b7a8904f912c1f6d38ad867ff1120614ccb80171
- ramsey/collection 1.2.2@cccc74ee5e328031b15640b51056ee8d3bb66c0a
- ramsey/uuid 4.2.3@fc9bb7fb5388691fd7373cd44dcb4d63bbcf24df
- respect/stringifier 0.2.0@e55af3c8aeaeaa2abb5fa47a58a8e9688cc23b59
- respect/validation 2.2.3@4c21a7ffc9a4915673cb2c2843963919e664e627
- rhumsaa/uuid unknown@unknown
- symfony/polyfill-ctype v1.23.0@46cd95797e9df938fdd2b03693b5fca5e64b01ce
- symfony/polyfill-mbstring v1.23.1@9174a3d80210dca8daa7f31fec659150bbeabfc6
- symfony/polyfill-php80 v1.23.1@1100343ed1a92e3a38f9ae122fc0eb21602547be
- symfony/polyfill-php81 v1.23.0@e66119f3de95efc359483f810c4c3e6436279436
- webmozart/assert 1.10.0@6964c76c7804814a842473e0c8fd15bab0f18e25
- webmozart/path-util 2.3.0@d939f7edc24c9a1bb9c0dee5cb05d8e859490725

Loaded plugins:
CommandDisabler 1.0.0 by  for API(s) 4.0.0
DEVirion 1.2.5-ALPHA12 by poggit, SOFe for API(s) 4.0.0
DevTools 1.15.0+dev by PocketMine Team for API(s) 4.0.0
FLOTVCore 0.0.1 by  for API(s) 4.0.0-BETA5
HideCommands 1.0.10 by Himbeer for API(s) 4.0.0
PureChat 1.4.11 by 64FF00 for API(s) 4.0.0
PurePerms 1.5.0-legacy by 64FF00 & ProjectInfinity for API(s) 4.0.0
SimpleNPC 3.0.0-snapshot by brokiem for API(s) 4.0.0
Sound 0.0.1 by  for API(s) 4.0.0-BETA5

----------------------REPORT THE DATA BELOW THIS LINE-----------------------

===BEGIN CRASH DUMP===
eNrtW3lz20aW/ypd9NRGqiUpXMTBKaUs69goa1saS469CVOuBtAgEYEAg0Myk/J339/rbhykFCeZ
cdXMH8lhE43u1+++uvHrKCnKNa8/3IuySot8NHfGozpdi9HcdG3HmZnWzJo6hh8Y7njUbNQr25u6
M8cwbd+zTMd16V3Gq/q8LItyNP91VG83mDZSz+PRWlQVX9LIKc8yVhesyWORpLmI2VrUqyJmmyK6
E/UaQ4uFuBd5vVhUogRWi8UZr/k1p9c3Io/P6eV8vhS1Gjs4xAZJk2UXaSZ3mC8Wb7G0WizyFc+X
i8VVLs7K9B6AXy0awxDmltXyR5yvFouLl1e33y0Wm6xZpjkWfZPG4rRYr3ke46kqIxpah4Iw2X33
iqf5dLPa0P5qbw3kaDjvCCCONITdF7QeazPQDLZ74HvJI/z8YfTMYJs1raP/JTeO3ohlWtWiFPFL
+jsX5YE3O5yzz+A2+brId3l3UIQ/iaj+k8x+ZjmuZxCbn5mP8JIzDlwLqDwB9THWk68jqIBa9a9i
Yw2wyUX9UJR3R+toI45eq4cbqB10+sAx3KfRkwAVRlKNntl/EKLrmnsQ9ezFgqYvFrvzJ19XQL8n
5inK9wBsyqIuoiJbLG4kL26L0ywFtt+QfFf8TihI4IbnOGNWl42QFDi/RYHIo3IL+y3yo+tSbHgp
zruRW17dHQSzP0fSZ6b+GmVF1ZTi00FVl2m+/MG2fmTvpmfjaRlPp4dT9c8F/l/ebXP9OGZ6smPZ
PzKx/dZ5/f5tepV++/rmIrPfvL34/ua8vn93l7n8pxdn//ju4vs3d5Xx5u13L/5hZOfv3sUv3rx/
Xb56G8y+y1fvXr11Zv/3/tuf32SX1vc/ZRvJnNmAOVW0EnGTwShPqm0eXRdFdmB5v8ODnomLxZNc
JJuDFW4yQSNKqdzf2dV0vL1du1mLRTcNalpkGbSGtqkuymL9DojBDaR5LZaiZMomPL0ZNDsuyqMe
6lGVF8UvQmJxkwmxESXpEjY5MC37DyHwGzN6aUsM/H8CA3/ff6ipUP6deUChLCIo4OuiTpM04sTk
Sm0bDLisTObAnDnuH4Rb0fPbvE6zg7howkywYfhzAlO5P+OJTUxjX3zqzeTrOo3urhXCRamwNIce
9FqueYU1B1Zg/waQDx8i0Aj7jjq38YJX4hTxtnpZ8FiUz6wxe8KhNCBGR4KXxRIa8szuTcz8kX02
UE6nCJLT6SBA9muDP722C66KB9bTPLDNR9JSLFartG8GwzGrFD83aSla/+LPfmSbFS/nR0en8yOJ
2ZFE7KjF66hH60hiNdh58up6Sqt3EToc/fhpPBL/tpTmC6QUwF+t/5Dm90V2L9bYCEBjsC6qR+1b
jAyhYDwqYkFE2z7eLepFjSxR8GjFDv5Wr9Jq8jVwPS3yJF0eHMqHgwXW6ORjdMh4xf6mnw/ZrwBo
BxrQoj46Yu8E2zQ1q1eC6Vks52vB0lyO3Yktqwr2gLc8Z00lGC9Lvv1Anq6sgPkHmkGr1HicJgkN
YR/H6PbRmOoNKP/4AdpSF1nxAJ3q0PuRHbMc6ePfabWpV3+iBwsP9LetB3vStekr0q8lD1/xHOog
x0qd9EixVopjYyb/OpS7OBKg3GOm93Dl0AaeJ41Y0uQReTb2KH97Qm/Y36RuKTY7XovrRs4Cbeq1
wlRrl0RiT7IHj+bBr0o5KkgafivGNIEq6D2gnjXPI1Ek7OSepxmH+2x16XqweGYMdEACGGyZ8a3i
3opX16JcpyrRWoxW0MxWtaZNTo/QsEN4gLopcyJlZnZwJVQlpjVUmB0fH7NKZMl8/urq7PzDu28u
b89fXt7caoSsbmHHsU5hiNVg3xOad/DUVC3gHX2TjJ7Z3SafmMigzHJr549u3Sr3n9x11u9Kj26r
2PLJ0wr46a+a46+a46+a46+a46+a46+a46+a4z+i5hiPlhSzeEb5N2XFiNU7y4BYCGH0HduRMzWm
xuTF+e3JjF42aRaP5pZhWuNRWn2Ixf1onnBkHsj3tYdHceDOsFNK1UDozoQfhK4x4yLks8QLZn5s
R2HoxqHjCc91o9hNggSwG43QuxR29lCx17fs+pSZ2J7JbZllGYbBDtr3pnHITl6duQ7VGqsNVvrA
1TTw+AtMVeMun/H6Q1ER7MvXr28xIB8eZD2D7GZTgMEfsjQseZmKipjD4xVoKcXRTxViA2VAqrox
p+bUep5EVuK5gRckBncckDULI4tbINOIDc+1EmEIzxcecayE0Ryteb3CamMaTO3nEZ95seknhuUn
vpN4nhdaputHsRmYZmjEQli2Y3OB1TGHJGDTxfqIgnqIGDm551ka85oqR/DsLi8e8uf6byrtlmVR
VeIIJPMqp+z13praU+O5ZVhBYNh2ZM8SxzYMAdG4whO+8P0omVmxGbtu4NCuCBKlqAQvo5Wkf803
8C0ESmrDcz8MI8MyuS/i0BIO9wS3Ep/HTsIDEQVxJKwkCv2YON97y1DE8B13k15PRhaB+2/9Aqz1
prbxPOFJ4sU8MBzh+okbhCYPTMsPZm7MI9u0LOF7tuHzPehpzsut9BGS0dbUfA6WGhCD5Vhu4psG
iDcTK/bsUCSmkTi+GfMY+id2IT3JaBOY2s9dx/M9B4J33TDioHvm+zOAF/4ssuzIgq5Hsxm39gCS
a8uka6P6WNxP1pySyOe+YVmuMALTC4UXgDjLNlzDNU1bWDPTdrhtCpf7sz1wqDJLTaPx3AhC4Qru
xp6bWMK2Y9c3IeMgtoLIsiLHjUxPmPEeSrLzsFLBQoIiDRGR51ihZQTCN2ZuGIKqmeEGkSOSJHCi
wLMdwc0g3AWVFcsOgmHz0ITbi7kRmoHnc4+bkR+D5cKEgQBCFLqWiB5BmGzqFUrFuOrockNB8Spy
/AgrQm4HlpUEvpfAB4RAMoL0TNdMdkF1dkbY+LaIDNcLTQt/uUnkmnGQ4CmIeeIJ1xSJHULp7V0Q
eVh3EAI/crjhhJBpYM4EbNa3Yzs0IjA9tKD4Jg+j2DZ3IfQ/J+vNrgt9/if84QBiye/gnSRapgP/
I2zuQ02gi54hzIRHketaM8OBW/YTB3BgoCHf57OCMkk3kYIECwFTues4DkhyIxgd5zP6z7ctZAHC
FJHj2T4Xe5asko6OS4mYgY9hYsSu5QKI78OZJK4XIJf3rDAO7Dj0oZl7QDbZrjWEHvdh9AmMPcLy
GBvHvusliWlaMAongksxTI+YXfJ1JbZHOoFUgQp+GZyJ8I/nCDETtuUbthmaM9cxwpkJjRYCrAan
3cjgPZCmSVWsgJuEYw/C0EvCme37bmAm0FzobOw4cRQ6UBXwNbGcmMQDD7nB5kcqYiN7E71RCihM
YkfgHP7lFg/DWcIdj898+MzAhcOFuwhnwQCMdjaKFksi40TwsaA/CjgStplL1mNFlu/YgWsHZiBc
Fy7SoihTrpp1xXlLzOOwUG3XSZFvoZvZNkmzbBLpnuM9+EZChKOIg5kXeCKIk8D2kzi2QsN2A+CZ
IGIJF0piRuIpWOtQMaEDB8UyPbivGB7ONOKI+1AtL4H7FZE7Ay0wYcFDmORT4BC6fGMAyyTX7dgi
RiCAi+NALuACgSCJEMUQOg1r5sCF/hYsc0AmeGaaQWLHIpiJBLEwcHybgkPkRDZotMHPAH8C1oMI
18UvvKyP4L5FqaM/xT83cJ3Ig8H4BoKIw30Hmm4L+KQkNmchD43ERNiZ7QDZwDVNKD5J+RIuMIwA
jiiOLDhXboZhEFHwn0WhMYsRloFbYHgA86nrtcrcRHdFztKKumHlIJfbfzMe9YkcRTDKhXhTr4oS
gH5AOsg3KfVnpIei9FDktBAqRPU30g/UFNS0lXOrIqnPhgNrLtu7VYPkICzCcEv52WKxh4TK2Klx
jAhI+ebVze27qzcvzxR3qrQmzKlddHb+XVpKZDuCuqFdSqzpbHLy8vqbE9PaoQj+ZUl553h0c3Uh
Rl+IQAV0sbiXqCwW8Fn61wA9Td3N7cmb27fXj2kT97eoOashbe3QLm3mDCkR5dU7hPVZOrsVfP2l
SGtxACk9Np8hZVXXmwpFCfixasIp8uJB2XHUwQDBsiY5RQY9oLgfG5JsUJb+OcXU1cc/SeJrpDkn
3+vSjTb/4wq5c3DRk7F3nrFrYuaujY10P/NLCewz7dHfo2illk5BA2i7bkpxuuL1sBJsh3Zpcqbm
rnhGrnNxYRh/iiQJnHrv1egRdaMLLoN4dV0W2Og9zKtoquvzSTs+6un/oPZeLFpk+1+/S/8TuktI
6UOwDoxmjkJ2lztqbJc9MNdJJpY82j7FJPZfDFRRL+MyT9I8rbdfShN2OCERG/z8ArxQcMCMm5Ta
f6+vTwfM6MeGzLCltVY531Srot5lR1gWd6n4Yo5Lg6MG2CZaLIb4/FnCNaijHgYRXTTUQugJls//
BrclN/6jLovyBI68VtCJ0m7YaHtC0vxkG2qKQhyRu5Ydj9Gz6+6JqdNXRqfEi3KRP7vhNbuKama6
zPTmhjM3PPbu8gWzkN3RhIzny4YvxbHIl/S8Lur4mG7BIedbNEliufLPSP4pR2xH/unSbIXNZFOU
9bEZmLZFgw8r0DTJ0gpjEiT/ONnIc7zq2DRoZAky6RxOvU+KMhKTbqxIEhoFvTF1cdrnzf3mGHEb
v+jkK42arN4ey/1UXwy1/qQSdY1ctjqWlIl7kU1IB45V668bq4SIB1Momz4+O784efvylkaVyCc/
N6LctrtDU4pJxe+FxuE+FQ+TOFUHnMeK7o9h8XFCKqXn7NRM0+2assdnjLSBRVJKTSmLBiksBi6w
HZFDeOx2JSrBWrIYL4U8CC9ySLqGw6OD8LyoWUhn5FHWxCKmw/JHSkKwboo1ViYEYB9mxRMxZgXe
lJU8Ww9R0N+xbdGUGhZLEwbpUKlEO0AwdFMg2xLg1+KhA3cUi4RDNBV7KPKvakbdJ14yYh/q+5T6
M1t1nJ9Wiu6HlchZs1mWPAaA6SInrVLA5oucsWfvVoIQo6sUdHLF6FqFqlnAg5LnVcZrICVfS1Sz
AtuAVPwS6jIBZX2RYKppQiNrgqz0rjWAOZO9UHpRrZo6Ru010Zc55mwx6q6IRqtFYwrhMQyYpimH
7cFDYsOQRhLzkywrHhgZApBlugpg9yln/yDdojlSySb61QCFZ+dSCfUieaeBjIFBpOAagQu3TPOa
5mud7V4PQb1DMQWVAeN5HDMUrUo+xHc6FWBrwenIhLqkDFIJBWEN7omfGy5vsCzTe8xFldsIdqA3
hQM5JOhqRzEpBTmBCeRC7f05Xsu9XzdIXEpSO3l2Q+dF7EGeFVVTOeFtBdmR7reU0rRVWeRII1hN
x0tjWpDFTJs5DGZMt0M2pTr8k7yBI5U3RppcH8Qo4DdS/qAJalgWH1OooAAbQJJU7bxDjnirEbpM
SJlpDintmKX1V3SPp5TLYnjnSOnU3mJ2ABroSool2SLJmGhK5xLUvjJzqR1lk+ckzphcUbGRQpAt
82rKkJPr32ydLlew9pJXq/HQOrXmEEfKstnUalQxjBizBm6aLincUqh+eKwsht8XaQy0n8aAdIR0
rgCjoV3TgaJR70dN6jQNjh4OvNwqq/2frAihPRQimRqHIaxTuhWC5yUPtzU4zm4Uqw3JXFV1yuW3
JLWHVHJeahSs+mGiALVKVkkKkxQowmXJY3QCk5RCtFsqJYe0GrJjtiwgqIJ8BGkFbbSUaE4kanNm
EBXYXfpo1dX8j6eAco7P4U9x9F/Dv6qLjURB+9cOJQ2uYnAfG2q0xB1CtGuLlWlYjkZMOgF1Vqzx
q776AhhKu5AokcdgUYPolCM6MfFRRI30voVCWVkkRbNutvgYIR+oeoqU47q6PZ+z228ub9jLy1eX
t+zk+vrl5fkNuz5/w5C//e/5mzHDJHZ7hVnn7N03Vy/P2fWbq9Pzm5vpvgvY4Yc1czU7kKenhYzY
5IgrIjBaCemSJTc6Z2uC98gZYulb5JQJXKFQblaCQt4HOuGgoU1E728pm1IypGgUIXOapjeTkBUQ
uN7ekVPeq/e4ohhCiYBcMH08m3RBJ8wQ20ZElC8ozhK6Sq5qbUcD1Etsqp5U29C0VodPo6QptzXl
S16GsIxJ31CWDuhp7kpTI3T0KqZXwXejGm9kdjLEBJlbAx08HLcxYV8JWzVU4TVJAEvRu+5NcMqu
lM9XCo/0omiyuMMlRRB5yFmPf6UAbyT6INSl1lyud7uQzuJRkJSqoyB0tCVlsW6DrVqtZ0yGqjmU
MFGjJflIN9gTKrWjHTdtRkkiK7ETqaFW5LhZb1T6pXI8pl9M6EUrrzOapBdI3CWaLQV05/BBwNj5
EwxG0Ebgww73ULKqagQ5hnoFqS3bdJScFu3WYzVuBalyBJ11ThU2NPU3+UQVTbRq8ruqxf2Ub2g0
XTdrxFiE15K11QEJkqn6R2HR85XsRbNSWsxjHUM2vtEYyQ0nlCY3CLpOJ7GzQr3a12l1UbSFrya3
JqRg6YlDymTmMIk47LOjjbrBMldB+kjcA3YqwVBQ9G1PtUZR2FOHZZqfip52Z5rc7qsYmFGdoOF+
HtTn9HCR61tScx0ikJqtikylmCGvo5VMxdVF1jH5Bh1kpG9TpZF+q0JLKLpkU4W3Z0Mpta/IrZbb
moCP2cQcCFAKT248qVtkdAiQXrvPY2UxSilkrCinYkcm+rQYgxqtKfsGuSB06Vgmd+z0+u0Ya4FD
CPt6SGOovcwVlPfs4E8k/Dlz27S7z8gryZ3B3Ck7ieGoVjxLjlBrqjIhFtBhvRU2ZdTPIAUbGGIf
9gbAdqqaj+TVKMXk2ZQREm+v8+s22e4rRKolCKkHhE1a2GzyzUQ/71U3r7TVVekvopMnpeWtGCsK
eDplQtqu1GMQWp3AUosOp0zfcGYZL5dyAdelqtYFuWNS8iWRAJmAbdUmkxkL1Z9rIE/GzkuSk7ok
qQpquiMkqpq9un0rMa1AEpEdNjWjAl6Kst9OFRfT1tes62ZCq+YS22F92F8CJJKpc4BcCAlrSyYK
ZGqWTJmMUitOSQBL1+BNTbKDNOR3nnBTY4kLhCZvp2NqJL2udMQI0Vy680qJVKUSmFtrHSVKhGog
aFenq6mzK5kknV3enLxAfiTzqSaXOkQOm76NKMlNxipJSEkZ9TcJ8bDe6OnsbT0WYbOct0Xb18yk
Yk2nrCu4K/me6Rq+aj8ioBtshQre2iJMAqawVtBOV0VRyc5EW6uJthqXXjyme9gVv2+jBfWFdIdr
Qu96x0aIycahStp00+anIs1VR0By6iv2Piw+kuWX7PKMHbx/e3l2CLnD7IED5j9AbCQYaq3DOKiG
K2PNH5V+wBqKXnY5rP39i5ctfF3fDUa+kptRa0wmDlK8OhWRtBVtC0mH0UFnK0nktniXJtvJxyaN
e4G03bVh9+ZWtl+UqalPihUP5FxtV02l20ARnEit3KxeM1Fr5mp+HNI2KoRo96h3oRjI82VXo+S0
LNsPxeN21k777smOmWLuybpoyHskKtZpZwKWtayl2E7eUbZCIH76LYMzFr+RoXqwWBKeC1V6h0IB
CwV9aQE3wh+kUpCOKuhStWh4N+gr8mmjjnz4QMb3UdXXU7Gb/ELnCSyNp9HkJfWtGW/VHci2i+nv
Dht7r8MTZkUkzbdKYxUziB4OmULhqiYccmFJQRQzRKxCp3zoQptsNWnl4FEkMiErBaXectcsvcMW
VCdLT5RxkL4si4d6pfwYtuBspaANnBysv6pVSJbITogbLWqTnjWKtMuzakAXuWmSvILG1NW+jkzd
cmrTHLlmR0iAN2EWewY0USr3guzbWp0sp4+FqZ3XA09lNYtgglJPadGm2DRZazb6geK9nKPDhm3R
hrIMIirlThRxyXMhJdAFhmxyq0beXKc61HeUxbUaVpmC1iwg0nvouHd6ZJkT+lJsb6hzDLvDmxVy
8qQYxHT4g4k67OlmriC3uUJlulmvN9O0kBjD1W3XVBzClGtqtEZVjzqFKf2e9e8lCdLN8eWyFEvd
UtT9R9Vmoa9f7vbpk/jB11ydXdGl34kOCio/IPf1IFQFwmHkD3LHSiLeEyDHpoNTAcTpjvPNBlhp
4TxiKgSq3mtlQiZEd1tlLBvEm1Nq3othL2+M4LBZcZiFIM9eEg5tXoqIkYgStceE/GJOwVC9bWOX
ihx8pzeoj9EGwbZBDo7cRvrW1oVpgFLK6n27xyOpKrqGYq3TdR9BdDQmoDRfflJZqfMScuO0oWx6
6kVtg3vab6DfDHdoOff5eK+DiZKksoBBL0nDAPha87PtGq30oHJxZVdJaO9ATXgUa7FMg9KkA0S3
Q5tSHcmQt2lbKcrzAp72Tm28RU7GK12nIbXmdAaqnygBAo5aVvNWaOoddJR6enP2g8xckLSOZZPv
RwIqS7A+eA+PiiQZlEmX0sFTG6U9epP9kafiqPock8rHSlYMsvyGfFLgqpOAIfpqX4mD+snosI5i
lYqp/Y5zdvHy5FYNUqkhqLP2d30feTwLPoKiXIztj3Fa1mPpdP+uMz112DJsWigjpkAH1uqeIm+0
1qkbAkx999CUrd9tK7WyO6WRTgVwEI4ieUxWtXyatEc8UAGV1j+7kN5EbiXn7wCRebEe+TAYmcj8
cpD4FSr3Fx/h2ypd5EZ3VCZVsqCDcwtTFChblcjJeUSv/DYzU5FCmYqiUsJHZtSV1KPxSHxEmi/T
fnWDje4F9ff1w0hf3O1G6PQtj3m5M1asP8RFDXe3M6ovMvYDTZkNn8kxDJ+TNKvFDuDleufrAVQ4
O7iksK374QDdiR8+D+4/9mOwc31PwJzSLTVZoYCnw0mbaJcPb0TSX2jtRivp6qvdIaRP6+HIzfXL
ne231c+Z/AhC/2Ldq7q4Ezki+g4Ltnyd6YundKnhl3SjLqMFU7oe/Yu6fdzNxuPH9S6TC8LGMgzb
NC2613p9drVDaVx8kJjsD2Io3ZUPrD6vqp2J6mrG+1c7JO5hgEdqH+yShcGHMt0T9+CuuU30qst2
16s9baOkSX5PYOmbzsSYdKk+NNBr6dsTXVW016FpKZWZhR6wFL9Qi2RKEUkhtB4KSlp2NDF+JMR0
R+6SW/ZwCJVcI/3yslHa1cL/nhKvq2vZCOsXfPr0/wJH5ho=
===END CRASH DUMP===
