PocketMine-MP Crash Dump Sun Oct 17 14:26:45 WIB 2021

Error: Call to undefined method pocketmine\player\Player::getX()
File: plugins/Sound/src/Main
Line: 25
Type: Error

THIS CRASH WAS CAUSED BY A PLUGIN
BAD PLUGIN: Sound v0.0.1

Code:
[16] 	{
[17] 		$this->getServer()->getPluginManager()->registerEvents($this, $this);
[18] 	}
[19] 
[20] 	public function onJoin(PlayerJoinEvent $event)
[21] 	{
[22] 		$player = $event->getPlayer();
[23] 		$packet = new PlaySoundPacket();
[24] 		$packet->soundName = "C418";
[25] 		$packet->x = $player->getX();
[26] 		$packet->y = $player->getY();
[27] 		$packet->z = $player->getZ();
[28] 		$packet->volume = 1;
[29] 		$packet->pitch = 1;
[30] 		$player->sendDataPacket($packet);
[31] 	}
[32] 
[33] }

Backtrace:
#0 pmsrc/src/event/RegisteredListener(75): NhanAZ\Sound\Main->onJoin(object pocketmine\event\player\PlayerJoinEvent#112723)
#1 pmsrc/src/event/Event(62): pocketmine\event\RegisteredListener->callEvent(object pocketmine\event\player\PlayerJoinEvent#112723)
#2 pmsrc/src/player/Player(749): pocketmine\event\Event->call()
#3 pmsrc/src/network/mcpe/NetworkSession(704): pocketmine\player\Player->doFirstSpawn()
#4 pmsrc/src/network/mcpe/NetworkSession(697): pocketmine\network\mcpe\NetworkSession->onClientSpawnResponse()
#5 pmsrc/src/network/mcpe/handler/SpawnResponsePacketHandler(44): pocketmine\network\mcpe\NetworkSession->pocketmine\network\mcpe\{closure}()
#6 pmsrc/vendor/pocketmine/bedrock-protocol/src/SetLocalPlayerAsInitializedPacket(45): pocketmine\network\mcpe\handler\SpawnResponsePacketHandler->handleSetLocalPlayerAsInitialized(object pocketmine\network\mcpe\protocol\SetLocalPlayerAsInitializedPacket#112728)
#7 pmsrc/src/network/mcpe/NetworkSession(388): pocketmine\network\mcpe\protocol\SetLocalPlayerAsInitializedPacket->handle(object pocketmine\network\mcpe\handler\SpawnResponsePacketHandler#106894)
#8 pmsrc/src/network/mcpe/NetworkSession(351): pocketmine\network\mcpe\NetworkSession->handleDataPacket(object pocketmine\network\mcpe\protocol\SetLocalPlayerAsInitializedPacket#112728, string[2] q.)
#9 pmsrc/src/network/mcpe/raklib/RakLibInterface(187): pocketmine\network\mcpe\NetworkSession->handleEncoded(string[5] c*d..)
#10 pmsrc/vendor/pocketmine/raklib-ipc/src/RakLibToUserThreadMessageReceiver(42): pocketmine\network\mcpe\raklib\RakLibInterface->onPacketReceive(integer 0, string[14] ..ml...U....w.)
#11 pmsrc/src/network/mcpe/raklib/RakLibInterface(121): raklib\server\ipc\RakLibToUserThreadMessageReceiver->handle(object pocketmine\network\mcpe\raklib\RakLibInterface#23309)
#12 pmsrc/vendor/pocketmine/snooze/src/SleeperHandler(123): pocketmine\network\mcpe\raklib\RakLibInterface->pocketmine\network\mcpe\raklib\{closure}()
#13 pmsrc/vendor/pocketmine/snooze/src/SleeperHandler(82): pocketmine\snooze\SleeperHandler->processNotifications()
#14 pmsrc/src/Server(1546): pocketmine\snooze\SleeperHandler->sleepUntil(double 1634455605.2352)
#15 pmsrc/src/Server(1107): pocketmine\Server->tickProcessor()
#16 pmsrc/src/PocketMine(293): pocketmine\Server->__construct(object BaseClassLoader#2, object pocketmine\utils\MainLogger#3, string[41] C:\Users\nhang\OneDrive\M..y t..nh\FLOTV\, string[49] C:\Users\nhang\OneDrive\M..y t..nh\FLOTV\plugins\)
#17 pmsrc/src/PocketMine(316): pocketmine\server()
#18 pmsrc(11): require(string[85] phar://C:/Users/nhang/OneDrive/M..y t..nh/FLOTV/PocketMine-MP.phar/src/PocketMin)

PocketMine-MP version: 4.0.0-BETA5 [Protocol 465]
Git commit: b65e89b605aeba5f7958d3cbb6db47e766cd6f9f
uname -a: Windows NT PC 10.0 build 22000 (Windows 10) AMD64
PHP Version: 8.0.10
Zend version: 4.0.10
OS : WINNT, win
Composer libraries: 
- adhocore/json-comment 1.1.2@fc2f76979f0a44a5f5bc2a2b600d0762fe0e78e7
- brick/math 0.9.3@ca57d18f028f84f777b2168cd1911b0dee2343ae
- daverandom/callback-validator unknown@unknown
- fgrosse/phpasn1 v2.3.0@20299033c35f4300eb656e7e8e88cf52d1d6694e
- netresearch/jsonmapper v4.0.0@8bbc021a8edb2e4a7ea2f8ad4fa9ec9dce2fcb8d
- pocketmine/bedrock-protocol 2.0.0+bedrock1.17.30@faff7da904e68f69b1a9128956dac3122e87308a
- pocketmine/binaryutils 0.2.1@8cd078e2426f8100331f2d73bef10f481dad6cde
- pocketmine/callback-validator 1.0.3@64787469766bcaa7e5885242e85c23c25e8c55a2
- pocketmine/classloader dev-master@80226e0917be79ac3230606113e25134a31e6a85
- pocketmine/color 0.2.0@09be6ea6d76f2e33d6813c39d29c22c46c17e1d2
- pocketmine/errorhandler 0.3.0@ec742b209e8056bbe855069c4eff94c9734ea19b
- pocketmine/log 0.3.0@03ab1316da0b1978a7a1c8dd73e1c2a973cb62ec
- pocketmine/log-pthreads 0.2.0@6be3445c48c62eba3922f987f000bb20c81d161f
- pocketmine/math 0.3.0@83ec067b12c066fc61d9fb129daf7e61ef3b1d63
- pocketmine/nbt 0.3.0@98c4a04b55a915e18f83d3b0c9beb24a71abcd31
- pocketmine/pocketmine-mp 4.0.0-BETA5@b65e89b605aeba5f7958d3cbb6db47e766cd6f9f
- pocketmine/raklib 0.14.2@e3a861187470e1facc6625040128f447ebbcbaec
- pocketmine/raklib-ipc 0.1.1@922a6444b0c6c7daaa5aa5a832107e1ec4738aed
- pocketmine/snooze 0.3.0@fe5b1dbf0d6267da882d1f67924772bd93db833d
- pocketmine/spl dev-master@b7a8904f912c1f6d38ad867ff1120614ccb80171
- ramsey/collection 1.2.2@cccc74ee5e328031b15640b51056ee8d3bb66c0a
- ramsey/uuid 4.2.3@fc9bb7fb5388691fd7373cd44dcb4d63bbcf24df
- respect/stringifier 0.2.0@e55af3c8aeaeaa2abb5fa47a58a8e9688cc23b59
- respect/validation 2.2.3@4c21a7ffc9a4915673cb2c2843963919e664e627
- rhumsaa/uuid unknown@unknown
- symfony/polyfill-ctype v1.23.0@46cd95797e9df938fdd2b03693b5fca5e64b01ce
- symfony/polyfill-mbstring v1.23.1@9174a3d80210dca8daa7f31fec659150bbeabfc6
- symfony/polyfill-php80 v1.23.1@1100343ed1a92e3a38f9ae122fc0eb21602547be
- symfony/polyfill-php81 v1.23.0@e66119f3de95efc359483f810c4c3e6436279436
- webmozart/assert 1.10.0@6964c76c7804814a842473e0c8fd15bab0f18e25
- webmozart/path-util 2.3.0@d939f7edc24c9a1bb9c0dee5cb05d8e859490725

Loaded plugins:
ChatManager 0.0.1 by  for API(s) 4.0.0-BETA5
CommandDisabler 1.0.0 by  for API(s) 4.0.0
DEVirion 1.2.5-ALPHA12 by poggit, SOFe for API(s) 4.0.0
DevTools 1.15.0+dev by PocketMine Team for API(s) 4.0.0
HideCommands 1.0.10 by Himbeer for API(s) 4.0.0
PureChat 1.4.11 by 64FF00 for API(s) 4.0.0
PurePerms 1.5.0-legacy by 64FF00 & ProjectInfinity for API(s) 4.0.0
SimpleNPC 3.0.0-snapshot by brokiem for API(s) 4.0.0
Sound 0.0.1 by  for API(s) 4.0.0-BETA5
TNTManagement 0.0.1 by  for API(s) 4.0.0-BETA5

----------------------REPORT THE DATA BELOW THIS LINE-----------------------

===BEGIN CRASH DUMP===
eNrtXAlz20aW/itd9NRG3hUpXMTBKafsWPbGu7alteRxdsKUqwE0SIxBgMEhWU75v+/3XjdIgJI9
diZ71JaT2CT6eP3uC838NsmqeiPbt1eqbvKqnCy840mbb9RkYfuu583nvjWfObYTWO7xpNuaqfks
CFzHmVt+ZHm+5RxPCtm0T+q6qieL3ybtzRarJvr5eLJRTSNXNPJYFoVoK9GVqcryUqVio9p1lYpt
lbxT7QZDy+W2kDeqXi7P+XOxWKn2p6P7gJN1RfE0LxjQYrl83QDn5bJcy3K1XJ6V6rTOr7D/xbKz
LGXfiJa/pOV6uXz6/OzyLwS6W+UlNl1UQGG5bOoE62VezrbrLZ2goZtlJ7zqBItOaA3mCyA4WThz
8KiWCb7+PLlnie2GltAfdaXK9uSVWuVNq2qVPqfPUtVHwfz+QrwEpo/+ujucYE6/r8p/q/LyqIr/
ppJ2xAcGdsgOWvyEJu7ZEIrjEl/u2bdQ4CVHvoNT7wB5G8Hp9wlEo3f9Q6g4A1T08hO9+ijworux
YRgaARbzPXcAo1TtdVW/O9kkW3XyUj9cQJ+gq0eB5R1AHCM4/T6tnuZ1015s5XWpYXtfCNuPggPY
ZvVyScuXy/F6kuPjIgchfNYr1WyrslH6zPmnzoQ+pAU4NNpzLunMH/XUked9HRqfWfpbUlRNV6uP
GivfYAXup1V9st94Equ0xtN0W1dtlVQFI36h2ucVZKRZ+6h5VuZtLov8g0o1xkfe/POoGmqh/58k
d/q9XvSZw+5Sz4ODerxx0t9DWqtuyAwJvlA13DD8PKFfcX5P8BdQ9QXsu2dbfhh5TE34pdTM7a/T
MI3HqWylkft/h0CORdPWebn62flF/DpjgqJPEVTLd0Uen7yS757n8bMSfi2Dbz6yw+D3EPakTKoU
ambOn/8ikn9OZxoF2/qkzWgkpvlWI6iRuawoRl2uayXTFzoIvlKJQpSCYTufx04DhK8ek0WORnPK
QDrKMbVStbB2PLO9X8Rstilms9lr/JldG+ztr+WgQ6rRIwJKrkj9QGKP1Wfo+wrF/gSl9xzXtSKN
ufNJvjdlVX1Q2kMVSm1V3XtOGxHp93H4C/Yc+FLb/R0IhocaoJfCSEbrgA+8Mbj7smrzLE9kC21t
zLnDcHbBAjqy557/hYAben5dtnlxlFZdXCgxTPrcuaMPmd9xiG0dWpeemX7f5sm7c41xVRs0/QGE
c97zAnuOnMj9BJC3bxMQ2dZdsvMvP8hGPUaa2TyvZApf5xyLO3SrAzGNzq2eVyvYxT13Zxee/Yv4
bOI4myFpnM0GCeN+b/TVe3fJpuZBcDcPXPuWtDSL9S7jxsFwMkX1a5fXqvdNIZzTdi3rxcnJ48UJ
Y3bCiJ30eJ3s0TphrAYnT1+cz2j3GKH7k18+Hk/Uf3cm/4V5NlDRa97m5VVVXKkNMixsTMGFpJ30
sxhhEBgg502I2z4Gl+1vGLID/rps/9Su82b6PbAwWnyfH84ZxgtZgjIeq016zIlpc8TbjgV/3P8z
AQwZ4Ef6GuErPh2Lh7YwojwRWVcmZKXCJPcH+bL4E2e+xAjH3qHpOD2amm3igVlnkOQkms933N1K
jgRYWaprQUuYDSYu67XeeC2Mnpa8lBuFbcvJY88OlxNeOT9c+Z5Q2JpUWsuOF/qHC28OFv6nWRgc
LvxwsPCvZmF4uBDC7hhDm+ejw/lt3ibrftq1xpwDjXDDgwzFbOOzXHsnPNfRwnOJnx8nH79Vdd+q
um9V3beq7ltV962q+1bVfavqvlV136q6/zdV3fFkRSmhLKg6KiW9xpmMtgGxGMLYvwmaeDNrZk1/
eHL5aE6TXV6kKMos2zme5M3bVF1NFpksGoUyzISCycLz5zgppyIt9ucqjGJonVSxnGdBNA9TN4lj
P429QAW+n6R+FmWA3RmE3uQwtOtGvLwU54+FjeMFHyscx7IscdTP29Z98ejFqe9RCbjeYmcIXG0L
jx9gqwZ3fsb026oh2M9evrzEAD9cc5mZVJttBQa/hfXXss5VQ8yR6Rq01Orkbw0CCNaYotOe2TPn
YZY4WYA8Msos6Xkgax4njnRAppVage9kylJBqALiWA2jOdnIdo3d1iyauQ8TOQ9SO8wsJ8xCLwuC
IHZsP0xSO7Lt2EqVclzPlQq7UwlJwKarzQkl0THCw/QKQTWVLdXm4Nm7srouH5pPqqpXddU06gQk
y6akOufKmbkz66FjOVFkuW7izjPPtSwF0fgqUKEKwySbO6md+n7k0anwjLVqlKyTNdO/kVv4FgLF
2vAwjOPEcmwZqjR2lCcDJZ0slKmXyUglUZooJ0vikErxz+SegOcQuH8xE2BtMHOth5nMsiCVkeUp
P8z8KLZlZDthNPdTmbi246gwcK1QHkDPS1nfsI9gRjsz+yFYakEMjuf4WWhbIN7OnDRwY5XZVuaF
dipT6J8aQ7qT0TYwdR/6XhAGHgTv+3EiQfc8DOcAr8J54riJA11P5nPpHAAk11awa6O2hbqabiTV
aA9Dy3F8ZUV2EKsgAnGOa/mWb9uucua260nXVr4M5wfgqoJRIhqth1YUK19JPw38zFGum/qhDRlH
qRMljpN4fmIHyk4PUOLejkk7GRRpiEoCz4kdK1KhNffjGFTRy93EU1kWeUkUuJ6SdhSPQRXVagfB
cmVsw+2l0ortKAhlIO0kTMFyZcNAACGJfUcltyBMty2nGs2OLj9WFK8SL0ywI5Zu5DhZFAYZfEAM
JBNIz/btbAxqZ2eETeiqxPKD2Hbw4WeJb6dRhqcolVmgfFtlbgyld8cgyrjdQYjCxJOWF0OmkT1X
sNnQTd3YSsD02IHi2zJOUtceQ9h/nW62Yxf68Cv84a0UlNGyPfgf5coQagJdDCxlI7VJfN+ZWx7c
cph5gAMDjeUhn/eJrIYECwFTpe95HkjyExidlHP6L3QdZAHKVokXuKFUB5ask44dlzI1Bx/jzEp9
xweQMIQzyfwgcrwgcOI0ctM4hGYeANkWY2uIAxnC6DMYe4LtKQ5OQz/IMtQNMAovgUux7ICYXctN
o27IEgrFTTa2UAecSfBP4Ck1V64TWq4d23Pfs+K5DY1WCqwGp/3EknsgXZfrWAE3CccexXGQxXNU
gn5kZ9Bc6GzqeWkSe1AV8DVzvJTEAw+5xeEnOmIjfVN7o1RQmMxNwDn8Kx0Zx/NMeoGch/CZkQ+H
C3cRz6MBGONsNC0OI+Ml8LGgP4mkB/XzyXqcxAk9N/LdyI6U78NFOhRl6nW3aaTsibkdFpqbTVaV
N9DN4ibLi2KamK7uFfhGQoSjSKN5EAUqSrPIDbM0dWLL9SPgmSFiKR9KYifqLlibWDNhBw6KZQdw
Xyk8nG2liQyhWkEG96sSfw5aYMJKxjDJu8AhdIXWAJZNrttzVYpAABcngVwkFQJBliCKIXRaztyD
C/0ULHtAJnhm21HmpiqaqwyxMPJCl4JD4iUuaHTBzwh/A9a1ijfVB1m3J3DfqjbRn+KfH/leEsBg
QgtBxJOhB013FXxSltrzWMZWZiPszEdAtnBNU4pPLF/CBYYRwRGliQPnKu04jhIK/vMktuYpwjJw
i6wAYD7uWuCcmzxey9Z0qgd53HD0eLJP4CxKgjAiu3Zd1QDwM9JAuc2pwzlM7jCqSolKAQqE7BwJ
XYqKokzNjqbK2tPhwEZyz73vfA6O1zk6dfAR8yjDPLu4fHP26vmp5keTt4QvtVofI69CEDrNGzp4
RM3BzJAiisXW5yj6vbQ0HdKcuIrjG8o0QdMYiS+n6/TJX/Kakd0RtBsaU+LM5tNHz89/fGQ7I4rg
KVeUQR9PLs6eqskfRKAGulxeMSrLJbyv+TZAz1B3cfno1eXr89u0qavLqiqaIW390Jg2e47kjiqE
EWH7ekNcKrn5o0jrcQApe2w+Q8q6bbcNyivwY93FM2T4gwLqZAcDBP+Yp8powpDo0fChetpj/cTi
Taygxn8QsQbccjlE4svUc623zkADaDvvakWWO6wH+6ExTd7MHnuRie89fWpZX0USAz9X9aaZ3KJu
8lRyKG/O6woH/QTVrLrm/Mm0H5/s6X+rz14ue2T33/4u/XfInZAybyF3YAxzNLJj7uixMXug6tNC
rWRycxeTxD8JUEUdjWdllpd5e/NHacKIE4zY4OsfwAsNB8y4yDfbQr08fzxgxn5syAyXg0pTym2z
rtoxO+K6eperP8zoDThqg1HrcojP1xJuQJ3sYRDR/EJ5QLB5wfw/Hl0H7xW/JP5cvrzUsVh3LXb4
j8f/F+gYIfCl9FD2I5GtK1QJByGk73SxO+Hm2mxbV4jiLfdxJvfOd0/icQXbWwm6drCsl+W9C9mK
s6QVti/sYGF5CysQb579IBzkrLSgkOWqA6oPVLmi503Vpg/oNjEy2WWXZY7Pfyf8N4+4Hv/t02qN
zXRb1e0DO7Jdhwav16BpWuQNxhikfD/VLzabB7ZFIyuQualSpeezqk7UdDdWZRmNgt6UelP98/Zq
+wAxHN/SPMvypCvamwd8nu72tVU9bVTbIkNvHjBl6koVU9KJB7qhuRtrlEoHS6hGeHD65Omj188v
aVSLfvprp+qb/nRoTDVt5JUyOFzl6nqagkRZJuqBpvt9XL2fkmqZNaNKcHazoZz4niBtEAlLqau5
FGJhCXBBjEQO4YnLtWqU6MkSslaiXStRlZB0CwcuElmWVStiJfIyKbpUpfgibikJwbqoNtiZEYBD
mI3M1LGoMFM3BFLEtZLvxE3V1QaWyDMB6VABSCdAMHQtpbghwC/V9Q7cSaoyCdE04roqv2sF9dRk
LYh9GxBLXacbwpBumGi6r9eqFN12VcsUAGbLkrRKA1ssSyHuvVkrQoyu4NBlB0HXcXQlBh7UsmwK
2QIpnmZUC3pBB1LxTbXML8oAEyV0K4hGNgRZ611vAAvBHV6aaNZdm6KinJpLQAuxnOyu2ifrZWcr
FQgM2LbNw+7gIXNhSBPG/FFRVNeCDAHIClPbiKtciv8g3aI1rGRTMzVA4d4TVkKzSQBxQcYgIFJw
jcDFN8LwmtYbnd1ND0G9QYkIlQHjZZoKlOJaPsR3etchNkrSqyByVgJSiRVhDe6pXzvJN59W+RXW
onbvlDgyh8KB3Cfo+kQ1rRU5gSnkQi8tFpjms192SMRqUrtHzU2ZXMrmnaD3UVC0GS943UB2pPs9
pbRsXVcl0iLRYnlzTBuKVBgzh8EcC2pn1/q9J/MGjpTGNl1p3i9p4Bcsf9AENayr9zlUUIENIIlV
u9whR7w1CD3LSJlpDSntscjb7+j+V83bUnjnROvUwWZxBBo6GJbDbGEypobSBYM6VGbJ2lF3ZUni
TMkVVVsWAr8IaGYC+bn5Ljb5ag1rr2WzPh5ap9Ec4khdd9tWj2qGEWM2wM3QxcKF1XKXP9UWI6+q
PAXad2NAOkI6V4HR0K7ZQNGoo6UX7TQNjh4OvL7RVvuvRRVDeyhUCj0OQ9jkLRn/BilkfNOC4+JC
s9pi5uoKlLdfktSuc+Y8axSs+nqqAfVK1jCFWQ4U4bL4Mg6ByWql+iO1kkNaHdmxWFUQVEU+grSC
DloxmlNGbSEsogKns4/Wvdr/8xRQ7vE5/CmO/mP4N221ZRSMf92hZMA1Au5jS+2jdIcQndpjZVuO
ZxBjJ/CGrcLg13z3B2DIdsEokccQSYfoVCI6CfVeJR1730qjrC2SotlutXqfIB9o9hRpx3V2+WQh
Ln98diGeP3vx7FI8Oj9//uzJhTh/8kogf/v3J6+OBRaJyzOseiLe/Hj2/Ik4f3X2+MnFxezQBYz4
4cx9ww7UHXnFEZsccUMEJmvFLpm5sXO2NniPnCFl38JLpnCFSrtZBoW8D3TCQUObiN5PKZtWMqRo
FCFLWmYOY8gaCFzv3pFT/mvOOKMYQokAb5jdXk26YBJniG2rEsoXNGcJXS1XvXdHA9RLbZs9qa5l
aG3u342Sodw1lK9kHcMypvs2OTugu7nLpkbomF3C7ILv3siy4+xkiAkytw46eP+4jwmHStiroQ6v
WQZYmt7N3gRn4kz7fK3wSC+qrkh3uOQIItel2OPfaMBbRh+E+tSmK81pT9lZ3AqSrDoawo62rK42
fbDVu82K6VA1hxImaowkb+mGuEOlRtpx0WeUJLIaJ5EaGkVOu81Wp186xxNmYkoTvbxOaZHZwLgz
mj0FeEKYh7HLOxiMoI3AhxOuoGRN0ylyDO0aUlv16Sg5LTptj9VxL0idI5isc6axoaWf5BNVNMm6
K981Pe6P5ZZG8023QYxFeK1FXx2QIIW56MxY7PlK9mJYyRZzW8eQjW8NRnzglNLkDkHX20nstNJT
hzqtb2X38PXi3oQ0LLNwSBlnDtNEwj53tFFnmHMVpI/EPWCnEwwNxdzM1ns0hXvqsM3wU9PTn0yL
+3M1AwuqEwzcz4P6nB4uS3PhaWFCBFKzdVXoFDOWbbLmVJxRRtYEFTJBhn2bLo3MrA4tsdolmzq8
3RtKqZ8it1rftAT8WEztgQBZeHzwtO2RMSGAvfY+j+VilFLIVFNOxQ4n+rQZgwatmfgRuSBfmqfk
Tjw+f32MvcAhhn1d5ynUnnMF7T138KcMfyH8Pu3eZ+QNc2ewdiYepXBUa1lkJ6g1dZmQKuiwOQqH
CupnkIINDHEf9gbARlXNe/JqlGLKYiYIidfn5XmfbO8rRKolCKlrhE3a2G3L7dQ8H1Q3L4zVNfkH
tZMnpeW9GBsKeCZlQtqu1WMQWr3I0Zvuz8S52VPIesUbpClVjS7wiVktV0QCZAK2NduCMxaqPzdA
noxd1iQnfZ9aF9R080k1rXhx+ZoxbUASkR13raACnkW5P04XF7Pe12zabkq7FoztsD5UZVLfbLWt
Z4I6B8iFkLD2ZKJApmbJTHCUWktKAkS+AW9akh2kwb+Kh5s6ZlwgNP4pCJYm7HXZESNES3bnjRap
TiWwtjU6SpQo3UAwrs5UU6dnnCSdPrt49APyI86nupJ1iBw2/aamJjeZ6iQhJ2U0P4BJh/XGns69
racq7laLvmj7XthUrJmUdQ13xfPC1PCN7jqQNZdNpYO3sQibgGmsNbTH66pquDPR12qqr8bZi6ey
laKRV320oL6Q6XBNaW7v2AgxbiDqpM00bf5W5aXuCDCnvhM/xdV7svxaPDsVRz+9fnZ6H3Kn331c
0/priI0EQ68KYBxUw9Wp4Y9OP2AN1V52Jaz9px+e9/BNfTcY+Y4Po9YYJw4sXpOKMG1V30IyYXTQ
2coyPhZzeXYzfd/l6V4gfXdt2L255PaLNjX9P2DQPOC1xq66xrSBEjiRVrtZs2eq9yz0+jSmY3QI
Me7RnEIxUJarXY1S0rbiMBQf96tG7bs7O2aauY82VUfeI9OxzjgTsKxnLcV28o7cCoH46TsHZ2x+
xaF6sJkJL5UuvWOlgcUqI9tv6FI8m9K61zNWLRoeB31NPh20Ix8+UMhDVM2tW5ymEE/vwtK6G01Z
Ux9eyF7dgWy/mT532LgHHZ64qBI23yZPdcwgeiRkCoVrunjIhRUFUaxQqQ6d/LALbdxqMsohk0QV
iisFrd58apG/wxFUJ7MnKiRIX9XVdbvWfgxHSLHW0AZODtbftDokM7JT4kaP2nTPGk3as9NmQBe5
aZK8hib0hcUdmabl1Kc5vGckJMCbCkfcA5oolfeC3Le1drKc3RamcV7XMudqFsEEpZ7Wom217Yre
bMwDxXteY8KG69CBXAYRlXwSRVzyXEgJTIHBTW7dyFuYVIf6jlxc62GdKRjNAiJ7D53unR5Z5pR+
hHAwtHMM4+HtGjl5Vg1iOvzBVL+82q1cQ24Ljcpsu9lsZ3nFGMPV3WyoOIQpt9RoTZo96hSmzLzY
zzMJ7ObkalWrlWkpmv6jbrPQr+PeHdLH+MHXnJ2e0VXmqQkKOj8g93WtdAUi+UeKdGLDiO8J4LHZ
4K0A4vSO890WWBnh3GIqBKrnjTIhE6IbuxzLBvHmMTXv1bCXd4zgsF1LmIUiz14TDn1eioiRqRq1
x5T8YknBUM/2sUtHDjnqDZrXaYNg2yEHR27DvrV3YQYgS1nP92fckqqmayjWNt/sI4iJxgSU1vNP
cRv9voTcOB3ITU+zqW9wz/YHmJnhCT3nPh/vTTDRktQWMOglGRgA3xp+9l2jtRnULq7eVRLGO1AT
HsVaymlQnu0A0Z3XrtavZMjb9K0U7XkBz3inPt4iJ5ONqdOQWkt6p2ueKAECjkZWi15oeg46Sj29
hfiZMxckrcfc5PuFgHIJtg/ew1dFTAZl0jU7eGqj9K/euD9yVxxl/8zlY8MVA5ffkE8OXE0SMERf
n8s46K+CXtZRrNIxdX/iQjx9/uhSD1Kpoaiz9mdzy/p4Hr0HRaU6dt+ned0es9P9s8n09MuWYdNC
GzEFOrDW9BRlZ7RO33gQ+tccXd373b5Sq3dvadipAA7CUcKvyZqeT9P+FQ9UQKf1956yN+GjeP0I
COfFZuTtYGTK+eUg8at07q/ew7c1pshN3lGZ1HBBB+cW5yhQbnQix+uIXqCCEkxHCm0qmkqGj8xo
V1JPjifqPdJ8Tvv5Xh6yleGvEOLEXEfejdDbtzKV9Wis2rxNqxbubjRqrmfuB7q6GD6TYxg+Z3nR
qhHg1Wb0mwhUOCNcctjW1XCAbvoPnwe3OvdjsHNzX8Ce0Y01rlDA0+GibTLmwyuV7a/p7kYbdvXN
eAjp02Y4cnH+fHT8TfNrwT/tMN/Ebqqt3qkSEX3Eghu5Kcx1Wrrc8CHf6otp0YwufX/Qd6p3q/H4
fjNmckXYOJbl2rZDt3XPT89GlKbVW8bkcBBD+Vg+sPqyaUYL9VWTn16MSDzAAI/UPhiThcHrOj8Q
9+AGvUv06ot35+sDbaOkiX8l4Zj728SYfKV/PmH20i9qTFXRX/KmrVRmVmbA0fxCLVJoRSSFMHqo
KGkZaWJ6S4j5SO7MLXc4hEquY7+86rR29fD/SonX2Tk3wvYbPn78L5+Z0do=
===END CRASH DUMP===
