PocketMine-MP Crash Dump Sun Oct 17 12:55:56 WIB 2021

Error: Call to undefined method Himbeer\HideCommands\Main::setEnabled()
File: plugins/HideCommands/src/Himbeer/HideCommands/Main
Line: 34
Type: Error

THIS CRASH WAS CAUSED BY A PLUGIN
BAD PLUGIN: HideCommands v1.0.10

Code:
[25] 		switch ($this->getConfig()->get("mode")) {
[26] 			case "whitelist":
[27] 				$this->mode = self::MODE_WHITELIST;
[28] 				break;
[29] 			case "blacklist":
[30] 				$this->mode = self::MODE_BLACKLIST;
[31] 				break;
[32] 			default:
[33] 				$this->getLogger()->error('Invalid mode selected, must be either "blacklist" or "whitelist"! Disabling...');
[34] 				$this->setEnabled(false);
[35] 				return;
[36] 		}
[37] 
[38] 		foreach ($this->getConfig()->get("commands") as $command) {
[39] 			// We put the command name in the key so we can use array_intersect_key and array_diff_key
[40] 			$this->commandList[strtolower($command)] = null;
[41] 		}
[42] 
[43] 		$this->getServer()->getPluginManager()->registerEvents($this, $this);
[44] 	}

Backtrace:
#0 pmsrc/src/plugin/PluginBase(136): Himbeer\HideCommands\Main->onEnable()
#1 pmsrc/src/plugin/PluginManager(425): pocketmine\plugin\PluginBase->onEnableStateChange(true)
#2 pmsrc/src/Server(1299): pocketmine\plugin\PluginManager->enablePlugin(object Himbeer\HideCommands\Main#23048)
#3 pmsrc/src/Server(1057): pocketmine\Server->enablePlugins(object pocketmine\plugin\PluginEnableOrder#22895)
#4 pmsrc/src/PocketMine(293): pocketmine\Server->__construct(object BaseClassLoader#2, object pocketmine\utils\MainLogger#3, string[41] C:\Users\nhang\OneDrive\M..y t..nh\FLOTV\, string[49] C:\Users\nhang\OneDrive\M..y t..nh\FLOTV\plugins\)
#5 pmsrc/src/PocketMine(316): pocketmine\server()
#6 pmsrc(11): require(string[85] phar://C:/Users/nhang/OneDrive/M..y t..nh/FLOTV/PocketMine-MP.phar/src/PocketMin)

PocketMine-MP version: 4.0.0-BETA5 [Protocol 465]
Git commit: b65e89b605aeba5f7958d3cbb6db47e766cd6f9f
uname -a: Windows NT PC 10.0 build 22000 (Windows 10) AMD64
PHP Version: 8.0.10
Zend version: 4.0.10
OS : WINNT, win
Composer libraries: 
- adhocore/json-comment 1.1.2@fc2f76979f0a44a5f5bc2a2b600d0762fe0e78e7
- brick/math 0.9.3@ca57d18f028f84f777b2168cd1911b0dee2343ae
- daverandom/callback-validator unknown@unknown
- fgrosse/phpasn1 v2.3.0@20299033c35f4300eb656e7e8e88cf52d1d6694e
- netresearch/jsonmapper v4.0.0@8bbc021a8edb2e4a7ea2f8ad4fa9ec9dce2fcb8d
- pocketmine/bedrock-protocol 2.0.0+bedrock1.17.30@faff7da904e68f69b1a9128956dac3122e87308a
- pocketmine/binaryutils 0.2.1@8cd078e2426f8100331f2d73bef10f481dad6cde
- pocketmine/callback-validator 1.0.3@64787469766bcaa7e5885242e85c23c25e8c55a2
- pocketmine/classloader dev-master@80226e0917be79ac3230606113e25134a31e6a85
- pocketmine/color 0.2.0@09be6ea6d76f2e33d6813c39d29c22c46c17e1d2
- pocketmine/errorhandler 0.3.0@ec742b209e8056bbe855069c4eff94c9734ea19b
- pocketmine/log 0.3.0@03ab1316da0b1978a7a1c8dd73e1c2a973cb62ec
- pocketmine/log-pthreads 0.2.0@6be3445c48c62eba3922f987f000bb20c81d161f
- pocketmine/math 0.3.0@83ec067b12c066fc61d9fb129daf7e61ef3b1d63
- pocketmine/nbt 0.3.0@98c4a04b55a915e18f83d3b0c9beb24a71abcd31
- pocketmine/pocketmine-mp 4.0.0-BETA5@b65e89b605aeba5f7958d3cbb6db47e766cd6f9f
- pocketmine/raklib 0.14.2@e3a861187470e1facc6625040128f447ebbcbaec
- pocketmine/raklib-ipc 0.1.1@922a6444b0c6c7daaa5aa5a832107e1ec4738aed
- pocketmine/snooze 0.3.0@fe5b1dbf0d6267da882d1f67924772bd93db833d
- pocketmine/spl dev-master@b7a8904f912c1f6d38ad867ff1120614ccb80171
- ramsey/collection 1.2.2@cccc74ee5e328031b15640b51056ee8d3bb66c0a
- ramsey/uuid 4.2.3@fc9bb7fb5388691fd7373cd44dcb4d63bbcf24df
- respect/stringifier 0.2.0@e55af3c8aeaeaa2abb5fa47a58a8e9688cc23b59
- respect/validation 2.2.3@4c21a7ffc9a4915673cb2c2843963919e664e627
- rhumsaa/uuid unknown@unknown
- symfony/polyfill-ctype v1.23.0@46cd95797e9df938fdd2b03693b5fca5e64b01ce
- symfony/polyfill-mbstring v1.23.1@9174a3d80210dca8daa7f31fec659150bbeabfc6
- symfony/polyfill-php80 v1.23.1@1100343ed1a92e3a38f9ae122fc0eb21602547be
- symfony/polyfill-php81 v1.23.0@e66119f3de95efc359483f810c4c3e6436279436
- webmozart/assert 1.10.0@6964c76c7804814a842473e0c8fd15bab0f18e25
- webmozart/path-util 2.3.0@d939f7edc24c9a1bb9c0dee5cb05d8e859490725

Loaded plugins:
CommandDisabler 1.0.0 by  for API(s) 4.0.0
DEVirion 1.2.5-ALPHA12 by poggit, SOFe for API(s) 4.0.0
DevTools 1.15.0+dev by PocketMine Team for API(s) 4.0.0
FLOTVCore 0.0.1 by  for API(s) 4.0.0-BETA5
HideCommands 1.0.10 by Himbeer for API(s) 4.0.0
PureChat 1.4.11 by 64FF00 for API(s) 4.0.0
PurePerms 1.5.0-legacy by 64FF00 & ProjectInfinity for API(s) 4.0.0
SimpleNPC 3.0.0-snapshot by brokiem for API(s) 4.0.0
Sound 0.0.1 by  for API(s) 4.0.0-BETA5

----------------------REPORT THE DATA BELOW THIS LINE-----------------------

===BEGIN CRASH DUMP===
eNrtW3lz20aW/yq99NRGriUpXAQBTjllR5InqpEjbSSPUxOmXA2gQWIEAgwOycxUvvv+3usGAVKK
Z7Lr2t0/Zg5LaHS/+27o76O0rDay+figqjori9HCG4+abKNGC9t3PW9m2TN/Op871iwcj9qteTW1
vCCchZbtz8MwdPxgPMpl3VxUVVmNFn8fNbstto3083i0UXUtV7RyJvNcNKVoi0SlWaESsVHNukzE
t9kmUqpaLr/NEnVWbjaySOrl8p3MisWiVs1FIaNcJScvAS5t8/xtljO8xXL5vgbty2WxlsVqubwu
1HmVPSicXbaWpeydaPiXpFgvl2+vru/+slxu83aVFfUxtrqKaek3KZlu11vCr3EbIKfDfacAcWog
HL6g8zibg+nRwiUpVzLGrz+OXlhiu6Fz9H8N9PSGf3wja3Viu/7LxefkM/m6LLR4WDov7N8C904W
0EJ14jkzQNyW8b1qNqCnk8dy2aPtgd42slFnJFx10lStYhzOAMetqmA9J7YThp8Fa9BPvlYMVy+e
lNHfVNx8jr8XjgtzY7TuM2it2fwIrX5ziKfuEP02fZrd6ypR1QvHgX0zSm+A8obPvsPZEyd0fwPr
x49xWdSQVNx0OEmgZ3CQ+qqUDH0snqGmbbLcsHxVriCpF+5YAFBWrH707J/EZ219OoWdT6cDG+/P
hr/77N4/WASz50Xg2v6RCGqtEj7k60Mnto1Nlfq5zSp1YigKZj+J7VpWi9PTs8Up03XKZJ12VJ32
RJ0yTQPEk3c3Uzp9SM/L0U+/jkfqfykCfYEIAGr1+Y9Z8VDmD2qjigZAEwgqbkbdW6wMoWA9LhNF
LDozvFs2y6Z+zJp4LU7+0KyzevL1SjVnZZFmq5OX/HCyHG1wZDl6+VL8Hecd35xbNjEMUyxHj+us
UXlWN0u8wYb5fsOyMUAJgnglapWni8W76/OLjx++vby7uLq8vfsjHQkGR6JKyXteDY8xRbmM73tM
rvXPYPrm6s3ZnztMrv0cJtfZr0Ktss0bBu8+BQ+BaO8i6bC5nHx1WTzIPIMlEGoghvxVMhabtm5E
pITKmrWqDqkXZXUouH8T51kNC4F9T6fTr14yVd5T/ANLSmVeK71xNthYqaatCl7uNPUrPZBW6Gcn
amRuJT+v97gz49FLIWvxB/Os7cDttXN6Kj4osW0bAU6F2SUKuVEiK3jtXu1EXYpHvJWFaKFMWVVy
B9tt4L0Q2EfaQaf0epKlKS0Bj9cr2VBqEFxBcD8iJDRlXj5CIXvyfoL+CyR5koFnD2TgOVoGXqfY
nnWTDjTrh/kOa5VaAZmqLh7gZLWW2FjwD1aApzX16+jXfyXmfyXmfyXmL5uYx6OVKlQlc0pbFFXg
bAfHQFcEVfRdyMibWlNr8s3F3ZsZvWyzPBktHMt2xqOs/pioh9GCwyfSZFU2ZVwCtufPgCmjJBr5
MxWEkW/NpIrkLJ2HsyBx4yjyk8ibq7nvx4mfhilgt4agD1mRlI+1+O5O3JwJG+gFoxWOY1mWOOne
29ZL8ebdue9RikY/sBgFoNW28PiLKhJDOz/j9ceyJtiX3313hwV+eOQyALFuW0LAH/MsqmSVqZqE
I5M1eKnU6d/qsphQPNRFgT21p87rNHbSuR/Ow9SSnge2ZlHsSAdsWok1951UWWoeqDlJrMri+1N0
dmuctqbh1H0dy9k8sYPUcoI08NL5fB45th/EiR3admQlSjmu50qF04mEJuDo5eY0Rr0UIe1NOEXK
hsoryOy+KB+L1+YnVUSrqqxrdQqWZV1QzH5wpu7Ueu1YCD+W68buLPVc9GFQja/mKlBBEKczJ7ET
3w89wloo5L5aySpeM/8bud0qQvfA1vA6iKLYcmwZqCRylCfnSjppIBMvlaGKwyRWThpHQUKS3xv/
aaSSCk+T3k5GDoH7D/MCop1PXet1KtN0nsjQ8pQfpH4Y2TK0Kdr4iYxd23FUMHetQB5BzwpZ7ThC
sKCdqf0aIrWgBsdz/DSwLTBvp04ydyOV2lbqBXYiE9ifOoT0rKDRaUNzvjcP5h4U7/tRLMH3LAhm
AK+CWey4sQNbj2cz6RwBpMCWc2CjslI9TDaScuDrwHIcX1mhPY/UPARziOO+5du2q5yZ7XrStZUv
g9kROGTpyvBovbbCSPlK+sncTx3luokf2NBxmDhh7Dix58f2XNnJEUlcbyGeJLnSoMhCVDz3nMix
QhVYMz+KwNXM8sPYU2kaenE4dz0l7TA6BJWXqz0Ey5WRjaiXSCuyw3kg59KOgwQiVzYcBBDiyHdU
/ATCZNusUUQl9Z4vP1I09oi9IMaJSLqh46RhME8RAyIQGUN7tm+nh6D2fkbUBK6KLX8e2Q5++Gns
20mY4ilMZDpXvq1SN4LRu4cgiqjZQwiD2JOWF0GnoT1T8NnATdzIiiH0yIHh2zKKE1TCBxD6Xyeb
7WEIff074uEAYiVR7UZMlu0h/ihXBjAT2OLcUnYq49j3nZnlISwHqQc4cNBIHstZQ5lk21hDgodA
qNL3PA8s+TGcTsoZ/S9wHduC2ajYm7uBVEeeXBdl+YvaSylVM8gxSq3Ed3wACQIEk9Sfh443nztR
ErpJFMAyj4Bs80NviOYygNOncPYYxxMgTgJ/nqa27cApvBghxbLnJOxKbmq1I0+gFkEnKsRlSCbG
f+aeUjPlOoHl2pE98z0rmqEI8pWCqCFpP7ZkD6RtM50rECYR2MMomqfRzA0CP7RTWC5sNvG8JI48
mArkmjpeQupBhNwC+anO2Fmaqd4pFQwmdWNIDv+VjoyiWSq9uZwFiJmhj4CLcBHNwgEYE2w0Lw4T
48WIseA/DqUH8/PJe5zYCTw39N3QDpXvI0Q6lGWqdbuppeyYeZoW6t0mLYsdbDPfoWnOJ7FpzB8g
N1IiAkUSzubhXIVJGrpBmiROZLl+CDpTZCzlw0jsWD0HaxNpIezBwbDsOcJXgghnW0ksA5jWPEX4
VbE/Ay9wYSUjuORz4JC6AmsAy6bQ7bkqQSJAiJMgLpQKiSCNkcWQOi1n5iGE/hYse8AmZGbbYeom
KpypFLkw9AKXkkPsxS54dCHPEP8C1qOKNuUvsmpOEb5VZbI/5T8/9L14DocJUHbbngw8WLqrEJPS
xJ5FMrJSG2lndgBki9A0ofzE+iVa4BghAlESOwiu0o6iMKbkP4sja5YgLYO20JoDzK/7EQXXJqb4
122uqga13PGb8agv5CiDUS0k22ZdVgD0I8pBuc2oweIIReWhbghgQtTHoPxQW0WzDt5bl2lzPlzY
SJ6K1C2Kg6iMoh3VZ8vlERG6Xqd5CzIg1ZvXt3cfrr+/OtfSqdG4Uy8JFs8v/pJVTOyeof3SISfO
dDZ5c3Xz7RvbOeAI8WVFded4dHv9Vo2+EIMa6HL5wKQsl4hZ5rcBeYa727s339+9v3nKm3q4K8u8
HvLWLR3yZs9QElFdfcBYX6WLOyU3X4q1jgaw0lPzGVbWTbOt0ZRAHus2mqIuHrQdp3sYYJh7kjNU
0AOO+7UhyxZV6Z8zTNN9/DdZ/A5lzpu/msaNkP/zBnkw7+vZOBoDHrqYfehjI9O2fymFfWYK8I84
WuujU/AA3m7aimYWzbAT7JYOefKm9qF6Rr739q1lfZYl0xP2PDH0G1Vt6tET9kZvJWfx+qYqgekH
+FfZ1jcXk2591Avgo0a+XHbU9r/9QwE8Y7xElBke78EY6WhiD8Wj1w7lA3+d5Gol491zUhL/LsAV
jTIuizQrsmb3pUzhQBJM2ODXLyALDQfCuM0221x9d3M2EEa/NhSGy+5aF3Jbr8vmUBxRVd5navP7
rOYz7Bt4y2VdbOPlckjQ7+XcgDrtYRDXZUtDhJ5jfv4/CFyM+J8NWlQpSFS2iqbBh4mjmwqx//Ec
aopWHLm74ZnH6MXN/kno+bWg65VltSxe3MpGXMeNsH1hzxeWt7Dm4sPlN8JBfUcbclmsWrlSr1Sx
oudN2SSv6LYXVd+yTVPH539j/pdXXI//9Wm3pmayLavmlR3arkOLPNKf0Ez/FaPYyE+TbS534OuV
bdHKCmzSTYF+n5ZVrCb7tTJNaRX8JjTH6Z63D9tXyNz4jQbjWdzmze4V49OTMXT7k1o1DarZ+hVz
ph5UPiEbeKVHf/u1WqlksIXq6VfnF2/fvL+6o1Wt8snPrap2HXZYSjmp5YMyNDxk6nGSgEVZxOqV
5vtTVH6akEmZPQdd03S3ofrxhSBrEDFrqa24bWBlCUhBHKgcyhN3a1XTfYpmS8hK8VVCWUDTDSIe
XSUUJV+xZEWct4lK6LrhiZEQrNtyg5MpATiGWctUjUVJdzQ1307wrZDYlW1lYIkspbsdapYIAxRD
V2z5jgB/px734E7N3VEtHsviq0bQ/ElWgsSHDj+jCc1OX4hkteb7ca0K0W5XlUzo4mdZkFVpYItl
IcSLD2vFl0dNCSx0O5LnZvwLGVSyqHPZgCh+zaTmJdAoul7Klb6OobovVkKPTWhlQ5C13XUOsBAc
w+hFvW6bBN3XxNx5LsRytP8UIl4vW1upucCCbdu87A4eUheONGLK3+R5+SjIEUCsMH2AeMik+E+y
LdrDRjYxrwYkvNATe3OIb4XIGQRUCqkRuGgnjKxpv7HZ/eshqA9op2AyELxMEoG2VeuH5A6N3IuN
kjWyBs1JBbQSKaIa0lM/t5IvelfZA/aiz22VODFIEUBeEnSNUU0qRUFgAr3QeH+B14z7uxalS0Vm
96beFfGdrO9hGdU9DG3KG97X0B3ZfscpbVtXZYE6QjTYXo/pQJ4I4+ZwmDHdr23BCIVzlg0CKd+5
tQVMjLZo4Lesf/AEM6zKTxlMUEEMYIlNu9gTR7I1BF2mZMy0h4x2LLLmK7rurvhYgugca5s6OixO
wANd6jksFmZjYjhdMKhjY5ZsHVVbFKTOhEJRuWUl8NC8ngpU5eZ3sclWa3h7Jev1eOidxnJIIlXV
bhu9qgVGgtmANsMXKxdeyxPxRHuMfCizBGQ/TwHZCNlcCUHDuqYDQ6Ppj960tzQEegTwaqe99k95
GcF6KEUKvQ5H2GQNOf8GNVe0ayBxcatFbbFwdd/Jx+9Ia48ZS54tCl79ONGAOiOrmcM0A4kIWYru
JQlMWinVodRGDm215MdiVUJRJcUIsgpCtGIyJ0zaQljEBbBzjNZzzf/3HFDN8Tn6KY/+z+ivm3LL
JJj4uifJgKsFwseWRi3JniDC2lFlW45nCOMg8IG9wtBXf/UFKGS/YJIoYoi4RXYqkJ2E+qTilqNv
qUnWHknZbL9bfYpRD9Q9RzpwXd9dLMTdt5e34ury3eWdeHNzc3V5cStuLr4XqN/+fPH9WGCTuLvG
rgvx4dvrqwtx8/312cXt7fQ4BBzIw5n5Rhwo1LOSMzYF4poYjNeKQzJLYx9sbcgeNUPCsYW3TBAK
lQ6zDAp1H/hEgIY1Eb+/ZWzayFCiUYYsaJtBxpA1EITePpBT3WtwXFMOoUKAD0yf7iZbMAUz1LZV
MdULWrJErtarPrvnAealtnXPqmsZXuuXz5NkOHcN5ytZRfCMST9S5gD0vHTZ1Ygcc0qYU4jd6Mdb
rk6GlKBya2GDL8ddTjg2ws4MdXpNU8DS/G56F5yKax3ztcGjvCjbPNnTkiGJPBaip7/WgLdMPhj1
aThXGGxvOVg8SZJsOhrCnre0KjddstWnzY7J0DSHGiZujCaf2IZ4xqQOrOO2qyhJZRUwkRkaQ07a
zVaXX7rGE+bFhF50+jqnTeYA085kdhzQ1zePCs4unxEwkjYSHzA8wMjqulUUGJo1tLbqylEKWoSt
p2rcKVLXCKbqnGpqaOtvyok6mnjdFvd1R/uZ3NJqtmk3yLFIr5XougNSpND9j6ailyv5ixEle8xT
G0M1vjUUMcIJlcktkq6319h5qV8d2zTVRhT1NHy9uXMhDctsHHLGlcMklvDPPW80D+ZaBeUjSQ/U
6QJDQ9lKalqEPqM57LnDMSNPzU+HmTZ3eLUAc+oTDNzPg/qcHS6LQjWksIVJESjN1mWuS8xINvGa
S3EmGVUTTMgkGY5tujUyb3VqidS+2NTp7cVQS90rCqvVriHgYzGxBwpk5THiSdMRY1IAR+2+juVm
lErIRHNOzQ4X+nQYi4asqfgWtSBs6RUXd+Ls5v0YZ0FDBP96zBKYPdcKOnru4U8Y/kL4XdndV+Q1
S2ewdyreJAhUa5mnp+g1dZuQKNiwQQWkguYZZGADR+zT3gDYQVfziaIalZgynwoi4v1NcdMV232H
SL0EEfWItEkH222xnZjno+7mnfG6OvtF7fVJZXmnxpoSnimZULZr8xikVi909KGXU3FjzuSyWvEB
aVpVYwuMMa3kiliATiC2eptzxUL95wbEk7PLivR0lmf0qRw31PSVkKob8e7uPVNagyViO2obQQ08
q7JHp5uLaRdrNk07oVMLpnbYH6oirnZb7eupoMkBaiEUrB2baJBpWDIVnKXWkooAkW0gm4Z0B23w
Xy8gTI2ZFiiNv+/D1pijLgdipGjJ4bzWKtWlBPY2xkaJE6UHCCbUmW7q/JqLpPPL2zffoD7ieqot
2IYoYNMnxBWFyUQXCRkZo/mYNxn2Gz2fva8nKmpXi65p+1rY1KyZknWNcMXvhenh6+4zTPqCrdTJ
23iETcA01Rra2bosa55MdL2a6rpxjuKJbKSo5UOXLWguZCZcE3rXBzYijAeHumgzQ5u/lVmhJwIs
qa/ED1H5iTy/Epfn4uSH95fnL6F3+iL5kfY/Qm2kGJqtwzmoh6sSIx9dfsAbyl53Bbz9h2+uOvim
vxusfMXIaDTGhQOr15QizFvZjZBMGh1MttKU0eJdlu4mn9os6RXSTdeG05s7Hr9oV9N/KKNlwHuN
X7W1GQPFCCKNDrPmzESfWej9SURodAox4dFgoRxIn3F2PUpBx/LjVDzudh2M756dmGnhvtmULUWP
VOc6E0wgsk60lNspOvIoBOqn3zk54/D3nKoHh5nxQunWO1IaWKToK2SEEfnIRkE2qqGzadHyYdLX
7BOiPfuIgUIekwpeYs5agr9xfoZK63kyZUVzayE7cwex3WH6uafGPZrwRHkZs/vWWaJzBvEjoVMY
XN1GQymsKIlih0p06uSHfWrjUZMxDhnHKlfcKWjzZqx5dg8U1CdzJMolWF9V5WOz1nEMKKRYa2iD
IAfvrxudkpnYCUmjI23Si0azdnleD/iiME2a19CE/rhvz6YZOXVlDp85UBLgTYQjXoBMtMq9Ivux
1l6X06fKNMHrUWbczSKZoNXTVrQtt23euY15oHzPe0zacB1CyG0QccmYKONS5EJJYBoMHnLrQd7C
lDo0d+TmWi/rSsFYFgjpI3TSBz3yzAn9icXR0j4wHC5v16jJ03KQ0xEPJvqyZ79zDb0tNCnT7Waz
nWYlU4xQt9tQcwhXbmjQGtc96ZSmzHvRv2cWOMzJ1apSKzNSNPNHPWahD9jvj/lj+hBrrs+v6bPf
iUkKuj6g8PWodAci4eSPjLFmwnsGeG06uBVAnt5Lvt2CKqOcJ0KFQvV7Y0yohOjrVs5lg3xzRsN7
NZzljZEctmsJt1AU2SuioatLkTFSVaH3mFBcLCgZ6rdd7tKZQx7MBs012iDZtqjBUdtwbO1CmAHI
WtbvOxxPtKr5Gqq1yTZ9BjHZmIDSfv7Lo1rfl1AYJ4Q89DSHugH3tEdg3gwxdJL7fL43yURrUnvA
YJZkYAB8Y+TZTY3WZlGHuGrfSZjoQEN4NGsJl0FZugdE34e2lb6SoWjTjVJ05AU8E526fIuaTNam
T0NpLekO1DxRAQQaja4WndL0O9gozfQW4keuXFC0jnnI9xMB5RasT97DqyJmgyrpigM8jVG6qzee
jzyXR/UftFD7WHPHwO039JOBVlMEDMnXeJkG/augyzrKVTqn9hgX4u3Vmzu9SK2GosnaH80XyeNZ
+AkcFWrsfkqyqhlz0P2jqfT0ZctwaKGdmBIdRGtmirI1Vqc/ERD67x7aqou7XadW7W9pOKgADtJR
zNdkdSenSXfFAxPQZf2LtxxNGBXvPwDCdbFZ+ThYmXB9OSj8Sl37q0+IbbVpcuN7apNqbugQ3KIM
DcpOF3K8j/gFKWjBdKbQrqK5ZPiojPYt9Wg8Up9Q5nPZr79hoy+D+i/2o9h8urtfodu3IpHVwVq5
+ZiUDcLdwar5lLFfaKt8+EyBYficZnmjDgCvNgd/P4AO54CWDL71MFygr+KHz4MvIPs1+Ln5TsCe
0ndq3KFApsNN2/hQDt+rtP+kdb9ac6ivD5dQPm2GK7c3Vwfod/XPOf8ZhPlN7F815b0qkNEPRLCT
m9x8ekofNfySbfXnaOGUPpD+RX9/vN+Nx0+bQyGXRI1jWa5tO/Rl68359QGnSfmRKTlexFJ2qB94
fVHXBxv1pxk/vDtg8YgCPNL44JAtLD5W2ZG6B1+bu8Sv/tzuZn1kbVQ08V8UOOZbZxJMttJ/amDO
0l+fmK6i+yCajlKbWZoFR8sLvUiuDZEMwtihoqLlwBKTJ0rMDvTO0nKHS+jkWo7Lq1ZbVwf/r1R4
Xd/wIKw/8Ouv/wUn0ZFE
===END CRASH DUMP===
