PocketMine-MP Crash Dump Sun Oct 17 17:15:36 WIB 2021

Error: pocketmine\world\generator\GeneratorManager::addGenerator(): Argument #3 ($presetValidator) must be of type Closure, bool given, called in C:\Users\nhang\OneDrive\Máy tính\FLOTV\plugins\MultiWorld\src\czechpmdevs\multiworld\MultiWorld.php on line 68
File: pmsrc/src/world/generator/GeneratorManager
Line: 72
Type: TypeError

A PLUGIN WAS INVOLVED IN THIS CRASH

Code:
[63] 	 * @param \Closure                        $presetValidator Callback to validate generator options for new worlds
[64] 	 * @param bool                            $overwrite Whether to force overwriting any existing registered generator with the same name
[65] 	 *
[66] 	 * @phpstan-param \Closure(string) : ?InvalidGeneratorOptionsException $presetValidator
[67] 	 *
[68] 	 * @phpstan-param class-string<Generator> $class
[69] 	 *
[70] 	 * @throws \InvalidArgumentException
[71] 	 */
[72] 	public function addGenerator(string $class, string $name, \Closure $presetValidator, bool $overwrite = false) : void{
[73] 		Utils::testValidInstance($class, Generator::class);
[74] 
[75] 		if(!$overwrite and isset($this->list[$name = strtolower($name)])){
[76] 			throw new \InvalidArgumentException("Alias \"$name\" is already assigned");
[77] 		}
[78] 
[79] 		$this->list[$name] = new GeneratorManagerEntry($class, $presetValidator);
[80] 	}
[81] 
[82] 	/**

Backtrace:
#0 plugins/MultiWorld/src/czechpmdevs/multiworld/MultiWorld(68): pocketmine\world\generator\GeneratorManager->addGenerator(string[53] czechpmdevs\multiworld\generator\ender\EnderGenerator, string[5] ender, true)
#1 pmsrc/src/plugin/PluginBase(94): czechpmdevs\multiworld\MultiWorld->onLoad()
#2 pmsrc/src/plugin/PluginManager(259): pocketmine\plugin\PluginBase->__construct(object FolderPluginLoader\FolderPluginLoader#51, object pocketmine\Server#10, object pocketmine\plugin\PluginDescription#22920, string[59] C:/Users/nhang/OneDrive/M..y t..nh/FLOTV/plugins/MultiWorld, string[59] C:\Users\nhang\OneDrive\M..y t..nh\FLOTV\plugins\MultiWorld, object pocketmine\plugin\DiskResourceProvider#23073)
#3 pmsrc/src/plugin/PluginManager(398): pocketmine\plugin\PluginManager->internalLoadPlugin(string[59] C:\Users\nhang\OneDrive\M..y t..nh\FLOTV\plugins\MultiWorld, object FolderPluginLoader\FolderPluginLoader#51, object pocketmine\plugin\PluginDescription#22920)
#4 plugins/DevTools.phar/src/DevTools/DevTools(70): pocketmine\plugin\PluginManager->loadPlugins(string[49] C:\Users\nhang\OneDrive\M..y t..nh\FLOTV\plugins\, array[1])
#5 pmsrc/src/plugin/PluginBase(136): DevTools\DevTools->onEnable()
#6 pmsrc/src/plugin/PluginManager(425): pocketmine\plugin\PluginBase->onEnableStateChange(true)
#7 pmsrc/src/Server(1299): pocketmine\plugin\PluginManager->enablePlugin(object DevTools\DevTools#22904)
#8 pmsrc/src/Server(966): pocketmine\Server->enablePlugins(object pocketmine\plugin\PluginEnableOrder#22894)
#9 pmsrc/src/PocketMine(293): pocketmine\Server->__construct(object BaseClassLoader#2, object pocketmine\utils\MainLogger#3, string[41] C:\Users\nhang\OneDrive\M..y t..nh\FLOTV\, string[49] C:\Users\nhang\OneDrive\M..y t..nh\FLOTV\plugins\)
#10 pmsrc/src/PocketMine(316): pocketmine\server()
#11 pmsrc(11): require(string[85] phar://C:/Users/nhang/OneDrive/M..y t..nh/FLOTV/PocketMine-MP.phar/src/PocketMin)

PocketMine-MP version: 4.0.0-BETA5 [Protocol 465]
Git commit: b65e89b605aeba5f7958d3cbb6db47e766cd6f9f
uname -a: Windows NT PC 10.0 build 22000 (Windows 10) AMD64
PHP Version: 8.0.10
Zend version: 4.0.10
OS : WINNT, win
Composer libraries: 
- adhocore/json-comment 1.1.2@fc2f76979f0a44a5f5bc2a2b600d0762fe0e78e7
- brick/math 0.9.3@ca57d18f028f84f777b2168cd1911b0dee2343ae
- daverandom/callback-validator unknown@unknown
- fgrosse/phpasn1 v2.3.0@20299033c35f4300eb656e7e8e88cf52d1d6694e
- netresearch/jsonmapper v4.0.0@8bbc021a8edb2e4a7ea2f8ad4fa9ec9dce2fcb8d
- pocketmine/bedrock-protocol 2.0.0+bedrock1.17.30@faff7da904e68f69b1a9128956dac3122e87308a
- pocketmine/binaryutils 0.2.1@8cd078e2426f8100331f2d73bef10f481dad6cde
- pocketmine/callback-validator 1.0.3@64787469766bcaa7e5885242e85c23c25e8c55a2
- pocketmine/classloader dev-master@80226e0917be79ac3230606113e25134a31e6a85
- pocketmine/color 0.2.0@09be6ea6d76f2e33d6813c39d29c22c46c17e1d2
- pocketmine/errorhandler 0.3.0@ec742b209e8056bbe855069c4eff94c9734ea19b
- pocketmine/log 0.3.0@03ab1316da0b1978a7a1c8dd73e1c2a973cb62ec
- pocketmine/log-pthreads 0.2.0@6be3445c48c62eba3922f987f000bb20c81d161f
- pocketmine/math 0.3.0@83ec067b12c066fc61d9fb129daf7e61ef3b1d63
- pocketmine/nbt 0.3.0@98c4a04b55a915e18f83d3b0c9beb24a71abcd31
- pocketmine/pocketmine-mp 4.0.0-BETA5@b65e89b605aeba5f7958d3cbb6db47e766cd6f9f
- pocketmine/raklib 0.14.2@e3a861187470e1facc6625040128f447ebbcbaec
- pocketmine/raklib-ipc 0.1.1@922a6444b0c6c7daaa5aa5a832107e1ec4738aed
- pocketmine/snooze 0.3.0@fe5b1dbf0d6267da882d1f67924772bd93db833d
- pocketmine/spl dev-master@b7a8904f912c1f6d38ad867ff1120614ccb80171
- ramsey/collection 1.2.2@cccc74ee5e328031b15640b51056ee8d3bb66c0a
- ramsey/uuid 4.2.3@fc9bb7fb5388691fd7373cd44dcb4d63bbcf24df
- respect/stringifier 0.2.0@e55af3c8aeaeaa2abb5fa47a58a8e9688cc23b59
- respect/validation 2.2.3@4c21a7ffc9a4915673cb2c2843963919e664e627
- rhumsaa/uuid unknown@unknown
- symfony/polyfill-ctype v1.23.0@46cd95797e9df938fdd2b03693b5fca5e64b01ce
- symfony/polyfill-mbstring v1.23.1@9174a3d80210dca8daa7f31fec659150bbeabfc6
- symfony/polyfill-php80 v1.23.1@1100343ed1a92e3a38f9ae122fc0eb21602547be
- symfony/polyfill-php81 v1.23.0@e66119f3de95efc359483f810c4c3e6436279436
- webmozart/assert 1.10.0@6964c76c7804814a842473e0c8fd15bab0f18e25
- webmozart/path-util 2.3.0@d939f7edc24c9a1bb9c0dee5cb05d8e859490725

Loaded plugins:
DevTools 1.15.0+dev by PocketMine Team for API(s) 4.0.0
TNTManagement 0.0.1 by  for API(s) 4.0.0-BETA5

----------------------REPORT THE DATA BELOW THIS LINE-----------------------

===BEGIN CRASH DUMP===
eNrtWwtz2zae/yo4uTO190SZL/GhvfTi2slu5pLaFzubzlaZDEiCEms+VD5sKzv97vf7AyBFyU7a
vd7N3Nwk7VgiCPzfTwD6xySt6oK3H+9E3WRVOVm400mbFWKysDzHdb2573gz2/W9EC+6jX41s33P
DwPTDAPfdh1vPp3kvGlf1HVVTxb/mLTbDaZNbvChxqaTQjQNX9HopopvRVtkpVgu76s6T5bLlShF
zduqXi7/0n99w0vMrxcLniTD4PHJgp3Vq64QZcuOHHb8zaYWjWj/xvMsoQknrOialkWCVSkjMth5
XjVdLaYsqqqcrbI7UU5ZzPNcJCwr2fliuXzXgPvlslzzcrVcXpbiosa05fLNsjNNYW1ZK78k5Xq5
fPn68uZvy+Um71ZZiUVvurzN3is2mjpeLuNPIl5vikTc4W1BbzWTu5mzzXrDqpLlkAHzAkgn7fL8
ZZZL8ax5vTg9PV+cSrJOJVWnPVGnj2k6lSSdXkmxvgFI483VjKCcgp5Tifx0EPDpoXyJFiJAIy9o
ze9ZhzVE/mTh27CYmsf4+tPkyGRaMqc7diW8kVhOd1IZzTr2Aij3nzMO47s942jaOitXP82dD+yz
WhhBE2Ui8PGCPgYgU9ZD+cDkhClr606cgN8ji+3ko9g8vZIf3/NGHIcu6P8d2je+q8rXFU+OJUz7
czA1i8f2PDyQi5q2XO5wG999/BhXJSjv4va4in4WccteVjnIV5MIH/H6eOxobk2ZXjFGci1qxIQj
y3zy7T4JF6KJ6wzBoSqPbDu0zZ0Qww/ss5Y8m8GKZ7PBgh9bzgGcL3jqAOtLHvpFVi6y5vataKqu
jsVVXd1lJBzbMX1H6sn5LT05YfBFPQ0mm5WtqEuek/zVq+P/HS7/mAH8hoqlUNzB2y/E3Q3ia7ML
PP3I8OXYN3+fgPJBME0vGfcPSGbKeF3z7U/WB0nz/ItObDkeiOxJhlXob+S0L0oe5UK5rfdb5uDa
89/htj3Q65a34py4EsdDuPFHOJQ7Hlt2GP4+IQoJV9uXVu9jtkiXpiuxBY+xhZ53gEy92IfeHP+m
9SgmL2vpUnYQKozhCOMuex3bofMZrE8EORLjOWqPRhuz/aQtd21GXL/hZPQryOfIGUKLa/3TprVb
+wfMUmUU82kZONah5BulErVKJ6Jjy8KsWvzSZbXoXSVA4vqtGuIw8n6mdhiGTyYffp1OxNfy7r9b
3v2B6gqCV9R8zMq7Kr8TJBwAy8oEWo9bTI2rRJBePAfjy5b9iT3f8JoXbLnU4mGf+XcoX3YOyUU8
vmVtxe7UqGADnaySGaBh6BpYKe6Z5KMBCZ57gFqq4wv/vqlgzvd1BvDv16Jdi5pQAm4M3epXMGfG
yy0TD1kjH2qxwjdRQ7c7mu6zds0AgDW8EKzEH6Jnrumh796OtvWmaXlpHIhH+84JW7B/f1VKvgeN
XCqWXzzEQn57JDPC4I+wBZ/BFlOYMhSmfxvAf8e+kS9oZbiD4psDlHZdV/cNiNWU9Q4yUETTLT39
lB5s+bDpojyLWdqVsaT7iVJZ4+7jGfuGpDcdmc0hr9rNRsp7xlKeN4JEd1dlyT8IvzLDZfuOwu5i
0YpGQXhVkjhicdyjHehZLOTIyZ9pOZkSfc41mCw9/pcRRl7CsxtQdfxNu86QmXPYxE+SdFADTtoq
r+4RK+XQyYeTE0mUp6EtWylQab6fl+nxcnKWZ5zEvpxIQPQFeBnPa8GTLQO52aoUyXKiqPY1/F/p
IdAshHrwEaUfQCpRcOj4L8q23g7yeRT+CFOgTIPwBJbCEyiNn/7pT5Nfv3ZjX7uxr93Y127sazf2
tRv72o39P+3GphOVOXMq+2XJu5jsLQNhEZSx29efuDNzZhrfv7g5m9PLLsuTycI2LXs6yZqPSJGT
hazk0G7UVVvFFWC7tLO/yqjdiLy5CMLIM+dcRHye+uE8SJw4irwkcn3he16ceGmYAnanCXqPFoUq
1x9u2NU5s4CeSbTMtk3TZMf9e8s8YWdvLtBCAPd6g5UBaLVMPH5C0te0y2e8/lg1BPvVDz/cYEA+
3Gel7IKKTQUBf8yzqOZ1JhoSDk/W4KUWpz83VWlgjm6frJk1s5+nsZ36XuiHqcldF2zNo9jmNtg0
E9P37FSYwg+ETxKrs/j2tODtGqvNWThznsd87idWkJp2kAZu6vt+ZFteECdWaFmRmQhhO67DqR9J
ODSByrUqTmPdYhl3QwexgMxuy+q+fK4/qWdc1RWq3FOwzJuSCr07e+bMzOe2ibBjOk7szFPXQeMK
1XjCF4EIgjid24mVeF7oEtZStFRA8jpeS/4LvtkIQncnreF5EEWxaVs8EElkC5f7gttpwBM35aGI
wyQWdhpHQUKSH6z/NBJJjSdjZycTm8D9q34B0fozx3ye8jT1E46QJrwg9cLI4qGFeDP3Eh47lm2L
wHfMgB9Az0peb2WMkIK2Z9ZziNSEGmzX9tLAMsG8ldqJ70QitczUDayEJ7A/sQ/pSUFboNR57rl+
4LtQvOdFMQff8yCYA7wI5rHtxDZsPZ7PuX0AkEJbLkMbIMFljIJTO/o8MG3bE2Zo+ZHwQzCHSsUz
PctyhD23HJc7lvB4MD8Ahz6l1jyaz80wEp7gXuJ7qS0cJ/ECCzoOEzuMbTt2vdjyhZUckCT3ZBBP
klwoUGQhIvZdO7LNUATm3IsicDU3vTB2RZqGbhz6jiu4FUb7oPJqNUAwHR5ZCHsJNyMr9APucysO
EohcWHAQQIgjzxbxIwjGBt0V+qNm4MuLhOO689gNYqyIuBPadhoGfooYEIHIGNqzPCvdBzX4GVET
OCI2PT+ybHx4aexZSZjiKUx46gvPEqkTweidfRBl1A4QwiB2uelG0GlozQV8NnASJzJjCD2yYfgW
j+LEsfYh7L4axWY/hD7/J+LhCGLNbxGdJFmWi/gjHB7ATGCLvimslMex59lz00VYDlIXcOCgET+U
s4JiZJtYQYKHQKjcc10XLHkxnI7zOf0fOLZlwmxE7PpOwMWBJzdlVX0Sg5RSMYcco9RMPNsDkCBA
MEk9P7Rd37ejJHSSKIBlHgDZ5PveEPk8gNOncPYYyxMgTgLPT1PLsuEUboyQYlo+CbvmRSO25Am5
kLsU0kNtSCbGP98VYi4cOzAdK7LmnmtGcwsWLQREDUl7scl3QLouU7kCYRKBPYwiP43mThB4oZXC
cmGziesmceTCVCDX1HYTUg8i5AbIT1XGztJM7JxSwGBSJ4bk8B+3eRTNU+76fB4gZoYeAi7CRTQP
R2B0sFG82JIYN0aMBf9xyF2Yn0feY8d24Dqh54RWKDwPIdKmLFOvu6LhvGfmcVpotkValVvYZr5N
szw3Yr0bewe5kRIRKJJw7oe+CJM0dII0SezIdLwQdKbIWMKDkVixeApWESkhDOBgWJaP8JUgwllm
EvMApuWnCL8i9ubgBS4seASXfAocUpfcrOhhWRS6XUckSAQIcRzEhVwgEaQxshhSp2nPXYTQz8Gy
RmxCZpYVpk4iwrlIkQtDN3AoOcRu7IBHB/IM8Rew7kVUVJ943Z4ifItaZ3/Kf17oubEPhwlMJBGX
By4s3RGISWlizSMemamFtDPfA7JBaDIoP0n9Ei1wjBCBKIltBFduRVEYU/Kfx5E5T5CWQVto+gDz
67CZK2uTvu4fFXHD0HSyK91A7RzplWq06YR37bqqG9rf2VV87EbwgspCvsnojYxU9KxaA5gS9TEo
Q8QGFRUtxrumStuL8UCBinxEw64xoe1opD28u745e3vz7koJpMlaonndtpsGBS4KxXUXzVBjjUrY
oeGknambH25US6SKsIHr/fEx6yZVfntcHzCpK9oxq7qM/V28/oDcefb35XKPAtWb7Ji+ury+eX/5
9vXFHttKm7S1KxD1DhTSV+5EmGoWZiiXUHy1si6dHF0NT+y8KtNsxeiQYFkvy6Nr3rJL9EyWxyx/
YboL02fvX33PUPhZNCFH+9CB1GcC/Q2ei6pNntERBjxz2aWp7cm/sfwrRxxX/vVotqLG2FR1+wx1
qmPT4P0aPBm0PflMoij4g7HJ+RZ8PbNMGlmBzaJKhHov9+mNYaxKUxoFvwnV2v3z5m7zrCrpW5Kl
aRZ3ebt9JvEN+35GI1ra2m+eSc7EncgNMopnqkEbxhohktEUinnPLl68PHv3+oZGle6NXzpRb3vs
MJnKaFB3axruMnFvJJnagn6m+H6IqgeDbEvP2ctss21BPn7EyBpYLLXU1TK0S2XJU5A9lUN57GaN
ipv1bDFeC3k4UZXQdLuGamNelpU8w8rKOO8SdVD1yEgI1nVVqJOuxzAbngp013Rw0hBIFqHsumXb
qqs1LJalDNqhhEYYoBg6Lsq3BPgHcT+AO01EyqGaht1X5bctox6B14zEhyosoyp6SxTSFrbi+34t
StZtVjVPAGC2LMmqFLDFsmTsaHSi08DlGEDoJh0yQBvU5LwFUfK1JDWvgAas4ptopbwQ7LJYMFXa
0khBkJXd9Q6wUGcP9KJZdy2aydLQB5ELtpwM53vxetlZQvgMA5ZlyWFn9JA6cKSJpPwsz6t7luvz
Jh2r2V3G2X+SbdEcaWSGfjUi4Ujtq+hF8piCnIFBpZAagYu2TMua5mubHV6PQb1HyoPJQPA8SRhK
C6Ufkjs0cssKwel8Rp6TQiuRIKohPfFLx3OSqzwIpRO8TrBjjRQB5ISgK4zCqAUFAQN6oU2YBV5L
3D90RQSVwOzOmm0Z3/Dmls75bmFoMznhXQPdke33nNK0dV2VVQf1YnozVQeD/SEdHGbKqD0HI408
ioJsEEhprOhKmBhNUcCvpf7pnGUDOh8ymKCAGMCSNO1yII5kqwl6lZIx0xwy2inL2m8hvraWyxJE
51jZ1MFidgweOjiWLcUi2TA0pwsJ6tCYubSOuitLUmdCoajaSCXIjY1mRpt6+jsrstUa3l7zZj0d
e6e2HJJIXXebVo0qgZFgCtCm+ZLKhdfKXYtEeQynYzaQ/TQFZCNkcxUEDeuajQyNKnQ1abA0BHoE
8HqrvPYveRXBeihVMjUORyiylpy/ECsebVtInF0rUZtSuFlDsOXyG9LafSYlLy0KXn1vKEC9kTWS
wzSr6RiPgfpSwkprIXqUysihrY78mK0qKIoO/6RVEKKVJNOQpC2YSVwAu4zRqvf8P88B1R5fop/y
6B+jv2mrjToTV/F1IEmDaxjCx4bK4WQgiLD2VFmm7WrCZBB4L71C09d8+z9AofQLSRJFDBZ3yE4l
shMTDyLuZPStFMnKIymbDbPFQ4x6oNlxpALX5c2LBbv566tr9vrVm1c37Ozq6vWrF9fs6sVbhvrt
P168nTJMYjeXmPWCvf/r5esX7Ort5fmL6+vZYQjYk4c997Q4rkSdVTJjUyBuiMF4LWRIltIYgq0F
2aNmSGRskVMMhEKhwqwEhboPfCJAw5qI388ZmzIylGiUIUuappFJyAoIQu8ukFOtr3FcUg6hQkAu
mD2eTbagK2eoDR0s1QtKskSu0qtaO/AA8xKbZseqY2pem5OnSdKcO5rzFa8jeIaxa/tlAHpautLV
iBy9iulViN0FLztZnYwpQeXWwQZPpn1OODTC3gxVek3RybaK32LngjN2qWK+MniUF1WXJwMtGZLI
fcl29DcK8EaSD0Y909S8AttLGSweJUlpOgrCwFtaV0WfbNVqPcMYm+ZYw8SN1uQj22BPmNSedVz3
FSWprAYmMkNtyElXbFT5pWo8pl8Y9KLX1wVN0gsk7ZLMngM8Ic3D2fkTAkbSRuIDhjtB1zk60aib
PI1Y9eUoBS3CtqNq2itS1Qi66pwpamjqZ+VEHU287srbpqf9nG9oNCu6AjmWLhewvjsgRTLV/ygq
dnIlf9GilB7z2MZQjW80RRKhQWVyh6TrDhq7qNSrQ5um2oiinoKvJvcupGDpiWPOZOVgxBz+OfB2
AVJkrYLykaQH6lSBoaBsODUtTK1RHO64wzItT8VPj5km93iVAHPqEzTcL4P6kh0uy1K0pLCFThEo
zdZVrkrMiLfxWpbikmRUTTAhnWRkbFOtkX6rUkskhmJTpbejsZb6VxRW621LwKfMsEYKlMqTiI22
J0anABm1d3WsbEaphEwU59TsyEKfFmNQkzVjf0UtCFt6Jos7dn71boq1oCGCf91nCcxe1goqeg7w
DQl/wby+7N5V5OoK3mjujJ0lCFRrnqen6DVVm5AI2LBGBaSM9jPIwEaOuEt7I2B7Xc0DRTUqMXk+
Y0TEu6vyqi+2dx0i9RJE1D3SJi3sNuXG0M8H3c0b7XVN9kkM+qSyvFdjQwlPl0wo25V5jFKrG9pq
0cmMXek1Oa9XcgHXraq2BYkxrfmKWIBOILZmk8uKhfrPgq6Kwtl5TXo6zzPMUg01neSKpmVvbt5J
ShuwRGxHXcuogZeq3KFTzcWsjzVF2xm0aiGpHfeHoozrrbpKCJZp5wC1EArWnk00yLRZMmMyS605
FQEsKyCblnQHbcjfbCFMTSUtUNqdJHpNkkDUlYEYKZrLcN4olapSAnNbbaPEiVAbCDrU6W7q4lIW
SRevrs++R30k66mulDZEAbujSElhMlFFQkbGqK+mJuN+Y8fnztcTEXWrRd+0fccsatZ0ybpGuJLv
me7hG7XrQN5cNpVK3tojLAKmqFbQztdV1cidib5XE303LqN4wlvOGn7XZwvaF9I7XAa92wU2Ikxu
lqqiTW/a/FxlpdoRkJL6lv0YVQ/k+TV7dcGOf3z36uIEeofbgwbMv4faSDEZ0j2cg3q4OtHyUeUH
vKHa6a6Et//4/esevu7vRiPfSmS0NSYLB6leXYpI3qp+C0mn0dHOVppKtHiXpVvjocuSnUL63bXx
7s2N3H5RrqZ+HqhkIOdqv+oavQ0UI4i0KszqNYZas1Dzk4jQqBSiw6PGQjmQrtj0PUpJy/LDVDzt
Z+1t3z25Y6aEe1ZUHUWPVOU6HUwgsl60lNspOsqtEKifvsvkjMVvZaoeLZaMl0K13pFQwCKRku83
G34vjYJsVEGXpkXD+0lfsU+IBvYRAxk/JBW8xDJrMYF8+hSV5tNk8hqQEsZ7cwex/WL6HKhxDnZ4
oryKpfs2WaJyhrxzDZ3C4JouGkthRUkUM0SiUqd8GFKb3GrSxsHjWORCdgrKvCXWPLsFCuqTZSTK
OVhf1dV9u1ZxDCg4WytooyAH729alZIlsQZJoyfN2IlGsfbqohnxRWGaNK+gMXUBY2BTbzn1ZY5c
s6ckwDOYzY5AJlrlnSJ321qDLmePlamD1z1XF9mRTNDqKSvaVJsu791GP1C+l3N02nBsQijbIOJS
YqKMS5ELJYFuMOQmt9rIW+hSh/YdZXOthlWloC0LhOwidLILeuSZBv2M4GBoCAz7w5s1avK0GuV0
xANDnQMNM9fQ20KRMtsUxWaWVZJihLptQc0hXLmljda42ZFOaUq/Z7v3kgUZ5vhqVYuV3lLU+49q
m4VuPd8e8ifpQ6y5vLikq1mGTgqqPqDwdS9UB8LlbWzC2EjCdwzIsdnoVAB5epB8t6EfSCjlPBIq
FKrea2NCJUQ3kGQuG+Wbc9q8F+O9vCmSw2bN4RaCIntNNPR1KTJGKmr0HgbFxZKSoXrb5y6VOfje
3qA+Txsl2w41OGobGVv7EKYBSi2r9z2OR1pVfI3V2mbFLoPobExAaT5ZPSUM0iKFcUIoNz31on6D
e7ZDoN+MMfSS+3K+18lEaVJ5wGgvScMA+FbLs981WutBFeLqoZPQ0YE24dGsJbIMytIBEN3h6Wp1
JEPRpt9KUZEX8HR06vMtpx8V6D4NpTUvNnn/RAUQaNS6WvRKU+9go7Snt2A/ycoFRetUbvJ9IKDq
VzhD8h4fFUk2qJKuZYBfj3/MQ/sjT+VRGZ9l+9jIjkG233ShGbTqImBMvsIraVBfGR3WUa5SOXWH
ccFevj67UYPqlw1oq/6sb41N5+EDOCrF1HlIsrqdyqD7Z13pqcOW8aaFcmJKdBCt3lPknba6HMqK
t0zdTqUfsqi423dq9XBKI4MK4CAdxfKYrOnlZPRHPDABVdYfvZTRRKKS8/eAyLpYj3wcjRiyvhwV
fuo3VOpHTY1ucuNbapMa2dAhuEUZGpStKuSGHz9l9OuZXGUK5SqKSwkfldHQUk+mE/GAMl+W/XTK
fo5qZXyrMor19aphhE7fyoTXe2NV8TGpWoS7vVF93WQ30NX5+JkCw/g5zfJW7AFeFXt3PNHh7NGS
wbfuxgN0c3H8PLqlshuDn+sLA9aM7sjJDgUyHU/axPtyeCvS3bWjYbSRob7ZH0L5VIxHrq9e76Hf
Nr/k8qqq/saGV211K0pk9D0RbHmR6+tBdLvhU7ZR1zzCGV1i+6TuiA2z8fhQ7Au5Imps03Qsy6bb
R1cXl3ucJtVHScnhIIayff3A68um2Zt4nZFf//hmj8UDCvBI2wf7bGFQ/kZrb3B0I9AhftU1lqv1
gbVR0SRvfdr6PhoJJlup66B6Ld0Q1l1Ff2mNllKbWekBW8kLvUiuDJEMQtuhoKJlzxKTR0rM9vQu
peWMh9DJdTIurzplXT38v1PhdXklN8J2C3799b8A7n2h8w==
===END CRASH DUMP===
