PocketMine-MP Crash Dump Sun Oct 17 16:49:25 WIB 2021

Error: Call to undefined method pocketmine\event\server\DataPacketSendEvent::getPacket()
File: plugins/ChatThin/src/kim/present/chatthin/ChatThin
Line: 24
Type: Error

THIS CRASH WAS CAUSED BY A PLUGIN
BAD PLUGIN: ChatThin v1.4.1

Code:
[15] 
[16]     public const THIN_TAG = TextFormat::ESCAPE . "　";
[17] 
[18]     public function onEnable() : void{
[19]         $this->getServer()->getPluginManager()->registerEvents($this, $this);
[20]     }
[21] 
[22]     /** @priority HIGHEST */
[23]     public function onDataPacketSendEvent(DataPacketSendEvent $event) : void{
[24]         $pk = $event->getPacket();
[25]         if($pk instanceof TextPacket){
[26]             if($pk->type === TextPacket::TYPE_TIP || $pk->type === TextPacket::TYPE_POPUP || $pk->type === TextPacket::TYPE_JUKEBOX_POPUP)
[27]                 return;
[28] 
[29]             if($pk->type === TextPacket::TYPE_TRANSLATION){
[30]                 $pk->message = $this->toThin($pk->message);
[31]             }else{
[32]                 $pk->message .= self::THIN_TAG;
[33]             }
[34]         }elseif($pk instanceof AvailableCommandsPacket){

Backtrace:
#0 pmsrc/src/event/RegisteredListener(75): kim\present\chatthin\ChatThin->onDataPacketSendEvent(object pocketmine\event\server\DataPacketSendEvent#24717)
#1 pmsrc/src/event/Event(62): pocketmine\event\RegisteredListener->callEvent(object pocketmine\event\server\DataPacketSendEvent#24717)
#2 pmsrc/src/network/mcpe/NetworkSession(406): pocketmine\event\Event->call()
#3 pmsrc/src/network/mcpe/NetworkSession(559): pocketmine\network\mcpe\NetworkSession->sendDataPacket(object pocketmine\network\mcpe\protocol\DisconnectPacket#24725, true)
#4 pmsrc/src/network/mcpe/NetworkSession(526): pocketmine\network\mcpe\NetworkSession->doServerDisconnect(string[36] disconnectionScreen.notAuthenticated, true)
#5 pmsrc/src/network/mcpe/NetworkSession(503): pocketmine\network\mcpe\NetworkSession->pocketmine\network\mcpe\{closure}()
#6 pmsrc/src/network/mcpe/NetworkSession(527): pocketmine\network\mcpe\NetworkSession->tryDisconnect(object Closure#24719, string[36] disconnectionScreen.notAuthenticated)
#7 pmsrc/src/network/mcpe/NetworkSession(599): pocketmine\network\mcpe\NetworkSession->disconnect(string[36] disconnectionScreen.notAuthenticated)
#8 pmsrc/src/network/mcpe/NetworkSession(208): pocketmine\network\mcpe\NetworkSession->setAuthenticationStatus(false, true, NULL , string[120] 0v0...*.H.=....+...".b...HM.4...k3..G.Uw8.......=..X.:.......J.Z....^..:)0.u.s7&)
#9 pmsrc/src/network/mcpe/auth/ProcessLoginTask(203): pocketmine\network\mcpe\NetworkSession->pocketmine\network\mcpe\{closure}(false, true, NULL , string[120] 0v0...*.H.=....+...".b...HM.4...k3..G.Uw8.......=..X.:.......J.Z....^..:)0.u.s7&)
#10 pmsrc/src/scheduler/AsyncPool(275): pocketmine\network\mcpe\auth\ProcessLoginTask->onCompletion()
#11 pmsrc/src/scheduler/AsyncPool(147): pocketmine\scheduler\AsyncPool->collectTasksFromWorker(integer 0)
#12 pmsrc/vendor/pocketmine/snooze/src/SleeperHandler(123): pocketmine\scheduler\AsyncPool->pocketmine\scheduler\{closure}()
#13 pmsrc/vendor/pocketmine/snooze/src/SleeperHandler(82): pocketmine\snooze\SleeperHandler->processNotifications()
#14 pmsrc/src/Server(1546): pocketmine\snooze\SleeperHandler->sleepUntil(double 1634464165.9901)
#15 pmsrc/src/Server(1107): pocketmine\Server->tickProcessor()
#16 pmsrc/src/PocketMine(293): pocketmine\Server->__construct(object BaseClassLoader#2, object pocketmine\utils\MainLogger#3, string[41] C:\Users\nhang\OneDrive\M..y t..nh\FLOTV\, string[49] C:\Users\nhang\OneDrive\M..y t..nh\FLOTV\plugins\)
#17 pmsrc/src/PocketMine(316): pocketmine\server()
#18 pmsrc(11): require(string[85] phar://C:/Users/nhang/OneDrive/M..y t..nh/FLOTV/PocketMine-MP.phar/src/PocketMin)

PocketMine-MP version: 4.0.0-BETA5 [Protocol 465]
Git commit: b65e89b605aeba5f7958d3cbb6db47e766cd6f9f
uname -a: Windows NT PC 10.0 build 22000 (Windows 10) AMD64
PHP Version: 8.0.10
Zend version: 4.0.10
OS : WINNT, win
Composer libraries: 
- adhocore/json-comment 1.1.2@fc2f76979f0a44a5f5bc2a2b600d0762fe0e78e7
- brick/math 0.9.3@ca57d18f028f84f777b2168cd1911b0dee2343ae
- daverandom/callback-validator unknown@unknown
- fgrosse/phpasn1 v2.3.0@20299033c35f4300eb656e7e8e88cf52d1d6694e
- netresearch/jsonmapper v4.0.0@8bbc021a8edb2e4a7ea2f8ad4fa9ec9dce2fcb8d
- pocketmine/bedrock-protocol 2.0.0+bedrock1.17.30@faff7da904e68f69b1a9128956dac3122e87308a
- pocketmine/binaryutils 0.2.1@8cd078e2426f8100331f2d73bef10f481dad6cde
- pocketmine/callback-validator 1.0.3@64787469766bcaa7e5885242e85c23c25e8c55a2
- pocketmine/classloader dev-master@80226e0917be79ac3230606113e25134a31e6a85
- pocketmine/color 0.2.0@09be6ea6d76f2e33d6813c39d29c22c46c17e1d2
- pocketmine/errorhandler 0.3.0@ec742b209e8056bbe855069c4eff94c9734ea19b
- pocketmine/log 0.3.0@03ab1316da0b1978a7a1c8dd73e1c2a973cb62ec
- pocketmine/log-pthreads 0.2.0@6be3445c48c62eba3922f987f000bb20c81d161f
- pocketmine/math 0.3.0@83ec067b12c066fc61d9fb129daf7e61ef3b1d63
- pocketmine/nbt 0.3.0@98c4a04b55a915e18f83d3b0c9beb24a71abcd31
- pocketmine/pocketmine-mp 4.0.0-BETA5@b65e89b605aeba5f7958d3cbb6db47e766cd6f9f
- pocketmine/raklib 0.14.2@e3a861187470e1facc6625040128f447ebbcbaec
- pocketmine/raklib-ipc 0.1.1@922a6444b0c6c7daaa5aa5a832107e1ec4738aed
- pocketmine/snooze 0.3.0@fe5b1dbf0d6267da882d1f67924772bd93db833d
- pocketmine/spl dev-master@b7a8904f912c1f6d38ad867ff1120614ccb80171
- ramsey/collection 1.2.2@cccc74ee5e328031b15640b51056ee8d3bb66c0a
- ramsey/uuid 4.2.3@fc9bb7fb5388691fd7373cd44dcb4d63bbcf24df
- respect/stringifier 0.2.0@e55af3c8aeaeaa2abb5fa47a58a8e9688cc23b59
- respect/validation 2.2.3@4c21a7ffc9a4915673cb2c2843963919e664e627
- rhumsaa/uuid unknown@unknown
- symfony/polyfill-ctype v1.23.0@46cd95797e9df938fdd2b03693b5fca5e64b01ce
- symfony/polyfill-mbstring v1.23.1@9174a3d80210dca8daa7f31fec659150bbeabfc6
- symfony/polyfill-php80 v1.23.1@1100343ed1a92e3a38f9ae122fc0eb21602547be
- symfony/polyfill-php81 v1.23.0@e66119f3de95efc359483f810c4c3e6436279436
- webmozart/assert 1.10.0@6964c76c7804814a842473e0c8fd15bab0f18e25
- webmozart/path-util 2.3.0@d939f7edc24c9a1bb9c0dee5cb05d8e859490725

Loaded plugins:
ChatManager 0.0.1 by  for API(s) 4.0.0-BETA5
ChatThin 1.4.1 by PresentKim for API(s) 4.0.0
CommandDisabler 1.0.0 by  for API(s) 4.0.0
DEVirion 1.2.5-ALPHA12 by poggit, SOFe for API(s) 4.0.0
DevTools 1.15.0+dev by PocketMine Team for API(s) 4.0.0
HideCommands 1.0.10 by Himbeer for API(s) 4.0.0
NotificationSystem 0.0.1 by  for API(s) 4.0.0-BETA5
PureChat 1.4.11 by 64FF00 for API(s) 4.0.0
PurePerms 1.5.0-legacy by 64FF00 & ProjectInfinity for API(s) 4.0.0
SimpleNPC 3.0.0-snapshot by brokiem for API(s) 4.0.0
Sound 0.0.1 by  for API(s) 4.0.0-BETA5
TNTManagement 0.0.1 by  for API(s) 4.0.0-BETA5

----------------------REPORT THE DATA BELOW THIS LINE-----------------------

===BEGIN CRASH DUMP===
eNrtXItz2zaa/1cwys7W6UoUX+JDO+7EtZ0mu0msi51tb6teBiRBiWuKZPmw43b7v9/vA0CJkt00
6eWmdzNxm1gEgQ/f+wUoP4/Sst7w9u2NqJusLEZzdzxqs40YzS3PcV3PtbyZEfqeH4bjUVepV45n
uDM7tMzQNC1rFvrjUc6b9ryuy3o0/3nU3lWYNVLP49FGNA1f0cgpz3PWlqwrEpFmhUjYRrTrMmFV
GV+LdoOh5VLciKJdLhtRA6nl8oy3fMHp9aUoknN6OZ+vRKvGjh5jg7TL86dZLneYL5dvsLRZLos1
L1bL5UUhzursBoBfLjvTFNYda+WHpFgvl09fXFz9Y7ms8m6VFVh0uubt1TorsH8dL5fX2QYva9FI
lGK8bOXLfppRrStCQG2uoUz7t1PAmALEVEOY9gC2M7A2B9GjuU18r3mMj9+PHpms2tBa+iPZMX0t
VlnTilokL+h3Ieojf/Z4zn4LwclXZfEAB4/K6F8ibj+S749s17d84vgj6x6GCq5nA6kHoN7Hf/JV
DG34NNjYA2wK0d6W9fV0E1di+ko9XEIDod1Hruk9jJ4EqDCSGvXI+UCIs1l4AFHPXi5p+nK5P3/y
FQSV7Ih5iPIDAFVdtmVc5uBB1sRlUWC+WkwMsGdj1tadkEi7H4q07X0c0kl5KeWww+CoaeusWH3v
eD+wZDuKyZdxLURhFGV70rVrcDWLeSuSAZazD8XSdD4Oy/dM/TnOy6arxS9Kut4HM8r/OBTa+m7A
Iy3cU7W31NdwzD6ScxJh/0MRDj9SHZPfLVGJV/CBeNlm8LFmMtyNsGh52zVHKc8boZRpzF69efGC
bRlq2eYPzLwxDcP40nhmHOO38Rf8WY6MCL+evTRc/Lp2DOMb481tYKgfTPvOmOuHvxn/pF//ZRjz
x6bRGY3/Z0lm+GtkcuA4XdRlDLxflHD+V7y5BrX/G5r7x5BuDWNRE69F0uWinp40d0W8KMv8yJZx
6D0UEI+Wy0MmUWA6LTdVLki6yiwt6zf2stxDe9zOWi630+DHyzyH8tI+zdO63HwLdBAxs6IVK1Ez
U+3WRw34/qSspzuw06Yoy5+EROMyF6IS9TNeJNjlyLKdD8LgV2Yc+CHL+R0oBIchVk1dLvfnAQfF
8ldlm6Xaihq97zBSKNd+ZM1c7wMBN/T8BqaZHyVlF+WCDZPF0LTUJrMHNrHMQwmqN3CdWXytlaSs
NZpDP72Qa15izZEdOr8C5O1b+C0YRbfzvl/zRpwiPYXq8UTUj+wxeyDodiAG6d9LnhVQUSjJI2dr
Xa71A3tvXmkYyCkNY5BP7taGH712m4sqHvgP88Cx7klLsVit0o4ZDMesWvzYZbXoPXww+4FVa17P
p9PT+VRiNpWITXu8pju0phKrwc6TlwuDVu8j9Hj0wy/jkfjDKoBPkIADf7X+bVbclPmN2GAFgCZg
XdyO+rdExG5xXCaCCLZmGMez5eE3w08Fu8hiJtWRXT17/urt1ck37JhdiXftU1lzzefnl6cni3Nm
sOVo2TmmaS5HfyUYvoYV7MNKu0IGZFYW5wWH2R09ZnN2U2bJzzQ71LPp508gspl8tSKWKa2QDwtJ
wUteQBhyrNZpuWRqcySXjdXqx4SKbWqgv9CDpfCybT04/fJL9qSqs7LO2jv27Pk3z84vr9iXU5rj
/CruD5UjD4yxP0k1GJJou0MSq2uwU01SxGl1kHjPBjOz9IgmQzFaXsSiTKUQ1PTHEq43mL1bAZ8E
NWbHx8eDBfP51X8uzt9ePV+wf/+b/casxcXizYfM+9ubv59/ffGdmk/6bPsHGNFPLdquLiR5gZZE
+PGIvz55dfni5Or5xStJu2M+sJOEoY2WmKy0qS1J6Y+GLyWzHesAxC8CmYoEbv8WcOOYNSJPgZw2
EQnQOQRIg0Phyx3uy/Xkhmc5WQYyiw2iVbMV8i+fy+vP5fXn8vpzef25vP5cXn8urz+X15/L68/l
9f+r8no8WlFex3MqNwtO53CjvWVALIIwdkd5I9cwDXPy9fnVyYxedlmeoNA1LXs8ypq3ibgZzZXX
G/VZ0GjuejPslFHhG3kzEYSRZ864iPgs9cNZkDhxFHlJ5PrC97w48dIwBexOI/RtBkO7bdirK7Y4
ZRa2Z3JbZtsob9lR/94yH7OTl2eeS2X1usLKALhaJh5/gq1q3OUzXr8tG4L9/NWrKwzIh1tdfW+q
Egx+m2dRzetMNMQcnqxBSy2m/2rg/TFHF/KWYRn2kzS2U98L/TA1ueuCrFkU29wGmWZi+p6dClP4
gfCJYzWMZopSfY3VphEazpOYz/zEClLTDtLATX3fj2zLC+LECi0rMhMhbMd1uMDqhEMSsOlyM6XE
N0JSObnheZbwlpok4Nl1Ud4WT/Rv6mKs6rJpxBQk86agqurGNhzDfGKbNuzecWJnlrqOaQqIxhO+
CEQQxOnMTqzE80KXdkV0oHKF1/Fa0r/hFXwLgZLa8CSIoti0LR6IJLKFy33B7TTgiZvyUMRhEgs7
jaMgIc7v3GUkEviO68lOT0Y2gfuLfgHW+oZjPkl5mvoJD01XeEHqhZHFQ8sOwpmX8NixbFsEvmMG
/AB6VvD6TvoIyWjbsJ6ApSbEYLu2lwaWCeKt1E58JxKpZaZuYCU8gf6JfUgPMtoCps4Tz/UD34Xg
PS+KOeieBcEM4EUwi20ntqHr8WzG7QOA5Npy6dqoFSRuJhtOhdaTwLRtT5ih5UfCD0Gc7Zie6VmW
I+yZ5bjcsYTHg9kBuDKXKBGN5hMzjIQnuJf4XmoLx0m8wIKMw8QOY9uOXS+2fGElByjJJttaBQsJ
ijRExL5rR7YZisCceVEEqmamF8auSNPQjUPfcQW3wmgfVF6uthBMh0cW3F7CzcgK/YD73IqDBCwX
FgwEEOLIs0V8D8Kkate14EmzpcuLBOLVLHaDGCsi7oS2nYaBn8IHREAyhvQsz0r3QW3tjLAJHBGb
nh9ZNn55aexZSZjiKUx46gvPEqkTQemdfRBF1G4hhEHsctONINPQmgnYbOAkTmTGYHpkQ/EtHsWJ
Y+1D2H2cbKp9F/rkI/zhAGLNr+GdJFqWC/8jHB5ATaCLvimslMex59kz04VbDlIXcGCgET/ks4Iy
yapYQYKFgKncc10XJHkxjI7zGf0fODayAGGJ2PWdgIsDS1ZJx5ZLqZiBj1FqJp7tAUgQwJmknh+i
mvLtKAmdJAqgmQdAqnzfGiKfBzD6FMYeY3mCjZPA89PUQu7sWW4Ml2JaPjG75ptG3E11DqkCFfwy
OBPjx3eFmAnHDkzHiqyZ55rRzIJGCwFWg9NebPIdkK7LVKyAm4RjD6PIT6OZEwReaKXQXOhs4rpJ
HLlQFfA1td2ExAMPWWHzqYrYSN/EzigFFCZ1YnAO/3GbR9Es5a7PZwF8ZujB4cJdRLNwAEY7G0WL
LZFxY/hY0B+H3IX6eWQ9dmwHrhN6TmiFwvPgIm2KMvW62zSc98TcDwvN3SYtizvoZn6XZnk+iXV7
/QZ8IyHCUSThzA99ESZp6ARpktiR6Xgh8EwRsYQHJbFi8RCsTaSYsAUHxbJ8uK8EHs4yk5gHUC0/
hfsVsTcDLTBhwSOY5EPgELoCcwDLItftOiJBIICL40Au5AKBII0RxRA6TXvmwoX+GixrQCZ4Zllh
6iQinIkUsTB0A4eCQ+zGDmh0wM8QfwPWrYg25U+8bqdw36LW0Z/inxd6buzDYAITQcTlgQtNdwR8
UppYs4hHZmoh7Mz2gFRwTROKT1K+hAsMI4QjSmIbzpVbURTGFPxncWTOEoRl4BaaPsD8sj1WkLkJ
NQ51/32Qxw1Hx6NdAmdSEoQRqvHKGgC+RxrIq4y6mMPkDqNCnghAgWQBC9uskEfpFU2ZtmfDgQ2X
5xivEEVO/qm6mXp7laPTqQhiHmWYF5dX3168fnGm+NFkLeFL7dTtIcg+GfpcZEeDheJ4n4bRQjVU
/55tRgf0/F5KfqtP+0EEqZ7xWdbQ/nviOXizTx6h/R4R/V6Smg55W1RG0R2lziBlH4kPF9TZ+T+y
WiK7JWg7tE+JbcwmJy8Wz04se19gFWq2jI7ALi+eik8lMwV0ubyRqCyXCCf60wA9Td3l1cnrqzeL
+7SJm6uyzJshbf3QPm3WDNkqlTz7mrgtoNiV4J9MHXscQMoOm/eQsm7bqkG9CH6su8hAyTKoCKdb
GCD4WZZsDzcGRO8NH6qnta+fmLyJBNT4ExGrwS2XQyQ+TD3XaqkBGkDbsJNyeYe8YjOg8IGXf4Cn
vI/Fh9vhoqsF+aNh/d4P3XOYBx7Tc58+Nc2PkpgEvhD1phndI2z0lMvUq1nUJTb6DpZXds3ifNKP
j3akv1V7L5c9srtPvyneB9SakNKn9FswmjkK2X3uqLF99sCSJ7lY8fjuISaxPzNQRR2o50WaFVl7
96kUfY8TErHBx0/ACwUHzLjMqHH7anE6YMZubMgMR6p2U/CqWZftPjuiurzOxCfzaRoctS2reLkc
4vOxhGtQ0x0MIrrsqPGzI1g+/wE2Ljf+cLO+enWlcifVZdrivz/+B9Cxh8CH0kPZKkd1JVDVHUTI
vjMp3YlshhpVXSJJaWXfbfRosX1ipyVsb8XoWs6yXhaPLnnLLuKWWR6z/Lnpzk2fffv8a2ajxqAJ
OS9WHVA9FsWKnjdlmxzTLX1UHssuTW1P/h3Lv+WI48q/PZqtsJlUZd0eW6Hl2DR4uwZNkzxrMCZB
8neTKud3oOvYMmlkBTI3ZSLU+7SsYzHZjpVpSqOgN6FeYv9c3VTHSFHwKclSRIIub++O5X6qO9uW
9aQRbYuKqjmWlIkbkU9IJ45VA3o71giRDKZQTXd8dv705M2LKxpVop/82In6rt8dGlNOGn4jNA43
mbidJJm6/3Cs6H4Xle8mpFp6zl7lbtxtqIZ5xEgb6HISpNTVMpxJYTFwge2JHMJjV2sk1qwni/Fa
sHYtWFlA0i0cOIt5UZQtiwTLijjvEpHgA7unJATrstxgZUoADmE2PBVjVuJN3RBIFtWCX7O7sqs1
LJalDNKhgp12gGDoalZ+R4BfidstuGkiUg7RNOy2LL5oGfVAec2IfRtOR555fkcY0r0WRfftWhSs
q1Y1TwDAWBakVQrYfFkw9ujbtSDE6O4a3TFgdI9NVc7gQc2LJqdTW/VaopqX2Aak4pNoJb8owY0F
U607GtkQZKV3vQHMmezI04tm3bVJeVtM9F2ZOVuOtl9hidfLzhLCZxiwLEsOO4OH1IEhjSTmJ3le
3jIyBCDLdC3KbjLO/oN0i+ZIJZvoVwMUHql7ZnoRA+KMjIFBpOAagYvumOY1zdc6u309BPUtSnqo
DBjPk4ShVFPyIb7T2RTbCE5Hd+SsGKQSCcIa3BM/dlxeGVxlN5h7w/NOsCO9KRzIY4KudhSTWpAT
mEAudMg0x2u596sOeWZNaifPEOngkt3KQ8vGkBPeNJAd6X5PKU1b12WBtIi1dM45pgV5wrSZw2DG
jI4fanXILHkDR0pjm67QKaICfinlD5qghnX5LoMKCrABJEnVLrbIEW81Qs9TUmaaQ0o7Zln7BV2c
rOWyBN45Vjp1sJgdgYYOhmVLtkgyJprSuQR1qMxcakfdFQWJMyFXVFZSCPLgpjEYyg/9mW2y1RrW
XvNmPR5ap9Yc4khdd1WrRhXDiDEb4KbpksKF1cpTmURZDKcLfkD7YQxIR0jnSjAa2mUMFI06kGrS
VtPg6OHA6ztltd/kZQTtoVDJ1DgMYZO1ZPwbpJDRXQuOs0vFalMyVxXYcvkVSe02k5yXGgWrvp0o
QL2SNZLCNAOKcFnywhOBSWsh+i2VkkNanbzztiohqJJ8BGkFbbSSaE4kanNmEhXYXfpo1Vv/P08B
5R7vw5/i6P8M/6YtK4mC9q9blDS4hsF9VNTuS7YI0a49VpZpuxox6QTUpQWNX/PFJ8BQ2oVEiTwG
iztEpwLRiYl3Iu6k9y0VysoiKZptZ4t3MfKBZkeRclwXV+dzuj58yV48f/n8ip0sFi+en1+yxflr
hvzt7+evxwyT2NUFZp2zb59dvDhni9cXp+eXl8ahC9jjhz3zNDtQd2SljNjkiBsiMF4L6ZIlN7bO
1gLvkTMk0rfIKRO4QqHcrASFvA90wkFDm4jeX1M2pWRI0ShCFjRNbyYhKyBwvTtHTvmv3uOCYggl
AnKBcX826YJOnCG2SsSULyjOErpKrmrtlgaol6iaHamOqWltHj+Mkqbc0ZSveB3BMia7Yw3pgB7m
rjQ1QkevYnoVfPeGF53MToaYIHProIOPx31MOFTCXg1VeE1TwFL0bnYmaLAL5fOVwiO9KLs82eKS
IYjcFmyHf6MAVxJ9EOpRF7LQuz2VzuJekJSqoyBsaUvrctMHW7Vaz5gMVXMoYaJGS/KebrAHVGpP
Oy77jJJEVmMnUkOtyEm3qVT6pXI8pl9M6EUvrzOapBdI3CWaPQV4QpiHsfMHGIygjcCHHW6gZE3T
CXIM7RpSW/XpKDkt2m2H1bgXpMoRdNZpKGxo6q/yiSqaeN0V102P+ymvaDTbdBvEWITXmvXVAQmS
qfpHYbHjK9mLZqW0mPs6hmy80hjJDSeUJncIuu5WYmelenWo0+rOfw9fTe5NSMHSE4eUycxhEnPY
55Y2anzLXAXpI3EP2KkEQ0Gp5J1dptYoCnfUYZnmp6Kn35km9/sqBuZUJ2i47wf1Pj1cFvqS3lyH
CKRm6zJXKWbE23gtU3GJMrImqJAOMtK3qdJIv1WhJRLbZFOFt0dDKfWvyK3Wd3TysRqziTUQoBSe
3HjS9sjoECC99i6PlcUopZCJopyKHZno02IMarQM9gy5IHTpWCZ37HTxZoy1wCGCfd1mCdRe5grK
e27hTyT8OfP6tHuXkTeSO4O5BjtJ4KjWPE+nqDVVmZAI6LDeCpsy6meQgg0McRf2BsD2qpp35NUo
xeS5wQiJN4ti0SfbuwqRaglC6hZhkxZ2VVFN9PNBdfNSW12T/SS28qS0vBcjnUz1KRPSdqUeg9Dq
hrZa9NhgC70m5/VKLuC6VNW6IHdMa74iEiATsK2pcpmxUP25AfJk7LwmOZ3mGX23RxbUdFNNNC17
efVGYtqAJCI76lpGBbwU5W47VVwYva/ZtN2EVs0ltsP6UBRxfVcpW08ZdQ6QCyFh7clEgUzNEoPJ
KLXmlASwbAPetCQ7SEP+MxRwU2OJC4Qmv5CEqbH0utIRI0Rz6c4bJVKVSmBuq3WUKBGqgaBdna6m
zi5kknT2/PLka+RHMp/qCqlD5LDpy2g1uclEJQkZKaP+ElgyrDd2dO5sPRFRt5r3RdtXzKJiTaes
a7gr+Z7pGr5RXQchvxdWquCtLcIiYAprBe10XZaN7Ez0tZroq3HpxRPectbwmz5aUF9Id7gm9G7n
2Agxda9ZJjy6afOvMitUR0By6gv2XVS+I8uv2fMzdvTdm+dnjyF3mD1wwPxbiI0EQ0cFMA6q4epE
80elH7CGcie7Atb+3dcvevi6vhuMfCE3o9aYTBykeHUqImkr+xaSDqODzlaaym3xLkvvJu+6LNkJ
pO+uDbs3V7L9okxN/YsnigdyrrarrtFtoBhOpFVuVq+ZqDVzNT+JaBsVQrR71LtQDOTFalujFLQs
PwzF437WXvvuwY6ZYu7JpuzIe6Qq1mlnApb1rKXYTt5RtkIgfvosgzMWv5aherBYEl4IVXpHQgGL
REq231T8VioF6aiCLlWLhveDviKfNtqSDx/I+CGq+pY0dhOIpw9haT6MJq+pD894r+5Atl9Mv7fY
OAcdnigvY2m+TZaomEH0cMgUCtd00ZALKwqimCESFTrlwza0yVaTVg4exyIXslJQ6i13zbNrbEF1
svREOQfpq7q8bdfKj2ELztYK2sDJwfqbVoVkieyEuNGjNtmxRpH2/KwZ0EVumiSvoDF1wXRLpm45
9WmOXLMnJMCbMJs9ApoolXeC3LW1trI07gtTO69bnslqFsEEpZ7Soqqsurw3G/1A8V7O0WHDsWlD
WQYRlXInirjkuZAS6AJDNrlVI2+uUx3qO8riWg2rTEFrFhDZeehk5/TIMif09dyDoa1j2B+u1sjJ
03IQ0+EPJurwajtzDbnNFSpGtdlURlZKjOHq7jZUHMKUW2q0xs0OdQpT+j3bvZckSDfHV6tarHRL
UfcfVZuFvrF4fUifxA++5uLsgq6eT3RQUPkBua9boSoQDiO/lTs2EvEdAXLMGJwKIE5vOd9VwEoL
5x5TIVD1XisTMiG6YS1j2SDenFLzXgx7eWMEh2rNYRaCPHtNOPR5KSJGKmrUHhPyiwUFQ/W2j10q
cvC93qA+ThsE2w45OHIb6Vt7F6YBSimr9/0e96Sq6BqKtc02uwiiozEBpfnyO+yNOi8hN04byqan
XtQ3uI3dBvrNcIeec++P9zqYKEkqCxj0kjQMgG81P/uu0VoPKhdXbysJ7R2oCY9iLZFpUJZuAdEd
5a5WRzLkbfpWivK8gKe9Ux9vkZPxRtdpSK05nenqJ0qAgKOW1bwXmnoHHaWe3px9LzMXJK1j2eT7
gYDKEmwXvIdHRZIMyqRr6eCpjdIfvcn+yENxVPpnWT42smKQ5TfkkwFXnQQM0Vf7ShzUR0aHdRSr
VEzd7ThnT1+cXKlBef+MOmt/1bfix7PwHSgqxNh5l2R1O5ZO968601OHLcOmhTJiCnRgre4p8k5r
nbrxwNS3b7q697t9pVZvT2mkUwEchKNYHpM1PZ8m/REPVECl9Y+eSm8it5Lz94DIvFiPvB2MTGR+
OUj8SpX7i3fwbY0ucuNrKpMaWdDBuUVZTv9IgEzk5DyiV351O1eRQpmKolLCR2a0LalH45F4hzRf
pv3yHiWyleG3RqJYXx/fjtDpW5Hwem+s3LxNyhbubm9UX6fdDXR1PnwmxzB8TrO8FXuAV5u977Cg
wtnDJYNt3QwH6JsZw+fBLdzdGOxc3xewDLqQJysU8HQ4qYr3+fBapLtr1dvRRrr6Zn8I6dNmOHK5
eLG3/V3zYy6/iqM/se2rtrwWBSL6Hgvu+CbX15/pcsNPWaXu3YUGXdL/Sd2B387G47vNPpNLwsY2
TceybLpdvTi72KM0Kd9KTA4HMZTtywdWXzTN3kR11eS7l3skHmCAR2of7JOFwds6OxD34BsPDtGr
7hUu1gfaRkmT/FaLre/bE2Oylfq6i15L34DSVUV/KZ+WUplZ6gFb8Qu1SK4UkRRC66GgpGVPE5N7
Qsz25C655QyHUMl10i+vOqVdPfx/UuJ1sZCNsN2CX375b71VpqU=
===END CRASH DUMP===
