PocketMine-MP Crash Dump Sun Oct 17 14:54:48 WIB 2021

Error: Call to undefined method pocketmine\player\Player::sendDataPacket()
File: plugins/Sound/src/Main
Line: 30
Type: Error

THIS CRASH WAS CAUSED BY A PLUGIN
BAD PLUGIN: Sound v0.0.1

Code:
[21] 	{
[22] 		$player = $event->getPlayer();
[23] 		$packet = new PlaySoundPacket();
[24] 		$packet->soundName = "C418";
[25] 		$packet->x = $player->getPosition()->getX();
[26] 		$packet->y = $player->getPosition()->getY();
[27] 		$packet->z = $player->getPosition()->getZ();
[28] 		$packet->volume = 1;
[29] 		$packet->pitch = 1;
[30] 		$player->sendDataPacket($packet);
[31] 	}
[32] 
[33] }

Backtrace:
#0 pmsrc/src/event/RegisteredListener(75): NhanAZ\Sound\Main->onJoin(object pocketmine\event\player\PlayerJoinEvent#112518)
#1 pmsrc/src/event/Event(62): pocketmine\event\RegisteredListener->callEvent(object pocketmine\event\player\PlayerJoinEvent#112518)
#2 pmsrc/src/player/Player(749): pocketmine\event\Event->call()
#3 pmsrc/src/network/mcpe/NetworkSession(704): pocketmine\player\Player->doFirstSpawn()
#4 pmsrc/src/network/mcpe/NetworkSession(697): pocketmine\network\mcpe\NetworkSession->onClientSpawnResponse()
#5 pmsrc/src/network/mcpe/handler/SpawnResponsePacketHandler(44): pocketmine\network\mcpe\NetworkSession->pocketmine\network\mcpe\{closure}()
#6 pmsrc/vendor/pocketmine/bedrock-protocol/src/SetLocalPlayerAsInitializedPacket(45): pocketmine\network\mcpe\handler\SpawnResponsePacketHandler->handleSetLocalPlayerAsInitialized(object pocketmine\network\mcpe\protocol\SetLocalPlayerAsInitializedPacket#112608)
#7 pmsrc/src/network/mcpe/NetworkSession(388): pocketmine\network\mcpe\protocol\SetLocalPlayerAsInitializedPacket->handle(object pocketmine\network\mcpe\handler\SpawnResponsePacketHandler#106922)
#8 pmsrc/src/network/mcpe/NetworkSession(351): pocketmine\network\mcpe\NetworkSession->handleDataPacket(object pocketmine\network\mcpe\protocol\SetLocalPlayerAsInitializedPacket#112608, string[2] q.)
#9 pmsrc/src/network/mcpe/raklib/RakLibInterface(187): pocketmine\network\mcpe\NetworkSession->handleEncoded(string[5] c*d..)
#10 pmsrc/vendor/pocketmine/raklib-ipc/src/RakLibToUserThreadMessageReceiver(42): pocketmine\network\mcpe\raklib\RakLibInterface->onPacketReceive(integer 0, string[14] ......T..[E]/1)
#11 pmsrc/src/network/mcpe/raklib/RakLibInterface(121): raklib\server\ipc\RakLibToUserThreadMessageReceiver->handle(object pocketmine\network\mcpe\raklib\RakLibInterface#23334)
#12 pmsrc/vendor/pocketmine/snooze/src/SleeperHandler(123): pocketmine\network\mcpe\raklib\RakLibInterface->pocketmine\network\mcpe\raklib\{closure}()
#13 pmsrc/vendor/pocketmine/snooze/src/SleeperHandler(82): pocketmine\snooze\SleeperHandler->processNotifications()
#14 pmsrc/src/Server(1546): pocketmine\snooze\SleeperHandler->sleepUntil(double 1634457288.0831)
#15 pmsrc/src/Server(1107): pocketmine\Server->tickProcessor()
#16 pmsrc/src/PocketMine(293): pocketmine\Server->__construct(object BaseClassLoader#2, object pocketmine\utils\MainLogger#3, string[41] C:\Users\nhang\OneDrive\M..y t..nh\FLOTV\, string[49] C:\Users\nhang\OneDrive\M..y t..nh\FLOTV\plugins\)
#17 pmsrc/src/PocketMine(316): pocketmine\server()
#18 pmsrc(11): require(string[85] phar://C:/Users/nhang/OneDrive/M..y t..nh/FLOTV/PocketMine-MP.phar/src/PocketMin)

PocketMine-MP version: 4.0.0-BETA5 [Protocol 465]
Git commit: b65e89b605aeba5f7958d3cbb6db47e766cd6f9f
uname -a: Windows NT PC 10.0 build 22000 (Windows 10) AMD64
PHP Version: 8.0.10
Zend version: 4.0.10
OS : WINNT, win
Composer libraries: 
- adhocore/json-comment 1.1.2@fc2f76979f0a44a5f5bc2a2b600d0762fe0e78e7
- brick/math 0.9.3@ca57d18f028f84f777b2168cd1911b0dee2343ae
- daverandom/callback-validator unknown@unknown
- fgrosse/phpasn1 v2.3.0@20299033c35f4300eb656e7e8e88cf52d1d6694e
- netresearch/jsonmapper v4.0.0@8bbc021a8edb2e4a7ea2f8ad4fa9ec9dce2fcb8d
- pocketmine/bedrock-protocol 2.0.0+bedrock1.17.30@faff7da904e68f69b1a9128956dac3122e87308a
- pocketmine/binaryutils 0.2.1@8cd078e2426f8100331f2d73bef10f481dad6cde
- pocketmine/callback-validator 1.0.3@64787469766bcaa7e5885242e85c23c25e8c55a2
- pocketmine/classloader dev-master@80226e0917be79ac3230606113e25134a31e6a85
- pocketmine/color 0.2.0@09be6ea6d76f2e33d6813c39d29c22c46c17e1d2
- pocketmine/errorhandler 0.3.0@ec742b209e8056bbe855069c4eff94c9734ea19b
- pocketmine/log 0.3.0@03ab1316da0b1978a7a1c8dd73e1c2a973cb62ec
- pocketmine/log-pthreads 0.2.0@6be3445c48c62eba3922f987f000bb20c81d161f
- pocketmine/math 0.3.0@83ec067b12c066fc61d9fb129daf7e61ef3b1d63
- pocketmine/nbt 0.3.0@98c4a04b55a915e18f83d3b0c9beb24a71abcd31
- pocketmine/pocketmine-mp 4.0.0-BETA5@b65e89b605aeba5f7958d3cbb6db47e766cd6f9f
- pocketmine/raklib 0.14.2@e3a861187470e1facc6625040128f447ebbcbaec
- pocketmine/raklib-ipc 0.1.1@922a6444b0c6c7daaa5aa5a832107e1ec4738aed
- pocketmine/snooze 0.3.0@fe5b1dbf0d6267da882d1f67924772bd93db833d
- pocketmine/spl dev-master@b7a8904f912c1f6d38ad867ff1120614ccb80171
- ramsey/collection 1.2.2@cccc74ee5e328031b15640b51056ee8d3bb66c0a
- ramsey/uuid 4.2.3@fc9bb7fb5388691fd7373cd44dcb4d63bbcf24df
- respect/stringifier 0.2.0@e55af3c8aeaeaa2abb5fa47a58a8e9688cc23b59
- respect/validation 2.2.3@4c21a7ffc9a4915673cb2c2843963919e664e627
- rhumsaa/uuid unknown@unknown
- symfony/polyfill-ctype v1.23.0@46cd95797e9df938fdd2b03693b5fca5e64b01ce
- symfony/polyfill-mbstring v1.23.1@9174a3d80210dca8daa7f31fec659150bbeabfc6
- symfony/polyfill-php80 v1.23.1@1100343ed1a92e3a38f9ae122fc0eb21602547be
- symfony/polyfill-php81 v1.23.0@e66119f3de95efc359483f810c4c3e6436279436
- webmozart/assert 1.10.0@6964c76c7804814a842473e0c8fd15bab0f18e25
- webmozart/path-util 2.3.0@d939f7edc24c9a1bb9c0dee5cb05d8e859490725

Loaded plugins:
ChatManager 0.0.1 by  for API(s) 4.0.0-BETA5
CommandDisabler 1.0.0 by  for API(s) 4.0.0
DEVirion 1.2.5-ALPHA12 by poggit, SOFe for API(s) 4.0.0
DevTools 1.15.0+dev by PocketMine Team for API(s) 4.0.0
HideCommands 1.0.10 by Himbeer for API(s) 4.0.0
PureChat 1.4.11 by 64FF00 for API(s) 4.0.0
PurePerms 1.5.0-legacy by 64FF00 & ProjectInfinity for API(s) 4.0.0
SimpleNPC 3.0.0-snapshot by brokiem for API(s) 4.0.0
Sound 0.0.1 by  for API(s) 4.0.0-BETA5
TNTManagement 0.0.1 by  for API(s) 4.0.0-BETA5

----------------------REPORT THE DATA BELOW THIS LINE-----------------------

===BEGIN CRASH DUMP===
eNrtXAlz20aW/itd1NRG3hUoXMTBKaesSPJGu7KlteRxdkKXqwE0SIxAgMEhiU75v+/3uhskQMka
O+M9asuOIxF9vH73haZ/H6VlteTNh1tR1VlZjKbuwajJlmI0tTzHdSe+HQRj07Nd52DUrvSM4439
0A48PwiD0LVM7Ml53ZxWVVmNpr+PmvUKy0bq+WC0FHXN5zRyzPOcNSVri0SkWSESthTNokzYqoxv
RLPE0Gy2yvlaVLPZpfw9ndaiSE54wy85rdl/Bohpm+cvs1yCnM5mb2tgP5sVC17MZ7OLQpxU2S0g
vZq1pimsNWvkh6RYzGYvzy+u/0KHtPOswKarEsjMZnUVYz3PivFqsaITFHS97FCuOsSiQ1qD+Ryo
jqaOCW5VPMbHX0d7JlstaQn9L25F0Ry+EfOsbkQlknP6XYhq3588m7LXwPTor5vDCabxY1n8W5kV
+2X0NxE3A45IYLuMocWnNLFnWfbECogve9YDFOSSfc/GqY+AfIig8WMMIald/xAqdg8VtfxQrd73
3fBxbCQMhYAU857Tg1GI5q6sbg6X8UocvlYPV9AsaO2+b7o7EIcIGj8m5cusqpurFb8rFGz3C2F7
ob8DW6+ezWj5bDZcT3I8zjMQIs96I+pVWdRCnTn53JnQhyQHhwZ7lML/rKb2Xffr0Hhi6e9xXtZt
JT4prDyNFbiflNXhduNhJJIKT8aqKpsyLnOJ+JVozkvISLH2qD4rsibjefZRJNpE3cnTqGpqof+f
Jdf4US164rDH1HPnoA5vnPT3kCbV9Uyluv4XqoYTBE8T+hXndwR/AVVfwL49y/RC25bUBF9KzcT6
Og1TePRc83+HQA5Y3VRZMf/Vfs9+G0uCws8RVPGbPIsO3/Cb8yw6K+DXUvjmfSvw/whhp0VcJlAz
ff7kPYv/ORkrFCzzszajkDCylUJQIXNdUoy6XlSCJ69UOHwjYoEoBcO2n8ZOAYSvHpJFjkZxSkPa
zzA1FxUzNzyz3PdsLP9cj8e/nr4/tBT21tdy0CbV6BABJbekfiCxw+oJ+r5CsT9D6Z7tOI6rMLc/
y/e6KMuPQnmoXIiVqDrPadnOH+TwF+zZ8aWW8wcQDHY1QC2FkQzWAR94Y3D3ddlkaRbzBtpa63P7
4exKCmjfmrjeFwKu6flt0WT5flK2US5YP/0LHK03k0cOscxd61Izxo9NFt9cKozLSqPp9SBcyj2v
sGffDp3PAPnwIQaRTdXGG//yE6/FMRLO+rzkCXydfcAe0a0WxNQqtzov57CLPWdjF671nj2ZOI7H
SBrH417CuN0bfvXeTbKpeOA/zgPHeiAtxWK1S7txMJxMUfzWZpXofFMA57Ra8Gp6eHg8PZSYHUrE
Dju8DrdoHUqseicbry7HtHuI0LPR+08HI/E/l9N/YcYNpNSaD1lxW+a3YolcCxsT8CNuRt0sRiQI
DJAbJxJsC4Oz5ncM2bb8OGv+pDBjz9mfhMo+56LReeqzP9NKZ7NS4oqVhbhjtETC7yiQa93hWtgV
LXnNlwLbZqNj1wpmI7lysrvynlBY6WyVcCjrjOx7/5l8/EWf4O3uWz+97z/1Pn9338en9/1V7wt2
94HlrSTHkvPh7vwqa+JFN+2YQzaDIUPB623yLEeJ5xN9JPHQb2L+p9Gn71XW9yrre5X1vcr6XmV9
r7K+V1nfq6zvVdb3Kuv/TZV1MJpTSshzqlEKTm9YRoNtQCyCMLbvaEbu2Bybxk+n10cTmmyzPBlN
bdOyD0ZZ/SERt6NpyvNaoBjSoWA0db0JTsqoVIq8iQjCyDMnXER8kvrhJEicOIq8JHJ94XtenHhp
mAJ2qxF6l8HQ7mr2+ppdHjMLxzN5LLNt0zTZfjdvmc/Y0asTz6VCbLHCTmj22DLx+BG2qnGXz5j+
UNYE++z162sMyIc7WezF5XJVgsEfYP0VrzJRE3N4sgAtlTj8W40AgjW69LPG1th+kcZ26iOPDFOT
uy7ImkSxzW2QaSam79mpMIUfCJ84VsFoDpe8WWC3OQ7HzouYT/zEClLTDtLATX3fj2zLC+LECi0r
MhMhbMd1uMDuhEMSsOlyeUhJdITwYNwiqCa8oVoZPLspyrvihf5Nte28KutaHIJkXhdU59zaY2ds
vrBNOwxNx4mdSeo6pikgGk/4IhBBEKcTO7ESzwtdOhWesRK14FW8kPQv+Qq+hUBJbXgRRFFs2hYP
RBLZwuW+4HYa8MRNeSjiMImFncZRQAXxE7kn4NkE7l/0BFjrjx3zRcrT1E94aLrCC1IvjCweWnYQ
TryEx45l2yLwHTPgO9Czgldr6SMko+2x9QIsNSEG27W9NLBMEG+lduI7kUgtM3UDK+EJ9E8MIT3K
aAuYOi881w98F4L3vCjmoHsSBBOAF8Ektp3Yhq7Hkwm3dwCSa8ula6Pmgbg1lpxqtBeBadueMEPL
j4QfgjjbMT3TsyxHoOpyXO5YwuPBZAdcmUuUiEbzhRlGwhPcS3wvtYXjJF5gQcZhYoexbceuF1u+
sJIdlGSvRaedEhRpiIh9145sMxSBOfGiCFRNkHXGrkjT0I1D33EFt8JoCCov5xsIpsMjC24v4WZk
hX7AfW7FQQKWCwsGAghx5NkifgDBWDUy1ag3dHmRoHgVu0GMHRF3kP2mYeCn8AERkIwhPcuz0iGo
jZ0RNoEjYtPzI8vGLy+NPSsJUzyFCU994VkidSIovTMEUUTNBkIYxC433QgyDa2JgM0GTuJEZgym
RzYU3+JRnDjWEML2o7FcDV3oi6/whw9SUImW5cL/CIcHUBPoom8KC6lN7Hn2xHThloPUBRwYaMR3
+bxNZBUkWAiYyj3XdUGSF8PoOJ/Q38CxkQUIS8Su7wRc7FiySjo2XErFBHyMUjPxbA9AggDOJPX8
0HZ9346S0EmiAJq5A2SVD60h8nkAo09h7DG2Jzg4CTw/TVE3wCjcGC7FtHxidsWXtViTJeTIElSg
gl8GZ2L88V0hJsKxA9OxImviuWY0saDRQoDV4LQXm3wLpG0zFSvgJuHYwyjy02iCStALrRSaC51N
XDeJIxeqAr6mtpuQeOAhVzj8UEVspG9ia5QCCpM6MTiH/7jNo2iSctfnkwA+M/TgcOEuoknYA6Od
jaLFlsi4MXws6I9D7kL9PLIeO7YD1wk9J7RC4XlwkTZFmWrRLmvOO2IehoV6vUzLYg3dzNdpludG
rLust+AbCRGOIgknfuiLMElDJ0iTxI5MxwuBZ4qIJTwoiRWLx2AtI8WEDTgoluXDfSXwcJaZxDyA
avkp3K+IvQlogQkLHsEkHwOH0BWYPVgWuW7XEQkCAVwcB3IhFwgEaYwohtBp2hMXLvRzsKwemeCZ
ZYWpk4hwIlLEwtANHAoOsRs7oNEBP0P8BKw7ES3Lj7xqDuG+RaWjP8U/L/Tc2IfBBCaCiMsDF5ru
CPikNLEmEY/M1ELYmQyArOCaDIpPUr6ECwwjhCNKYhvOlVtRFMYU/CdxZE4ShGXgFpo+wHzaNKJl
bnK84M0rXqAkq3p5XH/0YLRN4ExKgjDC22ZRVgDwK9JAvsqow9lP7jAqCo5KAQqE7BwJXYKKokj0
jrpMm5P+wJLLznfX+ewdr3J06qMj5lGGeXF1/e7izfmJ4kedNYQvtVqPkVchCJ1kNR08oGZnpk8R
xWLzKYr+KC11izQnKqNoTZkmaBoi8eV0nZz+JaskshuCNkNDSuzxxDg6v/z5yLIHFMFTzimDPhhd
XbwUo29EoAI6m91KVGYzeF/9qYeepu7q+ujN9dvLh7SJ2+uyzOs+bd3QkDZrguSOKoQBYdt6g10L
vvxWpHU4gJQtNk+QsmiaVY3yCvxYtNEYGX6vgDrcwADBP2eJ0JrQJ3owvKue1lA/sXgZCajxNyJW
g5vN+kh8mXou1NYxaABtl20lyHL79WA3NKTJHVtDLzLy3JcvTfOrSJLAL0W1rEcPqBu95DKU15dV
iYN+gWqWbX15anTjoy39H9TZs1mH7PbT36X/EbkTUvpd4AaMZo5CdsgdNTZkD1TdyMWcx+vHmMT+
iYEq6micFWlWZM36W2nCgBMSsd7Hb8ALBQfMuMqWq1y8vjzuMWM71meGI4NKXfBVvSibITuiqrzJ
xDczeg2O2mDUuuzj87WEa1CHWxhEtHyt2yNYv+b9H4+uvfeKXxJ/rl9fq1isuhYb/Ifj/wt0DBD4
Unoo++HI1gWqhJ0Q0nW6pDuRzbXxqioRxRvZxxntXW6e2HEJ25szevk/q2bF3hVv2EXcMMtjlj81
3anps3dnPzEbOSstyHkxb4Hqc1HM6XlZNslzut2LTHbWpqntyZ+x/ClHHFf+9Gi1wsZYlVXz3Aot
x6bBuwVoMvKsxpgEye8N9WKzfm6ZNDIHmcsyEWo+LatYGJuxMk1pFPQm1Jvqnle3q+eI4fiUZGma
xW3erJ/L81S3rykroxZNgwy9fi4pE7ciN0gnnquG5masFiLpLaEa4fnJ6cujt+fXNKpEb/zWimrd
nQ6NKY2a3wqNw20m7owEJPIiFs8V3fdReW+Qauk1g0pwvF5STrzHSBtYLKXUVrIUksJi4AIbiBzC
Y9cLUQvWkcV4JVizEKwsIOkGDpzFvCjKhkWCZUWct4lI8IE9UBKCdVUusTMlALswa56KA1ZipqoJ
JIsqwW/YumwrDYtlKYN0qACkEyAYuhySrwnwa3G3AXeYiJRDNDW7K4sfGkY9NV4xYt8SxFLXaU0Y
NousVnTfLUTB2tW84gkAjGcFaZUCNp0VjO29WwhCjK7E0GUHRtdjVCUGHlS8qHPeACk5LVHN6QUd
SMUn0Uh+UQYYC6ZaQTSyJMhK7zoDmDLZ4aWJetE2CSpKQ1/KmbLZaHP1PV7MWksIn2HAsiw57PQe
UgeGNJKYH+V5ecfIEIAs07UNu804+w/SLVojlczQUz0U9k6lEupNDIgzMgYGkYJrBC5aM81rWq91
djPdB/UOJSJUBoznScJQiiv5EN/pXQdbCk6vgshZMUglEoQ1uCd+a7m8iTTPbrEWtXsr2L4+FA7k
GUFXJwqjEuQEDMiFXlpMMS3Pft0iEatI7Y7qdRFf8/qG0fsoKNpYLnhbQ3ak+x2ltGxRlQXSItZg
eX1AG/KEaTOHwRwwamdX6r2n5A0cKY0t20K/X1LAr6T8QRPUsCrvM6igABtAklTtYoMc8VYjdJaS
MtMaUtoDljU/0H2sSm5L4J1jpVM7m9k+aGhhWLZkiyTD0JROJahdZeZSO6q2KEicCbmiciWFIF8E
1GOG/Fx/ZstsvoC1V7xeHPStU2sOcaSq2lWjRhXDiDFL4KbpksKF1couf6Isht+WWQK0H8eAdIR0
rgSjoV3jnqJRR0st2mgaHD0ceLVWVvuveRlBeyhUMjUOQ1hmDRn/EilktG7AcXalWG1K5qoKVG6/
JqndZZLzUqNg1XeGAtQpWS0pTDOgCJclL+MQmLQSojtSKTmk1ZIds3kJQZXkI0gr6KC5RNOQqE2Z
SVTgdOmjVa/2/zwFlHs8hT/F0X8M/7opVxIF7V83KGlwNYP7WFH7KNkgRKd2WFmm7WrEpBN4J61C
41f/8A0wlHYhUSKPweIW0alAdGLiXsSt9L6lQllZJEWzzWpxHyMfqLcUKcd1cX06Zdc/n12x87NX
Z9fs6PLy/Oz0il2evmHI3/799M0BwyJ2fYFVp+zdzxfnp+zyzcXx6dXVeNcFDPhhTzzNDtQdWSkj
NjnimgiMF0K6ZMmNjbO1wHvkDIn0LXKJAVcolJuVoJD3gU44aGgT0fs5ZVNKhhSNImRBy/RhErIC
Ate7deSU/+ozLiiGUCIgN4wfriZd0IkzxLYSMeULirOErpKr2ruhAeolVvWWVMfUtNbPHkdJU+5o
yue8imAZxrZNLh3Q49yVpkbo6F1M74LvXvKildlJHxNkbi108NlBFxN2lbBTQxVe0xSwFL3LrQmO
2YXy+UrhkV6UbZ5scMkQRO4KtsW/VoBXEn0Q6lGbrtCnvZTO4kGQlKqjIGxoS6ty2QVbtVuvMPqq
2ZcwUaMl+UA32CMqNdCOqy6jJJFVOInUUCty0i5XKv1SOR7TEwZNdPI6oUV6g8RdotlRgCeEeRg7
f4TBCNoIfDjhFkpW160gx9AsILV5l46S06LTtlgddIJUOYLOOscKG1r6WT5RRRMv2uKm7nA/5isa
zZbtEjEW4bViXXVAgmT6VrTEYstXshfNSmkxD3UM2fhKYyQPNChNbhF03Y3ETko1tavTlBuR11Pw
1eLOhBQsvbBPmcwcjJjDPje0UWdY5ipIH4l7wE4lGAqKvsat9igKt9Rhm+anoqc7mRZ35yoG5lQn
aLhPg3pKD2eFvvA01SECqdmizFWKGfEmXshUXKKMrAkqpIOM9G2qNNKzKrREYpNsqvC215dSN0Vu
tVo3BPyAGVZPgFJ48mCj6ZDRIUB67W0eK4tRSiETRTkVOzLRp80Y1GiN2c/IBeUNe0ru2PHl2wPs
BQ4R7OsuS6D2MldQ3nMD35Dwp8zr0u5tRl5L7vTWjtlRAke14Hl6iFpTlQmJgA7ro3Aoo34GKVjP
ELdhrwdsUNXck1ejFJPnY0ZIvL0sLrtke1shUi1BSN0hbNLGdlWsDP28U9280lZXZx/FRp6Ulndi
rCng6ZQJabtSj15odUNbbXo2Zpd6T86rudzAdamqdUGemFZ8TiRAJmBbvcplxkL15xLIk7HziuSk
7lOrgppuPom6Ya+u30pMa5BEZEdtw6iAl6LcHqeKi3Hna5ZNa9CuqcS2Xx+KIq7WK2XrKaPOAXIh
JKwdmSiQqVkyZjJKLTglASxbgjcNyQ7SkN9Xh5s6kLhAaLcS6QVxAl5XOmKEaC7dea1EqlIJrG20
jhIlQjUQtKvT1dTJhUySTs6ujn5CfiTzqbaQOkQOm77jUpGbTFSSkJEy6q+hJP16Y0vn1tYTEbXz
aVe0/cgsKtZ0yrqAu5LzTNfwteo6kDUXdamCt7YIi4AprBW040VZ1rIz0dVqoqvGpRdPeMNZzW+7
aEF9Id3hMmhu69gIMdlAVEmbbtr8rcwK1RGQnPqB/RKV92T5FTs7Yfu/vD07eQa50/c+7mj9HcRG
gqFXBTAOquGqRPNHpR+whnIruwLW/stP5x18Xd/1Rn6Qh1FrTCYOUrw6FZG0lV0LSYfRXmcrTeWx
mMvStXHfZslWIF13rd+9uZbtF2Vq6p9GUDyQa7VdtbVuA8VwIo1ys3qPofZM1fokomNUCNHuUZ9C
MZAX802NUtC2fDcUH3SrBu27RztmirlHy7Il75GqWKedCVjWsZZiO3lH2QqB+OmzDM7Y/EaG6t5m
SXghVOkdCQUsEinZfk2X4qUpLTo9k6pFw8Ogr8ingzbkwwcyvouqvnWL0wTi6WNYmo+jySvqwzPe
qTuQ7TbT7w02zk6HJ8rLWJpvnSUqZhA9HDKFwtVt1OfCnIIoVohEhU75sAltstWklYPHsciFrBSU
estT8+wGR1CdLD1RzkH6vCrvmoXyYziCs4WC1nNysP66USFZImsQNzrUjC1rFGlnJ3WPLnLTJHkF
jakLixsydcupS3PknoGQAM9gNtsDmiiVt4LctrU2shw/FKZ2Xnc8k9UsgglKPaVFq3LV5p3Z6AeK
93KNDhuOTQfKMoiolCdRxCXPhZRAFxiyya0aeVOd6lDfURbXalhlClqzgMjWQydbp0eWadCXEHaG
No5hOLxaICdPy15Mhz8w1MurzcoF5DZVqIxXy+VqnJUSY7i69ZKKQ5hyQ43WuN6iTmFKz7PtvCRB
ujk+n1dirluKuv+o2iz07bibXfokfvA1FycXdJXZ0EFB5Qfkvu6EqkC4/EYjnVhLxLcEyLFx760A
4vSG8+0KWGnhPGAqBKrmtTIhE6IbuzKW9eLNMTXvRb+Xd4DgsFpwmIUgz14RDl1eioiRigq1h0F+
saBgqGa72KUiBx/0BvXrtF6wbZGDI7eRvrVzYRqglLKa7854IFVFV1+sTbbcRhAdjQkorZdfja3V
+xJy43SgbHrqTV2De7w9QM/0T+g493S818FESVJZQK+XpGEAfKP52XWNFnpQubhqU0lo70BNeBRr
iUyDsnQDiO68tpV6JUPepmulKM8LeNo7dfEWORmvdZ2G1JrTO139RAkQcNSymnZCU3PQUerpTdmv
MnNB0nogm3zvCagswbbBu/+qSJJBmXQlHTy1UbpXb7I/8lgclf5Zlo+1rBhk+Q35ZMBVJwF99NW5
Egf1kdHLOopVKqZuT5yyl+dH12qQSg1BnbU/61vWB5PwHhQV4sC5T7KqOZBO988601MvW/pNC2XE
FOjAWt1T5K3WOnXjgalvc7RV53e7Sq3avKWRTgVwEI5i+Zqs7vhkdK94oAIqrd97Kb2JPEquHwCR
ebEe+dAbMWR+2Uv8SpX7i3v4tloXufENlUm1LOjg3KIMBcpaJXJyHdELVFCCqUihTEVRKeEjM9qU
1KODkbhHmi/TfnkvD9lK/1sIUayvI29G6O1bkfBqMFYuPyRlA3c3GNXXM7cDbZX3n8kx9J/TLG/E
APB8OfhOBCqcAS4ZbOu2P0A3/fvPvVud2zHYub4vYI3pxpqsUMDT/qJVPOTDG5Fur+luRmvp6uvh
ENKnZX/k6vJ8cPy6/i2XX+3Qn9hmqilvRIGIPmDBmi9zfZ2WLjd8zFbqYlo4pkvfH9Wd6s1qPN4v
h0wuCRvbNB3Lsum27uXJxYDSpPwgMdkdxFA2lA+svqjrwUJ11eSXVwMSdzDAI7UPhmRh8K7KdsTd
u0HvEL3q4t3lYkfbKGmS35Kw9f1tYkw2V1+f0HvpGzW6quguedNWKjNLPWArfqEWyZUikkJoPRSU
tAw0MXkgxGwgd8ktpz+ESq6VfnneKu3q4P+VEq+LS9kI22749Om/AE20s80=
===END CRASH DUMP===
