PocketMine-MP Crash Dump Sun Oct 17 15:00:38 WIB 2021

Error: Call to undefined method pocketmine\player\Player::sendDataPacket()
File: plugins/Sound/src/Main
Line: 32
Type: Error

THIS CRASH WAS CAUSED BY A PLUGIN
BAD PLUGIN: Sound v0.0.1

Code:
[23] 	{
[24] 		$player = $event->getPlayer();
[25] 		$packet = new PlaySoundPacket();
[26] 		$packet->soundName = "C418";
[27] 		$packet->x = $player->getPosition()->getX();
[28] 		$packet->y = $player->getPosition()->getY();
[29] 		$packet->z = $player->getPosition()->getZ();
[30] 		$packet->volume = 1;
[31] 		$packet->pitch = 1;
[32] 		$player->sendDataPacket($packet);
[33] 	}
[34] 
[35] }

Backtrace:
#0 pmsrc/src/event/RegisteredListener(75): NhanAZ\Sound\Main->onJoin(object pocketmine\event\player\PlayerJoinEvent#113063)
#1 pmsrc/src/event/Event(62): pocketmine\event\RegisteredListener->callEvent(object pocketmine\event\player\PlayerJoinEvent#113063)
#2 pmsrc/src/player/Player(749): pocketmine\event\Event->call()
#3 pmsrc/src/network/mcpe/NetworkSession(704): pocketmine\player\Player->doFirstSpawn()
#4 pmsrc/src/network/mcpe/NetworkSession(697): pocketmine\network\mcpe\NetworkSession->onClientSpawnResponse()
#5 pmsrc/src/network/mcpe/handler/SpawnResponsePacketHandler(44): pocketmine\network\mcpe\NetworkSession->pocketmine\network\mcpe\{closure}()
#6 pmsrc/vendor/pocketmine/bedrock-protocol/src/SetLocalPlayerAsInitializedPacket(45): pocketmine\network\mcpe\handler\SpawnResponsePacketHandler->handleSetLocalPlayerAsInitialized(object pocketmine\network\mcpe\protocol\SetLocalPlayerAsInitializedPacket#113153)
#7 pmsrc/src/network/mcpe/NetworkSession(388): pocketmine\network\mcpe\protocol\SetLocalPlayerAsInitializedPacket->handle(object pocketmine\network\mcpe\handler\SpawnResponsePacketHandler#93749)
#8 pmsrc/src/network/mcpe/NetworkSession(351): pocketmine\network\mcpe\NetworkSession->handleDataPacket(object pocketmine\network\mcpe\protocol\SetLocalPlayerAsInitializedPacket#113153, string[2] q.)
#9 pmsrc/src/network/mcpe/raklib/RakLibInterface(187): pocketmine\network\mcpe\NetworkSession->handleEncoded(string[5] c*d..)
#10 pmsrc/vendor/pocketmine/raklib-ipc/src/RakLibToUserThreadMessageReceiver(42): pocketmine\network\mcpe\raklib\RakLibInterface->onPacketReceive(integer 0, string[14] .C.\...(...!..)
#11 pmsrc/src/network/mcpe/raklib/RakLibInterface(121): raklib\server\ipc\RakLibToUserThreadMessageReceiver->handle(object pocketmine\network\mcpe\raklib\RakLibInterface#23320)
#12 pmsrc/vendor/pocketmine/snooze/src/SleeperHandler(123): pocketmine\network\mcpe\raklib\RakLibInterface->pocketmine\network\mcpe\raklib\{closure}()
#13 pmsrc/vendor/pocketmine/snooze/src/SleeperHandler(82): pocketmine\snooze\SleeperHandler->processNotifications()
#14 pmsrc/src/Server(1546): pocketmine\snooze\SleeperHandler->sleepUntil(double 1634457638.9542)
#15 pmsrc/src/Server(1107): pocketmine\Server->tickProcessor()
#16 pmsrc/src/PocketMine(293): pocketmine\Server->__construct(object BaseClassLoader#2, object pocketmine\utils\MainLogger#3, string[41] C:\Users\nhang\OneDrive\M..y t..nh\FLOTV\, string[49] C:\Users\nhang\OneDrive\M..y t..nh\FLOTV\plugins\)
#17 pmsrc/src/PocketMine(316): pocketmine\server()
#18 pmsrc(11): require(string[85] phar://C:/Users/nhang/OneDrive/M..y t..nh/FLOTV/PocketMine-MP.phar/src/PocketMin)

PocketMine-MP version: 4.0.0-BETA5 [Protocol 465]
Git commit: b65e89b605aeba5f7958d3cbb6db47e766cd6f9f
uname -a: Windows NT PC 10.0 build 22000 (Windows 10) AMD64
PHP Version: 8.0.10
Zend version: 4.0.10
OS : WINNT, win
Composer libraries: 
- adhocore/json-comment 1.1.2@fc2f76979f0a44a5f5bc2a2b600d0762fe0e78e7
- brick/math 0.9.3@ca57d18f028f84f777b2168cd1911b0dee2343ae
- daverandom/callback-validator unknown@unknown
- fgrosse/phpasn1 v2.3.0@20299033c35f4300eb656e7e8e88cf52d1d6694e
- netresearch/jsonmapper v4.0.0@8bbc021a8edb2e4a7ea2f8ad4fa9ec9dce2fcb8d
- pocketmine/bedrock-protocol 2.0.0+bedrock1.17.30@faff7da904e68f69b1a9128956dac3122e87308a
- pocketmine/binaryutils 0.2.1@8cd078e2426f8100331f2d73bef10f481dad6cde
- pocketmine/callback-validator 1.0.3@64787469766bcaa7e5885242e85c23c25e8c55a2
- pocketmine/classloader dev-master@80226e0917be79ac3230606113e25134a31e6a85
- pocketmine/color 0.2.0@09be6ea6d76f2e33d6813c39d29c22c46c17e1d2
- pocketmine/errorhandler 0.3.0@ec742b209e8056bbe855069c4eff94c9734ea19b
- pocketmine/log 0.3.0@03ab1316da0b1978a7a1c8dd73e1c2a973cb62ec
- pocketmine/log-pthreads 0.2.0@6be3445c48c62eba3922f987f000bb20c81d161f
- pocketmine/math 0.3.0@83ec067b12c066fc61d9fb129daf7e61ef3b1d63
- pocketmine/nbt 0.3.0@98c4a04b55a915e18f83d3b0c9beb24a71abcd31
- pocketmine/pocketmine-mp 4.0.0-BETA5@b65e89b605aeba5f7958d3cbb6db47e766cd6f9f
- pocketmine/raklib 0.14.2@e3a861187470e1facc6625040128f447ebbcbaec
- pocketmine/raklib-ipc 0.1.1@922a6444b0c6c7daaa5aa5a832107e1ec4738aed
- pocketmine/snooze 0.3.0@fe5b1dbf0d6267da882d1f67924772bd93db833d
- pocketmine/spl dev-master@b7a8904f912c1f6d38ad867ff1120614ccb80171
- ramsey/collection 1.2.2@cccc74ee5e328031b15640b51056ee8d3bb66c0a
- ramsey/uuid 4.2.3@fc9bb7fb5388691fd7373cd44dcb4d63bbcf24df
- respect/stringifier 0.2.0@e55af3c8aeaeaa2abb5fa47a58a8e9688cc23b59
- respect/validation 2.2.3@4c21a7ffc9a4915673cb2c2843963919e664e627
- rhumsaa/uuid unknown@unknown
- symfony/polyfill-ctype v1.23.0@46cd95797e9df938fdd2b03693b5fca5e64b01ce
- symfony/polyfill-mbstring v1.23.1@9174a3d80210dca8daa7f31fec659150bbeabfc6
- symfony/polyfill-php80 v1.23.1@1100343ed1a92e3a38f9ae122fc0eb21602547be
- symfony/polyfill-php81 v1.23.0@e66119f3de95efc359483f810c4c3e6436279436
- webmozart/assert 1.10.0@6964c76c7804814a842473e0c8fd15bab0f18e25
- webmozart/path-util 2.3.0@d939f7edc24c9a1bb9c0dee5cb05d8e859490725

Loaded plugins:
ChatManager 0.0.1 by  for API(s) 4.0.0-BETA5
CommandDisabler 1.0.0 by  for API(s) 4.0.0
DEVirion 1.2.5-ALPHA12 by poggit, SOFe for API(s) 4.0.0
DevTools 1.15.0+dev by PocketMine Team for API(s) 4.0.0
HideCommands 1.0.10 by Himbeer for API(s) 4.0.0
PureChat 1.4.11 by 64FF00 for API(s) 4.0.0
PurePerms 1.5.0-legacy by 64FF00 & ProjectInfinity for API(s) 4.0.0
SimpleNPC 3.0.0-snapshot by brokiem for API(s) 4.0.0
Sound 0.0.1 by  for API(s) 4.0.0-BETA5
TNTManagement 0.0.1 by  for API(s) 4.0.0-BETA5

----------------------REPORT THE DATA BELOW THIS LINE-----------------------

===BEGIN CRASH DUMP===
eNrtXItz20Z6/1e21E0jtwSFF/HgjTNWJLlxK1uqJZ/TCzOeBbAgEYMAg4ckOuP/vb9vd0EClKyz
c+6103EcS8Q+vv3eLyz9+ygtqxVv3t2Iqs7KYjRzx6MmW4nRzPIc1536nhNMQie0vWA8atdqyjYn
U8ubhpbp22ZgT+3xKOd1c1ZVZTWa/T5qNmusGqnn8Wgl6povaOSE5zlrStYWiUizQiRsJZplmbB1
Gb8XzQpD8/k65xtRzeeX8vdsVosiOeUNv+S05vAJIKZtnj/PcglyNp+/qYH9fF4sebGYzy8KcVpl
N4D0ct6aprA2rJEfkmI5nz8/v7j+Cx3SLrICm65KIDOf11WM9TwrJuvlmk5Q0PWyI7nqCIuOaA3m
c6A6mjmgvKl4jI8/jw5Mtl7REvorbkTRHL0Wi6xuRCWSc/pdiOrQnz6ZsVfA9Piv28MJpvF9Wfx7
mRWHZfSriJsBRySwfcbQ4jOaOLAsx/Qc4suBdQ8FueTQs3HqAyDvI2h8H0NIatffhYrdQ0UtP1Kr
D303fBgbCUMhIMV84PRgFKK5Lav3R6t4LY5eqYcraBa09tA33T2IQwSN75PyeVbVzdWa3xYKtvuZ
sL3Q34OtV8/ntHw+H64nOZ7kGQiRZ70W9bosaqHOnH7qTOhDkoNDgz1K4X9UU4eu+2VoPLL09zgv
67YSHxVWnsYK3E/K6mi38SgSSYUnY12VTRmXuUT8SjTnJWSkWHtcvyiyJuN59kEk2kTd6eOoamqh
/58k1/heLXrksIfUc++gDm+c9LeQJtW1pkp1/c9UDScIHif0C87vCP4Mqj6DfQehQ1ZGxASfS8zU
+jIFU2j0PPP/hDzGrG6qrFj8bP/CfptIgsJPEVTx93kWHb3m78+z6EUBt5bCNR9agf9HCDsr4jKB
lunzp7+w+F+SiULBMj9pMgoJI1srBBUy1yWFqOtlJXjyUkXD1yIWCFKwa/tx7BRAuOohWeRnFKc0
pMMMUwtRMXPLM8v9hU1OJvP5ZDI5xN9/6tC3vpSFNulGhwlIuSH1A40dWo8Q+AWK/QlSD2zHsU2F
uf1JxtdFWX4QykPlQqxF1XlOy3b+IIs/Y8+eL7WcP4BgsK8CaimsZLAO+MAbg7uvyiZLs5g3UNda
n9sPZ1dSQIfW1PU+E3BNz2+KJssPk7KNcsH66d8UOioPmT5wCJLAvUPUjPF9k8XvLxXGZaXR9HoQ
LuWel9hzaIfOJ4C8exeDyKZq462D+YHX4gQJZ31e8gS+zh6zB3SrBTG1yq3OywUM42DnTFzrF/Zo
4jiZIGmcTHoJ425v+MV7t8mm4oH/MA8c6560FIvVLu3HwXAyRfFbm1Wic04BvNN6yavZ0dHJ7Ehi
diQRO+rwOtqhdSSx6p1svLyc0O4hQk9Gv3wcj8Q/Lqf/zIwbSKk177LipsxvxAq5FjYm4EfcjLpZ
jEgQGCA/TiTYDgbnze8Ysl35cd78SWHGnrI/CZV9LkSj89Qnf6aV0+1KiStWFuKW0RIJv6NArvWG
a2FXtOQVXwlsm49OXCuYj+RKf3/lHaGw1tkq4VDWGdn34RP5+JM+Idjft3l833/pfeH+vg+P7/ur
2ueY+/vA8laSY8l5a39+nTXxcjttD9kMhgwFr7eps5R4PtJHEg/9JuZ/HH38VmV9q7K+VVnfqqxv
Vda3KutblfWtyvpWZX2rsv7fVFnj0YJSQp5TjVJwesEyGmwDYhGEsXtHM3In5sQ0fji7Pp7SZJvl
Cb2VsezxKKvfJeJmNEt5XgsUQzoWjGauN8VJGZVKkTcVQRh55pSLiE9TP5wGiRNHkZdEri98z4sT
Lw1TwG41Qm8zGNptzV5ds8sTZuF4Jo9ltm2aJjvs5i3zCTt+eeq5VIgt19gZAFfLxOMH2KrGXT5j
+l1ZE+wXr15dY0A+3MpiLy5X6xIMfgfrr3iViZqYw5MlaKnE0a81IgjW6NLPmlgT+1ka26mPPDJM
Te66IGsaxTa3QaaZmL5np8IUfiB84lgFozla8WaJ3eYknDjPYj71EytITTtIAzf1fT+yLS+IEyu0
rMhMhLAd1+ECuxMOScCmy9URJdER4oNxg6ia8IZqZfDsfVHeFs/0b6ptF1VZ1+IIJPO6oJrpxp44
E/OZbdphaDpO7ExT1zFNAdF4wheBCII4ndqJlXhe6NKp8IyVqAWv4qWkf8XX8C0ESmrDsyCKYtO2
eCCSyBYu9wW304AnbspDEYdJLOw0jgIqiB/JPQHPJnD/qifAWn/imM9SnqZ+wkPTFV6QemFk8dCy
g3DqJTx2LNsWge+YAd+DnhW82kgfIRltT6xnYKkJMdiu7aWBZYJ4K7UT34lEapmpG1gJT6B/Ygjp
QUZbwNR55rl+4LsQvOdFMQfd0yCYArwIprHtxDZ0PZ5Oub0HkFxbLl0bNQ/EjbHiVKM9C0zb9oQZ
Wn4k/BDE2Si2TA+JkrCnluNyxxIeD6Z74MpcokQ0ms/MMBKe4F7ie6ktHCfxAgsyDhM7jG07dr3Y
8oWV7KEkey067ZSgSENE7Lt2ZJuhCMypF0Wgamp6YeyKNA3dOPQdV3ArjIag8nKxhWA6PEKWB0GZ
kRX6Afe5FQcJWC4sGAggxJFni/geBGPdyFSj3tLlRYLiVewGMXZE3AltOw0DP4UPiIBkDOlZnpUO
QW3tjLAJHBGbnh9ZNn55aexZSZjiKUx46gvPEqkTQemdIYgiarYQwiB2uelGkGloTQVsNnASJzJj
MD2yofgWj+LEsYYQdh+N1XroQp99gT+8l4NKtCwX/kc4PICaQBd9U1hIbWLPs6emC7ccpC7gwEAj
vs/nXSarIMFCwFTuua4LkrwYRsf5lP4PHBtZgLBE7PpOwMWeJaukY8ulVEzBxyg1E8/2ACQI4ExS
zw9t1/ftKAmdJAqgmXtA1vnQGiKfBzD6FMYeY3uCg5PA89PUsmwYhRvDpZiWT8yu+KoWG7KEHFmC
ClTwy+BMjP98V4ipcOzAdKzImnquGU0taLQQYDU47cUm3wFp20zFCrhJOPYwivw0mqIS9EIrheZC
ZxPXTeLIhaqAr6ntJiQeeMg1Dj9SERvpm9gZpYDCpE4MzuEPt3kUTVPu+nwawGeGHhwu3EU0DXtg
tLNRtNgSGTeGjwX9cchdqJ9H1mPHduA6oeeEVig8Dy7SpihTLdtVzXlHzP2wUG9WaVlsoJv5Js3y
3Ih1l/UGfCMhwlEk4dQPfREmaegEaZLYkel4IfBMEbGEByWxYvEQrFWkmLAFB8WyfLivBB7OMpOY
B1AtP4X7FTFd5pjChAWPYJIPgUPoCsweLItct+uIBIEALo4DuZALBII0RhRD6DTtqQsX+ilYVo9M
8MyywtRJRDgVKWJh6AYOBYfYjR3Q6ICfIX4C1q2IVuUHXjVHcN+i0tGf4p8Xem7sw2ACE0HE5YEL
TXcEfFKaWNOIR2ZqIexMB0DWcE0GxScpX8IFhhHCESWxDefKrSgKYwr+0zgypwnCMnALTR9gPm4b
0TI3OVny5iUvUJJVvTyuPzoe7RI4k5IgjPC2WZYVAPyMNJCvM+pw9pM7jIqCo1KAAiE7R0KXoKIo
Er2jLtPmtD+w4rLz3XU+e8erHJ366Ih5lGFeXF2/vXh9fqr4UWcN4Uut1hPkVQhCp1lNBw+o2Zvp
U0Sx2HyMoj9KS90izYnKKNpQpgmahkh8Pl2nZ3/JKonslqDt0JASezI1js8vfzy27AFF8JQLyqDH
o6uL52L0lQhUQOfzG4nKfA7vqz/10NPUXV0fv75+c3mfNnFzXZZ53aetGxrSZk2R3FGFMCBsV2+w
a8FXX4u0DgeQssPmEVKWTbOuUV6BH8s2miDD7xVQR1sYIPjHLBFaE/pED4b31dMa6icWryIBNf5K
xGpw83kfic9Tz6XaOgENoO2yrQRZbr8e7IaGNLkTa+hFRp77/LlpfhFJEvilqFb16B51o+dchvL6
sipx0E9QzbKtL8+Mbny0o/+dOns+75Ddffqb9D8gd0JKvwvcgtHMUcgOuaPGhuyBqhu5WPB48xCT
2D8zUEUdjRdFmhVZs/lamjDghESs9/Er8ELBATOustU6F68uT3rM2I31meHIoFIXfF0vy2bIjqgq
32fiqxm9BkdtMGpd9vH5UsI1qKMdDCJavtbtEaxf8/7Do2vvveLnxJ/rV9cqFquuxRb/4fj/Ah0D
BD6XHsp+OLJ1gSphL4R0nS7pTmRzbbKuSkTxRvZxRgeX2yd2UsL2Foxe/s+reXFwxRt2ETfM8pjl
z0x3Zvrs7YsfmI2clRbkvFi0QPWpKBb0vCqb5Cnd7kUmO2/T1Pbkz1j+lCOOK396tFphY6zLqnlq
hZZj0+DtEjQZeVZjTILkd4Z6sVk/tUwaWYDMVZkINZ+WVSyM7ViZpjQKehPqTXXP65v1U8RwfEqy
NM3iNm82T+V5qtvXlJVRi6ZBhl4/lZSJG5EbpBNPVUNzO1YLkfSWUI3w9PTs+fGb82saVaI3fmtF
telOh8aURs1vhMbhJhO3RgISeRGLp4ruu6i8M0i19JpBJTjZrCgnPmCkDSyWUmorWQpJYTFwgQ1E
DuGx66WoBevIYrwSrFkKVhaQdAMHzmJeFGXDIsGyIs7bRCT4wO4pCcG6KlfYmRKAfZg1T8WYlZip
agLJokrw92xTtpWGxbKUQTpUANIJEAxdDsk3BPiVuN2CO0pEyiGamt2WxXcNo54arxixbwViqeu0
IQybZVYrum+XomDtelHxBAAm84K0SgGbzQvGDt4uBSFGV2LosgOj6zGqEgMPKl7UOW+AlJyWqOb0
hg6k4pNoJL8oA4wFU60gGlkRZKV3nQHMmOzw0kS9bJsEFaWhL+XM2Hy0vfoeL+etJYTPMGBZlhx2
eg+pA0MaScyP87y8ZWQIQJbp2obdZJz9J+kWrZFKZuipHgoHZ1IJ9SYGxBkZA4NIwTUCF22Y5jWt
1zq7ne6DeosSESoDxvMkYSjFlXyI7/Sug60Ep1dB5KwYpBIJwhrcE7+1XN5EWmQ3WIvavRXsUB8K
B/KEoKsThVEJcgIG5EIvLWaYlme/apGIVaR2x/WmiK95/Z7R+ygo2kQueFNDdqT7HaW0bFmVBdIi
1mB5PaYNecK0mcNgxoza2ZV68Sl5A0dKY6u20O+XFPArKX/QBDWsyrsMKijABpAkVbvYIke81Qi9
SEmZaQ0p7ZhlzXd0H6uS2xJ451jp1N5mdggaWhiWLdkiyTA0pTMJal+ZudSOqi0KEmdCrqhcSyHI
FwH1hCE/15/ZKlssYe0Vr5fjvnVqzSGOVFW7btSoYhgxZgXcNF1SuLBa2eVPlMXwmzJLgPbDGJCO
kM6VYDS0a9JTNOpoqUVbTYOjhwOvNspq/y0vI2gPhUqmxmEIq6wh418hhYw2DTjOrhSrTclcVYHK
7dcktdtMcl5qFKz61lCAOiWrJYVpBhThsuRlHAKTVkJ0Ryolh7RasmO2KCGoknwEaQUdtJBoGhK1
GTOJCpwufbTq1f6fp4Byj8fwpzj69+FfN+VaoqD96xYlDa5mcB9rah8lW4To1A4ry7RdjZh0Am+l
VWj86u++AobSLiRK5DFY3CI6FYhOTNyJuJXet1QoK4ukaLZdLe5i5AP1jiLluC6uz2bs+scXV+z8
xcsX1+z48vL8xdkVuzx7zZC//cfZ6zHDInZ9gVVn7O2PF+dn7PL1xcnZ1dVk3wUM+GFPPc0O1B1Z
KSM2OeKaCIyXQrpkyY2ts7XAe+QMifQtcokBVyiUm5WgkPeBTjhoaBPR+yllU0qGFI0iZEHL9GES
sgIC17tz5JT/6jMuKIZQIiA3TO6vJl3QiTPEthYx5QuKs4Sukqvau6UB6iXW9Y5Ux9S01k8eRklT
7mjKF7yKYBnGrk0uHdDD3JWmRujoXUzvgu9e8aKV2UkfE2RuLXTwybiLCftK2KmhCq9pCliK3tXO
BCfsQvl8pfBIL8o2T7a4ZAgitwXb4V8rwGuJPgj1qE1X6NOeS2dxL0hK1VEQtrSlVbnqgq3arVcY
fdXsS5io0ZK8pxvsAZUaaMdVl1GSyCqcRGqoFTlpV2uVfqkcj+kJgyY6eZ3SIr1B4i7R7CjAE8I8
jJ0/wGAEbQQ+nHADJavrVpBjaJaQ2qJLR8lp0Wk7rMadIFWOoLPOicKGln6ST1TRxMu2eF93uJ/w
NY1mq3aFGIvwWrGuOiBBMn0rWmKx4yvZi2altJj7OoZsfK0xkgcalCa3CLruVmKnpZra12nKjcjr
KfhqcWdCCpZe2KdMZg5GzGGfW9qoMyxzFaSPxD1gpxIMBUVf41Z7FIU76rBN81PR051Mi7tzFQNz
qhM03MdBPaaH80JfeJrpEIHUbFnmKsWMeBMvZSouUUbWBBXSQUb6NlUa6VkVWiKxTTZVeDvoS6mb
IrdabRoCPmaG1ROgFJ482Gg6ZHQIkF57l8fKYpRSyERRTsWOTPRpMwY1WhP2I3JBecOekjt2cvlm
jL3AIYJ93WYJ1F7mCsp7buEbEv6MeV3avcvIa8md3toJO07gqJY8T49Qa6oyIRHQYX0UDmXUzyAF
6xniLuz1gA2qmjvyapRi8nzCCIk3l8Vll2zvKkSqJQipW4RN2tiui7Whn/eqm5fa6ursg9jKk9Ly
Tow1BTydMiFtV+rRC61uaKtNTybsUu/JebWQG7guVbUuyBPTii+IBMgEbKvXucxYqP5cAXkydl6R
nNR9alVQ080nUTfs5fUbiWkNkojsqG0YFfBSlLvjVHEx6XzNqmkN2jWT2PbrQ1HE1WatbD1l1DlA
LoSEtSMTBTI1SyZMRqklpySAZSvwpiHZQRry++pwU2OJC4R2I5FeEifgdaUjRojm0p3XSqQqlcDa
RusoUSJUA0G7Ol1NnV7IJOn0xdXxD8iPZD7VFlKHyGHTd1wqcpOJShIyUkb9NZSkX2/s6NzZeiKi
djHrirbvmUXFmk5Zl3BXcp7pGr5WXQey5qIuVfDWFmERMIW1gnayLMtadia6Wk101bj04glvOKv5
TRctqC+kO1wGze0cGyEmG4gqadNNm1/LrFAdAcmp79hPUXlHll+xF6fs8Kc3L06fQO70vY9bWn8L
sZFg6FUBjINquCrR/FHpB6yh3MmugLX/9MN5B1/Xd72R7+Rh1BqTiYMUr05FJG1l10LSYbTX2UpT
eSzmsnRj3LVZshNI113rd2+uZftFmZr6pxEUD+RabVdtrdtAMZxIo9ys3mOoPTO1PonoGBVCtHvU
p1AM5MViW6MUtC3fD8XjbtWgffdgx0wx93hVtuQ9UhXrtDMByzrWUmwn7yhbIRA/fZbBGZtfy1Dd
2ywJL4QqvSOhgEUiJduv6VK8NKVlp2dStWh4GPQV+XTQlnz4QMb3UdW3bnGaQDx9CEvzYTR5RX14
xjt1B7LdZvq9xcbZ6/BEeRlL862zRMUMoodDplC4uo36XFhQEMUKkajQKR+2oU22mrRy8DgWuZCV
glJveWqevccRVCdLT5RzkL6oyttmqfwYjuBsqaD1nBysv25USJbIGsSNDjVjxxpF2ovTukcXuWmS
vILG1IXFLZm65dSlOXLPQEiAZzCbHQBNlMo7Qe7aWltZTu4LUzuvW57JahbBBKWe0qJ1uW7zzmz0
A8V7uUaHDcemA2UZRFTKkyjikudCSqALDNnkVo28mU51qO8oi2s1rDIFrVlAZOehk53TI8s06FsI
e0NbxzAcXi+Rk6dlL6bDHxjq5dV25RJymylUJuvVaj3JSokxXN1mRcUhTLmhRmtc71CnMKXn2W5e
kiDdHF8sKrHQLUXdf1RtFvp23Pt9+iR+8DUXpxd0ldnQQUHlB+S+boWqQLj8RiOdWEvEdwTIsUnv
rQDi9Jbz7RpYaeHcYyoEqua1MiETohu7Mpb14s0JNe9Fv5c3RnBYLznMQpBnrwiHLi9FxEhFhdrD
IL9YUDBUs13sUpGDD3qD+nVaL9i2yMGR20jf2rkwDVBKWc13Z9yTqqKrL9YmW+0iiI7GBJTWy6/G
1up9CblxOlA2PfWmrsE92R2gZ/ondJx7PN7rYKIkqSyg10vSMAC+0fzsukZLPahcXLWtJLR3oCY8
irVEpkFZugVEd17bSr2SIW/TtVKU5wU87Z26eIucjNe6TkNqzemdrn6iBAg4alnNOqGpOego9fRm
7GeZuSBpHcsm3y8EVJZgu+Ddf1UkyaBMupIOntoo3as32R95KI5K/yzLx1pWDLL8hnwy4KqTgD76
6lyJg/rI6GUdxSoVU3cnztjz8+NrNUilhqDO2p/1LevxNLwDRYUYO3dJVjVj6XT/rDM99bKl37RQ
RkyBDqzVPUXeaq1TNx6Y+jZHW3V+t6vUqu1bGulUAAfhKJavyeqOT0b3igcqoNL6g+fSm8ij5PoB
EJkX65F3vRFD5pe9xK9Uub+4g2+rdZEbv6cyqZYFHZxblKFA2ahETq4jeoEKSjAVKZSpKColfGRG
25J6NB6JO6T5Mu2X9/KQrfS/hRDF+jrydoTevhUJrwZj5epdUjZwd4NRfT1zN9BWef+ZHEP/Oc3y
RgwAL1aD70SgwhngksG2bvoDdNO//9y71bkbg53r+wLWhG6syQoFPO0vWsdDPrwW6e6a7na0lq6+
Hg4hfVr1R64uzwfHb+rfcvnVDv2Jbaea8r0oENEHLNjwVa6v09Llhg/ZWl1MCyd06fuDulO9XY3H
u9WQySVhY5umY1k23da9PL0YUJqU7yQm+4MYyobygdUXdT1YqK6a/PRyQOIeBnik9sGQLAzeVtme
uHs36B2iV128u1zuaRslTfJbEra+v02MyRbq6xN6L32jRlcV3SVv2kplZqkHbMUv1CK5UkRSCK2H
gpKWgSYm94SYDeQuueX0h1DJtdIvL1qlXR38v1LidXEpG2G7DR8//jeL4rND
===END CRASH DUMP===
