PocketMine-MP Crash Dump Sun Oct 17 12:49:30 WIB 2021

Error: pocketmine\command\SimpleCommandMap::getCommand(): Argument #1 ($name) must be of type string, array given, called in C:\Users\nhang\OneDrive\Máy tính\FLOTV\plugins\CommandDisabler\src\superbobby2000\CommandDisabler\Main.php on line 16
File: pmsrc/src/command/SimpleCommandMap
Line: 241
Type: TypeError

A PLUGIN WAS INVOLVED IN THIS CRASH
BAD PLUGIN: CommandDisabler v1.0.0

Code:
[232] 
[233] 	public function clearCommands() : void{
[234] 		foreach($this->knownCommands as $command){
[235] 			$command->unregister($this);
[236] 		}
[237] 		$this->knownCommands = [];
[238] 		$this->setDefaultCommands();
[239] 	}
[240] 
[241] 	public function getCommand(string $name) : ?Command{
[242] 		return $this->knownCommands[$name] ?? null;
[243] 	}
[244] 
[245] 	/**
[246] 	 * @return Command[]
[247] 	 */
[248] 	public function getCommands() : array{
[249] 		return $this->knownCommands;
[250] 	}
[251] 

Backtrace:
#0 plugins/CommandDisabler/src/superbobby2000/CommandDisabler/Main(16): pocketmine\command\SimpleCommandMap->getCommand(array[1])
#1 pmsrc/src/plugin/PluginBase(136): superbobby2000\CommandDisabler\Main->onEnable()
#2 pmsrc/src/plugin/PluginManager(425): pocketmine\plugin\PluginBase->onEnableStateChange(true)
#3 pmsrc/src/Server(1299): pocketmine\plugin\PluginManager->enablePlugin(object superbobby2000\CommandDisabler\Main#22983)
#4 pmsrc/src/Server(1057): pocketmine\Server->enablePlugins(object pocketmine\plugin\PluginEnableOrder#22895)
#5 pmsrc/src/PocketMine(293): pocketmine\Server->__construct(object BaseClassLoader#2, object pocketmine\utils\MainLogger#3, string[41] C:\Users\nhang\OneDrive\M..y t..nh\FLOTV\, string[49] C:\Users\nhang\OneDrive\M..y t..nh\FLOTV\plugins\)
#6 pmsrc/src/PocketMine(316): pocketmine\server()
#7 pmsrc(11): require(string[85] phar://C:/Users/nhang/OneDrive/M..y t..nh/FLOTV/PocketMine-MP.phar/src/PocketMin)

PocketMine-MP version: 4.0.0-BETA5 [Protocol 465]
Git commit: b65e89b605aeba5f7958d3cbb6db47e766cd6f9f
uname -a: Windows NT PC 10.0 build 22000 (Windows 10) AMD64
PHP Version: 8.0.10
Zend version: 4.0.10
OS : WINNT, win
Composer libraries: 
- adhocore/json-comment 1.1.2@fc2f76979f0a44a5f5bc2a2b600d0762fe0e78e7
- brick/math 0.9.3@ca57d18f028f84f777b2168cd1911b0dee2343ae
- daverandom/callback-validator unknown@unknown
- fgrosse/phpasn1 v2.3.0@20299033c35f4300eb656e7e8e88cf52d1d6694e
- netresearch/jsonmapper v4.0.0@8bbc021a8edb2e4a7ea2f8ad4fa9ec9dce2fcb8d
- pocketmine/bedrock-protocol 2.0.0+bedrock1.17.30@faff7da904e68f69b1a9128956dac3122e87308a
- pocketmine/binaryutils 0.2.1@8cd078e2426f8100331f2d73bef10f481dad6cde
- pocketmine/callback-validator 1.0.3@64787469766bcaa7e5885242e85c23c25e8c55a2
- pocketmine/classloader dev-master@80226e0917be79ac3230606113e25134a31e6a85
- pocketmine/color 0.2.0@09be6ea6d76f2e33d6813c39d29c22c46c17e1d2
- pocketmine/errorhandler 0.3.0@ec742b209e8056bbe855069c4eff94c9734ea19b
- pocketmine/log 0.3.0@03ab1316da0b1978a7a1c8dd73e1c2a973cb62ec
- pocketmine/log-pthreads 0.2.0@6be3445c48c62eba3922f987f000bb20c81d161f
- pocketmine/math 0.3.0@83ec067b12c066fc61d9fb129daf7e61ef3b1d63
- pocketmine/nbt 0.3.0@98c4a04b55a915e18f83d3b0c9beb24a71abcd31
- pocketmine/pocketmine-mp 4.0.0-BETA5@b65e89b605aeba5f7958d3cbb6db47e766cd6f9f
- pocketmine/raklib 0.14.2@e3a861187470e1facc6625040128f447ebbcbaec
- pocketmine/raklib-ipc 0.1.1@922a6444b0c6c7daaa5aa5a832107e1ec4738aed
- pocketmine/snooze 0.3.0@fe5b1dbf0d6267da882d1f67924772bd93db833d
- pocketmine/spl dev-master@b7a8904f912c1f6d38ad867ff1120614ccb80171
- ramsey/collection 1.2.2@cccc74ee5e328031b15640b51056ee8d3bb66c0a
- ramsey/uuid 4.2.3@fc9bb7fb5388691fd7373cd44dcb4d63bbcf24df
- respect/stringifier 0.2.0@e55af3c8aeaeaa2abb5fa47a58a8e9688cc23b59
- respect/validation 2.2.3@4c21a7ffc9a4915673cb2c2843963919e664e627
- rhumsaa/uuid unknown@unknown
- symfony/polyfill-ctype v1.23.0@46cd95797e9df938fdd2b03693b5fca5e64b01ce
- symfony/polyfill-mbstring v1.23.1@9174a3d80210dca8daa7f31fec659150bbeabfc6
- symfony/polyfill-php80 v1.23.1@1100343ed1a92e3a38f9ae122fc0eb21602547be
- symfony/polyfill-php81 v1.23.0@e66119f3de95efc359483f810c4c3e6436279436
- webmozart/assert 1.10.0@6964c76c7804814a842473e0c8fd15bab0f18e25
- webmozart/path-util 2.3.0@d939f7edc24c9a1bb9c0dee5cb05d8e859490725

Loaded plugins:
CommandDisabler 1.0.0 by  for API(s) 4.0.0
DEVirion 1.2.5-ALPHA12 by poggit, SOFe for API(s) 4.0.0
DevTools 1.15.0+dev by PocketMine Team for API(s) 4.0.0
FLOTVCore 0.0.1 by  for API(s) 4.0.0-BETA5
PureChat 1.4.11 by 64FF00 for API(s) 4.0.0
PurePerms 1.5.0-legacy by 64FF00 & ProjectInfinity for API(s) 4.0.0
SimpleNPC 3.0.0-snapshot by brokiem for API(s) 4.0.0
Sound 0.0.1 by  for API(s) 4.0.0-BETA5

----------------------REPORT THE DATA BELOW THIS LINE-----------------------

===BEGIN CRASH DUMP===
eNrtW31z28aZ/yo7dOci9wQKbwQBdpxakeyL5+xIZ8l1pqbHswAWJCoQYPAimenku9/veXZBgJLi
JG3+uJlL07GJxe7z/o71PydZVW9k++lW1U1elZOFfzxp842aLJzA830/ms/t6cyxZ0F4POm2+pU9
jWaBE83pZRDYOFLIpn1R11U9Wfxz0u622DS5xl967XiyUU0jV7S6rZIb1W7yUi2XSbXZyDJdLq/y
zbZQZ/rxjdwuFivVmsejpwtxWq+6jSpb8cQRR38q5UY9FZuuaUWsRJUJQiiats7L1bGQdS13YpXf
qvJYJLIoVCryUpwtlst3DbhcLsu1LFfL5UWpzmtsWy7fLDvbVs5OtPwjLdfL5cvXF9d/Wy63RbfK
Sxwy1JznjYwLVS+XTZ3gj26r6riK451r2/Yju97IvJxu11tRlaIA08IJII6sK4qXecHyWMt6cXJy
tjhh6k6YuJOetpOHpJ0wZSeXLMc3AGm9uZwSlBNQdGJEenJfokQDITZIN7T3S/uxl8idLFzfgUXU
MsHvD5MntjASObnHKkM7FMeDLSSMIyeAQn+VFVhfj6yA1frB+fgUlMEKBg40PSeX/Nc3slFHjkco
fpVqrK+r8kVJC0cM2P05wG9kCfutj3x3do98vW25HAgYgF61slVnpFF11NadYhzeCMeVquF5R44b
RV8Ea9BbXyuGqxePqvgfKml/HadPXDcKPSbAf4QAeza/R4B+c4ix6VH+PKWa8Ys6VTVQhtGMUc5G
KAfLPXIj72ewfvqUVCVcukvaHieJ9gyBpnldSYZ+LB6hpmvzotEsv65WkNkT79jEhg++8/HLcWA6
haNNpyP/H85Gv/nsPnawCILHReA98IdGq4QPzfWhI8fBplr90OW1OjIUhbOP4peix56oL0eN/fLT
ycefjifqj0j+qyP5vxJQIWJNzae8vK2KW0USAZS8TKHfpJ3077F2jw68SqpUkXJcz8V7LLiehx/L
dtvFRZ6IrCuTFrlcJIWStTnfHD0VC3Fb5ek/+YTPJ5Yt0r+SyfroT+06b6yvb8rqruyPCNmIPxl+
nupjM3Ns2fYvrK+7slarvGlhswzl6V94a2C2/sRPc/P0KJ5n4sNHfSg83Nao9lxlsivagQ29MeKN
DNu3jRh851ExjAxQW5YwdrcQfzUvmDnfNchr1XZ1KR4j9QMf/Sj++ldRIoczLb43osXvadGSOvnz
n/lJC0P8WTw3wA3ADx/59dy8PuGn8BfY0Lpk79CER79MOFM6swdKZySsyU9/5PY/cvsfuf3/S24/
nqxUqWpZUP6gSIYYcHAMdMVQxdAOTvypPbWtb15cn87oZZcXKXKY7bjHk7z5lKrbySKTRaOQsuqq
rZIKsP1gBkw5pbQ4mKkwigN7JlUsZ9k8moWpl8RxkMb+XM2DIEmDLMoAuzMEvUcarO4a8d21uDwT
DtALRitccgFx1L937Kfi9M154FO6RHezmISg1bHx+KMqU0M7P+P1p6oh2K++++4aC/xwhwRL6XSz
rSDgT0Ue17LOVUPCkekavNTq5B9NVVoUxnSKdqbO1H2eJW42D9AAZ7b0fbA1ixNXumDTTu154GbK
VvNQzUlidZ7cnKDFXuM0Guep9zyRs3nqhJnthlnoZ/P5PHadIExSJ3Kc2E6VQn72pMLpVEIT8Pdq
c0IFUCyTG+tWFnkqW6rQIDOO8s/N31SQrOqqadQJWJZNSUH+1p16U/u5ayMQ2Z6XeLPM91AcQTWB
mqtQhWGSzdzUSYMg8glrqZBKGhQPyZr538gtohCBYmt4HsZxYruODFUau8qXcyXdLJSpn8lIJVGa
KDdL4jAlye+N/yRWaY0na7CTiUvg/tO8gGjnU89+nsksm6cysn0VhFkQxY6MHIo2QSoTz3FdFc49
O5T3oOelrHccIVjQ7tR5DpHaUAMye5CFjg3mncxN516sMsfO/NBJZQr7U4eQHhW0A0q954E/D+c+
FB8EcSLB9ywMZwCvwlnieokLW09mM+neA0iBreDABkhwGWsjqVx6HtquGyg7cuaxmkdgzvXswA4c
x1PIz54vPUcFMpzdA1cVTBLxaD+3o1gFSgbpPMhc5XlpEDrQcZS6UeK6iR8kzlw56T2SuMJHPEkL
pUGRhahk7ruxa0cqtGdBHIOrmR1Eia+yLPKTaO75SjpRfAiqqFZ7CLYnYwdRL5V27ETzUM6lk4Qp
RK4cOAggJHHgquQBBGvbrlGIps2eryBWnu/PEj9McCKWXuS6WRTOM8SAGEQm0J4TONkhqL2fETWh
pxI7mMeOi7+CLAmcNMrwFKUym6vAUZkXw+i9QxBl3O4hRGHiS9uPodPImSn4bOilXmwnEHrswvAd
GSep5xxCGH5am+1hCH3+G+LhCGItbxCdmCzHR/xRngxhJrDFObqdTCZJEKC68xGWw8wHHDhoLO/L
WUOx8m2iIcFDIFQZ+L4PloIETifljP4feq5jw2xU4s+9UKp7ntyUVfWj2kspUzPIMc7sNHADAAlD
BJMsmEcobOdunEZeGoewzHtAtsWhN8RzGcLpMzh7guMpEKdhMM8yx3HhFH6CkGI7cxJ2LTeN2pEn
FIqrY/ZQF5JJ8L+5r9RMeW5oe07szALfjnmCqRREDUkHiS0HIF2X61yBMInAHsXxPItnXhgGkZPB
cmGzqe+nSezDVCDXzPVTUg8i5BbIT3TGzrNcDU6pYDCZl0By+E+6Mo5nmfTnchYiZkYBAi7CRTyL
RmBMsNG8uEyMnyDGgv8kkj7MLyDvcRM39L0o8CInUkGAEOlSlqnX3aaRsmfmYVpodpusKnewzWKH
nrWwEtPb30JupEQEijSazaO5itIs8sIsTd3Y9oIIdGbIWCqAkTiJegzWJtZC2IODYTlzhK8UEc6x
00SGMK15hvCrkmAGXuDCSsZwycfAIXWF9giWQ6Hb91SKRIAQJ0FcJBUSQZYgiyF12u7MRwj9OVjO
iE3IzHGizEtVNFMZcmHkhx4lh8RPPPDoQZ4R/gSsOxVvqh9l3Z4gfKvaZH/Kf0EU+MkcDhPaSCK+
DH1YuqcQk7LUmcUytjMHaWd2AGSL0GRRfmL9Ei1wjAiBKE1cBFfpxHGUUPKfJbE9S5GWQVtkzwHm
p/3AgGuT+yOBoZZ7OCwYCjnKYFQLya5dVzUAfUA5KLc5tX4coag81A0BTIg6GpQfaotKyuxtqgzd
+GhhI3lC8ataFBp/IANSvXlxdf3+4u3rcy2dJm+V6UTPX/wtr5nYPUP7pUNO3OnMOn19+e2p4x5w
hPiyorrzeHJ18VJNficGNdDl8pZJWS4Rs8yvEXmGu6vr07fX7y4f8qZur6uqaMa89UuHvDkzlERU
Vx8wNlTp4lrJze/FWk8DWBmo+QIr67bdNmhKII91F09RF4/ajpM9DDDMPckZKugRx8PamGWbqvQv
GabpPv5FFr9DmXP6d9O4EfJfb5CXXU0dfjvulvqlQ6X5U+eQhUngv3xp21/Uk+mbBi4Y+qWqN83k
AUOTl5IzXXNZV8D0PWyw6prLF1a/PhlY/qSRo2031A6/fontxxRMRJnB0B6MkY4m9lA8eu1QPrBp
q1Armewek5L4DwGuqN1/VWZ5mbe73ya3L2j/QBRM2ejn7yAMDQfS0AOu7y7PRtIY1sbS8Nimm1Ju
m3XVHsojrqubXG1+N/YNvOWyKbdJP4XTBP1Wzg2okwEGcV111GkPHPPzv+vdv4XD3r0Z8691bcqn
EvWfQt15L7z2sxP2QJ7WTNGwIsO1PBmYPLncP4mzCua6EvQNYFkvyydXshUXSSucQDjzhe0v7Ll4
/+obgdbboQ2FLFedXKlnqlzR86Zq02f0oQK10bLLMjfgPxP+k1c8n/8MaLemxtpWdfvMiRzPpcW7
NXiyirzBGoOUn61tIXfg65lj08oKbG6qVOn3WVUnytqvVVlGq+A3pWlH/7y93T5DfsOvNM+yPOmK
dveM8en5EXpiq1Fti5qvecacqVtVWGQEz/SAbL/WKJWOtlDV+ez8xcvTd6+vaVXr3PqhU/Wuxw5T
qaxG3ipDw22u7qwULMoyUc8035/j6rNFNmX2HPQW092GqqwngqxBJKylrubimpUlIAVxoHIoT1yv
VaNEz5aQtRLtWomqhKZbxDyRyLKs+EtVXiZFl+rPUQ+MhGBdVRv9PeshzEZm6lhUeFM3BFLEaHxv
xK7qagNL5JmAdqilIAxQDH0UKnYE+Dt1twd3kupvI424q8qvWkFTGlkLEh/64JzmGDuikD4HaL7v
1qoU3XZVyxQApsuSrEoDWyxLIZ68XysiTLQVsJSpAAgzJIUMalk2hWxBFL9mUosKaMAqfqmW5UXV
UaKEHi7QyoYga7vrHWAh2MXpRbPu2hQ9imU+LC7EcrL/ipesl52j1FxgwXEcXvZGD5kHR5ow5adF
Ud0JcgT6wmOqZXGbS/E/ZFu0h43MMq9GJDzRc21zSIBwQc4goFJIjcDFO2FkTfuNze5fj0G9R9MB
k4HgZZoKNHdaPyR3aORGbJRskDb4Eyi0EiuiGtJTP3SyILny506BbrBT4sggRQB5StA1RmXVioKA
Bb3QEHyB14z7u24TQyUwu9NmVybXsrmBZdQ3MLQpb3jXQHdk+z2ntG1dVyUqCdFie3NMB4pUGDeH
wxwLGpCCEYrnLBsEUlrbdCVMjLZo4Fesf/AEM6yrzzlMUEEMYIlNu9wTR7I1BL3KyJhpDxntscjb
ryC+tuZjKaJzom3q3mFxBB46OJbLYmE2LMPpgkHdN2bJ1lF3ZUnqTCkUVVtWAo+Wm6lA7Wp+i02+
WsPba9msj8feaSyHJFLX3bbVq1pgJJgNaDN8sXLhtTw3TrXHSPr6CrIfp4BshGyugqBhXdORodGM
RG/aWxoCPQJ4vdNe+19FFcN6KEUKvQ5H2OQtOf8GVVe8ayFxcaVFbbNwdXfGx69Ja3c5S54tCl59
Z2lAvZE1zGGWg0SELFBfMqysVqpHqY0c2urIj8WqgqIqihFkFYRoxWRaTNpC2MQFsHOM1tO///Mc
UM3xJfopj/579DdttWUSTHzdk2TANQLhY0sDiXRPEGHtqXJs1zeEcRB4z15h6Gu++h0oZL9gkihi
iKRDdiqRnYT6rJKOo2+lSdYeSdlsv1t9TlAPNANHOnBdXL9YiOtvX12J16/evLoWp5eXr1+9uBKX
L94K1G///eLtscAmcX2BXS/E+28vXr8Ql28vzl5cXU3vh4ADebizwIgDlXpeccamQNwQg8lacUhm
aeyDrQPZo2ZIObbwFguhUOkwy6BQ94FPBGhYE/H7c8amjQwlGmXIkrYZZAxZA0HoHQI5tbUGxwXl
ECoE+MD04W6yBVMxQ21blVC9oCVL5Gq96rN7HmBeatsMrHq24bV5+jhJhnPPcL6SdQzPsIbBKweg
x6XLrkbkmFPCnELs3siy4+pkTAkqtw42+PS4zwn3jbA3Q51eswywNL+bwQWn4kLHfG3wKC+qrkj3
tORIInelGOhvNOAtkw9GAxphlQbbSw4WD5Ikm46GsOctq6tNn2z1abPDGpvmWMPEjdHkA9sQj5jU
gXVc9RUlqawGJjJDY8hpt9nq8kvXeMK8sOhFr69z2mQOMO1MZs8B3fy5U3B2+YiAkbSR+IDhFkbW
NJ2iwNCuobVVX45S0CJsA1XHvSJ1jWCqzqmmhrb+rJyoo0nWXXnT9LSfyS2t5ptugxyL9FqLvjsg
RQrd/2gqBrmSvxhRssc8tDFU41tDESO0qEzukHT9vcbOK/3qvk1TbURRT8PXm3sX0rDMxjFnXDlY
iYR/7nmjqSnXKigfSXqgThcYGspWUtMi9BnN4cAdjhl5an56zLS5x6sFSBfDerhfBvUlO1yWpWpJ
YQuTIlCaratCl5ixbJM1l+JMMqommJBJMhzbdGtk3urUEqt9sanT25OxlvpXFFbrXbvmO4KWM1Ig
K48RW21PjEkBHLWHOpabUSohU805NTtc6NNhLBqypuJb1IKwpWdc3Imzy3fHOAsaYvjXXZ7C7LlW
0NFzD99i+AsR9GX3UJE3LJ3R3qk4TRGo1rLITtBr6jYhVbBhgwpIBc0zyMBGjjikvRGwg67mM0U1
KjFlMRVExLvL8rIvtocOkXoJIuoOaZMOdttya5nne93NG+N1Tf6j2uuTyvJejQ0lPFMyoWzX5jFK
rX7k6kNPp+LSnClkveID0rSqxhYYY1bLFbEAnUBszbbgioX6zw1dCIWzy5r0dFbk2KUbarpLo5pW
vLl+x5Q2YInYjrtWUAPPqhzQ6eZi2seaTdtZdGrB1I77Q1Um9W6rfT0TNDlALYSCtWcTDTINS6aC
s9RaUhEg8g1k05LuoA3+xxYIU8dMC5R2y0SvSRKIuhyIkaIlh/NGq1SXEtjbGhslTpQeIJhQZ7qp
8wsuks5fXZ1+g/qI66muZBuigN1RpKQwmeoiISdjNBdQ03G/MfA5+Hqq4m616Ju2r4VDzZopWdcI
V/xemB6+0VMH8uayqXTyNh7hEDBNtYZ2tq6qhicTfa+m+m6co3gqWykaedtnC5oLmQmXRe+GwEaE
8XcBXbSZoc0/qrzUEwGW1Ffi+7j6TJ5fi1fn4uj7d6/On0LvcHvQgP13UBsphqbrcA7q4erUyEeX
H/CGatBdCW///pvXPXzT341WvmJkNBrjwoHVa0oR5q3qR0gmjY4mW1nGaPEuz3bW5y5PB4X007Xx
9Oaaxy/a1fS/69Ey4L3Gr7rGjIESBJFWh1lzxtJnFnp/GhManUJMeDRYKAfStce+RynpWHE/FR/3
uw7Gd49OzLRwTzdVR9Ej07nOBBOIrBct5XaKjjwKgfrpNydnHH7LqXp0mBkvlW69Y6WBxYruOyOM
yDs2CrJRDZ1Ni5YPk75mnxDt2UcMFPI+qeAl4awl6Db1Y1Taj5Mpa5pbC9mbO4jtD9Pfe2q8exOe
uKgSdt8mT3XOIH4kdAqDa7p4LIUVJVHsUKlOnfywT208ajLGIZNEFYo7BW3ejLXIb4CC+mSORIUE
66u6umvXOo4BhRRrDW0U5OD9TatTMhNrkTR60qxBNJq1V+fNiC8K06R5DU3oK3B7Ns3IqS9z+MyB
kgDPEq54AjLRKg+KHMZae11OHyrTBK87mXM3i2SCVk9b0bbadkXvNuaB8j3vMWnDcwkht0HEJWOi
jEuRCyWBaTB4yK0HeQtT6tDckZtrvawrBWNZIGSI0OkQ9MgzLfoXAfeW9oHhcHm7Rk2eVaOcjnhg
6a89+51r6G2hSZluN5vtNK+YYoS63YaaQ7hyS4PWpBlIpzRl3ovhPbPAYU6uVrVamZGimT/qMQtd
QL+5zx/Th1hzcX5Bl2MtkxR0fUDh607pDkTCye8YY8OEDwzw2nT0VQB5ei/5bguqjHIeCBUK1e+N
MaESojugnMtG+eaMhvdqPMs7RnLYriXcQlFkr4mGvi5FxshUjd7DorhYUjLUb/vcpTOHPJgNmu9o
o2TboQZHbcOxtQ9hBiBrWb/vcTzQquZrrNY23wwZxGRjAkr7yeopYZAWKYwTQh56mkP9gHs6IDBv
xhh6yX0535tkojWpPWA0SzIwAL418uynRmuzqENcve8kTHSgITyatZTLoDzbA6JblF2tP8lQtOlH
KTryAp6JTn2+RU0mG9OnobSW9BHUPFEBBBqNrha90vQ72CjN9BbiA1cuKFqPecj3kYByCzYk7/Gn
ImaDKumaAzyNUfpPbzwfeSyPcnzm9rHhjoHbb+gnB62mCBiTr/EyDfqnoI91lKt0Th0wLsTL16fX
epFaDUWTtb+Ye7vHs+gzOCrVsfc5zev2mIPuX0ylpz+2jIcW2okp0UG0ZqYoO2N1+pKA0P86oKv7
uNt3avX+Kw0HFcBBOkr4M1nTy8nqP/HABHRZ/+QlRxNGxfsPgHBdbFY+jVYsri9HhV+la3/1GbGt
MU1uckNtUsMNHYJbnKNB2elCjvcRvyAFLZjOFNpVNJcMH5XRvqWeHE/UZ5T5XPbrm150f2a41x4n
5oLrfoW+vpWprA/Wqs2ntGoR7g5WzYW/YaGri/EzBYbxc5YXrToAvNoc3LJHh3NASw7fuh0v0N3x
8fPonuCwBj83FwWcKd3m4g4FMh1v2iaHcnirsuHi53614VDfHC6hfNqMV64uXx+g3zU/FPyPBcwv
sX/VVjeqREY/EMFObgpzQZNuNfyYb/WlrWhK14h/1Ld097vx+HlzKOSKqHFt23Mcl+5/Xp5fHHCa
Vp+YkvuLWMoP9QOvL5vmYKO+m/H9mwMW71GARxofHLKFxbs6v6fu0Z1sj/jVl9Iu1/esjYomvnfv
mhvBJJh8pS/km7P0bzRMV9FfG6aj1GZWZsHV8kIvUmhDJIMwdqioaDmwxPSBEvMDvbO0vPESOrmO
4/Kq09bVw/87FV4XlzwIGw789NP/AhWI10U=
===END CRASH DUMP===
