PocketMine-MP Crash Dump Sun Oct 17 16:07:38 WIB 2021

Error: Undefined variable $player
File: plugins/Sound/src/Main
Line: 34
Type: ErrorException

THIS CRASH WAS CAUSED BY A PLUGIN
BAD PLUGIN: Sound v0.0.1

Code:
[25] 		$player = $event->getPlayer();
[26] 		$packet = new PlaySoundPacket();
[27] 		$packet->soundName = "C418";
[28] 		$packet->x = $player->getPosition()->getX();
[29] 		$packet->y = $player->getPosition()->getY();
[30] 		$packet->z = $player->getPosition()->getZ();
[31] 		$packet->volume = 1;
[32] 		$packet->pitch = 1;
[33] 		$this->getScheduler()->scheduleDelayedTask(new ClosureTask(function ()  {
[34] 				$player->getNetworkSession()->sendDataPacket($packet);
[35] 		}), 0);
[36] 	}
[37] 
[38] }

Backtrace:
#0 plugins/Sound/src/Main(34): pocketmine\errorhandler\ErrorToExceptionHandler::handle(integer 2, string[26] Undefined variable $player, string[67] C:\Users\nhang\OneDrive\M..y t..nh\FLOTV\plugins\Sound\src\Main.php, integer 34)
#1 pmsrc/src/scheduler/ClosureTask(63): NhanAZ\Sound\Main->NhanAZ\Sound\{closure}()
#2 pmsrc/src/scheduler/TaskHandler(117): pocketmine\scheduler\ClosureTask->onRun()
#3 pmsrc/src/scheduler/TaskScheduler(144): pocketmine\scheduler\TaskHandler->run()
#4 pmsrc/src/plugin/PluginManager(454): pocketmine\scheduler\TaskScheduler->mainThreadHeartbeat(integer 277)
#5 pmsrc/src/Server(1654): pocketmine\plugin\PluginManager->tickSchedulers(integer 277)
#6 pmsrc/src/Server(1543): pocketmine\Server->tick()
#7 pmsrc/src/Server(1107): pocketmine\Server->tickProcessor()
#8 pmsrc/src/PocketMine(293): pocketmine\Server->__construct(object BaseClassLoader#2, object pocketmine\utils\MainLogger#3, string[41] C:\Users\nhang\OneDrive\M..y t..nh\FLOTV\, string[49] C:\Users\nhang\OneDrive\M..y t..nh\FLOTV\plugins\)
#9 pmsrc/src/PocketMine(316): pocketmine\server()
#10 pmsrc(11): require(string[85] phar://C:/Users/nhang/OneDrive/M..y t..nh/FLOTV/PocketMine-MP.phar/src/PocketMin)

PocketMine-MP version: 4.0.0-BETA5 [Protocol 465]
Git commit: b65e89b605aeba5f7958d3cbb6db47e766cd6f9f
uname -a: Windows NT PC 10.0 build 22000 (Windows 10) AMD64
PHP Version: 8.0.10
Zend version: 4.0.10
OS : WINNT, win
Composer libraries: 
- adhocore/json-comment 1.1.2@fc2f76979f0a44a5f5bc2a2b600d0762fe0e78e7
- brick/math 0.9.3@ca57d18f028f84f777b2168cd1911b0dee2343ae
- daverandom/callback-validator unknown@unknown
- fgrosse/phpasn1 v2.3.0@20299033c35f4300eb656e7e8e88cf52d1d6694e
- netresearch/jsonmapper v4.0.0@8bbc021a8edb2e4a7ea2f8ad4fa9ec9dce2fcb8d
- pocketmine/bedrock-protocol 2.0.0+bedrock1.17.30@faff7da904e68f69b1a9128956dac3122e87308a
- pocketmine/binaryutils 0.2.1@8cd078e2426f8100331f2d73bef10f481dad6cde
- pocketmine/callback-validator 1.0.3@64787469766bcaa7e5885242e85c23c25e8c55a2
- pocketmine/classloader dev-master@80226e0917be79ac3230606113e25134a31e6a85
- pocketmine/color 0.2.0@09be6ea6d76f2e33d6813c39d29c22c46c17e1d2
- pocketmine/errorhandler 0.3.0@ec742b209e8056bbe855069c4eff94c9734ea19b
- pocketmine/log 0.3.0@03ab1316da0b1978a7a1c8dd73e1c2a973cb62ec
- pocketmine/log-pthreads 0.2.0@6be3445c48c62eba3922f987f000bb20c81d161f
- pocketmine/math 0.3.0@83ec067b12c066fc61d9fb129daf7e61ef3b1d63
- pocketmine/nbt 0.3.0@98c4a04b55a915e18f83d3b0c9beb24a71abcd31
- pocketmine/pocketmine-mp 4.0.0-BETA5@b65e89b605aeba5f7958d3cbb6db47e766cd6f9f
- pocketmine/raklib 0.14.2@e3a861187470e1facc6625040128f447ebbcbaec
- pocketmine/raklib-ipc 0.1.1@922a6444b0c6c7daaa5aa5a832107e1ec4738aed
- pocketmine/snooze 0.3.0@fe5b1dbf0d6267da882d1f67924772bd93db833d
- pocketmine/spl dev-master@b7a8904f912c1f6d38ad867ff1120614ccb80171
- ramsey/collection 1.2.2@cccc74ee5e328031b15640b51056ee8d3bb66c0a
- ramsey/uuid 4.2.3@fc9bb7fb5388691fd7373cd44dcb4d63bbcf24df
- respect/stringifier 0.2.0@e55af3c8aeaeaa2abb5fa47a58a8e9688cc23b59
- respect/validation 2.2.3@4c21a7ffc9a4915673cb2c2843963919e664e627
- rhumsaa/uuid unknown@unknown
- symfony/polyfill-ctype v1.23.0@46cd95797e9df938fdd2b03693b5fca5e64b01ce
- symfony/polyfill-mbstring v1.23.1@9174a3d80210dca8daa7f31fec659150bbeabfc6
- symfony/polyfill-php80 v1.23.1@1100343ed1a92e3a38f9ae122fc0eb21602547be
- symfony/polyfill-php81 v1.23.0@e66119f3de95efc359483f810c4c3e6436279436
- webmozart/assert 1.10.0@6964c76c7804814a842473e0c8fd15bab0f18e25
- webmozart/path-util 2.3.0@d939f7edc24c9a1bb9c0dee5cb05d8e859490725

Loaded plugins:
ChatManager 0.0.1 by  for API(s) 4.0.0-BETA5
CommandDisabler 1.0.0 by  for API(s) 4.0.0
DEVirion 1.2.5-ALPHA12 by poggit, SOFe for API(s) 4.0.0
DevTools 1.15.0+dev by PocketMine Team for API(s) 4.0.0
HideCommands 1.0.10 by Himbeer for API(s) 4.0.0
PureChat 1.4.11 by 64FF00 for API(s) 4.0.0
PurePerms 1.5.0-legacy by 64FF00 & ProjectInfinity for API(s) 4.0.0
SimpleNPC 3.0.0-snapshot by brokiem for API(s) 4.0.0
Sound 0.0.1 by  for API(s) 4.0.0-BETA5
TNTManagement 0.0.1 by  for API(s) 4.0.0-BETA5

----------------------REPORT THE DATA BELOW THIS LINE-----------------------

===BEGIN CRASH DUMP===
eNrtW4lz28Z6/1d26DeNPCUoXMTBjD1WJLn21LZUS35OE2Y8C2BBIgYBBockOuP/vb9vdwEClOyX
vHrazjTvsIA9vv3uC8vfJ2lZbXjz4UZUdVYWk4U7nTTZRkwWlue4rmd582DmWo4VetNJu9VT85nr
uYFvWV5gOd489KeTnNfNeVWV1WTx+6TZbbFsIt/P72KBfYA9nWxEXfMVTb0rEpFmhUjYDa8yHuWC
/W2b852osCxt8/x5ltO608Vy+a4GcstlsebFarm8KMRZld2I5fL1sjVNYe1YIx+SYr1cPn91cf33
5XKbt6uswKarsi2S5bKuYqznWTHbrrd0goKulx3LVcdYdExrMJ8DtcnCIWZUPMbjz5NHJnt4+ZHj
Pl6wbRl/FM0G+5ZLQXQD2yQX1XIpuXBd9nx4oSYWC7XiKCsasRIVs6esbqqsWP1se7+wLzOoX+b5
v7Cv8mc2A29msz/KlynrUAFFYMIji203RKX8f7wWSQu8j0/zsm4rcc3rj0eeA9Lf4OCTn3qYBM54
ejD4e6x2fT6SkO0HIRNIzZ0jy/IPuNqvWy4HKBhPy+JtWyiwzhfBXnVvR5brfhnwAAPjadWBdQdg
FQePL+Wf17yAOldH7vwfwOyPN55uwJ7rdSV48kLwqokEb/Yq4PvywPngwCtR3RDa3r0zFCrL5QgX
42mTxfvz6nuwvQdgz13nALaaUcAUE/wH9lmm/5V9l1UZw+DLSgEIBgAu5ZbX2HJkh186+8OHuCyg
623cHJXRryJu2A+8FqdwNfWrkieiegSb0TNDAG2T5bVSxFflCsQ/cnqjca0/bTT7veE/b3CSBeHD
LHAs71B9FIOVFZpqF9iNVZX4rc0qcaRRCua/sO2aV4vj49PFsUTsWOJ13KF1vMfqWCI1ONl4fTmj
3WOEHk9++TydiG/lzP+gq8WRas2HrLgp8xuxEUWDjQmojZtJN4sRCQIDcZkIQtCeY3DZLBt9KHvC
/iZusNt4uhLNpRw7evw9dthev5ITsVhZiFtGSyTQSzmq1/rjtcbTmpa84RuBbcvJqWsFy4lcGRyu
vCMUFDIKh7LOiGtHj+Xrj/qE8HDf7uv7/lPtc8zDfZ++vu8nvc863Ac+t5IcS87bh/PbrInX/bTT
TTfrrJaA914VB3Uu70wQIomMD8TdYbxI2yImxNjRY8Z+J6CuBjqQnwT9RjS3ZfXxCkqmCalFkZzx
hmshaSQVZZ0GfH48ZaYaUqL+TI8kSfpLcvo8+fxXUP8rqP8V1P8K6v/fgvp0shKFqHhOQbPgVMlN
RtuAWARZ7IvBiTszZ6bxw/n1yZwm2yxPJgvbtOzpJKs/JOJmskh5XgtE56psyrgEbNeb46SMYnfk
zUUQRp455yLi89QP50HixFHkJZHrC9/z4sRLwxSwW43Q+6xIytuavblml6fMwvFMHsts2zRNdtTN
W+ZjdvL6zHMpM0BNt5gEwNUy8foJgULjLt8x/aGsCfbLN2+uMSBfbmX2EZebbQkGf8izqIJPFjUx
hydr0FKJ41/rsjCwRuci1sya2c/S2E59L/TD1OSuC7LmUWxzG2Saiel7dipM4QfCJ45VMJljFNhr
7DZn4cx5FvO5n1hBatpBGrip7/uRjTo6TqzQsiIzEcJ2XIcL7E44JAHHVW6OY57nEQKeccPzLOEN
pWbg2ceivC2e6b+UbK2qsq7FMUjmdUHx/saeOTPzmW3aYWg6TuzMU9dBtQzReMIXgQiCOJ3biZV4
XujSqYVoKlHDjcVrSf+Gb7eCjruR2vAsiKLYtC0eiCSyhct9we004Imb8lDEYRILO42jgDK0vfYf
RyKB5/ho7PVkYhO4f9UTYK0/c8xnKU9TP+Gh6QovSL0wsnho2UE49xIeO5Zti8B3zIAfQM8KXu2k
i5CMtmfWM7DUhBhs1/bSwDJBvJXaie9EIrXM1A2shCfQPzGG9CCjLWDqPPNcP/BdCN7zopiD7nkQ
zAFeBPPYdmIbuh7P59w+AEieLZeejbJZcWNseN2I6llg2rYnzNDyI+GHIM52TM/0LMsR9txyXO5Y
wuPB/ABcmUuUiEbzmRlGwhPcS3wvtYXjJNSQiZ0wscPYtmPXiy1fWMkBSsNURoIiDRGx79qRbYYi
MOdeFIGquemFsSvSNHTj0Hdcwa0wGoPKy1UPwXR4ZMHtJdyMrNAPuM+tOEjAcmHBQAAhjjxbxPcg
GNtGxs66p8uLhOO689gNYuyIuBPadhoGfgofEAHJGNKzPCsdg+rtjLAJHBGbnh9ZNv54aexZSZji
LUx46gvPEqkTQemdMYgianoIYRC73HQjyDS05gI2GziJE5kxmB7ZUHyLR3GCrHoEYf9obLZjF/rs
T/jDAcSKf4R3kmhZLvyPcHgANYEu+qawUh7HnmfPTRduOUhdwIGBRvyQzwqKkW1jBQkWAqZyz3Vd
kOTFMDrO5/S/wLGRAwhLxK7vBFwcWHJdlOUn0XMpFXPwMUrNxLM9AAkCOJPU80Pb9X07SkIniQJo
5gGQbT62hsjnAYw+hbHH2J7g4CTw/DS1LBtG4cZwKablE7MrvqnFjiwhF7KakBZqgzMx/uO7QsyF
YwemY0XW3HPNaG5Bo4UAq8FpLzb5HkjbZipWwE3CsYdR5KfR3AkCL7RSaC50NnHdJI5cqAr4mtpu
QuKBh9zi8GMVsbM0E3ujFFCY1InBOfyX2zyK5il3fT4P4DNDDw4X7iKahwMw2tkoWmyJjBvDx4L+
OOQu1M8j67FjO3Cd0HNCKxSeBxdpU5Sp1u2m5rwj5n5YqHebtCx20M18h3o8N2Jd1N+AbyREOIok
nPuhL8IkDZ0gTRI7Mh0vBJ4pIpbwoCRWLB6CtYkUE3pwUCzLh/tK4OEsM4l5ANXyU7hfEXtz0AIT
FjyCST4EDqErMAewLHLdriMSBAK4OA7kQi4QCNIYUQyh07TnLlzol2BZAzLBM8sKUycR4VykiIWh
GzgUHGI3dkCjA36G+BewbkW0KT8hlz+G+xaVjv4U/7zQc2MfBhOYCCIuD1xouiPgk9LEmkc8MlML
YWc+ArKFazIoPkn5Ei4wjBCOKIltOFduRVEYU/Cfx5E5TxCWgVto+gDzue+MyNzkdM0bXRYM8rjh
6HSyT+BMSoIwwttmXVYA8DPSQL7NqPgdJncYFQUVpFAgJOdI6BKxRR6ld9Rl2pwNB6jgAfiuIBwc
r1J0auwg5lGGeXF1/f7i7aszxY86awhfqsJPkVchCJ1lNR08ouZgZkgRxWLzaxT9s7TULdKcqIyi
HWWaoGmMxB+n6+z871klke0J6ofGlNizuXHy6vLFiWWPKIKnXFEGPZ1cXTwXk29EoAK6XN5IVJZL
eF/9NEBPU3d1ffL2+t3lfdrEzXVZ5vWQtm5oTJs1R3JHFcKIsH29wa4F33wr0jocQMoem6+Qsm6a
bY3yCvxYt9EMGf6ggDruYYDgF1kitCYMiR4NH6qnNdZPLN5EAmr8jYjV4JbLIRJ/TD3XausMNIC2
y7YSZLnDerAbGtPkzqyxF5l47vPnpvmnSJLAL0W1qSf3qJs85zKU15dViYN+hGqWbX15bnTjkz39
H9TZy2WH7P7pH9L/gNwJKd0D7MFo5ihkx9xRY2P2QNWNXKx4vHuISexfGKiihsbLIs2KrNl9K00Y
cUIiNnj8BrxQcMCMq2yzzcWby9MBM/ZjQ2Y4MqjUBd/W67IZsyOqyo+Z+GZGr8Etl3WxjZfLIT5/
lnAN6ngPg4iW3xkGBOvvDv/j0XXQg/0j8ef6zbWKxapr0eM/Hv9foGOEwB+lh7IfjmxdoEo4CCFd
p0u6E9lcm22rElG8kX2cyaPL/o2dlrC9FaOvUctqWTy64g27iBtmeczyF6a7MH32/uUPzEbOSgty
XqxaoPpEFCt635RN8oTuGSCTXbZpanvy31j+K0ccV/7r0WqFjbEtq+aJFVqOTYO3a9Bk5FmNMQmS
3xmq+18/sUwaWYHMTZkINZ+WVSyMfqxMUxoFvQn1prr37c32CWI4npIsTbO4zZvdE3me6vY1ZWXU
ommQoddPJGXiRuQG6cQT1c/sx2ohksESqhGenJ0/P3n36ppGleiN31pR7brToTGlUfMboXG4ycSt
kYBEXsTiiaL7LirvDFItvWZUCc52G8qJHzHSBhZLKbWVLIWksBi4wEYih/DY9VrUgnVkMV4J1qwF
KwtIuoEDZzEvirJhkWBZEedtIhI8sHtKQrCuyg12pgTgEGbNUzFlJWaqmkCyqBL8I9uVbaVhsSxl
kA4VgHQCBENfK/MdAX4jbntwx4lIOURTs9uy+K5h1FPjFSP2bUAsdZ12hCF9WlN0365FwdrtquIJ
AMyWBWmVArZYFow9er8WhBhrSkafxhhA6J42eFDxos55A6TktEQ1L3EMSMWTaCS/KAOMBVOtIBrZ
EGSld50BLJjs8NJEvW6bBBWloT/9Lthy0l/CidfL1hLCZxiwLEsOO4OX1IEhTSTmJ3le3jIyBCDb
fYBjNxln/0G6RWukkhl6aoDCo3OphHoTA+KMjIFBpOAagYt2TPOa1mud7aeHoN6jRITKgPE8SRhK
cSUf4jt96WAbwemDFDkrBqlEgrAG98RvLc+Jr6vsBmtRu7eCHelD4UAeE3R1ojAqQU7AgFzom8UC
0/LsNy0SsYrU7qTeFTF9TmL0vROKNpML3tWQHel+RyktW1dlgbSINVheT2lDnjBt5jCYKaN2dqU+
mUrewJHS2KYtoGK0RAG/kvIHTVDDqrzLoIICbABJUrWLHjnirUboZUrKTGtIaacsa74D+5pKbkvg
nWOlUweb2RFoaGFYtmSLJMPQlC4kqENl5lI7qrYoSJwJuaJyK4UgPwTUM4b8XD+zTbZaw9orXq+n
Q+vUmkMcqap226hRxTBizAa4abqkcGG1ssufKIvhN2WWAO2HMSAdIZ0rwWho12ygaNTRUot6TYOj
hwOvdspq/y0vI2gPhUqmxmEIm6wh498ghYx2DTjOrhSrTclcVYHK7dcktdtMcl5qFKz61lCAOiWr
JYVpBhThsuRNCAKTVkJ0Ryolh7RasmO2KiGoknwEaQUdtJJoGhK1BTOJCpwufbTq1f6fp4Byj6/h
T3H0v4d/3ZRbiYL2rz1KGlzN4D621D5KeoTo1A4ry7RdjZh0Au+lVWj86u++AYbSLiRK5DFY3CI6
FYhOTNyJuJXet1QoK4ukaNavFncx8oF6T5FyXBfX5wt2/eLlFXv18vXLa3Zyefnq5fkVuzx/y5C/
/fv52ynDInZ9gVXn7P2Li1fn7PLtxen51dXs0AWM+GHPPc0O1B1ZKSM2OeKaCIzXQrpkyY3e2Vrg
PXKGRPoWucSAKxTKzUpQyPtAJxw0tIno/ZKyKSVDikYRsqBl+jAJWQGB6907csp/9RkXFEMoEZAb
ZvdXky7oxBli24qY8gXFWUJXyVXt7WmAeoltvSfVMTWt9eOHUdKUO5ryFa8iWIaxb5NLB/Qwd6Wp
ETp6F9O74Ls3vGhldjLEBJlbCx18PO1iwqESdmqowmuaApaid7M3wRm7UD5fKTzSi7LNkx6XDEHk
tmB7/GsFeCvRB6EetekKfdpz6SzuBUmpOgpCT1talZsu2KrdeoUxVM2hhIkaLcl7usEeUKmRdlx1
GSWJrMJJpIZakZN2s1Xpl8rxmJ4waKKT1xkt0hsk7hLNjgK8IczD2PkDDEbQRuDDCTdQsrpuBTmG
Zg2prbp0lJwWnbbHatoJUuUIOuucKWxo6Rf5RBVNvG6Lj3WH+ynf0mi2aTeIsQivFeuqAxIk0zf2
JBZ7vpK9aFZKi7mvY8jGtxojeaBBaXKLoOv2Ejsr1dShTlNuRF5PwVeLOxNSsPTCIWUyczBiDvvs
aaPOsMxVkD4S94CdSjAUFH3FUO1RFO6pwzbNT0VPdzIt7s5VDMypTtBwvw7qa3q4LAp1oW6hQwRS
s3WZqxQz4k28lqm4RLmmO2NMBxnp21RppGdVaIlEn2yq8PZoKKVuitxqtWsI+JQZ1kCAUnjyYKPp
kNEhQHrtfR4ri1FKIRNFORU7MtGnzRjUaM3YC+SC8vYnJXfs9PLdFHuBQwT7us0SqL3MFZT37OEb
Ev6CeV3avc/Ia8mdwdoZO0ngqNY8T49Ra6oyIaH7jvooHMqon0EKNjDEfdgbABtVNXfk1SjF5PmM
ERLvLovLLtneV4hUSxBStwibtLHdFltDvx9UN6+11dXZJ9HLk9LyTow1BTydMiFtV+oxCK1uaKtN
j2fsUu/JebWSG7guVbUuyBPTiq+IBMgEbKu3ucxYqP7cAHkydl6RnE7zDKtUQU03n0TdsNfX7ySm
NUgisqO2YVTAS1Huj1PFxazzNZumNWjXQmI7rA9FEVe7rbL1lFHnALkQEtaOTBTI1CyZMRml1pyS
AJZtwJuGZAdpyB/GwE1NJS4Q2o1Eek2cgNeVjhghmkt3XiuRqlQCaxuto0SJUA0E7ep0NXV2IZOk
s5dXJz8gP5L5VFtIHSKH3ZKnJDeZqCQhI2XU96KTYb2xp3Nv64mI2tWiK9qeMouKNZ2yruGu5DzT
NXytug5kzUVdquCtLcIiYAprBe10XZa17Ex0tZroqnHpxRPecFbzmy5aUF9Id7gMmts7NkJMNhBV
0qabNr+WWaE6ApJT37Efo/KOLL9iL8/Y0Y/vXp49htzpTvItrb+F2Egw9KkAxkE1XJVo/qj0A9ZQ
7mVXwNp//OFVB1/Xd4OR7+Rh1BqTiYMUr05FJG1l10LSYXTQ2UpTeSzmsnRn3LVZshdI110bdm+u
ZftFmZr6DZbigVyr7aqtdRsohhNplJvVewy1Z6HWJxEdo0KIdo/6FIqBvFj1NUpB2/LDUDztVo3a
dw92zBRzTzZlS94jVbFOOxOwrGMtxXbyjrIVAvHTswzO2PxWhurBZkl4IVTpHQkFLBIp2X695bdS
KUhHFXSpWjQ8DvqKfDqoJx8+kPFDVLfqBitOE4inD2FpPowmr6gPz3in7kC220x/e2ycgw5PlJex
NN86S1TMIHo4ZAqFq9toyIUVBVGsEIkKnfKlD22y1aSVg8exyIWsFJR6y1Pz7COOoDpZeqKcg/RV
Vd42a+XHcARnawVt4ORg/XWjQrJE1iBudKgZe9Yo0l6e1QO6yE2T5BU0pi4s9mTqllOX5sg9IyEB
nsFs9ghoolTeC3Lf1uplObsvTO28bnkmq1kEE5R6Sou25bbNO7PRLxTv5RodNhybDpRlEFEpT6KI
S54LKYEuMGSTWzXyFjrVob6jLK7VsMoUtGYBkb2HTvZOjyzToB+tHAz1jmE8vF0jJ0/LQUyHPzDU
x6t+5RpyWyhUZtvNZjvLSokxXN1uQ8UhTLmhRmtc71GnMKXn2X5ekiDdHF+tKrHSLUXdf1RtFvrh
xMdD+iR+8DUXZxd0ldnQQUHlB+S+boWqQLj8tQ2dWEvE9wTIsdngqwDidM/5dgustHDuMRUCVfNa
mZAJ0Y1dGcsG8eaUmvdi2MubIjhs1xxmIcizV4RDl5ciYqSiQu1hkF8sKBiq2S52qcjBR71B/Tlt
EGxb5ODIbaRv7VyYBiilrOa7M+5JVdE1FGuTbfYRREdjAkrrSespYJAUyY3TgbLpqTd1De7Z/gA9
Mzyh49zX470OJkqSygIGvSQNA+Abzc+ua7TWg8rFVX0lob0DNeFRrCUyDcrSHhDdeW0r9UmGvE3X
SlGeF/C0d+riLXIyXus6Dak1p2+6+o0SIOCoZbXohKbmoKPU01uwn2XmgqR1Kpt8vxBQWYLtg/fw
U5EkgzLpSjp4aqN0n95kf+ShOCr9sywfa1kxyPIb8smAq04ChuircyUO6pHRxzqKVSqm7k9csOev
Tq7VIJUagjpr3+tb1tN5eAeKCjF17pKsaqbS6X6vMz31sWXYtFBGTIEOrNU9Rd5qrVM3Hpj6MUdb
dX63q9Sq/iuNdCqAg3AUy89kdccno/vEAxVQaf2j59KbyKPk+hEQmRfrkQ+DEUPml4PEr1S5v7iD
b6t1kRt/pDKplgUdnFuUoUDZqUROriN6gQpKMBUplKkoKiV8ZEZ9ST2ZTsQd0nyZ9st7echWhr9C
iGJ9Hbkfoa9vRcKr0Vi5+ZCUDdzdaFRfz9wPtFU+fCfHMHxPs7wRI8Crzeg3EahwRrhksK2b4QDd
9B++D2517sdg5/q+gDWjG2uyQgFPh4u28ZgPb0W6v6bbj9bS1dfjIaRPm+HI1eWr0fG7+rdc/rRD
P7F+qik/igIRfcSCHd/k+jotXW74lG3VxbRwRpe+P6k71f1qvN5txkwuCRvbNB3Lsum27uXZxYjS
pPwgMTkcxFA2lg+svqjr0UJ11eTH1yMSDzDAK7UPxmRh8LbKDsQ9uEHvEL3q4t3l+kDbKGmSv5Kw
9f1tYky2Uj+f0HvpFzW6quguedNWKjNLPWArfqEWyZUikkJoPRSUtIw0MbknxGwkd8ktZziESq6V
fnnVKu3q4P9EidfFpWyE7Td8/vxfuO1gwA==
===END CRASH DUMP===
