PocketMine-MP Crash Dump Sun Oct 17 17:11:28 WIB 2021

Error: pocketmine\world\generator\GeneratorManager::addGenerator(): Argument #3 ($presetValidator) must be of type Closure, bool given, called in C:\Users\nhang\OneDrive\Máy tính\FLOTV\plugins\MyPlot\src\MyPlot\MyPlot.php on line 1275
File: pmsrc/src/world/generator/GeneratorManager
Line: 72
Type: TypeError

A PLUGIN WAS INVOLVED IN THIS CRASH

Code:
[63] 	 * @param \Closure                        $presetValidator Callback to validate generator options for new worlds
[64] 	 * @param bool                            $overwrite Whether to force overwriting any existing registered generator with the same name
[65] 	 *
[66] 	 * @phpstan-param \Closure(string) : ?InvalidGeneratorOptionsException $presetValidator
[67] 	 *
[68] 	 * @phpstan-param class-string<Generator> $class
[69] 	 *
[70] 	 * @throws \InvalidArgumentException
[71] 	 */
[72] 	public function addGenerator(string $class, string $name, \Closure $presetValidator, bool $overwrite = false) : void{
[73] 		Utils::testValidInstance($class, Generator::class);
[74] 
[75] 		if(!$overwrite and isset($this->list[$name = strtolower($name)])){
[76] 			throw new \InvalidArgumentException("Alias \"$name\" is already assigned");
[77] 		}
[78] 
[79] 		$this->list[$name] = new GeneratorManagerEntry($class, $presetValidator);
[80] 	}
[81] 
[82] 	/**

Backtrace:
#0 plugins/MyPlot/src/MyPlot/MyPlot(1275): pocketmine\world\generator\GeneratorManager->addGenerator(string[22] MyPlot\MyPlotGenerator, string[6] myplot, true)
#1 pmsrc/src/plugin/PluginBase(94): MyPlot\MyPlot->onLoad()
#2 pmsrc/src/plugin/PluginManager(259): pocketmine\plugin\PluginBase->__construct(object FolderPluginLoader\FolderPluginLoader#51, object pocketmine\Server#10, object pocketmine\plugin\PluginDescription#22934, string[55] C:/Users/nhang/OneDrive/M..y t..nh/FLOTV/plugins/MyPlot, string[55] C:\Users\nhang\OneDrive\M..y t..nh\FLOTV\plugins\MyPlot, object pocketmine\plugin\DiskResourceProvider#23161)
#3 pmsrc/src/plugin/PluginManager(398): pocketmine\plugin\PluginManager->internalLoadPlugin(string[55] C:\Users\nhang\OneDrive\M..y t..nh\FLOTV\plugins\MyPlot, object FolderPluginLoader\FolderPluginLoader#51, object pocketmine\plugin\PluginDescription#22934)
#4 plugins/DevTools.phar/src/DevTools/DevTools(70): pocketmine\plugin\PluginManager->loadPlugins(string[49] C:\Users\nhang\OneDrive\M..y t..nh\FLOTV\plugins\, array[1])
#5 pmsrc/src/plugin/PluginBase(136): DevTools\DevTools->onEnable()
#6 pmsrc/src/plugin/PluginManager(425): pocketmine\plugin\PluginBase->onEnableStateChange(true)
#7 pmsrc/src/Server(1299): pocketmine\plugin\PluginManager->enablePlugin(object DevTools\DevTools#22904)
#8 pmsrc/src/Server(966): pocketmine\Server->enablePlugins(object pocketmine\plugin\PluginEnableOrder#22894)
#9 pmsrc/src/PocketMine(293): pocketmine\Server->__construct(object BaseClassLoader#2, object pocketmine\utils\MainLogger#3, string[41] C:\Users\nhang\OneDrive\M..y t..nh\FLOTV\, string[49] C:\Users\nhang\OneDrive\M..y t..nh\FLOTV\plugins\)
#10 pmsrc/src/PocketMine(316): pocketmine\server()
#11 pmsrc(11): require(string[85] phar://C:/Users/nhang/OneDrive/M..y t..nh/FLOTV/PocketMine-MP.phar/src/PocketMin)

PocketMine-MP version: 4.0.0-BETA5 [Protocol 465]
Git commit: b65e89b605aeba5f7958d3cbb6db47e766cd6f9f
uname -a: Windows NT PC 10.0 build 22000 (Windows 10) AMD64
PHP Version: 8.0.10
Zend version: 4.0.10
OS : WINNT, win
Composer libraries: 
- adhocore/json-comment 1.1.2@fc2f76979f0a44a5f5bc2a2b600d0762fe0e78e7
- brick/math 0.9.3@ca57d18f028f84f777b2168cd1911b0dee2343ae
- daverandom/callback-validator unknown@unknown
- fgrosse/phpasn1 v2.3.0@20299033c35f4300eb656e7e8e88cf52d1d6694e
- netresearch/jsonmapper v4.0.0@8bbc021a8edb2e4a7ea2f8ad4fa9ec9dce2fcb8d
- pocketmine/bedrock-protocol 2.0.0+bedrock1.17.30@faff7da904e68f69b1a9128956dac3122e87308a
- pocketmine/binaryutils 0.2.1@8cd078e2426f8100331f2d73bef10f481dad6cde
- pocketmine/callback-validator 1.0.3@64787469766bcaa7e5885242e85c23c25e8c55a2
- pocketmine/classloader dev-master@80226e0917be79ac3230606113e25134a31e6a85
- pocketmine/color 0.2.0@09be6ea6d76f2e33d6813c39d29c22c46c17e1d2
- pocketmine/errorhandler 0.3.0@ec742b209e8056bbe855069c4eff94c9734ea19b
- pocketmine/log 0.3.0@03ab1316da0b1978a7a1c8dd73e1c2a973cb62ec
- pocketmine/log-pthreads 0.2.0@6be3445c48c62eba3922f987f000bb20c81d161f
- pocketmine/math 0.3.0@83ec067b12c066fc61d9fb129daf7e61ef3b1d63
- pocketmine/nbt 0.3.0@98c4a04b55a915e18f83d3b0c9beb24a71abcd31
- pocketmine/pocketmine-mp 4.0.0-BETA5@b65e89b605aeba5f7958d3cbb6db47e766cd6f9f
- pocketmine/raklib 0.14.2@e3a861187470e1facc6625040128f447ebbcbaec
- pocketmine/raklib-ipc 0.1.1@922a6444b0c6c7daaa5aa5a832107e1ec4738aed
- pocketmine/snooze 0.3.0@fe5b1dbf0d6267da882d1f67924772bd93db833d
- pocketmine/spl dev-master@b7a8904f912c1f6d38ad867ff1120614ccb80171
- ramsey/collection 1.2.2@cccc74ee5e328031b15640b51056ee8d3bb66c0a
- ramsey/uuid 4.2.3@fc9bb7fb5388691fd7373cd44dcb4d63bbcf24df
- respect/stringifier 0.2.0@e55af3c8aeaeaa2abb5fa47a58a8e9688cc23b59
- respect/validation 2.2.3@4c21a7ffc9a4915673cb2c2843963919e664e627
- rhumsaa/uuid unknown@unknown
- symfony/polyfill-ctype v1.23.0@46cd95797e9df938fdd2b03693b5fca5e64b01ce
- symfony/polyfill-mbstring v1.23.1@9174a3d80210dca8daa7f31fec659150bbeabfc6
- symfony/polyfill-php80 v1.23.1@1100343ed1a92e3a38f9ae122fc0eb21602547be
- symfony/polyfill-php81 v1.23.0@e66119f3de95efc359483f810c4c3e6436279436
- webmozart/assert 1.10.0@6964c76c7804814a842473e0c8fd15bab0f18e25
- webmozart/path-util 2.3.0@d939f7edc24c9a1bb9c0dee5cb05d8e859490725

Loaded plugins:
ChatManager 0.0.1 by  for API(s) 4.0.0-BETA5
ChatThin 1.4.1 by PresentKim for API(s) 4.0.0
CommandDisabler 1.0.0 by  for API(s) 4.0.0
DEVirion 1.2.5-ALPHA12 by poggit, SOFe for API(s) 4.0.0
DevTools 1.15.0+dev by PocketMine Team for API(s) 4.0.0
HideCommands 1.0.10 by Himbeer for API(s) 4.0.0
NotificationSystem 0.0.1 by  for API(s) 4.0.0-BETA5
PurePerms 1.5.0-legacy by 64FF00 & ProjectInfinity for API(s) 4.0.0
SimpleNPC 3.0.0-snapshot by brokiem for API(s) 4.0.0
Sound 0.0.1 by  for API(s) 4.0.0-BETA5
TNTManagement 0.0.1 by  for API(s) 4.0.0-BETA5

----------------------REPORT THE DATA BELOW THIS LINE-----------------------

===BEGIN CRASH DUMP===
eNrtW2lz20aa/iu9VGojz5IULuLgrLNWLHviGtvSWvIkNaHL1QAaJCJcwSGJmcp/3+ftboAgJR+Z
pCr7wU5KBBrd7302Gv+aJGWd8/b9jaibtCwmS2c6adNcTJamazuOu3B8f27bjmfZ00lX6UdzB099
O/BNz3A805pOMt60z+q6rCfLf03abYVZkyv8qLHpJBdNw9c0WpXRtWjztBCr1W1ZZ/FqtRaFqHlb
1qvV3/rLV7zA/Hq55HE8DB4/WrLTet3lomjZkc2Ov6pq0Yj2HzxLY5rwiOVd07JQsDJhRAZ7mpVN
V4spC8syY+v0RhRTFvEsEzFLC/Z0uVq9bcD8alVseLFerc4LcVZj2mr1atUZhjC3rJUXcbFZrZ6/
PL/6x2pVZd06LbDo1fYiK9vVqqmj3Y36nVebipUFy8AqMy1vATEkXZY9TzMphw2vlycnT5cnEv+J
RH/SYz+5j/xE4j65kPJ7BaCzVxdzgnIC5CdSlCeDJE8OBUnUEAEaeU5rPmcd1hADk6UHLbc1j3D5
4+TIYFoEJ4pZCUtfqp9jYhn6+m36nn2zp++mrdNi/aNlvWP7wh2mTJme475j+bbCoylr6048AuFH
Jtsxqug9uZA/3/JGHAcOyNsHO/umLF6WPD6Wy60PLdfEHluL4IBDNW212qGZffP+fVQWoLKL2uMy
/ElELXteZrGo1STCJyCK+2NHC3PK9IoxkktRw1+PTOPBp/sknIkmqlM4blkcWVZgO4PAFot37IPW
N5/D8ubzwer2tX0A4yMuNMD5kOt8lIWztLl+I5qyqyNxUZc3KQnFsk3XlPqxP6UfRKiP6mcwurRo
RV3wjOSuHh3/8Rz+PqV/Qq1SIM7glWfi5goBr9kFiH5kuDj2jM8TTjYIpeml4gT/vlSmjNc13/5o
vpM0Lz7qo6btgsieZFiEviJHfVbwMBPKVd1PmYJjLT7DVXugly1vxVPiShwP0cQb4VAuiBgXBJ8n
RCHhatvS6r3PFunSULr072MLXPcAmXqwD705/qT1KCbPa+lOlh8ojMEI4y7LHMO6PoD1gcBGYnyK
YqDRxmw9aMtdmxLXrzgZ/RryObKHkOKYv9m0dmt/h1mqhGE8LAOEnAMZNEolapXOM8emiVm1+LlL
a9G7io8A8qlcfxhtP5Djh+FHk3e/TifiS731yXrrd5Q7kLBC+z4tbsrsRpAUACwtYqg3ajE1KmNB
CnBtjK9a9hf2pOI1z9lqpeXAPvDvUJDsKUQU8uiatSW7UaOCDXSyUob6hqFcZ4W4ZZKPBiS4zgFq
KfeP/PuqhN3e1inAf78R7UbUhBJwIyhRP4LdMl5smbhLG3lTizWuRA0l7mi6TdsNAwDW8FywAn+I
noWmh67dHW2bqml5MTsQj3aSR2zJ/udFIfkeNHKuWH52Fwl5dU9mhMEbYfM/gC2ieDRTmP57AP8N
+0o+oJXBDopnDFDaTV3eNiBWU9Z7wkARTTf19BO6seRN1YVZGrGkKyJJ9wMVrcbdBy72FUlvOjKb
Q161P42U95glPGsEie6mTON/EX5lhqv2LcXX5bIVjYLwoiBxROK4RzvQs1zKkUd/peVkSvS70GDS
5Pg/Rhh5ARduQNXxV+0mRQrOYBM/StJBDThpy6y8RVCUQ4/ePXokiXI1tFUrBSrN98MyPV5NTrOU
k9hXEwmILoCX8awWPN4ykJuuCxGvJopqT8P/lW58zUKgB+9R+g6kEgWHjv+saOvtIJ97cY4w+co0
CI9vKjy+0vjJX/4y+fVLe/SlPfrSHn1pj760R1/aoy/t0Z/cHk0nKotmVJ7L0nQ52VsGwkIoY7fx
PXHmxtyYffvs6pQ6h7BLs3iytAza3U6b97G4mSxlxYW2oC7bMioB23EXwJRSWxC6C+EHoWssuAj5
IvGChR/bURi6ceh4wnPdKHaTIAHsThP0PVoJqjBfX7GLp8wEeibRMssyDIMd989N4xE7fXWGUh+4
NxVW+qDVNHD7iyhiTbu8x+P3ZUOwX7x+fYUBeXObFrJbyasSAn6fpWHN61Q0JBweb8BLLU5+aspi
hjm6zTHn5tx6kkRW4rmBFyQGdxywtQgji1tg04gNz7USYQjPFx5JrE6j65OctxusNubB3H4S8YUX
m35iWH7iO4nneaFlun4Um4FphkYshGU7Nqe+IebQBCrMMj+JdCs0uxkq/SVkdl2Ut8UT/Uu93bou
UY2egGXeFFSQ3Vhze248sQyEHcO2I3uRODY6SajGFZ7whe9HycKKzdh1A4ewFqKlQo/X0Ubyn/Oq
EoTuRlrDEz8MI8MyuS/i0BIO9wS3Ep/HTsIDEQVxJKwkCv2YJD9Y/0ko4hp3s52dTCwC91/6AUTr
zW3jScKTxIs5Qppw/cQNQpMHJuLNwo15ZJuWJXzPNnx+AD0teL2VMUIK2pqbTyBSA2qwHMtNfNMA
82ZixZ4disQ0Esc3Yx7D/sQ+pAcFbYJS+4nreL7nQPGuG0YcfC98fwHwwl9Elh1ZsPVoseDWAUAK
bZkMbYAEl5nlnNrGJ75hWa4wAtMLhReAOcs2XMM1TVtYC9N2uG0Kl/uLA3DoJ2rNo/HECELhCu7G
nptYwrZj1zeh4yC2gsiyIseNTE+Y8QFJcpME8STOhAJFFiIiz7FCywiEbyzcMARXC8MNIkckSeBE
gWc7gptBuA8qK9cDBMPmoYmwF3MjNAPP5x43Iz+GyIUJBwGEKHQtEd2DMKvQBaGPaQa+3FDYjrOI
HD/CipDbgWUlge8liAEhiIygPZR0yT6owc+IGt8WkeF6oWnhx00i14yDBHdBzBNPuKZI7BBGb++D
KMJ2gBD4kcMNJ4ROA3Mh4LO+HduhEUHooQXDN3kYxba5D2F3Ocur/RD65DfEwxHEml8jOkmyTAfx
R9jch5nAFj1DmAmPIte1FoaDsOwnDuDAQUN+KGcFZZZWkYIED4FQues4DlhyIzgd5wv637ct04DZ
iMjxbJ+LA09uirL8RQxSSsQCcgwTI3YtF0B8H8Ekcb3AcjzPCuPAjkMflnkApMr2vSH0uA+nT+Ds
EZbHQBz7rpckpmnBKZwIIcUwPRJ2zfNGbMkTMiF3E6SHWpBMhH+eI8RC2JZv2GZoLlzHCBcmLFoI
iBqSdiOD74B0XapyBcIkAnsQhl4SLmzfdwMzgeXCZmPHiaPQgalAronlxKQeRMgKyE9Uxk6TVOyc
UsBgEjuC5PAft3gYLhLueHzhI2YGLgIuwkW4CEZgdLBRvFiSGCdCjAX/UcAdmJ9L3mNFlu/YgWsH
ZiBcFyHSoixTb7q84bxn5n5aaLZ5UhZb2Ga2TdIsm0V6e/QGciMlIlDEwcILPBHESWD7SRxboWG7
AehMkLGECyMxI/EQrDxUQhjAwbBMD+ErRoQzjTjiPkzLSxB+ReQuwAtcWPAQLvkQOKQuuanQwzIp
dDu2iJEIEOI4iAu4QCJIImQxpE7DWjgIoR+CZY7YhMxMM0jsWAQLkSAXBo5vU3KInMgGjzbkGeAv
YN2KMC9/4XV7gvAtap39Kf+5getEHhzGN5BEHO47sHRbICYlsbkIeWgkJtLOYg9IhdA0o/wk9Uu0
wDECBKI4shBcuRmGQUTJfxGFxiJGWgZtgeEBzK/DpqusTdBitP3G7K6OG49OJ7sCzqAiCCO8azdl
DQA/ogzkVUo7MuPiDqOqIYiHii4WFQopvaQpk/ZsPJCjEAf810gjp/9crUb4VZFOm8ZIelRinl9e
fX/+5uWZEkiTtkQw7Q3RoqsNwdnjQw6NmTDnzgETkwsqUYr272k+OWDo32blOs1R2yu4q1UEQtoN
9T8jkj7NEUpF5NWztCEC9hR08GSfP6L7I0r6t3lqOpRuYRmGW6qewcs+FZ+vqrNn/0hrSe3A0TC0
z4o1X8xOX158d2pa+yqr0Lal9Ibg8vy5+MO0pqCuVjeSltUKKUVfjejT7F1enb65entxnzndSo+Z
64f2mTMXqFip7dk3xqGJYleCf9wiaWvgM1m73+t/nJVN21YNekbIY9OFc7Qto65w2MMhhr9LY6FN
Ycz03vChgZr7ForJeShgyH+UIjW81WpMxecZ6EYtnYMJMPe6bJGPI5lNL7coLvIRiw88/DPC5X0y
Pt8VL7paXIg6H2tuN7avNpjrLBNrHm33lec6z5+jm/5PdlGXtNXyokjSIm23f5g23ysMq9VA2ejy
k/p8wJBprd6o3MGBNC7TvMrE64unI2nsxsbSsKX+moJXzaZs9+UR1uV1Kv64XKLhrVZNUUWr1Zig
38q5BnWyg0Fclx3tcew4lvd/hiVLzJ9vvFevr1SZoHZUBgb2x/8MRvYo+FyGqDSj96kCLcxBKui3
4YgwtfM3r+oS6biVm0yTo4vhjj0t4X9rRm/mV/WqOLrkLTuPWma6zPSWhrM0PPb9i2+ZhYKaJmS8
WHcg9bEo1nSfl238mA4IoMxedUliufJvJP/KEduRf12araiZVWXdPjYD07Zo8HYDnmb0TvCxRJHz
u1mV8S34emwaNLIGm3kZC/VcvhyfDWNlktAo+I1p46y/r26qx8jFuIrTBAGvy9rtY4lveKE3a0RL
79Obx5IzcSOyGRnFY7XbOow1QsSjKdTAPD579vz07csrGlW6n/3ciXrbY4fJlLOG3whNw00qbmdx
qt77PlZ834Xl3YxsS8/Za1Pn25wK9iNG1sAiqaWullFbKksePdhTOZTHrjaoIVnPFuO1kCcCygKa
blFMsogXRSlPiKRFlHWxOgZyz0gI1mWZq3Mk92E2PBFTVtJphYZAsrAW/Jpty67WsFiaMGiHulPC
AMXQGY1sS4Bfi9sB3EksEg7VNOy2LL5uGW348ZqR+HIwS1tiW6KQ3hsrvm83omBdta55DADzVUFW
pYAtVwVjR6NjFKinYwYQescdMqh50WS8BVHysSQ1K4EGrOJKtFJeVMlFgql9KhrJCbKyu94BluqF
Pz1oNl0bo92d6WM+S7aaDKdnos2qM4XwGAZM05TD9ugmseFIE0n5aZaVtyzThzx048VuUs7+l2yL
5kgjm+lHIxKO1EsSvUieDSBnYFAppEbgwi3Tsqb52maHx2NQ36N/hclA8DyOGboSpR+SOzRyzXLB
6VCEPIUErYSCqIb0xM8dz0iu8pgRHZvpBDvWSBFAHhF0hVHMakFBYAa90BuVJR5L3K871FM1md1p
sy2iK95c0+GaaxjaXE5420B3ZPs9pzRtU5dF2UG9mN5M1Wmc/mQMHGbKaK8djDTy/Adkg0BKY3lX
6EpIAb+U+qfDDRXovEthggJiAEvStIuBOJKtJuhFQsZMc8hopyxtv4b42louixGdI2VTB4vZMXjo
4FiWFItkY6Y5XUpQh8bMpXXUXVGQOmMKRWUllSDfUjRzekOnr1merjfw9po3m+nYO7XlkETquqta
NaoERoLJQZvmSyoXXitfQcTKYzidbQHZD1NANkI2V0LQsK75yNBou01NGiwNgR4BvN4qr/1bVoaw
HkqVTI3DEfK0JefPUUaG2xYSZ5dK1IYUrmol5fIr0tptKiUvLQpefTtTgHojaySHSVrT2RkG6gsJ
K6mF6FEqI4e2OvJjti6hKDpxI62CEK0lmTNJ2pIZxAWwyxitNpL/33NAtcfH6Kc8+vvob9qyUgfR
VHwdSNLgGobwUdHeVjwQRFh7qkzDcjRhMgh8L71C09d8/QdQKP1CkkQRg0UdslOB7MTEnYg6GX1L
RbLySMpmw2xxF6EeaHYcqcB1fvVsya6+e3HJXr549eKKnV5cvHzx7JJdPHvDUL/9/dmbKcMkdnWO
Wc/Y99+dv3zGLt6cP312eTk/DAF78rAWrhYHWo+0lBmbAnFDDEYbIUOylMYQbE3IHjVDLGOLnDJD
KBQqzEpQqPvAJwI0rIn4/ZCxKSNDiUYZsqBpGpmErIAg9O4COe0yaBznlEOoEJAL5vdnky3oyhlq
q0RE9YKSLJGr9KrWDjzAvETV7Fi1Dc1r8+hhkjTntuZ8zesQnjHb7eHLAPSwdKWrETl6FdOrELtz
XnSyOhlTgsqtgw0+mvY54dAIezNU6TVJAEvxm+9ccM7OVcxXBo/youyyeKAlRRK5LdiO/kYBriT5
YNSl/bZCY3sug8W9JClNR0EYeEvqMu+TrVqtZ8zGpjnWMHGjNXnPNtgDJrVnHZd9RUkqq4GJzFAb
ctzllSq/VI3H9IMZPej1dUaT9AJJuySz5wB3SPNwdv6AgJG0kfiA4UbQGcpONOr4bCPWfTlKQYuw
7aia9opUNYKuOueKGpr6QTlRRxNtuuK66Wl/yisaTfMuR45Feq1Z3x2QIpnqfxQVO7mSv2hRSo+5
b2OoxitNkUQ4ozK5Q9J1Bo2dlerRoU1TbURRT8FXk3sXUrD0xDFnsnKYRRz+OfBGW7yyVkH5SNID
darAUFAqTk0LU2sUhzvusEzLU/HTY6bJPV4lwIz6BA3346A+ZoerohAtKWypUwRKs02ZqRIz5G20
kaW4JBlVE0xIJxkZ21RrpJ+q1BKKodhU6e1orKX+EYXVekub/Ospm5kjBUrlScSztidGpwAZtXd1
rGxGqYSMFefU7MhCnxZjUJM1Z9+hFoQtPZbFHXt68XaKtaAhhH/dpjHMXtYKKnoO8GcS/pK5fdm9
q8jVuffR3Dk7jRGoNjxLTtBrqjYhFrBhjQpIGe1nkIGNHHGX9kbA9rqaO4pqVGLybM6IiLcXxUVf
bO86ROoliKhbpE1a2FVFNdP3B93NK+11TfqLGPRJZXmvRnoJ05dMKNuVeYxSqxNYatGjObvQazJe
r+UCrltVbQsSY1LzNbEAnUBsTZXJioX6z5w+xICz85r09DRLMUs11HQsSzQte3X1VlLagCViO+xa
Rg28VOUOnWou5n2sydtuRquWktpxfyiKqN6q8/tgmXYOUAuhYO3ZRINMmyVzJrPUhlMRwNIcsmlJ
d9CG/EIZYWoqaYHSbiTRG5IEoq4MxEjRXIbzRqlUlRKY22obJU6E2kDQoU53U2fnskg6e3F5+i3q
I1lPdYW0IQrYHUVKCpOxKhJSMkb9PUg87jd2fO58PRZht172Tds3zKRmTZesG4Qr+ZzpHr5Ruw7k
zUVTquStPcIkYIpqBe3ppiwbuTPR92qi78ZlFI95y1nDb/psQftCeodrRs92gY0Ik69pVNGmN21+
KtNC7QhISX3NfgjLO/L8mr04Y8c/vH1x9gh6h9uDBsy/hdpIMSnSPZyDerg61vJR5Qe8odzproC3
//Dtyx6+7u9GI19LZLQ1JgsHqV5dikjeyn4LSafR0c5Wkki0eJYm29ldl8Y7hfS7a+Pdmyu5/aJc
TX0Mr2Qg52q/6hq9DRQhiLQqzOo1M7VmqebHIaFRKUSHR42FciCdl+17lIKWZYepeNrP2tu+e3DH
TAn3NC87ih6JynU6mEBkvWgpt1N0lFshUD9dy+SMxW9kqh4tlowXQrXeoVDAQpGQ7zcVv5VGQTaq
oEvTouH9pK/YJ0QD+4iBjB+SCl4imbWYQD59iErjYTJ5TRvxjPfmDmL7xfQ7UGMf7PCEWRlJ923S
WOUM+aETdAqDa7pwLIU1JVHMELFKnfJmSG1yq0kbB48ikQnZKSjzlliz9BooqE+WkSjjYH1dl7ft
RsUxoOBso6CNghy8v2lVSpbEzkgaPWmznWgUay/OmhFfFKZJ8woaU6cpBzb1llNf5sg1e0oCvBmz
2BHIRKu8U+RuW2vQ5fy+MnXwuuXq6zEkE7R6yoqqsuqy3m30DeV7OUenDdsihLINIi4lJsq4FLlQ
EugGQ25yq428pS51aN9RNtdqWFUK2rJAyC5Cx7ugR545o2/3DoaGwLA/XG1QkyflKKcjHszU66th
5gZ6WypS5lWeV/O0lBQj1G1zag7hyi1ttEbNjnRKU/o52z2XLMgwx9frWqz1lqLef1TbLPSp0fUh
f5I+xJrzs3M6Zz3TSUHVBxS+boXqQLj8BIowNpLwHQNybD56K4A8PUi+q+irRKWce0KFQtVzbUyo
hOg4scxlo3zzlDbvxXgvb4rkUG043EJQZK+Jhr4uRcZIRI3eY0ZxsaBkqJ72uUtlDr63N6jfp42S
bYcaHLWNjK19CNMApZbV8x7HPa0qvsZqbdN8l0F0NiagNJ+snhIGaZHCOCGUm556Ub/BPd8h0E/G
GHrJfTzf62SiNKk8YLSXpGEAfKvl2e8abfSgCnH10Eno6ECb8GjWYlkGpckAiA7kdrV6JUPRpt9K
UZEX8HR06vMtpy/5dJ+G0prTW119RwUQaNS6WvZKU89go7Snt2Q/ysoFRetUbvK9I6Dq09cheY9f
FUk2qJKuZYDfjL+gpf2Rh/KojM+yfWxkxyDbb+gnBa26CBiTr/BKGtQlo5d1lKtUTt1hXLLnL0+v
1KD6nBBt1V/1EfDpIrgDR4WY2ndxWrdTGXT/qis99bJlvGmhnJgSHUSr9xR5p61OnXpg6lMT+npU
xd2+U6uHtzQyqAAO0lEkX5M1vZxm/SsemIAq64+ey2giUcn5e0BkXaxH3o9GZrK+HBV+6sNl9SVx
o5vc6JrapEY2dAhuYYoGZasKueGL45Q+Wc1UplCuoriU8FEZDS31ZDoRdyjzZdkvDw2iWhl/IhFG
+qz0MEJv34qY13tjZf4+LluEu71RfXZ0N9DV2fieAsP4PkmzVuwBXud7H2ygw9mjJYVv3YwH6DOE
8f3oyOluDH6uDwyYczp6JjsUyHQ8qYr25fBGJLszxMNoI0N9sz+E8ikfj1xevNxDv21+zuR3J/qK
DY/a8loUyOh7ItjyPNNnfel0wy9ppQ6YBXM6kf6LOvA9zMbtXb4v5JKosQzDNk2LjhJfnJ3vcRqX
7yUlh4MYSvf1A68vmmZvojps8sOrPRYPKMAtbR/ss4VB+WH03uDoeL9N/KoDdBebA2ujokl+wmHp
w+UkmHStvu3Qa+lzH91V9CfQaSm1maUesJS80ItkyhDJILQdCipa9iwxvqfEdE/vUlr2eAidXCfj
8rpT1tXD/ycVXucXciNst+DXX/8PrvrF5Q==
===END CRASH DUMP===
