PocketMine-MP Crash Dump Sun Oct 17 14:33:21 WIB 2021

Error: Call to undefined method pocketmine\player\Player::sendDataPacket()
File: plugins/Sound/src/Main
Line: 30
Type: Error

THIS CRASH WAS CAUSED BY A PLUGIN
BAD PLUGIN: Sound v0.0.1

Code:
[21] 	{
[22] 		$player = $event->getPlayer();
[23] 		$packet = new PlaySoundPacket();
[24] 		$packet->soundName = "C418";
[25] 		/*$packet->x = $player->getX();
[26] 		$packet->y = $player->getY();
[27] 		$packet->z = $player->getZ();
[28] 		$packet->volume = 1;
[29] 		$packet->pitch = 1;*/
[30] 		$player->sendDataPacket($packet);
[31] 	}
[32] 
[33] }

Backtrace:
#0 pmsrc/src/event/RegisteredListener(75): NhanAZ\Sound\Main->onJoin(object pocketmine\event\player\PlayerJoinEvent#112224)
#1 pmsrc/src/event/Event(62): pocketmine\event\RegisteredListener->callEvent(object pocketmine\event\player\PlayerJoinEvent#112224)
#2 pmsrc/src/player/Player(749): pocketmine\event\Event->call()
#3 pmsrc/src/network/mcpe/NetworkSession(704): pocketmine\player\Player->doFirstSpawn()
#4 pmsrc/src/network/mcpe/NetworkSession(697): pocketmine\network\mcpe\NetworkSession->onClientSpawnResponse()
#5 pmsrc/src/network/mcpe/handler/SpawnResponsePacketHandler(44): pocketmine\network\mcpe\NetworkSession->pocketmine\network\mcpe\{closure}()
#6 pmsrc/vendor/pocketmine/bedrock-protocol/src/SetLocalPlayerAsInitializedPacket(45): pocketmine\network\mcpe\handler\SpawnResponsePacketHandler->handleSetLocalPlayerAsInitialized(object pocketmine\network\mcpe\protocol\SetLocalPlayerAsInitializedPacket#112304)
#7 pmsrc/src/network/mcpe/NetworkSession(388): pocketmine\network\mcpe\protocol\SetLocalPlayerAsInitializedPacket->handle(object pocketmine\network\mcpe\handler\SpawnResponsePacketHandler#106835)
#8 pmsrc/src/network/mcpe/NetworkSession(351): pocketmine\network\mcpe\NetworkSession->handleDataPacket(object pocketmine\network\mcpe\protocol\SetLocalPlayerAsInitializedPacket#112304, string[2] q.)
#9 pmsrc/src/network/mcpe/raklib/RakLibInterface(187): pocketmine\network\mcpe\NetworkSession->handleEncoded(string[5] c*d..)
#10 pmsrc/vendor/pocketmine/raklib-ipc/src/RakLibToUserThreadMessageReceiver(42): pocketmine\network\mcpe\raklib\RakLibInterface->onPacketReceive(integer 0, string[14] ..-.::.....9.&)
#11 pmsrc/src/network/mcpe/raklib/RakLibInterface(121): raklib\server\ipc\RakLibToUserThreadMessageReceiver->handle(object pocketmine\network\mcpe\raklib\RakLibInterface#23300)
#12 pmsrc/vendor/pocketmine/snooze/src/SleeperHandler(123): pocketmine\network\mcpe\raklib\RakLibInterface->pocketmine\network\mcpe\raklib\{closure}()
#13 pmsrc/vendor/pocketmine/snooze/src/SleeperHandler(82): pocketmine\snooze\SleeperHandler->processNotifications()
#14 pmsrc/src/Server(1546): pocketmine\snooze\SleeperHandler->sleepUntil(double 1634456001.033)
#15 pmsrc/src/Server(1107): pocketmine\Server->tickProcessor()
#16 pmsrc/src/PocketMine(293): pocketmine\Server->__construct(object BaseClassLoader#2, object pocketmine\utils\MainLogger#3, string[41] C:\Users\nhang\OneDrive\M..y t..nh\FLOTV\, string[49] C:\Users\nhang\OneDrive\M..y t..nh\FLOTV\plugins\)
#17 pmsrc/src/PocketMine(316): pocketmine\server()
#18 pmsrc(11): require(string[85] phar://C:/Users/nhang/OneDrive/M..y t..nh/FLOTV/PocketMine-MP.phar/src/PocketMin)

PocketMine-MP version: 4.0.0-BETA5 [Protocol 465]
Git commit: b65e89b605aeba5f7958d3cbb6db47e766cd6f9f
uname -a: Windows NT PC 10.0 build 22000 (Windows 10) AMD64
PHP Version: 8.0.10
Zend version: 4.0.10
OS : WINNT, win
Composer libraries: 
- adhocore/json-comment 1.1.2@fc2f76979f0a44a5f5bc2a2b600d0762fe0e78e7
- brick/math 0.9.3@ca57d18f028f84f777b2168cd1911b0dee2343ae
- daverandom/callback-validator unknown@unknown
- fgrosse/phpasn1 v2.3.0@20299033c35f4300eb656e7e8e88cf52d1d6694e
- netresearch/jsonmapper v4.0.0@8bbc021a8edb2e4a7ea2f8ad4fa9ec9dce2fcb8d
- pocketmine/bedrock-protocol 2.0.0+bedrock1.17.30@faff7da904e68f69b1a9128956dac3122e87308a
- pocketmine/binaryutils 0.2.1@8cd078e2426f8100331f2d73bef10f481dad6cde
- pocketmine/callback-validator 1.0.3@64787469766bcaa7e5885242e85c23c25e8c55a2
- pocketmine/classloader dev-master@80226e0917be79ac3230606113e25134a31e6a85
- pocketmine/color 0.2.0@09be6ea6d76f2e33d6813c39d29c22c46c17e1d2
- pocketmine/errorhandler 0.3.0@ec742b209e8056bbe855069c4eff94c9734ea19b
- pocketmine/log 0.3.0@03ab1316da0b1978a7a1c8dd73e1c2a973cb62ec
- pocketmine/log-pthreads 0.2.0@6be3445c48c62eba3922f987f000bb20c81d161f
- pocketmine/math 0.3.0@83ec067b12c066fc61d9fb129daf7e61ef3b1d63
- pocketmine/nbt 0.3.0@98c4a04b55a915e18f83d3b0c9beb24a71abcd31
- pocketmine/pocketmine-mp 4.0.0-BETA5@b65e89b605aeba5f7958d3cbb6db47e766cd6f9f
- pocketmine/raklib 0.14.2@e3a861187470e1facc6625040128f447ebbcbaec
- pocketmine/raklib-ipc 0.1.1@922a6444b0c6c7daaa5aa5a832107e1ec4738aed
- pocketmine/snooze 0.3.0@fe5b1dbf0d6267da882d1f67924772bd93db833d
- pocketmine/spl dev-master@b7a8904f912c1f6d38ad867ff1120614ccb80171
- ramsey/collection 1.2.2@cccc74ee5e328031b15640b51056ee8d3bb66c0a
- ramsey/uuid 4.2.3@fc9bb7fb5388691fd7373cd44dcb4d63bbcf24df
- respect/stringifier 0.2.0@e55af3c8aeaeaa2abb5fa47a58a8e9688cc23b59
- respect/validation 2.2.3@4c21a7ffc9a4915673cb2c2843963919e664e627
- rhumsaa/uuid unknown@unknown
- symfony/polyfill-ctype v1.23.0@46cd95797e9df938fdd2b03693b5fca5e64b01ce
- symfony/polyfill-mbstring v1.23.1@9174a3d80210dca8daa7f31fec659150bbeabfc6
- symfony/polyfill-php80 v1.23.1@1100343ed1a92e3a38f9ae122fc0eb21602547be
- symfony/polyfill-php81 v1.23.0@e66119f3de95efc359483f810c4c3e6436279436
- webmozart/assert 1.10.0@6964c76c7804814a842473e0c8fd15bab0f18e25
- webmozart/path-util 2.3.0@d939f7edc24c9a1bb9c0dee5cb05d8e859490725

Loaded plugins:
ChatManager 0.0.1 by  for API(s) 4.0.0-BETA5
CommandDisabler 1.0.0 by  for API(s) 4.0.0
DEVirion 1.2.5-ALPHA12 by poggit, SOFe for API(s) 4.0.0
DevTools 1.15.0+dev by PocketMine Team for API(s) 4.0.0
HideCommands 1.0.10 by Himbeer for API(s) 4.0.0
PureChat 1.4.11 by 64FF00 for API(s) 4.0.0
PurePerms 1.5.0-legacy by 64FF00 & ProjectInfinity for API(s) 4.0.0
SimpleNPC 3.0.0-snapshot by brokiem for API(s) 4.0.0
Sound 0.0.1 by  for API(s) 4.0.0-BETA5
TNTManagement 0.0.1 by  for API(s) 4.0.0-BETA5

----------------------REPORT THE DATA BELOW THIS LINE-----------------------

===BEGIN CRASH DUMP===
eNrtXItz28aZ/1d2qE4j9wQSL+LBjjNWJLnxnWzpLLnONcx4FsCCRAUCDB6S6Iz/9/t9uwsSoGTX
Tn29mxunqU0uvv32e7+wzG+jtKxWvHl3K6o6K4vRzD0aNdlKjGaW57ju1DNNa2xafmCFR6N2rR5N
3XHgBXgYuObUmlrYk/O6OauqshrNfhs1mzWgRur70Wgl6povaOWE5zlrStYWiUizQiRsJZplmbB1
Gd+IZoWl+Xyd842o5vNL+fdsVosiOeUNv+QEc/gEGNM2z59nuUQ5m8/f1KB+Pi+WvFjM5xeFOK2y
W2B6OW9NU1gb1sgPSbGcz5+fX1z/lQ5pF1mBTVcliJnP6yoGPM+K8Xq5phMUdg02kVATAE0IBs9z
kDqaOSakVfEYH38eHZhsvSIQ+r+4FUUzeS0WWd2ISiTn9HchqkN/+mTGXoHS479tDyecxvdl8e9l
VhyW0d9F3AwkIpHtC4aAz+jBgWXZtu2SXA6sByRIkEPPxqmPoHxIoPF9DCWpXf8UKXaPFAU+UdCH
vhs+To3EoQiQaj5wejgK0dyV1c1kFa/F5JX6cgXLgtUe+qa7h3FIoPF9Uj7Pqrq5WvO7QuF2PxO3
F/p7uDX0fE7g8/kQnvR4kmdgRJ71WtTrsqiFOnP6sTNhD0kOCQ32KIP/UT06dN0vI+MToL/FeVm3
lfigqPI0VZB+UlaT3cZJJJIK34x1VTZlXOaS8CvRnJfQkRLtcf2iyJqM59l7kWgXdaefJlVzC/v/
KLvG9wroE4c9Zp57B3V046R/RDSZrmMq0/U/0zScIPg0o19wfsfwZ3D1GeI7sEwvcKaSm+BzuZla
X2Zhio5eaP6fUMgRq5sqKxY/27+wX8eSofBjDFX8Js+iyWt+c55FLwrEtRSx+dAK/N/D2FkRlwnM
TJ8//YXFf0rGigTL/KjPKCKMbK0IVMRcl5SjrpeV4MlLlQ5fi1ggS8Gx7U9TpxAiVg/ZokCjJKUx
HWZ4tBAVM7cys9xf2HhsjGezMf0Tjv+oqLe+VII2mUZHCDi5JfMDix1Vn+DvCwz7I5we2I5jmopy
+6Nyr4uyfC9UhMqFWIuqi5ywo98p4c/YsxdLLed3EBjsW4AChZMM4EAPojGk+6pssjSLeQNrrfW5
/XR2JRV0aE1d7zMR1/T9TdFk+WFStlEuWL/8cxx1xvSRMyxz37nUE+P7JotvLhXBZaWp9HoYLuWe
l9hzaIfOR5C8exeDx6Zq4214+YHX4gT1Zn1e8gShzj5ij5hWC15qVVqdlwu4xYGzdQvX+oV9sm4c
j1Ezjse9enG3N/zivdtaU8nAf1wGjvVAWUrEapeO4hA4eaL4tc0q0YWmALFpveTVbDI5mU0kZRNJ
2KSja7IjayKp6p1svLwc0+4hQU9Gv3w4Gol/XUn/mQU3iFIw77LitsxvxQqlFjYmkEfcjLqnWJEo
sEBRnFiwLSzOm9+wZNvy47z5g6KMPWV/EKr4XIhGl6lP/kyQzhZS0grIQtwxApH4Ow4krDuEhVsR
yCu+Etg2H524VjAfSciphpz8aQt7T0SsdbkKKn7SSL19pJs9wP/SgP4+4Ps9wL9pwGAfEHJsJY2W
fB7uP19nTbyUj/80AYBjDqUHPof61BvlaY6S+gf6SFKnv0mmH0YfvvVO33qnb73Tt97pW+/0rXf6
1jt9652+9U7feqf/L73T0WhBFSHPqfMoOL01GQ22gbAIyti9eBm5Y3NsGj+cXR9P6WGb5cloZpuW
fTTK6neJuB3NUp7XAi2OzgSjmetNcVJGDVDkTUUQRp455SLi09QPp0HixFHkJZHrC9/z4sRLwxS4
W03Q2wx+dlezV9fs8oRZOJ7JY5ltm6bJDrvnlvmEHb889Vxqr5Zr7AxAq2Xi63u4qqZdfsfjd2VN
uF+8enWNBfnlTrZwcblalxDwOzh/xatM1CQcnizBSyUmf6+RPwCjGzprbI3tZ2lspz7KyDA1ueuC
rWkU29wGm2Zi+p6dClP4gfBJYhWcZrLizRK7TQRs51nMp35iBalpB2ngpr7vR7blBXFihZYVmYkQ
tuM6XGB3wqEJuHS5mlANHSE7GLfIqQlvqAOGzG6K8q54pv+mjnVRlXUtJmCZ1wW1Obf22Bmbz2zT
DkM4fuxMUxfRV0A1nvBFIIIgTqd2YiWeF7p0KgJjJWrBq3gp+V/xNUILoZLW8CyIoti0LR6IJLKF
y33B7TTgiZvyUMRhEgs7jaOA2txPlJ7AZxO6f9MPIFp/7JjPUp6mfsJD0xVekHphZPHQsoNw6iU8
dtCOiMB3zIDvYc8KXm1kjJCCtsfWM4jUhBps1/bSwDLBvJXaie9EIrXM1A2shCewPzHE9KigETOh
Oc/1A9+F4j0vijn4ngbBFOhFMI1tJ7Zh6/F0yu09hBTachnaaCQgbo0VpxbtWWDatifM0PIj4Ydg
DuWRZ3qW5Qh7ajkudyzh8WC6h67MJUnEo/nMDCPhCe4lvpfawnESL7Cg4zCxw9i2Y9eLLV9YyR5J
coKiq06JiixExL5rR7YZisCcelEErqamF8auSNPQjUPfcQW3wmiIKi8XWwymwyMLYS/hZmSFfsB9
bsVBApELCw4CDHHk2SJ+gMFYN7LSqLd8eZGgdBW7QYwdEXdC207DwE8RAyIQGUN7lmelQ1RbPyNq
AkfEpudHlo2/vDT2rCRM8S1MeOoLzxKpE8HonSGKImq2GMIgdrnpRtBpaE0FfDZwEicyYwg9smH4
Fo/ixLGGGHYfjdV6GEKffUE8fFCBSrIsF/FHODyAmcAWfVNYqGxiz7OnpouwHKQu8MBBI74v510d
qzDBQyBU7rmuC5a8GE7H+ZT+DRwbVYCwROz6TsDFniermmMrpVRMIccoNRPP9oAkCBBMUs8Pbdf3
7SgJnSQKYJl7SNb50Bsinwdw+hTOHmN7goOTwPPTFG0DnMKNEVJMyydhV3xViw15Qo4qQSUqxGVI
JsY/vivEVDh2YDpWZE0914ymFixaCIgakvZik++QtG2mcgXCJAJ7GEV+Gk3RCHqhlcJyYbOJ6yZx
5MJUINfUdhNSDyLkGodPVMZG9SZ2TilgMKkTQ3L4H7d5FE1T7vp8GiBmhh4CLsJFNA17aHSwUbzY
khg3RowF/3HIXZifR95jx3bgOqHnhFYoPA8h0qYsUy3bVc15x8zDtFBvVmlZbGCb+SbN8tyI9ez0
FnIjJSJQJOHUD30RJmnoBGmS2JHpeCHoTJGxhAcjsWLxGK5VpISwRQfDsnyErwQRzjKTmAcwLT9F
+BWxNwUvcGHBI7jkY+iQugKzh8ui0O06IkEiQIjjIC7kAokgjZHFkDpNe+oihH4Ml9VjEzKzrDB1
EhFORYpcGLqBQ8khdmMHPDqQZ4g/getORKvyPa+aCcK3qHT2p/znhZ4b+3CYwEQScXngwtIdgZiU
JtY04pGZWkg70wGSNUKTQflJ6pdogWOECERJbCO4ciuKwpiS/zSOzGmCtAzaQtMHmg/b8bKsTU6W
vHnJC3RkVa+O668ejXYFnElFEFZ42yzLCgh+RhnI1xkNOPvFHVZFwdEowIBQnaOgS9BQFIneUZdp
c9pfWHE5z+4Gn73jVY1O03HkPKowL66u3168Pj9V8qizhuilSesJ6iokodOspoMH3Ow96XNEudj8
FEe/l5e6RZkTlVG0oUoTPA2J+Hy+Ts/+mlWS2C1D26UhJ/Z4ahyfX/54bNkDjhApF1RBH42uLp6L
0VdiUCGdz28lKfM5oq/+1CNPc3d1ffz6+s3lQ97E7XVZ5nWft25pyJs1RXFHHcKAsV2/wa4FX30t
1joawMqOmk+wsmyadY32CvJYttEYFX6vgZpscYDhH7NEaEvoMz1Y3jdPa2ifAF5FAmb8lZjV6Obz
PhGfZ55LtXUMHsDbZVsJ8tx+P9gtDXlyx9Ywiow89/lz0/wiliTyS1Gt6tED7kbPuUzl9WVV4qCf
YJplW1+eGd36aMf/O3X2fN4Ru/v0D/l/RO9ElH7Dt0WjhaOIHUpHrQ3FA1M3crHg8eYxIbE/MnBF
E40XRZoVWbP5WpYwkIQkrPfxK8hC4YEwrrLVOhevLk96wtit9YXhyKRSF3xdL8tmKI6oKm8y8dWc
XqOjKRhNLvv0fCnjGtVkh4OYli9rewzrl7f/8uzae634Ofnn+tW1ysVqarGlf7j+v8DHgIDP5Yeq
H45qXaBL2Esh3aRLhhM5XBuvqxJZvJFznNHB5fYbOynhewtGr/Tn1bw4uOINu4gbZnnM8memOzN9
9vbFD8xGzUoAOS8WLUh9KooFfV+VTfKUruyikp23aWp78s9Y/ilXHFf+6RG0osZYl1Xz1Aotx6bF
uyV4MvKsxppEye8N9V6zfmqZtLIAm6syEep5WlaxMLZrZZrSKvhNaDbVfV/frp8ih+NTkqVpFrd5
s3kqz1PTvqasjFo0DSr0+qnkTNyK3CCbeKoGmtu1WoikB0I9wtPTs+fHb86vaVWp3vi1FdWmOx0W
Uxo1vxWahttM3BkJWORFLJ4qvu+j8t4g09Iwg05wvFlRTXzAyBpYLLXUVrIVkspikAIbqBzKY9dL
UQvWscV4JVizFKwsoOkGAZzFvCjKhkWCZUWct4lI8IE9MBLCdVWusDMlBPs4a56KI1biSVUTShZV
gt+wTdlWGhfLUgbtUANIJ0AxdOUj3xDiV+Jui26SiJRDNTW7K4vvGkYzNV4xEt8KzNLUaUMUNsus
VnzfLUXB2vWi4gkQjOcFWZVCNpsXjB28XQoijC660F0HRpdeVCcGGVS8qHPegCj5WJKa0/s5sIpP
opHyogowFkyNgmhlRZiV3XUOMGNywksP6mXbJOgoDX3VZsbmo+199ng5by0hfIYFy7LkstP7kjpw
pJGk/DjPyztGjgBime5t2G3G2X+SbRGMNDJDP+qRcHAmjVBvYiCckTMwqBRSI3TRhmlZE7y22e3j
Pqq3aBFhMhA8TxKGVlzph+RO7zrYSnB6E0TBikErkSCqIT3xa8vl/aJFdgtY9O6tYIf6UASQJ4Rd
nSiMSlAQMKAXemkxw2N59qsWhVhFZndcb4r4mtc3jF5HwdDGEuBNDd2R7XecEtiyKguURawBeH1E
G/KEaTeHwxwxGmdX6rWnlA0CKa2t2kK/XlLIr6T+wRPMsCrvM5iggBjAkjTtYkscyVYT9CIlYyYY
MtojljXf0S2rSm5LEJ1jZVN7m9kheGjhWLYUi2TD0JzOJKp9Y+bSOqq2KEidCYWici2VIF8E1GOG
+lx/ZqtssYS3V7xeHvW9U1sOSaSq2nWjVpXASDAr0Kb5ksqF18opf6I8ht+WWQKyH6eAbIRsroSg
YV3jnqHRREsBbS0NgR4BvNoor/1LXkawHkqVTK3DEVZZQ86/QgkZbRpInF0pUZtSuKoDlduvSWt3
mZS8tCh49Z2hEHVGVksO0wwkImTJuziEJq2E6I5URg5tteTHbFFCUSXFCLIKOmghyTQkaTNmEhc4
XcZoNav9P88B1R6fop/y6D9Hf92Ua0mCjq9bkjS6miF8rGl8lGwJolM7qizTdjVhMgi8lV6h6au/
+woUSr+QJFHEYHGL7FQgOzFxL+JWRt9Skaw8krLZFlrcx6gH6h1HKnBdXJ/N2PWPL67Y+YuXL67Z
8eXl+YuzK3Z59pqhfvuPs9dHDEDs+gJQZ+ztjxfnZ+zy9cXJ2dXVeD8EDORhTz0tDvQdWSkzNgXi
mhiMl0KGZCmNbbC1IHvUDImMLRLEQCgUKsxKVKj7wCcCNKyJ+P2YsSkjQ4lGGbIgMH2YxKyQIPTu
AjnVv/qMC8ohVAjIDeOH0GQLunCG2tYipnpBSZbIVXpVe7c8wLzEut6x6pia1/rJ4yRpzh3N+YJX
ETzD2I3JZQB6XLrS1YgcvYvpXYjdK160sjrpU4LKrYUNPjnqcsK+EXZmqNJrmgKX4ne1c8Exu1Ax
Xxk8youyzZMtLRmSyF3BdvTXCvFakg9GPRrTFfq05zJYPEiS0nQUhi1vaVWuumSrdmsIo2+afQ0T
N1qTD2yDPWJSA+u46ipKUlmFk8gMtSEn7Wqtyi9V4zH9wKAHnb5OCUhvkLRLMjsO8A1pHs7OHxEw
kjYSH064hZHVdSsoMDRLaG3RlaMUtOi0HVVHnSJVjaCrzrGihkA/KifqaOJlW9zUHe0nfE2r2apd
IccivVas6w5IkUzfdZZU7ORK/qJFKT3moY2hGl9riuSBBpXJLZKuu9XYaake7ds01UYU9RR+Bdy5
kMKlAfucycrBiDn8c8sbTYZlrYLykaQH6lSBobDoy9lqj+Jwxx22aXkqfrqTCbg7Vwkwpz5B4/00
qk/Z4bzQ951mOkWgNFuWuSoxI97ES1mKS5JRNcGEdJKRsU21RvqpSi2R2BabKr0d9LXUPaKwWm0a
Qn7EDKunQKk8ebDRdMToFCCj9q6Olc0olZCJ4pyaHVno02YsarLG7EfUgvLePBV37OTyzRH2goYI
/nWXJTB7WSuo6LnFb0j8M+Z1ZfeuIq+ldHqwY3acIFAteZ5O0GuqNiERsGF9FA5lNM8gA+s54i7t
9ZANupp7impUYvJ8zIiIN5fFZVds7zpE6iWIqDukTdrYrou1ob/vdTcvtdfV2Xux1SeV5Z0aa0p4
umRC2a7Mo5da3dBWm56M2aXek/NqITdw3apqW5AnphVfEAvQCcRWr3NZsVD/uQLx5Oy8Ij2p69Sq
oaabT6Ju2MvrN5LSGiwR21HbMGrgpSp3x6nmYtzFmlXTGrRrJqnt94eiiKvNWvl6ymhygFoIBWvH
JhpkGpaMmcxSS05FAMtWkE1DuoM25I/QEaaOJC1Q2q0kekmSQNSVgRgpmstwXiuVqlICsI22UeJE
qAGCDnW6mzq9kEXS6Yur4x9QH8l6qi2kDVHApl+uVBQmE1UkZGSM+sclSb/f2PG58/VERO1i1jVt
3zOLmjVdsi4RruRzpnv4Wk0dyJuLulTJW3uERcgU1QrbybIsazmZ6Ho10XXjMoonvOGs5rddtqC5
kJ5wGfRsF9iIMDlAVEWbHtr8vcwKNRGQkvqO/RSV9+T5FXtxyg5/evPi9An0Tj/8uCP4O6iNFEOv
CuAc1MNViZaPKj/gDeVOdwW8/acfzjv8ur/rrXwnD6PRmCwcpHp1KSJ5K7sRkk6jvclWmspj8SxL
N8Z9myU7hXTTtf705lqOX5Srqf/egZKBhNV+1dZ6DBQjiDQqzOo9htozU/BJRMeoFKLDoz6FciAv
FtsepaBt+X4qPuqgBuO7RydmSrjHq7Kl6JGqXKeDCUTWiZZyO0VHOQqB+umzTM7Y/Fqm6t5myXgh
VOsdCYUsEin5fk134qUrLTs7k6ZFy8Okr9ing7bsIwYyvk+qvnSL0wTy6WNUmo+TySuawzPemTuI
7TbT31tqnL0JT5SXsXTfOktUziB+OHQKg6vbqC+FBSVRQIhEpU75ZZva5KhJGwePY5EL2Sko85an
5tkNjqA+WUainIP1RVXeNUsVx3AEZ0uFrRfk4P11o1KyJNYgaXSkGTvRKNZenNY9vihMk+YVNqYu
LG7Z1COnrsyRewZKAj6D2ewAZKJV3ilyN9ba6nL8UJk6eN3xTHazSCZo9ZQVrct1m3duo79Qvpcw
Om04Nh0o2yDiUp5EGZciF0oC3WDIIbca5M10qUNzR9lcq2VVKWjLAiG7CJ3sgh55pkG/Qdhb2gaG
4fJ6iZo8LXs5HfHAUC+vtpBL6G2mSBmvV6v1OCslxQh1mxU1h3Dlhgatcb0jndKUfs52zyULMszx
xaISCz1S1PNHNWahH8fd7PMn6UOsuTi9oKvMhk4Kqj6g8HUnVAfC5e8U6cRaEr5jQK6Ne28FkKe3
km/XoEor54FQoVD1XBsTKiG6sStzWS/fnNDwXvRneUdIDuslh1sIiuwV0dDVpcgYqajQexgUFwtK
huppl7tU5uCD2aB+ndZLti1qcNQ2MrZ2IUwjlFpWz7szHmhV8dVXa5OtdhlEZ2NCSvDyB6+1el9C
YZwOlENPvakbcI93B+gn/RM6yX063+tkojSpPKA3S9I4gL7R8uymRku9qEJcte0kdHSgITyatUSW
QVm6RUR3XttKvZKhaNONUlTkBT4dnbp8i5qM17pPQ2nN6Z2u/kYFEGjUupp1SlPPYKM005uxn2Xl
gqL1SA75fiGksgXbJe/+qyLJBlXSlQzwNEbpXr3J+chjeVTGZ9k+1rJjkO039JOBVl0E9MlX50oa
1EdGL+soV6mcujtxxp6fH1+rRWo1BE3W/qxvWR9Nw3twVIgj5z7JquZIBt0/60pPvWzpDy2UE1Oi
g2j1TJG32urUjQemfs3RVl3c7Tq1avuWRgYV4EE6iuVrsrqTk9G94oEJqLL+4LmMJvIoCT9AIuti
vfKut2LI+rJX+JWq9hf3iG21bnLjG2qTatnQIbhFGRqUjSrkJBzxC1LQgqlMoVxFcSnxozLattSj
o5G4R5kvy355Lw/VSv9XCFGsryNvV+jtW5HwarBWrt4lZYNwN1jV1zN3C22V979TYOh/T7O8EQPE
i9XgNxHocAa0ZPCt2/4C3fTvf+/d6tytwc/1fQFrTDfWZIcCmfaB1vFQDq9Furumu12tZaivh0so
n1b9lavL88Hxm/rXXP60Q39i20dNeSMKZPSBCDZ8levrtHS54X22VhfTwjFd+n6v7lRvofH1fjUU
cknU2KbpWJZNt3UvTy8GnCblO0nJ/iKWsqF+4PVFXQ8A1VWTn14OWNyjAF9pfDBkC4t3Vban7t4N
eof4VRfvLpd71kZFk/yVhK3vb5NgsoX6+YTeS7+o0V1Fd8mbtlKbWeoFW8kLvUiuDJEMQtuhoKJl
YInJAyVmA71LaTn9JXRyrYzLi1ZZV4f/b1R4XVzKQdhuw4cP/w2uaqKh
===END CRASH DUMP===
