PocketMine-MP Crash Dump Sun Oct 17 12:58:24 WIB 2021

Error: Call to undefined method pocketmine\event\server\DataPacketSendEvent::getPacket()
File: plugins/HideCommands/src/Himbeer/HideCommands/Main
Line: 47
Type: Error

THIS CRASH WAS CAUSED BY A PLUGIN
BAD PLUGIN: HideCommands v1.0.10

Code:
[38] 		foreach ($this->getConfig()->get("commands") as $command) {
[39] 			// We put the command name in the key so we can use array_intersect_key and array_diff_key
[40] 			$this->commandList[strtolower($command)] = null;
[41] 		}
[42] 
[43] 		$this->getServer()->getPluginManager()->registerEvents($this, $this);
[44] 	}
[45] 
[46] 	public function onDataPacketSend(DataPacketSendEvent $event) {
[47] 		$packet = $event->getPacket();
[48] 		if ($packet instanceof AvailableCommandsPacket) {
[49] 			if ($event->getPlayer()->hasPermission("hidecommands.unhide")) return;
[50] 			if ($this->mode === self::MODE_WHITELIST) {
[51] 				$packet->commandData = array_intersect_key($packet->commandData, $this->commandList);
[52] 			} else {
[53] 				$packet->commandData = array_diff_key($packet->commandData, $this->commandList);
[54] 			}
[55] 		}
[56] 	}
[57] }

Backtrace:
#0 pmsrc/src/event/RegisteredListener(75): Himbeer\HideCommands\Main->onDataPacketSend(object pocketmine\event\server\DataPacketSendEvent#24670)
#1 pmsrc/src/event/Event(62): pocketmine\event\RegisteredListener->callEvent(object pocketmine\event\server\DataPacketSendEvent#24670)
#2 pmsrc/src/network/mcpe/NetworkSession(406): pocketmine\event\Event->call()
#3 pmsrc/src/network/mcpe/NetworkSession(661): pocketmine\network\mcpe\NetworkSession->sendDataPacket(object pocketmine\network\mcpe\protocol\ServerToClientHandshakePacket#24744, true)
#4 pmsrc/src/network/mcpe/encryption/PrepareEncryptionTask(95): pocketmine\network\mcpe\NetworkSession->pocketmine\network\mcpe\{closure}(string[32] ..2<..F...}.....*.v........O...., string[424] eyJ4NXUiOiJNSFl3RUFZSEtvWkl6ajBDQVFZRks0RUVBQ0lEWWdBRVJ2eTdybzVUK2pRaGlHNmZ6eFhF)
#5 pmsrc/src/scheduler/AsyncPool(275): pocketmine\network\mcpe\encryption\PrepareEncryptionTask->onCompletion()
#6 pmsrc/src/scheduler/AsyncPool(147): pocketmine\scheduler\AsyncPool->collectTasksFromWorker(integer 0)
#7 pmsrc/vendor/pocketmine/snooze/src/SleeperHandler(123): pocketmine\scheduler\AsyncPool->pocketmine\scheduler\{closure}()
#8 pmsrc/vendor/pocketmine/snooze/src/SleeperHandler(82): pocketmine\snooze\SleeperHandler->processNotifications()
#9 pmsrc/src/Server(1546): pocketmine\snooze\SleeperHandler->sleepUntil(double 1634450304.8977)
#10 pmsrc/src/Server(1107): pocketmine\Server->tickProcessor()
#11 pmsrc/src/PocketMine(293): pocketmine\Server->__construct(object BaseClassLoader#2, object pocketmine\utils\MainLogger#3, string[41] C:\Users\nhang\OneDrive\M..y t..nh\FLOTV\, string[49] C:\Users\nhang\OneDrive\M..y t..nh\FLOTV\plugins\)
#12 pmsrc/src/PocketMine(316): pocketmine\server()
#13 pmsrc(11): require(string[85] phar://C:/Users/nhang/OneDrive/M..y t..nh/FLOTV/PocketMine-MP.phar/src/PocketMin)

PocketMine-MP version: 4.0.0-BETA5 [Protocol 465]
Git commit: b65e89b605aeba5f7958d3cbb6db47e766cd6f9f
uname -a: Windows NT PC 10.0 build 22000 (Windows 10) AMD64
PHP Version: 8.0.10
Zend version: 4.0.10
OS : WINNT, win
Composer libraries: 
- adhocore/json-comment 1.1.2@fc2f76979f0a44a5f5bc2a2b600d0762fe0e78e7
- brick/math 0.9.3@ca57d18f028f84f777b2168cd1911b0dee2343ae
- daverandom/callback-validator unknown@unknown
- fgrosse/phpasn1 v2.3.0@20299033c35f4300eb656e7e8e88cf52d1d6694e
- netresearch/jsonmapper v4.0.0@8bbc021a8edb2e4a7ea2f8ad4fa9ec9dce2fcb8d
- pocketmine/bedrock-protocol 2.0.0+bedrock1.17.30@faff7da904e68f69b1a9128956dac3122e87308a
- pocketmine/binaryutils 0.2.1@8cd078e2426f8100331f2d73bef10f481dad6cde
- pocketmine/callback-validator 1.0.3@64787469766bcaa7e5885242e85c23c25e8c55a2
- pocketmine/classloader dev-master@80226e0917be79ac3230606113e25134a31e6a85
- pocketmine/color 0.2.0@09be6ea6d76f2e33d6813c39d29c22c46c17e1d2
- pocketmine/errorhandler 0.3.0@ec742b209e8056bbe855069c4eff94c9734ea19b
- pocketmine/log 0.3.0@03ab1316da0b1978a7a1c8dd73e1c2a973cb62ec
- pocketmine/log-pthreads 0.2.0@6be3445c48c62eba3922f987f000bb20c81d161f
- pocketmine/math 0.3.0@83ec067b12c066fc61d9fb129daf7e61ef3b1d63
- pocketmine/nbt 0.3.0@98c4a04b55a915e18f83d3b0c9beb24a71abcd31
- pocketmine/pocketmine-mp 4.0.0-BETA5@b65e89b605aeba5f7958d3cbb6db47e766cd6f9f
- pocketmine/raklib 0.14.2@e3a861187470e1facc6625040128f447ebbcbaec
- pocketmine/raklib-ipc 0.1.1@922a6444b0c6c7daaa5aa5a832107e1ec4738aed
- pocketmine/snooze 0.3.0@fe5b1dbf0d6267da882d1f67924772bd93db833d
- pocketmine/spl dev-master@b7a8904f912c1f6d38ad867ff1120614ccb80171
- ramsey/collection 1.2.2@cccc74ee5e328031b15640b51056ee8d3bb66c0a
- ramsey/uuid 4.2.3@fc9bb7fb5388691fd7373cd44dcb4d63bbcf24df
- respect/stringifier 0.2.0@e55af3c8aeaeaa2abb5fa47a58a8e9688cc23b59
- respect/validation 2.2.3@4c21a7ffc9a4915673cb2c2843963919e664e627
- rhumsaa/uuid unknown@unknown
- symfony/polyfill-ctype v1.23.0@46cd95797e9df938fdd2b03693b5fca5e64b01ce
- symfony/polyfill-mbstring v1.23.1@9174a3d80210dca8daa7f31fec659150bbeabfc6
- symfony/polyfill-php80 v1.23.1@1100343ed1a92e3a38f9ae122fc0eb21602547be
- symfony/polyfill-php81 v1.23.0@e66119f3de95efc359483f810c4c3e6436279436
- webmozart/assert 1.10.0@6964c76c7804814a842473e0c8fd15bab0f18e25
- webmozart/path-util 2.3.0@d939f7edc24c9a1bb9c0dee5cb05d8e859490725

Loaded plugins:
CommandDisabler 1.0.0 by  for API(s) 4.0.0
DEVirion 1.2.5-ALPHA12 by poggit, SOFe for API(s) 4.0.0
DevTools 1.15.0+dev by PocketMine Team for API(s) 4.0.0
FLOTVCore 0.0.1 by  for API(s) 4.0.0-BETA5
HideCommands 1.0.10 by Himbeer for API(s) 4.0.0
PureChat 1.4.11 by 64FF00 for API(s) 4.0.0
PurePerms 1.5.0-legacy by 64FF00 & ProjectInfinity for API(s) 4.0.0
SimpleNPC 3.0.0-snapshot by brokiem for API(s) 4.0.0
Sound 0.0.1 by  for API(s) 4.0.0-BETA5

----------------------REPORT THE DATA BELOW THIS LINE-----------------------

===BEGIN CRASH DUMP===
eNrtW3lz20aW/ypd9NRG3uWBizg4q5RlHWPP2JbGkuNUwpSrATRIRCDA4JDMpPzd9/e6GwcpxUlm
XDX7RzwTm2h0v3731Y1fRklRbnj94U6UVVrko4UzHtXpRowWpms7ztywDWfqzwPX9sajZqteWc50
bjiBZxqWZ3uO5frjUcar+rwsi3K0+GVU77aYNlLP49FGVBVf0cgpzzJWF6zJY5GkuYjZRtTrImbb
IroV9QZDy6W4E3m9XFaiBFbL5Rmv+RWn19cij8/p5WKxErUaO3qKDZImyy7STO6wWC7fYWm1XOZr
nq+Wy8tcnJXpHQC/XjaGIcwdq+WPOF8vlxevLm++WS63WbNKcyx6kcbitNhseB7jqSojGtqEgjDZ
f/eap/l0u97S/mpvDWQ2nDcDiJmGsP+C1mNtBprBdrC3LnmEn9+Pnhhsu6F19J/kxuytWKVVLUoR
v6J/c1EeefOnC/YZ3CZfF/k+746K8EcR1X+Q2U8sx/UMYvMT8wFecsaRawGVR6A+xHrydQQVUKv+
XWysATa5qO+L8na2ibZi9kY9XEPtoNNHjuE+jp4EqDCSavTE/p0QXdc8gKhnL5c0fbncnz/5ugL6
PTGPUX4AYFsWdREV2XJ5LXlxU5xmKbB9QfJd81uhIIEbnuOMWV02QlLg/BoFIo/KHey3yGdXpdjy
Upx3Ize8uj0K5n+MpM9M/SXKiqopxaejqi7TfPW9bf3AplPrf6fTi+l0+mlKf/57ejfVfy7przHT
kx3L+YGJ3d+dN9++Sy/Tv7+5vsjst+8uvrs+r+/e32Yu//H52T+/ufju7W1lvH33zfN/Gtn5+/fx
87ff/N0SN/Eu/Pmbd/+wtm/537IXbzbfueJifSGZMx8wp4rWIm4yGOVJtcujq6LIjizvN3jQM3G5
fJSLZHOwwm0maEQplfsbu5qOd7BrN2u57KZBTYssg9bQNtVFWWzeAzG4gTSvxUqUTNmEpzeDZsdF
Oeuhzqq8KH4WEovrTIitKEmXsMmRadm/C4FfmdFLW2Lg/wsY+If+Q02F8u/NAwplEUEB3xR1mqQR
JyZXattgwGVlMkfm3HF/J9yKnt/ldZodxUUTZoINw1/gecr9GY9sYhqH4lNvJl/XaXR7pRAuSoWl
OfSgV3LNa6w5sgL7V4B8+BCBRth31LmN57wSp4i31auCx6J8Yo3ZIw6lATE6ErwqVtCQJ3ZvYuYP
7LOBcjpFkJxOBwGyXxv84bVdcFU8sB7ngW0+kJZisVqlfTMYjlml+KlJS9H6F3/+A9uuebmYzU4X
M4nZTCI2a/Ga9WjNJFaDnSevr6a0eh+hp6MfPo1H4j+W0nyBlAL4q/Uf0vyuyO7EBhsBaAzWRfWo
fYuRIRSMR0UsiGjbx7tlvayRJQoerdnRX+p1Wk2+Bq6nRZ6kq6On8uFoiTU6+Rg9Zbxif9HPT9kv
AGgHGtCyns3Ye8G2Tc3qtWB6Fsv5RrA0l2O3Yseqgt3jLc9ZUwnGy5LvPpCnKytg/oFm0Co1HqdJ
QkPYxzG6fTSmegPKP76HttRFVtxDpzr0fmDHLEf6+FdaberVn+jBwgP9a+vBnnRt+or0K8nD1zyH
OsixUic9UqyV4tiYyX+eyl0cCVDuMdd7uHJoC8+TRixp8og8G3uQvz2iN+wvUrcUmx2vxXUrZ4E2
9VphqrVLItFKNk0gVD0bilbzPBJFwk7ueJpxOMJWK9RivU0vTbl8sEXGd4oLa15diXKTqoRpOVpD
w1oVmTY5PUJTnsKS66bMCaW5sQ9VsXsDVWTHx8esElmyWLy+PDv/8P7Fy5vzVy+vbxQ6c7Nb2FHe
CZ5YBjY8okFHj03VgtrTG8mwudVt8omJDEopt7Z/79atkv7BXZ1+V3qcDxR07nZ6NCe5fxp9+rOG
+LOG+LOG+LOG+LOG+LOG+LOG+H9RQ4xHK4pZPKN8mrJcROq9ZUAshDD6DuzImRpTY/L8/OZkTi+b
NItHC8swrfEorT7E4m60SDgyEOTv2sMj2Xfn2Cml7D5058IPQteYcxHyeeIFcz+2ozB049DxhOe6
UewmQQLYjUbofQo7u6/Ymxt2dcpMbM/ktsyyDMNgR+1703jKTl6fuQ7VDustVvrA1TTw+DNMVeMu
n/H6Q1ER7Jdv3txgQD7cy/oEWc62AIM/ZGlY8jIVFTGHx2vQUorZjxViA2VCqloxp+bUepZEVuK5
gRckBncckDUPI4tbINOIDc+1EmEIzxcecayE0cw2vF5jtTENpvaziM+92PQTw/IT30k8zwst0/Wj
2AxMMzRiISzbsbnA6phDErDpYjOjoB4iRk7ueJbGvKZKEDy7zYv7/Jn+l0q1VVlUlZiBZF7llIze
WVN7ajyzDCsIDNuO7Hni2IYhIBpXeMIXvh8lcys2Y9cNHNoVQaIUleBltJb0b/gWvoVASW145odh
ZFgm90UcWsLhnuBW4vPYSXggoiCOhJVEoR8T53tvGYoYvuN20uvJyCJw/6NfgLXe1DaeJTxJvJgH
hiNcP3GD0OSBafnB3I15ZJuWJXzPNnx+AD3NebmTPkIy2pqaz8BSA2KwHMtNfNMA8WZixZ4disQ0
Esc3Yx5D/8Q+pEcZbQJT+5nreL7nQPCuG0YcdM99fw7wwp9Hlh1Z0PVoPufWAUBybZl0bVTvirvJ
hlMS+cw3LMsVRmB6ofACEGfZhmu4pmkLa27aDrdN4XJ/fgAOVWOpaTSeGUEoXMHd2HMTS9h27Pom
ZBzEVhBZVuS4kekJMz5ASXYS1ipYSFCkISLyHCu0jED4xtwNQ1A1N9wgckSSBE4UeLYjuBmE+6Cy
YtVBMGwemnB7MTdCM/B87nEz8mOwXJgwEECIQtcS0QMIk229RlEfVx1dbigoXkWOH2FFyO3AspLA
9xL4gBBIRpCe6ZrJPqjOzggb3xaR4XqhaeEfN4lcMw4SPAUxTzzhmiKxQyi9vQ8iD+sOQuBHDjec
EDINzLmAzfp2bIdGBKaHFhTf5GEU2+Y+hP7nZLPdd6HP/oA/HEAs+S28k0TLdOB/hM19qAl00TOE
mfAocl1rbjhwy37iAA4MNOSHfFZQJuk2UpBgIWAqdx3HAUluBKPjfE7/920LWYAwReR4ts/FgSWr
pKPjUiLm4GOYGLFruQDi+3AmiesFyOU9K4wDOw59aOYBkG22bw2hx30YfQJjj7A8xsax73pJYpoW
jMKJ4FIM0yNml3xTid1MJ5AqUMEvgzMR/niOEHNhW75hm6E5dx0jnJvQaCHAanDajQzeA2maVMUK
uEk49iAMvSSc277vBmYCzYXOxo4TR6EDVQFfE8uJSTzwkFtsPlMRG9mb6I1SQGESOwLn8D9u8TCc
J9zx+NyHzwxcOFy4i3AeDMBoZ6NosSQyTgQfC/qjgDtQP5esx4os37ED1w7MQLguXKRFUaZcN5uK
85aYh2Gh2m2SIt9BN7NdkmbZJNI9xDvwjYQIRxEHcy/wRBAnge0ncWyFhu0GwDNBxBIulMSMxGOw
NqFiQgcOimV6cF8xPJxpxBH3oVpeAvcrIncOWmDCgocwycfAIXT5xgCWSa7bsUWMQAAXx4FcwAUC
QRIhiiF0GtbcgQv9NVjmgEzwzDSDxI5FMBcJYmHg+DYFh8iJbNBog58B/gasexFuip95Wc/gvkWp
oz/FPzdwnciDwfgGgojDfVR4cHHwSUlszkMeGomJsDPfA7KFa5pQfJLyJVxgGAEcURxZcK7cDMMg
ouA/j0JjHiMsA7fA8ADmU9c7lbmJ7oqcpRX1xMpBLnf4ZjzqEzmKYJQL8aZeFyUAfY90kG9T6s9I
D0XpochpIVSI6m+kH6gpqAkr51ZFUp8NBzZctmurBslBWIThjvKz5fIACZWxUyMYEZDyzcvrm/eX
b1+dKe5UaU2YU7vo7PybtJTIdgR1Q/uUWNP55OTV1YsT09qjCP5lRXnneHR9eSFGX4hABXS5vJOo
LJfwWfrXAD1N3fXNydubd1cPaRN3N6g5qyFt7dA+beYcKRHl1XuE9Vk6uxF886VIa3EAKT02nyFl
XdfbCkUJ+LFuwiny4kHZMetggGBZk5wigx5Q3I8NSTYoS/+cYurq418k8Q3SnJPvdOlGm/9+hdw7
iOjJODif2Dcxc9/GRrqf+aUE9pn26G9RtFZLp6ABtF01pThd83pYCbZD+zQ5U3NfPCPXubgwjD9E
kgROPfhq9IC60QWXQby6Kgts9C3Mq2iqq/NJOz7q6f+g9l4uW2T7X79J/yO6S0jpQ60OjGaOQnaf
O2psnz0w10kmVjzaPcYk9l8MVFEv42WepHla776UJuxxQiI2+PkFeKHggBnXKbX/3lydDpjRjw2Z
YUtrrXK+rdZFvc+OsCxuU/HFHJcGRw2wbbRcDvH5o4RrULMeBhFdNNRC6AmWz/8BtyU3/r0ui/IE
jrxW0MnSfthoe0LS/GQbaopCHJG7lh2P0ZOr7omp01RGp77Lcpk/ueY1u4xqZrrM9BaGszA89v7l
c2Yhu6MJGc9XDV+JY5Gv6HlT1PEx3WpDzrdsksRy5d+R/FuO2I7826XZCpvJtijrYzMwbYsG79eg
aZKlFcYkSP5xspXnedWxadDICmTSeZx6nxRlJCbdWJEkNAp6Y+ritM/bu+0x4jZ+0QlYGjVZvTuW
+6m+GGr9SSXqGrlsdSwpE3cim5AOHKvWXzdWCREPplA2fXx2fnHy7tUNjSqRT35qRLlrd4emFJOK
3wmNw10q7idxqo45jxXdH8Pi44RUSs/Zq5mmuw1lj08YaQOLpJSaUhYNUlgMXGB7Iofw2M1aVIK1
ZDFeCnmwXeSQdA2HRwfbeVGzkM68o6yJRUyH3w+UhGBdFxusTAjAIcyKJ2LMCrwpK3lWHqKgv2W7
oik1LJYmDNKhUol2gGDo5D/bEeA34r4DN4tFwiGait0X+Vc1o+4TLxmxD/V9Sv2ZnTqeTytF9/1a
5KzZrkoeA8B0mZNWKWCLZc7Yk/drQYjR1Qg6uWJ0TULVLOBByfMq4zWQkq8lqlmBbUAqfgl1OYCy
vkgw1TShkQ1BVnrXGsCCyV4ovajWTR2j9proyxkLthx1Vz6j9bIxhfAYBkzTlMP24CGxYUgjiflJ
lhX3jAwByDJdBbC7lLN/km7RHKlkE/1qgMKTc6mEepG8o0DGwCBScI3AhTumeU3ztc52r4eg3qOY
gsqA8TyOGYpWJR/iO50KsI3gdGRCXVIGqYSCsAb3xE8NlzdSVukd5qLKbQQ70pvCgTwl6GpHMSkF
OYEJ5ELt/QVey73fNEhcSlI7eXZD50XsXp4VVVM54V0F2ZHut5TStHVZ5EgjWE3HS2NakMVMmzkM
Zky3PbalOvyTvIEjlTdAmlwfxCjg11L+oAlqWBYfU6igABtAklTtvEOOeKsRepmQMtMcUtoxS+uv
6F5OKZfF8M6R0qmDxewINNAVE0uyRZIx0ZQuJKhDZeZSO8omz0mcMbmiYiuFIFvm1ZQhJ9e/2SZd
rWHtJa/W46F1as0hjpRls63VqGIYMWYD3DRdUrilUP3wWFkMvyvSGGg/jgHpCOlcAUZDu6YDRaPe
j5rUaRocPRx4uVNW+7esCKE9FCKZGochbFK6G4LnFQ93NTjOrhWrDclcVXXK5TcktftUcl5qFKz6
fqIAtUpWSQqTFCjCZcljdAKTlEK0Wyolh7QasmO2KiCognwEaQVttJJoTiRqC2YQFdhd+mjV1fx/
TwHlHJ/Dn+Lov4d/VRdbiYL2rx1KGlzF4D621GiJO4Ro1xYr07AcjZh0AuqsWONXffUFMJR2IVEi
j8GiBtEpR3Ri4qOIGul9C4WyskiKZt1s8TFCPlD1FCnHdXlzvmA3L15es1cvX7+8YSdXV69enl+z
q/O3DPnbP87fjhkmsZtLzDpn719cvjpnV28vT8+vr6eHLmCPH9bc1exAnp4WMmKTI66IwGgtpEuW
3OicrQneI2eIpW+RUyZwhUK5WQkKeR/ohIOGNhG9v6ZsSsmQolGEzGma3kxCVkDgentHTnmv3uOS
YgglAnLB9OFs0gWdMENsWxFRvqA4S+gquaq1HQ1QL7GtelJtQ9NaPX0cJU25rSlf8TKEZUz6hrJ0
QI9zV5oaoaNXMb0KvhvVeCOzkyEmyNwa6ODTcRsTDpWwVUMVXpMEsBS9m94Ep+xS+Xyl8EgviiaL
O1xSBJH7nPX4VwrwVqIPQl1qzeV6twvpLB4ESak6CkJHW1IWmzbYqtV6xmSomkMJEzVakg90gz2i
Unvacd1mlCSyEjuRGmpFjpvNVqVfKsdj+sWEXrTyOqNJeoHEXaLZUkB3Qe8FjJ0/wmAEbQQ+7HAH
JauqRpBjqNeQ2qpNR8lp0W49VuNWkCpH0FnnVGFDU3+VT1TRROsmv61a3E/5lkbTTbNBjEV4LVlb
HZAgmap/FBY9X8leNCulxTzUMWTjW42R3HBCaXKDoOt0Ejsr1KtDnVYXP1v4anJrQgqWnjikTGYO
k4jDPjvaqBsscxWkj8Q9YKcSDAVF3/lUaxSFPXVYpvmp6Gl3psntvoqBGdUJGu7nQX1OD5e5viW1
0CECqdm6yFSKGfI6WstUXKKMrAkqpIOM9G2qNNJvVWgJRZdsqvD2ZCil9hW51XJXE/Axm5gDAUrh
yY0ndYuMDgHSa/d5rCxGKYWMFeVU7MhEnxZjUKM1ZS+QC0KXjmVyx06v3o2xFjiEsK/7NIbay1xB
ec8O/kTCXzC3Tbv7jLyS3BnMnbKTGI5qzbNkhlpTlQmxgA7rrbApo34GKdjAEPuwNwC2V9V8JK9G
KSbPpoyQeHeVX7XJdl8hUi1BSN0jbNLCZptvJ/r5oLp5ra2uSn8WnTwpLW/FWFHA0ykT0nalHoPQ
6gSWWvR0yq70moyXK7mA61JV64LcMSn5ikiATMC2apvJjIXqzw2QJ2PnJclJXZJUBTXdERJVzV7f
vJOYViCJyA6bmlEBL0XZb6eKi2nrazZ1M6FVC4ntsD7sLwESydQ5QC6EhLUlEwUyNUumTEapNack
gKUb8KYm2UEa8rtNuKmxxAVCk7fNMTWSXlc6YoRoLt15pUSqUgnMrbWOEiVCNRC0q9PV1NmlTJLO
Xl6fPEd+JPOpJpc6RA6bvnUoyU3GKklISRn1NwbxsN7o6extPRZhs1q0RdvXzKRiTaesa7gr+Z7p
Gr5qPwqgG2yFCt7aIkwCprBW0E7XRVHJzkRbq4m2GpdePKb72BW/a6MF9YV0h2tC73rHRojJxqFK
2nTT5scizVVHQHLqK/ZtWHwkyy/ZyzN29O27l2dPIXeYPXDA/HuIjQRDrXUYB9VwZaz5o9IPWEPR
yy6HtX/7/FULX9d3g5Gv5GbUGpOJgxSvTkUkbUXbQtJhdNDZShK5Ld6lyW7ysUnjXiBtd23YvbmR
7RdlauoTYcUDOVfbVVPpNlAEJ1IrN6vXTNSahZofh7SNCiHaPepdKAbyfNXVKDktyw5D8bidtde+
e7Rjpph7sika8h6JinXamYBlLWsptpN3lK0QiJ9+y+CMxW9lqB4sloTnQpXeoVDAQkHfxMCN8Hup
FKSjCrpULRreD/qKfNqoIx8+kPFDVPX1VOwmv7h5BEvjcTR5SX1rxlt1B7LtYvq3w8Y+6PCEWRFJ
863SWMUMoodDplC4qgmHXFhREMUMEavQKR+60CZbTVo5eBSJTMhKQam33DVLb7EF1cnSE2UcpK/K
4r5eKz+GLThbK2gDJwfrr2oVkiWyE+JGi9qkZ40i7eVZNaCL3DRJXkFj6mpfR6ZuObVpjlyzJyTA
mzCLPQGaKJV7QfZtrU6W04fC1M7rnqeymkUwQamntGhbbJusNRv9QPFeztFhw7ZoQ1kGEZVyJ4q4
5LmQEugCQza5VSNvoVMd6jvK4loNq0xBaxYQ6T103Ds9sswJffl1MNQ5hv3h7Ro5eVIMYjr8wUQd
9nQz15DbQqEy3W4222laSIzh6nYbKg5hyjU1WqOqR53ClH7P+veSBOnm+GpVipVuKer+o2qz0Ncv
t4f0Sfzgay7PLunS70QHBZUfkPu6F6oC4TDye7ljJRHvCZBj08GpAOJ0x/lmC6y0cB4wFQJV77Uy
IROiu60ylg3izSk178WwlzdGcNiuOcxCkGcvCYc2L0XESESJ2mNCfjGnYKjetrFLRQ6+1xvUx2iD
YNsgB0duI31r68I0QCll9b7d44FUFV1Dsdbppo8gOhoTUJovP5Gs1HkJuXHaUDY99aK2wT3tN9Bv
hju0nPt8vNfBRElSWcCgl6RhAHyt+dl2jdZ6ULm4sqsktHegJjyKtVimQWnSAaLboU2pjmTI27St
FOV5AU97pzbeIifjla7TkFpzOgPVT5QAAUctq0UrNPUOOko9vQX7XmYuSFrHssn3AwGVJVgfvIdH
RZIMyqRL6eCpjdIevcn+yGNxVH1eSeVjJSsGWX5DPilw1UnAEH21r8RB/WR0WEexSsXUfscFu3h1
cqMGqdQQ1Fn7q76PPJ4HH0FRLsb2xzgt67F0un/VmZ46bBk2LZQRU6ADa3VPkTda69QNAaa+e2jK
1u+2lVrZndJIpwI4CEeRPCarWj5N2iMeqIBK659cSG8it5Lz94DIvFiPfBiMTGR+OUj8CpX7i4/w
bZUucqNbKpMqWdDBuYUpCpSdSuTkPKJXfqGZqUihTEVRKeEjM+pK6tF4JD4izZdpv7rBRveC+vv6
YaQv7nYjdPqWx7zcGys2H+KihrvbG9UXGfuBpsyGz+QYhs9JmtViD/Bqs/f1ACqcPVxS2NbdcIDu
xA+fB/cf+zHYub4nYE7plpqsUMDT4aRttM+HtyLpL7R2o5V09dX+ENKnzXDk+urV3va76qdMfgSh
f7HuVV3cihwRfY8FO77J9MVTutTwc7pVl9GCKV2P/lndPu5m4/HjZp/JBWFjGYZtmhbda706u9yj
NC4+SEwOBzGU7ssHVp9X1d5EdTXj29d7JB5ggEdqH+yThcH7Mj0Q9+CuuU30qst2V+sDbaOkSX5P
YOmbzsSYdKU+NNBr6dsTXVW016FpKZWZhR6wFL9Qi2RKEUkhtB4KSlr2NDF+IMR0T+6SW/ZwCJVc
I/3yqlHa1cL/jhKvyyvZCOsXfPr0fxld1Ec=
===END CRASH DUMP===
