PocketMine-MP Crash Dump Sun Oct 17 12:56:42 WIB 2021

Error: Call to undefined method pocketmine\event\server\DataPacketSendEvent::getPacket()
File: plugins/HideCommands/src/Himbeer/HideCommands/Main
Line: 47
Type: Error

THIS CRASH WAS CAUSED BY A PLUGIN
BAD PLUGIN: HideCommands v1.0.10

Code:
[38] 		foreach ($this->getConfig()->get("commands") as $command) {
[39] 			// We put the command name in the key so we can use array_intersect_key and array_diff_key
[40] 			$this->commandList[strtolower($command)] = null;
[41] 		}
[42] 
[43] 		$this->getServer()->getPluginManager()->registerEvents($this, $this);
[44] 	}
[45] 
[46] 	public function onDataPacketSend(DataPacketSendEvent $event) {
[47] 		$packet = $event->getPacket();
[48] 		if ($packet instanceof AvailableCommandsPacket) {
[49] 			if ($event->getPlayer()->hasPermission("hidecommands.unhide")) return;
[50] 			if ($this->mode === self::MODE_WHITELIST) {
[51] 				$packet->commandData = array_intersect_key($packet->commandData, $this->commandList);
[52] 			} else {
[53] 				$packet->commandData = array_diff_key($packet->commandData, $this->commandList);
[54] 			}
[55] 		}
[56] 	}
[57] }

Backtrace:
#0 pmsrc/src/event/RegisteredListener(75): Himbeer\HideCommands\Main->onDataPacketSend(object pocketmine\event\server\DataPacketSendEvent#24673)
#1 pmsrc/src/event/Event(62): pocketmine\event\RegisteredListener->callEvent(object pocketmine\event\server\DataPacketSendEvent#24673)
#2 pmsrc/src/network/mcpe/NetworkSession(406): pocketmine\event\Event->call()
#3 pmsrc/src/network/mcpe/NetworkSession(661): pocketmine\network\mcpe\NetworkSession->sendDataPacket(object pocketmine\network\mcpe\protocol\ServerToClientHandshakePacket#24747, true)
#4 pmsrc/src/network/mcpe/encryption/PrepareEncryptionTask(95): pocketmine\network\mcpe\NetworkSession->pocketmine\network\mcpe\{closure}(string[32] {......7........6.b..E7.....K..., string[426] eyJ4NXUiOiJNSFl3RUFZSEtvWkl6ajBDQVFZRks0RUVBQ0lEWWdBRUVSZFl6SUVZZHRCOHVwSHJsSmpF)
#5 pmsrc/src/scheduler/AsyncPool(275): pocketmine\network\mcpe\encryption\PrepareEncryptionTask->onCompletion()
#6 pmsrc/src/scheduler/AsyncPool(147): pocketmine\scheduler\AsyncPool->collectTasksFromWorker(integer 0)
#7 pmsrc/vendor/pocketmine/snooze/src/SleeperHandler(123): pocketmine\scheduler\AsyncPool->pocketmine\scheduler\{closure}()
#8 pmsrc/vendor/pocketmine/snooze/src/SleeperHandler(82): pocketmine\snooze\SleeperHandler->processNotifications()
#9 pmsrc/src/Server(1546): pocketmine\snooze\SleeperHandler->sleepUntil(double 1634450202.9286)
#10 pmsrc/src/Server(1107): pocketmine\Server->tickProcessor()
#11 pmsrc/src/PocketMine(293): pocketmine\Server->__construct(object BaseClassLoader#2, object pocketmine\utils\MainLogger#3, string[41] C:\Users\nhang\OneDrive\M..y t..nh\FLOTV\, string[49] C:\Users\nhang\OneDrive\M..y t..nh\FLOTV\plugins\)
#12 pmsrc/src/PocketMine(316): pocketmine\server()
#13 pmsrc(11): require(string[85] phar://C:/Users/nhang/OneDrive/M..y t..nh/FLOTV/PocketMine-MP.phar/src/PocketMin)

PocketMine-MP version: 4.0.0-BETA5 [Protocol 465]
Git commit: b65e89b605aeba5f7958d3cbb6db47e766cd6f9f
uname -a: Windows NT PC 10.0 build 22000 (Windows 10) AMD64
PHP Version: 8.0.10
Zend version: 4.0.10
OS : WINNT, win
Composer libraries: 
- adhocore/json-comment 1.1.2@fc2f76979f0a44a5f5bc2a2b600d0762fe0e78e7
- brick/math 0.9.3@ca57d18f028f84f777b2168cd1911b0dee2343ae
- daverandom/callback-validator unknown@unknown
- fgrosse/phpasn1 v2.3.0@20299033c35f4300eb656e7e8e88cf52d1d6694e
- netresearch/jsonmapper v4.0.0@8bbc021a8edb2e4a7ea2f8ad4fa9ec9dce2fcb8d
- pocketmine/bedrock-protocol 2.0.0+bedrock1.17.30@faff7da904e68f69b1a9128956dac3122e87308a
- pocketmine/binaryutils 0.2.1@8cd078e2426f8100331f2d73bef10f481dad6cde
- pocketmine/callback-validator 1.0.3@64787469766bcaa7e5885242e85c23c25e8c55a2
- pocketmine/classloader dev-master@80226e0917be79ac3230606113e25134a31e6a85
- pocketmine/color 0.2.0@09be6ea6d76f2e33d6813c39d29c22c46c17e1d2
- pocketmine/errorhandler 0.3.0@ec742b209e8056bbe855069c4eff94c9734ea19b
- pocketmine/log 0.3.0@03ab1316da0b1978a7a1c8dd73e1c2a973cb62ec
- pocketmine/log-pthreads 0.2.0@6be3445c48c62eba3922f987f000bb20c81d161f
- pocketmine/math 0.3.0@83ec067b12c066fc61d9fb129daf7e61ef3b1d63
- pocketmine/nbt 0.3.0@98c4a04b55a915e18f83d3b0c9beb24a71abcd31
- pocketmine/pocketmine-mp 4.0.0-BETA5@b65e89b605aeba5f7958d3cbb6db47e766cd6f9f
- pocketmine/raklib 0.14.2@e3a861187470e1facc6625040128f447ebbcbaec
- pocketmine/raklib-ipc 0.1.1@922a6444b0c6c7daaa5aa5a832107e1ec4738aed
- pocketmine/snooze 0.3.0@fe5b1dbf0d6267da882d1f67924772bd93db833d
- pocketmine/spl dev-master@b7a8904f912c1f6d38ad867ff1120614ccb80171
- ramsey/collection 1.2.2@cccc74ee5e328031b15640b51056ee8d3bb66c0a
- ramsey/uuid 4.2.3@fc9bb7fb5388691fd7373cd44dcb4d63bbcf24df
- respect/stringifier 0.2.0@e55af3c8aeaeaa2abb5fa47a58a8e9688cc23b59
- respect/validation 2.2.3@4c21a7ffc9a4915673cb2c2843963919e664e627
- rhumsaa/uuid unknown@unknown
- symfony/polyfill-ctype v1.23.0@46cd95797e9df938fdd2b03693b5fca5e64b01ce
- symfony/polyfill-mbstring v1.23.1@9174a3d80210dca8daa7f31fec659150bbeabfc6
- symfony/polyfill-php80 v1.23.1@1100343ed1a92e3a38f9ae122fc0eb21602547be
- symfony/polyfill-php81 v1.23.0@e66119f3de95efc359483f810c4c3e6436279436
- webmozart/assert 1.10.0@6964c76c7804814a842473e0c8fd15bab0f18e25
- webmozart/path-util 2.3.0@d939f7edc24c9a1bb9c0dee5cb05d8e859490725

Loaded plugins:
CommandDisabler 1.0.0 by  for API(s) 4.0.0
DEVirion 1.2.5-ALPHA12 by poggit, SOFe for API(s) 4.0.0
DevTools 1.15.0+dev by PocketMine Team for API(s) 4.0.0
FLOTVCore 0.0.1 by  for API(s) 4.0.0-BETA5
HideCommands 1.0.10 by Himbeer for API(s) 4.0.0
PureChat 1.4.11 by 64FF00 for API(s) 4.0.0
PurePerms 1.5.0-legacy by 64FF00 & ProjectInfinity for API(s) 4.0.0
SimpleNPC 3.0.0-snapshot by brokiem for API(s) 4.0.0
Sound 0.0.1 by  for API(s) 4.0.0-BETA5

----------------------REPORT THE DATA BELOW THIS LINE-----------------------

===BEGIN CRASH DUMP===
eNrtW3lz2zba/yoYZeetM68OXuKhHXfi+HiTbhJ7Y6fptOpkQBKUWFOkysOO2sl3f38PAB6S3bTd
zczuH81uExEEHjz3BfDXUVKUG15/uBNllRb5aOGMR3W6EaOF6dqOMzcsw5oGhmda1njUbNUrZxoE
geEHhmG5RmDN7fEo41V9XpZFOVr8Oqp3W8waqefxaCOqiq9o5JRnGasL1uSxSNJcxGwj6nURs20R
3Yp6g6HlUtyJvF4uK1ECqeXyjNf8itPra5HH5/RysViJWo0dPcUGSZNlF2kmd1gsl++wtFou8zXP
V8vlZS7OyvQOgF8vG8MQ5o7V8kecr5fLi1eXN98ul9usWaU5Fr1IY3FabDY8j/FUlRENbUJBmOy/
e83TfLpdb2l/tbcGMhvOmwHETEPYf0HrsTYDzeCoB7aXPMLPH0ZPDLbd0Dr6T3Jj9las0qoWpYhf
0b+5KI+8+dMF+wxuk6+LfJ93R0X4k4jqP8nsJ5bjejax+Yn5AC8548i1gMojUB9iPfk6ggqoVf8u
NtYAm1zU90V5O9tEWzF7ox6uoXZQ6SPHcB9HTwJUGEk1emL/QYiuax5A1LOXS5q+XO7Pn3xdAf2e
mMcoPwCwLYu6iIpsubyWvLgpTrMU2L4g+a75rVCQwA0PqsPqshGSAue3KBB5VO5gvkU+uyrFlpfi
vBu54dXtUTD/cyR9ZuqvUVZUTSk+HVV1mearH2zrR/brVP7xpvqPOw2n03P1+A/8N2Z6smO5PzKx
+8Z589279DL95s31RWa/fXfx/fV5fff+NnP5T8/P/vntxfdvbyvj7btvn//TyM7fv4+f4/f19xeZ
e/3u2++/f/H29PLFt/fXL76prjfbC8mc+YA5VbQWcZPBKE+qXR5dFUV2ZHm/w4Oeicvlo1wkm4MV
bjNBI0qp3N/Z1XS8g127WctlNw1qWmQZtIa2qS7KYvMeiMENpHktVqJkhtzM05tBs+OinPVQZ1Ve
FL8IicV1JsRWlKRL2OTItOw/hMBvzOilLTHw/wUM/EP/oaZC+ffmAYWyiKCAb4o6TdKIE5MrtW0w
4LIymSNz7rh/EG5Fz+/yOs2O4qIJM8GG0c/yXeX+jEc2MY1D8ak3k6/rNLq9UggXpcLSHHrQK7nm
NdYcWYH9G0A+fIhAI+w76tzGc16JU8Tb6lXBY1E+scbsEYfSgBgdCV4VK2jIE7s3MfNH9tlAOZ0i
SE6ngwDZrw3+9NouuCoeWI/zwDYfSEuxWK3SvhkMx6xS/NykpWj9iz//kW3XvFzMZqeLmcRsJhGb
tXjNerRmEqvBzpPXV1NavY/Q09GPn8Yj8R9Lab5ASgH81foPaX5XZHdig40ANAbronrUvsXIEArG
oyIWRLTt492yXtZIEgWP1uzob/U6rSZfA9fTIk/S1dFT+XC0xBqdfIyeMl6xv+nnp+xXALQDDWhZ
z2bsvWDbpmb1WjA9i+V8I1iay7FbsWNVwe7xluesqQTjZcl3H8jTlRUw/0AzaJUaj9MkoSHs4xjd
PhpTvQHlHz9AW+oiK+6hUx16P7JjliN9/DutNvXqT/Rg4YH+tfVgT7o2fUX6leTha55DHeRYqZMe
KdZKcWzM5D9P5S6OBCj3mOs9XDm0hedJI5Y0eUSejT3I3x7RG/Y3qVuKzY7X4rqVs0Cbeq0w1dol
kWglmyYQqp4NRat5HokiYSd3PM04HGGrFWqx3qaXplw+2CLjO8WFNa+uRLlJVcK0HK2hYa2KTJuc
HqEpT2HJdVPmhNLc2Ieq2L2BKrLj42NWiSxZLF5fnp1/eP/i5c35q5fXNwqdudkt7CjvBE8sAxse
0aCjx6ZqQe3pjWTY3Oo2+cREBqWUW9t/dOtWSf/krk6/Kz3OBwo6dzs9mpPcP40+/VVD/FVD/FVD
/FVD/FVD/FVD/FVD/FfUEOPRimIWzyifpiwXkXpvGRALIYy+ATtypsbUmDw/vzmZ08smzeLRwjJM
azxKqw+xuBstEo4MBPm79vBI9t05dkopuw/dufCD0DXmXIR8nnjB3I/tKAzdOHQ84bluFLtJkAB2
oxF6n8LO7iv25oZdnTIT2zO5LbMswzDYUfveNJ6yk9dnrkO1w3qLlT5wNQ08/gJT1bjLZ7z+UFQE
++WbNzcYkA/3sj5BlrMtwOAPWRqWvExFRczh8Rq0lGL2U4XYQJmQqlbMqTm1niWRlXhu4AWJwR0H
ZM3DyOIWyDRiw3OtRBjC84VHHCthNLMNr9dYbUyDqf0s4nMvNv3EsPzEdxLP80LLdP0oNgPTDI1Y
CMt2bC6wOuaQBGy62MwoqIeIkZM7nqUxr6kSBM9u8+I+f6b/pVJtVRZVJWYgmVc5JaN31tSeGs9g
+EFg2HZkzxPHNgwB0bjCE77w/SiZW7EZu27g0K4IEqWoBC+jtaR/w7fwLQRKasMzPwwjwzK5L+LQ
Eg73BLcSn8dOwgMRBXEkrCQK/Zg433vLUMTwHbeTXk9GFoH7X/0CrPWmtvEs4UnixTwwHOH6iRuE
Jg9Myw/mbswj27Qs4Xu24fMD6GnOy530EZLR1tR8BpYaEIOFAJz4pgHizcSKPTsUiWkkjm/GPIb+
iX1IjzLaBKb2M9fxfM+B4F03jDjonvv+HOCFP48sO7Kg69F8zq0DgOTaMunaqN4Vd5MNpyTymW9Y
liuMwPRC4QUgzrIN13BN0xbW3LQdbpvC5f78AByqxlLTaDwzglC4grux5yaWsO3Y9U3IOIitILKs
yHEj0xNmfICS7CSsVbCQoEhDROQ5VmgZgfCNuRuGoGpuuEHkiCQJnCjwbEdwMwj3QWXFqoNg2Dw0
4fZiboRm4Pnc42bkx2C5MGEggBCFriWiBxAm23qNoj6uOrrcUFC8ihw/woqQ24FlJYHvJfABIZCM
ID3TNZN9UJ2dETa+LSLD9ULTwj9uErlmHCR4CmKeeMI1RWKHUHp7H0Qe1h2EwI8cbjghZBqYcwGb
9e3YDo0ITA8tKL7Jwyi2zX0I/c/JZrvvQp/9CX84gFjyW3gniZbpwP8Im/tQE+iiZwgz4VHkutbc
cOCW/cQBHBhoyA/5rKBM0m2kIMFCwFTuOo4DktwIRsf5nP7v2xayAGGKyPFsn4sDS1ZJR8elRMzB
xzAxYtdyAcT34UwS1wuQy3tWGAd2HPrQzAMg22zfGkKP+zD6BMYeYXmMjWPf9ZLENC0YhRPBpRim
R8wu+aYSu5lOIFWggl8GZyL88Rwh5sK2fMM2Q3PuOkY4N6HRQoDV4LQbGbwH0jSpihVwk3DsQRh6
STi3fd8NzASaC52NHSeOQgeqAr4mlhOTeOAht9h8piI2sjfRG6WAwiR2BM7hf9ziYThPuOPxuQ+f
GbhwuHAX4TwYgNHORtFiSWScCD4W9EcBd6B+LlmPFVm+YweuHZiBcF24SIuiTLluNhXnLTEPw0K1
2yRFvoNuZrskzbJJpHuId+AbCRGOIg7mXuCJIE4C20/i2AoN2w2AZ4KIJVwoiRmJx2BtQsWEDhwU
y/TgvmJ4ONOII+5DtbwE7ldE7hy0wIQFD2GSj4FD6PKNASyTXLdjixiBAC6OA7mACwSCJEIUQ+g0
rLkDF/pbsMwBmeCZaQaJHYtgLhLEwsDxbQoOkRPZoNEGPwP8DVj3ItwUv/CynsF9i1JHf4p/buA6
kQeD8Q0EEYf7DjTdFvBJSWzOQx4aiYmwM98DsoVrmlB8kvIlXGAYARxRHFlwrtwMwyCi4D+PQmMe
IywDt8DwAOZT1zuVuYnuipylFfXEykEud/hmPOoTOYpglAvxpl4XJQD9gHSQb1Pqz0gPRemhyGkh
VIjqb6QfqCmoCSvnVkVSnw0HNly2a6sGyUFYhOGO8rPl8gAJlbFTIxgRkPLNy+ub95dvX50p7lRp
TZhTu+js/Nu0lMh2BHVD+5RY0/nk5NXVixPT2qMI/mVFeed4dH15IUZfiEAFdLm8k6gsl/BZ+tcA
PU3d9c3J25t3Vw9pE3c3qDmrIW3t0D5t5hwpEeXVe4T1WTq7EXzzpUhrcQApPTafIWVd19sKRQn4
sW7CKfLiQdkx62CAYFmTnCKDHlDcjw1JNihL/5xi6urjXyTxDdKck+916Uab/3GF3DuI6Mk4OJ/Y
NzFz38ZGup/5pQT2mfbo71G0VkunoAG0XTWlOF3zelgJtkP7NDlTc188I9e5uDCMP0WSBE49+Gr0
gLrRBZdBvLoqC2z0HcyraKqr80k7Purp/6D2Xi5bZPtfv0v/I7pLSOlDrQ6MZo5Cdp87amyfPTDX
SSZWPNo9xiT2PwxUUS/jZZ6keVrvvpQm7HFCIjb4+QV4oeCAGdcptf/eXJ0OmNGPDZlhS2utcr6t
1kW9z46wLG5T8cUclwZHDbBttFwO8fmzhGtQsx4GEV001ELoCZbP/wG3JTf+oy6L8gSOvFbQydJ+
2Gh7QtL8ZBtqikIckbuWHY/Rk6vuianTVEanvstymT+55jW7jGpmusz0FoazMDz2/uVzZiG7owkZ
z1cNX4ljka/oeVPU8THdakPOt2ySxHLl35H8W47YjvzbpdkKm8m2KOtjMzBtiwbv16BpkqUVxiRI
/nGyled51bFp0MgKZNJ5nHqfFGUkJt1YkSQ0Cnpj6uK0z9u77THiNn7RCVgaNVm9O5b7qb4Yav1J
JeoauWx1LCkTdyKbkA4cq9ZfN1YJEQ+mUDZ9fHZ+cfLu1Q2NKpFPfm5EuWt3h6YUk4rfCY3DXSru
J3GqjjmPFd0fw+LjhFRKz9mrmaa7DWWPTxhpA4uklJpSFg1SWAxcYHsih/DYzVpUgrVkMV4KebBd
5JB0DYdHB9t5UbOQzryjrIlFTIffD5SEYF0XG6xMCMAhzIonYswKvCkreVYeoqC/ZbuiKTUsliYM
0qFSiXaAYOjkP9sR4DfivgM3i0XCIZqK3Rf5VzWj7hMvGbEP9X1K/ZmdOp5PK0X3/VrkrNmuSh4D
wHSZk1YpYItlztiT92tBiNHVCDq5YnRNQtUs4EHJ8yrjNZCSryWqWYFtQCp+CXU5gLK+SDDVNKGR
DUFWetcawILJXii9qNZNHaP2mujLGQu2HHVXPqP1sjGF8BgGTNOUw/bgIbFhSCOJ+UmWFfeMDAHI
Ml0FsLuUs3+SbtEcqWQT/WqAwpNzqYR6kbyjQMbAIFJwjcCFO6Z5TfO1znavh6Deo5iCyoDxPI4Z
ilYlH+I7nQqwjeB0ZEJdUgaphIKwBvfEzw2XN1JW6R3mosptBDvSm8KBPCXoakcxKQU5gQnkQu39
BV7Lvd80SFxKUjt5dkPnRexenhVVUznhXQXZke63lNK0dVnkSCNYTcdLY1qQxUybOQxmTLc9tqU6
/JO8gSOVN0CaXB/EKODXUv6gCWpYFh9TqKAAG0CSVO28Q454qxF6mZAy0xxS2jFL66/oXk4pl8Xw
zpHSqYPF7Ag00BUTS7JFkjHRlC4kqENl5lI7yibPSZwxuaJiK4UgW+bVlCEn17/ZJl2tYe0lr9bj
oXVqzSGOlGWzrdWoYhgxZgPcNF1SuKVQ/fBYWQy/K9IYaD+OAekI6VwBRkO7pgNFo96PmtRpGhw9
HHi5U1b7f1kRQnsoRDI1DkPYpHQ3BM8rHu5qcJxdK1Ybkrmq6pTLb0hq96nkvNQoWPX9RAFqlayS
FCYpUITLksfoBCYphWi3VEoOaTVkx2xVQFAF+QjSCtpoJdGcSNQWzCAqsLv00aqr+V9PAeUcn8Of
4ui/h39VF1uJgvavHUoaXMXgPrbUaIk7hGjXFivTsByNmHQC6qxY41d99QUwlHYhUSKPwaIG0SlH
dGLio4ga6X0LhbKySIpm3WzxMUI+UPUUKcd1eXO+YDcvXl6zVy9fv7xhJ1dXr16eX7Or87cM+ds/
zt+OGSaxm0vMOmfvX1y+OmdXby9Pz6+vp4cuYI8f1tzV7ECenhYyYpMjrojAaC2kS5bc6JytCd4j
Z4ilb5FTJnCFQrlZCQp5H+iEg4Y2Eb2/pWxKyZCiUYTMaZreTEJWQOB6e0dOea/e45JiCCUCcsH0
4WzSBZ0wQ2xbEVG+oDhL6Cq5qrUdDVAvsa16Um1D01o9fRwlTbmtKV/xMoRlTPqGsnRAj3NXmhqh
o1cxvQq+G9V4I7OTISbI3Bro4NNxGxMOlbBVQxVekwSwFL2b3gSn7FL5fKXwSC+KJos7XFIEkfuc
9fhXCvBWog9CXWrN5Xq3C+ksHgRJqToKQkdbUhabNtiq1XrGZKiaQwkTNVqSD3SDPaJSe9px3WaU
JLISO5EaakWOm81WpV8qx2P6xYRetPI6o0l6gcRdotlSQHdB7wWMnT/CYARtBD7scAclq6pGkGOo
15Daqk1HyWnRbj1W41aQKkfQWedUYUNTf5NPVNFE6ya/rVrcT/mWRtNNs0GMRXgtWVsdkCCZqn8U
Fj1fyV40K6XFPNQxZONbjZHccEJpcoOg63QSOyvUq0OdVhc/W/hqcmtCCpaeOKRMZg6TiMM+O9qo
GyxzFaSPxD1gpxIMBUXf+VRrFIU9dVim+anoaXemye2+ioEZ1Qka7udBfU4Pl7m+JbXQIQKp2brI
VIoZ8jpay1RcooysCSqkg4z0bao00m9VaAlFl2yq8PZkKKX2FbnVclcT8DGbmAMBSuHJjSd1i4wO
AdJr93msLEYphYwV5VTsyESfFmNQozVlL5ALQpeOZXLHTq/ejbEWOISwr/s0htrLXEF5zw7+RMJf
MLdNu/uMvJLcGcydspMYjmrNs2SGWlOVCbGADuutsCmjfgYp2MAQ+7A3ALZX1Xwkr0YpJs+mjJB4
d5Vftcl2XyFSLUFI3SNs0sJmm28n+vmgunmtra5KfxGdPCktb8VYUcDTKRPSdqUeg9DqBJZa9HTK
rvSajJcruYDrUlXrgtwxKfmKSIBMwLZqm8mMherPDZAnY+clyUldklQFNd0RElXNXt+8k5hWIInI
DpuaUQEvRdlvp4qLaetrNnUzoVULie2wPuwvARLJ1DlALoSEtSUTBTI1S6ZMRqk1pySApRvwpibZ
QRrys024qbHEBUKTt80xNZJeVzpihGgu3XmlRKpSCcyttY4SJUI1ELSr09XU2aVMks5eXp88R34k
86kmlzpEDpu+dSjJTcYqSUhJGfU3BvGw3ujp7G09FmGzWrRF29fMpGJNp6xruCv5nukavmo/CqAb
bIUK3toiTAKmsFbQTtdFUcnORFuribYal148pvvYFb9rowX1hXSHa0LvesdGiMnGoUradNPmpyLN
VUdAcuor9l1YfCTLL9nLM3b03buXZ08hd5g9cMD8e4iNBEOtdRgH1XBlrPmj0g9YQ9HLLoe1f/f8
VQtf13eDka/kZtQak4mDFK9ORSRtRdtC0mF00NlKErkt3qXJbvKxSeNeIG13bdi9uZHtF2Vq6gth
xQM5V9tVU+k2UAQnUis3q9dM1JqFmh+HtI0KIdo96l0oBvJ81dUoOS3LDkPxuJ211757tGOmmHuy
KRryHomKddqZgGUtaym2k3eUrRCIn37L4IzFb2WoHiyWhOdCld6hUMBCQd/EwI3we6kUpKMKulQt
Gt4P+op82qgjHz6Q8UNU9fVU7Ca/uHkES+NxNHlJfWvGW3UHsu1i+rfDxj7o8IRZEUnzrdJYxQyi
h0OmULiqCYdcWFEQxQwRq9ApH7rQJltNWjl4FIlMyEpBqbfcNUtvsQXVydITZRykr8rivl4rP4Yt
OFsraAMnB+uvahWSJbIT4kaL2qRnjSLt5Vk1oIvcNEleQWPqal9Hpm45tWmOXLMnJMCbMIs9AZoo
lXtB9m2tTpbTh8LUzuuep7KaRTBBqae0aFtsm6w1G/1A8V7O0WHDtmhDWQYRlXInirjkuZAS6AJD
NrlVI2+hUx3qO8riWg2rTEFrFhDpPXTcOz2yzAl9+XUw1DmG/eHtGjl5UgxiOvzBRB32dDPXkNtC
oTLdbjbbaVpIjOHqdhsqDmHKNTVao6pHncKUfs/695IE6eb4alWKlW4p6v6jarPQ1y+3h/RJ/OBr
Ls8u6dLvRAcFlR+Q+7oXqgLhMPJ7uWMlEe8JkGPTwakA4nTH+WYLrLRwHjAVAlXvtTIhE6K7rTKW
DeLNKTXvxbCXN0Zw2K45zEKQZy8JhzYvRcRIRInaY0J+MadgqN62sUtFDr7XG9THaINg2yAHR24j
fWvrwjRAKWX1vt3jgVQVXUOx1ummjyA6GhNQmi8/kazUeQm5cdpQNj31orbBPe030G+GO7Sc+3y8
18FESVJZwKCXpGEAfK352XaN1npQubiyqyS0d6AmPIq1WKZBadIBotuhTamOZMjbtK0U5XkBT3un
Nt4iJ+OVrtOQWnM6A9VPlAABRy2rRSs09Q46Sj29BftBZi5IWseyyfcjAZUlWB+8h0dFkgzKpEvp
4KmN0h69yf7IY3FUfV5J5WMlKwZZfkM+KXDVScAQfbWvxEH9ZHRYR7FKxdR+xwW7eHVyowap1BDU
Wfu7vo88ngcfQVEuxvbHOC3rsXS6f9eZnjpsGTYtlBFToANrdU+RN1rr1A0Bpr57aMrW77aVWtmd
0kinAjgIR5E8JqtaPk3aIx6ogErrn1xIbyK3kvP3gMi8WI98GIxMZH45SPwKlfuLj/BtlS5yo1sq
kypZ0MG5hSkKlJ1K5OQ8old+oZmpSKFMRVEp4SMz6krq0XgkPiLNl2m/usFG94L6+/phpC/udiN0
+pbHvNwbKzYf4qKGu9sb1RcZ+4GmzIbP5BiGz0ma1WIP8Gqz9/UAKpw9XFLY1t1wgO7ED58H9x/7
Mdi5vidgTumWmqxQwNPhpG20z4e3IukvtHajlXT11f4Q0qfNcOT66tXe9rvq50x+BKF/se5VXdyK
HBF9jwU7vsn0xVO61PBLulWX0YIpXY/+Rd0+7mbj8eNmn8kFYWMZhm2aFt1rvTq73KM0Lj5ITA4H
MZTuywdWn1fV3kR1NeO713skHmCAR2of7JOFwfsyPRD34K65TfSqy3ZX6wNto6RJfk9g6ZvOxJh0
pT400Gvp2xNdVbTXoWkplZmFHrAUv1CLZEoRSSG0HgpKWvY0MX4gxHRP7pJb9nAIlVwj/fKqUdrV
wv+eEq/LK9kI6xd8+vT/rjfTkw==
===END CRASH DUMP===
