PocketMine-MP Crash Dump Sun Oct 17 16:22:30 WIB 2021

Error: Undefined variable $player
File: plugins/Sound/src/Main
Line: 25
Type: ErrorException

THIS CRASH WAS CAUSED BY A PLUGIN
BAD PLUGIN: Sound v0.0.1

Code:
[16] {
[17] 
[18] 	public function onEnable() : void
[19] 	{
[20] 		$this->getServer()->getPluginManager()->registerEvents($this, $this);
[21] 	}
[22] 
[23] 	public function onJoin(PlayerJoinEvent $event)
[24] 	{
[25] 		$event->setJoinMessage("§r￿ §a" . $player->getName() . "§f đã tham gia máy chủ...");
[26] 		$player = $event->getPlayer();
[27] 		$packet = new PlaySoundPacket();
[28] 		$packet->soundName = "C418";
[29] 		$packet->x = $player->getPosition()->getX();
[30] 		$packet->y = $player->getPosition()->getY();
[31] 		$packet->z = $player->getPosition()->getZ();
[32] 		$packet->volume = 1;
[33] 		$packet->pitch = 1;
[34] 		$this->getScheduler()->scheduleDelayedTask(new ClosureTask(function () use ($player, $packet) : void {
[35] 			$this->getLogger()->WARNING("Task đang chạy");

Backtrace:
#0 plugins/Sound/src/Main(25): pocketmine\errorhandler\ErrorToExceptionHandler::handle(integer 2, string[26] Undefined variable $player, string[67] C:\Users\nhang\OneDrive\M..y t..nh\FLOTV\plugins\Sound\src\Main.php, integer 25)
#1 pmsrc/src/event/RegisteredListener(75): NhanAZ\Sound\Main->onJoin(object pocketmine\event\player\PlayerJoinEvent#114396)
#2 pmsrc/src/event/Event(62): pocketmine\event\RegisteredListener->callEvent(object pocketmine\event\player\PlayerJoinEvent#114396)
#3 pmsrc/src/player/Player(749): pocketmine\event\Event->call()
#4 pmsrc/src/network/mcpe/NetworkSession(704): pocketmine\player\Player->doFirstSpawn()
#5 pmsrc/src/network/mcpe/NetworkSession(697): pocketmine\network\mcpe\NetworkSession->onClientSpawnResponse()
#6 pmsrc/src/network/mcpe/handler/SpawnResponsePacketHandler(44): pocketmine\network\mcpe\NetworkSession->pocketmine\network\mcpe\{closure}()
#7 pmsrc/vendor/pocketmine/bedrock-protocol/src/SetLocalPlayerAsInitializedPacket(45): pocketmine\network\mcpe\handler\SpawnResponsePacketHandler->handleSetLocalPlayerAsInitialized(object pocketmine\network\mcpe\protocol\SetLocalPlayerAsInitializedPacket#114488)
#8 pmsrc/src/network/mcpe/NetworkSession(388): pocketmine\network\mcpe\protocol\SetLocalPlayerAsInitializedPacket->handle(object pocketmine\network\mcpe\handler\SpawnResponsePacketHandler#105616)
#9 pmsrc/src/network/mcpe/NetworkSession(351): pocketmine\network\mcpe\NetworkSession->handleDataPacket(object pocketmine\network\mcpe\protocol\SetLocalPlayerAsInitializedPacket#114488, string[2] q.)
#10 pmsrc/src/network/mcpe/raklib/RakLibInterface(187): pocketmine\network\mcpe\NetworkSession->handleEncoded(string[5] c*d..)
#11 pmsrc/vendor/pocketmine/raklib-ipc/src/RakLibToUserThreadMessageReceiver(42): pocketmine\network\mcpe\raklib\RakLibInterface->onPacketReceive(integer 0, string[14] .U..Q4.~..=aW.)
#12 pmsrc/src/network/mcpe/raklib/RakLibInterface(121): raklib\server\ipc\RakLibToUserThreadMessageReceiver->handle(object pocketmine\network\mcpe\raklib\RakLibInterface#291)
#13 pmsrc/vendor/pocketmine/snooze/src/SleeperHandler(123): pocketmine\network\mcpe\raklib\RakLibInterface->pocketmine\network\mcpe\raklib\{closure}()
#14 pmsrc/vendor/pocketmine/snooze/src/SleeperHandler(82): pocketmine\snooze\SleeperHandler->processNotifications()
#15 pmsrc/src/Server(1546): pocketmine\snooze\SleeperHandler->sleepUntil(double 1634462550.4981)
#16 pmsrc/src/Server(1107): pocketmine\Server->tickProcessor()
#17 pmsrc/src/PocketMine(293): pocketmine\Server->__construct(object BaseClassLoader#2, object pocketmine\utils\MainLogger#3, string[41] C:\Users\nhang\OneDrive\M..y t..nh\FLOTV\, string[49] C:\Users\nhang\OneDrive\M..y t..nh\FLOTV\plugins\)
#18 pmsrc/src/PocketMine(316): pocketmine\server()
#19 pmsrc(11): require(string[85] phar://C:/Users/nhang/OneDrive/M..y t..nh/FLOTV/PocketMine-MP.phar/src/PocketMin)

PocketMine-MP version: 4.0.0-BETA5 [Protocol 465]
Git commit: b65e89b605aeba5f7958d3cbb6db47e766cd6f9f
uname -a: Windows NT PC 10.0 build 22000 (Windows 10) AMD64
PHP Version: 8.0.10
Zend version: 4.0.10
OS : WINNT, win
Composer libraries: 
- adhocore/json-comment 1.1.2@fc2f76979f0a44a5f5bc2a2b600d0762fe0e78e7
- brick/math 0.9.3@ca57d18f028f84f777b2168cd1911b0dee2343ae
- daverandom/callback-validator unknown@unknown
- fgrosse/phpasn1 v2.3.0@20299033c35f4300eb656e7e8e88cf52d1d6694e
- netresearch/jsonmapper v4.0.0@8bbc021a8edb2e4a7ea2f8ad4fa9ec9dce2fcb8d
- pocketmine/bedrock-protocol 2.0.0+bedrock1.17.30@faff7da904e68f69b1a9128956dac3122e87308a
- pocketmine/binaryutils 0.2.1@8cd078e2426f8100331f2d73bef10f481dad6cde
- pocketmine/callback-validator 1.0.3@64787469766bcaa7e5885242e85c23c25e8c55a2
- pocketmine/classloader dev-master@80226e0917be79ac3230606113e25134a31e6a85
- pocketmine/color 0.2.0@09be6ea6d76f2e33d6813c39d29c22c46c17e1d2
- pocketmine/errorhandler 0.3.0@ec742b209e8056bbe855069c4eff94c9734ea19b
- pocketmine/log 0.3.0@03ab1316da0b1978a7a1c8dd73e1c2a973cb62ec
- pocketmine/log-pthreads 0.2.0@6be3445c48c62eba3922f987f000bb20c81d161f
- pocketmine/math 0.3.0@83ec067b12c066fc61d9fb129daf7e61ef3b1d63
- pocketmine/nbt 0.3.0@98c4a04b55a915e18f83d3b0c9beb24a71abcd31
- pocketmine/pocketmine-mp 4.0.0-BETA5@b65e89b605aeba5f7958d3cbb6db47e766cd6f9f
- pocketmine/raklib 0.14.2@e3a861187470e1facc6625040128f447ebbcbaec
- pocketmine/raklib-ipc 0.1.1@922a6444b0c6c7daaa5aa5a832107e1ec4738aed
- pocketmine/snooze 0.3.0@fe5b1dbf0d6267da882d1f67924772bd93db833d
- pocketmine/spl dev-master@b7a8904f912c1f6d38ad867ff1120614ccb80171
- ramsey/collection 1.2.2@cccc74ee5e328031b15640b51056ee8d3bb66c0a
- ramsey/uuid 4.2.3@fc9bb7fb5388691fd7373cd44dcb4d63bbcf24df
- respect/stringifier 0.2.0@e55af3c8aeaeaa2abb5fa47a58a8e9688cc23b59
- respect/validation 2.2.3@4c21a7ffc9a4915673cb2c2843963919e664e627
- rhumsaa/uuid unknown@unknown
- symfony/polyfill-ctype v1.23.0@46cd95797e9df938fdd2b03693b5fca5e64b01ce
- symfony/polyfill-mbstring v1.23.1@9174a3d80210dca8daa7f31fec659150bbeabfc6
- symfony/polyfill-php80 v1.23.1@1100343ed1a92e3a38f9ae122fc0eb21602547be
- symfony/polyfill-php81 v1.23.0@e66119f3de95efc359483f810c4c3e6436279436
- webmozart/assert 1.10.0@6964c76c7804814a842473e0c8fd15bab0f18e25
- webmozart/path-util 2.3.0@d939f7edc24c9a1bb9c0dee5cb05d8e859490725

Loaded plugins:
ChatManager 0.0.1 by  for API(s) 4.0.0-BETA5
CommandDisabler 1.0.0 by  for API(s) 4.0.0
DEVirion 1.2.5-ALPHA12 by poggit, SOFe for API(s) 4.0.0
DevTools 1.15.0+dev by PocketMine Team for API(s) 4.0.0
HideCommands 1.0.10 by Himbeer for API(s) 4.0.0
PureChat 1.4.11 by 64FF00 for API(s) 4.0.0
PurePerms 1.5.0-legacy by 64FF00 & ProjectInfinity for API(s) 4.0.0
SimpleNPC 3.0.0-snapshot by brokiem for API(s) 4.0.0
Sound 0.0.1 by  for API(s) 4.0.0-BETA5
TNTManagement 0.0.1 by  for API(s) 4.0.0-BETA5

----------------------REPORT THE DATA BELOW THIS LINE-----------------------

===BEGIN CRASH DUMP===
eNrtXAlz20aW/itd9NRG3hUpXMTBKaesSPLEu7alseRxdoYpVwNokBiDAINDh1PZ377fe90gQUr2
2FnvVeUcJtHH63dfaPrXUVbVK9m+u1Z1k1flaOYdjtp8pUYz23c9z3emU2viBWEQTQ9H3dpMeZNo
GkS+ZTthEHp2eDgqZNOe1XVVj2a/jtq7NVaN+PnsNlHYBtCHo5VqGrmgqTdlqrK8VKm4lnUu40KJ
P6wLeadqLMu6oniWF7TuZDafv2mA23xeLmW5mM/PS3Va59dqPn857yxL2Xei5S9puZzPn704v/rL
fL4uukVeYtNl1ZXpfN7UCdbLvJysl2s6QUM3y4541REWHdEazBdAbTRzQHJbywRf/zZ6ZImHlx84
08czsa6S96pdYd98rohuYJsWqp7PmQtX1YYPP+qJ2UyvOMjLVi1ULZxD0bR1Xi7+5vg/i48zaLPM
D34Wn+TPZALeTCafy5dDsUFl+hhMeGSL9YqopP/VtSrbo9dqkTetqlX6gj5LVR8ERP0rnH381w1Y
gjj+vir/tQJ7qvjvKml3GUTACBuiZz6/4E9afEYTj2zbcyOfUXDuocBLDnxnn+ca5H0Ex98nsij0
rv8SKu4AFb38SK8+CLzoYWwYhkbggGF4Axilam+q+v3RKlmro1f64RIGAhU5CCxvD+IuguPv0+pZ
Xjft5VrelBr29DNh+1GwB9usns9p+Xy+u57keFLkIITPeq2adVU2Sp/pf+xMo/1HO3suJJ1p9P/A
874MjU8s/TUpqqar1W8aq8BgBe6nVX203XgUq7TG03hdV22VVAUjfqnaFxVkpFl73Dwv8zaXRf5B
pRrjA2/6aVQ3tv5xcsff60WfOOwh9dw7qMcbJ/0jpEl1vTBkhoSfqRou1s++0vk9wZ9B1Wew75Ft
TX1bG2L0udRM7S/TMI3HqWylkft/h0C2Xv5n8ctE+1nrYxTV8n2Rx0ev5fsXefwc3rnOEI4O7DD4
PZSdlUmVQs8MAtOfRfLP6cTgYH/UaDQS43ytEdTIXFUUdq6WtZLpSx3WX6tEIfDAsp1PY6cBwlnv
kkWeRrPKQNqERmvDNNv7WUzeTCZ/9ib/MZk8kW8N9s6XctAh3egRASXXpH8gscfqE/R9gWZ/hNJH
TmRrvN2Pcr0pq+qD0g6qUGqt6t5x2o77O/n7GXv2XKnt/Q4Ew33566WwkZ11wAfOGLx9VbV5lieS
sqPGnDuMZpcsngN76vmfCbih5zdlmxcHadVR8jTMZqPQcN9/4BDb2rctPTP+vs2T9xca46o2aAYD
CBe85yX2HDiR+xEg794lILKtu2TjXn6QjTpB/ty8qGQKV4dE8AHN6kBMo1OrF9UCVvHI3ViFZ39x
JrjdG/3+LFLzIHyYB659T1qaxXqX8eJgOBmi+qXLa9V7phCuab2U9ezo6GR2xJgdMWJHPV5HW7SO
GKvByeOXFxPavYvQ49HPvx2O1NcqUT6zgMCRes27vLyuimu1QiKFjSmoTdpRP4sRBoEBctGEoO1j
8FcM2AG+0GeIz3m7hjrnici6MiGURVWelYTcwWMxE9dVTjDsiJfSbsfir/P2D+0yb8bfL1RrNP0x
P1zw+S9lCaJ5rDYZNOeuzQFvOxT88fiPBNBmgL/RV0dj5rgfwYzz/72UWvyBk2NSAsfbojnt0VQ6
Z25US1uM6z2Yj6jGk0E97zL8I/STnI/EpJcKk/NKrogTE9Fv4KW2bXOJ6Ip2KVdikUux6ovHZDnv
bKWCyWQyH2kK/R4XDVg8ET1WzDDO+fXKYLOS4xZWlupG0BIWp0kj9Npwdy1IpCWEMLbNRycoo+cj
Xhntr7wlFAZUXlRNTiw2MvxJn+Ba+/vuPr3v380+e3/fh0/v+6vZ5+zvg4Z3TI7N8+7+/Dpvk+Vm
2ruvmclSpV2hFbExD6eKEEmvZPP+gLh7ogMUP290DTLvGiUONjWyObM3CkFK5vZKNjxTO1M68O3x
61fPX/0Jukawjd7A6RgVkfYdK8hv35oC35oC35oC35oC35oC35oC35oC35oC35oC35oC35oC/1+b
AoejBWWEsqCiu5T0enO0sw2IxRDG9g3pyJtYE2v8w9nV8ZQmu7xIUetbtnM4ypt3qboezTJZNArV
vYkEo5nnT3FSTrV/7E9VGMW+NZUqltMsiKZh6iZx7KexF6jA95PUz6IMsDuD0NschnbTiFdX4uJE
2Dhe8LHCcSzLEgf9vG09FscvT32POgvLNXaGwNW28PgBtmpw52dMv6sagv381asrDPDDDXcvkmq1
rsDgd7D+GpWGaog5Ml2Cllod/b1B+MAa08uwJ/bEeZolThYgjYwyS3oeyJrGiSMdkGmlVuA7mbJU
EKqAOFbDaI5Wsl1itzWJJu7TRE6D1A4zywmz0MuCIIgd2w+T1I5sO7ZSpRzXc6XC7lRCErDpanVE
OXSM4DC+RkxNZUutHfDsfVndlE/NJzVrFnXVNOoIJMumpGr32pm4E+upYzlRZLlu4k4zz7UsBdH4
KlChCsMkmzqpnfp+5NGp8Iy1apSskyXTv5Jr+BYCxdrwNIzjxHJsGao0dpQnAyWdLJSpl8lIJVGa
KCdL4pC6M59IPQHPIXD/YibA2mDiWk8zmWVBKiPLU36Y+VFsy8h2wmjqpzJxbcdRYeBaodyDnpey
vmMfwYx2JvZTsNSCGBzP8bPQtkC8nTlp4MYqs63MC+1UptA/tQvpQUbbwNR96tPlAA+C9/04kaB7
GoZTgFfhNHHcxIGuJ9OpdPYAkmsr2LVRN0xdj1eSSrSnoeU4vrIiO4hVEIE4x7V8y7dtVzlT2/Wk
aytfhtM9cFXBKBGN1lMripWvpJ8GfuYo10390IaMo9SJEsdJPD+xA2WneygNC3QGRRqiksBzYseK
VIhcM45B1dTyo8RTWRZ5SRS4npJ2FO+CKqrFBoLlytiG20ulFdtREMpA2kmYguXKhoEAQhL7jkru
QRivW040mg1dfqwQr6aJFybYEUs3cpwsCoMMPiAGkgmkZ/t2tgtqY2eETeiqxPKD2Hbw4WeJb6dR
hqcolVmgfFtlbgyld3dBlHG7gRCFiSctL4ZMI3uqYLOhm7qxlYDpsQPFt2WcpK69C2H7dbxa77rQ
p1/gD+8loIyW7cH/KFeGUBPoYmApG6lN4iOyWx7dUck8wIGBxnKfz9s0VkOChYCp0vc8DyT5CYxO
yin9F7oOsgBlq8QL3FCqPUvWSceGS5mago9xZqW+4wNIGMKZZH4QOV4QOHEauWkcQjP3gKyLXWuI
AxnC6DMYe4LtKQ5OQz/IMtt2YBReApdi2QExu5arRt2RJRSKe2JsoQ44k+CfwFNqqlwntFw7tqe+
Z8VTqp6UAqvBaT+x5BZI1+U6VsBNwrFHcRxk8RSFoB/ZGTQXOpt6XprEHlQFfM0cLyXxwEOucfiR
jthI39TWKBUUJnMTcA7/SkfG8TSTXiCnIXxm5MPhwl3E02gAxjgbTYvDyHgJfCzoTyLpQf18sh4n
cUJqyLiRHSnfh4t0KMrUy27VSNkTcz8sNHerrCrvoJvFXZYXxTgxLwWuwTcSIhxFSvecAhWlWeSG
WZo6seX6EfDMELGUDyWxE/UQrFWsmbABB8WyA7ivFB7OttJEhlCtIIP7VYk/BS0wYSVjmORD4BC6
QmsAyybX7bkqRSCAi5NALpIKgSBLEMUQOi1n6sGFfgyWPSATPLPtKHNTFU1VhlgYeaFLwSHxEhc0
uuBnhD8B60bFq+qDrNsjuG9Vm+hP8c+PfC8JYDChhSDiydCDprsKPilL7WksYyuzEXamO0DWcE1j
ik8sX8IFhhHBEaWJA+cq7TiOEgr+0yS2pinCMnCLrABgftu8WeHc5GQpW/MSY5DHDUcPR9sEzqIk
CCOya5dVDQB/Qxoo1zm1dIfJHUYVv1yBAiE7R0KXoqIoU7OjqbL2dDiwkvwqp298Do7XOTq9GELM
owzz/PLq7fnrF6eaH03eEr7UWz5BXoUgdJo3dPAONXszQ4ooFlufouj30tJ0SHPiKo7vKNMETbtI
fD5dp2d/yWtGdkPQZmiXEmcyHR+/uPjx2HZ2KIKnXFAGfTi6PH+mRl+JQA10Pr9mVOZzeF/zbYCe
oe7y6vj11ZuL+7Sp66uqKpohbf3QLm32FMkdVQg7hG3rDXGl5OprkdbjAFK22HyClGXbrhuUV+DH
sosnyPAHBdTRBgYI/jFPldGEIdE7w/vqae/qJxavYgU1/krEGnDz+RCJz1PPpd46AQ2g7aKrFVnu
sB7sh3Zp8ib2rhcZ+d6zZ5b1RSQx8AtVr5rRPepGzySH8uairnDQT1DNqmsuzsb9+GhL/zt99nze
I7v99g/pf0DuhJR5s7UBY5ijkd3ljh7bZQ9UfVyohUzuHmKS+CcBqqij8bzM8jJv776WJuxwghEb
fP0KvNBwwIzLfLUu1KuLkwEztmNDZrgcVJpSrptl1e6yI66r97n6akZvwFEbjBqXQ3y+lHAD6mgL
g4jmewoDgs29hf/x6Dp4rfg58efq1ZWOxbprscF/d/x/gY4dBD6XHsp+JLJ1hSphL4T0nS52J9xc
m6zrClG85T7O6NHF5kmcVLC9haDbLPN6Xj66lK04T1ph+8IOZpY3swLx9vkPwkHOSgsKWS46oPpE
lQt6XlVt+sRctKCbGY7Pfyb8J4+4Hv/p02qNzXhd1e0TO7JdhwZvlqBpXOQNxhikvB3r95rNE9ui
kQXIXFWp0vNZVSdqvBmrsoxGQW9Kvan+eX29foIYjm9pnmV50hXt3RM+T3f72qoeN6ptkaE3T5gy
da2KMenEE93Q3Iw1SqWDJVQjPDk9e3b85sUVjWrRj3/pVH3Xnw6NqcaNvFYGh+tc3YxTkCjLRD3R
dN/G1e2YVMus2akEJ3cryokfCdIGkbCUuppLIRaWABfEjsghPHG1VI0SPVlC1kq0SyWqEpJu4cBF
IsuyakWsRF4mRZeqFF/EPSUhWJfVCjszArAPs5GZOhQVZuqGQIq4VvK9uKu62sASeSYgHSoA6QQI
hm47FXcE+JW62YA7SlUmIZpG3FTld62gnpqsBbFvBWKp63RHGNJlDU33zVKVolsvapkCwGReklZp
YLN5KcSjt0tFiIm2willKgDCNLXBg1qWTSFbIMXTjGpB7+dAKr6plvlFGWCihG4F0ciKIGu96w1g
JrjDSxPNsmtTVJRjc3VsJuajl/u3i3ZvIW0fMheGNGLMj4uiuhFkCEC2v1YirnMp/ky6RWtYycZm
aoDCI30FzGwSQFyQMQiIFFwjcPGdMLym9UZnN9NDUG9RIkJlwHiZpgKluJYP8Z3edYiVkvQqiJyV
gFRiRViDe+qXThbE10V+jbWo3TslDsyhcCCPCbo+UY1rRU5gDLnQS4sZpvnsVx0SsZrU7ri5KxO+
hkPvo6BoE17wpoHsSPd7SmnZsq5KpEWixfLmkDYUqTBmDoM5FNTOrvVbT+YNHCmNrbrSvF/SwC9Z
/qAJalhXtzlUUIENIIlVu9wgR7w1CD3PSJlpDSntocjb78C+tuZtKbxzonVqb7M4AA10YclhtjAZ
Y0PpjEHtK7Nk7ai7siRxpuSKqjULgV8ENBOB/Nx8F6t8sYS117JZHg6t02gOcaSuu3WrRzXDiDEr
4GboYuHCarnLn2qLkXyTqmsexoB0hHSuAqOhXZOBolFHSy/aaBocPRx4faet9k9FFUN7KFQKPQ5D
WOUtGf8KKWR814Lj4lKz2mLm6gqUt1+R1G5y5jxrFKz6ZqwB9UrWMIVZDhThsvguDoHJaqX6I7WS
Q1od2bFYVBBURT6CtIIOWjCaY0ZtJiyiAqezj9a92v/zFFDu8Sn8KY7+1/Bv2mrNKBj/ukHJgGsE
3Mea2kfpBiE6tcfKthzPIMZO4C1bhcGv+e4rYMh2wSiRxxBJh+hUIjoJdauSjr1vpVHWFknRbLNa
3SbIB5otRdpxnV+dzcTVj88vxYvnL59fieOLixfPzy7Fxdlrgfzt385eHwosElfnWHUm3v54/uJM
XLw+Pzm7vJzsu4AdfjhT37ADdUdeccQmR9wQgclSsUtmbmycrQ3eI2dI2bfwkjFcodJulkEh7wOd
cNDQJqL3Y8qmlQwpGkXIkpaZwxiyBgLXu3XklP+aM84phlAiwBsm91eTLpjEGWJbq4TyBc1ZQlfL
Ve/d0AD1UutmS6prGVqbxw+jZCh3DeULWcewjPG2Tc4O6GHusqkROmaXMLvgu1ey7Dg7GWKCzK2D
Dj4+7GPCvhL2aqjDa5YBlqZ3tTXBiTjXPl8rPNKLqivSDS45gshNKbb4NxrwmtEHoT616Upz2jN2
FveCJKuOhrChLaurVR9s9W6zYjxUzaGEiRojyXu6IR5QqR3tuOwzShJZjZNIDY0ip91qrdMvneMJ
MzGmiV5ep7TIbGDcGc2eAjwhzMPY5QMMRtBG4MMJ11CypukUOYZ2Cakt+nSUnBadtsXqsBekzhFM
1jnR2NDSj/KJKppk2ZXvmx73E7mm0XzVrRBjEV5r0VcHJEhh7p0zFlu+kr0YVrLF3NcxZONrgxEf
OKY0uUPQ9TYSO6301L5O6wv7PXy9uDchDcssHFLGmcM4kbDPDW3UGeZcBekjcQ/Y6QRDQzEX5fUe
TeGWOmwz/NT09CfT4v5czcCC6gQD99OgPqWH89JceJqZEIHUbFkVOsWMZZssORVnlBu6CS1MkGHf
pksjM6tDS6w2yaYOb4+GUuqnyK3Wdy0BPxRjeyBAFh4fPG57ZEwIYK+9zWO5GKUUMtWUU7HDiT5t
xqBBayJ+RC7Iv2Gg5E6cXLw5xF7gEMO+bvIUas+5gvaeG/hjhj8Tfp92bzPyhrkzWDsRxykc1VIW
2RFqTV0mpHRr3xyFQwX1M0jBBoa4DXsDYDtVzS15NUoxZTERhMSbi/KiT7a3FSLVEoTUDcImbezW
5Xpsnveqm5fG6pr8g9rIk9LyXowNBTyTMiFt1+oxCK1e5OhNjyfiwuwpZL3gDdKUqkYX+MSslgsi
ATIB25p1wRkL1Z8rIE/GLmuSk75OrQtquvmkmla8vHrDmDYgiciOu1ZQAc+i3B6ni4tJ72tWbTem
XTPGdlgfqjKp79ba1jNBnQPkQkhYezJRIFOzZCI4Si0lJQEiX4E3LckO0uC/LQJu6pBxgdD4V0JY
mrDXZUeMEC3ZnTdapDqVwNrW6ChRonQDwbg6U02dnnOSdPr88vgH5EecT3Ul6xA57I48JbnJVCcJ
OSmj+V1VOqw3tnRubT1VcbeY9UXb98KmYs2krEu4K54XpoZvdNeBrLlsKh28jUXYBExjraGdLKuq
4c5EX6upvhpnL57KVopGXvfRgvpCpsM1prmtYyPEuIGokzbTtPl7lZe6I8Cc+k78FFe3ZPm1eH4q
Dn568/z0MeROv6y5ofU3EBsJhl4VwDiohqtTwx+dfsAaqq3sSlj7Tz+86OGb+m4w8h0fRq0xThxY
vCYVYdqqvoVkwuigs5VlfCzm8uxufNvl6VYgfXdt2L254vaLNjX9F5NoHvBaY1ddY9pACZxIq92s
2TPWe2Z6fRrTMTqEGPdoTqEYKMvFpkYpaVuxH4oP+1U77bsHO2aaucerqiPvkelYZ5wJWNazlmI7
eUduhUD89J2DMza/5lA92MyEl0qX3rHSwGKVke03dCeeTWnZ6xmrFg3vBn1NPh20IR8+UMh9VM2t
W5ymEE8fwtJ6GE1ZUx9eyF7dgWy/mT432Lh7HZ64qBI23yZPdcwgeiRkCoVrunjIhQUFUaxQqQ6d
/LAJbdxqMsohk0QViisFrd58apG/xxFUJ7MnKiRIX9TVTbvUfgxHSLHU0AZODtbftDokM7Jj4kaP
2njLGk3a89NmQBe5aZK8hib0hcUNmabl1Kc5vGdHSIA3Fo54BDRRKm8FuW1rbWQ5uS9M47xuZM7V
LIIJSj2tRetq3RW92ZgHive8xoQN16EDuQwiKvkkirjkuZASmAKDm9y6kTczqQ71Hbm41sM6UzCa
BUS2HjrdOj2yzDH9BGFvaOMYdofXS+TkWTWI6fAHY/3yarNyCbnNNCqT9Wq1nuQVYwxXd7ei4hCm
3FKjNWm2qFOYMvNiO88ksJuTi0WtFqalaPqPus1CPwd8v08f4wdfc356TleZxyYo6PyA3NeN0hWI
5N+M0okNI74lgMcmg7cCiNMbzndrYGWEc4+pEKieN8qETIhu7HIsG8SbE2req2Ev7xDBYb2UMAtF
nr0mHPq8FBEjUzVqjzH5xZKCoZ7tY5eOHHKnN2hepw2CbYccHLkN+9behRmALGU9359xT6qarqFY
23y1jSAmGhNQWk9aTwGDpEhunA7kpqfZ1De4J9sDzMzwhJ5zn473JphoSWoLGPSSDAyAbw0/+67R
0gxqF1dvKgnjHagJj2It5TQozzaA6M5rV+tXMuRt+laK9ryAZ7xTH2+Rk8nG1GlIrSW90zVPlAAB
RyOrWS80PQcdpZ7eTPyNMxckrYfc5PuZgHIJtg3ew1dFTAZl0jU7eGqj9K/euD/yUBxl/8zlY8MV
A5ffkE8OXE0SMERfn8s46K+CXtZRrNIxdXviTDx7cXylB6nUUNRZ+6O5ZX04jW5BUakO3ds0r9tD
drp/NJmeftkybFpoI6ZAB9aanqLsjNbpGw9C/5qjq3u/21dq9eYtDTsVwEE4Svg1WdPzady/4oEK
6LT+0TP2JnwUr98BwnmxGXk3GBlzfjlI/Cqd+6tb+LbGFLnJeyqTGi7o4NziHAXKnU7keB3RC1RQ
gulIoU1FU8nwkRltSurR4UjdIs3ntJ/v5SFbGf4KIU7MdeTNCL19K1NZ74xVq3dp1cLd7Yya65nb
ga4uhs/kGIbPWV60agfwYrXzmwhUODu45LCt6+EA3fQfPg9udW7HYOfmvoA9oRtrXKGAp8NF62SX
D69Vtr2muxlt2NU3u0NIn1bDkcuLFzvH3zW/FPzTDvNNbKba6r0qEdF3WHAnV4W5TkuXGz7ka30x
LZrQpe8P+k71ZjUeb1e7TK4IG8eyXNt26Lbuxen5DqVp9Y4x2R/EUL4rH1h92TQ7C/VVk59e7pC4
hwEeqX2wSxYGb+p8T9yDG/Qu0asv3l0s97SNkib+lYRj7m8TY/KF/vmE2Uu/qDFVRX/Jm7ZSmVmZ
AUfzC7VIoRWRFMLooaKkZUcT03tCzHfkztxyh0Oo5Dr2y4tOa1cP/6+UeJ1fcCNsu+G33/4TUp7h
zw==
===END CRASH DUMP===
