PocketMine-MP Crash Dump Sun Oct 17 13:30:26 WIB 2021

Error: Class "pocketmine\Player" not found
File: plugins/NameSpaceRemover/src/JackMD/NameSpaceRemover/CustomPlayer
Line: 40
Type: Error

THIS CRASH WAS CAUSED BY A PLUGIN
BAD PLUGIN: NameSpaceRemover v1.0.0

Code:
[31]  * along with this program. If not, see
[32]  * <https://opensource.org/licenses/GPL-3.0>.
[33]  * ------------------------------------------------------------------------
[34]  */
[35] 
[36] namespace JackMD\NameSpaceRemover;
[37] 
[38] use pocketmine\Player;
[39] 
[40] class CustomPlayer extends Player{
[41] 
[42] 	/**
[43] 	 * Returns the name of the player replacing the spaces in players name.
[44] 	 *
[45] 	 * @return string
[46] 	 */
[47] 	public function getName(): string{
[48] 		$username = $this->username;
[49] 
[50] 		if($this->hasSpaces($username)){

Backtrace:
#0 pmsrc/vendor/pocketmine/classloader/src/BaseClassLoader(119): include()
#1 pmsrc/vendor/pocketmine/classloader/src/BaseClassLoader(105): BaseClassLoader->loadClass(string[36] JackMD\NameSpaceRemover\CustomPlayer)
#2 (): BaseClassLoader->{closure}(string[36] JackMD\NameSpaceRemover\CustomPlayer)
#3 pmsrc/src/event/player/PlayerCreationEvent(99): is_a(string[36] JackMD\NameSpaceRemover\CustomPlayer, string[24] pocketmine\player\Player, true)
#4 plugins/NameSpaceRemover/src/JackMD/NameSpaceRemover/Main(53): pocketmine\event\player\PlayerCreationEvent->setPlayerClass(string[36] JackMD\NameSpaceRemover\CustomPlayer)
#5 pmsrc/src/event/RegisteredListener(75): JackMD\NameSpaceRemover\Main->onPlayerCreation(object pocketmine\event\player\PlayerCreationEvent#24688)
#6 pmsrc/src/event/Event(62): pocketmine\event\RegisteredListener->callEvent(object pocketmine\event\player\PlayerCreationEvent#24688)
#7 pmsrc/src/Server(534): pocketmine\event\Event->call()
#8 pmsrc/src/network/mcpe/NetworkSession(225): pocketmine\Server->createPlayer(object pocketmine\network\mcpe\NetworkSession#24514, object pocketmine\player\XboxLivePlayerInfo#24758, true, object pocketmine\nbt\tag\CompoundTag#24696)
#9 pmsrc/src/network/mcpe/NetworkSession(682): pocketmine\network\mcpe\NetworkSession->createPlayer()
#10 pmsrc/src/network/mcpe/handler/ResourcePacksPacketHandler(138): pocketmine\network\mcpe\NetworkSession->pocketmine\network\mcpe\{closure}()
#11 pmsrc/vendor/pocketmine/bedrock-protocol/src/ResourcePackClientResponsePacket(62): pocketmine\network\mcpe\handler\ResourcePacksPacketHandler->handleResourcePackClientResponse(object pocketmine\network\mcpe\protocol\ResourcePackClientResponsePacket#24790)
#12 pmsrc/src/network/mcpe/NetworkSession(388): pocketmine\network\mcpe\protocol\ResourcePackClientResponsePacket->handle(object pocketmine\network\mcpe\handler\ResourcePacksPacketHandler#24795)
#13 pmsrc/src/network/mcpe/NetworkSession(351): pocketmine\network\mcpe\NetworkSession->handleDataPacket(object pocketmine\network\mcpe\protocol\ResourcePackClientResponsePacket#24790, string[4] ....)
#14 pmsrc/src/network/mcpe/raklib/RakLibInterface(187): pocketmine\network\mcpe\NetworkSession->handleEncoded(string[7] c.`a`..)
#15 pmsrc/vendor/pocketmine/raklib-ipc/src/RakLibToUserThreadMessageReceiver(42): pocketmine\network\mcpe\raklib\RakLibInterface->onPacketReceive(integer 0, string[16] ...O\..K:.h..Y..)
#16 pmsrc/src/network/mcpe/raklib/RakLibInterface(121): raklib\server\ipc\RakLibToUserThreadMessageReceiver->handle(object pocketmine\network\mcpe\raklib\RakLibInterface#23267)
#17 pmsrc/vendor/pocketmine/snooze/src/SleeperHandler(123): pocketmine\network\mcpe\raklib\RakLibInterface->pocketmine\network\mcpe\raklib\{closure}()
#18 pmsrc/vendor/pocketmine/snooze/src/SleeperHandler(82): pocketmine\snooze\SleeperHandler->processNotifications()
#19 pmsrc/src/Server(1546): pocketmine\snooze\SleeperHandler->sleepUntil(double 1634452226.8719)
#20 pmsrc/src/Server(1107): pocketmine\Server->tickProcessor()
#21 pmsrc/src/PocketMine(293): pocketmine\Server->__construct(object BaseClassLoader#2, object pocketmine\utils\MainLogger#3, string[41] C:\Users\nhang\OneDrive\M..y t..nh\FLOTV\, string[49] C:\Users\nhang\OneDrive\M..y t..nh\FLOTV\plugins\)
#22 pmsrc/src/PocketMine(316): pocketmine\server()
#23 pmsrc(11): require(string[85] phar://C:/Users/nhang/OneDrive/M..y t..nh/FLOTV/PocketMine-MP.phar/src/PocketMin)

PocketMine-MP version: 4.0.0-BETA5 [Protocol 465]
Git commit: b65e89b605aeba5f7958d3cbb6db47e766cd6f9f
uname -a: Windows NT PC 10.0 build 22000 (Windows 10) AMD64
PHP Version: 8.0.10
Zend version: 4.0.10
OS : WINNT, win
Composer libraries: 
- adhocore/json-comment 1.1.2@fc2f76979f0a44a5f5bc2a2b600d0762fe0e78e7
- brick/math 0.9.3@ca57d18f028f84f777b2168cd1911b0dee2343ae
- daverandom/callback-validator unknown@unknown
- fgrosse/phpasn1 v2.3.0@20299033c35f4300eb656e7e8e88cf52d1d6694e
- netresearch/jsonmapper v4.0.0@8bbc021a8edb2e4a7ea2f8ad4fa9ec9dce2fcb8d
- pocketmine/bedrock-protocol 2.0.0+bedrock1.17.30@faff7da904e68f69b1a9128956dac3122e87308a
- pocketmine/binaryutils 0.2.1@8cd078e2426f8100331f2d73bef10f481dad6cde
- pocketmine/callback-validator 1.0.3@64787469766bcaa7e5885242e85c23c25e8c55a2
- pocketmine/classloader dev-master@80226e0917be79ac3230606113e25134a31e6a85
- pocketmine/color 0.2.0@09be6ea6d76f2e33d6813c39d29c22c46c17e1d2
- pocketmine/errorhandler 0.3.0@ec742b209e8056bbe855069c4eff94c9734ea19b
- pocketmine/log 0.3.0@03ab1316da0b1978a7a1c8dd73e1c2a973cb62ec
- pocketmine/log-pthreads 0.2.0@6be3445c48c62eba3922f987f000bb20c81d161f
- pocketmine/math 0.3.0@83ec067b12c066fc61d9fb129daf7e61ef3b1d63
- pocketmine/nbt 0.3.0@98c4a04b55a915e18f83d3b0c9beb24a71abcd31
- pocketmine/pocketmine-mp 4.0.0-BETA5@b65e89b605aeba5f7958d3cbb6db47e766cd6f9f
- pocketmine/raklib 0.14.2@e3a861187470e1facc6625040128f447ebbcbaec
- pocketmine/raklib-ipc 0.1.1@922a6444b0c6c7daaa5aa5a832107e1ec4738aed
- pocketmine/snooze 0.3.0@fe5b1dbf0d6267da882d1f67924772bd93db833d
- pocketmine/spl dev-master@b7a8904f912c1f6d38ad867ff1120614ccb80171
- ramsey/collection 1.2.2@cccc74ee5e328031b15640b51056ee8d3bb66c0a
- ramsey/uuid 4.2.3@fc9bb7fb5388691fd7373cd44dcb4d63bbcf24df
- respect/stringifier 0.2.0@e55af3c8aeaeaa2abb5fa47a58a8e9688cc23b59
- respect/validation 2.2.3@4c21a7ffc9a4915673cb2c2843963919e664e627
- rhumsaa/uuid unknown@unknown
- symfony/polyfill-ctype v1.23.0@46cd95797e9df938fdd2b03693b5fca5e64b01ce
- symfony/polyfill-mbstring v1.23.1@9174a3d80210dca8daa7f31fec659150bbeabfc6
- symfony/polyfill-php80 v1.23.1@1100343ed1a92e3a38f9ae122fc0eb21602547be
- symfony/polyfill-php81 v1.23.0@e66119f3de95efc359483f810c4c3e6436279436
- webmozart/assert 1.10.0@6964c76c7804814a842473e0c8fd15bab0f18e25
- webmozart/path-util 2.3.0@d939f7edc24c9a1bb9c0dee5cb05d8e859490725

Loaded plugins:
CommandDisabler 1.0.0 by  for API(s) 4.0.0
DEVirion 1.2.5-ALPHA12 by poggit, SOFe for API(s) 4.0.0
DevTools 1.15.0+dev by PocketMine Team for API(s) 4.0.0
FLOTVCore 0.0.1 by  for API(s) 4.0.0-BETA5
HideCommands 1.0.10 by Himbeer for API(s) 4.0.0
NameSpaceRemover 1.0.0 by JackMD for API(s) 4.0.0
PureChat 1.4.11 by 64FF00 for API(s) 4.0.0
PurePerms 1.5.0-legacy by 64FF00 & ProjectInfinity for API(s) 4.0.0
SimpleNPC 3.0.0-snapshot by brokiem for API(s) 4.0.0
Sound 0.0.1 by  for API(s) 4.0.0-BETA5

----------------------REPORT THE DATA BELOW THIS LINE-----------------------

===BEGIN CRASH DUMP===
eNrtXAlz20aW/itd9NRGnhVJXMTBWbvsSPbEO7KlteRJdsKUpwE0SIxBgMEhWUnlv+/3XjdIkJI9
dsa1tVVrz0Qi+nj97gtN/TrKqnot27fXqm7yqhzNveNRm6/VaG77rufNHMfxJ6EXBlZ4POo2emo2
CWzPjizL8p2Zb1vu7HhUyKZ9VtdVPZr/OmpvN1g20s/Ho7VqGrmkkRMsa8RitKmSd6pd56VaLC4K
eavqxUiUVSuyqitTbMm6onieF7xnvli8aYDfYlGuZLlcLM5LdVrn19j7ctFZlrJvRcsf0nK1WDw/
O7/662KxKbplXmLTK7lWlxuZqNdqXYHOxaKpk8XiP2Xy7uXpfdMnXdNWa43WZLPaEDoaFQNzerhn
CohTDfDu3BAcQBUgGmy2wOcaq0bzH0cPLLFZE4hrVaZVPd1xZ5oQw4pKpuaQb2WjmIlnPHZk29HD
ucjLpOhSdfQQ8B/Yvx+YNQOwg9HxY9rBA0dNW+fl8kfX/0l8GvsYIUcc3Qf216Somq5Wv/1OsK6h
k/5TILadbnhyqtec1Eq2UOlnNHUUMZuat/LzDzsWZovj/SSGiquP6xX4WLR1pxgzT/wuRXkp8/Jo
5gLR4SlM2uFhe8SNHzeqNeP/gphmd/j5Wi3zplW1Ss/odwkVCUhDPgyUSBg/rsp9LI+q+B8qaT+T
rAeO54cho+bfQU1L1XfuZ9ZdxMePE1kUete/ik0wwOZS1SAcUvPux8QIiA7X1hkONpeqvanqd9N1
slHTV/rhEr6SWOY4swOI+ijAIrSURvE+WgzUxYLAQkh7cEHGzPaOxT37euJ/iKv3Z/Cu+oQXZVZh
UzALtYLfu7WMQWor4ZpPqvWGXPiVXBLHIp+Jjj6RaD88FOhHiTnghfZ+1ofOQuxIC5jZa9VUXZ2o
C2hxQz9U+52eOrLd8PPO/8jSnXvTeH3YLccqrfE03tRVWyVVwagPsTwpcmgRRjZV2SiN8l3dPzjf
kEvG8CF6x4/1og+f9Qn61WO9f9B9KJMaRZbmhvOJGuGG/0Qin358T+0n0PQJvGNiZpoY91OJmdmf
p14aj1PZSiP0Ly+ObXRDcJvgn6bI+xBFtXxX5PH0tXx3lscvSvjYDP7/yA6D30PZszKpUpX2ASv4
SSSTv8u/91jMPmgyGo1xvtEoanSuKkoTr1bwCelLnXK+VonKyUF7/8RaNEAwbZ8wjmXMLQPpKMfU
UtVixzjbZ86dLxaTyV/mk9Vk8t89Af7nstEhBelxadjhLxagskfsIyR+hnp/gNgHjuv4gcY8+CDr
m7KqflE6+BVKbVS99Z6O+zuZ/Al7Dt1p+DsQvBNd9FKE1r11wAf+GNx9VbV5liecBDTm3Ohu8Ldn
nv+JgBt6flO2eXGUVl1cKDEsswIk85wwW/ccYlvBBxKCNk/eXWiMKxMFHXsA4YL3vMSeIydyPwDk
7dsERCLCJ1svc5CxP3Dujf0diGl05ndWLWEaD9ydT7F/Eh8t3yYTlG6TyaBs2+2NPnvvtuTTPHDu
54Fr35GWZrHeZZw5GE6mqH7u8lr1DiqcoQJYyXo+nZ7Mp4zZlBGb9nhNd2hNGavByeOXFxPavY/Q
w9FPvx2P1Bcsnb98rQoENbi3eXldFddqjWiCM1LwJmlH/SxGDiFijlw8UebamBd/FLKoyqW4yduV
aFd5I2Bsy1quJ+JFRnRAAZTCNtfRy/9j1babBhyvNqrUEW1S1ctpkSd4Vs30zxdnY3diPZ7QJldv
Gn+hfwTSY5BT+jjDR/rt43cJShui9IPl0J9oaWC2hPjdNUrcFR8vi/Qyz8JvLtPFUBRCvUcVkzZC
P/5KK22zg9i0aKd//CM9uPwABrxWbVeXDTisBGEqqow/6yQfeo0PCVSaB5mMRuSlmW54C/HT8wxA
+jzrgT+pGbqxVJryzRRxyQv4YQP3lici68qE/KdYqpYYRK0AvY+pCHntov0DeFMzoo/EH0gtxo/7
EeKPZ/gzs8z6PDsyy1ayYaY3R1sYDx/+Ovrta3/la3/la3/la3/la3/la3/la3/la3/la3/la3/l
a3/la3/la3/l/11/5Xi0pBxVFtSGoAIRReTeNiAWQxi7WxAjb2JNrPG3z66ezmiyy4t0NHcs2zke
ocpJ1fVonsmiUcejPiCM5p4/w0k5NUZif6bCKPatmVSxnGUIZWHqJnHsp7EXqMD3k9TPogywO4PQ
9zkM7aYRr67ExYmwcbzgY4XjWJYljvp523oonr489T1qu6w22BkCV9vC4y+wVYM7P2P6bdUQ7Bev
Xl1hgB9u8pK7MkgkweC3sP5a1rlqiDkyXYGWWk3/0SCKYI1p9NgTe+I8yRInC/woiDJLeh7ImsWJ
Ix2QaaVW4DuZslQQqoA4VsNopmvZrrDbmkQT90kiZ0Fqh5nlhFnoZUEQxI7th0lqR7YdW6lSjuu5
kno/qYQkYNPVekqZfYwIMb6WRZ7Klrpk4Nm7sropn5jf1PRa1lXTqClIlk1JvZFrZ+JOrCeO5USR
5bqJO8s817IUROOrQIUqDJNs5qR26vuRR6fCM9aqUbJOVkz/Wm7gWwgUa8OTMI4Ty7FlqNLYUZ4M
lHSyUKZeJiOVRGminCyJQ+rBfST7BDyHwP27mQBrg4lrPclklgWpjCxP+WHmR7EtI9sJo5mfysS1
HUeFgWuF8gB6Xsr6ln0EM9qZ2E/AUgticDzHz0LbAvF25qSBG6vMtjIvtFOZQv/UPqR7GW0DU/eJ
7wVhgGIDahsnEnTPwnAG8CqcJY6bOND1ZDaTzgHAXTeEWoXqeryWVDQ+CS14Y2VFdhCrIAJxjmv5
lm/brnJmtutJ11a+DGcH4KqCUSIarSdWFCtfST8N/MxRrpv6oQ0ZR6kTJY6TeH5iB8pOD1DiLqtJ
PhkUaYhKAs+JHStSoTXz4xhUzSw/SjyVZZGXRIHrKWlH8T6oolpuIViujG24vVRasR0FoQyknYQp
WK5sGAggJLHvqOQOhPGm5VSj2dLlx4riVeKFCXbE0o0cJ4vCIIMPiIFkAunZvp3tg9raGWETuiqx
/CC2Hfzys8S30yjDU5TKLFC+rTI3htK7+yBQYm4hRGHiScuLIdPIninYbOimbmwlYHrsQPFtGSep
a+9D2H0crzf7LvTJZ/jDO1koo2V78D/KlSHUBLoYWMpGapP4vjOzPLjlMPMABwYay0M+73JZDQkW
AqZK3/M8kOQnMDopZ/T/0HWQBShbJV7ghlIdWLJOOrZcytQMfIwzK/WR1qUyDOFMMj+IkPcHTpxG
bhqH0MwDIJti3xriQIYw+gzGnmB7ioPT0A+yzLYdGIWXwKVYdkDMruW6UbdkCYXipipbqAPOJPgX
eErNlOuElmvH9sz3rHhmQ6OVAqvBaT+x5A5I1+U6VsBNwrFHcRxk8QzloB/ZGTQXOpt6XprEHlQF
fM0cLyXxwENucPhUR2ykb2pnlAoKk7kJOIf/SUfG8SyTXiBnIXxm5MPhwl3Es2gAxjgbTYvDyHgJ
fCzoTyLpQf18sh4ncULPjXw3siPl+3CRDkWZetWtGyl7Yu6GheZ2nVXlLXSzuM3yohgn5v3KNfhG
QoSjSKNZEAUqSrPIDbM0dWLL9SPgmSFiKR9KYifqPljr2DTAe3BQLDuA+0rh4WwrTWQI1QoyuF+V
+DPQAhNWMoZJ3gcOoSu0BrBsct2eq1IEArg4CeQiqRAIsgRRDKHTcmYeXOiHYNkDMsEz244yN1XR
TGWIhZEXuhQcEi9xQaMLfkb4CVg3Kl5Xv8i6ncJ9q9pEf4p/fuR7SQCDCS0EEU+GHjTdVfBJWWrP
YhlbmY2wM9sDsoFrGlN8YvkSLjCMCI4oTRw4V2nHcZRQ8J8lsTVLEZaBW2QFAPPb9rUT5yYnyEbg
uk/zRsbsv7e53OHM8WiXyFEEo1xIdu2qqgHoR6SDcpPTewH2UJQeqpI2QoW4Awfr3NDbFr22qbL2
dDiwlvymq+mQHMRVHN9SfsaduSESOmOnd2iIgJRvnl9efX/++uxUc6fJW8KcXlOcPvtrXjOyW4K2
Q/uUOJPZ+OnZxXdPbWePIviXJeWdx6PL8+dq9IUI1EAXi2tGZbGAzzKfBugZ6i6vnr6+enNxlzZ1
fVVVRTOkrR/ap82eISWivHqPsF2WLq6UXH8p0nocQMoOm4+Q0r+CBD9WXTxBXjwoO6ZbGCCYa5IT
ZNADindjQ5ItytI/ppim+vidJL5CmvP0b6Z0o8M/XSG/y1NltHkouL3hQxOz920Mi9exgil+IYEZ
cIvFEIlPo2ilt05AA2i78356R989r64/5kZG+i3Nl6Lw4+98PkVsF12tTlayHRa5/dA+Kd7E3te8
ke89f25Zn0ULA79Q9boZ3SFr9FxyftJc1BUO+gGeo+qai2fjfny0I/ytPnux6JHdffqnor3HLAkp
83JwC8YwRyO7zx09ts8eeKJxoZYyub2PSeLfBKiiNs2LMsvLvL39UiqwxwlGbPDxC/BCwwEzLvP1
plCvLk4GzNiNDZnhsiNqSrlpVlW7z464rt7l6ov5ZAOOenvUjx3i87mEG1DTHQwimq/HDAg212X+
1z0yH/ypZk0pkETKrlAqHETEvt3F5scdtsmmrpCUtNzMGT242D6Jkwq6uhR0NWhRL8oHl7IV50kr
bF/Ywdzy5lYgvn/xrXCQuNKCQpbLTi7VI1Uu6Xldtekj+ooN0tlFl2WOzz8T/skjrsc/fVqtsRlv
qrp9ZEe269DgzQo0jYu8wRiDlO/H5rrJI9uikSXIXFep0vNZVSdqvB2rsoxGQW9KDar+eXO9eYSU
BJ/SPMvypCva20d8nm75tVU9blTbIk1vHjFl6loVY9KBR7qruR1rlEoHS6hQeHT67PnTN2dXNKpF
Pv65U/Vtfzo0pRo38loZHK5zdTNOQaIsE/VI0/0+rt6PSaXMmr1ycHK7psT4gSBtEAlLqau5HmJh
CXBB7IkcwhNXK9Uo0ZMlZK34Gk9VKrrwA9EmsqQbYbHqb66kdLnnjpIQrMtqeznoEGYjM3odjZm6
IZAirpV8J26rrjawRJ4JSIeqQDoBgqH7YMUtAX6lbrbgpqnKJETTiJuq/KYV1FiTtSD2rUEstZ5u
CUO+D8Z036xUKbrNspYpAEwWJWmVBjZflEI8+H6lCDHRVjilTAVAmM42eFDLsilkC6R4mlEtKhwD
UvFJtcwvSmgTJXQ/iEbWBFnrXW8Ac8FtXppoVl2boqwcmzt5c7EYbb9/lqwWna1UIDBg2zYPu4OH
zIUhjRjzp0VR3QgyBLp/ZQoccZ1L8V+kW7SGlWxspgYoPHjGSmg2CSAuyBjoCh24RuDiW2F4TeuN
zm6nh6C+R50IlQHjZZoK1ONaPsR3euEh1krS+yBqAAtIJVaENbinfu5kQXxd5tdYiwK+U+LIHAoH
8pCg6xPVuFbkBMaQC725mGOaz37VISerSe2eNrdlciWbd4JeSkHRJrzgTQPZke73lNKyVV2VSCNE
i+XNMW0oUmHMHAZzLKinXes3oMwbOFIaW3elecmkgV+y/EET1LCu3udQQQU2gCRW7XKLHPHWIPQi
I2WmNaS0xyJvvwH72pq3pfDOidapg83iCDTQtT+H2cJkjA2lcwZ1qMyStaPuypLEmZIrqjYsBH4b
0EwEyg3zWazz5QrWXstmdTy0TqM5xJG67jatHtUMI8asgZuhi4ULq+VWf6otRl5XeQq078eAdIR0
rgKjoV2TgaJRW0sv2moaHD0ceH2rrfbPRRVDeyhECj0OQ1jnLRn/GilXfNuC4+JSs9pi5uqCmrdf
kdRucuY8axSs+masAfVK1jCFWQ4U4bL4mhCByWql+iO1kkNaHdmxWFYQFOXarBV00JLRHDNqc2ER
FTidfbRu2P6fp4Byjo/hT3H0X8O/aauNvj2q/esWJQOuEXAfG+ohpVuE6NQeK9tyPIMYO4Hv2SoM
fs03XwBDtgtGiTyGSDpEpxLRSaj3KunY+1YaZW2RFM22q9X7BPlAs6NIO67zq2dzcfXdi0tx9uLl
iyvx9OLi7MWzS3Hx7LVA/vaXZ6+PBRaJq3Oseia+/+787Jm4eH1+8uzycnLoAvb44cx8ww7k6XnF
EZsccUMEJivFLpm5sXW2NniPnCFl38JLxnCFSrtZBoW8D3TCQUObiN4PKZtWMqRoFCFLWmYOY8ga
CFzvzpFT3mvOOKcYQokAb5jcXU26YBJmiG2jEsoXNGcJXS1XvXdLA9RLbZodqa5laG0e3o+Sodw1
lC9lHcMyxrteOTug+7nLpkbomF3C7ILvXsuy4+xkiAkytw46+PC4jwmHStiroQ6vWQZYmt71zgQn
4lz7fK3wSC+qrki3uOQIIjel2OHfaMAbRh+E+tR1LM1pz9lZ3AmSrDoawpa2rK7WfbDVu82K8VA1
hxImaowk7+iGuEel9rTjss8oSWQ1TiI1NIqcduuNTr90jifMxJgmenmd0iKzgXFnNHsK8IQwD2OX
9zAYQRuBDydcQ8maplON/tpBo5Z9OkpOi07bYXXcC1LnCCbrnGhsaOkH+UQVTbLqyndNj/uJ3NBo
vu7WiLEIr7XoqwMSZH8bn7HY8ZXsxbCSLeaujiEb3xiM+MAxpckdgq63ldhppacOdZpyI/J6Gr5e
3JuQhmUWDinjzGGcSNjnljZqdHOugvSRv0hQmQRDQ9nwrS6h92gKd9Rhm+Gnpqc/mRb352oGFlQn
GLgfB/UxPVyU5tbT3IQIpGarqtApZizbZMWpOKOMrAkqZIIM+zZdGplZHVpitU02dXh7MJRSP0Vu
tb5tCfixGNsDAbLw+OBx2yNjQgB77V0ey8UopZCpppyKHU70aTMGDVoT8R1yQejSI07uxMnFm2Ps
BQ4x7OsmT6H2nCto77mFP2b4c+H3afcuI2+YO4O1E/E0haNaySKbotbUZUKqoMPmKBwqqJ9BCjYw
xF3YGwDbq2rek1ejFFMWE0FIvLkoL/pke1chUi1BSN0gbNLGblNuxub5oLp5aayuyX9RW3lSWt6L
saGAZ1ImpO1aPQah1YscvenhRFyYPYWsl7xBmlLV6AKfmNVySSRAJmBbsyk4Y6H6cw3kydhlTXLS
V0V1QU3Xn1TTipdXbxjTBiQR2XHX8le6WJS743RxMel9zbrtxrRrztgO60NVJvXtRtt6JqhzgFwI
CWtPJgpkapZMBEeplaQkQORr8KYl2UEa/Gdh4KaOGRcI7ZqRXhEn4HXZESNES3bnjRapTiWwtjU6
SpQo3UDov1mkq47Tc06STl9cPv0W+RHnU13JOkQOuyNPSW4y1UlCTspovnmWDuuNHZ07W09V3C3n
fdH2WNhUrJmUdQV3xfPC1PCN7jqQNZdNpYO3sQibgGmsNbSTVVU13JnoazXVV+PsxVPZStHI6z5a
UF/IdLjGNLdzbISYvuvPCY9p2vyjykvdEWBOfSPoiwJk+bV4cSqOfnjz4vQh5A6zBw5YfyMbFgy1
1mEcVMPVqeGPTj9gDdVOdiWs/Ydvz7bf8dL13WDkG9F/gYoTBxavSUWYtqpvIZkwOuhsZRkfi7k8
ux2/7/J0J5C+uzbs3lxx+0Wbmv4LRJoHvNbYVdeYNpD+EgJbvNkz1nvmen0a0zE6hBj3aE6hGCjL
5bZGKWlbcRiKj/tVe+27eztmmrlP11VH3iPTsc44E7CsZy3FdvKO3AqB+OkzB2dsfs2herCZCS+V
Lr1jpYHFKiPbbzbypuy/pme+QEKqRcP7QV+TTwdtyYcPFPIQVXP1FqcpxNP7sLTuR1PW1LcWsld3
INtvpt9bbNyDDk9cVAmbb5OnOmYQPRIyhcI1XTzkwpKCKFaoVIdOftiGNm41GeWQSaIKxZWCVm8+
tcjf4Qiqk9kTFRKkL+vqpl1pP4YjpFhpaAMnB+tvWh2SGdkxcaNHbbxjjSbtxWkzoIvcNEleQxP6
1uKWTNNy6tMc3rMnJMAbC0c8AJoolXeC3LW1trKc3BWmcV43MudqFsEEpZ7Wok216YrebMwDxXte
Y8KG69CBXAYRlXwSRVzyXEgJTIHBTW7dyJubVIf6jlxc62GdKRjNAiI7D53unB5Z5pi+jnAwtHUM
+8ObFXLyrBrEdPiDsX7Zs125gtzmGpXJZr3eTPKKMYaru11TcQhTbqnRmjQ71ClMmXmxm2cS2M3J
5bJWS9NSNP1H3WahL5S+O6SP8YOvOT89p/vMYxMUdH5A7utG6QpEwshv+MSGEd8RwGOTwVsBxOkt
57sNsDLCucNUCFTPG2VCJkTXdjmWDeLNCTXv1bCXd4zgsFlJmIUiz14TDn1eioiRqRq1x5j8YknB
UM/2sUtHDrnXGzSv0QbBtkMOjtyGfWvvwgxAlrKe78+4I1VN11Csbb7eRRATjQkorSetp4BBUiQ3
Tgdy09Ns6hvck90BZmZ4Qs+5j8d7E0y0JLUFDHpJBgbAt4affddoZQa1i6u3lYTxDtSER7GWchqU
Z1tAdPG1q/UrGfI2fStFe17AM96pj7fIyWRj6jSk1pLegZonSoCAo5HVvBeanoOOUk9vLn7kzAVJ
6zE3+X4ioFyC7YL38FURk0GZdM0Ontoo/as37o/cF0fZP3P52HDFwOU35JMDV5MEDNHX5zIO+iP9
jYCUYpWOqbsT5+L52dMrPUilhqLO2p/MVevjWfQeFJXq2H2f5nV7zE73TybT0y9bhk0LbcQU6MBa
01OUndE6fUNA6K90dHXvd/tKrd6+pWGnQn/noJAJvyZrej6N+1c8UAGd1j94zt6Ej+L1e0A4LzYj
bwcjY84vB4lfpXN/9R6+rTFFbvKOyqSGCzo4tzhHgXKrEzleR/QCFZRgOlJoU9FUMnxkRtuSenQ8
4j9JwGm/vpxHV552X0WIE3MneTtCb9/KVNZ7Y9X6bVq1cHd7o+aO5m6gq4vhMzmG4XOWF63aA7xc
730xAhXOHi45bOt6OEDX/YfPg6uduzHYubknYE/oAh5XKODpcNEm2efDa5Xt7upuRxt29c3+ENKn
9XDk8uJs7/jb5ueCv99hPontVFu9UyUi+h4LbuW6MHdq6VLDL/lG37OLJnTz+xd9sXq7Go/v1/tM
rggbx7Jc23boyu7F6fkepWn1ljE5HMRQvi8f/ssdzd5CfTXjh5d7JB5ggEdqH+yThcGbOj8Q9+Aa
vUv06nuEF6sDbaOkib8q4ZhL3MSYfKm/Q2H20tdqTFXR3/SmrVRmVmbA0fxCLVJoRSSFMHqoKGnZ
08T0jhDzPbkzt9zhECq5jv3ystPa1cP/GyVe5xfcCNtt+O23/wEwuE1Z
===END CRASH DUMP===
