PocketMine-MP Crash Dump Sun Oct 17 16:03:15 WIB 2021

Error: Declaration of callable `function ( int $currentTick )` must be compatible with `function ( )`
File: pmsrc/src/utils/Utils
Line: 504
Type: TypeError

A PLUGIN WAS INVOLVED IN THIS CRASH
BAD PLUGIN: Sound v0.0.1

Code:
[495] 	 *
[496] 	 * @throws \DaveRandom\CallbackValidator\InvalidCallbackException
[497] 	 * @throws \TypeError
[498] 	 */
[499] 	public static function validateCallableSignature(callable|CallbackType $signature, callable $subject) : void{
[500] 		if(!($signature instanceof CallbackType)){
[501] 			$signature = CallbackType::createFromCallable($signature);
[502] 		}
[503] 		if(!$signature->isSatisfiedBy($subject)){
[504] 			throw new \TypeError("Declaration of callable `" . CallbackType::createFromCallable($subject) . "` must be compatible with `" . $signature . "`");
[505] 		}
[506] 	}
[507] 
[508] 	/**
[509] 	 * @phpstan-template TMemberType
[510] 	 * @phpstan-param array<mixed, TMemberType> $array
[511] 	 * @phpstan-param \Closure(TMemberType) : void $validator
[512] 	 */
[513] 	public static function validateArrayValueType(array $array, \Closure $validator) : void{
[514] 		foreach($array as $k => $v){

Backtrace:
#0 pmsrc/src/scheduler/ClosureTask(54): pocketmine\utils\Utils::validateCallableSignature(object DaveRandom\CallbackValidator\CallbackType#112633, object Closure#112632)
#1 plugins/Sound/src/Main(35): pocketmine\scheduler\ClosureTask->__construct(object Closure#112632)
#2 pmsrc/src/event/RegisteredListener(75): NhanAZ\Sound\Main->onJoin(object pocketmine\event\player\PlayerJoinEvent#112622)
#3 pmsrc/src/event/Event(62): pocketmine\event\RegisteredListener->callEvent(object pocketmine\event\player\PlayerJoinEvent#112622)
#4 pmsrc/src/player/Player(749): pocketmine\event\Event->call()
#5 pmsrc/src/network/mcpe/NetworkSession(704): pocketmine\player\Player->doFirstSpawn()
#6 pmsrc/src/network/mcpe/NetworkSession(697): pocketmine\network\mcpe\NetworkSession->onClientSpawnResponse()
#7 pmsrc/src/network/mcpe/handler/SpawnResponsePacketHandler(44): pocketmine\network\mcpe\NetworkSession->pocketmine\network\mcpe\{closure}()
#8 pmsrc/vendor/pocketmine/bedrock-protocol/src/SetLocalPlayerAsInitializedPacket(45): pocketmine\network\mcpe\handler\SpawnResponsePacketHandler->handleSetLocalPlayerAsInitialized(object pocketmine\network\mcpe\protocol\SetLocalPlayerAsInitializedPacket#112627)
#9 pmsrc/src/network/mcpe/NetworkSession(388): pocketmine\network\mcpe\protocol\SetLocalPlayerAsInitializedPacket->handle(object pocketmine\network\mcpe\handler\SpawnResponsePacketHandler#93608)
#10 pmsrc/src/network/mcpe/NetworkSession(351): pocketmine\network\mcpe\NetworkSession->handleDataPacket(object pocketmine\network\mcpe\protocol\SetLocalPlayerAsInitializedPacket#112627, string[2] q.)
#11 pmsrc/src/network/mcpe/raklib/RakLibInterface(187): pocketmine\network\mcpe\NetworkSession->handleEncoded(string[5] c*d..)
#12 pmsrc/vendor/pocketmine/raklib-ipc/src/RakLibToUserThreadMessageReceiver(42): pocketmine\network\mcpe\raklib\RakLibInterface->onPacketReceive(integer 0, string[14] ....-.9N..k."0)
#13 pmsrc/src/network/mcpe/raklib/RakLibInterface(121): raklib\server\ipc\RakLibToUserThreadMessageReceiver->handle(object pocketmine\network\mcpe\raklib\RakLibInterface#23310)
#14 pmsrc/vendor/pocketmine/snooze/src/SleeperHandler(123): pocketmine\network\mcpe\raklib\RakLibInterface->pocketmine\network\mcpe\raklib\{closure}()
#15 pmsrc/vendor/pocketmine/snooze/src/SleeperHandler(82): pocketmine\snooze\SleeperHandler->processNotifications()
#16 pmsrc/src/Server(1546): pocketmine\snooze\SleeperHandler->sleepUntil(double 1634461395.213)
#17 pmsrc/src/Server(1107): pocketmine\Server->tickProcessor()
#18 pmsrc/src/PocketMine(293): pocketmine\Server->__construct(object BaseClassLoader#2, object pocketmine\utils\MainLogger#3, string[41] C:\Users\nhang\OneDrive\M..y t..nh\FLOTV\, string[49] C:\Users\nhang\OneDrive\M..y t..nh\FLOTV\plugins\)
#19 pmsrc/src/PocketMine(316): pocketmine\server()
#20 pmsrc(11): require(string[85] phar://C:/Users/nhang/OneDrive/M..y t..nh/FLOTV/PocketMine-MP.phar/src/PocketMin)

PocketMine-MP version: 4.0.0-BETA5 [Protocol 465]
Git commit: b65e89b605aeba5f7958d3cbb6db47e766cd6f9f
uname -a: Windows NT PC 10.0 build 22000 (Windows 10) AMD64
PHP Version: 8.0.10
Zend version: 4.0.10
OS : WINNT, win
Composer libraries: 
- adhocore/json-comment 1.1.2@fc2f76979f0a44a5f5bc2a2b600d0762fe0e78e7
- brick/math 0.9.3@ca57d18f028f84f777b2168cd1911b0dee2343ae
- daverandom/callback-validator unknown@unknown
- fgrosse/phpasn1 v2.3.0@20299033c35f4300eb656e7e8e88cf52d1d6694e
- netresearch/jsonmapper v4.0.0@8bbc021a8edb2e4a7ea2f8ad4fa9ec9dce2fcb8d
- pocketmine/bedrock-protocol 2.0.0+bedrock1.17.30@faff7da904e68f69b1a9128956dac3122e87308a
- pocketmine/binaryutils 0.2.1@8cd078e2426f8100331f2d73bef10f481dad6cde
- pocketmine/callback-validator 1.0.3@64787469766bcaa7e5885242e85c23c25e8c55a2
- pocketmine/classloader dev-master@80226e0917be79ac3230606113e25134a31e6a85
- pocketmine/color 0.2.0@09be6ea6d76f2e33d6813c39d29c22c46c17e1d2
- pocketmine/errorhandler 0.3.0@ec742b209e8056bbe855069c4eff94c9734ea19b
- pocketmine/log 0.3.0@03ab1316da0b1978a7a1c8dd73e1c2a973cb62ec
- pocketmine/log-pthreads 0.2.0@6be3445c48c62eba3922f987f000bb20c81d161f
- pocketmine/math 0.3.0@83ec067b12c066fc61d9fb129daf7e61ef3b1d63
- pocketmine/nbt 0.3.0@98c4a04b55a915e18f83d3b0c9beb24a71abcd31
- pocketmine/pocketmine-mp 4.0.0-BETA5@b65e89b605aeba5f7958d3cbb6db47e766cd6f9f
- pocketmine/raklib 0.14.2@e3a861187470e1facc6625040128f447ebbcbaec
- pocketmine/raklib-ipc 0.1.1@922a6444b0c6c7daaa5aa5a832107e1ec4738aed
- pocketmine/snooze 0.3.0@fe5b1dbf0d6267da882d1f67924772bd93db833d
- pocketmine/spl dev-master@b7a8904f912c1f6d38ad867ff1120614ccb80171
- ramsey/collection 1.2.2@cccc74ee5e328031b15640b51056ee8d3bb66c0a
- ramsey/uuid 4.2.3@fc9bb7fb5388691fd7373cd44dcb4d63bbcf24df
- respect/stringifier 0.2.0@e55af3c8aeaeaa2abb5fa47a58a8e9688cc23b59
- respect/validation 2.2.3@4c21a7ffc9a4915673cb2c2843963919e664e627
- rhumsaa/uuid unknown@unknown
- symfony/polyfill-ctype v1.23.0@46cd95797e9df938fdd2b03693b5fca5e64b01ce
- symfony/polyfill-mbstring v1.23.1@9174a3d80210dca8daa7f31fec659150bbeabfc6
- symfony/polyfill-php80 v1.23.1@1100343ed1a92e3a38f9ae122fc0eb21602547be
- symfony/polyfill-php81 v1.23.0@e66119f3de95efc359483f810c4c3e6436279436
- webmozart/assert 1.10.0@6964c76c7804814a842473e0c8fd15bab0f18e25
- webmozart/path-util 2.3.0@d939f7edc24c9a1bb9c0dee5cb05d8e859490725

Loaded plugins:
ChatManager 0.0.1 by  for API(s) 4.0.0-BETA5
CommandDisabler 1.0.0 by  for API(s) 4.0.0
DEVirion 1.2.5-ALPHA12 by poggit, SOFe for API(s) 4.0.0
DevTools 1.15.0+dev by PocketMine Team for API(s) 4.0.0
HideCommands 1.0.10 by Himbeer for API(s) 4.0.0
PureChat 1.4.11 by 64FF00 for API(s) 4.0.0
PurePerms 1.5.0-legacy by 64FF00 & ProjectInfinity for API(s) 4.0.0
SimpleNPC 3.0.0-snapshot by brokiem for API(s) 4.0.0
Sound 0.0.1 by  for API(s) 4.0.0-BETA5
TNTManagement 0.0.1 by  for API(s) 4.0.0-BETA5

----------------------REPORT THE DATA BELOW THIS LINE-----------------------

===BEGIN CRASH DUMP===
eNrtXItz20Z6/1e2dKaRU4LEiyDAqz1WJLlRK1uqJV8yF2Z8C2BB4oQHg4ceTvO/9/ftLkiAkh07
l7Y3HScZm9jHt9/7hUV+GSVllfPm3Y2o6rQsRgt3PGrSXIwWlue4rmc5wWxiBfbcmo1H7UZN2e7E
n7m2G5imOXMDx/LGo4zXzUlVldVo8cuoud9g2egKf6mx8SgXdc1XNHosooxXvMFxrExYxLOMh5lg
f03aIpKjBywtGvZV1FaVKJqrNLpmT//K8rZuWChYVOYb7KYtt2mzHux7+lcclbRZ9jLN6KzNmleL
6fRoMX1bg8JpsebFanpeiOMqvRHTV8vWNIV1zxr5Iy7W05dn51d/nl6U0bVoXqWFMF5dTAjKtK6i
adukWT19S39icENn6XNymt5bgukMEEaLmUlcrXiE3z+Onphst7yO1iJuM1FNj7Kybitxxevrg5n7
dME2EoccEJZLCXW5lGAXixuepTFvxJFm3WW6KniDzQdl+DcRNeyY34g3vIjLfLmkRSGPrv+sNpXV
bojk88SybM9xxkxv1WioYfspaHhisU3WrtKinl6WbRFLvF/xtDhwZntobqnBGTtyjOfv3kVlUTdV
GzUHHz7H7vFF3EDy0zdildaNqER8Rn8XojqY05mvIcbDvyyXEp/lkpAxnpfFv5dASsPvoyWBLZeb
jN8Tahfyb1p8QhMSBVuh4DxAQS458Ow9SjXIhwgaz0mh1a6/CxW3h4paPlWrD+Zu8Dg2EoZC4EDC
mPVgFKK5LavraR5txPS1eriEUcJwDubmvsINETSex+XLtKqbyw2/LRRs7xNhe8F8D7ZevVzS8uVy
uJ7keJSlIESe9UbUG6iOUGfOP3Qm9CEmIxrsueB05ndq6sB1Pw+Njyz9JVLK+6vCytdYgftxWU13
G6ehiCs8GZuqbMqozCTil6I5KyEjxdrD+rRImxTG+V7ECuMDd/ZxVDW10P8Pkms8V4s+cthj6rl3
UIc3TvotpJXqziVDgk9UDcf3P07oZ5zfEfwJVH0C+54Ejmf6yvuZn0rNzPo8DVN4HPOGa7n/Twhk
zOB302L1o/0T+3miKLI+RFHFr7M0nL7h12dpeFrAsSUIWgeWP/89lJ0UURlDzzQCs59Y9E080TjY
HzQahYSRbhSCCpmrkgL41boSPH6lUok3IhII4rBs++PYKYBw1kOyyNMoVmlIB8g6xEpUzNwyzXJ/
YhP8Y0yC15PJ9WQ5MhX6zuey0Cbl6DABKTekgKCxQ+sjBH6Gan+A1Ce241gac/eDjK+LsnwvlI/K
hNiIqvOdlu38ThZ/wp49b2rNfgeC/r4KqKUwk8E64AN/DO6+Lps0SSOZhNb63H5Au5QCOrBmrveJ
gGt6flsgQTuIy5aS014CbVuOOmP+yBmWuW9dasZ43iDzvVAIl5XG0u9B2GWpB3bgfADII7nXt7wW
R0jY67OSx3B29jb7eyTnpOTqrFzBLp44W7twrZ/Y0QIJKWXVkCyl1ctll1dj02SCpHoyKdbLpcyo
l8vd3uCz9+r8c7lUPAge5wHqkH1hKRar7FL7cTCcLFH83KZImDVOPpzTb9UKW7Q+XiNsh5+Ofvp1
PBL/IDXRJ9YpwFgx+11a3JTZjchxGjamRQx2Rc2om8eYzL4xQF6eKHSDGUaXDfsGg27g6Qf2ollX
5W3NlsvfqEtOC1nZdDMnd5HYEBES3PwhuD4v3cDXC6byKZBPG1hiGkHzwJyIbZny4QKq4/x/9Wsk
9lXdLRjvZPNV3UqjecoW7KZM419w7sw05blLuJeDfzrY7YP0gEQRCUi3D/rpU7XN0tuWTW/Ps8HS
xSJCcGjEy6rMO8R7Jzz9kwRka0C/yienh81uqfE8rS/BkTpJRfzt/cGWEo2Mu0VGspoV4rbP7YPl
h/V1OWKTT8G6Y92ELUcfUWMJrscRuXw50rTOBrQqfVO/SVnkD6UU02++kU/BVodQvZM8jEbkKHUa
wa5eiTxEACYrxVLLfLB0A4JzxquK3/9rnt6JeNzf9Jx9JafkZusDm7dl8UFvZ6c/7KubzhQkELun
zzPL+RR9PiQMYFCtIMAHEiGN13h3eO+gge5andyTEiKL1gdqJ+M1++qaPQOFN1CQX7+0Mr60Mr60
Mr60Mr60Mr60Mr60Mr60Mr60Mr60Mr60Mv6/tzLGoxXlhDyjSr/g9Bp4NNgGxEIIY/cmeeROzIlp
fHtydTijyTbN4tHCNi17PErrd7G4GS0SntViPOpiwWjhejOclFLLIfRmwg9Cz5xxEfJZMg9mfuxE
YejFoTsXc8+LYi8JEsBuNULfp7Cz25q9vmIXR8zC8Uwey2zbNE120M3DgbDDV8eeS+2M9QY7feCK
mm88eg9T1bjLZ0y/K2uCffr69RUG5MNtWsjGR74pweB3MP6KV6moiTk8XoOWSkz/ViOAYI1uoVgT
a2K/SCI7mSORDBKTuy7ImoWRzW2Qacbm3LMTYYq5L+bEsQpGM815s8ZucxJMnBcRn81jy09M2098
N5nP56FteX4UW4FlhWYshO24DqcSNkbhVMnCaRrpIsnYFZgL8Oy6KG+LF/pv6hGtqrKuxRQk87qg
GvbGnjgT84Vt2kFgOk7kzBLXMU0B0XhiLnzh+1Eys2Mr9rzApVPhGCtRC15Fa0l/zjdwLQRKasML
Pwwj07a4L+LQFi6fC24nPo/dhAciCuJI2EkU+tRW+kjyCXg2gfsXPQHWzieO+SLhSTKPeWC6wvMT
LwgtHli2H8y8mEeOZdvCnzumz/egpwWv7qWPkIy2J9YLsNSEGGzX9hLfMkG8ldjx3AlFYpmJ61sx
j6F/YgjpUUZbwNR54blzf+5C8J4XRhx0z3x/BvDCn0W2E9nQ9Wg24/YeQHJtmXRtgASTMXJORdoL
37RtT5iBNQ/FPABxtmN6pmdZjrBnluNyxxIe92d74MpMokQ0mi/MIBSe4F489xJbOE7s+RZkHMR2
ENl25HqRNRdWvIeSbGjqvFOCIg0R0dy1Q9sMhG/OvDAEVTPTCyJXJEngRsHccQW3gnAIKitXWwim
w0MLbi/mZmgFc5/PuRX5MVguLBgIIEShZ4voAQRj08hMo97S5YUC4WoWuX6EHSF3AttOAn+ewAeE
QDKC9CzPSoagtnZG2PiOiExvHlo2/vKSyLPiIMFTEPNkLjxLJE4IpXeGIIqw2UII/MjlphtCpoE1
E7BZ34md0IzA9NCG4ls8jGLHGkLY/TTyzdCFvvgMf/ggBZVoWS78j3C4DzWBLs5NYSGziTzPnpku
3LKfuIADAw35Pp93iayCBAsBU7nnui5I8iIYHecz+s93bGQBwhKRO3d8LvYsWeUcWy4lYgY+hokZ
e7YHIL4PZ5J488B253M7jAMnDn1o5h6QTTa0hnDOfRh9AmOPsD3GwbHvzZMEhQOMwo3gUkxrTsyu
eF6Le7KETMjmmbRQG5yJ8M/cFWImHNs3HSu0Zp5rhjMLGi0EWA1Oe5HJd0DaNlWxAm4Sjj0Iw3kS
zlAKeoGVQHOhs7HrxlHoQlXA18R2YxIPPOQGh09VxEb2JnZGKaAwiROBc/iX2zwMZwl353zmw2cG
Hhwu3EU4C3pgtLNRtNgSGTeCjwX9UcBdqJ9H1mNHtu86gecEViA8Dy7SpihTrdu85rwj5mFYqO/z
pCzuoZvZfZJmmRHpVxk34BsJEY4iDmbzYC6COAkcP4ljOzQdLwCeCSKW8KAkViQeg5WHiglbcFAs
aw73FcPDWWYccR+qNU/gfkXkzUALTFjwECb5GDiELt/swbLIdbuOiBEI4OI4kAu4QCBIIkQxhE7T
nrlwoR+CZfXIBM8sK0icWAQzkSAWBq7vUHCI3MgBjQ74GeBPwLoVYV6+51UzhfsWlY7+FP+8wHOj
OQzGNxFEXO670HRHwCclsTULeWgmFsLObABkA9dkUHyS8iVcYBgBHFEc2XCu3ArDIKLgP4tCcxYj
LAO3wJwDzK/bFzoyNzla8+YVL1CRVb08rj86Hu0SOJOSIIzwtlmXFQD8iDSQb1Jq/faTO4yKgrq3
UCBk50joYhQURax31GXSHPcHci7fH3Wtz97xKkenF1KIeZRhnl9efX/+5uxY8aNOG8KXetBHyKsQ
hI7Tmg4eULM306eIYrH5MYp+Ly11izQnLMPwnjJN0DRE4tPpOj75c1pJZLcEbYeGlNiTmXF4dvHd
oWUPKIKnXFEGPR5dnr8Uoz+IQAV0ubyRqCyX8L76Vw89Td3l1eGbq7cXD2kTN1dlmdV92rqhIW3W
DMkdVQgDwnb1BrsSPP+jSOtwACk7bD5CyrppNjXKK/Bj3YYTZPi9Amq6hQGCv0tjoTWhT/RgeF89
raF+YnEeCqjxH0SsBrdc9pH4NPVcq60T0ADaLtpKkOX268FuaEiTO7GGXmTkuS9fmuZnkSSBX4gq
r0cPqBu95DKU1xdViYN+gGqWbX1xYnTjox3979TZy2WH7O7Xb9L/iNwJKf1GaQtGM0chO+SOGhuy
B6puZGLFo/vHmMT+mYEq6micFklapM39H6UJA05IxHo//wBeKDhgxmWabzLx+uKox4zdWJ8Zjgwq
dcE39bpshuwIq/I6FX+Y0Wtw1AWjzmUfn88lXIOa7mAQ0fJyRI9gfVnifz269l4sfkr8uXp9pWKx
6lps8R+O/x/QMUDgU+mh7IfevAtUCXshpOt0SXcim2uTTVUiijeyjzN6crF9YkclbG/F6BLNsloW
Ty55w86jhlkes+YL012Yc/b96bfMRs5KCzJerFqg+kwUK3rOyyZ+Rp8YIJNdtklie/LPSP4pRxxX
/unRaoWNsSmr5pkVWI5Ng7dr0GRkaY0xCZLfGerNZv3MMmlkBTLzMhZqPimrSBjbsTJJaBT0xtSb
6p43N5tniOH4FadJkkZt1tw/k+epbl9TVkYtmgYZev1MUiZuRGaQTjxTDc3tWC1E3FtCNcKz45OX
h2/PrmhUid74uRXVfXc6NKY0an4jNA43qbg14lRdlHmm6L4LyzuDVEuvGVSCk/uccuInjLSBRVJK
rb6WQsJi4AIbiBzCY1drUQvWkcV4JVizFqwsIOkGDpxFvChKeSElLaKsjUWMH+yBkhCsyzIXdAOm
eQiz5okYsxIzVU0gWVgJfs3uy7bSsFiaMEiHCkA6AYKhK1bZPQF+LW634KaxSDhEU7Pbsvi6YdRT
4xUj9uV0EYRn2T1h2KzTWtF9uxYFazeriscAMFkWpFUK2GJZMPbk+7UgxFhT4pQiZgChm9rgQcWL
mi7FxGpaoprRGzqQil+ikfyiDDASTLWCaCQnyErvOgNYMNnhpYl63TYxKkpD33pbsOVo+/1NtF62
lhBzhgHLsuSw03tIHBjSSGJ+mGXlLSNDALLddQ52k3L2n6RbtEYqmaGneig8OZFKqDcxIM7IGBhE
Cq4RuPCeaV7Teq2z2+k+qO9RIkJlwHgexwyluJIP8Z3edbBccHoTRM6KQSqhIKzBPfFzyzPi6yq9
EfLmTivYgT4UDuQpQVcnCqMS5AQMyIVeWiwwLc9+3dLdIVK7w/q+iOhiCqPXUVC0iVzwtobsSPc7
SmnZuioLpEWswfJ6TBuymGkzh8GM5e2rSr33lLyBI6WxvC306yUF/FLKHzRBDavyLoUKCrABJEnV
LrbIEW81QqcJKTOtIaUds7T5GuxrKrkthneOlE7tbWYHoKGFYdmSLZIMQ1O6kKD2lZlL7ajaoiBx
xuSKyo0UgnwRUE8Y8nP9m+Xpag1rr3i9HvetU2sOcaSq2k2jRhXDiDE5cNN0SeHCamWXP1YWw+Vt
rrZ+HAPSEdK5EoyGdk16ikYdLbVoq2lw9HDg1b2y2n/LyhDaQ6GSqXEYQp42ZPw5UsjwvgHH2aVi
tSmZqypQuf2KpHabSs5LjYJV3xoKUKdktaQwSYEiXJa8jUNgkkqI7kil5JBWS3bMViUEVZKPIK2g
g1YSTUOitmAmUYHTpY9Wvdp/eAoo9/gY/hRH/z7866bcSBS0f92ipMHVDO5jQ+2jeIsQndphZZm2
qxGTTuB7aRUav/rrPwBDaRcSJfIYTN88hqWLOxG10vuWCmVlkRTNtqvFXYR8oN5RpBzX+dXJgl19
d3rJzk5fnV6xw4uLs9OTS3Zx8oYhf/uPkzdjhkXs6hyrTtj3352fnbCLN+dHJ5eXk30XMOCHPfM0
O1B3pKWM2OSIayIwWgvpkiU3ts7WAu+RM8TSt8glBlyhUG5WgkLeBzrhoKFNRO+HlE0pGVI0ipAF
LdOHScgKCFzvzpFT/qvPOKcYQomA3DB5uJp0QSfOENtGRJQvKM4Sukquau+WBqiX2NQ7Uh1T01o/
fRwlTbmjKV/xKoRlGLs2uXRAj3NXmhqho3cxvQu+O+dFK7OTPibI3Fro4NNxFxP2lbBTQxVekwSw
FL35zgQn7Fz5fKXwSC/KNou3uKQIIrcF2+FfK8AbiT4I9ahNV+jTXkpn8SBIStVRELa0JVWZd8FW
7dYrjL5q9iVM1GhJPtAN9ohKDbTjsssoSWQVTiI11Ioct/lGpV8qx2N6wqCJTl7HtEhvkLhLNDsK
6G7vrYCx80cYjKCNwIcTbqBkdd2KWt3KrsWqS0fJadFpO6zGnSBVjqCzzonChpZ+kE9U0UTrtriu
O9yP+IZG07zNEWMRXivWVQckSKbqH4XFjq9kL5qV0mIe6hiy8Y3GSB5oUJrcIui6W4kdl2pqX6fl
hfeig68WdyakYOmFfcpk5mBEHPa5pY06wzJXQfpI3AN2KsFQUDbyNhdTexSFO+qwTfNT0dOdTIu7
cxUDM6oTNNyPg/qYHi4Lfd9poUMEUrN1makUM+RNtJapuEQZWRNUSAcZ6dtUaaRnVWjRV/0p2VTh
7UlfSt0UudXqviHgY2ZYPQFK4cmDjaZDRocA6bV3eawsRimFjBXlVOzIRJ82Y1CjNWHfIReELj2T
yR07ung7xl7gEMK+btMYai9zBeU9t/ANCX/BvC7t3mXkteROb+2EHcZwVGueJVPUmqpMiEVGd/Pl
UTiUUT+DFKxniLuw1wM2qGruyKtRismzCSMk3l4UF12yvasQqZYgpG4RNmljuyk2hn7eq25eaaur
0/diK09Kyzsx1hTwdMqEtF2pRy+0uoGtNj2dsAu9J+PVSm7gulTVuiBPTCq+IhIgE7Ct3mQyY6H6
MwfyZOy8IjmpC9WqoKabT6Ju2KurtxLTGiQR2WHbMCrgpSh3x6niYtL5mrxpDdq1kNj260NRRNX9
pvu4hToHyIWQsHZkokCmZsmEySi15pQEsDQHbxqSHaQh/68acFNjiQuEdiORXhMn4HWlI0aI5tKd
10qkKpXA2kbrKFEiVANBuzpdTR2fyyTp+PTy8FvkRzKfagupQ+SwW/KU5CZjlSSkpIz6c664X2/s
6NzZeizCdrXoirbnzKJiTaesa7grOc90DV+rrgNZc1GXKnhri7AImMJaQTtal2UtOxNdrSa6alx6
8Zg3nNX8posW1BfSHS6D5naOjRCTDUSVtOmmzd/KtFAdAcmpr9kPYXlHll+x02N28MPb0+OnkDvM
Hjhg/S3ERoKhVwUwDqrhqljzR6UfsIZyJ7sC1v7Dt2cdfF3f9Ua+lodRa0wmDlK8OhWRtJVdC0mH
0V5nK0nksZhLk3vjrk3jnUC67lq/e3Ml2y/K1NT/wEXxQK7VdtXWug2kvr+SFq/3GGrPQq2PQzpG
hRDtHvUpFAN5sdrWKAVty/ZD8bhbNWjfPdoxU8w9zMuWvEeiYp12JmBZx1qK7eQdZSsE4qffMjhj
8xsZqnubJeGFUKV3KBSwUNA3THAj/FYqBemo/g6EVIuGh0FfkU8HbcmHD2R8H1V96Ran0RdSj2Fp
Po4mr6gPz3in7kC220x/b7Fx9jo8YVZG0nzrNFYxg+jhkCkUrm7DPhdWFESxQsQqdMqHbWiTrSat
HDyKRCZkpaDUW56apdc4gupk6YkyDtJXVXnbrJUfwxGcrRW0npOD9deNCskSWYO40aFm7FijSDs9
rnt0kZsmyStoTF1Y3JKpW05dmiP3DIQEeAaz2ROgiVJ5J8hdW2sry8lDYWrndctTWc0imKDUU1q0
KTdt1pmNfqB4L9fosOHYdKAsg4hKeRJFXPJcSAl0gSGb3KqRt9CpDvUdZXGthlWmoDULiOw8dLxz
emSZBn2EsDe0dQzD4c0aOXlS9mI6/IGhXl5tV64ht4VCZbLJ880kLSXGcHX3ORWH8jvDGhTWO9Qp
TOl5tpuXJEg3x1erSqx0S1H3H1WbhT4bvN6nT+IHX3N+fE5XmQ0dFFR+QO7rVqgKhMvPUOnEWiK+
I0COTXpvBRCnt5xvN/R5oRLOA6ZCoGpeKxMyIbqxK2NZL94cUfNe9Ht5YwSHzZrDLAR59opw6PJS
RIxEVKg9DPKLBQVDNdvFLhU5+KA3qF+n9YJtixwcuY30rZ0L0wCllNV8d8YDqSq6+mJt0nwXQXQ0
JqC0nrSeAgZJkdw4HSibnnpT1+Ce7A7QM/0TOs59PN7rYKIkqSyg10vSMAC+0fzsukZrPahcXLWt
JLR3oCY8irVYpkFpsgVEd17bSr2SIW/TtVKU5wU87Z26eIucjNe6TkNqzemdrn6iBAg4alktOqGp
Oego9fQW7EeZuSBpHcsm308EVJZgu+Ddf1UkyaBMupIOntoo3as32R95LI5K/yzLx1pWDLL8hnxS
4KqTgD766lyJg/rJ6GUdxSoVU3cnLtjLs8MrNUilhqDO2p/0LevxLLgDRYUYO3dxWjVj6XT/pDM9
9bKl37RQRkyBDqzVPUXeaq1TNx6Y+pqDPkpWfrer1KrtWxrpVAAH4SiSr8nqjk9G94oHKqDS+icv
pTeRR8n1AyAyL9Yj73ojhswve4lfqXJ/cQffVusiN7qmMqnefqKeokC5V4mcXEf0ym/8MxUplKko
KiV8ZEbbkno0Hok7pPky7Zf38pCt9L9CCCN9HXk7Qm/fiphXg7EyfxeXDdzdYFRfz9wNtFXWfybH
0H9O0qwRA8CrfPBNBCqcAS4pbOumP0A3/fvPvVuduzHYub4vYE3oxpqsUMDT/qJNNOTDG5Hsrulu
R2vp6uvhENKnvD9yeXE2OP6+/jmTn3boX2w71ZTXokBEH7DgnueZvk5Llxvepxt1MS2Y0KXv9+pO
9XY1Hu/yIZNLwsY2TceybLqte3F8PqA0Lt9JTPYHMZQO5QOrL+p6sFBdNfnh1YDEPQzwSO2DIVkY
vK3SPXH3btA7RK+6eHex3tM2SprkVxK2vr9NjElX6vMJvZe+qNFVRXfJm7ZSmVnqAVvxC7VIphSR
FELroaCkZaCJ8QMhpgO5S245/SFUcq30y6tWaVcH/y+UeJ1fyEbYbsOvv/43mtFPvQ==
===END CRASH DUMP===
