PocketMine-MP Crash Dump Sun Oct 17 14:04:41 WIB 2021

Error: Class "pocketmine\block\Block\BlockPlaceEvent" does not exist
File: pmsrc/src/plugin/PluginManager
Line: 497
Type: ReflectionException

A PLUGIN WAS INVOLVED IN THIS CRASH
BAD PLUGIN: TNTManagement v0.0.1

Code:
[488] 
[489] 		$paramType = $parameters[0]->getType();
[490] 		//isBuiltin() returns false for builtin classes ..................
[491] 		if(!$paramType instanceof \ReflectionNamedType || $paramType->isBuiltin()){
[492] 			return null;
[493] 		}
[494] 
[495] 		/** @phpstan-var class-string $paramClass */
[496] 		$paramClass = $paramType->getName();
[497] 		$eventClass = new \ReflectionClass($paramClass);
[498] 		if(!$eventClass->isSubclassOf(Event::class)){
[499] 			return null;
[500] 		}
[501] 
[502] 		/** @var \ReflectionClass<Event> $eventClass */
[503] 		return $eventClass->getName();
[504] 	}
[505] 
[506] 	/**
[507] 	 * Registers all the events in the given Listener class

Backtrace:
#0 pmsrc/src/plugin/PluginManager(497): ReflectionClass->__construct(string[38] pocketmine\block\Block\BlockPlaceEvent)
#1 pmsrc/src/plugin/PluginManager(519): pocketmine\plugin\PluginManager->getEventsHandledBy(object ReflectionMethod#23218)
#2 plugins/TNTManagement/src/Main(16): pocketmine\plugin\PluginManager->registerEvents(object NhanAZ\TNTManagement\Main#23005, object NhanAZ\TNTManagement\Main#23005)
#3 pmsrc/src/plugin/PluginBase(136): NhanAZ\TNTManagement\Main->onEnable()
#4 pmsrc/src/plugin/PluginManager(425): pocketmine\plugin\PluginBase->onEnableStateChange(true)
#5 pmsrc/src/Server(1299): pocketmine\plugin\PluginManager->enablePlugin(object NhanAZ\TNTManagement\Main#23005)
#6 pmsrc/src/Server(1057): pocketmine\Server->enablePlugins(object pocketmine\plugin\PluginEnableOrder#22895)
#7 pmsrc/src/PocketMine(293): pocketmine\Server->__construct(object BaseClassLoader#2, object pocketmine\utils\MainLogger#3, string[41] C:\Users\nhang\OneDrive\M..y t..nh\FLOTV\, string[49] C:\Users\nhang\OneDrive\M..y t..nh\FLOTV\plugins\)
#8 pmsrc/src/PocketMine(316): pocketmine\server()
#9 pmsrc(11): require(string[85] phar://C:/Users/nhang/OneDrive/M..y t..nh/FLOTV/PocketMine-MP.phar/src/PocketMin)

PocketMine-MP version: 4.0.0-BETA5 [Protocol 465]
Git commit: b65e89b605aeba5f7958d3cbb6db47e766cd6f9f
uname -a: Windows NT PC 10.0 build 22000 (Windows 10) AMD64
PHP Version: 8.0.10
Zend version: 4.0.10
OS : WINNT, win
Composer libraries: 
- adhocore/json-comment 1.1.2@fc2f76979f0a44a5f5bc2a2b600d0762fe0e78e7
- brick/math 0.9.3@ca57d18f028f84f777b2168cd1911b0dee2343ae
- daverandom/callback-validator unknown@unknown
- fgrosse/phpasn1 v2.3.0@20299033c35f4300eb656e7e8e88cf52d1d6694e
- netresearch/jsonmapper v4.0.0@8bbc021a8edb2e4a7ea2f8ad4fa9ec9dce2fcb8d
- pocketmine/bedrock-protocol 2.0.0+bedrock1.17.30@faff7da904e68f69b1a9128956dac3122e87308a
- pocketmine/binaryutils 0.2.1@8cd078e2426f8100331f2d73bef10f481dad6cde
- pocketmine/callback-validator 1.0.3@64787469766bcaa7e5885242e85c23c25e8c55a2
- pocketmine/classloader dev-master@80226e0917be79ac3230606113e25134a31e6a85
- pocketmine/color 0.2.0@09be6ea6d76f2e33d6813c39d29c22c46c17e1d2
- pocketmine/errorhandler 0.3.0@ec742b209e8056bbe855069c4eff94c9734ea19b
- pocketmine/log 0.3.0@03ab1316da0b1978a7a1c8dd73e1c2a973cb62ec
- pocketmine/log-pthreads 0.2.0@6be3445c48c62eba3922f987f000bb20c81d161f
- pocketmine/math 0.3.0@83ec067b12c066fc61d9fb129daf7e61ef3b1d63
- pocketmine/nbt 0.3.0@98c4a04b55a915e18f83d3b0c9beb24a71abcd31
- pocketmine/pocketmine-mp 4.0.0-BETA5@b65e89b605aeba5f7958d3cbb6db47e766cd6f9f
- pocketmine/raklib 0.14.2@e3a861187470e1facc6625040128f447ebbcbaec
- pocketmine/raklib-ipc 0.1.1@922a6444b0c6c7daaa5aa5a832107e1ec4738aed
- pocketmine/snooze 0.3.0@fe5b1dbf0d6267da882d1f67924772bd93db833d
- pocketmine/spl dev-master@b7a8904f912c1f6d38ad867ff1120614ccb80171
- ramsey/collection 1.2.2@cccc74ee5e328031b15640b51056ee8d3bb66c0a
- ramsey/uuid 4.2.3@fc9bb7fb5388691fd7373cd44dcb4d63bbcf24df
- respect/stringifier 0.2.0@e55af3c8aeaeaa2abb5fa47a58a8e9688cc23b59
- respect/validation 2.2.3@4c21a7ffc9a4915673cb2c2843963919e664e627
- rhumsaa/uuid unknown@unknown
- symfony/polyfill-ctype v1.23.0@46cd95797e9df938fdd2b03693b5fca5e64b01ce
- symfony/polyfill-mbstring v1.23.1@9174a3d80210dca8daa7f31fec659150bbeabfc6
- symfony/polyfill-php80 v1.23.1@1100343ed1a92e3a38f9ae122fc0eb21602547be
- symfony/polyfill-php81 v1.23.0@e66119f3de95efc359483f810c4c3e6436279436
- webmozart/assert 1.10.0@6964c76c7804814a842473e0c8fd15bab0f18e25
- webmozart/path-util 2.3.0@d939f7edc24c9a1bb9c0dee5cb05d8e859490725

Loaded plugins:
ChatManager 0.0.1 by  for API(s) 4.0.0-BETA5
CommandDisabler 1.0.0 by  for API(s) 4.0.0
DEVirion 1.2.5-ALPHA12 by poggit, SOFe for API(s) 4.0.0
DevTools 1.15.0+dev by PocketMine Team for API(s) 4.0.0
HideCommands 1.0.10 by Himbeer for API(s) 4.0.0
NameSpaceRemover 1.0.0 by JackMD for API(s) 4.0.0
PureChat 1.4.11 by 64FF00 for API(s) 4.0.0
PurePerms 1.5.0-legacy by 64FF00 & ProjectInfinity for API(s) 4.0.0
SimpleNPC 3.0.0-snapshot by brokiem for API(s) 4.0.0
Sound 0.0.1 by  for API(s) 4.0.0-BETA5
TNTManagement 0.0.1 by  for API(s) 4.0.0-BETA5

----------------------REPORT THE DATA BELOW THIS LINE-----------------------

===BEGIN CRASH DUMP===
eNrtW4tz20Z6/1e2dKeRU4HCiyDAqzN+yG7c2pZqyZfMhRnPAliQOIEAg4ck5i7/e3/ftwsSkGTH
mcu0nWlyNxax2P3ebwB/m2RVvZHtx2tVN3lVThb+8aTNN2qycALP92e+GzpTLwq8aHY86bbm1tSe
h/PQtUMnsH3bxplCNu3Luq7qyeJvk3a3xa7Je5UVKmkB9uVtorb0Y3I82aimkSu6/wKHGrGcbKvk
SrWbvFTLZVzgYrl8PvhzXshEvbxWZbuciLRSjSirVqjbvGkBLuuK4lVeELztWtaLk5MXi5MPDdg5
KdeyXJ2cleq0zq/VydtlZ9vK2YmWf6Tl+uTVm7PLP5+cM/63wG+9PZ8SlJOmTk62RbfKy5Nz/vNW
liC6xt0tITUIN7TvU3uxrwBMiDSaQ6g1uJgsfpg8ssXnzx1h/+OFOEiP5WR98/FjUpVNW3dJe4Q/
ebn6wQt/FF8svccg6JHza8hnTgTkQ6B623I52md9s1Itg22+lWVaqPT57qiK/wqKB5S/Ve26Sh+5
nuuEjN4VGlpzcvnuUoPaAAaT81bm5ZETfBn2Wq2gf1VrEnrM76DxZ39ZLkfAl0uCDCJse3YsvnQn
k+t9SlrPZaOOHI+I/Qwk6xuYfinjQh0xOP9XNe/OPss+oT0AvWhlq16QkasjmIViHLMBjgtVw6+P
HDf6Qp0qhqsXj36TpIIH0Nqz+R20+s4Yz155n6ZPs3tWp6p+5LphpFHOBygPLnzkRt4nsA4dyOAk
gbJ7vakkQ98byBBA1+ZFo1l+U60gqUfesTAu6Ds/iheL5ZJDznLJMWe57IMODk2niDjTableLjnc
LJeHs9FvPmvcZ7lkEYQPi8C750WNVgkfivShI8fBplr91OW16gNKOENA+ZUwuifq8+Fzv/x48uMv
xxP1v5IcfmucBqF6y8e8vK6KazZ2QMjLFFJKCKa+j7WRQ+BGUqWKGPTDEHex4IcRfizbZfvPW1nL
zSU4F0+EvlAIXs0P9o8cSOnO0eM/0ZnINmdOTvLmeZcXLVzxMfTUdnXZiEwWjRJI2iLW90RCggLf
03v/MTjHgMuzo38akAEbamWZqCoTy+VBF+9AWMob/v53cdhufTOg5fHfGLBrAC9bTZsokYk1C565
9Qtf+UYa0azn7OuvxVMkUqLAupa1ZsHSJmiwavV/fcIHg5EY9a0nI/IgQyK9l+G8P6DIMvoDpboZ
McvrRwOg5nQ4FNkBAgnhoouZ2LPsiI1useDLXibRp2Qys+2BTGa2o2Uys92hTEgW9wj8N0b0jRjy
wnKZ2b2cDbIRrSOJzGyft2rksx65litQ85UWmvga+Vvn1kbIohDtWgkG3MBo+GqFMFCKN7SnVEZ7
k1/+KHH+KHH+KHH+KHH+n5Y4x5MVRUNZUAlQSmqTJ6NjoCuGKg6d9sSf2lPbev7y8tmMbiK/ppOF
azvu8SRvPqbqerLgdI+ao67aKqkA2w/Qh69yqkniYKbCKA7smVSxnGXzaBamXhLHQRr7czUPgiQN
sigD7M4Q9B3qmOqmEe8uxfkL4QA9lxGpcF3btsVRf9+xH4tnb08Dn+oddLyLSQhaHRuXP6syNbTz
NW5/rBqC/frdu0ss8MVNXnJFtNlWEPDHIo9rWeeqIeHIdA1eanXy16YqLewxNZYzdabu0yxxs3kQ
zaPMlr4PtmZx4koXbNqpPQ/cTNlqHqo5SazOk6uTjWzXOG1Po6n3NJGzeeqEme2GWehn8/k8dp0g
TFIncpzYTpVyPd+TCqdTCU0grlebkwR5LpbJFYqRIk9lS4UqZHZVVjflU/OXqslVXaHUOgHLsikp
hV+7U29qP3VthB/b8xJvlvmIFwqqCdRchSoMk2zmpk4aBJFPWEuFbN0oWSdr5n8jt1tF6K7ZGp6G
cZzYriNDlcau8uVcSTcLZepnMlJJlCbKzZI4TEnye+M/iVVa48o62MnEJXD/am5AtPOpZz/NZJbN
UxnZvgrCLIhiR0YORZsglYnnuK4K554dyjvQ81LWO44QLGh36jyFSG2owfXdIAsdG8w7mZvOvVhl
jp35oZPKFPanxpAeFLQDSr2ngT8P5z4UHwRxIsH3LAxnAK/CWeJ6iQtbT2Yz6d4BSIGt4MAGSHAZ
ayMpZz4NbdcNlB0581jNIzCHOB7YgeN4yp05ni89RwUynN0BVxVMEvFoP7WjWAVKBuk8yFzleWkQ
OtBxlLpR4rqJHyTOXDnpHZK40VlzwaBBkYWoZO67sWtHKrRnQRyDK5RfUeKrLIv8JJp7vpJOFI9B
FdVqD8H2ZOwg6qXSjp1oHsq5dJIwhciVAwcBhCQOXJXcg2Bt23WtZNrs+QpiRaO9xA8TnIilF7lu
FoXzDDEgBpEJtOcETjYGtfczoib0VGIH89hx8SfIksBJowxXUSqzuQoclXkxjN4bgyjjdg8hChNf
2n4MnUbOTMFnQy/1YjuB0GMXhu/IOEk9Zwzh8NPabMch9OlviIcDiLW8QnRishwf8Ud5MoSZwBbn
tnIymSRB4KJ+RlgOMx9w4KCxvCtnDcXKt4mGBA+BUGXg+z5YChI4nZQz+n+IQtGG2ajEn3uhVHc8
uSmr6me1l1KmZpBjnNlp4AYAEoYIJlkwj1x/PnfjNPLSOIRl3gGyLcbeEM9lCKfP4OwJjqdAnIbB
PMscx4VT+AlCiu3MSdjohRq1I08wBS57qAvJJPhv7is1U54b2p4TO7PAt+MZiqBAKYgakg4SWx6A
dF2ucwXCJAJ7FMfzLJ55YRhETgbLhc2mvp8msQ9TgVwz109JPYiQWyA/0Rk7z3J1cEoFg8m8BJLD
/6Qr43iWSX8uZyFiZhQg4CJcxLNoAMYEG82Ly8T4CWIs+E8iiRZ5FpD3uIkb+jzqdiIVBAiRLmWZ
et1tGil7Zu6nhWa3yapyB9ssdlleFFZiRhzXkBspEYEijWbzaK6iNIu8MEtTN7a9IAKdGTKWCmAk
TqIegrWJtRD24GBYzhzhK0WEc+w0kSFMa54h/KokmIEXuLCSMVzyIXBIXaE9gOVQ6PY9lSIRIMRJ
EBdJhUSQJchiSJ22O/MRQj8FyxmwCZk5TpR5qYpmKkMujPzQo+SQ+IkHHj3IM8K/gHWj4k31s6zb
E5pd1Cb7U/4LosBP5nCY0EYS8WXow9I9hZiUpc4slrGdOUg7sxGQLUKTRfmJ9Uu0wDEiBKI0cRFc
pRPHUULJf5bE9ixFWgZtkT0HmF/2Ex+uTdBqtP1Y6FDHDVePJ4cCzqYiCCuyQw9YA8APKAPlNqce
eFjcYVW3A+m+okvVFoWUOdJUWXs6XNhInjD1fckAvy7RaWSFpEcl5tnF5Xdn79+caoE0eUsEUzf+
AoUVstBp3hDmETt37gxZomRsf46lETPUkn0hL02HOieu4nhHpSZ4GhPx5XydvvxzXjOxe4b2S2NO
3OnMevbm/NtnjjviCKFyRSX08eTi7JWa/E4MaqDL5TWTslwi/JpfA/IMdxeXz95ffji/z5u6vqyq
ohny1i+NeXNmqO6oRRgxdmg4xKWSm9+LtZ4GsHKg5jOsrNt226C/gjzWXTxFiT/ooE72MMDwt3mq
jCUMmR4t3zVPZ2yf2LyJFcz4d2LWgFsuh0R8mXmu9dEpeABvNH672MpEvVeb6nrkgfdufd4FJ/+B
mvnt6e/FoYa2XN6l4st98LyraSrTDnvdfmnMij91xhFyEvivXtn2Z3m5FyMZ+rmqN83kHl+TV5Lr
lOa8roDpe7hd1TXnL61+fXLg/KNGvlz21B5+/apuH7BpIsrM+vZgjHQ0sWPx6LWxfODGVqFWMtk9
JCXxLwJc0bDmdZnlZd7ufi8bGEmCCRv8/B1koeFAGBf5Zluod+cvBsI4rA2F4XHGbEq5bdZVOxZH
XFdXudr8Nqv5DPsG3nLZlNtkuRwS9Fs5N6BODjCI66qjMcmBY77+R2uH36DfvnRgxF/u2ONnWgf6
7z7r+h/n44HR7K/zQ7Xd/lnbOD/2czyOJzw5nG7rCiVKy1OqyaPz/ZV4UcH5VoIeJi7rZfnoQrbi
LGmFEwhnvrD9hT0X371+LlxU5LShkOWqA6lPVLmi603Vpk/onRPU6csuy9yA/034X17xfP43oN2a
Gmtb1e0TJ3I8lxZv1uDJKvIGawxS3lrbQu7A1xPHppUV2NxUqdL3s6pOlLVfq7KMVsFvSpO3/np7
vX2CAgW/0jzL8qQr2t0TxqdnmW1VW41qW/QfzRPmTF2rwiKbeKKHtfu1Rql0sIU6oCenL189+/Dm
kla16q2fOlXveuywmMpq5LUyNFzn6sZKc/1c8onm+zaubi0yLbNn1OdOdxuq+B8JsgaRsJa6mhs9
VhY/Jh2pHMoTl2vVKNGzJWSt+KFWVULTLSK4SGRJz5BjekiaFF2qUnrwdc9ICNZFtcHJjADchdnI
TB2LCnfqhkCKuFbySuyqrjawRJ4JaIfaW8IAxdAT5mJHgN+pmz24k1RlEqppxE1VftUKmhjKWpD4
NmCWZmo7/WgubzTfN2tVim67qmUKANNlSValgS2WpRCPvlsrIky0FbCUKT/n030mZFDLsilkC6L4
NpNaVEADVvFLtSwvKm8TJfSgi1Y2BFnbXe8AC/24mm40665N0S9b5gn/Qiwn+xeykvWyc5SaCyw4
jsPL3uAi8+BIE6b8WVFUN4IcgZ4Vm85NXOdS/BfZFu1hI7PMrQEJj/QzFnNIgHBBziCgUkiNwMU7
YWRN+43N7m8PQX2HBhgmA8HLNBW1arR+SO7QyJXYKNkgC1KwEtBKrIhqSE/91MmC5KqfoV7LolPi
yCBFAHlM0DVGZdWKgoAFvdADmQVuM+53HarMmszuWbMrk0vZXMEy6isY2pQ3fGigO7L9nlPatq6r
EnWRaLG9OaYDRSqMm8NhjgUN68EIhXWWDQIprW26EiZGWzTwC9Y/eIIZ1tVtDhNUEANYYtMu98SR
bA1BrzMyZtpDRnss8vYrerBc87EU0TnRNnXnsDgCDx0cy2WxMBuW4XTBoO4as2TrqLuyJHWmFIqq
LSuBH3M0U4Hmw/wWm3y1hrfXslkfD73TWA5JpK67batXtcBIMBvQZvhi5cJr+RlGqj1GXld5CrIf
poBshGyugqBhXdOBodG8Tm/aWxoCPQJ4vdNe++9FFcN6KFUKvQ5H2OQtOf8GNWS8ayFxcaFFbbNw
dXvNxy9Jazc5S54tCl59Y2lAvZE1zGGWg0SELH7sT2CyWqkepTZyaKsjPxYreueGuge2CkK0YjIt
Jm0hbOIC2DlG60n0/3kOqPb4HP2UR/8x+pu22jIJJr7uSTLgGoHwsaXhWLoniLD2VDm26xvCOAh8
x15h6Gu++h0oZL9gkihiiKRDdiqRnYS6VUnH0bfSJGuPpGy2361uE9QDzYEjHbjOLl8uxOW3ry/E
m9dvX1+KZ+fnb16/vBDnL98L1G//+fL9scAmcXmGXS/Fd9+evXkpzt+fvXh5cTG9GwJG8nBngREH
Go+84oxNgbghBpO14pDM0tgHWweyR82QcmzhLRZCodJhlkGh7gOfCNCwJuL3U8amjQwlGmXIkrYZ
ZAxZA0HoPQRyqn8NjjPKIVQI8IHp/d1kC6Zwhtq2KqF6QUuWyNV61Wf3PMC81LY5sOrZhtfm8cMk
Gc49w/lK1jE8wzo8BOAA9LB02dX4tSB9SphTiN0bWXZcnQwpQeXWwQYfH/c54a4R9mao02uWAZbm
d3Nwwak40zFfGzzKi6or0j0tOZLITSkO9Dca8JbJB6MBzSBLg+0VB4t7SZJNR0PY85bV1aZPtvq0
2WENTXOoYeLGaPKebYgHTGpkHRd9RUkqq4GJzNAYctpttrr80jWeMDcsutHr65Q2mQNMO5PZc4Ar
pHk4u3xAwEjaSHzAcA0ja5pOUWBo19Daqi9HKWgRtgNVx70idY1gqs6ppoa2flJO1NEk6668anra
X8gtreabboMci/Rai747IEUK3f9oKg5yJX8xomSPuW9jqMa3hiJGaFGZ3CHp+nuNnVb61l2bptqI
op6Grzf3LqRhmY1DzrhysBIJ/9zzRmNvrlVQPpL0QJ0uMDSUraSmRegzmsMDdzhm5Kn56THT5h6v
FmBBfYKB+3lQn7PDZVmqlhS2MCkCpdm6KnSJGcs2WXMpziSjaoIJmSTDsU23RuauTi2x2hebOr09
Gmqpv0Vhtd61BPxYWM5Agaw8Rmy1PTEmBXDUPtSx3IxSCZlqzqnZ4UKfDmPRkDUV36IWhC094eJO
vDj/cIyzoCGGf93kKcyeawUdPffwLYa/EEFfdh8q8oalM9g7Fc9SBKq1LLIT9Jq6TUgVbNigAlJB
8wwysIEjHtLeANioq7mlqEYlpiymgoj4cF6e98X2oUOkXoKIukHapIPdttxa5vpOd/PWeF2T/6z2
+qSyvFdjQwnPlEwo27V5DFKrH7n60OOpODdnClmv+IA0raqxBcaY1XJFLEAnEFuzLbhiof5zA+LJ
2WVNenpR5PwmKjXU9F6Xalrx9vIDU9qAJWI77lp+CZxVeUCnm4tpH2s2bWfRqQVTO+wPVZnUu632
9UzQ5AC1EArWnk00yDQsmQrOUmtJRYDIN5BNS7qDNvibKoSpY6YFStOvz65JEoi6HIiRoiWH80ar
VJcS2NsaGyVOlB4gmFBnuqnTMy6STl9fPHuO+ojrqa5kG6KA3VGkpDCZ6iIhJ2M0b7Onw37jwOfB
11MVd6tF37R9Ixxq1kzJuka44vvC9PD7F4LpncNKJ2/jEQ4B01RraC/WVdXwZKLv1VTfjXMUT2Ur
RSOv+2xBcyEz4bLo3iGwEWE8QNRFmxna/LXKSz0RYEl9Jb6Pq1vy/Fq8PhVH3394ffoYeofbgwbs
v4HaSDH0rADOQT1cnRr56PID3lAddFfC279//qaHb/q7wcpXjIxGY1w4sHpNKcK8Vf0IyaTRwWQr
yxgt7uXZzrrt8vSgkH66NpzeXPL4Rbua/nxPy4D3Gr/qGjMGShBEWh1mzRlLn1no/WlMaHQKMeHR
YKEcSC/e9j1KSceKu6n4uN81Gt89ODHTwn22qTqKHpnOdSaYQGS9aCm3U3TkUQjUT785OePwe07V
g8PMeKl06x0rDSxWGfl+s5U3bBRkoxo6mxYtj5O+Zp8Q7dlHDBTyLqngJeGsJRTy6UNU2g+TKWua
wwvZmzuI7Q/T3z013p0JD7/tTn7W5KnOGcSPhE5hcE0XD6WwoiSKHSrVqZMv9qmNR03GOGSSqEJx
p6DNm7EW+RVQUJ/MkaiQYH1VVzftWscxoJBiraENghy8v2l1SmZiLZJGT5p1EI1m7fVpM+CLwjRp
XkMT+nXMPZtm5NSXOXxmpCTAs4QrHoFMtMoHRR7GWntdTu8r0wSvG5lzN4tkglZPW9G22nZF7zbm
gvI97zFpw3MJIbdBxCVjooxLkQslgWkweMitB3kLU+rQ3JGba72sKwVjWSDkEKHTQ9Ajz7ToA6M7
S/vAMF7erlGTZ9UgpyMeWPrh1X7nGnpbaFKm281mO80rphihbreh5hCu3NKgNWkOpFOaMvfF4T6z
wGFOrla1WpmRopk/6jELfR1ydZc//TnTo8uz0zN6UdsySUHXBxS+bpTuQCR/vUMYGyb8wACvTQdP
BZCn95LvtqDKKOeeUKFQfd8YEyoheh+Zc9kg37yg4b0azvKOkRy2awm3UBTZa6Khr0uRMTJVo/ew
KC6WlAz13T536cwhR7NB8zhtkGw71OCobTi29iHMAGQt6/s9jnta1XwN1drmm0MGMdmYgNJ+svrO
fFZGYZwQ8tDTHOoH3NMDAnNniKGX3OfzvUkmWpPaAwazJAMD4Fsjz35qtDaLOsTV+07CRAcawqNZ
S7kMyrM9IHqjt6v1Ixn+MtCMUnTkBTwTnfp8i5pMNqZPQ2kt6ZmuuaICCDQaXS16pel7sFGa6S3E
D1y5oGg95iHfjwSUW7BD8h4+KmI2qJKuOcDTGKV/9MbzkYfyKMdnbh8b7hi4/YZ+ctBqioAh+Rov
06B/CnpYR7lK59QDxoV49ebZpV6kVkPRZO1P5h3y41l0C45KdezdpnndHnPQ/ZOp9PTDluHQQjsx
JTqI1swUZWesTr/yIPSXKl3dx92+U6v3T2k4qADOlr7xSveJECCs/hEPTECX9Y9ecTRhVLx/BITr
YrPycbBicX05KPwqXfvzN6SNaXKTK2qTGm7oENziHA3KThdyvI/45U8qC50ptKtoLhk+KqN9Sz05
nqhblPlc9vNbh6hWht9YxIl52Xq/Qk/fylTWo7Vq8zGtWoS70ap5+fSw0NXF8JoCw/A6y4tWjQCv
NqMvPtDhjGjJ4VvXwwX6jmF4PXhn9bAGPzfvCzhTeh2POxTIdLhpm4zlcPjKbrjacKhvxksonzbD
lYvzNyP0u+angj9cMb/E/lZbXakSGX0kgp3cFOZlYXq54ed8q9+6i6b0SvvP+o3x/W5c3m7GQq6I
Gte2Pcdx6V3k89OzEadp9ZEpubuIpXysH3h92TSjjfpVk+/fjli8QwEuaXwwZguLN3V+R92D7wM8
4le/VXi+vmNtVDTxNyCueTudBJOv9Mch5ix9L2S6iv4VdjpKbWZlFlwtL/QihTZEMghjh4qKlpEl
pveUmI/0ztLyhkvo5DqOy6tOW1cP/y9UeJ2d8yDscOCXX/4bib0e6A==
===END CRASH DUMP===
