PocketMine-MP Crash Dump Sun Oct 17 14:29:17 WIB 2021

Error: Call to undefined method pocketmine\event\player\PlayerJoinEvent::getPlayerByPrefix()
File: plugins/Sound/src/Main
Line: 22
Type: Error

THIS CRASH WAS CAUSED BY A PLUGIN
BAD PLUGIN: Sound v0.0.1

Code:
[13] {
[14] 
[15] 	public function onEnable() : void
[16] 	{
[17] 		$this->getServer()->getPluginManager()->registerEvents($this, $this);
[18] 	}
[19] 
[20] 	public function onJoin(PlayerJoinEvent $event)
[21] 	{
[22] 		$player = $event->getPlayerByPrefix();
[23] 		$packet = new PlaySoundPacket();
[24] 		$packet->soundName = "C418";
[25] 		$packet->x = $player->getX();
[26] 		$packet->y = $player->getY();
[27] 		$packet->z = $player->getZ();
[28] 		$packet->volume = 1;
[29] 		$packet->pitch = 1;
[30] 		$player->sendDataPacket($packet);
[31] 	}
[32] 

Backtrace:
#0 pmsrc/src/event/RegisteredListener(75): NhanAZ\Sound\Main->onJoin(object pocketmine\event\player\PlayerJoinEvent#111979)
#1 pmsrc/src/event/Event(62): pocketmine\event\RegisteredListener->callEvent(object pocketmine\event\player\PlayerJoinEvent#111979)
#2 pmsrc/src/player/Player(749): pocketmine\event\Event->call()
#3 pmsrc/src/network/mcpe/NetworkSession(704): pocketmine\player\Player->doFirstSpawn()
#4 pmsrc/src/network/mcpe/NetworkSession(697): pocketmine\network\mcpe\NetworkSession->onClientSpawnResponse()
#5 pmsrc/src/network/mcpe/handler/SpawnResponsePacketHandler(44): pocketmine\network\mcpe\NetworkSession->pocketmine\network\mcpe\{closure}()
#6 pmsrc/vendor/pocketmine/bedrock-protocol/src/SetLocalPlayerAsInitializedPacket(45): pocketmine\network\mcpe\handler\SpawnResponsePacketHandler->handleSetLocalPlayerAsInitialized(object pocketmine\network\mcpe\protocol\SetLocalPlayerAsInitializedPacket#112192)
#7 pmsrc/src/network/mcpe/NetworkSession(388): pocketmine\network\mcpe\protocol\SetLocalPlayerAsInitializedPacket->handle(object pocketmine\network\mcpe\handler\SpawnResponsePacketHandler#93717)
#8 pmsrc/src/network/mcpe/NetworkSession(351): pocketmine\network\mcpe\NetworkSession->handleDataPacket(object pocketmine\network\mcpe\protocol\SetLocalPlayerAsInitializedPacket#112192, string[2] q.)
#9 pmsrc/src/network/mcpe/raklib/RakLibInterface(187): pocketmine\network\mcpe\NetworkSession->handleEncoded(string[5] c*d..)
#10 pmsrc/vendor/pocketmine/raklib-ipc/src/RakLibToUserThreadMessageReceiver(42): pocketmine\network\mcpe\raklib\RakLibInterface->onPacketReceive(integer 0, string[14] .....@...VGo.m)
#11 pmsrc/src/network/mcpe/raklib/RakLibInterface(121): raklib\server\ipc\RakLibToUserThreadMessageReceiver->handle(object pocketmine\network\mcpe\raklib\RakLibInterface#23317)
#12 pmsrc/vendor/pocketmine/snooze/src/SleeperHandler(123): pocketmine\network\mcpe\raklib\RakLibInterface->pocketmine\network\mcpe\raklib\{closure}()
#13 pmsrc/vendor/pocketmine/snooze/src/SleeperHandler(82): pocketmine\snooze\SleeperHandler->processNotifications()
#14 pmsrc/src/Server(1546): pocketmine\snooze\SleeperHandler->sleepUntil(double 1634455757.3078)
#15 pmsrc/src/Server(1107): pocketmine\Server->tickProcessor()
#16 pmsrc/src/PocketMine(293): pocketmine\Server->__construct(object BaseClassLoader#2, object pocketmine\utils\MainLogger#3, string[41] C:\Users\nhang\OneDrive\M..y t..nh\FLOTV\, string[49] C:\Users\nhang\OneDrive\M..y t..nh\FLOTV\plugins\)
#17 pmsrc/src/PocketMine(316): pocketmine\server()
#18 pmsrc(11): require(string[85] phar://C:/Users/nhang/OneDrive/M..y t..nh/FLOTV/PocketMine-MP.phar/src/PocketMin)

PocketMine-MP version: 4.0.0-BETA5 [Protocol 465]
Git commit: b65e89b605aeba5f7958d3cbb6db47e766cd6f9f
uname -a: Windows NT PC 10.0 build 22000 (Windows 10) AMD64
PHP Version: 8.0.10
Zend version: 4.0.10
OS : WINNT, win
Composer libraries: 
- adhocore/json-comment 1.1.2@fc2f76979f0a44a5f5bc2a2b600d0762fe0e78e7
- brick/math 0.9.3@ca57d18f028f84f777b2168cd1911b0dee2343ae
- daverandom/callback-validator unknown@unknown
- fgrosse/phpasn1 v2.3.0@20299033c35f4300eb656e7e8e88cf52d1d6694e
- netresearch/jsonmapper v4.0.0@8bbc021a8edb2e4a7ea2f8ad4fa9ec9dce2fcb8d
- pocketmine/bedrock-protocol 2.0.0+bedrock1.17.30@faff7da904e68f69b1a9128956dac3122e87308a
- pocketmine/binaryutils 0.2.1@8cd078e2426f8100331f2d73bef10f481dad6cde
- pocketmine/callback-validator 1.0.3@64787469766bcaa7e5885242e85c23c25e8c55a2
- pocketmine/classloader dev-master@80226e0917be79ac3230606113e25134a31e6a85
- pocketmine/color 0.2.0@09be6ea6d76f2e33d6813c39d29c22c46c17e1d2
- pocketmine/errorhandler 0.3.0@ec742b209e8056bbe855069c4eff94c9734ea19b
- pocketmine/log 0.3.0@03ab1316da0b1978a7a1c8dd73e1c2a973cb62ec
- pocketmine/log-pthreads 0.2.0@6be3445c48c62eba3922f987f000bb20c81d161f
- pocketmine/math 0.3.0@83ec067b12c066fc61d9fb129daf7e61ef3b1d63
- pocketmine/nbt 0.3.0@98c4a04b55a915e18f83d3b0c9beb24a71abcd31
- pocketmine/pocketmine-mp 4.0.0-BETA5@b65e89b605aeba5f7958d3cbb6db47e766cd6f9f
- pocketmine/raklib 0.14.2@e3a861187470e1facc6625040128f447ebbcbaec
- pocketmine/raklib-ipc 0.1.1@922a6444b0c6c7daaa5aa5a832107e1ec4738aed
- pocketmine/snooze 0.3.0@fe5b1dbf0d6267da882d1f67924772bd93db833d
- pocketmine/spl dev-master@b7a8904f912c1f6d38ad867ff1120614ccb80171
- ramsey/collection 1.2.2@cccc74ee5e328031b15640b51056ee8d3bb66c0a
- ramsey/uuid 4.2.3@fc9bb7fb5388691fd7373cd44dcb4d63bbcf24df
- respect/stringifier 0.2.0@e55af3c8aeaeaa2abb5fa47a58a8e9688cc23b59
- respect/validation 2.2.3@4c21a7ffc9a4915673cb2c2843963919e664e627
- rhumsaa/uuid unknown@unknown
- symfony/polyfill-ctype v1.23.0@46cd95797e9df938fdd2b03693b5fca5e64b01ce
- symfony/polyfill-mbstring v1.23.1@9174a3d80210dca8daa7f31fec659150bbeabfc6
- symfony/polyfill-php80 v1.23.1@1100343ed1a92e3a38f9ae122fc0eb21602547be
- symfony/polyfill-php81 v1.23.0@e66119f3de95efc359483f810c4c3e6436279436
- webmozart/assert 1.10.0@6964c76c7804814a842473e0c8fd15bab0f18e25
- webmozart/path-util 2.3.0@d939f7edc24c9a1bb9c0dee5cb05d8e859490725

Loaded plugins:
ChatManager 0.0.1 by  for API(s) 4.0.0-BETA5
CommandDisabler 1.0.0 by  for API(s) 4.0.0
DEVirion 1.2.5-ALPHA12 by poggit, SOFe for API(s) 4.0.0
DevTools 1.15.0+dev by PocketMine Team for API(s) 4.0.0
HideCommands 1.0.10 by Himbeer for API(s) 4.0.0
PureChat 1.4.11 by 64FF00 for API(s) 4.0.0
PurePerms 1.5.0-legacy by 64FF00 & ProjectInfinity for API(s) 4.0.0
SimpleNPC 3.0.0-snapshot by brokiem for API(s) 4.0.0
Sound 0.0.1 by  for API(s) 4.0.0-BETA5
TNTManagement 0.0.1 by  for API(s) 4.0.0-BETA5

----------------------REPORT THE DATA BELOW THIS LINE-----------------------

===BEGIN CRASH DUMP===
eNrtXAmT20Z2/itd1FY8SoYcXMTBLbkka6S1Ekkz0YzWzi5dqgbQILECARrHHHL5v+d7rxskwBlp
Ja+TTaVkWyLRx+t3X2j6l0lW1RvZvrtSdZNX5WThHU/afKMmC9t3PW8+D+bBzLVcK8JEt9VTjjWb
W0FkhaFj29Y8mgfHk0I27bO6rurJ4pdJe7vFsol+Pp5sVNPIFY08lUUh2kp0ZaqyvFSp2Kh2XaVi
WyXvVbvB0HKprlTZLpfbQt6qerk8589/r/LyGU0sFivV6rHvbs9rgLk5eohDsq4onucFn7JYLt82
oGi5LNeyXC2XZ6U6rfMrAH+17CxL2bei5S9puV4un788u/wzHdit8hKbLirgt1w2dYL1Mi9n2/WW
TtDQzbITXnWCRSe0BvMFsAdzHHCwlgm+/nXywBLbDS2hP0zXyRu1yptW1Sp9SZ+lqo+C+cOFeA1M
n/xldzjBnH5blUT3URX/TSXtFzDpgW3bURARXx7Yd1DgJUe+g1PvAXkXwem3CeSmd/1DqDgDVPTy
E736KPCi+7FhGBoBFvMDdwCjVO11Vb8/2SRbdfJaP1xA2aDJR4HlHUAcIzj9Nq2e53XTXmzldalh
e58J24+CA9hm9XJJy5fL8XqS49MiByF81hvVbKuyUfrM+cfOhD6kBTg02nMu6czv9dSR530ZGp9Y
+ktSVE1Xq181Vr7BCtxPq/pkv/EkVmmNp+m2rtoqqQpG/EK1LyvISLP2SfOizNtcFvkHlWqMj7z5
p1E11EL/P0ru9Fu96BOH3aeeBwf1eOOkv4c0VNexI4cZEnymarhh+GlCv+D8nuDPoOoz2PcgcgM7
YGLCzyVmbn+Zgmk0TmUrjdj/J+RxLJq2zsvVX52fxM8zJij6GEG1fF/k8ckb+f5lHr8o4dYyuOYj
Owx+C2HPyqRKoWXm/PlPIvnXdKZRsK2PmoxGYppvNYIamcuKQtTlulYyfaUD5BuVKAQp2LXzaew0
QLjqMVnkZzSnDKSjHFMrVQtrxzPb+0nM6J/H+PPnP1Wzjcbe/lIOOqQaPSKg5Iq0DyT2WH2Cvi/Q
649Q+sBxXaPLtvNRvjdlVX1Q2kEVSm1V3TtO23F/I4c/Y8+BK7Xd34BgeKgBeimMZLQO+MAZg7uv
qzbP8kS20NbGnDuMZhcsoCN77vmfCbih57dlmxdHadXFhRKjjDAI9SHzew6xrUPr0jPTb9s8eX+u
Ma5qg6Y/gHDOe15hz5ETuR8B8u5dAiLbukt2/uU72ainSEGbl5VM4ergI+7RrQ7ENDq1elmtYBcP
3J1dePZP4pN542yGnHE2G+SL+73RF+/d5ZqaB8H9PHDtO9LSLNa7jBsHw8kU1c9dXqveN4VwTtu1
rBcnJ08XJ4zZCSN20uN1skfrhLEanDx9dT6j3WOEHk5++vV4ov6pWf5n5uDAU695l5dXVXGlNgCK
jSlYlLSTfhYjDAID5NmJKtvF4C8YsD18oc85PpftFjaQJyLryoSMTFTls1LCLI4eioW4qnKCYfu8
lHcH/HXZ/qFd5830W5BjzOMhP5zz+a9kCZbxWG3Sbia/OeJtx4I/Hv6RAIYM8Ff6GmnMHOsjmHHR
cMBR8QfmODHRsXdoOk6PphaEeGTWGSTHAiA8HHe3g0MNdpTqWtBSZqUJ/HqtN14Lr0JLXsuNwrbl
5Klnh8sJr5wfrrwhVLYmVQcuPxqQ/uHC24OF/2UWBocLPxws/ItZGB4uhMJ0jKHN89Hh/DZvk3U/
7VpjDoJG+PlBCmS28VmuvROiS5yf/Pq1WPxaLH4tFr8Wi1+Lxa/F4tdi8Wux+LVY/Fos/n8pFo8n
K8oIZUF1VSnp1dFktA2IxRDG/u3TxJtZM2v63bPLJ3Oa7PIipfdNtnM8yZt3qbqaLDJZNAoFnAkF
k4Xnz3FSTuVd7M9VGMW+NZcqlvMsiOZh6iZx7KexF6jA95PUz6IMsDuD0A85DO26Ea8vxflTYeN4
wccKx7EsSxz187b1UDx5dep7VDyut9gZAlfbwuMH2KrBnZ8x/a5qCPaL168vMcAP11ygJtVmW4HB
72D9taxz1RBzZLoGLbU6+VuDAII1ply1Z/bMeZwlThYgjYwyS3oeyJrHiSMdkGmlVuA7mbJUEKqA
OFbDaE42sl1jtzWLZu7jRM6D1A4zywmz0MuCIIgd2w+T1I5sO7ZSpRzXc6XC7lRCErDpanNCOXSM
8DC9QlBNZUslP3j2vqyuy8fmk+rxVV01jToBybIpqbq5cmbuzHrsWE4UWa6buPPMcy1LQTS+ClSo
wjDJ5k5qp74feXQqPGOtGiXrZM30b+QWvoVAsTY8DuM4sRxbhiqNHeXJQEknC2XqZTJSSZQmysmS
OKQC/BOpJ+A5BO7fzARYS67pcSazLEhlZHnKDzM/im0Z2U4Yzf1UJq7tOCoMXCuUB9DzUta37COY
0c7MfgyWwtMpx3P8LLQtEG9nThq4scpsK/NCO5Up9E+NId3LaBuYuo99LwgDD4L3/TiRoHsehnOA
V+E8cdzEga4n87l0DgCSayvYtVHDQ11NN5JKtMeh5Ti+siI7iFUQgTjHtXzLt21XOXPb9aRrK1+G
8wNwVcEoEY3WYyuKla+knwZ+5ijXTf3Qhoyj1IkSx0k8P7EDZacHKHHLyGSdDIo0RCWB58SOFanQ
mvtxDKrmlh8lnsqyyEuiwPWUtKN4DKqoVjsIlitjG24vlVaMsjGUgbSTMAXLlQ0DAYQk9h2V3IEw
3bacajQ7uvxYUbxKvDDBjli6keNkURhk8AExkEwgPdu3szGonZ0RNqGrEssPYtvBh58lvp1GGZ6i
VGaB8m2VuTGU3h2DKON2ByEKE09aXgyZRvZcwWZDN3VjKwHTYweKb8s4SV17DGH/dbrZjl3o4y/w
h3dSUEbL9uB/lCtDqAl0MbCUjdQm8X1nbnlwy2HmAQ4MNJaHfN4nshoSLARMlb7neSDJT2B0Us7p
v9B1kAUoWyVe4IZSHViyTjp2XMrUHHyMMyv1HR9AwhDOJPODyPGCwInTyE3jEJp5AGRbjK0hDmQI
o89g7Am2pzg4Df0gy1A3wCi8BC7FsgNidi03jbolSygUt9jYQh1wJsE/gafUXLlOaLl2bM99z4rn
NjRaKbAanPYTS+6BdF2uYwXcJBx7FMdBFs9RCPqRnUFzobOp56VJ7EFVwNfM8VISDzzkFoef6IiN
9E3tjVJBYTI3Aefwr3RkHM8z6QVyHsJnRj4cLtxFPI8GYIyz0bQ4jIyXwMeC/iSSHtTPJ+txEif0
3Mh3IztSvg8X6VCUqdfdppGyJ+ZuWGhuN1lV3kI3i9ssL4ppYprFV+AbCRGOIo3mQRSoKM0iN8zS
1Ikt14+AZ4aIpXwoiZ2o+2BtYs2EHTgolh3AfaXwcLaVJjKEagUZ3K9K/DlogQkrGcMk7wOH0BVa
A1g2uW7PVSkCAVycBHKRVAgEWYIohtBpOXMPLvRjsOwBmeCZbUeZm6porjLEwsgLXQoOiZe4oNEF
PyP8DVjXKt5UH2TdnsB9q9pEf4p/fuR7SQCDCS0EEU+GHjTdVfBJWWrPYxlbmY2wMx8B2cI1TSk+
sXwJFxhGBEeUJg6cq7TjOEoo+M+T2JqnCMvALbICgPl11zzn3OTpWramTz3I44ajx5N9AmdREoQR
2bXrqgaAvyINlNucGpzD5A6jivvnUCBk50joUlQUZWp2NFXWng4HNpK79X3jc3C8ztGp94+YRxnm
2cXlD2dvXp5qfjR5q0yn9SnyKgSh07yhg0fUHMwMKaJYbH2Kot9KS9MhzYmrOL6lTBM0jZH4fLpO
n/05rxnZHUG7oTElzmw+ffLy/PsntjOiCJ5yRRn08eTi7Lma/E4EaqDL5RWjslzC+5pvA/QMdReX
T95cvj2/S5u6uqyqohnS1g+NabPnSO6oQhgRtq83xKWSm9+LtB4HkLLH5hOkrNt226C8Aj/WXTxD
hj8ooE52MEDw93mqjCYMiR4NH6qnPdZPLN7ECmr8OxFrwC2XQyQ+Tz3XeusMNIC2865WZLnDerAf
GtPkzeyxF5n43vPnlvVFJDHwc1Vvmskd6ibPJYfy5ryucNCPUM2qa86fTfvxyZ7+d/rs5bJHdv/t
79J/j9wJKfP+cgfGMEcjO+aOHhuzB6o+LdRKJrf3MUn8iwBV1NF4UWZ5mbe3v5cmjDjBiA2+/g68
0HDAjIt8sy3U6/OnA2bsx4bMcDmoNKXcNuuqHbMjrqv3ufrdjN6AozYYtS6H+Hwp4QbUyR4GEc2v
ogcEm1fT/+vRdfBa8XPiz+XrSx2Ldddih/94/J9AxwiBz6WHsh+JbF2hSjgIIX2ni90JN9dm27pC
FG+5jzN5cL57Ek8r2N5K0IWFZb0sH1zIVpwlrbB9YQcLy1tYgfjhxXfCQc5KCwpZrjqg+kiVK3re
VG36iO4oI5Nddlnm+Px3wn/ziOvx3z6t1thMt1XdPrIj23Vo8HoNmqZF3mCMQcqbqX6v2TyyLRpZ
gcxNlSo9n1V1oqa7sSrLaBT0ptSb6p+3V9tHiOH4luZZlidd0d4+4vN0t6+t6mmj2hYZevOIKVNX
qpiSTjzSDc3dWKNUOlhCNcKj02fPn7x9eUmjWvTTnztV3/anQ2OqaSOvlMHhKlfX0xQkyjJRjzTd
N3F1MyXVMmtGleDsdkM58QNB2iASllJXcynEwhLgghiJHMITl2vVKNGTJWStRLtWoioh6RYOXCSy
LKtWxErkZVJ0qUrxRdxREoJ1UW2wMyMAhzAbmaljUWGmbgikiGsl34vbqqsNLJFnAtKhApBOgGDo
QktxS4Bfq+sduJNUZRKiacR1VX7TCuqpyVoQ+zYglrpOt4Qh3S/RdF+vVSm67aqWKQDMliVplQa2
WJZCPPhhrQgxutlDVxwE3fLRlRh4UMuyKWQLpHiaUS3oBR1IxTfVMr8oA0yU0K0gGtkQZK13vQEs
BHd4aaJZd22KinJq7hYtxHKyu8CfrJedrVQgMGDbNg+7g4fMhSFNGPMnRVFdCzIEICtMbSOucin+
k3SL1rCSTc3UAIUH+paP2SSAuCBjEBApuEbg4ltheE3rjc7upoegfkCJCJUB42WaCpTiWj7Ed3rX
ITZK0qsgclYCUokVYQ3uqZ87yReqVvkV1qJ275Q4MofCgTwk6PpENa0VOYEp5EIvLRaY5rNfd0jE
alK7J81tmVzK5r2g91FQtBkveNtAdqT7PaW0bF1XJdIi0WJ5c0wbilQYM4fBHAtqZ9f6vSfzBo6U
xjZdad4vaeAXLH/QBDWsq5scKqjABpDEql3ukCPeGoReZKTMtIaU9ljk7Td0razmbSm8c6J16mCz
OAINHQzLYbYwGVND6YJBHSqzZO2ou7IkcabkiqotC4FfBDQzgfzcfBebfLWGtdeyWR8PrdNoDnGk
rrttq0c1w4gxG+Bm6GLhwmq5y59qi5F0gwxo348B6QjpXAVGQ7tmA0WjjpZetNM0OHo48PpWW+2f
iiqG9lCoFHochrDJWzL+DVLI+LYFx8WFZrXFzNUVKG+/JKld58x51ihY9fVUA+qVrGEKsxwowmXx
XRwCk9VK9UdqJYe0OrJjsaogqIp8BGkFHbRiNKeM2kJYRAVOZx+te7X/5ymg3ONT+FMc/cfwb9pq
yygY/7pDyYBrBNzHltpH6Q4hOrXHyrYczyDGTuAHtgqDX/PN74Ah2wWjRB5DJB2iU4noJNSNSjr2
vpVGWVskRbPdanWTIB9o9hRpx3V2+WwhLr9/cSFevnj14lI8OT9/+eLZhTh/9kYgf/uPZ2+OBRaJ
yzOseiZ++P7s5TNx/ubs6bOLi9mhCxjxw5n7hh2oO/KKIzY54oYITNaKXTJzY+dsbfAeOUPKvoWX
TOEKlXazDAp5H+iEg4Y2Eb0fUzatZEjRKEKWtMwcxpA1ELjevSOn/NeccUYxhBIB3jC7u5p0wSTO
ENtWJZQvaM4Sulqueu+OBqiX2jZ7Ul3L0No8vB8lQ7lrKF/JOoZlTPdtcnZA93OXTY3QMbuE2QXf
vZFlx9nJEBNkbh108OFxHxMOlbBXQx1eswywNL2bvQnOxJn2+VrhkV5UXZHucMkRRK5Lsce/0YC3
jD4I9alNV5rTnrOzuBMkWXU0hB1tWV1t+mCrd5sV06FqDiVM1BhJ3tENcY9KjbTjos8oSWQ1TiI1
NIqcdputTr90jifMxJQmenmd0iKzgXFnNHsK8IQwD2OX9zAYQRuBDydcQcmaplPkGNo1pLbq01Fy
WnTaHqvjXpA6RzBZ50xjQ0s/yieqaJJ1V75vetyfyi2N5ptugxiL8FqLvjogQQpzzZmx2POV7MWw
ki3mro4hG98ajPjAKaXJHYKut5PYaaWnDnVa38nu4evFvQlpWGbhkDLOHKaJhH3uaKPOMOcqSB+J
e8BOJxgairmPrfdoCvfUYZvhp6anP5kW9+dqBhZUJxi4nwb1KT1clubC08KECKRm66rQKWYs22TN
qTijjKwJKmSCDPs2XRqZWR1aYrVLNnV4ezCUUj9FbrW+bQn4sZjaAwGy8PjgadsjY0IAe+19HsvF
KKWQqaacih1O9GkzBg1aM/E9ckG+Mk/JnXh6/vYYe4FDDPu6zlOoPecK2nvu4E8Z/kL4fdq9z8gb
5s5g7Uw8SeGo1rLITlBr6jIhVdBhcxQOFdTPIAUbGOI+7A2AjaqaG/JqlGLKYiYIibfn5XmfbO8r
RKolCKlrhE3a2G3L7dQ8H1Q3r4zVNfkHtZMnpeW9GBsKeCZlQtqu1WMQWr3I0ZsezsS52VPIesUb
pClVjS7wiVktV0QCZAK2NduCMxaqPzdAnoxd1iQnfZ1aF9R080k1rXh1+ZYxbUASkR13raACnkW5
P04XF7Pe12zabkq7FoztsD5UZVLfbrWtZ4I6B8iFkLD2ZKJApmbJTHCUWktKAkS+AW9akh2kwb/E
h5s6ZlwgNP4hCJYm7HXZESNES3bnjRapTiWwtjU6SpQo3UAwrs5UU6dnnCSdvrh48h3yI86nupJ1
iBw2/VSnJjeZ6iQhJ2U0P51Jh/XGns69racq7laLvmj7VthUrJmUdQ13xfPC1PCN7jqQNZdNpYO3
sQibgGmsNbSn66pquDPR12qqr8bZi6eylaKRV320oL6Q6XBNaW7v2AgxbiDqpM00bf5W5aXuCDCn
vhE/xtUNWX4tXpyKox/fvjh9CLnTrz2uaf01xEaCoVcFMA6q4erU8EenH7CGai+7Etb+43cve/im
vhuMfMOHUWuMEwcWr0lFmLaqbyGZMDrobGUZH4u5PLud3nR5uhdI310bdm8uuf2iTU3/Tx80D3it
sauuMW2gBE6k1W7W7JnqPQu9Po3pGB1CjHs0p1AMlOVqV6OUtK04DMXH/apR++7ejplm7pNN1ZH3
yHSsM84ELOtZS7GdvCO3QiB++s7BGZvfcKgebGbCS6VL71hpYLHKyPYbuhPPprTu9YxVi4bHQV+T
TwftyIcPFPIQVXPrFqcpxNP7sLTuR1PW1IcXsld3INtvps8dNu5BhycuqoTNt8lTHTOIHgmZQuGa
Lh5yYUVBFCtUqkMnP+xCG7eajHLIJFGF4kpBqzefWuTvcQTVyeyJCgnSV3V13a61H8MRUqw1tIGT
g/U3rQ7JjOyUuNGjNt2zRpP24rQZ0EVumiSvoQl9YXFHpmk59WkO7xkJCfCmwhEPgCZK5b0g922t
nSxnd4VpnNe1zLmaRTBBqae1aFttu6I3G/NA8Z7XmLDhOnQgl0FEJZ9EEZc8F1ICU2Bwk1s38hYm
1aG+IxfXelhnCkazgMjeQ6d7p0eWOaUfIRwM7RzDeHi7Rk6eVYOYDn8w1S+vdivXkNtCozLbbjbb
WV4xxnB1txsqDmHKLTVak2aPOoUpMy/280wCuzm5WtVqZVqKpv+o2yz047j3h/QxfvA1Z6dndJV5
aoKCzg/IfV0rXYFI/mkindgw4nsCeGw2eCuAOL3jfLcFVkY4d5gKgep5o0zIhOjGLseyQbx5Ss17
NezlHSM4bNcSZqHIs9eEQ5+XImJkqkbtMSW/WFIw1LN97NKRQ456g+Z12iDYdsjBkduwb+1dmAHI
Utbz/Rl3pKrpGoq1zTf7CGKiMQGl9fwL30a/LyE3Tgdy09Ns6hvcs/0BZmZ4Qs+5T8d7E0y0JLUF
DHpJBgbAt4affddobQa1i6t3lYTxDtSER7GWchqUZztAdOe1q/UrGfI2fStFe17AM96pj7fIyWRj
6jSk1pLe6ZonSoCAo5HVoheanoOOUk9vIf7KmQuS1mNu8v1EQLkE2wfv4asiJoMy6ZodPLVR+ldv
3B+5L46yf+byseGKgctvyCcHriYJGKKvz2Uc9FdBL+soVumYuj9xIZ6/fHKpB6nUUNRZ+6O5ZX08
j25AUamO3Zs0r9tjdrp/NJmeftkybFpoI6ZAB9aanqLsjNbpGw9C/5qjq3u/21dq9e4tDTsVwEE4
Svg1WdPzadq/4oEK6LT+wXP2JnwUrx8B4bzYjLwbjEw5vxwkfpXO/dUNfFtjitzkPZVJDRd0cG5x
jgLlVidyvI7oBSoowXSk0KaiqWT4yIx2JfXkeKJukOZz2s/38pCtDH+FECfmOvJuhN6+lamsR2PV
5l1atXB3o1FzPXM/0NXF8Jkcw/A5y4tWjQCvNqPfRKDCGeGSw7auhgN003/4PLjVuR+DnZv7AvaM
bqxxhQKeDhdtkzEf3qhsf013N9qwq2/GQ0ifNsORi/OXo+Nvm58L/mmH+SZ2U231XpWI6CMW3MpN
Ya7T0uWGD/lWX0yLZnTp+4O+U71bjcebzZjJFWHjWJZr2w7d1j0/PRtRmlbvGJPDQQzlY/nA6sum
GS3UV01+fDUi8QADPFL7YEwWBq/r/EDcgxv0LtGrL96drw+0jZIm/pWEY+5vE2Pylf75hNlLv6gx
VUV/yZu2UplZmQFH8wu1SKEVkRTC6KGipGWkiekdIeYjuTO33OEQKrmO/fKq09rVw/8LJV5n59wI
22/49df/Bp8n+3A=
===END CRASH DUMP===
