PocketMine-MP Crash Dump Sun Oct 17 17:12:38 WIB 2021

Error: Undefined constant pocketmine\data\bedrock\BiomeIds::MOUNTAINS
File: plugins/MyPlot/src/MyPlot/Commands
Line: 75
Type: Error

THIS CRASH WAS CAUSED BY A PLUGIN

Code:
[66] 		$this->loadSubCommand(new ClaimSubCommand($plugin, "claim"));
[67] 		$this->loadSubCommand(new GenerateSubCommand($plugin, "generate"));
[68] 		$this->loadSubCommand(new InfoSubCommand($plugin, "info"));
[69] 		$this->loadSubCommand(new AddHelperSubCommand($plugin, "addhelper"));
[70] 		$this->loadSubCommand(new RemoveHelperSubCommand($plugin, "removehelper"));
[71] 		$this->loadSubCommand(new AutoSubCommand($plugin, "auto"));
[72] 		$this->loadSubCommand(new ClearSubCommand($plugin, "clear"));
[73] 		$this->loadSubCommand(new DisposeSubCommand($plugin, "dispose"));
[74] 		$this->loadSubCommand(new ResetSubCommand($plugin, "reset"));
[75] 		$this->loadSubCommand(new BiomeSubCommand($plugin, "biome"));
[76] 		$this->loadSubCommand(new HomeSubCommand($plugin, "home"));
[77] 		$this->loadSubCommand(new HomesSubCommand($plugin, "homes"));
[78] 		$this->loadSubCommand(new NameSubCommand($plugin, "name"));
[79] 		$this->loadSubCommand(new GiveSubCommand($plugin, "give"));
[80] 		$this->loadSubCommand(new WarpSubCommand($plugin, "warp"));
[81] 		$this->loadSubCommand(new MiddleSubCommand($plugin, "middle"));
[82] 		$this->loadSubCommand(new DenyPlayerSubCommand($plugin, "denyplayer"));
[83] 		$this->loadSubCommand(new UnDenySubCommand($plugin, "undenyplayer"));
[84] 		$this->loadSubCommand(new SetOwnerSubCommand($plugin, "setowner"));
[85] 		$this->loadSubCommand(new ListSubCommand($plugin, "list"));

Backtrace:
#0 plugins/MyPlot/src/MyPlot/MyPlot(1354): MyPlot\Commands->__construct(object MyPlot\MyPlot#23102)
#1 pmsrc/src/plugin/PluginBase(94): MyPlot\MyPlot->onLoad()
#2 pmsrc/src/plugin/PluginManager(259): pocketmine\plugin\PluginBase->__construct(object FolderPluginLoader\FolderPluginLoader#51, object pocketmine\Server#10, object pocketmine\plugin\PluginDescription#22950, string[55] C:/Users/nhang/OneDrive/M..y t..nh/FLOTV/plugins/MyPlot, string[55] C:\Users\nhang\OneDrive\M..y t..nh\FLOTV\plugins\MyPlot, object pocketmine\plugin\DiskResourceProvider#23137)
#3 pmsrc/src/plugin/PluginManager(398): pocketmine\plugin\PluginManager->internalLoadPlugin(string[55] C:\Users\nhang\OneDrive\M..y t..nh\FLOTV\plugins\MyPlot, object FolderPluginLoader\FolderPluginLoader#51, object pocketmine\plugin\PluginDescription#22950)
#4 plugins/DevTools.phar/src/DevTools/DevTools(70): pocketmine\plugin\PluginManager->loadPlugins(string[49] C:\Users\nhang\OneDrive\M..y t..nh\FLOTV\plugins\, array[1])
#5 pmsrc/src/plugin/PluginBase(136): DevTools\DevTools->onEnable()
#6 pmsrc/src/plugin/PluginManager(425): pocketmine\plugin\PluginBase->onEnableStateChange(true)
#7 pmsrc/src/Server(1299): pocketmine\plugin\PluginManager->enablePlugin(object DevTools\DevTools#22904)
#8 pmsrc/src/Server(966): pocketmine\Server->enablePlugins(object pocketmine\plugin\PluginEnableOrder#22894)
#9 pmsrc/src/PocketMine(293): pocketmine\Server->__construct(object BaseClassLoader#2, object pocketmine\utils\MainLogger#3, string[41] C:\Users\nhang\OneDrive\M..y t..nh\FLOTV\, string[49] C:\Users\nhang\OneDrive\M..y t..nh\FLOTV\plugins\)
#10 pmsrc/src/PocketMine(316): pocketmine\server()
#11 pmsrc(11): require(string[85] phar://C:/Users/nhang/OneDrive/M..y t..nh/FLOTV/PocketMine-MP.phar/src/PocketMin)

PocketMine-MP version: 4.0.0-BETA5 [Protocol 465]
Git commit: b65e89b605aeba5f7958d3cbb6db47e766cd6f9f
uname -a: Windows NT PC 10.0 build 22000 (Windows 10) AMD64
PHP Version: 8.0.10
Zend version: 4.0.10
OS : WINNT, win
Composer libraries: 
- adhocore/json-comment 1.1.2@fc2f76979f0a44a5f5bc2a2b600d0762fe0e78e7
- brick/math 0.9.3@ca57d18f028f84f777b2168cd1911b0dee2343ae
- daverandom/callback-validator unknown@unknown
- fgrosse/phpasn1 v2.3.0@20299033c35f4300eb656e7e8e88cf52d1d6694e
- netresearch/jsonmapper v4.0.0@8bbc021a8edb2e4a7ea2f8ad4fa9ec9dce2fcb8d
- pocketmine/bedrock-protocol 2.0.0+bedrock1.17.30@faff7da904e68f69b1a9128956dac3122e87308a
- pocketmine/binaryutils 0.2.1@8cd078e2426f8100331f2d73bef10f481dad6cde
- pocketmine/callback-validator 1.0.3@64787469766bcaa7e5885242e85c23c25e8c55a2
- pocketmine/classloader dev-master@80226e0917be79ac3230606113e25134a31e6a85
- pocketmine/color 0.2.0@09be6ea6d76f2e33d6813c39d29c22c46c17e1d2
- pocketmine/errorhandler 0.3.0@ec742b209e8056bbe855069c4eff94c9734ea19b
- pocketmine/log 0.3.0@03ab1316da0b1978a7a1c8dd73e1c2a973cb62ec
- pocketmine/log-pthreads 0.2.0@6be3445c48c62eba3922f987f000bb20c81d161f
- pocketmine/math 0.3.0@83ec067b12c066fc61d9fb129daf7e61ef3b1d63
- pocketmine/nbt 0.3.0@98c4a04b55a915e18f83d3b0c9beb24a71abcd31
- pocketmine/pocketmine-mp 4.0.0-BETA5@b65e89b605aeba5f7958d3cbb6db47e766cd6f9f
- pocketmine/raklib 0.14.2@e3a861187470e1facc6625040128f447ebbcbaec
- pocketmine/raklib-ipc 0.1.1@922a6444b0c6c7daaa5aa5a832107e1ec4738aed
- pocketmine/snooze 0.3.0@fe5b1dbf0d6267da882d1f67924772bd93db833d
- pocketmine/spl dev-master@b7a8904f912c1f6d38ad867ff1120614ccb80171
- ramsey/collection 1.2.2@cccc74ee5e328031b15640b51056ee8d3bb66c0a
- ramsey/uuid 4.2.3@fc9bb7fb5388691fd7373cd44dcb4d63bbcf24df
- respect/stringifier 0.2.0@e55af3c8aeaeaa2abb5fa47a58a8e9688cc23b59
- respect/validation 2.2.3@4c21a7ffc9a4915673cb2c2843963919e664e627
- rhumsaa/uuid unknown@unknown
- symfony/polyfill-ctype v1.23.0@46cd95797e9df938fdd2b03693b5fca5e64b01ce
- symfony/polyfill-mbstring v1.23.1@9174a3d80210dca8daa7f31fec659150bbeabfc6
- symfony/polyfill-php80 v1.23.1@1100343ed1a92e3a38f9ae122fc0eb21602547be
- symfony/polyfill-php81 v1.23.0@e66119f3de95efc359483f810c4c3e6436279436
- webmozart/assert 1.10.0@6964c76c7804814a842473e0c8fd15bab0f18e25
- webmozart/path-util 2.3.0@d939f7edc24c9a1bb9c0dee5cb05d8e859490725

Loaded plugins:
ChatThin 1.4.1 by PresentKim for API(s) 4.0.0
CommandDisabler 1.0.0 by  for API(s) 4.0.0
DEVirion 1.2.5-ALPHA12 by poggit, SOFe for API(s) 4.0.0
DevTools 1.15.0+dev by PocketMine Team for API(s) 4.0.0
HideCommands 1.0.10 by Himbeer for API(s) 4.0.0
PurePerms 1.5.0-legacy by 64FF00 & ProjectInfinity for API(s) 4.0.0

----------------------REPORT THE DATA BELOW THIS LINE-----------------------

===BEGIN CRASH DUMP===
eNrtW3lz20aW/ypd0tRGrhUpXMTBKafsWPZYNbalteRxasOUq4FukBjhYHBIYqby3ff3uhsgSEmW
Z5Pa2j8yhwX08frdF5r/OkiruuDtlxtZN1lVHsy944M2K+TB3PZdz/Nns1k4tfHsz44PurWZmjqu
64VO6AZ+EFiWc3yQ86Z9XddVfTD/10G7WWPVgX4/Pihk0/AljXwqhUyzUgqWVGXT8rJl6yq5lm2B
wcVC8JYvFrEUNQYXix+yqpBnopnP359/+nD18uzDJaClXZ6/yXIC92q+WHxqgPliUa54uVwszkt5
Wmc3gPV+0VmWtDesVQ+iXC0Wb96dX/1jsVjn3TIrsen95iKv2sWiqZPty6uqKHgpmul6tabj9FFm
z4ledYId/WO/HmtzUHEwD8CptuYJHn86OLTY41v1nyPbnXnP5mwfgcn3X74oNtVd0h5V8T9l0g6L
9N9Dx7Ut5xmOPrTZuiDQ9H994smF+vMDb+RRND5A/518X5XvKi6O1Hbnse3veQnZ1UfOLAKIsbT0
ssVie8yDGL+pciFrvYjOkzUEcW/scGYfM7NjfMilrKGah7b14OwuCqeySeoMOlqVh44TzbAHqGTl
8qfZ7Gf2an6idOVEqcpJrykn76dTKMl0Wq5OlH6c7MprD8ZXFG6A85iifZWE06y5/iibqqsTeVFX
NxkxBeJ1AyUf9yn5uFH4VfmYdZPvs7KVdclz4rueOvrjKfx9Qn9CrIoh3mBXp/LmqqpyMlheKwb1
I8PDUWB9G3PygSlNzxUv+t9z5Zjxuuabn+yfFc6zr9qo7fpAskcZGmGeyFBflzzOpTZV/ylV8JzZ
N5hqD/Sy5a18RVTJIxiuVGcEozO0CR7ZThR9GxOlgmt0y4j3PlkkS8tTp4X3T4t8f+8wPbELvTl6
Uns0kee1MicnjPSJ0ejEC7X3PfYeOZH7yKkPODZi4yvEvcYos/OgLndtRlS/56T0S/Dn0B1cimf/
26q13fs71FIHDOthHrj2PucbLRK9y8SZI9vGqlr+0mW17E0lhAMhI5yfnHyzt92ePHl/sTXhYfjZ
wc+/HR/I/5vU4n8R64GcXv8lK2+q/EYWsmwBRIAvSYuFSSUkYe77GF20i/Yv7SprtKu57GID8qiU
twzalBWjsb9oyMdscZDQ1OLg2bO/AqQfPAnqb7KUNQz7YWhLMzsADJ8EeFam1cPAMswMgKInAb0U
4q3M17J+GBoXYqWme5CB9STIj7KobuTXoNZqxR5g+2lcu/YRojlmBkDON0hW8voxyWJqAOU+CQqJ
wrpqHhGs0JMDOO8beNfI9jGmYWoANXsSlDKqh0HFNDWAetoS3j4KaTUGFHwToOZxSM0A6mkL+MAf
w6nkI5yetoC/wRE+Ypfkug2g8Gm9/8zr9cOAbjEzAHpaz99nQuSP4FSouQHY07p+Kkt4S755zBYF
5tdqfgD6tNZ/KgnswwC78gGQT2v+pWzPb8vHsITqVzQ7AHxa/99lzSOWlGNGA/rtz9rwz9rwz9rw
z9rwz9rwz9rwz9rwd9eGx6aWyanEojwMUXpnGxCLIYxtg/vAm1pTa/LD66uXM5rsslwczB3Ldo4P
suaLkDcH85TnjURhV1dtlVSA7VH7e5lRYRf7MxlGsW/NuIz5LA2iWSjcJI59EXuBDHw/EX4apYDd
GYQ+Z6Wobhv24YpdvGI2jmfqWOY4lmWxo37etp6xl+9PfQ97qfs8PwiBq23h9VdZCoO7esf0l6oh
2GcfPlxhQL3cZqWqOAsqAuoveRbXvM5kQ8zhYgVaannyz6YqJ1hjClV7ak+dF2nipIEfBVFqcc8D
WbM4cbgDMi1hBb6TSksGoQyIY3WWXJ8UvF1htzWNpu6LhM8CYYep5YRp6KVBEMSO7YeJsCPbji0h
peN6LpfYLTgkgRSmKk4SnucxT64nNzzPUKBThQ+eXZdIvF6Yv1SVL+uqaeQJSOZNScnsjTN1p9YL
x4LbsVw3cWep51qWhGh8GchQhmGSzhxhC9+PPDq1lC1VM7xOVor+gq9RCRIopQ0vwjhOLMfmoRSx
Iz0eSO6kIRdeyiOZRCKRTprEoSDOD9p/YtoJk62eHDgE7j/NBFgbTF3rRcrTNBAcLk36YepHsc0j
G/5m5gueuLbjyDBwrZDvQc9KXm+Uj1CMdqb2C7DUghgcz/HT0LZAvJ06InBjmdpW6oW24AL6J3ch
PchoG5i6L3wvCAMPgvf9OOGgexaGM4CX4Sxx3MSBriezGXf2AJJry5Vro1aHvJkUvEHq8CK0HMeX
VmQHsQwiEOe4lm/5tu1KZ2a7Hndt6fNwtgeuyhVKRKP1wopi6Uvui8BPHem6wg9tyDgSTpQ4TuL5
iR1IW+yhpDpE8CeoVTQo0hCZBJ4TO1YkQ2vmxzGomll+lHgyTSMviQLXk9yO4l1QebUcIFguj224
PcGt2I6CkAfcTkIBlksbBgIISew7MrkHYbJuV7Xkohno8mPpet4s8cIEO2LuRo6TRmGQwgfEQDKB
9GzfTndBDXZG2ISuTCw/iG0Hf/w08W0RpXiLBE8D6dsydWMovbsLoozbAUIUJh63vBgyjeyZhM2G
rnBjKwHTYweKb/M4Ea69C2H7OCnWuy70xb/hD0cQa34N76TQsj34H+nyEGoCXQwsaac8SXzfmVke
3HKYeoADA435Pp81lEm2TjQkWAiYyn3P80CSn8DoOJ/R/0LXsS2ojUy8wA253LPkpqyqX+XApVTO
wMc4tYTv+AAShnAmqR9EjhcETiwiV8QhNHMPyDrftYY44CGMPoWxJ9gucLAI/SBNbduBUXgJXIpl
B8TsmheN3JAl5MgSdKCCXwZnEvwn8KScSdcJLdeO7ZnvWfHMhkZLCVaD035i8S2Qrst0rICbhGOP
4jhI45kbhn5kp9Bc6KzwPJHEHlQFfE0dT5B44CHXOPxER+wszeTWKCUUJnUTcA7/5Q6P41nKvYDP
QvjMyIfDhbuIZ9EIjHE2mhZHIeMl8LGgP4m4B/XzyXqcxAk9N/LdyI6k78NFOhRl6lVXNJz3xNwP
C82mSKtyA93MN2mW55PE9IZv6PM0UIajENEsiAIZiTRyw1QIJ7ZcPwKeKSKW9KEkdiIfglXEmgkD
OCiWHcB9CXg42xIJD6FaQQr3KxN/BlpgwpLHMMmHwCF0qXZOD8sm1+25UiAQwMVxIBdxiUCQJohi
CJ2WM/PgQh+DZY/IBM9sO0pdIaOZTBELIy90KTgkXuKCRhf8jPAvYN3KuKh+5XV7AvctaxP9Kf75
ke8lAQwmtBBEPB560HRXwielwp7FPLZSG2FntgNkDdc0ofik5Eu4wDAiOCKROHCu3I7jKKHgP0ti
ayYQloFbZAUA89vQNle5CUqM9mqF5GWbxA1Dxwfb1M2eelOyFt61q6puqIlyQXG9bP+eFZQM8nVG
g8o/0bsuCMSQ0Qm5ltS/n/+EyaZK29PxQMEJhYPrrEBCrOEuFgkQaVdUNIxQothHmeb55dXn84/v
TjVfmqwl1KnJYxo1qNwJgXpM2N7MLn2E95i+P4qmpkO+E1dxvKGUc2gk9VjoIuRbCDt9/Y+sVtgO
FA1Du6Q409nk5buLty9tZ1dka9Q6GX0auTx/I/8wqWmoi8WNwmWxgB82TyP8DHmXVy8/Xn26uE+c
qT/HxPVDu8TZM6R5VCvsKuNQebAryb+ukVRPfyNp9wvkr5Oyatt1g0IL/Fh18RS5/qiUGhofRPDb
TMjho9aW6J3hfQW1dzUUi4tYQpH/KEEaeIvFGItvU9CV3joFESDuoqvlhayLMWXbsV2yIM5JLpc8
2ewS53tv3qBE+w92UVdUv5+VaVZm7eYPo/aLPmGxGDAbPT5J7wOCpr2m+7WFo/wtR34gkZfsqWpf
WxMJupyfoqCBu2hV5XhweDG8sVcV6F8y+lC6qBfl4SVv2XnSMttndjC3vLkVsM9nPzCUZjYtyFHg
d3wpn8tySe9F1YrndCELsXPRpanjq38T9a8acT31r0+rNTaTdVW3z1FJug4N3q5A+4Q66s/VEQW/
m+jef/PctmhkCTKLSkg9n1Z1IifDWJWmNAp6BVXD/fv6Zv0cvgJPIkvTLOnydvNcnWe+lVb1pJFt
i5ygea4okzcyn5BWPdctlGGskVKMllBW8vz09ZuXn95d0ajWkskvnaw3/en0NXHSoDI2ONxk8nYi
MvqMncjnmu67uLqbkGaaNTu553RTUBQ+ZGQl9AUcUupqlXwpYTFwge2IHMJjVyvEONaTxXgtWbuS
rCoh6RbBjiW8LKuWxZJlZZJ3Qgo8sHtKQrAuqwI7UwKwD7PhqTxmFWbqhkCyGIXRNdtUXW1gsSxl
kA6lnHQCBEMfz/MNAf4gbwdwJ0KmHKJp2G1VftcyquJ5zYh9qJMyqnM3hCF9otF0365kybr1suYC
AKaLkrRKA5svSsYOP68kIcbaCqeUggGEaaOBBzUvm5y3QEpNK1TzCseAVDzJVvGLIk0imS4+aaQg
yFrvegOYM+UUaKJZda1ADjsxlxfmbHEw3FZMVovOljJgGLBtWw27o5fUhSEdKMxf5nl1y8gQgGzf
8WY3GWf/RbpFa5SSTczUCIVD3fk0mxgQZ2QMDCIF1whcvGGG17Te6OwwPQb1GUkpVAaM50IwZE1a
PsR3SOSaFZI38EPUbWKQSiwJa3BP/tLxnPhKHz1Lhmqhk+zIHAoH8oyg6xPlpJbkBCaQC7VJ55hW
Z3/o4O9rUruXzaZMrnhzDc2or6FoU7XgUwPZke73lNKyVV2VVQfxYnlzTBtywYyZw2COGTXQQAgF
B8UbOFwaK7oSKkZLNPBLJX/QBDWsq7sMKijBBpCkVLsckCPeGoTOUlJmWkNKe8yy9juwr63VNgHv
nGid2tvMjkBDB8NyFFsUGRND6VyB2ldmrrSj7sqSxCnIFVVrJQTVemym1HY3z6zIlitYe82b1fHY
Oo3mEEfqulu3elQzjBhTADdDlxIurFb1FYW2GH5TZQJoP4wB6QjpXAVGQ7umI0WjGlovGjQNjh4O
vN5oq/1bXsXQHgqqTI/DEIqsJeMvEMbjTQuOs0vNaksxV6e6avsVSe02U5xXGgWrvp1oQL2SNYrC
NAOKcFnAvlSw0lrK/kit5JBWR3bMlhUEVZGPIK2gg5YKzYlCbc4sogKnKx+tu0P/7ymgLOVr+FMc
/X34N221VigY/zqgZMA1DO5jTQWrGBCiU3usbMvxDGLKCXxWVmHwa777AzBUdqFQIo/Bkg7RqUR0
YvJOJp3yvpVGWVskRbNhtbxLkA80W4q04zq/ej1nV2/PLtm7s/dnV+zlxcW7s9eX7OL1R4Y87++v
Px4zLGJX51j1mn1+e/7uNbv4eP7q9eXldN8F7PDDmfmGHUj9skpFbHLEDRGYrKRyyYobg7O1wXvk
DEL5FrVkQrfDtJtVoJD3gU44aGgT0fuYsmklQ4pGEbKkZeYwBVkDgevdOnKqgswZ5xRDKBFQG6b3
V5MumBwbYlvLhPIFzVlCV8tV7x1ogHrJdbMl1bUMrc2zh1EylLuG8iWvY1jGZNuYUw7oYe4qUyN0
zC5mdsF3o4jpVHYyxgSZWwcdfHbcx4R9JezVUIfXNAUsTW+xNcEpO9c+Xys80ouqy8WAS4Ygcluy
Lf6NBrxW6INQn/oBpTntjXIW94KkUh0NYaAtrauiD7Z6t1kxGavmWMJEjZHkPd1gD6jUjnZc9hkl
iazGSaSGRpFFV6x1+qVzPGYmJjTRy+uUFpkNCneFZk8B3hDmYez8AQYjaCPw4YQbKFnTdJIcQ7uC
1JZ9OkpOi07bYnXcC1LnCCbrnGpsaOmjfKKKJll15XXT4/6Kr2k0K7oCMRbhtWZ9dUCCZLr+0Vhs
+Ur2YlipLOa+jiEbXxuM1IETSpM7BF1vkNhppaf2dZpyI/J6Gr5e3JuQhmUWjilTmcMk4bDPgTZq
QalcBekjcQ/Y6QRDQ1lzKlqY3qMp3FKHbYafmp7+ZFrcn6sZSJcse7hfB/U1PVyUpWxJYHMTIpCa
rapcp5gxb5OVSsUVysiaoEImyCjfpksjM6tDSyyHZFOHt8OxlPopcqv1hpqQy2M2sUcCVMJTB0/a
HhkTApTX3uaxqhilFFJoyqnYUYk+bcagQWvK3iIXhC49V8kde3Xx6Rh7gUMM+7rNBNRe5Qraew7w
Jwr+nPl92r3NyBvFndHaKd0BbmBOeXqCWlOXCUJCh81ROJRR34MUbGSI27A3ArZT1dyRV6MUk+dT
Rkh8uigv+mR7WyFSLUFI3SJs0sZuXa4n5n2vunlvrK7JfpWDPCkt78VITeI+ZULartVjFFq9yNGb
nk3ZhdmT83qpNnBTqhpdUCemNV8SCZAJ2Nasc5WxUP1ZAHkydl6TnF7lGVbpgpruWsimZe+vPilM
G5BEZMddy6iAV6LcHqeLi2nva4q2m9CuucJ2XB/KMqk3a23rKaPOAXIhJKw9mSiQqVkyZSpKrTgl
ASwrwJuWZAdpqJ8Xwk0dK1wgtBuF9Io4Aa+rHDFCNFfuvNEi1akE1rZGR4kSqRsIxtWZaur0XCVJ
p2eXL39AfqTyqa5UOkQOmy6G1uQmhU4SMlJGc01fjOuNLZ1bWxcy7pbzvmj7ntlUrJmUdQV3peaZ
qeEb3XWQ6scHlQ7exiJsAqax1tBeraqqUZ2JvlaTfTWuvDj9VIE1/KaPFtQXMh2uCc1tHRshptrI
OmkzTZt/VlmpOwKKU9+xH+Pqjiy/Zmen7OjHT2enzyB3mD1wwPpbiI0EkyHcwziohquF4Y9OP2AN
1VZ2Jaz9xx/e9fBNfTca+U4dRq0xlTgo8ZpURNFW9S0kE0ZHna00VcdiLks3k7suE1uB9N21cffm
SrVftKnpX7JqHqi1xq66xrSBEjiRVrtZs2ei98z1ehHTMTqEGPdoTqEYSJfg+hqlpG35fig+7lft
tO8e7Jhp5r4sqo68R6pjnXEmYFnPWort5B1VKwTip2cVnLH5owrVo82K8FLq0juWGlgsU7L9Zs1v
lVKQjpqb0qRaNLwb9DX5dNBAPnwg4/uogpZERS0mEU8fwtJ6GE1eA5JgvFd3INtvpr8DNu5ehyfO
q0SZb5MJHTOIHg6ZQuGaLh5zYUlBFCuk0KFTvQyhTbWajHLwJJG5+i2Mrl1UKnuYZ9c4gupk5Yly
+jXRsq5u25X2YziCs5WGNnJysP6m1SFZITshbvSoTbas0aSdnTYjushNk+Q1NKavSA1kmpZTn+ao
PTtCArwJc9gh0ESpvBXktq01yHJ6X5jGed3yTFWzCCYo9bQWrat1l/dmY14o3qs1Jmy4Dh2oyiCi
Up1EEZc8F1ICU2CoJrdu5M1NqkN9R1Vc62GdKRjNAiJbDy22To8sc0I/qtobGhzD7vB6taYfKI1i
OvzBRH84GVauILe5RmW6Lor1NKsUxnB1m4KKQ5hyS43WpNmiTmHKzLPtvCJBuTm+XNZyaVqKpv+o
2yz0C4DrffoUfvA156fndHlyYoKCzg/Ifd1KXYFwRj82oBMbhfiWADU2HX0VQJweON+tgZURzj2m
QqB63igTMiG6I6hi2SjevKLmvRz38o4RHNYrDrOQ5NlrwqHPSxExUlmj9piQXywpGOrZPnbpyMF3
eoPmo9wo2HbIwZHbKN/auzADUElZz/dn3JOqpmss1jYrthHERGMCSutJ6ylgkBTJjdOBqulpNvUN
7un2ADMzPqHn3NfjvQkmWpLaAka9JAMD4FvDz75rtDKD2sXVQyVhvAM14VGsCZUGZekAiG7ZdbX+
JEPepm+laM8LeMY79fEWORlvTJ2G1JoX67x/owQIOBpZzXuh6TnoKPX05uwnlbkgaT1WTb6fCagq
wbbBe/ypSJFBmXStHDy1UfpPb6o/8lAcVf5ZlY+NqhhU+Q35ZMDVJAFj9PW5Cgf9yOhjHcUqHVO3
J87Zm3cvr/SgugpCnbW/mnudx7PoDhSV8ti9E1ndHiun+1eT6emPLeOmhTZiCnRgrekp8s5onf7q
zPT98a7u/W5fqdXDVxrlVAAH4ShRn8mank+T/hMPVECn9YdvlDdRR6n1O0BUXmxGvoxGJiq/HCV+
lc795R18W2OK3OSayqRGFXRwbnGGAmWjEzm1jujN6Be4uY4U2lQ0lQo+MqOhpD44PpB3SPNV2q9u
AiFbGd97jhNzAXIYoa9vpeD1zlhVfBFVC3e3M2ouhG0Hujofv5NjGL+nWd7KHcDLYucWNiqcHVwy
2NbNeIDuFo/fR/fItmOwc7WKLizS1RhVoYCn40XrZJcPH2W6vRg4jDbK1Te7Q0ifivHI5cW7neM3
zS+5ukxuntgw1VbXskRE32HBhhe5ucBHV69+zdb6Akw0pWumv+pbnMNqvN4Vu0yuCBvHslzbduh+
4MXp+Q6lovqiMNkfxFC2Kx9Yfdk0OwsvM7LrH9/vkLiHAV6pfbBLFgZv62xP3KM7uy7Rqy/4XKz2
tI2SJnUv2zE3Rokx2VJf2DZ76Q6/qSr6a6W0lcrMygw4ml+oRXKtiKQQRg8lJS07mijuCTHbkbvi
ljseQiXXKb+87LR29fD/mxKv8wvVCNtu+O23/wEe12R/
===END CRASH DUMP===
