PocketMine-MP Crash Dump Sun Oct 17 17:01:40 WIB 2021

Error: Class "NhanAZ\ChatManager\ClosureTask" not found
File: plugins/ChatManager/src/Main
Line: 24
Type: Error

THIS CRASH WAS CAUSED BY A PLUGIN
BAD PLUGIN: ChatManager v0.0.1

Code:
[15] 	{
[16] 		$this->getServer()->getPluginManager()->registerEvents($this, $this);
[17] 	}
[18] 
[19] 	public function onChat(PlayerChatEvent $event)
[20] 	{
[21] 		$player = $event->getPlayer();
[22] 		$msg = $event->getMessage();
[23] 		$event->cancel();
[24] 		$this->getScheduler()->scheduleDelayedTask (new ClosureTask(function () use ($player, $msg) : void {
[25] 			foreach($this->getServer()->getOnlinePlayers() as $players) {
[26] 			$players->sendMessage("> " . $player->getName() . " : " . $msg);
[27] 		}
[28] 		}), 60);
[29] 		//$this->getLogger()->notice($player->getName() . " > " . $msg);
[30] 	}
[31] }

Backtrace:
#0 pmsrc/src/event/RegisteredListener(75): NhanAZ\ChatManager\Main->onChat(object pocketmine\event\player\PlayerChatEvent#116542)
#1 pmsrc/src/event/Event(62): pocketmine\event\RegisteredListener->callEvent(object pocketmine\event\player\PlayerChatEvent#116542)
#2 pmsrc/src/player/Player(1310): pocketmine\event\Event->call()
#3 pmsrc/src/network/mcpe/handler/InGamePacketHandler(157): pocketmine\player\Player->chat(string[1] a)
#4 pmsrc/vendor/pocketmine/bedrock-protocol/src/TextPacket(184): pocketmine\network\mcpe\handler\InGamePacketHandler->handleText(object pocketmine\network\mcpe\protocol\TextPacket#116546)
#5 pmsrc/src/network/mcpe/NetworkSession(388): pocketmine\network\mcpe\protocol\TextPacket->handle(object pocketmine\network\mcpe\handler\InGamePacketHandler#116516)
#6 pmsrc/src/network/mcpe/NetworkSession(351): pocketmine\network\mcpe\NetworkSession->handleDataPacket(object pocketmine\network\mcpe\protocol\TextPacket#116546, string[30] ....NhanAZ.a.2535417617067686.)
#7 pmsrc/src/network/mcpe/raklib/RakLibInterface(187): pocketmine\network\mcpe\NetworkSession->handleEncoded(string[36] ..dd`..H.s.bL.02565147347037.0c`r...)
#8 pmsrc/vendor/pocketmine/raklib-ipc/src/RakLibToUserThreadMessageReceiver(42): pocketmine\network\mcpe\raklib\RakLibInterface->onPacketReceive(integer 0, string[45] ..$..I.........Dn '9B.T...{6#....%&.LUe......)
#9 pmsrc/src/network/mcpe/raklib/RakLibInterface(121): raklib\server\ipc\RakLibToUserThreadMessageReceiver->handle(object pocketmine\network\mcpe\raklib\RakLibInterface#23359)
#10 pmsrc/vendor/pocketmine/snooze/src/SleeperHandler(123): pocketmine\network\mcpe\raklib\RakLibInterface->pocketmine\network\mcpe\raklib\{closure}()
#11 pmsrc/vendor/pocketmine/snooze/src/SleeperHandler(82): pocketmine\snooze\SleeperHandler->processNotifications()
#12 pmsrc/src/Server(1546): pocketmine\snooze\SleeperHandler->sleepUntil(double 1634464900.747)
#13 pmsrc/src/Server(1107): pocketmine\Server->tickProcessor()
#14 pmsrc/src/PocketMine(293): pocketmine\Server->__construct(object BaseClassLoader#2, object pocketmine\utils\MainLogger#3, string[41] C:\Users\nhang\OneDrive\M..y t..nh\FLOTV\, string[49] C:\Users\nhang\OneDrive\M..y t..nh\FLOTV\plugins\)
#15 pmsrc/src/PocketMine(316): pocketmine\server()
#16 pmsrc(11): require(string[85] phar://C:/Users/nhang/OneDrive/M..y t..nh/FLOTV/PocketMine-MP.phar/src/PocketMin)

PocketMine-MP version: 4.0.0-BETA5 [Protocol 465]
Git commit: b65e89b605aeba5f7958d3cbb6db47e766cd6f9f
uname -a: Windows NT PC 10.0 build 22000 (Windows 10) AMD64
PHP Version: 8.0.10
Zend version: 4.0.10
OS : WINNT, win
Composer libraries: 
- adhocore/json-comment 1.1.2@fc2f76979f0a44a5f5bc2a2b600d0762fe0e78e7
- brick/math 0.9.3@ca57d18f028f84f777b2168cd1911b0dee2343ae
- daverandom/callback-validator unknown@unknown
- fgrosse/phpasn1 v2.3.0@20299033c35f4300eb656e7e8e88cf52d1d6694e
- netresearch/jsonmapper v4.0.0@8bbc021a8edb2e4a7ea2f8ad4fa9ec9dce2fcb8d
- pocketmine/bedrock-protocol 2.0.0+bedrock1.17.30@faff7da904e68f69b1a9128956dac3122e87308a
- pocketmine/binaryutils 0.2.1@8cd078e2426f8100331f2d73bef10f481dad6cde
- pocketmine/callback-validator 1.0.3@64787469766bcaa7e5885242e85c23c25e8c55a2
- pocketmine/classloader dev-master@80226e0917be79ac3230606113e25134a31e6a85
- pocketmine/color 0.2.0@09be6ea6d76f2e33d6813c39d29c22c46c17e1d2
- pocketmine/errorhandler 0.3.0@ec742b209e8056bbe855069c4eff94c9734ea19b
- pocketmine/log 0.3.0@03ab1316da0b1978a7a1c8dd73e1c2a973cb62ec
- pocketmine/log-pthreads 0.2.0@6be3445c48c62eba3922f987f000bb20c81d161f
- pocketmine/math 0.3.0@83ec067b12c066fc61d9fb129daf7e61ef3b1d63
- pocketmine/nbt 0.3.0@98c4a04b55a915e18f83d3b0c9beb24a71abcd31
- pocketmine/pocketmine-mp 4.0.0-BETA5@b65e89b605aeba5f7958d3cbb6db47e766cd6f9f
- pocketmine/raklib 0.14.2@e3a861187470e1facc6625040128f447ebbcbaec
- pocketmine/raklib-ipc 0.1.1@922a6444b0c6c7daaa5aa5a832107e1ec4738aed
- pocketmine/snooze 0.3.0@fe5b1dbf0d6267da882d1f67924772bd93db833d
- pocketmine/spl dev-master@b7a8904f912c1f6d38ad867ff1120614ccb80171
- ramsey/collection 1.2.2@cccc74ee5e328031b15640b51056ee8d3bb66c0a
- ramsey/uuid 4.2.3@fc9bb7fb5388691fd7373cd44dcb4d63bbcf24df
- respect/stringifier 0.2.0@e55af3c8aeaeaa2abb5fa47a58a8e9688cc23b59
- respect/validation 2.2.3@4c21a7ffc9a4915673cb2c2843963919e664e627
- rhumsaa/uuid unknown@unknown
- symfony/polyfill-ctype v1.23.0@46cd95797e9df938fdd2b03693b5fca5e64b01ce
- symfony/polyfill-mbstring v1.23.1@9174a3d80210dca8daa7f31fec659150bbeabfc6
- symfony/polyfill-php80 v1.23.1@1100343ed1a92e3a38f9ae122fc0eb21602547be
- symfony/polyfill-php81 v1.23.0@e66119f3de95efc359483f810c4c3e6436279436
- webmozart/assert 1.10.0@6964c76c7804814a842473e0c8fd15bab0f18e25
- webmozart/path-util 2.3.0@d939f7edc24c9a1bb9c0dee5cb05d8e859490725

Loaded plugins:
ChatManager 0.0.1 by  for API(s) 4.0.0-BETA5
ChatThin 1.4.1 by PresentKim for API(s) 4.0.0
CommandDisabler 1.0.0 by  for API(s) 4.0.0
DEVirion 1.2.5-ALPHA12 by poggit, SOFe for API(s) 4.0.0
DevTools 1.15.0+dev by PocketMine Team for API(s) 4.0.0
HideCommands 1.0.10 by Himbeer for API(s) 4.0.0
NotificationSystem 0.0.1 by  for API(s) 4.0.0-BETA5
PureChat 1.4.11 by 64FF00 for API(s) 4.0.0
PurePerms 1.5.0-legacy by 64FF00 & ProjectInfinity for API(s) 4.0.0
SimpleNPC 3.0.0-snapshot by brokiem for API(s) 4.0.0
Sound 0.0.1 by  for API(s) 4.0.0-BETA5
TNTManagement 0.0.1 by  for API(s) 4.0.0-BETA5

----------------------REPORT THE DATA BELOW THIS LINE-----------------------

===BEGIN CRASH DUMP===
eNrtXAtz28iR/itTdC4r14kQXsRDKbvsteSsK7Kls+TsVpZbzgAYkIhBgIuHZO2W//t93TMgQUp2
7M3e5a7KTmITg5mer9/dAyC/TvK6Wcnu7bVq2qKuJsf+4aQrVmpy7ASe7wd+bNtWOPPsWXQ46df6
lu9ZkR95UWjbbuz7sR8cTkrZdqdNUzeT418n3e0a0yb6+nCyUm0rFzTyDNNaMZ+8Wsrq6d/m82dL
2b2UFW42uCjrtm/UlWzfzSeiqjuR132VgUDel+XzomQKx/P5mxZo5/MKRBbz+XmlTpriWs3nL+e9
bSvnVnT8I6uW8/nzs/Orv87n67JfFFW7t2PbpFgli8paL9e0j97DTD4azT3C1COaiVllUWGWS5Jq
ZIqfP04e2GK9oin0P3Wtqu7otVoUbacalZ3Rv5VqDsLZw2NxL+tEefq4rmjwoE7+odJOrOv0nepW
2Gw+Z5LEhbyl6Rf8L00+pRsPHCeY+e5DYHvg3AHCUw4CF3vfQ/IuzOnjVJalXvUvQXFHUPT0Iz37
wPEc+344TEQjOGAi3ohIpbqbunl3tErX6ghizEqQfFH9Wa7UhSRS3+mxA2cW7pHfhYsNSNBt1xTV
4kfnJyF5L9/sBQxZ3Rxt1x8lKmtwNV03dVendclwrtT7Tu974ET+3oYG63xOYOdzg3Y+vwfu9LG+
S/Tuk/geqQHDfL4FoMUeMBezj0nslb64hDfC1Q+8KPo05vs2GrB+Bs5Pscx4HY03+Fy8M+fTeHfn
D0hPZCeNlv4l2R4KYy6e/ZOw8Ec7siUtd+bNfCcMnNAOwiAKLGYr/BhbjXxXFsnRa/nurEheVPC9
HFEEJhT+FvZOq7TOVDbYshcQuCz7u2V9Z7VWcmbZ7gyi9kPPD20vtOz07w3AM8Too/auMU6Ltcav
sV7VFHivlo2S2Usd0l+rVCH0Nge++2nwmiDCzS7XFPO0lA2lgwK3EBKFvZG3PyOW/mBZL6zhz0kl
vom/ta7w89fgAY38xx+tszdK32Xe4i8Vv0vWNcAEn9dkuhDAgPkT3H+BU3xEDg9cz5vFOoDbH9VK
W9X1L4pZuiyVWqtmE/Bc7zfK/zPW/JrqxPxBR2TH+Q0Ao3370FPn8915wIM4C+m+qrsiL1LZwdRb
s+84n1yyghDoEfQ+j3BL12+qrigPsrpPSiXGFY4f6j28e/Zw7H3P1Hemj7sifXehAdeNQemPKFzw
mpdYc+DG3keIvH2bgseu6dNNhPpWtopLpbNaZoiW7qG4x7R68NLq2uGsXsBpHnhbp0FS+2SpZFko
kyxrVCJt18ZfvHZTXmkZzO6XgefcUZYWsV5lEgEETp6ofu6LRg1xLUIQWC9lc3x09Oz4iJEdMbCj
AdfRFtYRoxrtPH15YdHqXUAPJz99OJyo/7Gi9YuKSSDRM98W1XVdXqsVCiEszyCEtJsMdwnOlhCG
KfoTemeGW/PuVww5Af+cd3/olkU7fbxQnTHlh3xxwZQMCRprTA3IxVd7wMsOBf/z8E9EMGSCH+hn
hJ/0b8xDazhSkYq8r1LyVGEq2L2iUPyBqzvSsmtvYLrOAFMXZ+KRmWdAcqXI+7vuMHPVLnanmUhs
5nnDPDWUkVWqSnPTvyuVdKmyvtRCaM3FiaKdM1KoOKjUjRhp+GDD6MFD0bdKHBjskBagPRTH4rou
MsHszcx+8w49lpLp8uAj+jivyAg0w4h1QrbCkG0falLBhtRwA3gRfQfu55PHsE9hDeuY7CsUXaBm
0Z1jc5tAsjBCQ5F06kbDxcNDEdh6QmzGjo62qHWUIdSw8wJJ82PbPd7bzrM3BuSR1j9MPnxtnr42
T1+bp6/N09fm6Wvz9LV5+to8fW2e/t81T4eTBZU8sqT+o5L0ZGCyswzAEihj+3Bh4lu2ZU+/Pb16
OqObfVFmaH5sxz2cFO3bTF1PjnNZtgrtjkkmk2M/mGGngpqhJJipKE4CeyZVImd5GM+izEuTJMgS
P1RhEKRZkMc5aPcG0PcF/OymFa+uxMUz4WB7wdsK17VtWxwM91FTiacvTwKfWq3lGisjYHVsXP4C
VzXY+Rq339Yt0X7x6tUVBvjihtu5tF6tawj4LZy/kU2hWhKOzJbgpVFH/2iRfDDHNHeO5Vjukzx1
8zCIwzi3pe+DrVmSutIFm3Zmh4GbK1uFkQpJYg2c5mgluyVW21ZseU9SOQszJ8ptN8ojPw/DMHGd
IEozJ3acxM6Ucj3fkwqrMwlNwKXr1RHViAlyx/RalkUmO2qBIbN3VX1TPTH/Ug+7aOq2VUdgWbYV
le7XruVZ9hPXduPY9rzUm+W+Z9sKqglUqCIVRWk+czMnC4LYp10RGBvVKtmkS+Z/JdcILUSKreFJ
lCSp7ToyUlniKl+GSrp5JDM/l7FK4yxVbp4mEbXUnygqQc8lcv9pbkC0oeXZT3KZ52EmY9tXQZQH
ceLI2HGjeBZkMvUc11VR6NmR3KNeVLK55RjBgnYt5wlEakMNru8GeeTYYN7J3Sz0EpU7du5HTiYz
2J/apXSvoB0g9Z4EfhiFPhQfBEkqwfcsimYgr6JZ6nqpC1tPZzPp7hGk0FZyaKPjAXU9XUnqQZ5E
tusGyo6dMFFhDOZczw7swHE85c4cz5eeowIZzfbI1SVDIh7tJ3acqEDJIAuD3FWelwWRAx3HmRun
rpv6QeqEysn2IPERiqlYmRRZiEpD301cO1aRPQuSBFzN7CBOfZXnsZ/GqKmUdOJkl1RZLzYUbE8m
aHagKDtx4jCSoXTSKIPIlQMHAYU0CVyV3qEwXXdcabQbvoJEIV3NUj9KsSKRXuy6eRyFOWJAApAp
tOcETr5LauNnhCbyVIoSNXFc/BPkaeBkcY6rOJN5qAJH5V4Co/d2SVRJt6EQR6kvbT+BTmNnpuCz
kZd5iZ1C6IkLw3dkkmZokHcobH9OV+vdEPrkC+LhnfqUYTk+4o/yZAQzgS2GtnJQ2aRB4M5sH2E5
yn3QgYMmcl/O2ypXU4KHQKgy8H0fLAUpnE7KGf038lxUAcpRKQrpSKo9T9Y1x0ZKuZpBjkluZ4Eb
gEgUIZjkQRi7fhi6SRZ7WRLBMveIrMtdb0hCGcHpczh7iuUZNs6iIMxzx3HhFH6KkGI7IQm7katW
3ZInlIpPd9hDXUgmxZ/QV2qmPDeyPSdxZoFvJzMHFq0URA1JB6ktt0T6vtC5AmESgT1OkjBPZugW
g9jJYbmw2cz3szTxYSqQa+76GakHEXKNzY90xkb1prZOqWAwuZdCcviPdGWSzHLph3IWIWbGAQIu
wkUyi0dkTLDRvLgMxk8RY8F/Gksf5heQ97ipG/leHHixE6sgQIh0Kcs0y37VSjkwczcttLervK5u
YZvlbV6U5TQ1h6fXkBspEYEii2dhHKo4y2MvyrPMTWwviIEzR8ZSAYzESdV9tFaJFsKGHAzLCRG+
MkQ4x85SGcG0whzhV6XBDLzAhZVM4JL3kUPqiuwRLYdCt++pDIkAIU4CXCwVEkGeIoshdaLn8xFC
P0bLGbEJmTlOnHuZimcqRy6M/cij5JD6qQcePcgzxt+gdaOSVf2LbLojhG/VmOxP+S+IAz8N4TCR
jSTiy8iHpXsKMSnPnFkiEzt3kHZmO0TWCE1Tyk+sX8ICx4gRiLLURXCVTpLEKSX/WZrYswxpGdhi
OwSZD5ujZq5NxsfJ2zpu95B5W8DZVARhRPbdsm5A4EeUgXJd0DneuLjDqKokGgUYEKpzFHQZGooq
MyvaOu9OxgMryWfbHz3fo5Ny5DyqMM8vr74/f312ouXRFh3hpQNFWnS1JDo7bPDQmAfH8vd4mFxQ
hVJ1fylWkz1+fisn74oVnYgw2fmcTsw64NCcGUT/nCEUisiqJ0VL+++oZ+/OLnsE+xMq+q0stT3q
tqROklsqncHKLojPV9TJ6V+LhsFuGNoM7XLiWrPp07OL75467q7C1ujZCnoscnn+XP1eOtNE5/Nr
hjKfI52YXyN4hrvLq6evr95c3OVNXV/VddmOeRuGdnlzZqhWqeXZtcRNAyWulPzdzHHAAFa2aD7B
yrLr1i36Rchj2ScWWpZRR3i0oQGGvysyZSxhzPTO8L55Orv2icmrRMGMfydmDbn5fAzi88xzqZda
4AG8jQ9SLm9RV6xGHN5z898QKe+i+Hw/vOgbRfFo3L8PQ3cC5l7EDPznz237izTGxC9Us2ondxib
PJdcerUXTY2NfoDn1X17cTodxidb1t/qvefzAez21z9V7z1mTaDMM9oNGSMcDXZXOnpsVzzw5Gmp
FjK9vU9I4o8CXNEJ1IsqL6qiu/29DH1HEgxs9PN3kIWmA2FcFqt1qV5dPBsJYzs2FobHpt1Wct0u
625XHElTvyvU7xbTDDk6taST5jGeL2XckDra0iCm+UH+iGHzYP9/3cd5489366tXV7p20qdMG/y7
4/8GPnYAfC4/VK1KdFcKXd1ehhxOJjmc8GGotW5qFCkdn7tNHlxsrsSzGr63EPRSxryZVw8uZSfO
0044gXDCY9s/tkPx/YtvhYsegyaUslr0gPpIVQu6XtVd9oheK0bnMe/z3A3475T/5hHP578Dmq3R
TNd10z1yYsdzafBmCZ6mZdFijEnK91PzOP+RY9PIAmyu6kzp+3ndpGq6GavznEbBb0ZnicP1+nr9
CCUKfmVFjkzQl93tI95Pn852dTNtVdeho2ofMWfqWpVTsolH+gB6M9YqlY2mUE/36OT0+dM3Z1c0
qlU//blXze2wOyymnrbyWhkM14W6mWZgkd68eKT5fp/U76dkWmbOTudu3a6oh3kgyBpEylrqG05n
rCwBKYgdlUN54mqJwloMbAnZKNEtlagraLpDABeprOhdnESJokrLPlMZfog7RkK0LusVVuZEYJ9m
K3N1KGrcaVoiKZJGyXfitu4bQ0sUuYB2qGGnHaAYel2nvCXCr9TNhtxRpnIJ1bTipq6+6QSdgcpG
kPhWYJZOCW8JIb1rofm+WapK9OtFIzMQsOYVWZUmdjyvhHjw/VIRMNHVgt4FESBhHkJABo2s2lJ2
AMW3GWpZYxuwil+qY3lRgZsqoY/uaGRFlLXdDQ5wLPhEnm60y77L6ptqat6NordKNu/cp8t57ygV
Cgw4jsPD3ugi9+BIE0b+tCzrG0GOALDC9KLiupDiv8i2aA4b2dTcGkF4cMpGaBYJABfkDAIqhdSI
XHIrjKxpvrHZze0xqe/R0sNkIHiZZQKtmtYPyZ2eTYmVkvTkjoKVgFYSRaghPfVzL0uS66K4xtxr
WfZKHJhNEUAeEnW9o5o2ioLAFHqhh0zHuM17v+pRZzZkdk/b2yrlt43o8SEMzeIJb1rojmx/4JSm
LZu6QlkkOkxvD2lBmQnj5nCYQ0GPHxr9jJtlg0BKY6u+MiWiJn7J+gdPMMOmfl/ABBXEAJbYtKsN
OJKtAfQiJ2OmOWS0h6LovoH4uoaXZYjOqbapvcXiADzQq1Iui4XZmBpOj5nUvjFLto6mrypSZ0ah
qF6zEvjBTWsJtB/mt1gViyW8vZHt8nDsncZySCJN0687PaoFRoJZAZvhi5ULr+WnMpn2GMmvcfXt
/QjIRsjmagga1mWNDI1OIPWkjaUh0COAN7faa/9c1gmsh1Kl0ONwhFXRkfOvUEImtx0kLi61qG0W
rm6wefkVae2mYMmzRcGrb6aa0GBkLXOYF4CIkMXvBhGZvFFq2FIbObTVkx+LRQ1F1RQjyCpoowXD
nDK0Y2ETF9idY7Q+W/8/zwHVHp/CT3n0X8PfdvWaIZj4uoFkyLUC4WNNx33ZBhDtOqBybNc3wDgI
fM9eYfC13/wOCNkvGBJFDJH2yE4VspNQ71Xac/StNWTtkZTNNrPV+xT1QLvlSAeu86vTY3H13YtL
cfbi5Ysr8fTi4uzF6aW4OH0tUL/95fT1ocAkcXWOWafi++/Oz07FxevzZ6eXl9Z+CNiRhzsLjDjQ
dxQ1Z2wKxC0xmC4Vh2SWxibYOpA9aoaMYwtPmSIUKh1mmRTqPvCJAA1rIn4/ZmzayFCiUYasaJrZ
jClrIgi920BO9a/Z45xyCBUCvMC6O5tswRTOUNtapVQvaMkSXK1XvXbDA8xLrdstq55teG0f3g/J
cO4ZzheySeAZ0+1jDQ5A90uXXY3gmFXCrELsXsmq5+pkjASVWw8bfHg45IR9IxzMUKfXPActze9q
64KWONcxXxs8you6L7MNlgJJ5KYSW/ytJrxm+GA0oFPIyuz2nIPFnSTJpqMpbHjLm3o1JFu92syY
jk1zrGHixmjyjm2Ie0xqxzouh4qSVNZgJzJDY8hZv1rr8kvXeMLcmNKNQV8nNMksYOwMc+CAXhe+
UXB2eY+AkbSR+LDDNYysbXtFgaFbQmuLoRyloEW7bVEdDorUNYKpOi2NhqZ+VE7U0aTLvnrXDtif
yTWNFqt+hRyL9NqIoTsgRQrz6jej2MqV/MWIkj3mro2hGl8bRLzhlMrkHknX32jspNa39m1av6c+
0NeTBxfStMzEMWdcOUxTCf/c8EYH31yroHwk6QGdLjA0lTW/mif0Gs3hljssM/LU/Aw70+RhXy3A
kvoEQ/fTpD5lh/PKvJ92bFIESrNlXeoSM5FduuRSnCGjaoIJmSTDsU23RuauTi2J2hSbOr09GGtp
uEVhtbmlJx+LQzF1Rgpk5fHG024AY1IAR+1tHcvNKJWQmeacmh0u9GkxBg0sS3yHWpA/I6DiTjy7
eHOItcCQwL9uigxmz7WCjp4b+lOmfyyCoezeVuQtS2c01xJPMwSqpSzzI/Sauk3I6IMBsxU2FXSe
QQY2csRt2hsR2+lq3lNUoxJTlpYgEG8uqouh2N52iNRLEKgbpE1a2K+r9dRc73U3L43XtcUvaqNP
KssHNdKTqaFkQtmuzWOUWv3Y1YseWuLCrClls+AF0rSqxhZ4x7yRC2IBOoHY2nXJFQv1nyuAJ2eX
DenpWVnQdybcUNObaqrtxMurN4y0BUvEdtJ3/DENq3K7nW4urCHWrLp+SquOGe24P1RV2tyuta/n
gk4OUAuhYB3YRINMhyWW4Cy1lFQEiGIF2XSkO2iDP4xHmDpkLFAafxyDqSlHXQ7ESNGSw3mrVapL
CcztjI0SJ0ofIJhQZ7qpk3Mukk5eXD79FvUR11N9xTZEAbunSElhMtNFQkHGaD4Mysb9xpbPra9n
KukXx0PT9lg41KyZknWJcMX3henhW33qQN5ctbVO3sYjHCKmUWtqz5Z13fLJxNCrqaEb5yieyU6K
Vl4P2YLOhcwJ15TubQMbAeMDRF20mUObf9RFpU8EWFLfiB+S+j15fiNenIiDH968OHkIvcPtgQHz
b6A2Ugw9KoBzUA/XZEY+uvyAN9Rb3VXw9h++PRvom/5uNPINb0ZHY1w4sHpNKcK81cMRkkmjo5Ot
POdtca/Ib6fv+yLbKmQ4XRuf3lzx8Yt2Nf3/waBlwHONX/WtOQZKEUQ6HWbNmqlec6znZwlto1OI
CY9mF8qBslpsepSKlpX7qfhwmLVzfHfviZkW7tNV3VP0yHWuM8EEIhtES7mdoiMfhUD99JuTMxa/
5lQ9WsyMV0q33onSxBJFn00hjMgbNgqyUfMhCpkWDe8mfc0+bbRhHzFQyH2o5iVp7EYfZd2H0r4f
pmzoHF7IwdwBdlhM/27QeHsnPElZp+y+bZHpnEH8SOgUBtf2yVgKC0qimKEynTr5YpPa+KjJGIdM
U1Uq7hS0efOuZfEOW1CfzJGolGB90dQ33VLHMWwhxVJTGwU5eH/b6ZTMYKckjQHadCsazdqLk3bE
F4Vp0rymJvQLphs2zZHTUObwmh0lgd5UuOIBYKJV3ipye6y10aV1V5kmeN3IgrtZJBO0etqK1vW6
Lwe3MReU73mOSRueSxtyG0Rc8k6UcSlyoSQwDQYfcuuDvGNT6tC5IzfXelhXCsayAGQbobNt0CPP
nNIHJ3tDm8CwO7xeoibP61FORzyY6odXm5lL6O1YQ7HWq9XaKmpGjFB3u6LmEK7c0UFr2m6hU5oy
98X2PrPAYU4uFo1amCNFc/6oj1nom713+/wxPsSa85NzevV8apKCrg8ofN0o3YFIQd9T0o4tA98y
wGPW6KkA8vRG8v0aqIxy7ggVCtX3jTGhEqI3rDmXjfLNMzq8V+OzvEMkh/VSwi0URfaGMAx1KTJG
rhr0HlOKixUlQ313yF06c8ids0HzOG2UbHvU4KhtOLYOIcwQZC3r+8Med7Sq+RqrtStW2wxisjER
pflk9ZQwSIsUxmlDPvQ0i4YDbmu7gbkz3mGQ3KfzvUkmWpPaA0ZnSYYGyHdGnsOp0dIM6hDXbDoJ
Ex3oEB7NWsZlUJFvCNE7yn2jH8lQtBmOUnTkBT0TnYZ8i5pMtqZPQ2kt6ZmuuaICCBiNro4Hpel7
sFE60zsWP3LlgqL1kA/5fiKi3IJtk/f4URGzQZV0wwGejlGGR298PnJfHuX4zO1jyx0Dt9/QTwGs
pggYw9f7Mgb9U9DDOspVOqdudzwWz8+eXulBfv+MTtb+ZN6KP5zF78FRpQ6991nRdIccdP9kKj39
sGV8aKGdmBIdRGvOFGVvrE6/8SD01zd9M8TdoVNrNk9pOKiADtJRyo/J2kFO0+ERD0xAl/UPnnM0
4a14/g4RrovNyNvRyJTry1HhV+vaX71HbGtNk5u+ozap5YYOwS0p0KDc6kKO5xG/gIIWTGcK7Sqa
S6aPymjTUk8OJ+o9ynwu+/k9SlQr469GktS8Pr4ZoadvVSabnbF69TarO4S7nVHzOu12oG/K8TUF
hvF1XpSd2iG8WO18w4IOZwdLAd+6Hg/Qlxnj69FbuNsx+Ll5X8Cx6IU87lAg0/Gkdborh9cq375W
vRltOdS3u0Mon1bjkcuLs53tb9ufS/4Ux/wSm1td/U5VyOg7IriVq9K8/kwvN/xSrPV7d7FFL+n/
ot+B38zG5fvVrpBrQuPatuc4Lr1dfXFyvsNpVr9lJPuDGCp29QOvr9p2Z6J+1eSHlzss7iHAJR0f
7LKFwZum2FP36IsHj/jV7xVeLPesjYom/qrFNe/bk2CKhf7cxaylL6BMVzG8lE9Lqc2szYCr5YVe
pNSGSAZh7FBR0bJjidkdJRY7emdpeeMhdHI9x+VFr61roP83KrzOL/ggbLvgw4f/BsChksI=
===END CRASH DUMP===
