PocketMine-MP Crash Dump Sun Oct 17 14:26:16 WIB 2021

Error: Call to undefined method JackMD\NameSpaceRemover\CustomPlayer::getX()
File: plugins/Sound/src/Main
Line: 25
Type: Error

THIS CRASH WAS CAUSED BY A PLUGIN
BAD PLUGIN: Sound v0.0.1

Code:
[16] 	{
[17] 		$this->getServer()->getPluginManager()->registerEvents($this, $this);
[18] 	}
[19] 
[20] 	public function onJoin(PlayerJoinEvent $event)
[21] 	{
[22] 		$player = $event->getPlayer();
[23] 		$packet = new PlaySoundPacket();
[24] 		$packet->soundName = "C418";
[25] 		$packet->x = $player->getX();
[26] 		$packet->y = $player->getY();
[27] 		$packet->z = $player->getZ();
[28] 		$packet->volume = 1;
[29] 		$packet->pitch = 1;
[30] 		$player->sendDataPacket($packet);
[31] 	}
[32] 
[33] }

Backtrace:
#0 pmsrc/src/event/RegisteredListener(75): NhanAZ\Sound\Main->onJoin(object pocketmine\event\player\PlayerJoinEvent#112232)
#1 pmsrc/src/event/Event(62): pocketmine\event\RegisteredListener->callEvent(object pocketmine\event\player\PlayerJoinEvent#112232)
#2 pmsrc/src/player/Player(749): pocketmine\event\Event->call()
#3 pmsrc/src/network/mcpe/NetworkSession(704): pocketmine\player\Player->doFirstSpawn()
#4 pmsrc/src/network/mcpe/NetworkSession(697): pocketmine\network\mcpe\NetworkSession->onClientSpawnResponse()
#5 pmsrc/src/network/mcpe/handler/SpawnResponsePacketHandler(44): pocketmine\network\mcpe\NetworkSession->pocketmine\network\mcpe\{closure}()
#6 pmsrc/vendor/pocketmine/bedrock-protocol/src/SetLocalPlayerAsInitializedPacket(45): pocketmine\network\mcpe\handler\SpawnResponsePacketHandler->handleSetLocalPlayerAsInitialized(object pocketmine\network\mcpe\protocol\SetLocalPlayerAsInitializedPacket#112312)
#7 pmsrc/src/network/mcpe/NetworkSession(388): pocketmine\network\mcpe\protocol\SetLocalPlayerAsInitializedPacket->handle(object pocketmine\network\mcpe\handler\SpawnResponsePacketHandler#93956)
#8 pmsrc/src/network/mcpe/NetworkSession(351): pocketmine\network\mcpe\NetworkSession->handleDataPacket(object pocketmine\network\mcpe\protocol\SetLocalPlayerAsInitializedPacket#112312, string[2] q.)
#9 pmsrc/src/network/mcpe/raklib/RakLibInterface(187): pocketmine\network\mcpe\NetworkSession->handleEncoded(string[5] c*d..)
#10 pmsrc/vendor/pocketmine/raklib-ipc/src/RakLibToUserThreadMessageReceiver(42): pocketmine\network\mcpe\raklib\RakLibInterface->onPacketReceive(integer 0, string[14] ......,.1o..F.)
#11 pmsrc/src/network/mcpe/raklib/RakLibInterface(121): raklib\server\ipc\RakLibToUserThreadMessageReceiver->handle(object pocketmine\network\mcpe\raklib\RakLibInterface#23320)
#12 pmsrc/vendor/pocketmine/snooze/src/SleeperHandler(123): pocketmine\network\mcpe\raklib\RakLibInterface->pocketmine\network\mcpe\raklib\{closure}()
#13 pmsrc/vendor/pocketmine/snooze/src/SleeperHandler(82): pocketmine\snooze\SleeperHandler->processNotifications()
#14 pmsrc/src/Server(1546): pocketmine\snooze\SleeperHandler->sleepUntil(double 1634455576.2227)
#15 pmsrc/src/Server(1107): pocketmine\Server->tickProcessor()
#16 pmsrc/src/PocketMine(293): pocketmine\Server->__construct(object BaseClassLoader#2, object pocketmine\utils\MainLogger#3, string[41] C:\Users\nhang\OneDrive\M..y t..nh\FLOTV\, string[49] C:\Users\nhang\OneDrive\M..y t..nh\FLOTV\plugins\)
#17 pmsrc/src/PocketMine(316): pocketmine\server()
#18 pmsrc(11): require(string[85] phar://C:/Users/nhang/OneDrive/M..y t..nh/FLOTV/PocketMine-MP.phar/src/PocketMin)

PocketMine-MP version: 4.0.0-BETA5 [Protocol 465]
Git commit: b65e89b605aeba5f7958d3cbb6db47e766cd6f9f
uname -a: Windows NT PC 10.0 build 22000 (Windows 10) AMD64
PHP Version: 8.0.10
Zend version: 4.0.10
OS : WINNT, win
Composer libraries: 
- adhocore/json-comment 1.1.2@fc2f76979f0a44a5f5bc2a2b600d0762fe0e78e7
- brick/math 0.9.3@ca57d18f028f84f777b2168cd1911b0dee2343ae
- daverandom/callback-validator unknown@unknown
- fgrosse/phpasn1 v2.3.0@20299033c35f4300eb656e7e8e88cf52d1d6694e
- netresearch/jsonmapper v4.0.0@8bbc021a8edb2e4a7ea2f8ad4fa9ec9dce2fcb8d
- pocketmine/bedrock-protocol 2.0.0+bedrock1.17.30@faff7da904e68f69b1a9128956dac3122e87308a
- pocketmine/binaryutils 0.2.1@8cd078e2426f8100331f2d73bef10f481dad6cde
- pocketmine/callback-validator 1.0.3@64787469766bcaa7e5885242e85c23c25e8c55a2
- pocketmine/classloader dev-master@80226e0917be79ac3230606113e25134a31e6a85
- pocketmine/color 0.2.0@09be6ea6d76f2e33d6813c39d29c22c46c17e1d2
- pocketmine/errorhandler 0.3.0@ec742b209e8056bbe855069c4eff94c9734ea19b
- pocketmine/log 0.3.0@03ab1316da0b1978a7a1c8dd73e1c2a973cb62ec
- pocketmine/log-pthreads 0.2.0@6be3445c48c62eba3922f987f000bb20c81d161f
- pocketmine/math 0.3.0@83ec067b12c066fc61d9fb129daf7e61ef3b1d63
- pocketmine/nbt 0.3.0@98c4a04b55a915e18f83d3b0c9beb24a71abcd31
- pocketmine/pocketmine-mp 4.0.0-BETA5@b65e89b605aeba5f7958d3cbb6db47e766cd6f9f
- pocketmine/raklib 0.14.2@e3a861187470e1facc6625040128f447ebbcbaec
- pocketmine/raklib-ipc 0.1.1@922a6444b0c6c7daaa5aa5a832107e1ec4738aed
- pocketmine/snooze 0.3.0@fe5b1dbf0d6267da882d1f67924772bd93db833d
- pocketmine/spl dev-master@b7a8904f912c1f6d38ad867ff1120614ccb80171
- ramsey/collection 1.2.2@cccc74ee5e328031b15640b51056ee8d3bb66c0a
- ramsey/uuid 4.2.3@fc9bb7fb5388691fd7373cd44dcb4d63bbcf24df
- respect/stringifier 0.2.0@e55af3c8aeaeaa2abb5fa47a58a8e9688cc23b59
- respect/validation 2.2.3@4c21a7ffc9a4915673cb2c2843963919e664e627
- rhumsaa/uuid unknown@unknown
- symfony/polyfill-ctype v1.23.0@46cd95797e9df938fdd2b03693b5fca5e64b01ce
- symfony/polyfill-mbstring v1.23.1@9174a3d80210dca8daa7f31fec659150bbeabfc6
- symfony/polyfill-php80 v1.23.1@1100343ed1a92e3a38f9ae122fc0eb21602547be
- symfony/polyfill-php81 v1.23.0@e66119f3de95efc359483f810c4c3e6436279436
- webmozart/assert 1.10.0@6964c76c7804814a842473e0c8fd15bab0f18e25
- webmozart/path-util 2.3.0@d939f7edc24c9a1bb9c0dee5cb05d8e859490725

Loaded plugins:
ChatManager 0.0.1 by  for API(s) 4.0.0-BETA5
CommandDisabler 1.0.0 by  for API(s) 4.0.0
DEVirion 1.2.5-ALPHA12 by poggit, SOFe for API(s) 4.0.0
DevTools 1.15.0+dev by PocketMine Team for API(s) 4.0.0
HideCommands 1.0.10 by Himbeer for API(s) 4.0.0
NameSpaceRemover 1.0.0 by JackMD for API(s) 4.0.0
PureChat 1.4.11 by 64FF00 for API(s) 4.0.0
PurePerms 1.5.0-legacy by 64FF00 & ProjectInfinity for API(s) 4.0.0
SimpleNPC 3.0.0-snapshot by brokiem for API(s) 4.0.0
Sound 0.0.1 by  for API(s) 4.0.0-BETA5
TNTManagement 0.0.1 by  for API(s) 4.0.0-BETA5

----------------------REPORT THE DATA BELOW THIS LINE-----------------------

===BEGIN CRASH DUMP===
eNrtXAlz20aW/itd9NRG3hUpXMTBKafsSPLGs7KlteRJdoYpVwNokBiDAINDspzyf9/vvW6QICVr
7Ix3dmvLmYlN9PH63Rca+W2UVfVKtm+vVd3kVTmaeYejNl+p0cz2Xc+bTqeBP3Gs0Ivcw1G31lNO
NAkcL/ItKwwDJwr9w1Ehm/a0rqt6NPtt1N6usWqknw9HK9U0ckEjx7IoRFuJrkxVlpcqFSvVLqtU
/Ekm716ezOev5EpdrmWiXqtVBZzm8+OuaavVRSFvVT2bLVT788FjwMy6onieFwx0Np+/aYD/fF4u
ZbmYz89LdVLn12o+fznvLEvZt6LlH2m5nM+fn51f/Xk+XxfdIi+x6bICOvN5UydYL/Nysl6u6QQN
3Sw74lVHWHREazBfAH+wYgp+1UB4NPvr6JEl1itaQv+qa1W2R6/VIm9aVav0jP4uVX0QTB/PxCtg
+uwvm8MJ5vj7qvxTlZcHVfw3lbRiXSXvVLvCMfM5AyOciQ3zuWYHLT6liUe27TiuQ3x5ZN9BgZcc
+A5OvQfkXQTH3ycQk971D6HiDFDRy4/06oPAi+7HhmFoBFjMj9wBjFK1N1X97miVrNXRK/1wCd2C
3h4ElrcHcRfB8fdp9TyvmxbadVNq2N5nwvajYA+2WT2f03Jo7c56kuNxkYMQPuu1atZV2Sh95vRT
Z0If0gIc2tlzIenMH/XUged9GRoPLP0tKaqmq9VHjZVvsAL306o+2m48ilVa42m8rqu2SqqCEb9U
7VkFGWnWPmtelHmbyyL/oFKN8YE3fRhVQy30/5Pkjr/Xix447D713Duoxxsn/T2kSXVdW6tu8Jmq
4Ybhw4R+wfk9wZ9B1Wew71HkRlOfiQk/l5ip/WUKptE4ka00Yv+fkMehaNo6Lxd/dX4Rv06YoOhT
BNXyXZHHR6/lu7M8flHCrWVwzQd2GPwewk7LpEqhZeb86S8i+dd0olGwrU+ajEZinK81ghqZq4pC
1NWyVjJ9qePha5UoBCnYtfMwdhogXPUuWeRnNKcMpIMcUwtVC2vDM9v7RUz4n8OJXU0mzw329pdy
0CHV6BEBJRybQWKP1QP0fYFef4LSR47rOpbG3Pkk35uyqj4o7aAKpdaq7h0n9Oh3cvgz9uy5Utv9
HQiG+xqgl8JIdtYBHzhjcPdV1eZZnsgW2tqYc4fR7JIFdGBPPf8zATf0/KZs8+Igrbq4UGKY/zlO
oA+Z3nOIbe1bl54Zf9/mybsLjXFVGzT9AYQL3vMSew6cyP0EkLdvExDZ1l2y8S8/yEYdI+NsziqZ
wtXBR9yjWx2IaXRqdVYtYBeP3I1dePYv4sG8cTJBzjiZDPLF7d7oi/duck3Ng+B+Hrj2HWlpFutd
xo2D4WSK6tcur1Xvm0I4p/VS1rOjo+PZEWN2xIgd9XgdbdE6YqwGJ49fXkxo9y5Cj0e/fDwcqX9m
Uv+ZKTfQ0mve5uV1VVyrFZItbEzBkaQd9bMYYRAYIEdORNg+BuftbxiyA/45b//QLvNm/D2wMBr9
mB8uGMZLWYJKHqtNpsw5anPA2w4F//X4jwQwZIAf6WeEn/jbsXhoDYPKE5F1ZUIWK0yev5c6iz9w
EkyMcOwNmo7To6kTWvHErDNIcj7N5zvuZiVHBaws1Y2gJcwGE6P1Wm93LRwALSFJYdt8dOzZ4XzE
K6f7K98TCmuTVWvZ8UJ/f+Ht3sL/MguD/YUf9hb+xSwM9xdC2B1jaPN8tD+/zttk2U+71i7nQCNc
8iBbMdv4LNfeCM91tPBc4ufH0cdvBd63Au9bgfetwPtW4H0r8L4VeN8KvG8F3rcC7/9LgXc4WlBG
KAsqjkpJL3dGO9uAWAxhbN8PjbyJNbHGP5xePZvSZJcXKWoyC358lDdvU3U9mmWyaBSqMBMKRjPP
n+KknGq02J+qMIp9aypVLKdZEE3D1E3i2E9jL1CB7yepn0UZYHcGoZ9yGNpNI15diYtjYeN4wccK
x7EsSxz087b1WDx7eeJ7VAEu19gZAlfbwuMH2KrBnZ8x/bZqCPaLV6+uMMAPN1xlJtVqXYHBb2H9
taxz1RBzZLoELbU6+luDAII1pua0J/bEeZolThYgjYwyS3oeyJrGiSMdkGmlVuA7mbJUEKqAOFbD
aI5Wsl1itzWJJu7TRE6D1A4zywmz0MuCIIgd2w+T1I5sO7ZSpRzXc6XC7lRCErDpanVEOXSM8DC+
RlBNZUtlOnj2rqxuyqfmbyqqF3XVNOoIJMumpDLn2pm4E+upYzlRZLlu4k4zz7UsBdH4KlChCsMk
mzqpnfp+5NGp8Iy1apSskyXTv5Jr+BYCxdrwNIzjxHJsGao0dpQnAyWdLJSpl8lIJVGaKCdL4pAq
8QdST8BzCNy/mQmwNpi41tNMZlmQysjylB9mfhTbMrKdENlPKhMkEI4KA9cK5R70vJT1LfsIZrQz
sZ+CpRbE4HiOn4W2BeLtzEkDN1aZbWVeaKcyhf6pXUj3MtoGpu5T3wvCwIPgfT9OJOiehuEU4FU4
TRw3caDryXQqnT2A5NoKdm3UtVDX45WkEu1paDmOr6zIDmIVRCDOcS3f8m3bVc7Udj3p2sqX4XQP
XFUwSkSj9dSKYuUr6aeBnznKdVM/tCHjKHWixHESz0/sQNnpHkrc5jFZJ4MiDVFJ4DmxY0UqtKZ+
HIOqqeVHiaeyLPKSKHA9Je0o3gVVVIsNBMuVsQ23l0ortqMglIG0kzAFy5UNAwGEJPYdldyBMF63
nGo0G7r8WFG8SrwwwY5YupHjZFEYZPABMZBMID3bt7NdUBs7I2xCVyWWH8S2g7/8LPHtNMrwFKUy
C5Rvq8yNofTuLogybjcQojDxpOXFkGlkTxVsNnRTN7YSMD12oPi2jJPUtXchbH+OV+tdF/r0C/zh
nRSU0bI9+B/lyhBqAl0MLGUjtUl835laHtxymHmAAwON5T6ft4mshgQLAVOl73keSPITGJ2UU/p/
6DrIApStEi9wQ6n2LFknHRsuZWoKPsaZlfqODyBhCGeS+UHkeEHgxGnkpnEIzdwDsi52rSEOZAij
z2DsCbanODgN/SDLUDfAKLwELsWyA2J2LVeNuiVLKBT32NhCHXAmwT+Bp9RUuU5ouXZsT33Piqc2
NFopsBqc9hNLboF0Xa5jBdwkHHsUx0EWT1EI+pGdQXOhs6nnpUnsQVXA18zxUhIPPOQahx/piI30
TW2NUkFhMjcB5/A/6cg4nmbSC+Q0hM+MfDhcuIt4Gg3AGGejaXEYGS+BjwX9SSQ9qJ9P1uMkTui5
ke9GdqR8Hy7SoShTL7tVI2VPzN2w0Nyusqq8hW4Wt1leFOPENHivwTcSIhxFGk2DKFBRmkVumKWp
E1uuHwHPDBFL+VASO1H3wVrFmgkbcFAsO4D7SuHhbCtNZAjVCjK4X5X4U9ACE1YyhkneBw6hK7QG
sGxy3Z6rUgQCuDgJ5CKpEAiyBFEModNyph5c6Kdg2QMywTPbjjI3VdFUZYiFkRe6FBwSL3FBowt+
RvgTsG5UvKo+yLo9gvtWtYn+FP/8yPeSAAYTWggingw9aLqr4JOy1J7GMrYyG2FnugNkDdc0pvjE
8iVcYBgRHFGaOHCu0o7jKKHgP01ia5oiLAO3yAoA5uOmA865yfFStqZRPcjjhqOHo20CZ1EShBHZ
tcuqBoC/Ig2U65wanMPkDqOqlKgUoEDIzpHQpagoytTsaKqsPRkOrCS33PvG5+B4naNTAx8xjzLM
88urn85fn51ofjR5S/hSp/UYeRWC0Ene0ME71OzNDCmiWGw9RNHvpaXpkObEVRzfUqYJmnaR+Hy6
Tk7/nNeM7IagzdAuJc5kOn52dvHjM9vZoQieckEZ9OHo8vy5Gn0lAjXQ+fyaUZnP4X3NrwF6hrrL
q2evr95c3KVNXV9VVdEMaeuHdmmzp0juqELYIWxbb4grJVdfi7QeB5CyxeYBUpZtu25QXoEfyy6e
IMMfFFBHGxgg+Mc8VUYThkTvDO+rp72rn1i8ihXU+CsRa8DN50MkPk89l3rrBDSAtv13dQP67kw9
bIIj/frva1H46ZeJn2uDF12tyCkNS91+aJcUb2LvOsiR7z1/bllfRAsDv1D1qhndIWv0XHKW0lzU
FQ76GVZXdc3F6bgfH20Jf6vPns97ZLe//q5o71FpQsq8X92AMczRyO5yR4/tsgdWPC7UQia39zFJ
/IsAVdSseVFmeZm3t19LBXY4wYgNfn4FXmg4YMZlvloX6tXF8YAZ27EhM1yOl00p182yanfZEdfV
u1x9NX9mwFGHj7qyQ3y+lHAD6mgLg4jmV+UDgs2r83964jB4Y/o5Zn316kqnGbohs8F/d/x/gY4d
BD6XHkrsJAoRhQJoLzr2TTx2J9w3nKzrCglKyy2q0aOLzZM4rmB7C0EXKub1vHx0KVtxnrTC9oUd
zCxvZgXipxc/CAfpOC0oZLnogOoTVS7oeVW16RO6Mo0kfd5lmePznwn/ySOux3/6tFpjM15XdfvE
jmzXocGbJWgaF3mDMQYp34/1K9vmiW3RyAJkrqpU6fmsqhM13oxVWUajoDeltlv/vL5eP0F6gl9p
nmV50hXt7RM+Tzcy26oeN6ptUXw0T5gyda2KMenEE92r3Yw1SqWDJVT+PDk5ff7szdkVjWrRj3/t
VH3bnw6NqcaNvFYGh+tc3YxTkCjLRD3RdL+Pq/djUi2zZqfIndyuKN1/JEgbRMJS6mqu8lhYAlwQ
OyKH8MTVUjVK9GQJWSvRLpWoSki6hQMXiSzLqhWxEnmZFF2qUvwQd5SEYF1WK+zMCMA+zEZm6lBU
mKkbAiniWsl34rbqagNL5JmAdKi2pRMgGLpwU9wS4FfqZgPuKFWZhGgacVOV37WC2oWyFsS+FYil
htotYUh3ZzTdN0tVim69qGUKAJN5SVqlgc3mpRCPfloqQowuGtE1DkGXjnSRCR7UsmwK2QIpnmZU
C3r3CFLxS7XML0puEyV0l4tGVgRZ611vADPBzWuaaJZdm6JYHpurTjMxH22+J0iW885WKhAYsG2b
h93BQ+bCkEaM+bOiqG4EGQKQFaZsE9e5FP9JukVrWMnGZmqAwqNTVkKzSQBxQcYgIFJwjcDFt8Lw
mtYbnd1MD0H9hOoXKgPGyzQVtWq0fIjv9BpHrJSkt1zkrASkEivCGtxTv3aS73ct8musvZZFp8SB
ORQO5DFB1yeqca3ICYwhF3ofM8M0n/2qQ45Zk9o9a27L5Eo27wS9aoOiTXjBmwayI93vKaVly7oq
kRaJFsubQ9pQpMKYOQzmUFCnvtavdJk3cKQ0tupK8+pMA79k+YMmqGFdvc+hggpsAEms2uUGOeKt
QehFRspMa0hpD0Xefke33GrelsI7J1qn9jaLA9DQwbAcZguTMTaUzhjUvjJL1o66K0sSZ0quqFqz
EPgdRzMRKD3Mb7HKF0tYey2b5eHQOo3mEEfqulu3elQzjBizAm6GLhYurJZfYKTaYuR1ladA+34M
SEdI5yowGto1GSgaNev0oo2mwdHDgde32mr/vahiaA+FSqHHYQirvCXjXyGFjG9bcFxcalZbzFxd
XPP2K5LaTc6cZ42CVd+MNaBeyRqmMMuBIlwWXzMiMFmtVH+kVnJIqyM7FosKgqLagbWCDlowmmNG
bSYsogKns4/Wbej/8xRQ7vEQ/hRH/zH8m7ZaMwrGv25QMuAaAfexps5YukGITu2xsi3HM4ixE/iJ
rcLg13z3FTBku2CUyGOIpEN0KhGdhHqvko69b6VR1hZJ0WyzWr1PkA80W4q04zq/Op2Jqx9fXIqz
Fy9fXIlnFxdnL04vxcXpa4H87T9OXx8KLBJX51h1Kn768fzsVFy8Pj8+vbyc7LuAHX44U9+wA3VH
XnHEJkfcEIHJUrFLZm5snK0N3iNnSNm38JIxXKHSbpZBIe8DnXDQ0Cai91PKppUMKRpFyJKWmcMY
sgYC17t15JT/mjPOKYZQIsAbJndXky6YxBliW6uE8gXNWUJXy1Xv3dAA9VLrZkuqaxlam8f3o2Qo
dw3lC1nHsIzx9g0AO6D7ucumRuiYXcLsgu9eybLj7GSICTK3Djr4+LCPCftK2KuhDq9ZBlia3tXW
BCfiXPt8rfBIL6quSDe45AgiN6XY4t9owGtGH4T61IEszWnP2VncCZKsOhrChrasrlZ9sNW7zYrx
UDWHEiZqjCTv6Ia4R6V2tOOyzyhJZDVOIjU0ipx2q7VOv3SOJ8zEmCZ6eZ3QIrOBcWc0ewrwhDAP
Y5f3MBhBG4EPJ1xDyZqmU+QY2iWktujTUXJadNoWq8NekDpHMFnnRGNDSz/JJ6pokmVXvmt63I/l
mkbzVbdCjEV4rUVfHZAghbnCzVhs+Ur2YljJFnNXx5CNrw1GfOCY0uQOQdfbSOyk0lP7Oq3vm/fw
9eLehDQss3BIGWcO40TCPje0UdObcxWkj8Q9YKcTDA3F3DnXezSFW+qwzfBT09OfTIv7czUDC6oT
DNyHQT2kh/PS3OWamRCB1GxZFTrFjGWbLDkVZ5SRNUGFTJBh36ZLIzOrQ0usNsmmDm+PhlLqp8it
1rctAT8UY3sgQBYeHzxue2RMCGCvvc1juRilFDLVlFOxw4k+bcagQWsifkQuyJ8DUHInji/eHGIv
cIhhXzd5CrXnXEF7zw38McOfCb9Pu7cZecPcGaydiGcpHNVSFtkRak1dJqQKOmyOwqGC+hmkYAND
3Ia9AbCdquY9eTVKMWUxEYTEm4vyok+2txUi1RKE1A3CJm3s1uV6bJ73qpuXxuqa/IPayJPS8l6M
DQU8kzIhbdfqMQitXuToTY8n4sLsKWS94A3SlKpGF/jErJYLIgEyAduadcEZC9WfKyBPxi5rkpO+
Ka4LarrUpZpWvLx6w5g2IInIjrtWUAHPotwep4uLSe9rVm03pl0zxnZYH6oyqW/X2tYzQZ0D5EJI
WHsyUSBTs2QiOEotJSUBIl+BNy3JDtLg/wwA3NQh4wKh8UcuWJqw12VHjBAt2Z03WqQ6lcDa1ugo
UaJ0A8G4OlNNnZxzknTy4vLZD8iPOJ/qStYhctj05VBNbjLVSUJOymg+7UmH9caWzq2tpyruFrO+
aPte2FSsmZR1CXfF88LU8I3uOpA1l02lg7exCJuAaaw1tONlVTXcmehrNdVX4+zFU9lK0cjrPlpQ
X8h0uMY0t3VshBg3EHXSZpo2f6vyUncEmFPfiZ/j6j1Zfi1enIiDn9+8OHkMudMXLTe0/gZiI8HQ
qwIYB9VwdWr4o9MPWEO1lV0Ja//5h7MevqnvBiPf8WHUGuPEgcVrUhGmrepbSCaMDjpbWcbHYi7P
bsfvuzzdCqTvrg27N1fcftGmpv+LE5oHvNbYVdeYNlACJ9JqN2v2jPWemV6fxnSMDiHGPZpTKAbK
crGpUUraVuyH4sN+1U777t6OmWbus1XVkffIdKwzzgQs61lLsZ28I7dCIH76zcEZm19zqB5sZsJL
pUvvWGlgscrI9hu67s+mtOz1jFWLhneDviafDtqQDx8o5D6q5kIxTlOIp/dhad2PpqypDy9kr+5A
tt9Mf2+wcfc6PHFRJWy+TZ7qmEH0SMgUCtd08ZALCwqiWKFSHTr5YRPauNVklEMmiSoUVwpavfnU
In+HI6hOZk9USJC+qKubdqn9GI6QYqmhDZwcrL9pdUhmZMfEjR618ZY1mrQXJ82ALnLTJHkNTei7
mBsyTcupT3N4z46QAG8sHPEIaKJU3gpy29bayHJyV5jGed3InKtZBBOUelqL1tW6K3qzMQ8U73mN
CRuuQwdyGURU8kkUcclzISUwBQY3uXUjb2ZSHeo7cnGth3WmYDQLiGw9dLp1emSZY/q+Ym9o4xh2
h9dL5ORZNYjp8Adj/fJqs3IJuc00KpP1arWe5BVjDFd3u6LiEKbcUqM1abaoU5gy82I7zySwm5OL
Ra0WpqVo+o+6zULf/b3bp4/xg685PzmnW9pjExR0fkDu60bpCkTy55d0YsOIbwngscngrQDi9Ibz
3RpYGeHcYSoEqueNMiETosvIHMsG8eaYmvdq2Ms7RHBYLyXMQpFnrwmHPi9FxMhUjdpjTH6xpGCo
Z/vYpSOH3OkNmtdpg2DbIQdHbsO+tXdhBiBLWc/3Z9yRqqZrKNY2X20jiInGBJTW8wfHjX5fQm6c
DuSmp9nUN7gn2wPMzPCEnnMPx3sTTLQktQUMekkGBsC3hp9912hpBrWLqzeVhPEO1IRHsZZyGpRn
G0B0nber9SsZ8jZ9K0V7XsAz3qmPt8jJZGPqNKTWkt7pmidKgICjkdWsF5qeg45ST28m/sqZC5LW
Q27y/UJAuQTbBu/hqyImgzLpmh08tVH6V2/cH7kvjrJ/5vKx4YqBy2/IJweuJgkYoq/PZRz0T0Ev
6yhW6Zi6PXEmnp89u9KDVGoo6qz90VwgP5xG70FRqQ7d92let4fsdP9oMj39smXYtNBGTIEOrDU9
RdkZrdM3HoT+UKWre7/bV2r15i0NOxXAQThK+DVZ0/Np3L/igQrotP7Rc/YmfBSv3wHCebEZeTsY
GXN+OUj8Kp37q/fwbY0pcpN3VCY1XNDBucU5CpRbncjxOqIXqKAE05FCm4qmkuEjM9qU1KPDkXqP
NJ/Tfr5yiGxl+IFFnJib1psRevtWprLeGatWb9OqhbvbGTU3T7cDXV0Mn8kxDJ+zvGjVDuDFaudz
D1Q4O7jksK3r4QB9xDB8HlxY3Y7Bzs19AXtCl/G4QgFPh4vWyS4fXqtsewN5M9qwq292h5A+rYYj
lxdnO8ffNr8W/NWK+SU2U231TpWI6DssuJWrwtwUpssNH/K1vnMXTeg++wd9XXyzGo/vV7tMrggb
x7Jc23boIvLFyfkOpWn1ljHZH8RQvisfWH3ZNDsL9VWTn1/ukLiHAR6pfbBLFgZv6nxP3IOPA1yi
V98pvFjuaRslTfwBiGOuphNj8oX+MsTspY+FTFXR31+nrVRmVmbA0fxCLVJoRSSFMHqoKGnZ0cT0
jhDzHbkzt9zhECq5jv3yotPa1cP/CyVe5xfcCNtu+PjxvwGpvB8E
===END CRASH DUMP===
