PocketMine-MP Crash Dump Sun Oct 17 13:32:25 WIB 2021

Error: Call to undefined method pocketmine\event\player\PlayerChatEvent::setCancelled()
File: plugins/FLOTVCore/src/Main
Line: 22
Type: Error

THIS CRASH WAS CAUSED BY A PLUGIN
BAD PLUGIN: FLOTVCore v0.0.1

Code:
[13] {
[14] 
[15] 	public function onEnable() : void
[16] 	{
[17] 		$this->getServer()->getPluginManager()->registerEvents($this, $this);
[18] 	}
[19] 
[20] 	public function onChat(PlayerChatEvent $event)
[21] 	{
[22] 		$event->setCancelled(true);
[23] 	}
[24] 
[25] 	public function onExplosionPrime(ExplosionPrimeEvent $event)
[26] 	{
[27] 		$event->setBlockBreaking(false);
[28] 	}
[29] 
[30] }

Backtrace:
#0 pmsrc/src/event/RegisteredListener(75): NhanAZ\FLOTVCore\Main->onChat(object pocketmine\event\player\PlayerChatEvent#117059)
#1 pmsrc/src/event/Event(62): pocketmine\event\RegisteredListener->callEvent(object pocketmine\event\player\PlayerChatEvent#117059)
#2 pmsrc/src/player/Player(1310): pocketmine\event\Event->call()
#3 pmsrc/src/network/mcpe/handler/InGamePacketHandler(157): pocketmine\player\Player->chat(string[1] .)
#4 pmsrc/vendor/pocketmine/bedrock-protocol/src/TextPacket(184): pocketmine\network\mcpe\handler\InGamePacketHandler->handleText(object pocketmine\network\mcpe\protocol\TextPacket#117056)
#5 pmsrc/src/network/mcpe/NetworkSession(388): pocketmine\network\mcpe\protocol\TextPacket->handle(object pocketmine\network\mcpe\handler\InGamePacketHandler#112532)
#6 pmsrc/src/network/mcpe/NetworkSession(351): pocketmine\network\mcpe\NetworkSession->handleDataPacket(object pocketmine\network\mcpe\protocol\TextPacket#117056, string[30] ....NhanAZ...2535417617067686.)
#7 pmsrc/src/network/mcpe/raklib/RakLibInterface(187): pocketmine\network\mcpe\NetworkSession->handleEncoded(string[33] ..dd`..H.s.b..02565147347037.0c..)
#8 pmsrc/vendor/pocketmine/raklib-ipc/src/RakLibToUserThreadMessageReceiver(42): pocketmine\network\mcpe\raklib\RakLibInterface->onPacketReceive(integer 0, string[42] .m..k...kF...kX.C...E.._f...}}@.Yp.F.}.f..)
#9 pmsrc/src/network/mcpe/raklib/RakLibInterface(121): raklib\server\ipc\RakLibToUserThreadMessageReceiver->handle(object pocketmine\network\mcpe\raklib\RakLibInterface#234)
#10 pmsrc/vendor/pocketmine/snooze/src/SleeperHandler(123): pocketmine\network\mcpe\raklib\RakLibInterface->pocketmine\network\mcpe\raklib\{closure}()
#11 pmsrc/vendor/pocketmine/snooze/src/SleeperHandler(82): pocketmine\snooze\SleeperHandler->processNotifications()
#12 pmsrc/src/Server(1546): pocketmine\snooze\SleeperHandler->sleepUntil(double 1634452346.0062)
#13 pmsrc/src/Server(1107): pocketmine\Server->tickProcessor()
#14 pmsrc/src/PocketMine(293): pocketmine\Server->__construct(object BaseClassLoader#2, object pocketmine\utils\MainLogger#3, string[41] C:\Users\nhang\OneDrive\M..y t..nh\FLOTV\, string[49] C:\Users\nhang\OneDrive\M..y t..nh\FLOTV\plugins\)
#15 pmsrc/src/PocketMine(316): pocketmine\server()
#16 pmsrc(11): require(string[85] phar://C:/Users/nhang/OneDrive/M..y t..nh/FLOTV/PocketMine-MP.phar/src/PocketMin)

PocketMine-MP version: 4.0.0-BETA5 [Protocol 465]
Git commit: b65e89b605aeba5f7958d3cbb6db47e766cd6f9f
uname -a: Windows NT PC 10.0 build 22000 (Windows 10) AMD64
PHP Version: 8.0.10
Zend version: 4.0.10
OS : WINNT, win
Composer libraries: 
- adhocore/json-comment 1.1.2@fc2f76979f0a44a5f5bc2a2b600d0762fe0e78e7
- brick/math 0.9.3@ca57d18f028f84f777b2168cd1911b0dee2343ae
- daverandom/callback-validator unknown@unknown
- fgrosse/phpasn1 v2.3.0@20299033c35f4300eb656e7e8e88cf52d1d6694e
- netresearch/jsonmapper v4.0.0@8bbc021a8edb2e4a7ea2f8ad4fa9ec9dce2fcb8d
- pocketmine/bedrock-protocol 2.0.0+bedrock1.17.30@faff7da904e68f69b1a9128956dac3122e87308a
- pocketmine/binaryutils 0.2.1@8cd078e2426f8100331f2d73bef10f481dad6cde
- pocketmine/callback-validator 1.0.3@64787469766bcaa7e5885242e85c23c25e8c55a2
- pocketmine/classloader dev-master@80226e0917be79ac3230606113e25134a31e6a85
- pocketmine/color 0.2.0@09be6ea6d76f2e33d6813c39d29c22c46c17e1d2
- pocketmine/errorhandler 0.3.0@ec742b209e8056bbe855069c4eff94c9734ea19b
- pocketmine/log 0.3.0@03ab1316da0b1978a7a1c8dd73e1c2a973cb62ec
- pocketmine/log-pthreads 0.2.0@6be3445c48c62eba3922f987f000bb20c81d161f
- pocketmine/math 0.3.0@83ec067b12c066fc61d9fb129daf7e61ef3b1d63
- pocketmine/nbt 0.3.0@98c4a04b55a915e18f83d3b0c9beb24a71abcd31
- pocketmine/pocketmine-mp 4.0.0-BETA5@b65e89b605aeba5f7958d3cbb6db47e766cd6f9f
- pocketmine/raklib 0.14.2@e3a861187470e1facc6625040128f447ebbcbaec
- pocketmine/raklib-ipc 0.1.1@922a6444b0c6c7daaa5aa5a832107e1ec4738aed
- pocketmine/snooze 0.3.0@fe5b1dbf0d6267da882d1f67924772bd93db833d
- pocketmine/spl dev-master@b7a8904f912c1f6d38ad867ff1120614ccb80171
- ramsey/collection 1.2.2@cccc74ee5e328031b15640b51056ee8d3bb66c0a
- ramsey/uuid 4.2.3@fc9bb7fb5388691fd7373cd44dcb4d63bbcf24df
- respect/stringifier 0.2.0@e55af3c8aeaeaa2abb5fa47a58a8e9688cc23b59
- respect/validation 2.2.3@4c21a7ffc9a4915673cb2c2843963919e664e627
- rhumsaa/uuid unknown@unknown
- symfony/polyfill-ctype v1.23.0@46cd95797e9df938fdd2b03693b5fca5e64b01ce
- symfony/polyfill-mbstring v1.23.1@9174a3d80210dca8daa7f31fec659150bbeabfc6
- symfony/polyfill-php80 v1.23.1@1100343ed1a92e3a38f9ae122fc0eb21602547be
- symfony/polyfill-php81 v1.23.0@e66119f3de95efc359483f810c4c3e6436279436
- webmozart/assert 1.10.0@6964c76c7804814a842473e0c8fd15bab0f18e25
- webmozart/path-util 2.3.0@d939f7edc24c9a1bb9c0dee5cb05d8e859490725

Loaded plugins:
CommandDisabler 1.0.0 by  for API(s) 4.0.0
DEVirion 1.2.5-ALPHA12 by poggit, SOFe for API(s) 4.0.0
DevTools 1.15.0+dev by PocketMine Team for API(s) 4.0.0
FLOTVCore 0.0.1 by  for API(s) 4.0.0-BETA5
HideCommands 1.0.10 by Himbeer for API(s) 4.0.0
NameSpaceRemover 1.0.0 by JackMD for API(s) 4.0.0
PureChat 1.4.11 by 64FF00 for API(s) 4.0.0
PurePerms 1.5.0-legacy by 64FF00 & ProjectInfinity for API(s) 4.0.0
SimpleNPC 3.0.0-snapshot by brokiem for API(s) 4.0.0
Sound 0.0.1 by  for API(s) 4.0.0-BETA5

----------------------REPORT THE DATA BELOW THIS LINE-----------------------

===BEGIN CRASH DUMP===
eNrtWwlz20aW/itd9NRGrhUgXMTBKafsSPLYs7alteRJdsKUtwE0SIxAAMGhIyn/9/1ed4MAKdlr
Z1w1u1XOIRJ9vH73hebvs6xqNrx7fy2aNq/K2cI7nHX5RswWtu963txxvbkZhU4YuoezvlZTjmcG
jh+5bjT3bc93sKfgbXfaNFUzW/w+6+5qrJqp58PZRrQtX9HIMS8K1lWsL1OR5aVI2UZ06ypldZVc
iW6DoeVSXIuyWy7rgt+JZrk8l5/Ha96d0sRi0YrumJeJKAqRHjwG/Kwviud5IQ9YLJfvWtCyXJZr
Xq6Wy7NSnDT5NeC+XvaWJew71skvableLp+/Orv8G53Vr/Ky1c/HVYPlbZNgD89Ls17XdIo6QS89
2q48wsIjWoc1BQgAexzwsOEJvv48e2SxekNL6H9J2tFbscrbTjQifUWfpWgOgvnjBXsDjJ/9fQcJ
gmt8X5VE/kEV/0Mk3Rfw6pFtB9Y8Ih49su+hIZcc+A5OfgDkfSSN7xOIT+36p1BxJqio5Udq9YHt
2tbD6EggCgMp80fuBEgpupuquTraJLU4AhPTAiBfln/hG3HOCdQLNXZgz4M98Lvo4gBidNs1ebn6
2f6FmfIsT58FHNKqORr3H8UibfBk1E3VVUlVSHQuxW2nzj2wQ2/vQI3rcknILpca2+XyAXSN79Us
wXuI43ugBhyWyxEBxXZfUjH/GMfeqIcLmClcwIEbhp/G+aGDBlw/A89PkQx8nbnrSHz9z8V3bn8a
3931A6YnvONaSv8Ubw+ZVhfXgr7gH2XG+AJK5p4d+FjmB37oK2UKPkZWw6+KPD56y69e5fHLEraX
wYdAhYI/Qt5pmVQpHOSAnEvIpel/m+YLszVj07ScuT+3vcD1AssNTCsxFX7hR5VdIWjktUJeIXpZ
kb+9XDeCp6+Vo38rEgGP2xx4zqcxVwDha3ZJJoenWKwhHeSYWomGWVtmew7o2ZjmFfh89Zz+/GQe
4+PUNN9n+Pzw4an5X7X53PxgZpqw6EsZ75BeDTiCyGtSWlA/IPwJ0r/AHD7ChEeIvMpxWx8VSFtW
1W8qAF0UQtSi2To6x/2DrP+MPb8nRdX2jfigPLFt/wEEw33VUEuXy911wAf+Fbx9U3V5lie8g4q3
+txpHLmQ4oGD9/zPBNzS87uyy4uDtOrjQrBtxuObluUrJ2S7DxxiW/smqWaM77s8uTpXGFeNRtOb
QDiXe15jz4ETuR8B8v59AiK7pk+2rukH3opj5Fjtq4qncJPOIXtAs3oQ06qk4VW1gsE8ckeDQTT7
ZHZkmsiMTHOSFY17oy/eu82oFA/mD/PAte9JS7FY7dIRAAwnQxS/9nkjBocWzn9h9Zo3i6Oj48WR
xOxIInY04HU0oqWytcnJxutzk3bvIvR49suHw5n4V6WxX5BgAk217n1eXlfFtdgAJjan4FDSzYZZ
jGzBYJAiAhFmu5j4HQO2hy/0OcfnsqthBnnCsr5MyM5YVZ6WHJZx8Jgt2HWVp7TUl0vl7kB+XXZ/
6tZ5a3y/Ep22kMfy4Vzi8JqX4Joca3ROKTnQHshth0x+PP4zAQwlwA/0NVKYOdZHMJMZ8R5T2Z8k
04mZjr1F03EGNIVKInc4DzMT8nDH3R7uaLY4H2XLbQ0XiO/nDQqig93He6iMHHOC+6j8UEBpfkAM
uYJaH2S8aDU+IzMczQyXmPFh9uFbefGtvPhWXnwrL76VF9/Ki2/lxbfy4lt58f+lvDicrSjX4QWl
4SWnZvpsZxsQiyGMsR8/80zLtIwfTi+fzWmyz4sUFYBlO4ezvH2fiuvZQiaNyPl1FJktPH+Ok3Kq
CGJ/LsIo9q05FzGfZ0E0D1M3iWM/jb1ABL6fpH4WZYDda4R+zGFoNy17c8nOj5mN45k8ljmOZVns
YJhHMsWevT7xPao31jV2hsDVtvD4G2xV4y6fMf2+agn2yzdvLjEgH25kTZNUm7oCg9/D+hve5KIl
5vB0DVpQ/fyjRdTBGl3h2KZtOk+zxMkCPwqizOKeB7LmceJwB2RaqRX4TiYsEYQiII41MJqjDe/W
2G2Zkek+Tfg8SO0ws5wwC70sCILYsf0wSe3ItmMrFQJW6nIqmVIOScCmq80RJYcx4oZxzYs85R0V
ieDZVVndlE/1J5Vxq6ZqW3EEknlbUhly7ZiuaT11LCeKLNdN3HnmuZYlIBpfBCIUYZhkcye1U9+P
PDoVnrERreBNspb0b3gN30KgpDY8DeM4sRybhyKNHeHxQHAnC3nqZTwSSZQmwsmSOKR67RPZJOA5
BO7f9QRYG5iu9TTjWRakPLI84YeZH8U2j2wnjOZ+yhPXdhwRBq4V8j3oecmbO+kjJKMd034KlloQ
g+M5fhbaFoi3MycN3FhktpV5oZ3yFPondiE9yGgbmLpPfS8IAw+C9/044aB7HoZzgBfhPHHcxIGu
J/M5d/YAkmsrpGujGllcGxtOxcfT0HIcX1iRHcQiiECc41q+5du2K5y57XrctYXPw/keuKqQKBGN
1lMrioUvuJ8GfuYI10390IaMo9SJEsdJPD+xA2GneyjJJoNOVSUo0hCRBJ4TO1YkQmR+cQyq5pYf
JZ7IsshLIiRTgttRvAuqqFZbCJbLY1Q5EJQV21EQ8oDbSZiC5cKGgQBCEvuOSO5BMOpOJhrtli4/
FhSvEi9MsCPmbuQ4WRQGGXxADCQTSM/27WwX1NbOCJvQFQly09h28OFniW+nUYanKOVZIHxbZG4M
pXd3QZRxt4UQhYnHLS+GTCN7LmCzoZu6sZWA6bEDxbd5nKSuvQth/Gps6l0X+vQL/OG93FSiZXvw
P8LlIdQEuhhYwkZqk/i+M7c8uOUw8wAHBhrzfT6PGa6CBAsBU7nveR5I8hMYHedz+i90HWQBwhYJ
MuiQiz1LVknHlkuZmIOPcWalvuMDSBjCmWR+EDleEDhxGrlpHEIz94DUxa41xAEPYfQZjD3B9hQH
p6EfZBmqJhiFl8ClWHZAzG74phV3ZAmFkE0RaaEOOJPgn8ATYi5cJ7RcO7bnvmfFcxsaLQRYDU77
icVHIH2fq1gBNwnHHsVxkMVzlIl+ZGfQXOhs6nlpEntQFfA1c7yUxAMPWePwIxWxkb6J0SgFFCZz
E3AO/3KHx/E8417A5yF8ZuTD4cJdxPNoAkY7G0WLI5HxEvhY0J9E3IP6+WQ9TuKEnhv5bmRHwvfh
Ih2KMs2637ScD8TcDwvt3SaryjvoZnGX5UVhJLq9eA2+kRDhKNJoHkSBiNIscsMsTZ3Ycv0IeGaI
WMKHktiJeAjWJlZM2IKDYtkB3FcKD2dbacJDqFaQwf2KxJ+DFpiw4DFM8iFwCF2hNYFlk+v2XJEi
EMDFcSAXcYFAkCWIYgidKPY8uNCPwbInZIJnth1lbiqiucgQCyMvdCk4JF7igkYX/IzwF7BuRLyp
fuNNdwT3LRod/Sn++ZHvJQEMJrQQRDweetB0V8AnZak9j3lsZTbCznwHSA3XZFB8kvIlXGAYERxR
mjhwrtyO4yih4D9PYmueIiwDt8gKAObDtt8qc5NjZCNw3Sd5S93RZpLL7c8czsZEjiIY5UK879ZV
A0A/Ix3kdU5tPOmhKD0UsuEKFaK+JNIP1BRlqte2VdadTAc2XLZ42x7JQVzF8R3lZ8vlHhIqY6fm
MSIg5ZtnF5c/nr19daK40+YdYU5dxZPTv+WNRHZL0HZolxLHnBvPXp2/eGY7OxTBv6wo7zycXZw9
F7OvRKACulxeS1SWS/gs/W2Cnqbu4vLZ28t35/dpE9eXVVW0U9qGoV3a7DlSIsqrdwgbs3R2Kfjm
a5E24ABSRmw+Qcq66+oWRQn4se5jE3nxpOw42sIAwWPjf6R4+jJgJNmiLP1Tiqmrjz9I4kf6zp+j
kC/yVGhtngpuZ3jfxOxdG8PiTSxgil9JYBrccjlF4vMoWqutJmgAbW9Ay0XNE/FWbKrrHS9yb+rT
bmT2VyTLr0++FoUK2nK5j8Xni+28bwS15qdF7jC0S4pn2ruaN/O9588t64tokcDPRbNpZ/fImj3n
Mj9pz5sKB/0Ez1H17fmpMYzPRsLfq7OXywHZ8dv/KtoHzJKQ0u/ytmA0cxSyu9xRY7vsgScyCrHi
yd1DTGL/xkAVtWlellle5t3d11KBHU5IxCZfvwIvFBww4yLf1IV4c348YcY4NmWGKx1RW/K6XVfd
LjviprrKxVfzyRoc9faoGzvF50sJ16CORhhEdNVTd2QkWD7/CzyyPPhzzZpSII6UXaBU2IuIQ7tL
mp/ssJl1UyEp6WQzZ/bofPvEjivo6orRy+5lsywfXfCOnSUds31mBwvLW1gB+/HlD8xB4koLCl6u
er4ST0S5oudN1aVP6AIn0tlln2WOL/8m8q8ccT3516fVChujrpruiR3ZrkODN2vQZBR5izEJkt8a
6kVd+8S2aGQFMjdVKtR8VjWJMLZjVZbRKOhNqUE1PNfX9ROkJPiW5lmWJ33R3T2R56mWX1c1Riu6
Dml6+0RSJq5FYZAOPFFdze1YK0Q6WUKFwpOT0+fP3r26pFElcuPXXjR3w+nQlMpo+bXQOFzn4sZI
QSK96H6i6L6Nq1uDVEqv2SkHzbsNJcaPGGkDS6SU+kbWQ1JYDFxgOyKH8NjlWrSCDWQx3gjWrQWr
Ski6g8NjCS/LqmOxYHmZFH0qUnxh95SEYF1UG+zMCMA+zJZn4pBVmGlaAsliel/O7qq+0bBYnjFI
h6pAOgGCoYsQxR0BfiNutuCOUpFxiKZlN1X5XceoscYbRuzbgFhqPd0RhnQnQdF9sxYl6+tVw1MA
MJclaZUCtliWjD36cS0IMboQ0sLUGF0OUeUYeNDwsi14B6TktES1qHAMSMU30Ul+UUKbCKb6QTSy
IchK7wYDWDDZ5qWJdt13KcpKQ19JWbDlbHu7OVkve1uIgGHAtm057E4eMheGNJOYPyuK6oaRIQBZ
pgscdp1z9p+kW7RGKpmhpyYoPFI3Q/QmBsQZGQODSME1AhffMc1rWq91djs9BfUj6kSoDBjP05Sh
HlfyIb7TCw+2EZzeB1EDmEEqsSCswT3xa8/lPZxVfo21KOB7wQ70oXAgjwm6OlEYjSAnYEAu9OZi
gWl59pseOVlDavesvSuTS95eMXopBUUz5YJ3LWRHuj9QSsvWTVUijWAdlreHtKFImTZzGMwho552
o96YSt7AkdLYpi/1SyYF/ELKHzRBDZvqNocKCrABJEnVLrfIEW81Qi8zUmZaQ0p7yPLuO7qN1Mht
KbxzonRqbzM7AA09DMuRbJFkGJrShQS1r8xcakfTlyWJMyVXVNVSCPJtQGsylBv6O9vkqzWsveHt
+nBqnVpziCNN09edGlUMI8ZsgJumSwoXVitb/amyGE63joD2wxiQjpDOVWA0tMucKBq1tdSirabB
0cOBN3fKav9SVDG0h0IkU+MwhE3ekfFvkHLFdx04zi4Uqy3JXFVQy+2XJLWbXHJeahSs+sZQgAYl
ayWFWQ4U4bLkTRMCkzVCDEcqJYe0erJjtqogKMq1pVbQQSuJpiFRWzCLqMDp0kerhu3/eQoo5/gU
/hRH/zn8266qJQrav25R0uBaBvdRUw8p3SJEpw5Y2ZbjacSkE/hRWoXGr/3uK2Ao7UKiRB6DJT2i
U4noxMStSHrpfSuFsrJIimbb1eI2QT7QjhQpx3V2ebpgly9eXrBXL1+/vGTPzs9fvTy9YOenbxny
t/84fXvIsIhdnmHVKfvxxdmrU3b+9uz49OLC3HcBO/xw5r5mB/L0vJIRmxxxSwQmayFdsuTG1tna
4D1yhlT6FrnEgCsUys1KUMj7QCccNLSJ6P2YsiklQ4pGEbKkZfowCVkBgesdHTnlvfqMM4ohlAjI
Deb91aQLOmGG2GqRUL6gOEvoKrmqvVsaoF6ibkdSXUvT2j5+GCVNuaspX/EmhmUYY69cOqCHuStN
jdDRu5jeBd+94WUvs5MpJsjceujg48MhJuwr4aCGKrxmGWApejejCZrsTPl8pfBIL6q+SLe45Agi
NyUb8W8V4FqiD0J96jqW+rTn0lncC5JSdRSELW1ZU22GYKt26xXGVDWnEiZqtCTv6QZ7QKV2tONi
yChJZA1OIjXUipz2m1qlXyrHY3rCoIlBXie0SG+QuEs0BwrwhDAPY+cPMBhBG4EPJ1xDydq2F+QY
ujWkthrSUXJadNqI1eEgSJUj6KzTVNjQ0o/yiSqaZN2XV+2A+zGvaTTf9BvEWITXhg3VAQmSqfpH
YTHylexFs1JazH0dQzZea4zkgQalyT2CrreV2EmlpvZ1Wl2lHeCrxYMJKVh64ZQymTkYCYd9bmmj
RrfMVZA+EveAnUowFJRa3vViao+icKQO2zQ/FT3DybR4OFcxsKA6QcP9NKhP6eGy1LeeFjpEIDVb
V4VKMWPeJWuZikuUkTVBhXSQkb5NlUZ6VoWWWGyTTRXeHk2lNEyRW23uOgJ+yAx7IkApPHmw0Q3I
6BAgvfaYx8pilFLIVFFOxY5M9GkzBjVaJnuBXBC69EQmd+z4/N0h9gKHGPZ1k6dQe5krKO+5hW9I
+AvmD2n3mJG3kjuTtSZ7lsJRrXmRHaHWVGVCKqDD+igcyqifQQo2McQx7E2A7VQ1t+TVKMXkhckI
iXfn5fmQbI8VItUShNQNwiZt7OuyNvTzXnXzWltdm/8mtvKktHwQY0sBT6dMSNuVekxCqxc5atNj
k53rPQVvVnID16Wq1gV5YtbwFZEAmYBtbV3IjIXqzw2QJ2PnDcnpuMjpHr4sqOn6k2g79vryncS0
BUlEdtx3jAp4KcrxOFVcmIOv2XS9QbsWEttpfSjKpLmrla1njDoHyIWQsA5kokCmZonJZJRac0oC
WL4BbzqSHaQhf6AMN3UocYHQ5I8HsDSRXlc6YoRoLt15q0SqUgms7bSOEiVCNRC0q9PV1MmZTJJO
Xl48+wH5kcyn+lLqEDls+oVHQ24yVUlCTsqof3KRTuuNkc7R1lMR96vFULR9z2wq1nTKuoa7kvNM
1/Ct6jqQNZdtpYK3tgibgCmsFbTjdVW1sjMx1GpiqMalF095x1nLr4doQX0h3eEyaG50bISYbByq
pE03bf5R5aXqCEhOfcd+iqtbsvyGvTxhBz+9e3nyGHKH2QMHrL+B2Egw1FqHcVAN16SaPyr9gDVU
o+xKWPtPP7wa4Ov6bjLynTyMWmMycZDi1amIpK0aWkg6jE46W1kmj8Vcnt0Zt32ejgIZumvT7s2l
bL8oU1O/hVc8kGu1XfWtbgMlcCKdcrN6j6H2LNT6NKZjVAjR7lGfQjGQl6ttjVLStmI/FB8Oq3ba
dw92zBRzn22qnrxHpmKddiZg2cBaiu3kHWUrBOKn7zI4Y/NbGaonmyXhpVCldywUsFhkZPttzW+k
UpCO6p81kGrR8G7QV+TTQVvy4QMZ30dVX73FaQLx9CEsrYfR5A31rRkf1B3IDpvpc4uNu9fhiemX
NmRnbZ6qmEH0cMgUCtf28ZQLKwqiWCFSFTrlwza0yVaTVg6eJKIQslJQ6i1PLfIrHEF1svREBQfp
q6a66dbKj+EIztYK2sTJwfrbToVkiaxB3BhQM0bWKNJenrQTushNk+QVNKZuLW7J1C2nIc2Re3aE
BHgGc9gjoIlSeRTk2NbaytK8L0ztvG54LqtZBBOUekqL6qrui8Fs9APFe7lGhw3XoQNlGURUypMo
4pLnQkqgCwzZ5FaNvIVOdajvKItrNawyBa1ZQGT00Ono9MgyDfr5wt7Q1jHsDtdr5ORZNYnp8AeG
etmzXbmG3BYKFbPebGozryTGcHV3GyoOYcodNVqTdkSdwpSeZ+O8JEG6Ob5aNWKlW4q6/6jaLPT7
r6t9+iR+8DVnJ2d0n9nQQUHlB+S+boSqQDiM/Eae2ErERwLkmDl5K4A4veV8XwMrLZx7TIVA1bxW
JmRCdG1XxrJJvDmm5r2Y9vIOERzqNYdZCPLsDeEw5KWIGJloUHsY5BdLCoZqdohdKnLwnd6gfo02
CbY9cnDkNtK3Di5MA5RSVvPDGfekquiairXLN2ME0dGYgNJ6+cPQVr0vITdOB8qmp940NLjN8QA9
Mz1h4Nyn470OJkqSygImvSQNA+A7zc+ha7TWg8rFNdtKQnsHasKjWEtlGpRnW0B08bVv1CsZ8jZD
K0V5XsDT3mmIt8jJeKvrNKTWnN6B6idKgICjltViEJqag45ST2/BfpaZC5LWQ9nk+4WAyhJsDN7T
V0WSDMqkG+ngqY0yvHqT/ZGH4qj0z7J8bGXFIMtvyCcHrjoJmKKvzpU4qK+MXtZRrFIxdTxxwZ6/
enapBqnUENRZ+7O+an04j25BUSkO3ds0b7pD6XT/rDM99bJl2rRQRkyBDqzVPUXea61TNwSY+klH
3wx+d6jUmu1bGulUAAfhKJGvydqBT8bwigcqoNL6R8+lN5FHyfU7QGRerEfeT0YMmV9OEr9K5f7i
Fr6t1UVuckVlUisLOji3OEeBcqcSObmO6AUqKMFUpFCmoqiU8JEZbUvq2eFM3CLNl2m/upxHV57G
nyLEib6TvB2ht29lypudsWrzPq06uLudUX1Hcxzom2L6TI5h+pzlRSd2AK82Oz+MQIWzg0sO27qe
DtB1/+nz5GrnOAY71/cEbJMu4MkKBTydLqqTXT68Fdl4V3c72kpX3+4OIX3aTEcuzl/tHH/X/lrI
33fob2w71VVXokRE32HBHd8U+k4tXWr4La/VPbvIpJvfv6mL1dvVeLzd7DK5Imwcy3Jt26Eru+cn
ZzuUptV7icn+IIbyXfnA6su23Vmormb89HqHxD0M8Ejtg12yMHjT5Hvinlyjd4ledY/wfL2nbZQ0
yZ9KOPoSNzEmX6nfUOi99LMaXVUMN71pK5WZlR5wFL9QixRKEUkhtB4KSlp2NDG9J8R8R+6SW+50
CJVcL/3yqlfaNcD/OyVeZ+eyETZu+PDhfwBsY88K
===END CRASH DUMP===
