PocketMine-MP Crash Dump Sun Oct 17 13:52:12 WIB 2021

Error: Undefined array key "name"
File: pmsrc/src/plugin/PluginDescription
Line: 102
Type: ErrorException

Code:
[93] 	}
[94] 
[95] 	/**
[96] 	 * @param mixed[] $plugin
[97] 	 * @throws PluginDescriptionParseException
[98] 	 */
[99] 	private function loadMap(array $plugin) : void{
[100] 		$this->map = $plugin;
[101] 
[102] 		$this->name = $plugin["name"];
[103] 		if(preg_match('/^[A-Za-z0-9 _.-]+$/', $this->name) === 0){
[104] 			throw new PluginDescriptionParseException("Invalid Plugin name");
[105] 		}
[106] 		$this->name = str_replace(" ", "_", $this->name);
[107] 		$this->version = (string) $plugin["version"];
[108] 		$this->main = $plugin["main"];
[109] 		if(stripos($this->main, "pocketmine\\") === 0){
[110] 			throw new PluginDescriptionParseException("Invalid Plugin main, cannot start within the PocketMine namespace");
[111] 		}
[112] 

Backtrace:
#0 pmsrc/src/plugin/PluginDescription(102): pocketmine\errorhandler\ErrorToExceptionHandler::handle(integer 2, string[26] Undefined array key "name", string[99] phar://C:/Users/nhang/OneDrive/M..y t..nh/FLOTV/PocketMine-MP.phar/src/plugin/Pl, integer 102)
#1 pmsrc/src/plugin/PluginDescription(92): pocketmine\plugin\PluginDescription->loadMap(array[0])
#2 pmsrc/src/plugin/ScriptPluginLoader(87): pocketmine\plugin\PluginDescription->__construct(array[0])
#3 pmsrc/src/plugin/PluginManager(300): pocketmine\plugin\ScriptPluginLoader->getPluginDescription(string[58] C:\Users\nhang\OneDrive\M..y t..nh\FLOTV\plugins\Notes.php)
#4 pmsrc/src/Server(965): pocketmine\plugin\PluginManager->loadPlugins(string[49] C:\Users\nhang\OneDrive\M..y t..nh\FLOTV\plugins\)
#5 pmsrc/src/PocketMine(293): pocketmine\Server->__construct(object BaseClassLoader#2, object pocketmine\utils\MainLogger#3, string[41] C:\Users\nhang\OneDrive\M..y t..nh\FLOTV\, string[49] C:\Users\nhang\OneDrive\M..y t..nh\FLOTV\plugins\)
#6 pmsrc/src/PocketMine(316): pocketmine\server()
#7 pmsrc(11): require(string[85] phar://C:/Users/nhang/OneDrive/M..y t..nh/FLOTV/PocketMine-MP.phar/src/PocketMin)

PocketMine-MP version: 4.0.0-BETA5 [Protocol 465]
Git commit: b65e89b605aeba5f7958d3cbb6db47e766cd6f9f
uname -a: Windows NT PC 10.0 build 22000 (Windows 10) AMD64
PHP Version: 8.0.10
Zend version: 4.0.10
OS : WINNT, win
Composer libraries: 
- adhocore/json-comment 1.1.2@fc2f76979f0a44a5f5bc2a2b600d0762fe0e78e7
- brick/math 0.9.3@ca57d18f028f84f777b2168cd1911b0dee2343ae
- daverandom/callback-validator unknown@unknown
- fgrosse/phpasn1 v2.3.0@20299033c35f4300eb656e7e8e88cf52d1d6694e
- netresearch/jsonmapper v4.0.0@8bbc021a8edb2e4a7ea2f8ad4fa9ec9dce2fcb8d
- pocketmine/bedrock-protocol 2.0.0+bedrock1.17.30@faff7da904e68f69b1a9128956dac3122e87308a
- pocketmine/binaryutils 0.2.1@8cd078e2426f8100331f2d73bef10f481dad6cde
- pocketmine/callback-validator 1.0.3@64787469766bcaa7e5885242e85c23c25e8c55a2
- pocketmine/classloader dev-master@80226e0917be79ac3230606113e25134a31e6a85
- pocketmine/color 0.2.0@09be6ea6d76f2e33d6813c39d29c22c46c17e1d2
- pocketmine/errorhandler 0.3.0@ec742b209e8056bbe855069c4eff94c9734ea19b
- pocketmine/log 0.3.0@03ab1316da0b1978a7a1c8dd73e1c2a973cb62ec
- pocketmine/log-pthreads 0.2.0@6be3445c48c62eba3922f987f000bb20c81d161f
- pocketmine/math 0.3.0@83ec067b12c066fc61d9fb129daf7e61ef3b1d63
- pocketmine/nbt 0.3.0@98c4a04b55a915e18f83d3b0c9beb24a71abcd31
- pocketmine/pocketmine-mp 4.0.0-BETA5@b65e89b605aeba5f7958d3cbb6db47e766cd6f9f
- pocketmine/raklib 0.14.2@e3a861187470e1facc6625040128f447ebbcbaec
- pocketmine/raklib-ipc 0.1.1@922a6444b0c6c7daaa5aa5a832107e1ec4738aed
- pocketmine/snooze 0.3.0@fe5b1dbf0d6267da882d1f67924772bd93db833d
- pocketmine/spl dev-master@b7a8904f912c1f6d38ad867ff1120614ccb80171
- ramsey/collection 1.2.2@cccc74ee5e328031b15640b51056ee8d3bb66c0a
- ramsey/uuid 4.2.3@fc9bb7fb5388691fd7373cd44dcb4d63bbcf24df
- respect/stringifier 0.2.0@e55af3c8aeaeaa2abb5fa47a58a8e9688cc23b59
- respect/validation 2.2.3@4c21a7ffc9a4915673cb2c2843963919e664e627
- rhumsaa/uuid unknown@unknown
- symfony/polyfill-ctype v1.23.0@46cd95797e9df938fdd2b03693b5fca5e64b01ce
- symfony/polyfill-mbstring v1.23.1@9174a3d80210dca8daa7f31fec659150bbeabfc6
- symfony/polyfill-php80 v1.23.1@1100343ed1a92e3a38f9ae122fc0eb21602547be
- symfony/polyfill-php81 v1.23.0@e66119f3de95efc359483f810c4c3e6436279436
- webmozart/assert 1.10.0@6964c76c7804814a842473e0c8fd15bab0f18e25
- webmozart/path-util 2.3.0@d939f7edc24c9a1bb9c0dee5cb05d8e859490725

Loaded plugins:

----------------------REPORT THE DATA BELOW THIS LINE-----------------------

===BEGIN CRASH DUMP===
eNrtWvtz20aS/lem6K2yvCtQeBEPbillx3IurrMjXSSfU2v6VANgQCICAS4ekugt/+/3dc+ABCUl
+8oPV1fJblnEYKann193D+Zvk7xu1rK7vlVNW9TVZO4fT7pirSZzJ/B8f+bNPHc6C13fw4t+o1/Z
08jxfTu2nXAWuFEQuMeTUrbdm6apm8n8b5Nuu8G0CT+/uU8V1oH28WSt2lYu6dWHKlN5UalMyKaR
W3GjtmIxqeRaLSaYmPdl+V1R0szNSjbzk5PX85MPLZg8qVayWp6cV+qsKW7VyftFb9vK2YqOf2TV
6uS7d+dX/31yUac3qnuPPaz3F1OictI26cmm7JdFdXLBf85UmzYFc4cZG9rYbLqmub82H3NL0Iae
bEjfNTLF70+TZ7b4+2uPsObFXGyYwzWoLBaKVAXJslI1iwUr7qreqe57/WI+1zOOiqpTS9UI91i0
XVNUy09u8Fn8mk53E+P4s/h7Kp1Ooc7p9B9W5bEYGCLBoJlnzj+ihfihEvTMxeLRVOubspbZe7k5
Ysk+2Z95F/fxLpe8RBN4hzWqOYrCf3yb6+u0rqCpPu0Ot/J+SaD3soJHN0eebf/CNo9Zsr5Zqu6x
PoyFZtFn8Xq+WLBtFgs2zmIxWGex2JtnsWD7DFth8g91p1pyZWbaHzF9qRrE+FEczH5VG0YcrXA9
1A6M+fG/zhjzMxvxs/epIzf2HvCkmT00R538rNJOfCtb9Rpg02pVPkMImDdjAn1XlNj1vSSVLyHQ
M28XAb7zT4uxX/vvqiB4WgWeEzxQQavtxYtCvejIcTCpUX/ti0YNRolmv1k874ZfTD5/PZ6o3w7N
/xVQBQd62nVR3dblrVqrqgOVqsaE40laZ4qYiz2MLbqvGIp9/KS/Mx46+eMf6SHgB/FH8XIjG7kW
6+JeZZ8+iz9o6jQl3E3pVk1914pHjF3IplVj2ePIrDmhh5gfNtC27JTI+yqlaeIAtIYNX4i5uK2L
7G9Y6Ng2r1x0f+hWRWt9s5YbcTrM/DPPcLRQ0MjhVNLufu6nQd2f9SrPTC7yo02jltfI8enq6PnJ
/3x6Zf1FWl9sKxbXU+vzn/5w8vxYjEi+EKenp8J+odnzDZlFx5oRlbr7e8o5WkzeVreyLDIzU2jG
XmjGZobiV34KnpQJrn3dqE2JnApqgrLXYnJNf8aManrhIQVTx4CICZAXIw2ZlzslRQ+VX1QHGqWB
3eR4r1GivKnbo9E64nAcvvhvcqBKx/4tVKm3SmVV1R3UJJtO3BXgohLdSol9XLPO2w0UOCjeccaK
d8iZJl9/L1x+L1x+L1x+L1z+HxUux5OlqlQjSyoOCEIAdAfLwFcCU+w73ok/tae29e2bq1czetkX
ZTaZu7aDvq5orzN1O5nnsmwVCpKm7uq0Bm0/mGGnggqSJJipKE4CeyZVImd5GM+izEuTJMgSP1Rh
EKRZkMc5aPeGoY9FlVGd8cOVuHgN7JnagrcVrmvbtjga3jv2C/Hq/VngYy31p/NJBF6RSo4nX1SV
Gd75Ga+v65Zov/3hhysM8MMdFzhpvUa6Us11WSSNbArVknJktoIsjTr5uQWCYI4psJypM3Vf5qmb
h0EcxrktfR9izZLUlS7EtDM7DNxc2SqMVEgaa4r05gQVxgqr7Wk89V6mchZmTpTbbpRHfh6GYeI6
QZRmTuw4iZ0p5Xq+J6mQyyQsgexQr09SWZaJTG8sznmyo/ITOrup6rvqpflL5eSyqdtWnUBk2VaU
127dqTe1X7q2G8e256XeLPeBawqmCVSoIhVFaT5zMycLgtinXSvVNapVsklXLD8Kr42i7W7ZG15G
SZLariMjlSWu8mWopJtHMvNzGas0zlLl5mkSZaT5nfOfJCpr8GTt/WTiErk/mRdQbTj17Je5zPMw
k7HtqyDKgzhxZOy4UTwLMpl6juuqKPTsSD6gXlSy2TJCsKLdqfMSKrVhBtd3gzxCOel5Tu5moZeo
3LFzP3IymcH/1CGlJxXtgFPvZeCHUejD8EGQpBJyz6JoBvIqmqWul7rw9XQ2k+4DggRsJQMbKCFk
rLVsO9W8jGzXDZQdO2GiwhjCuZ4d2IHjeMqdOZ4vPUcFMpo9IFeXzBLJaL+040QFSgZZGOSu8rws
iBzYOM7cOHXd1A9SJ1RO9oClcWHCpMhDVBr6buLasYrsWZAkkGpmB3HqqzyP/TQOPV9JJ04OSZX1
ckfB9mTiAPUyaSdOHEYylE4aZVC5chAgoJAmgavSRxSsDeo+JbN2J1eQKDpiS/0oxYpEerHr5nEU
5sCABEymsJ4TOPkhqV2cETeRp1I7CBPHxZ8gTwMni3M8xZnMQxU4KvcSOL13SKJKuh2FOEp9afsJ
bBo7M4WYjbzMS+wUSk9cOL4jkzTznEMK+5/WenMIoS//CTwcUWzkDdCJ2XJ84I/yZAQ3gS+GtnJy
maZB4M5sH7Ac5T7oIEAT+VDPmopVbFJNCRECpcrA932IFKQIOiln9P/Ic9E8KEelfuhFUj2I5Laq
6y9qp6VczaDHJLezwA1AJIoAJnkQxq4fhm6SxV6WRPDMB0Q25WE0JKGMEPQ5gj3F8gwbZ1EQ5jkK
cgSFnwJSbCckZaNVbdWWIqFU3E1yhLrQTIr/Ql+pmfLcyPacxJkFvp3M0FsFSkHV0HSQ2nJPpO8L
nSsAkwD2OEnCPJl5URTETg7Phc9mvp+liQ9XgV5z18/IPEDIDTY/0Rm7yAu1D0oFh8m9FJrD/6Qr
k2SWSz+UswiYGQcAXMBFMotHZAzYaFlcZsZPgbGQP42lD/cLKHrc1I18Lw682IlVEAAiXcoyzapf
t1IOwjxOC+12ndfVFr5ZbvOiLK3UHFzcQm9kRABFFs/COFRxlsdelGeZm9heEIPPHBlLBXASJ1VP
0VonWgk7cnAsJwR8ZUA4x85SGcG1whzwq9JgBlkQwkomCMmnyCF1RfaIlkPQ7XsqQyIAxEkwF0uF
RJCnyGJInbY78wGhv0TLGYkJnTlOnHuZimcqRy6M/cij5JD6qQcZPegzxr+gdaeSdf0FXeQJ4Fs1
JvtT/gviwE9DBExkI4n4MvLh6Z4CJuWZM0tkYucO0s7sgMgG0GRRfmL7Ei8IjBhAlKUuwFU6SRKn
lPxnaWLPMqRl8BbbIch83R33AB8/oYrjwxqFoKHnyePCjyo9XWpOkW2RuzsuaybPLnZP4nVd5cVS
0PHTollUzy5lJ85RcDuBcMK57c/tUHx8+61A3eDQhBLVZ48u4lShOMbzuu6yU/qsAMMu+jx3A/43
5X95xPP534Bma26sTd10pyhzPJcG71ZFp6yyaDHGJOW9tSnlFnKdOjaNLCHmus6Ufp/XTaqs3Vid
5zQKeTMq1Ybnze3mtK7oV1bkeZH2Zbc95f108YuEbrWq6+Cw7SlLpm5VaVH1eaqr+91Yq1Q2mkIh
c3r25rtXH95d0aiqZFIq66+9arbD7rLvaqtF2WZ4uC3UnZVBRFml6lTLfZ/U9xYmrsycA2Ccbtfk
Is8EtTkiZSv1DSMDG0tAC+LA5DCeuFqhYBODWEI2ig896gqW7lYwrTkWSRS6+rTsM5Xhh3jkJETr
sl5jZU4EHtJsZa7QmuFN0xJJkSBr34ht3TeGlihyAesQHtIOMEwDeCu3RPgHdbcjd5KpXMI0rbir
q+edoBJTNoLUhyReUBG2FXx0U7Ra7ruVqkS/WTYyA4HpoiKv0sTmi0qIZx9XihgTXY1dqkyAhOnw
oANU0W0pOzDFr5nVssY2EBW/VMf6QjoqUiV0ZUQja6Ks/W4IgLnghodetKu+Qy9SWea0dy4Wk903
t3S16B2lQoEBx3F42Bs95B4CacKcvyrL+k5QIIBZYUJd3BZS/Bf5Fs1hJ7PMqxELz96wE5pFAowL
CgYBk0JrRC7ZCqNrmm98dvd6TOojEBMuA8XLLENL2mr7kN5hkRuxVrLtGz5rFrBKoohraA+9qyxJ
r0s0ppVAKuuVODKbAkBeEHW9o7IaRSBgwS7Uwc/xmvf+oV8nMAnc7lW7rdIr2d7AM5obONqUJ6AJ
ztj3B0lp2qqpq7qHeTG9PaYF6BNNmCNgjgV1dxCEjz1JN8BjGlv3FVyMP20y8Uu2P2SCGzb1fQEX
VFADRGLXrnbMkW4NQ29zcmaaQ057LIruOdTXNbwsAzqn2qceLBZHkKFHYLmsFhbDMpLOmdRDZ5bs
HU1fVWTOjKCo3rARuC9up+JM3ZrfYl0sV4j2Rrar43F0Gs8hjTRNv+n0qFYYKWYN3oxcbFxELTe9
mY4YSafyYPtpDshHyOfQeRbwrunI0ajA05N2ngagB4A3Wx21/1HWCbynrfNO6HEEwrroKPjXaimT
LR1+iUutapuVW7REm5dfkdXuCtY8exSi+s7ShAYna1nCvACLgCxwXzGtvFFq2FI7OazVUxyLZQ1D
1YQR5BW00ZLZtJi1ubBJCuzOGK1bl//zEtDx+K/xT3n03+O/7eoNs2DwdceSIdcKwMeGqqlsxxDt
OnDl2K5vGGMQ+MhRYfhrn/8GHHJcMEuEGCLtkZ0qZCeh7lXaM/rWmmUdkZTNdrPVfYp6oN1LpIHr
/OrNXFx9//ZSvHv7/u2VeHVx8e7tm0tx8eZH8fH8x/988+OxwCRxdY5Zb8TH78/fvREXP56/fnN5
OX0IAQf6cGeBUceFaoqaMzYBcUsCpivFkMza2IGtA92jZsgYW3iKBShUGmaZFOo+yAmAhjeRvL/k
bNrJUKJRhqTPdXdmM6asiQB690DeNb0ye5xTDqFCgBdMH88mX9AAkcFsaICoXtCaJXa1XfXanQxw
L7Vp96J6tpG1ffE0S0Zyz0i+lE2CyLD2XSMD0NPa5VAjdswqYVYBu9ey6rk6GXOCyq2HD744HnLC
Qycc3FCn1xyNUKflXe9DcCrONeZrh0d5UfdltuOlQBK5q8Se/1YT3jD7EDSwbSMrdvuOweJRkmTX
0RR2suVNvR6SrV5tZlhj1xxbmKQxlnzkG+IJlzrwjsuhoiSTNdiJ3NA4ctavN7r80jWeMC8sejHY
64wmmQXMO7M5SIAnpHkEu3xCwUjaSHzY4RZO1ra9avkbIay2HMpRAi3abc/V8WBIXSOYqnOquaGp
v6gn6mjSFdrwduD9tdzQaLHu18ixSK+NGLoDMqTQ/Y/mYq9XihejSo6Yxz6GanxjOOINLSqTeyRd
f2exs1q/eujTVBsR6mn6evIQQpqWmTiWjCsHK5WIz51sZ2CFaxWUj6Q9cKcLDE1lI6lpEXqNlnAv
HZYZfWp5hp1p8rCvVmBJfYKh++ukfs0PF1WlOjLY3KQIlGarutQlZkIXArgUZ5Zb+hQqTJJhbNOt
kXmrU0uidsWmTm/PxlYaXhGsNlv6KL08FpYzMiAbjze2uoEZkwIYtfd1LDejVEJmWnJqdrjQp8UY
NGxNxfeoBeFLp1zcidcXH46xFjwkiK+7IoPbc62g0XNH32L6cxEMZfe+Im9ZO6O5U/EqA1CtZJmf
oNfUbUKm4MNmK2zKNz3IwUaBuE97I2IHXc09oRqVmLKcCmLiw0V1MRTb+w6Regli6g5pkxb2m2pj
mecH3c17E3Vt8UXt7Ell+WDGlhKeKZlQtmv3GKVWP3b1ohdTcWHWlLJZ8gJpWlXjC7xj3sgliQCb
QG3tpuSKhfrPNZinYJcN2el1WWCWbqjpQ6BqO/H+6gNz2kIkEjvpO0ENPJtyv51uLqYD1qy73qJV
c+Z23B+qKm22Gx3ruaCTA9RCKFgHMdEg02HJVHCWWkkqAkSxhm46sh2swZdhAVPHzAuMdstMr0gT
QF0GYqRoyXDeapPqUgJzO+OjJInSBwgG6kw3dXbORdLZ28tX36I+4nqqr9iHCLB7QkqCyUwXCQU5
o7n7lI37jb2c+1jPVNIv50PT9o1wqFkzJesKcMXvhenhW2EujNBH6lonbxMRDhHTXGtqr1d13fLJ
xNCrqaEbZxTPZCdFK2+HbEHnQuaEy6J3e2Ajxuj3sS7azKHNz3VR6RMB1tRz8VNS31PkN+LtmTj6
6cPbsxeCby+BB8y/g9nIMAXSPYKDergmM/rR5Qeiod7brkK0//Ttu4G+6e9GI895M74vw+cmZF5T
irBs9XCEZNLo6GQrz3lbvCvyrXXfF9neIMPp2vj05oqPX3So6XvXWgc818RV35pjoBQg0mmYNWss
vWau52cJbaNTiIFHswvlQFktdz1KRcvKh6n4eJh1cHz35ImZVu6rdd0TeuQ61xkwgcoG1VJuJ3Tk
oxCYn35zcsbiHzlVjxaz4JXSrXeiNLFE5RT77UbesVOQj2rq7Fo0fJj0tfi00U58YKCQD1mFLCln
LaGQT5/i0n6aTdmAUibk4O5gdlhMf3fceA9OeJKyTjl82yLTOYPkkbApHK7tk7EWlpREMUNlOnXy
wy618VGTcQ6ZpqpU3Clo9+Zdy+IGW1CfzEhUSoi+bOq7bqVxDFtIsdLURiCH6G87nZKZWYu0MbBm
7VWjRXt71o7kIpgmy2tqQn+/34lpjpyGMofXHBgJ9CzhimdgE63y3pD7Y62dLaePjWnA604W3M0i
maDV0160qTd9OYSNeaB8z3NM2vBc2pDbIJKSd6KMS8iFksA0GHzIrQ/y5qbUoXNHbq71sK4UjGeB
kT1CZ3vQo8i06K7qg6EdMBwOb1aoyfN6lNOBB9aq6zajmSvYba5ZmW7W6820qJljQN12Tc0hQrmj
g9a03bNOacq8F/v3LALDnFwuG7U0R4rm/FEfs9AVwZuH8jF/wJrzs3O62WOZpKDrA4KvO6U7EMkX
HWnHlhnfC8Bj09FXAeTpneb7DbgyxnmkVBhUvzfOhEqILrBwLhvlm9d0eK/GZ3nHSA6blURYKEL2
hngY6lJkjFw16D0swsWKkqF+O+QunTnkwdmguUQ0SrY9anDUNoytA4QZgmxl/X7Y45FVtVxjs3bF
ep9BTDYmojSfvJ4SBlmRYJw25ENPs2g44J7uNzBvxjsMmvv1fG+SibakjoDRWZKhAfKd0edwarQy
gxriml0nYdCBDuHRrGVcBhX5jhBdAekb/UmG0GY4StHIC3oGnYZ8i5pMtqZPQ2kt15tyeKICCDwa
W80Ho+l38FE605uLT1y5oGg95kO+z0SUW7B98h5/KmIxqJJuGODpGGX49MbnI0/lUcZnbh9b7hi4
/YZ9CvBqioAx+3pf5kH/FPSxjnKVzqn7Hefiu3evrvQgtRqKTtb+bC4dHc/ie0hUqWPvPiua7phB
98+m0tMfW8aHFjqIKdFBteZMUfbG60oYK90KfbWxbwbcHTq1ZveVhkEFdPgWd7ZLhCBhDZ944AK6
rH/2HaMJb8XzD4hwXWxGrkcjFteXo8Kv1rW/uge2tabJTW+oTWq5oQO4JQUalK0u5HgeyQtW0ILp
TKFDRUvJ9FEZ7VrqyfFE3aPM57KfrtC9RrUyvpSXpOZ2zm6Evr5VmWwOxur1dVZ3gLuDUXNbYT/Q
N+X4mYBh/JwXZacOCC/XB1cE0eEc8FIgtm7HA3Txbfw8uuSwH0Oc8yy6TUNXrLhDgU7HkzbpoR5+
VPn+1sputGWobw+HUD6txyOXF+8Ott+2fy35pqP5JXavuvpGVcjoByrYynVpbpfQLZovxUbfaYin
dAfqi75itJuNx/v1oZJr4sa1bc9xXLq8cnF2fiBpVl8zJw8HMVQc2gdRX7XtwcTLguL6p/cHIj7g
AI90fHAoFgbvmuKBuUcXyjySl26qguHVA2+jookvDbrmOhMppljq24RmLV0wNV3FcOeJllKbWZsB
V+sLvUipHZEcwvihoqLlwBOzR0YsDuzO2vLGQ+jkesblZa+9a6D/Fyq8zi/4IGy/4OvX/wXUftC6
===END CRASH DUMP===
