PocketMine-MP Crash Dump Sun Oct 17 17:50:55 WIB 2021

Error: pocketmine\world\generator\GeneratorManager::addGenerator(): Argument #3 ($presetValidator) must be of type Closure, bool given, called in C:\Users\nhang\OneDrive\Máy tính\FLOTV\plugins\MyPlot\src\MyPlot\MyPlot.php on line 1275
File: pmsrc/src/world/generator/GeneratorManager
Line: 72
Type: TypeError

A PLUGIN WAS INVOLVED IN THIS CRASH

Code:
[63] 	 * @param \Closure                        $presetValidator Callback to validate generator options for new worlds
[64] 	 * @param bool                            $overwrite Whether to force overwriting any existing registered generator with the same name
[65] 	 *
[66] 	 * @phpstan-param \Closure(string) : ?InvalidGeneratorOptionsException $presetValidator
[67] 	 *
[68] 	 * @phpstan-param class-string<Generator> $class
[69] 	 *
[70] 	 * @throws \InvalidArgumentException
[71] 	 */
[72] 	public function addGenerator(string $class, string $name, \Closure $presetValidator, bool $overwrite = false) : void{
[73] 		Utils::testValidInstance($class, Generator::class);
[74] 
[75] 		if(!$overwrite and isset($this->list[$name = strtolower($name)])){
[76] 			throw new \InvalidArgumentException("Alias \"$name\" is already assigned");
[77] 		}
[78] 
[79] 		$this->list[$name] = new GeneratorManagerEntry($class, $presetValidator);
[80] 	}
[81] 
[82] 	/**

Backtrace:
#0 plugins/MyPlot/src/MyPlot/MyPlot(1275): pocketmine\world\generator\GeneratorManager->addGenerator(string[22] MyPlot\MyPlotGenerator, string[6] myplot, true)
#1 pmsrc/src/plugin/PluginBase(94): MyPlot\MyPlot->onLoad()
#2 pmsrc/src/plugin/PluginManager(259): pocketmine\plugin\PluginBase->__construct(object FolderPluginLoader\FolderPluginLoader#51, object pocketmine\Server#10, object pocketmine\plugin\PluginDescription#22926, string[55] C:/Users/nhang/OneDrive/M..y t..nh/FLOTV/plugins/MyPlot, string[55] C:\Users\nhang\OneDrive\M..y t..nh\FLOTV\plugins\MyPlot, object pocketmine\plugin\DiskResourceProvider#23143)
#3 pmsrc/src/plugin/PluginManager(398): pocketmine\plugin\PluginManager->internalLoadPlugin(string[55] C:\Users\nhang\OneDrive\M..y t..nh\FLOTV\plugins\MyPlot, object FolderPluginLoader\FolderPluginLoader#51, object pocketmine\plugin\PluginDescription#22926)
#4 plugins/DevTools.phar/src/DevTools/DevTools(70): pocketmine\plugin\PluginManager->loadPlugins(string[49] C:\Users\nhang\OneDrive\M..y t..nh\FLOTV\plugins\, array[1])
#5 pmsrc/src/plugin/PluginBase(136): DevTools\DevTools->onEnable()
#6 pmsrc/src/plugin/PluginManager(425): pocketmine\plugin\PluginBase->onEnableStateChange(true)
#7 pmsrc/src/Server(1299): pocketmine\plugin\PluginManager->enablePlugin(object DevTools\DevTools#22904)
#8 pmsrc/src/Server(966): pocketmine\Server->enablePlugins(object pocketmine\plugin\PluginEnableOrder#22894)
#9 pmsrc/src/PocketMine(293): pocketmine\Server->__construct(object BaseClassLoader#2, object pocketmine\utils\MainLogger#3, string[41] C:\Users\nhang\OneDrive\M..y t..nh\FLOTV\, string[49] C:\Users\nhang\OneDrive\M..y t..nh\FLOTV\plugins\)
#10 pmsrc/src/PocketMine(316): pocketmine\server()
#11 pmsrc(11): require(string[85] phar://C:/Users/nhang/OneDrive/M..y t..nh/FLOTV/PocketMine-MP.phar/src/PocketMin)

PocketMine-MP version: 4.0.0-BETA5 [Protocol 465]
Git commit: b65e89b605aeba5f7958d3cbb6db47e766cd6f9f
uname -a: Windows NT PC 10.0 build 22000 (Windows 10) AMD64
PHP Version: 8.0.10
Zend version: 4.0.10
OS : WINNT, win
Composer libraries: 
- adhocore/json-comment 1.1.2@fc2f76979f0a44a5f5bc2a2b600d0762fe0e78e7
- brick/math 0.9.3@ca57d18f028f84f777b2168cd1911b0dee2343ae
- daverandom/callback-validator unknown@unknown
- fgrosse/phpasn1 v2.3.0@20299033c35f4300eb656e7e8e88cf52d1d6694e
- netresearch/jsonmapper v4.0.0@8bbc021a8edb2e4a7ea2f8ad4fa9ec9dce2fcb8d
- pocketmine/bedrock-protocol 2.0.0+bedrock1.17.30@faff7da904e68f69b1a9128956dac3122e87308a
- pocketmine/binaryutils 0.2.1@8cd078e2426f8100331f2d73bef10f481dad6cde
- pocketmine/callback-validator 1.0.3@64787469766bcaa7e5885242e85c23c25e8c55a2
- pocketmine/classloader dev-master@80226e0917be79ac3230606113e25134a31e6a85
- pocketmine/color 0.2.0@09be6ea6d76f2e33d6813c39d29c22c46c17e1d2
- pocketmine/errorhandler 0.3.0@ec742b209e8056bbe855069c4eff94c9734ea19b
- pocketmine/log 0.3.0@03ab1316da0b1978a7a1c8dd73e1c2a973cb62ec
- pocketmine/log-pthreads 0.2.0@6be3445c48c62eba3922f987f000bb20c81d161f
- pocketmine/math 0.3.0@83ec067b12c066fc61d9fb129daf7e61ef3b1d63
- pocketmine/nbt 0.3.0@98c4a04b55a915e18f83d3b0c9beb24a71abcd31
- pocketmine/pocketmine-mp 4.0.0-BETA5@b65e89b605aeba5f7958d3cbb6db47e766cd6f9f
- pocketmine/raklib 0.14.2@e3a861187470e1facc6625040128f447ebbcbaec
- pocketmine/raklib-ipc 0.1.1@922a6444b0c6c7daaa5aa5a832107e1ec4738aed
- pocketmine/snooze 0.3.0@fe5b1dbf0d6267da882d1f67924772bd93db833d
- pocketmine/spl dev-master@b7a8904f912c1f6d38ad867ff1120614ccb80171
- ramsey/collection 1.2.2@cccc74ee5e328031b15640b51056ee8d3bb66c0a
- ramsey/uuid 4.2.3@fc9bb7fb5388691fd7373cd44dcb4d63bbcf24df
- respect/stringifier 0.2.0@e55af3c8aeaeaa2abb5fa47a58a8e9688cc23b59
- respect/validation 2.2.3@4c21a7ffc9a4915673cb2c2843963919e664e627
- rhumsaa/uuid unknown@unknown
- symfony/polyfill-ctype v1.23.0@46cd95797e9df938fdd2b03693b5fca5e64b01ce
- symfony/polyfill-mbstring v1.23.1@9174a3d80210dca8daa7f31fec659150bbeabfc6
- symfony/polyfill-php80 v1.23.1@1100343ed1a92e3a38f9ae122fc0eb21602547be
- symfony/polyfill-php81 v1.23.0@e66119f3de95efc359483f810c4c3e6436279436
- webmozart/assert 1.10.0@6964c76c7804814a842473e0c8fd15bab0f18e25
- webmozart/path-util 2.3.0@d939f7edc24c9a1bb9c0dee5cb05d8e859490725

Loaded plugins:
ChatManager 0.0.1 by  for API(s) 4.0.0-BETA5
CommandDisabler 1.0.0 by  for API(s) 4.0.0
DEVirion 1.2.5-ALPHA12 by poggit, SOFe for API(s) 4.0.0
DevTools 1.15.0+dev by PocketMine Team for API(s) 4.0.0
HideCommands 1.0.10 by Himbeer for API(s) 4.0.0

----------------------REPORT THE DATA BELOW THIS LINE-----------------------

===BEGIN CRASH DUMP===
eNrtW/tz2zae/1dwcmdq74ky3w/tpRfXTraZTWpf7Gw6W2UyIAlKXFOkyodtdaf/+32+AEhRspN2
t525+yHdnZgEge/7CUD/nGRVvebtxztRN3lVTubudNLmazGZW77jun4Qet7MjvDgTCfdRn+aWYEX
hJZpWV5oubY1nRS8aV/UdVVP5v+ctNsNZk1u8EeNTSdr0TR8SaObKrkV7TovxWJxX9VFulgsRSlq
3lb1YvGX/vENLzG/ns95mg6DxydzdlYvu7UoW3bksOOvNrVoRPs3XuQpTThh665pWSxYlTEig50X
VdPVYsriqirYMr8T5ZQlvChEyvKSnc8Xi3cNmF8syhUvl4vFZSkuakxbLN4sOtMU1pa18iEtV4vF
y9eXN39bLDZFt8xLLHqzvSqqdrFo6mT3ov7ONqsNq0pWgFVm2YEHMWRdUbzMCymHFa/np6fn81OJ
/1SiP+2xnz5Gfipxn15J+b0BUOPN1YygnAL5qRTl6SDJ00NBEjVEgEa+pjW/ZR3WEAOTeWDDMmqe
4PHHyZHJtAhOFbMSln5Uf46JZejrX9O38c2evpu2zsvlj7b9ge0Ld5gyZXqO/4Gttxt8mrK27sQJ
CD+y2I5RRe/plfzzLW/EceSCvH2wxjdV+bri6bFcbn9quSb22PaiAw7VtMVih8b45uPHpCpBZZe0
x1X8D5G07GVVpKJWkwifgCgejx151pTpFWMk16KGvx5Z5pNf90m4EE1S53Dcqjyy7cj2B4F53gf2
SeubzWB5s9lgdfvaPoDxGRca4HzKdT7LwkXe3L4VTdXVibiqq7uchGI7lutI/Ti/ph8nCj+rn8Ho
8rIVdckLkrv6dPzHc/j7lP4rapUCcQevvBB3Nwh4zS5A9CPDw3Fg/jbhFINQml4qbvTvS2XKeF3z
7Y/WB0mz91kftRwfRPYkwyL0Eznqi5LHhVCu6v+aKbi29xtctQd63fJWnBNX4niIJsEIh3JBxLgo
+m1CFBKuti2t3sdskS5NV2ILH2OLfP8AmfqwD705/lXrUUxe1tKd7DBSGKMRxl2WObYj5xNYnwhs
JMZzFAONNmb7SVvu2py4fsPJ6JeQz5EzhBTX+pdNa7f2d5ilShjm0zJwrEPJN0olapXOM8eWhVm1
+KnLa9G7SogA8mu5/jDafiLHD8Mnkw+/TCfiS731q/XW7yh3IGGF9mNe3lXFnSApAFheplBv0mJq
UqWCFOA7GF+07E/s+YbXfM0WCy0H9on/DgXJziGimCe3rK3YnRoVbKCTVTLUNwzlOivFPZN8NCDB
dw9QS7l/5r+vKtjtfZ0D/PuVaFeiJpSAm0CJ+hPslvFyy8RD3siXWizxJGoocUfTfd6uGACwhq8F
K/EP0eNpeujZ39G22jQtL40D8WgnOWFz9t+vSsn3oJFLxfKLh0TIp0cyIwzBCFv4CWwJxSNDYfqv
Afw37Cv5gVZGOyiBOUBpV3V134BYTVnvCQNFNN3S00/pxZYvmy4u8oRlXZlIup+oaDXuPnCxr0h6
05HZHPKq/WmkvGcs40UjSHR3VZ7+k/ArM1y07yi+zuetaBSEVyWJIxHHPdqBnvlcjpz8mZaTKdFf
T4PJs+P/GGHkJVy4AVXHX7WrHCm4gE38KEkHNeCkrYrqHkFRDp18ODmRRPka2qKVApXm+2mZHi8m
Z0XOSeyLiQRED8DLeFELnm4ZyM2XpUgXE0V1oOH/Qi+hZiHSg48o/QBSiYJDx39RtvV2kM+jOEeY
QmUahCe0FJ5Qafz0T3+a/PKlPfrSHn1pj760R1/aoy/t0Zf26P+4PZpOVBYtqDyXpel8srcMhMVQ
xm7je+LOzJlpfPvi5ow6h7jLi3Qyt03Lnk7y5mMq7iZzWXGhLairtkoqwHZ9D5hyagti3xNhFPum
x0XMvSyIvDB1kjj209gNROD7SepnUQbYnSboPVoJqjC/v2FX58wCeibRMts2TZMd998t84SdvblA
qQ/cqw1WhqDVMvH6syhTTbt8x+ePVUOwX33//Q0G5Mt9XspuZb2pIOCPRR7XvM5FQ8Lh6Qq81OL0
H01VGpij2xxrZs3s51liZ4EfBVFmctcFW16c2NwGm2ZqBr6dCVMEoQhIYnWe3J6uebvCanMWzZzn
CfeC1Aoz0w6z0M2CIIhtyw+T1IosKzZTIWzHdTj1DSmHJlBhVuvTRLdCxt1Q6c8hs9uyui+f67/U
2y3rCtXoKVjmTUkF2Z09c2bmc9tE2DEdJ3G8zHXQSUI1vghEKMIwyTw7tVLfj1zCWoqWCj1eJyvJ
/5pvNoLQ3UlreB7GcWLaFg9FGtvC5YHgdhby1M14JJIoTYSdJXGYkuQH6z+NRVrjzdjZycQmcP+p
P9D5ycwxn2c8y4KUI6QJP8z8KLZ4ZCHeeH7KE8eybREGjhnyA+h5yeutjBFS0PbMeg6RmlCD7dp+
FlommLcyOw2cWGSWmbmhlfIU9if2IT0paAuUOs99NwgDF4r3/Tjh4NsLQw/gRegltpPYsPXE87h9
AJBCWyFDGyDBZYw1p7bxeWjati/MyApiEURgznZM3/QtyxG2Zzkudyzh89A7AId+otY8ms/NKBa+
4H4a+JktHCf1Qws6jlI7Smw7cf3ECoSVHpAkN0kQT9JCKFBkISIJXDu2zUiEpufHMbjyTD9KXJFl
kZtEgeMKbkXxPqiiWg4QTIfHFsJeys3YioKQB9xKwhQiFxYcBBCS2LdF8giCsUEXhD6mGfjyY+G4
rpe4YYIVMXci286iMMgQA2IQmUB7lm9l+6AGPyNqQkckph/Elo0/fpb4VhpleItSngXCt0TmxDB6
Zx9EGbcDhChMXG66MXQaWZ6Az4ZO6sRmAqHHNgzf4nGSOtY+hN2jsd7sh9Dn/0I8HEGs+S2ikyTL
chF/hMNDmAlsMTCFlfEk8X3bM12E5TBzAQcOGvNDOSsoRr5JFCR4CITKfdd1wZKfwOk49+j/oWNb
JsxGJG7ghFwceHJTVtXPYpBSJjzIMc7M1Ld9AAlDBJPMDyLbDQI7TiMnjUNY5gGQTbHvDXHAQzh9
BmdPsDwF4jT0gyyzLBtO4SYIKaYVkLBrvm7EljyhEHI3QXqoDckk+C9whfCEY4emY8WW57tm7Fmw
aCEgakjaT0y+A9J1ucoVCJMI7FEcB1nsOWHoR1YGy4XNpq6bJrELU4FcM9tNST2IkBsgP1UZO89y
sXNKAYPJnASSw/+4zePYy7gbcC9EzIx8BFyEi9iLRmB0sFG82JIYN0GMBf9JxF2Yn0/eYyd26DqR
70RWJHwfIdKmLFOvunXDec/M47TQbNdZVW5hm8U2y4vCSPT26B3kRkpEoEgjL4gCEaVZ5IRZmtqx
6fgR6MyQsYQPI7ES8RSsdayEMICDYVkBwleKCGeZacJDmFaQIfyKxPfAC1xY8Bgu+RQ4pC65qdDD
sih0u45IkQgQ4jiIi7hAIsgSZDGkTtP2XITQT8GyRmxCZpYVZU4qIk9kyIWRGzqUHBI3ccCjA3lG
+Bew7kW8rn7mdXuK8C1qnf0p//mR7yYBHCY0kURcHrqwdEcgJmWp5cU8NjMLacfbA7JBaDIoP0n9
Ei1wjAiBKE1sBFduxXGUUPL3ktj0UqRl0BaZAcD8Mmy6ytoELUbbb8zu6rjx6HSyK+BMKoIwwrt2
VdUA8CPKQL7JaUdmXNxhVDUE6VDRpWKDQkovaaqsvRgPrFGIA/73SCNnf18sRvhVkU6bxkh6VGJe
Xt+8v3z7+kIJpMlbIpj2hs5RWCELoWUnzHvsHHwZs0TJ2PwcS/82M02HQieu4nhLtSaY2qfitzN2
8eJveS2pHTgahvZZsWeecfb66rszy95jCbFySTX0dHJ9+VJM/igOFdTF4k7SslggAOunEX2aveub
s7c3764eM6cbzzFz/dA+c5aH+o6ahD3Odi0HuxF8/VneqJH+jaw97ow/z8qqbTcNOizIY9XFMxT5
ox5q2PEghr/LU6FNYcz03vChgVr7ForJ61jAkP8oRWp4i8WYit9moCu1dAYmZGih8wCBFHygnL6N
JBJV5zpD7Q4HaWWTNDm6Gt7YeVVm+ZLRydKiXpRH17xll2jgLZ9Zwdx052bA3r/6lqELsWhCgV62
Q6x4JtBs431dtekzOuBCmlh0WWb78t9E/itHHFf+69NsRY2xqer2GZomx6bB+xW4M2hP+5lEseYP
xqbgW/D1zDJpZAk211Uq1Hd5uGMMY1WW0Sj4Tanx6983d5tn8A48pXmW5UlXtNtnEt+wIW00oqXz
oOaZ5EzcicIgC3mmdguGsUaIdDSFEvCzixcvz969vqFRZQXGT52otz122E9lNGgCNQ13ubg30lyd
WzxTfD/E1YNBhqbn7JVZs+2aEs4RI7tgidRSV8s6QypLHp3tqRzKYzcrtH+sZ4vxWsgTraqEplvE
eZbwsqzkCWdeJkWXqmPMR0ZCsK6rtToHfQyz4ZmYsopO2xoCyWL0ALdsW3W1hsXyjEE7VF0RBiiG
zhiLLQH+XtwP4E5TkXGopmH3Vfl1y6hh5TUj8aElyKml2xKFdO6h+L5fiZJ1m2XNUwCYLUqyKgVs
vigZOxodAzZwPgYQescIMkBP3hS8BVHysyS1qIAGrOJJtFJeFFsTwVSfRSNrgqzsrneAuTqwog/N
qmtTlGuGPqaes8VkOP1NVovOEiJgGLAsSw47o5fMgSNNJOVnRVHds0IfUurCgd3lnP0P2RbNkUZm
6E8jEo7UJp9eJM+2yBkYVAqpEbh4y7Ssab622eHzGNR71F8wGQiepylDnav0Q3KHRm7ZWnA61JOn
6NBKLIhqSE/81PGC5CqPyenYtxPsWCNFADkh6AqjMGpBQcCAXmhHcI7PEvf3HSJcTWZ31mzL5IY3
t3Q4fAtDm8kJ7xrojmy/55SmreqqrDqoF9ObqTpN7k924TBTRntFYKSR55eQDUIqja27EiZGUxTw
a6l/OpzbgM6HHCYoIAawJE27HIgj2WqCXmVkzDSHjHbK8vZriK+t5bIU0TlRNnWwmB2Dhw6OZUux
SDYMzelcgjo0Zi6to+7KktSZUiiqNlIJcpetmdEOs35m63y5grfXvFlNx96pLYckUtfdplWjSmAk
mDVo03xJ5cJr5RZaqjyG09ksyH6aArIRsrkKgoZ1zUaGRu2imjRYGgI9Ani9VV77l6KKYT2UNJka
hyOs85acfy2WPN62kDi7VqI2pXBVcSeX35DW7nMpeWlR8Op7QwHqjayRHGZ5TWe/DNSXElZWC9Gj
VEYObXXkx2xZQVF0YiytghAtJZmGJG3OTOIC2GWMVhsh/+85oCrkc/RTHv199DdttVEXKVR8HUjS
4BqG8LGh3iwdCCKsPVWWabuaMBkE3kuv0PQ1X/8BFEq/kCRRxGBJh+xUIjsx8SCSTkbfSpGsPJKy
2TBbPCSoB5odRypwXd68mLOb715ds9ev3ry6YWdXV69fvbhmVy/eMlRyf33xdsowid1cYtYL9v67
y9cv2NXby/MX19ezwxCwJw/b87U4rgTqfJmxKRA3xGCyEjIkS2kMwdaC7FEzpDK2yCkGQqFQYVaC
Qt0HPhGgYU3E76eMTRkZSjTKkCVN08gkZAUEoXcXyKnu1zguKYdQISAXzB7PJlvQNTTUthEJ1QtK
skSu0qtaO/AA8xKbZseqY2pem5OnSdKcO5rzJa9jeIax24OSAehp6UpXI3L0KqZXIXajbO9kdTKm
BJVbBxs8mfY54dAIezNU6TXLAEvxu9654IxdqpivDB7lRdUV6UBLjiRyX7Id/Y0CvJHkg1GfOuBS
Y3spg8WjJClNR0EYeMvqat0nW7VazzDGpjnWMHGjNfnINtgTJrVnHdd9RUkqq4GJzFAbctqtN6r8
UjUe0x8M+tDr64Im6QWSdklmzwHekObh7PwJASNpI/EBw52gO0CdaNT1r0Ys+3KUghZh21E17RWp
agRddc4UNTT1k3KijiZZdeVt09N+zjc0mq+7NXIs0mvN+u6AFMlU/6Oo2MmV/EWLUnrMYxtDNb7R
FEmEBpXJHZKuO2jsolKfDm2aaiOKegq+mty7kIKlJ445k5WDkXD458AbbbrIWgXlI0kP1KkCQ0HZ
cGpamFqjONxxh2VanoqfHjNN7vEqARbUJ2i4nwf1OTtclKVoSWFznSJQmq2qQpWYMW+TlSzFJcmo
mmBCOsnI2KZaI/1VpZZYDMWmSm9HYy31nyis1tuWgE+ZYY0UKJUnERttT4xOATJq7+pY2YxSCZkq
zqnZkYU+LcagJmvGvkMtCFt6Jos7dn71boq1oCGGf93nKcxe1goqeg7wDQl/zvy+7N5V5Ore5mju
jJ2lCFQrXmSn6DVVm5AK2LBGBaSMdjbIwEaOuEt7I2B7Xc0DRTUqMXkxY0TEu6vyqi+2dx0i9RJE
1D3SJi3sNuXG0O8H3c0b7XVN/rMY9Ellea/GhhKeLplQtivzGKVWN7LVopMZu9JrCl4v5QKuW1Vt
CxJjVvMlsQCdQGzNppAVC/Wfa7pIDGfnNenpvMgxSzXUdK1ANC17c/NOUtqAJWI77lpGDbxU5Q6d
ai5mfaxZt51Bq+aS2nF/KMqk3qr7p2CZdg5QC6Fg7dlEg0ybJTMms9SKUxHA8jVk05LuoA35CzuE
qamkBUq7k0SvSBKIujIQI0VzGc4bpVJVSmBuq22UOBFqA0GHOt1NXVzKIuni1fXZt6iPZD3VldKG
KGB3FCkpTKaqSMjJGPV95nTcb+z43Pl6KuJuOe+btm+YRc2aLllXCFfyO9M9fKN2Hciby6ZSyVt7
hEXAFNUK2vmqqhq5M9H3aqLvxmUUT3nLWcPv+mxB+0J6h8ugb7vARoTJjVNVtOlNm39Ueal2BKSk
vmY/xNUDeX7NXl2w4x/evbo4gd7h9qAB8++hNlJMjnQP56Aerk61fFT5AW+odror4e0/fPu6h6/7
u9HI1xIZbY3JwkGqV5cikreq30LSaXS0s5VlEi2+5dnWeOjydKeQfndtvHtzI7dflKupH3MqGci5
2q+6Rm8DJQgirQqzeo2h1szV/DQmNCqF6PCosVAOpPtefY9S0rLiMBVP+1l723dP7pgp4Z6tq46i
R6ZynQ4mEFkvWsrtFB3lVgjUT88yOWPxW5mqR4sl46VQrXcsFLBYZOT7zYbfS6MgG1XQpWnR8H7S
V+wTooF9xEDGD0kFL4nMWkwgnz5Fpfk0mbwGpJTx3txBbL+Y/g7UOAc7PHFRJdJ9mzxVOUNe1IdO
YXBNF4+lsKQkihkiValTvgypTW41aePgSSIKITsFZd4Sa5HfAgX1yTISFRysL+vqvl2pOAYUnK0U
tFGQg/c3rUrJkliDpNGTZuxEo1h7ddGM+KIwTZpX0Ji6DTSwqbec+jJHrtlTEuAZzGZHIBOt8k6R
u22tQZezx8rUweueq18/IJmg1VNWtKk2XdG7jX6hfC/n6LTh2IRQtkHEpcREGZciF0oC3WDITW61
kTfXpQ7tO8rmWg2rSkFbFgjZReh0F/TIMw367cnB0BAY9oc3K9TkWTXK6YgHhjoTGmauoLe5ImW2
Wa83s7ySFCPUbdfUHMKVW9poTZod6ZSm9He2+y5ZkGGOL5e1WOotRb3/qLZZ6Kr87SF/kj7EmsuL
S7onaOikoOoDCl/3QnUgXF7hJ4yNJHzHgBybjU4FkKcHyXcb+lWNUs4joUKh6rs2JlRCdB1O5rJR
vjmnzXsx3subIjlsVhxuISiy10RDX5ciY2SiRu9hUFwsKRmqr33uUpmD7+0N6tO1UbLtUIOjtpGx
tQ9hGqDUsvre43ikVcXXWK1tvt5lEJ2NCSjNJ6unhEFapDBOCOWmp17Ub3DPdgj0lzGGXnKfz/c6
mShNKg8Y7SVpGADfann2u0YrPahCXD10Ejo60CY8mrVUlkF5NgCiC2VdrY5kKNr0Wykq8gKejk59
vuX0SxTdp6G05utN0b9RAQQata7mvdLUN9go7enN2Y+yckHROpWbfB8IqPrp1pC8x0dFkg2qpGsZ
4FfjX4DR/shTeVTGZ9k+NrJjkO039JODVl0EjMlXeCUN6pHRYR3lKpVTdxjn7OXrsxs1qH4Og7bq
z/oK49SLHsBRKabOQ5rX7VQG3T/rSk8dtow3LZQTU6KDaPWeIu+01RVQVrJl6qo0/fpJxd2+U6uH
UxoZVAAH6SiRx2RNLyejP+KBCaiy/uiljCYSlZy/B0TWxXrk42jEkPXlqPBTP7xTv4RrdJOb3FKb
1MiGDsEtztGgbFUhN/xiLqefXBUqUyhXUVxK+KiMhpZ6Mp2IB5T5suyXl15QrYyv+MaJvus3jNDp
W5nyem+sWn9Mqxbhbm9U333aDXR1MX6nwDB+z/KiFXuAl+u9C8focPZoyeFbd+MBukY7fh9dmdqN
wc/1lR1rRpdBZIcCmY4nbZJ9ObwV2e4O3DDayFDf7A+hfFqPR66vXu+h3zY/FfLetH5iw6e2uhUl
MvqeCLZ8Xei7anS/6Od8o658RDO6UfmzurA4zMbrw3pfyBVRY5umY1k2XYW7urjc4zStPkpKDgcx
lO/rB15fNs3exOuc/PqHN3ssHlCAV9o+2GcLg/KHfXuDo+upDvGrrrRcrQ6sjYomeQXZ1pcjSTD5
Ut1N1mvpurruKvoblLSU2sxKD9hKXuhFCmWIZBDaDgUVLXuWmD5SYr6ndyktZzyETq6TcXnZKevq
4f+dCq/LK7kRtlvwyy//C6g2FHM=
===END CRASH DUMP===
