PocketMine-MP Crash Dump Sun Oct 17 14:11:20 WIB 2021

Error: pocketmine\world\generator\GeneratorManager::addGenerator(): Argument #3 ($presetValidator) must be of type Closure, bool given, called in C:\Users\nhang\OneDrive\Máy tính\FLOTV\plugins\MultiWorld\src\czechpmdevs\multiworld\MultiWorld.php on line 68
File: pmsrc/src/world/generator/GeneratorManager
Line: 72
Type: TypeError

A PLUGIN WAS INVOLVED IN THIS CRASH

Code:
[63] 	 * @param \Closure                        $presetValidator Callback to validate generator options for new worlds
[64] 	 * @param bool                            $overwrite Whether to force overwriting any existing registered generator with the same name
[65] 	 *
[66] 	 * @phpstan-param \Closure(string) : ?InvalidGeneratorOptionsException $presetValidator
[67] 	 *
[68] 	 * @phpstan-param class-string<Generator> $class
[69] 	 *
[70] 	 * @throws \InvalidArgumentException
[71] 	 */
[72] 	public function addGenerator(string $class, string $name, \Closure $presetValidator, bool $overwrite = false) : void{
[73] 		Utils::testValidInstance($class, Generator::class);
[74] 
[75] 		if(!$overwrite and isset($this->list[$name = strtolower($name)])){
[76] 			throw new \InvalidArgumentException("Alias \"$name\" is already assigned");
[77] 		}
[78] 
[79] 		$this->list[$name] = new GeneratorManagerEntry($class, $presetValidator);
[80] 	}
[81] 
[82] 	/**

Backtrace:
#0 plugins/MultiWorld/src/czechpmdevs/multiworld/MultiWorld(68): pocketmine\world\generator\GeneratorManager->addGenerator(string[53] czechpmdevs\multiworld\generator\ender\EnderGenerator, string[5] ender, true)
#1 pmsrc/src/plugin/PluginBase(94): czechpmdevs\multiworld\MultiWorld->onLoad()
#2 pmsrc/src/plugin/PluginManager(259): pocketmine\plugin\PluginBase->__construct(object FolderPluginLoader\FolderPluginLoader#51, object pocketmine\Server#10, object pocketmine\plugin\PluginDescription#22918, string[59] C:/Users/nhang/OneDrive/M..y t..nh/FLOTV/plugins/MultiWorld, string[59] C:\Users\nhang\OneDrive\M..y t..nh\FLOTV\plugins\MultiWorld, object pocketmine\plugin\DiskResourceProvider#23012)
#3 pmsrc/src/plugin/PluginManager(398): pocketmine\plugin\PluginManager->internalLoadPlugin(string[59] C:\Users\nhang\OneDrive\M..y t..nh\FLOTV\plugins\MultiWorld, object FolderPluginLoader\FolderPluginLoader#51, object pocketmine\plugin\PluginDescription#22918)
#4 plugins/DevTools.phar/src/DevTools/DevTools(70): pocketmine\plugin\PluginManager->loadPlugins(string[49] C:\Users\nhang\OneDrive\M..y t..nh\FLOTV\plugins\, array[1])
#5 pmsrc/src/plugin/PluginBase(136): DevTools\DevTools->onEnable()
#6 pmsrc/src/plugin/PluginManager(425): pocketmine\plugin\PluginBase->onEnableStateChange(true)
#7 pmsrc/src/Server(1299): pocketmine\plugin\PluginManager->enablePlugin(object DevTools\DevTools#22904)
#8 pmsrc/src/Server(966): pocketmine\Server->enablePlugins(object pocketmine\plugin\PluginEnableOrder#22894)
#9 pmsrc/src/PocketMine(293): pocketmine\Server->__construct(object BaseClassLoader#2, object pocketmine\utils\MainLogger#3, string[41] C:\Users\nhang\OneDrive\M..y t..nh\FLOTV\, string[49] C:\Users\nhang\OneDrive\M..y t..nh\FLOTV\plugins\)
#10 pmsrc/src/PocketMine(316): pocketmine\server()
#11 pmsrc(11): require(string[85] phar://C:/Users/nhang/OneDrive/M..y t..nh/FLOTV/PocketMine-MP.phar/src/PocketMin)

PocketMine-MP version: 4.0.0-BETA5 [Protocol 465]
Git commit: b65e89b605aeba5f7958d3cbb6db47e766cd6f9f
uname -a: Windows NT PC 10.0 build 22000 (Windows 10) AMD64
PHP Version: 8.0.10
Zend version: 4.0.10
OS : WINNT, win
Composer libraries: 
- adhocore/json-comment 1.1.2@fc2f76979f0a44a5f5bc2a2b600d0762fe0e78e7
- brick/math 0.9.3@ca57d18f028f84f777b2168cd1911b0dee2343ae
- daverandom/callback-validator unknown@unknown
- fgrosse/phpasn1 v2.3.0@20299033c35f4300eb656e7e8e88cf52d1d6694e
- netresearch/jsonmapper v4.0.0@8bbc021a8edb2e4a7ea2f8ad4fa9ec9dce2fcb8d
- pocketmine/bedrock-protocol 2.0.0+bedrock1.17.30@faff7da904e68f69b1a9128956dac3122e87308a
- pocketmine/binaryutils 0.2.1@8cd078e2426f8100331f2d73bef10f481dad6cde
- pocketmine/callback-validator 1.0.3@64787469766bcaa7e5885242e85c23c25e8c55a2
- pocketmine/classloader dev-master@80226e0917be79ac3230606113e25134a31e6a85
- pocketmine/color 0.2.0@09be6ea6d76f2e33d6813c39d29c22c46c17e1d2
- pocketmine/errorhandler 0.3.0@ec742b209e8056bbe855069c4eff94c9734ea19b
- pocketmine/log 0.3.0@03ab1316da0b1978a7a1c8dd73e1c2a973cb62ec
- pocketmine/log-pthreads 0.2.0@6be3445c48c62eba3922f987f000bb20c81d161f
- pocketmine/math 0.3.0@83ec067b12c066fc61d9fb129daf7e61ef3b1d63
- pocketmine/nbt 0.3.0@98c4a04b55a915e18f83d3b0c9beb24a71abcd31
- pocketmine/pocketmine-mp 4.0.0-BETA5@b65e89b605aeba5f7958d3cbb6db47e766cd6f9f
- pocketmine/raklib 0.14.2@e3a861187470e1facc6625040128f447ebbcbaec
- pocketmine/raklib-ipc 0.1.1@922a6444b0c6c7daaa5aa5a832107e1ec4738aed
- pocketmine/snooze 0.3.0@fe5b1dbf0d6267da882d1f67924772bd93db833d
- pocketmine/spl dev-master@b7a8904f912c1f6d38ad867ff1120614ccb80171
- ramsey/collection 1.2.2@cccc74ee5e328031b15640b51056ee8d3bb66c0a
- ramsey/uuid 4.2.3@fc9bb7fb5388691fd7373cd44dcb4d63bbcf24df
- respect/stringifier 0.2.0@e55af3c8aeaeaa2abb5fa47a58a8e9688cc23b59
- respect/validation 2.2.3@4c21a7ffc9a4915673cb2c2843963919e664e627
- rhumsaa/uuid unknown@unknown
- symfony/polyfill-ctype v1.23.0@46cd95797e9df938fdd2b03693b5fca5e64b01ce
- symfony/polyfill-mbstring v1.23.1@9174a3d80210dca8daa7f31fec659150bbeabfc6
- symfony/polyfill-php80 v1.23.1@1100343ed1a92e3a38f9ae122fc0eb21602547be
- symfony/polyfill-php81 v1.23.0@e66119f3de95efc359483f810c4c3e6436279436
- webmozart/assert 1.10.0@6964c76c7804814a842473e0c8fd15bab0f18e25
- webmozart/path-util 2.3.0@d939f7edc24c9a1bb9c0dee5cb05d8e859490725

Loaded plugins:
DevTools 1.15.0+dev by PocketMine Team for API(s) 4.0.0

----------------------REPORT THE DATA BELOW THIS LINE-----------------------

===BEGIN CRASH DUMP===
eNrtWwtz2zae/yo4uTO190SZL/GhvfSS2s5uZpPaFzubzlWZDEiCEtd8aPmwrXT63e/3B0CKkp20
vd7N3Nwk7VgiCPzfTwD6eZJWdcHbj3eibrKqnCzc6aTNCjFZWJ7junPXC8yZ7/i+GU4n3Ua9MmfB
PHQtK5y7gR/6nulPJzlv2ou6rurJ4udJu91g2uQGH2psOilE0/AVjW6q+Fa0RVaK5fK+qvNkuVyJ
UtS8rerl8i/91ze8xPx6seBJMgwenyzYi3rVFaJs2ZHDjr/Z1KIR7d95niU04YQVXdOySLAqZUQG
O8urpqvFlEVVlbNVdifKKYt5nouEZSU7WyyX7xpwv1yWa16ulsvLUpzXmLZcvll2pimsLWvll6Rc
L5cvX1/e/H253OTdKiux6E2Xt9l7xUZTx8tl/EnE602RiDu8LeitZnI3c7ZZb1hVshwyYF4A6aRd
nr/McimeNa8Xp6dni1NJ1qmk6rQn6vQxTaeSpNMrKdY3AGm8uZoRlFPQcyqRnw4CPj2UL9FCBGjk
Ba35LeuwhsifLHwbFlPzGF9/mhyZTEvmdMeuhDcSy+lOKqNZx14A5f4+4zC+2zOOpq2zcvXT3PnA
PquFETRRJgIfF/QxAJmyHsoHJidMWVt34gT8HllsJx/F5umV/PieN+I4dEH/b9C+8V1Vvq54cixh
2p+DqVk8tufhgVzUtOVyh9v47uPHuCpBeRe3x1X0DxG37GWVg3w1ifARr4/HjubWlOkVYyTXokZM
OLLMJ9/uk3AumrjOEByq8si2QyvYCTH8wD5rybMZrHg2Gyz4seUcwPmCpw6wvuShX2TlPGtu34qm
6upYXNXVXUbCsR3TsqWenF/TkxMGX9TTYLJZ2Yq65DnJX706/t/h8o8ZwK+oWArFHbz9XNzdIL42
u8DTjwxfjn3ztwkoHwTT9JJx/4BkpozXNd/+ZH2QNM+/6MSW44HInmRYhf5GTntR8igXym29XzMH
157/BrftgV63vBVnxJU4HsKNP8Kh3PHYssPwtwlRSLjavrR6H7NFujRdiS14jC30vANk6sU+9Ob4
V61HMXlZS5eyg1BhDEcYd9nr2A6dz2B9IsiRGM9QezTamO0nbblrM+L6DSejX0E+R84QWlzrd5vW
bu0fMEuVUcynZeBYh5JvlErUKp2Iji0Ls2rxzy6rRe8qARLXr9UQh5H3M7XDMHwy+fDLdCK+lnf/
3fLuD1RXELyi5mNW3lX5nSDhAFhWJtB63GJqXCWC9OI5GF+27E/s+YbXvGDLpRYP+8y/Q/myM0gu
4vEtayt2p0YFG+hklcwADUPXwEpxzyQfDUjw3APUUh1f+PdNBXO+rzOAf78W7VrUhBJwY+hWv4I5
M15umXjIGvlQixW+iRq63dF0n7VrBgCs4YVgJf4QPXNND333drStN03LS+NAPNp3TtiC/furUvI9
aORSsXzxEAv57ZHMCIM/whZ8BltMYcpQmP5tAP8d+0a+oJXhDopvDlDadV3dNyBWU9Y7yEARTbf0
9FN6sOXDpovyLGZpV8aS7idKZY27j2fsG5LedGQ2h7xqNxsp7xlLed4IEt1dlSU/E35lhsv2HYXd
xaIVjYLwqiRxxOK4RzvQs1jIkZM/03IyJfqcazBZevwvI4y8hGc3oOr4m3adITPnsImfJOmgBpy0
VV7dI1bKoZMPJyeSKE9DW7ZSoNJ8Py/T4+XkRZ5xEvtyIgHRF+BlPK8FT7YM5GarUiTLiaLa1/B/
oYdAsxDqwUeUfgCpRMGh41+Ubb0d5PMo/BGmQJkG4QkshSdQGj/9058mv3ztxr52Y1+7sa/d2Ndu
7Gs39rUb+3/ajU0nKnPmVPbLkncx2VsGwiIoY7evP3Fn5sw0vr+4eTGnl12WJ5OFjYA6nWTNR6TI
yUJWcmg36qqt4gqwXW8OTBm1G5E3F0EYeeaci4jPUz+cB4kTR5GXRK4vfM+LEy8NU8DuNEHv0aJQ
5frDDbs6YxbQM4mW2bZpmuy4f2+ZJ+zFm3O0EMC93mBlAFotE4+fkPQ17fIZrz9WDcF+9cMPNxiQ
D/dZKbugYlNBwB/zLKp5nYmGhMOTNXipxek/mqo0MEe3T9bMmtnP09hOfS/0w9Tkrgu25lFscxts
monpe3YqTOEHwieJ1Vl8e1rwdo3V5iycOc9jPvcTK0hNO0gDN/V9P7ItL4gTK7SsyEyEsB3X4dSP
JByaQOVaFaexbrGMu6GDWEBmt2V1Xz7Xn9QzruoKVe4pWOZNSYXenT1zZuZz20TYMR0nduap66Bx
hWo84YtABEGczu3ESjwvdAlrKVoqIHkdryX/Bd9sBKG7k9bwPIii2LQtHogksoXLfcHtNOCJm/JQ
xGESCzuNoyAhyQ/WfxqJpMaTsbOTiU3g/lW/gGj9mWM+T3ma+glHSBNekHphZPHQQryZewmPHcu2
ReA7ZsAPoGclr7cyRkhB2zPrOURqQg22a3tpYJlg3krtxHcikVpm6gZWwhPYn9iH9KSgLVDqPPdc
P/BdKN7zopiD73kQzAFeBPPYdmIbth7P59w+AEihLZehDZDgMkbBqR19Hpi27QkztPxI+CGYQ6Xi
mZ5lOcKeW47LHUt4PJgfgEOfUmsezedmGAlPcC/xvdQWjpN4gQUdh4kdxrYdu15s+cJKDkiSezKI
J0kuFCiyEBH7rh3ZZigCc+5FEbiam14YuyJNQzcOfccV3AqjfVB5tRogmA6PLIS9hJuRFfoB97kV
BwlELiw4CCDEkWeL+BEEY4PuCv1RM/DlRYIOEmM3iLEi4k5o22kY+CliQAQiY2jP8qx0H9TgZ0RN
4IjY9PzIsvHhpbFnJWGKpzDhqS88S6ROBKN39kGUUTtACIPY5aYbQaehNRfw2cBJnMiMIfTIhuFb
PIoTx9qHsPtqFJv9EPr8d8TDEcSa3yI6SbIsF/FHODyAmcAWfVNYKY9jz7PnpouwHKQu4MBBI34o
ZwXFyDaxggQPgVC557ouWPJiOB3nc/o/cGzLhNmI2PWdgIsDT27KqvokBimlYg45RqmZeLYHIEGA
YJJ6fmi7vm9HSegkUQDLPACyyfe9IfJ5AKdP4ewxlidAnASen6aWZcMp3BghxbR8EnbNi0ZsyRNy
IXcppIfakEyMf74rxFw4dmA6VmTNPdeM5hYsWgiIGpL2YpPvgHRdpnIFwiQCexhFfhrNnSDwQiuF
5cJmE9dN4siFqUCuqe0mpB5EyA2Qn6qMnaWZ2DmlgMGkTgzJ4T9u8yiap9z1+TxAzAw9BFyEi2ge
jsDoYKN4sSUxbowYC/7jkLswP4+8x47twHVCzwmtUHgeQqRNWaZed0XDec/M47TQbIu0KrewzXyb
ZnluxHo39g5yIyUiUCTh3A99ESZp6ARpktiR6Xgh6EyRsYQHI7Fi8RSsIlJCGMDBsCwf4StBhLPM
JOYBTMtPEX5F7M3BC1xY8Agu+RQ4pC65WdHDsih0u45IkAgQ4jiIC7lAIkhjZDGkTtOeuwihn4Nl
jdiEzCwrTJ1EhHORIheGbuBQcojd2AGPDuQZ4i9g3YuoqD7xuj1F+Ba1zv6U/7zQc2MfDhOYSCIu
D1xYuiMQk9LEmkc8MlMLaWe+B2SD0GRQfpL6JVrgGCECURLbCK7ciqIwpuQ/jyNzniAtg7bQ9AHm
l2EzV9Ymfd0/KuKGoelkV7qB2jnSK9Vo0wnv2nVVN7S/s6v42I3gBZWFfJPRGxmp6Fm1BjAl6mNQ
hogNKipajHdNlbbn44ECFfmIhl1jQtvRSHt4d33z4u3NuyslkCZrieZ1224aFLgoFNddNEONNSph
h4ZTMU87oQJB4oD+vtAlklVtPUN1gVqllWXc5OhqeGJnVZlmK0Z76st6WR5d85ZdosWwPGb5C9Nd
mD57/+p7hjrJogk5qu0ObdgzgXYAz0XVJs9oxx+GvOzS1Pbk31j+lSOOK/96NFtRY2yqun2Gss6x
afB+Dc4N2s17JlEU/MHY5HwLvp5ZJo2swGZRJUK9l9vaxjBWpSmNgt+EStP+eXO3eVaV9C3J0jSL
u7zdPpP4hm0yoxEt7YQ3zyRn4k7kBlnOM9XPDGONEMloCoWIZ+cXL1+8e31Do8oqjH92ot722GFX
ldGgTNU03GXi3kgytWP7TPH9EFUPBhmgnrOXCGbbglziiFFjx2Kppa6WkVAqSx4a7KkcymM3axSo
rGeL8VrIvfyqhKbbNVQb87Ks5JFPVsZ5l6hznUdGQrCuq0IdDD2G2fBUoBmlc4aGQLIIVcot21Zd
rWGxLGXQDsV/wgDF0OlKviXAP4j7AdxpIlIO1TTsviq/bRmV1LxmJD4ULRkVnVuikHZ8Fd/3a1Gy
brOqeQIAs2VJVqWALZYlY0ejA5AG3sgAQve0kAG6hibnLYiSryWpeQU0YBXfRCvlhdiQxYKpSpBG
CoKs7K53gIXaqqcXzbpr0XuVhj63W7DlZDgOi9fLzhLCZxiwLEsOO6OH1IEjTSTlL/K8ume5Pp7R
oY3dZZz9B9kWzZFGZuhXIxKO1DaEXiR39ckZGFQKqRG4aMu0rGm+ttnh9RjUe2QImAwEz5MELXij
9ENyh0ZuWSE4HWfIY0VoJRJENaSHXp3nJFd5bkgHXp1gxxopAsgJQVcYhVELCgIG9EJ7Fgu8lrh/
6IoIKoHZvWi2ZXzDm1s6FruFoc3kBDT9ibT9nlOatq6rsuqgXkxvpuocrT/TgsNMGXWzYKSRJzeQ
DcItjRVdCROjKQr4tdQ/HUtsQOdDBhMUEANYkqZdDsSRbDVBr1IyZppDRjtlWfstxNfWclmC6Bwr
mzpYzI7BQwfHsqVYJBuG5nQhQR0aM5fWUXdlSepMKBRVG6kEuQ/QzGgPTH9nRbZaw9tr3qynY+/U
lkMSqetu06pRJTASTAHaNF9SufBa2eQnymM4nUqB7KcpIBshm0OnncG6ZiNDo4JWTRosDYEeAbze
Kq/9S15FsB7KokyNwxGKrCXnL8SKR9sWEmfXStSmFG7WEGy5/Ia0dp9JyUuLglffGwpQb2SN5DDN
ajr1YqC+lLDSWogepTJyaKsjP2arCoqiszJpFYRoJck0JGkLZhIXwC5jtGrV/s9zQGXJl+inPPrH
6G/aaqOOkFV8HUjS4BqG8LGh6jEZCCKsPVWWabuaMBkE3kuv0PQ13/4PUCj9QpJEEYPFHbJTiezE
xIOIOxl9K0Wy8kjKZsNs8RCjHmh2HKnAdXlzsWA3f311zV6/evPqhr24unr96uKaXV28Ze8v3/7t
4u2UYRK7ucSsC/b+r5evL9jV28uzi+vr2WEI2JOHPfe0OK5EnVUyY1MgbojBeC1kSJbSGIKtBdmj
ZkhkbJFTDIRCocKsBIW6D3wiQMOaiN/PGZsyMpRolCFLmqaRScgKCELvLpBTaaxxXFIOoUJALpg9
nk22oGtqqA0NH9ULSrJErtKrWjvwAPMSm2bHqmNqXpuTp0nSnDua8xWvI3iGseuSZQB6WrrS1Ygc
vYrpVYjdBS87WZ2MKUHl1sEGT6Z9Tjg0wt4MVXpN0fi1it9i54IzdqlivjJ4lBdVlycDLRmSyH3J
dvQ3CvBGkg9GPdPUvALbSxksHiVJaToKwsBbWldFn2zVaj3DGJvmWMPEjdbkI9tgT5jUnnVc9xUl
qawGJjJDbchJV2xU+aVqPKZfGPSi19c5TdILJO2SzJ4DPCHNw9n5EwJG0kbiA4Y7QbcfOtGoiy+N
WPXlKAUtwrajatorUtUIuuqcKWpo6mflRB1NvO7K26an/YxvaDQrugI5ls7iWd8dkCKZ6n8UFTu5
kr9oUUqPeWxjqMY3miKJ0KAyuUPSdQeNnVfq1aFNU21EUU/BV5N7F1Kw9MQxZ7JyMGIO/xx4Owcp
slZB+UjSA3WqwFBQNpyaFqbWKA533GGZlqfip8dMk3u8SoA59Qka7pdBfckOl2UpWlLYQqcIlGbr
KlclZsTbeC1LcUkyqiaYkE4yMrap1ki/VaklEkOxqdLb0VhL/SsKq/W2JeBTZlgjBUrlScRG2xOj
U4CM2rs6VjajVEIminNqdmShT4sxqMmasb+iFoQtPZPFHTu7ejfFWtAQwb/uswRmL2sFFT0H+IaE
v2BeX3bvKnJ1Y200d8ZeJAhUa56np+g1VZuQCNiwRgWkjPY8yMBGjrhLeyNge13NA0U1KjF5PmNE
xLur8qovtncdIvUSRNQ90iYt7DblxtDPB93NG+11TfZJDPqksrxXY0MJT5dMKNuVeYxSqxvaatHJ
jF3pNTmvV3IB162qtgWJMa35iliATiC2ZpPLioX6z4JuVsLZeU16OsszzFINNR18iqZlb27eSUob
sERsR13LqIGXqtyhU83FrI81RdsZtGohqR33h6KM6626eQeWaecAtRAK1p5NNMi0WTJjMkutORUB
LCsgm5Z0B23InzghTE0lLVDanSR6TZJA1JWBGCmay3DeKJWqUgJzW22jxIlQGwg61Olu6vxSFknn
r65ffI/6SNZTXSltiAJ2R5GSwmSiioSMjFHf5EzG/caOz52vJyLqVou+afuOWdSs6ZJ1jXAl3zPd
wzdq14G8uWwqlby1R1gETFGtoJ2tq6qROxN9ryb6blxG8YS3nDX8rs8WtC+kd7gMercLbESY3FtU
RZvetPlHlZVqR0BK6lv2Y1Q9kOfX7NU5O/7x3avzE+gdbg8aMP8eaiPFZEj3cA7q4epEy0eVH/CG
aqe7Et7+4/eve/i6vxuNfCuR0daYLBykenUpInmr+i0knUZHO1tpKtHiXZZujYcuS3YK6XfXxrs3
N3L7Rbma+jWdkoGcq/2qa/Q2UIwg0qowq9cYas1CzU8iQqNSiA6PGgvlQLqR0vcoJS3LD1PxtJ+1
t3335I6ZEu6LouooeqQq1+lgApH1oqXcTtFRboVA/fRdJmcsfitT9WixZLwUqvWOhAIWiZR8v9nw
e2kUZKMKujQtGt5P+op9QjSwjxjI+CGp4CWWWYsJ5NOnqDSfJpPXgJQw3ps7iO0X0+dAjXOwwxPl
VSzdt8kSlTPkFWXoFAbXdNFYCitKopghEpU65cOQ2uRWkzYOHsciF7JTUOYtsebZLVBQnywjUc7B
+qqu7tu1imNAwdlaQRsFOXh/06qULIk1SBo9acZONIq1V+fNiC8K06R5BY2p+woDm3rLqS9z5Jo9
JQGewWx2BDLRKu8UudvWGnQ5e6xMHbzuubr3jWSCVk9Z0abadHnvNvqB8r2co9OGYxNC2QYRlxIT
ZVyKXCgJdIMhN7nVRt5Clzq07yibazWsKgVtWSBkF6GTXdAjzzTo1v3B0BAY9oc3a9TkaTXK6YgH
hjo2GWauobeFImW2KYrNLKskxQh124KaQ7hySxutcbMjndKUfs927yULMszx1aoWK72lqPcf1TYL
XRK+PeRP0odYc3l+STeZDJ0UVH1A4eteqA6Ey8vLhLGRhO8YkGOz0akA8vQg+W5DvydQynkkVChU
vdfGhEqILuzIXDbKN2e0eS/Ge3lTJIfNmsMtBEX2mmjo61JkjFTU6D0MioslJUP1ts9dKnPwvb1B
ffI2SrYdanDUNjK29iFMA5RaVu97HI+0qvgaq7XNil0G0dmYgNJ8snpKGKRFCuOEUG566kX9Bvds
h0C/GWPoJfflfK+TidKk8oDRXpKGAfCtlme/a7TWgyrE1UMnoaMDbcKjWUtkGZSlAyC68tLV6kiG
ok2/laIiL+Dp6NTnW0538HWfhtKaF5u8f6ICCDRqXS16pal3sFHa01uwn2TlgqJ1Kjf5PhBQ9aOV
IXmPj4okG1RJ1zLAr8e/faH9kafyqIzPsn1sZMcg22+6/wtadREwJl/hlTSor4wO6yhXqZy6w7hg
L1+/uFGD6ocAaKv+rC9ZTefhAzgqxdR5SLK6ncqg+2dd6anDlvGmhXJiSnQQrd5T5J22uhzKirdM
Xeak332ouNt3avVwSiODCuAgHcXymKzp5WT0RzwwAVXWH72U0USikvP3gMi6WI98HI0Ysr4cFX7q
J0fqN0CNbnLjW2qTGtnQIbhFGRqUrSrkht8KZfRjk1xlCuUqiksJH5XR0FJPphPxgDJflv10FH+G
amV8CTGK9W2kYYRO38qE13tjVfExqVqEu71RfTtjN9DV+fiZAsP4Oc3yVuwBXhV7VyLR4ezRksG3
7sYDdNFv/Dy61LEbg5/LWXR7iK6UyQ4FMh1P2sT7cngr0t0tnWG0kaG+2R9C+VSMR66vXu+h3zb/
zOXNTv2NDa/a6laUyOh7ItjyIte3aejW0Kdso25FhDO68/VJXakaZuPxodgXckXU2KbpWJZNl3Wu
zi/3OE2qj5KSw0EMZfv6gdeXTbM38Tojv/7xzR6LBxTgkbYP9tnCoPxJ097g6AKdQ/yqWx9X6wNr
o6JJXpK09fUtEky2Urcn9Vq6UKu7iv6OFy2lNrPSA7aSF3qRXBkiGYS2Q0FFy54lJo+UmO3pXUrL
GQ+hk+tkXF51yrp6+P9JhdflldwI2y345Zf/AhWYYAQ=
===END CRASH DUMP===
