PocketMine-MP Crash Dump Sun Oct 17 13:15:56 WIB 2021

Error: Call to undefined method pocketmine\event\server\DataPacketSendEvent::getPacket()
File: plugins/HideCommands/src/Himbeer/HideCommands/Main
Line: 47
Type: Error

THIS CRASH WAS CAUSED BY A PLUGIN
BAD PLUGIN: HideCommands v1.0.10

Code:
[38] 		foreach ($this->getConfig()->get("commands") as $command) {
[39] 			// We put the command name in the key so we can use array_intersect_key and array_diff_key
[40] 			$this->commandList[strtolower($command)] = null;
[41] 		}
[42] 
[43] 		$this->getServer()->getPluginManager()->registerEvents($this, $this);
[44] 	}
[45] 
[46] 	public function onDataPacketSend(DataPacketSendEvent $event) {
[47] 		$packet = $event->getPacket();
[48] 		foreach($event->getPackets() as $packet) {
[49] 		if ($packet instanceof AvailableCommandsPacket) {
[50] 			//if ($event->getPlayer()->hasPermission("hidecommands.unhide")) return;
[51] 			if ($this->mode === self::MODE_WHITELIST) {
[52] 				$packet->commandData = array_intersect_key($packet->commandData, $this->commandList);
[53] 			} else {
[54] 				$packet->commandData = array_diff_key($packet->commandData, $this->commandList);
[55] 			}
[56] 		}}
[57] 	}

Backtrace:
#0 pmsrc/src/event/RegisteredListener(75): Himbeer\HideCommands\Main->onDataPacketSend(object pocketmine\event\server\DataPacketSendEvent#24668)
#1 pmsrc/src/event/Event(62): pocketmine\event\RegisteredListener->callEvent(object pocketmine\event\server\DataPacketSendEvent#24668)
#2 pmsrc/src/network/mcpe/NetworkSession(406): pocketmine\event\Event->call()
#3 pmsrc/src/network/mcpe/NetworkSession(661): pocketmine\network\mcpe\NetworkSession->sendDataPacket(object pocketmine\network\mcpe\protocol\ServerToClientHandshakePacket#24742, true)
#4 pmsrc/src/network/mcpe/encryption/PrepareEncryptionTask(95): pocketmine\network\mcpe\NetworkSession->pocketmine\network\mcpe\{closure}(string[32] .G.>..P..y.v.U.lb........F..}..., string[425] eyJ4NXUiOiJNSFl3RUFZSEtvWkl6ajBDQVFZRks0RUVBQ0lEWWdBRU9VeElqXC9GcHdGQzV5ZVY1YkEy)
#5 pmsrc/src/scheduler/AsyncPool(275): pocketmine\network\mcpe\encryption\PrepareEncryptionTask->onCompletion()
#6 pmsrc/src/scheduler/AsyncPool(147): pocketmine\scheduler\AsyncPool->collectTasksFromWorker(integer 0)
#7 pmsrc/vendor/pocketmine/snooze/src/SleeperHandler(123): pocketmine\scheduler\AsyncPool->pocketmine\scheduler\{closure}()
#8 pmsrc/vendor/pocketmine/snooze/src/SleeperHandler(82): pocketmine\snooze\SleeperHandler->processNotifications()
#9 pmsrc/src/Server(1546): pocketmine\snooze\SleeperHandler->sleepUntil(double 1634451356.1164)
#10 pmsrc/src/Server(1107): pocketmine\Server->tickProcessor()
#11 pmsrc/src/PocketMine(293): pocketmine\Server->__construct(object BaseClassLoader#2, object pocketmine\utils\MainLogger#3, string[41] C:\Users\nhang\OneDrive\M..y t..nh\FLOTV\, string[49] C:\Users\nhang\OneDrive\M..y t..nh\FLOTV\plugins\)
#12 pmsrc/src/PocketMine(316): pocketmine\server()
#13 pmsrc(11): require(string[85] phar://C:/Users/nhang/OneDrive/M..y t..nh/FLOTV/PocketMine-MP.phar/src/PocketMin)

PocketMine-MP version: 4.0.0-BETA5 [Protocol 465]
Git commit: b65e89b605aeba5f7958d3cbb6db47e766cd6f9f
uname -a: Windows NT PC 10.0 build 22000 (Windows 10) AMD64
PHP Version: 8.0.10
Zend version: 4.0.10
OS : WINNT, win
Composer libraries: 
- adhocore/json-comment 1.1.2@fc2f76979f0a44a5f5bc2a2b600d0762fe0e78e7
- brick/math 0.9.3@ca57d18f028f84f777b2168cd1911b0dee2343ae
- daverandom/callback-validator unknown@unknown
- fgrosse/phpasn1 v2.3.0@20299033c35f4300eb656e7e8e88cf52d1d6694e
- netresearch/jsonmapper v4.0.0@8bbc021a8edb2e4a7ea2f8ad4fa9ec9dce2fcb8d
- pocketmine/bedrock-protocol 2.0.0+bedrock1.17.30@faff7da904e68f69b1a9128956dac3122e87308a
- pocketmine/binaryutils 0.2.1@8cd078e2426f8100331f2d73bef10f481dad6cde
- pocketmine/callback-validator 1.0.3@64787469766bcaa7e5885242e85c23c25e8c55a2
- pocketmine/classloader dev-master@80226e0917be79ac3230606113e25134a31e6a85
- pocketmine/color 0.2.0@09be6ea6d76f2e33d6813c39d29c22c46c17e1d2
- pocketmine/errorhandler 0.3.0@ec742b209e8056bbe855069c4eff94c9734ea19b
- pocketmine/log 0.3.0@03ab1316da0b1978a7a1c8dd73e1c2a973cb62ec
- pocketmine/log-pthreads 0.2.0@6be3445c48c62eba3922f987f000bb20c81d161f
- pocketmine/math 0.3.0@83ec067b12c066fc61d9fb129daf7e61ef3b1d63
- pocketmine/nbt 0.3.0@98c4a04b55a915e18f83d3b0c9beb24a71abcd31
- pocketmine/pocketmine-mp 4.0.0-BETA5@b65e89b605aeba5f7958d3cbb6db47e766cd6f9f
- pocketmine/raklib 0.14.2@e3a861187470e1facc6625040128f447ebbcbaec
- pocketmine/raklib-ipc 0.1.1@922a6444b0c6c7daaa5aa5a832107e1ec4738aed
- pocketmine/snooze 0.3.0@fe5b1dbf0d6267da882d1f67924772bd93db833d
- pocketmine/spl dev-master@b7a8904f912c1f6d38ad867ff1120614ccb80171
- ramsey/collection 1.2.2@cccc74ee5e328031b15640b51056ee8d3bb66c0a
- ramsey/uuid 4.2.3@fc9bb7fb5388691fd7373cd44dcb4d63bbcf24df
- respect/stringifier 0.2.0@e55af3c8aeaeaa2abb5fa47a58a8e9688cc23b59
- respect/validation 2.2.3@4c21a7ffc9a4915673cb2c2843963919e664e627
- rhumsaa/uuid unknown@unknown
- symfony/polyfill-ctype v1.23.0@46cd95797e9df938fdd2b03693b5fca5e64b01ce
- symfony/polyfill-mbstring v1.23.1@9174a3d80210dca8daa7f31fec659150bbeabfc6
- symfony/polyfill-php80 v1.23.1@1100343ed1a92e3a38f9ae122fc0eb21602547be
- symfony/polyfill-php81 v1.23.0@e66119f3de95efc359483f810c4c3e6436279436
- webmozart/assert 1.10.0@6964c76c7804814a842473e0c8fd15bab0f18e25
- webmozart/path-util 2.3.0@d939f7edc24c9a1bb9c0dee5cb05d8e859490725

Loaded plugins:
CommandDisabler 1.0.0 by  for API(s) 4.0.0
DEVirion 1.2.5-ALPHA12 by poggit, SOFe for API(s) 4.0.0
DevTools 1.15.0+dev by PocketMine Team for API(s) 4.0.0
FLOTVCore 0.0.1 by  for API(s) 4.0.0-BETA5
HideCommands 1.0.10 by Himbeer for API(s) 4.0.0
PureChat 1.4.11 by 64FF00 for API(s) 4.0.0
PurePerms 1.5.0-legacy by 64FF00 & ProjectInfinity for API(s) 4.0.0
SimpleNPC 3.0.0-snapshot by brokiem for API(s) 4.0.0
Sound 0.0.1 by  for API(s) 4.0.0-BETA5

----------------------REPORT THE DATA BELOW THIS LINE-----------------------

===BEGIN CRASH DUMP===
eNrtW3lz2zba/yoYZeetM68k8xIP7bgTx0eTfZPYjZ1jW3UyIAlKrClS5WFH7eS7v78HAA/Jbtru
Zmb3j+wRiyDw4LkvgL+NkqJc8/rDrSirtMhHc2c8qtO1GM1N13acmWnP3Klp2bbjj0fNRr/yp57t
Ga7vB+bMmlneeJTxqj4ry6IczX8b1dsNZo3U83i0FlXFlzRywrOM1QVr8lgkaS5ithb1qojZpohu
RL3G0GIhbkVeLxaVKIHUYnHKa37J6fWVyOMzejmfL0Wtxg4eY4OkybLzNJM7zBeLN1haLRb5iufL
xeIiF6dlegvALxeNYQhzy2r5I85Xi8X5i4vrt4vFJmuWaY5Fz9JYnBTrNc9jPFVlREPrUBAmu+9e
8jSfblYb2l/trYEcDucdAsShhrD7gtZjbQaawXWwsC55hJ8/jh4ZbLOmdfR/yY3D12KZVrUoRfyC
/uaiPPBmj+fsM7hNvi3yXd4dFOHPIqr/IrMfWY7r+sTmR+Y9vOSMA9cCKg9AvY/15NsIKqBW/bvY
WANsclHfFeXN4TraiMNX6uEKageVPnAM92H0JECFkVSjR/afhOi65h5EPXuxoOmLxe78ybcV0O+J
eYjyPQCbsqiLqMgWiyvJi+viJEuB7TOS74rfCAUJ3PAca8zqshGSAuf3KBB5VG5hvkV+eFmKDS/F
WTdyzaubg2D210j6zNTfoqyomlJ8OqjqMs2XP9rWT2z63fTb6fRyOt1Ob6dvplk41f85n04/4c+Y
6cmONfuJie0/nFfv36QX6T9eXZ1n9us35z9cndW3724yl//89PT7t+c/vL6pjNdv3j793sjO3r2L
n75+E7wVZ9kv70+C76Jn8Xff//p29sPbf5r/vDnbSubMBsypopWImwxGeVxt8+iyKLIDy/sDHvRM
XCwe5CLZHKxwkwkaUUrl/sGupuPt7drNWiy6aVDTIsugNbRNdV4W63dADG4gzWuxFCUz5Gae3gya
HRflYQ/1sMqL4lchsbjKhNiIknQJmxzAu/8pBH5nRi9tiYH/L2Dg7/sPNRXKvzMPKJRFBAV8VdRp
kkacmFypbYMBl5XJHJgzx/2TcCt6fpPXaXYQF02YCTaMfqbrKPdnPLCJaeyLT72ZfFun0c2lQrgo
FZbm0INeyjUvsebACuzfAfLhQwQaYd9R5zae8kqcIN5WLwoei/IR7P8Bh9KAGB0JXhRLaMgjuzcx
8yf22UAJK2X1dDoIkP3a4C+v7YKr4oH1MA9s8560FIvVKu2bwXDMKsUvTVqK1r/48BibFS/nh4cn
80OJ2aFE7LDF67BH61BiNdh58vJySqt3EXo8+unTeCT+YynNF0gpgL9a/yHNb4vsVqyxEYDGYF1U
j9q3GBlCwXhUxIKItn28W9SLGkmi4NGKHfytXqXV5FvgelLkSbo8eCwfDhZYo5OP0WPGK/Y3/fyY
/QaAdqABLerDQ/ZOsE1Ts3olmJ7Fcr4WLM3l2I3Ysqpgd3jLc9ZUgvGy5NsP5OnKCph/oBm0So3H
aZLQEPZxjG4fjanegPKPH6EtdZEVd9CpDr2f2BHLkT7+nVabevUnerDwQH9tPdiTrk1fkX4pefiS
51AHOVbqpEeKtVIcGzP557HcxZEA5R4zvYcrhzbwPGnEkiaPyLOxe/nbA3rD/iZ1S7HZ8VpcN3IW
aFOvFaZauyQSe5I9uDcPflXKUUHS8FsxpglUQe8B9ax5HokiYce3PM043GerS5eDxTNjoAMSwGDL
jG8V91a8uhTlOlWJ1mK0gma2qjVtcnqEhj2GB6ibMidSZmYHV0JVYlpDhdnR0RGrRJbM5y8vTs8+
vHv2/PrsxfOra42Q1S3sONYpDLEa7HtA8w4emqoFvKNvktEzu9vkExMZlFlu7fzZrVvl/ou7zvpd
6dFtFVs+eVoBP32tOb7WHF9rjq81x9ea42vN8bXm+K+oOcajJcUsnlH+TVkxYvXOMiAWQhh9w3bk
TI2pMXl6dn08o5dNmsWjuWWY1niUVh9icTuaJxyZB/J97eFRHLgz7JRSNRC6M+EHoWvMuAj5LPGC
mR/bURi6ceh4wnPdKHaTIAHsRiP0LoWd3VXs1TW7PGEmtmdyW2ZZhmGwg/a9aTxmxy9PXYdqjdUG
K33gahp4/BWmqnGXz3j9oagI9vNXr64xIB/uZD2D7GZTgMEfsjQseZmKipjD4xVoKcXhzxViA2VA
qroxp+bUepJEVuK5gRckBncckDULI4tbINOIDc+1EmEIzxcecayE0Ryueb3CamMaTO0nEZ95sekn
huUnvpN4nhdaputHsRmYZmjEQli2Y3OB1TGHJGDTxfqQgnqIGDm55Vka85oqR/DsJi/u8if6L5V2
y7KoKnEIknmVU/Z6a03tqfHEMqwgMGw7smeJYxuGgGhc4Qlf+H6UzKzYjF03cGhXBIlSVIKX0UrS
v+Yb+BYCJbXhiR+GkWGZ3BdxaAmHe4Jbic9jJ+GBiII4ElYShX5MnO+9ZShi+I6bSa8nI4vA/a9+
AdZ6U9t4kvAk8WIeGI5w/cQNQpMHpuUHMzfmkW1alvA92/D5HvQ05+VW+gjJaGtqPgFLDYjBciw3
8U0DxJuJFXt2KBLTSBzfjHkM/RO7kB5ktAlM7Seu4/meA8G7bhhx0D3z/RnAC38WWXZkQdej2Yxb
ewDJtWXStVF9LG4na05J5BPfsCxXGIHphcILQJxlG67hmqYtLHhqh9umcLk/2wOHKrPUNBpPjCAU
ruBu7LmJJWw7dn0TMg5iK4gsK3LcyPSEGe+hJDsPKxUsJCjSEBEh9QotIxC+MXPDEFTNDDeIHJEk
gRMFnu0IbgbhLqisWHYQDJuHJtxezI3QDDyfe9yM/BgsFyYMBBCi0LVEdA/CZFOvUCrGVUeXGwqK
V5HjR1gRcjuwrCTwvQQ+IASSEaRnumayC6qzM8LGt0VkuF5oWvjjJpFrxkGCpyDmiSdcUyR2CKW3
d0HkYd1BCPzI4YYTQqaBOROwWd+O7dCIwPTQguKbPIxi29yF0P+crDe7LvTJX/CHA4glv4F3kmiZ
DvyPsLkPNYEueoYwEx5FrmvNDAdu2U8cwIGBhnyfzwrKJN1EChIsBEzlruM4IMmNYHScz+h/vm0h
CxCmiBzP9rnYs2SVdHRcSsQMfAwTI3YtF0B8H84kcb0AubxnhXFgx6EPzdwDssl2rSH0uA+jT2Ds
EZbH2Dj2XS9JTNOCUTgRXIphesTskq8rsT3UCaQKVPDL4EyE/3iOEDNhW75hm6E5cx0jnJnQaCHA
anDajQzeA2maVMUKuEk49iAMvSSc2b7vBmYCzYXOxo4TR6EDVQFfE8uJSTzwkBtsfqgiNrI30Rul
gMIkdgTO4b/c4mE4S7jj8ZkPnxm4cLhwF+EsGIDRzkbRYklknAg+FvRHAXegfi5ZjxVZvmMHrh2Y
gXBduEiLoky5atYV5y0x98NCtV0nRb6FbmbbJM2ySaR7jrfgGwkRjiIOZl7giSBOAttP4tgKDdsN
gGeCiCVcKIkZiYdgrUPFhA4cFMv04L5ieDjTiCPuQ7W8BO5XRO4MtMCEBQ9hkg+BQ+jyjQEsk1y3
Y4sYgQAujgO5gAsEgiRCFEPoNKyZAxf6e7DMAZngmWkGiR2LYCYSxMLA8W0KDpET2aDRBj8D/AtY
dyJcF7/ysj6E+xaljv4U/9zAdSIPBuMbCCIO9x1oui3gk5LYnIU8NBITYWe2A2QD1zSh+CTlS7jA
MAI4ojiy4Fy5GYZBRMF/FoXGLEZYBm6B4QHMp67XKnMT3RU5TSvqhpWDXG7/zXjUJ3IUwSgX4k29
KkoA+hHpIN+k1J+RHorSQ5HTQqgQ1d9IP1BTUNNWzq2KpD4dDqy5bO9WDZKDsAjDLeVni8UeEipj
p8YxIiDlmxdX1+8uXr84Vdyp0powp3bR6dnbtJTIdgR1Q7uUWNPZ5PjF5bNj09qhCP5lSXnneHR1
cS5GX4hABXSxuJWoLBbwWfrXAD1N3dX18evrN5f3aRO316g5qyFt7dAubeYMKRHl1TuE9Vk6uxZ8
/aVIa3EAKT02nyFlVdebCkUJ+LFqwiny4kHZcdjBAMGyJjlBBj2guB8bkmxQlv45xdTVx79I4iuk
Occ/6NKNNv/zCrlzcNGTsXeesWti5q6NjXQ/80sJ7DPt0T+iaKWWTkEDaLtsSnGy4vWwEmyHdmly
puaueEauc35uGH+JJAmceu/V6B51o3Mug3h1WRbY6D3Mq2iqy7NJOz7q6f+g9l4sWmT7X39I/wO6
S0jpQ7AOjGaOQnaXO2pslz0w10kmljzaPsQk9j8MVFEv43mepHlab7+UJuxwQiI2+PkFeKHggBlX
KbX/Xl2eDJjRjw2ZYUtrrXK+qVZFvcuOsCxuUvHFHJcGRw2wTbRYDPH5q4RrUIc9DCK6aKiF0BMs
n/8Dbktu/GddFuUJHHmtoBOl3bDR9oSk+ck21BSFOCJ3LTseo0eX3RNTp6+MTokX5SJ/dMVrdhHV
zHSZ6c0NZ2547N3zp8xCdkcTMp4vG74URyJf0vO6qOMjugWHnG/RJInlyn8j+a8csR35r0uzFTaT
TVHWR2Zg2hYN3q1A0yRLK4xJkPzjZCPP8aoj06CRJcikczj1PinKSEy6sSJJaBT0xtTFaZ83t5sj
xG38opOvNGqyensk91N9MdT6k0rUNXLZ6khSJm5FNiEdOFKtv26sEiIeTKFs+uj07Pz4zYtrGlUi
n/zSiHLb7g5NKSYVvxUah9tU3E3iVB1wHim6P4bFxwmplJ6zUzNNt2vKHh8x0gYWSSk1pSwapLAY
uMB2RA7hseuVqARryWK8FPIgvMgh6RoOjw7C86JmIZ2RR1kTi5gOy+8pCcG6KtZYmRCAfZgVT8SY
FXhTVvJsPURBf8O2RVNqWCxNGKRDpRLtAMHQTYFsS4BfibsO3GEsEg7RVOyuyL+pGXWfeMmIfajv
U+rPbNVxflopuu9WImfNZlnyGACmi5y0SgGbL3LGHr1bCUKMrlLQyRWjaxWqZgEPSp5XGa+BlHwt
Uc0KbANS8UuoywSU9UWCqaYJjawJstK71gDmTPZC6UW1auoYtddEX+aYs8WouyIarRaNKYTHMGCa
phy2Bw+JDUMaScyPs6y4Y2QIQJbpKoDdppx9T7pFc6SSTfSrAQqPzqQS6kXyTgMZA4NIwTUCF26Z
5jXN1zrbvR6CeodiCioDxvM4ZihalXyI73QqwNaC05EJdUkZpBIKwhrcE780XN5gWaa3mIsqtxHs
QG8KB/KYoKsdxaQU5AQmkAu19+d4Lfd+1SBxKUnt5NkNnRexO3lWVE3lhDcVZEe631JK01ZlkSON
YDUdL41pQRYzbeYwmDHdDtmU6vBP8gaOVN4YaXJ9EKOAX0n5gyaoYVl8TKGCAmwASVK18w454q1G
6HlCykxzSGnHLK2/oXs8pVwWwztHSqf2FrMD0EBXUizJFknGRFM6l6D2lZlL7SibPCdxxuSKio0U
gmyZV1OGnFz/Zut0uYK1l7xajYfWqTWHOFKWzaZWo4phxJg1cNN0SeGWQvXDY2Ux/LZIY6D9MAak
I6RzBRgN7ZoOFI16P2pSp2lw9HDg5VZZ7XdZEUJ7KEQyNQ5DWKd0KwTPSx5ua3CcXSlWG5K5quqU
y69Janep5LzUKFj13UQBapWskhQmKVCEy5LH6AQmKYVot1RKDmk1ZMdsWUBQBfkI0graaCnRnEjU
5swgKrC79NGqq/lfTwHlHJ/Dn+Lov4d/VRcbiYL2rx1KGlzF4D421GiJO4Ro1xYr07AcjZh0Auqs
WONXffMFMJR2IVEij8GiBtEpR3Ri4qOIGul9C4WyskiKZt1s8TFCPlD1FCnHdXF9NmfXz55fsRfP
Xz6/ZseXly+en12xy7PXDPnb/529HjNMYtcXmHXG3j27eHHGLl9fnJxdXU33XcAOP6yZq9mBPD0t
ZMQmR1wRgdFKSJcsudE5WxO8R84QS98ip0zgCoVysxIU8j7QCQcNbSJ6f0/ZlJIhRaMImdM0vZmE
rIDA9faOnPJevccFxRBKBOSC6f3ZpAs6YYbYNiKifEFxltBVclVrOxqgXmJT9aTahqa1evwwSppy
W1O+5GUIy5j0DWXpgB7mrjQ1QkevYnoVfDeq8UZmJ0NMkLk10MHH4zYm7Cthq4YqvCYJYCl6170J
TtmF8vlK4ZFeFE0Wd7ikCCJ3OevxrxTgjUQfhLrUmsv1bufSWdwLklJ1FISOtqQs1m2wVav1jMlQ
NYcSJmq0JO/pBntApXa046rNKElkJXYiNdSKHDfrjUq/VI7H9IsJvWjldUqT9AKJu0SzpYDuHN4J
GDt/gMEI2gh82OEWSlZVjSDHUK8gtWWbjpLTot16rMatIFWOoLPOqcKGpv4un6iiiVZNflO1uJ/w
DY2m62aNGIvwWrK2OiBBMlX/KCx6vpK9aFZKi7mvY8jGNxojueGE0uQGQdfpJHZaqFf7Oq0uirbw
1eTWhBQsPXFImcwcJhGHfXa0UTdY5ipIH4l7wE4lGAqKvu2p1igKe+qwTPNT0dPuTJPbfRUDM6oT
NNzPg/qcHi5yfUtqrkMEUrNVkakUM+R1tJKpuLrIOibfoIOM9G2qNNJvVWgJRZdsqvD2aCil9hW5
1XJbE/Axm5gDAUrhyY0ndYuMDgHSa/d5rCxGKYWMFeVU7MhEnxZjUKM1Zc+QC0KXjmRyx04u34yx
FjiEsK+7NIbay1xBec8O/kTCnzO3Tbv7jLyS3BnMnbLjGI5qxbPkELWmKhNiAR3WW2FTRv0MUrCB
IfZhbwBsp6r5SF6NUkyeTRkh8eYyv2yT7b5CpFqCkLpD2KSFzSbfTPTzXnXzUltdlf4qOnlSWt6K
saKAp1MmpO1KPQah1QkstejxlOkbzizj5VIu4LpU1bogd0xKviQSIBOwrdpkMmOh+nMN5MnYeUly
UpckVUFNd4REVbOX128kphVIIrLDpmZUwEtR9tup4mLa+pp13Uxo1VxiO6wP+0uARDJ1DpALIWFt
yUSBTM2SKZNRasUpCWDpGrypSXaQhvzME25qLHGB0OTtdEyNpNeVjhghmkt3XimRqlQCc2uto0SJ
UA0E7ep0NXV6IZOk0+dXx0+RH8l8qsmlDpHDpm8jSnKTsUoSUlJG/U1CPKw3ejp7W49F2CznbdH2
LTOpWNMp6wruSr5nuoav2o8I6AZboYK3tgiTgCmsFbSTVVFUsjPR1mqircalF4/pHnbFb9toQX0h
3eGa0LvesRFisnGokjbdtPm5SHPVEZCc+oa9D4uPZPkle37KDt6/eX76GHKH2QMHzL+D2Egw1FqH
cVANV8aaPyr9gDUUvexyWPv7py9a+Lq+G4x8Izej1phMHKR4dSoiaSvaFpIOo4POVpLIbfEuTbaT
j00a9wJpu2vD7s21bL8oU1NfFCseyLnarppKt4EiOJFauVm9ZqLWzNX8OKRtVAjR7lHvQjGQ58uu
RslpWbYfisftrJ323YMdM8Xc43XRkPdIVKzTzgQsa1lLsZ28o2yFQPz0WwZnLH4tQ/VgsSQ8F6r0
DoUCFgr60gJuhN9JpSAdVdClatHwbtBX5NNGHfnwgYzvo6qvp2I3+YXOA1gaD6PJS+pbM96qO5Bt
F9PfDht7r8MTZkUkzbdKYxUziB4OmULhqiYccmFJQRQzRKxCp3zoQptsNWnl4FEkMiErBaXectcs
vcEWVCdLT5RxkL4si7t6pfwYtuBspaANnBysv6pVSJbITogbLWqTnjWKtOen1YAuctMkeQWNqat9
HZm65dSmOXLNjpAAb8Is9ghoolTuBdm3tTpZTu8LUzuvO57KahbBBKWe0qJNsWmy1mz0A8V7OUeH
DduiDWUZRFTKnSjikudCSqALDNnkVo28uU51qO8oi2s1rDIFrVlApPfQce/0yDIn9KXY3lDnGHaH
Nyvk5EkxiOnwBxN12NPNXEFuc4XKdLNeb6ZpITGGq9uuqTiEKdfUaI2qHnUKU/o9699LEqSb48tl
KZa6paj7j6rNQl+/3OzTJ/GDr7k4vaBLvxMdFFR+QO7rTqgKhMPI7+SOlUS8J0COTQenAojTHeeb
DbDSwrnHVAhUvdfKhEyI7rbKWDaINyfUvBfDXt4YwWGz4jALQZ69JBzavBQRIxElao8J+cWcgqF6
28YuFTn4Tm9QH6MNgm2DHBy5jfStrQvTAKWU1ft2j3tSVXQNxVqn6z6C6GhMQGm+/KSyUucl5MZp
Q9n01IvaBve030C/Ge7Qcu7z8V4HEyVJZQGDXpKGAfC15mfbNVrpQeXiyq6S0N6BmvAo1mKZBqVJ
B4huhzalOpIhb9O2UpTnBTztndp4i5yMV7pOQ2rN6QxUP1ECBBy1rOat0NQ76Cj19ObsR5m5IGkd
yybfTwRUlmB98B4eFUkyKJMupYOnNkp79Cb7Iw/FUfU5JpWPlawYZPkN+aTAVScBQ/TVvhIH9ZPR
YR3FKhVT+x3n7PzF8bUapFJDUGft7/o+8ngWfARFuRjbH+O0rMfS6f5dZ3rqsGXYtFBGTIEOrNU9
Rd5orVM3BJj67qEpW7/bVmpld0ojnQrgIBxF8pisavk0aY94oAIqrX90Lr2J3ErO3wEi82I98mEw
MpH55SDxK1TuLz7Ct1W6yI1uqEyqZEEH5xamKFC2KpGT84he+W1mpiKFMhVFpYSPzKgrqUfjkfiI
NF+m/eoGG90L6u/rh5G+uNuN0OlbHvNyZ6xYf4iLGu5uZ1RfZOwHmjIbPpNjGD4naVaLHcDL9c7X
A6hwdnBJYVu3wwG6Ez98Htx/7Mdg5/qegDmlW2qyQgFPh5M20S4fXoukv9DajVbS1Ve7Q0if1sOR
q8sXO9tvq18y+RGE/sW6V3VxI3JE9B0WbPk60xdP6VLDr+lGXUYLpnQ9+ld1+7ibjceP610mF4SN
ZRi2aVp0r/Xy9GKH0rj4IDHZH8RQuisfWH1eVTsT1dWM9y93SNzDAI/UPtglC4N3Zbon7sFdc5vo
VZftLld72kZJk/yewNI3nYkx6VJ9aKDX0rcnuqpor0PTUiozCz1gKX6hFsmUIpJCaD0UlLTsaGJ8
T4jpjtwlt+zhECq5RvrlZaO0q4X/AyVeF5eyEdYv+PTp/wFkOOYZ
===END CRASH DUMP===
