PocketMine-MP Crash Dump Sun Oct 17 12:45:02 WIB 2021

Error: Declaration of superbobby2000\CommandDisabler\Main::onEnable() must be compatible with pocketmine\plugin\PluginBase::onEnable(): void
File: plugins/CommandDisabler/src/superbobby2000/CommandDisabler/Main
Line: 11
Type: E_COMPILE_ERROR

THIS CRASH WAS CAUSED BY A PLUGIN

Code:
[2] 
[3] declare(strict_types=1);
[4] 
[5] namespace superbobby2000\CommandDisabler;
[6] 
[7] use pocketmine\plugin\PluginBase;
[8] 
[9] class Main extends PluginBase{
[10] 
[11]     public function onEnable() {
[12]         @mkdir($this->getDataFolder());
[13]         $this->saveDefaultConfig();
[14]         foreach ($this->getConfig()->get("Disabled-Commands") as $command) {
[15]             $commandMap = $this->getServer()->getCommandMap();
[16]             $cmd = $commandMap->getCommand($command);
[17]             if ($cmd == null) {
[18]                 $this->getLogger()->error("Command /" . $command . " not found");
[19]             }else{
[20]                 $commandMap->unregister($cmd);
[21]             }

Backtrace:

PocketMine-MP version: 4.0.0-BETA5 [Protocol 465]
Git commit: b65e89b605aeba5f7958d3cbb6db47e766cd6f9f
uname -a: Windows NT PC 10.0 build 22000 (Windows 10) AMD64
PHP Version: 8.0.10
Zend version: 4.0.10
OS : WINNT, win
Composer libraries: 
- adhocore/json-comment 1.1.2@fc2f76979f0a44a5f5bc2a2b600d0762fe0e78e7
- brick/math 0.9.3@ca57d18f028f84f777b2168cd1911b0dee2343ae
- daverandom/callback-validator unknown@unknown
- fgrosse/phpasn1 v2.3.0@20299033c35f4300eb656e7e8e88cf52d1d6694e
- netresearch/jsonmapper v4.0.0@8bbc021a8edb2e4a7ea2f8ad4fa9ec9dce2fcb8d
- pocketmine/bedrock-protocol 2.0.0+bedrock1.17.30@faff7da904e68f69b1a9128956dac3122e87308a
- pocketmine/binaryutils 0.2.1@8cd078e2426f8100331f2d73bef10f481dad6cde
- pocketmine/callback-validator 1.0.3@64787469766bcaa7e5885242e85c23c25e8c55a2
- pocketmine/classloader dev-master@80226e0917be79ac3230606113e25134a31e6a85
- pocketmine/color 0.2.0@09be6ea6d76f2e33d6813c39d29c22c46c17e1d2
- pocketmine/errorhandler 0.3.0@ec742b209e8056bbe855069c4eff94c9734ea19b
- pocketmine/log 0.3.0@03ab1316da0b1978a7a1c8dd73e1c2a973cb62ec
- pocketmine/log-pthreads 0.2.0@6be3445c48c62eba3922f987f000bb20c81d161f
- pocketmine/math 0.3.0@83ec067b12c066fc61d9fb129daf7e61ef3b1d63
- pocketmine/nbt 0.3.0@98c4a04b55a915e18f83d3b0c9beb24a71abcd31
- pocketmine/pocketmine-mp 4.0.0-BETA5@b65e89b605aeba5f7958d3cbb6db47e766cd6f9f
- pocketmine/raklib 0.14.2@e3a861187470e1facc6625040128f447ebbcbaec
- pocketmine/raklib-ipc 0.1.1@922a6444b0c6c7daaa5aa5a832107e1ec4738aed
- pocketmine/snooze 0.3.0@fe5b1dbf0d6267da882d1f67924772bd93db833d
- pocketmine/spl dev-master@b7a8904f912c1f6d38ad867ff1120614ccb80171
- ramsey/collection 1.2.2@cccc74ee5e328031b15640b51056ee8d3bb66c0a
- ramsey/uuid 4.2.3@fc9bb7fb5388691fd7373cd44dcb4d63bbcf24df
- respect/stringifier 0.2.0@e55af3c8aeaeaa2abb5fa47a58a8e9688cc23b59
- respect/validation 2.2.3@4c21a7ffc9a4915673cb2c2843963919e664e627
- rhumsaa/uuid unknown@unknown
- symfony/polyfill-ctype v1.23.0@46cd95797e9df938fdd2b03693b5fca5e64b01ce
- symfony/polyfill-mbstring v1.23.1@9174a3d80210dca8daa7f31fec659150bbeabfc6
- symfony/polyfill-php80 v1.23.1@1100343ed1a92e3a38f9ae122fc0eb21602547be
- symfony/polyfill-php81 v1.23.0@e66119f3de95efc359483f810c4c3e6436279436
- webmozart/assert 1.10.0@6964c76c7804814a842473e0c8fd15bab0f18e25
- webmozart/path-util 2.3.0@d939f7edc24c9a1bb9c0dee5cb05d8e859490725

Loaded plugins:
DEVirion 1.2.5-ALPHA12 by poggit, SOFe for API(s) 4.0.0
DevTools 1.15.0+dev by PocketMine Team for API(s) 4.0.0
Sound 0.0.1 by  for API(s) 4.0.0-BETA5

----------------------REPORT THE DATA BELOW THIS LINE-----------------------

===BEGIN CRASH DUMP===
eNrNWvtz27i1/lcwSmc2mSvKfIkPddyJN3a6mZusfWNvs9O6kwEBUGLNh8qHbW1n//f7HQCUKDnd
3tcPd9uJRRA4OM/vnAPiH7O8aSvef31UbVc09WwVzmd9UanZyouCMAzTpesv4mXqu8F8NmzNK3eR
pHjrp6kfJz5eJvOZatumna3+Met3W0yZXX19d/3p5sPHq69Xnz9ff57NZ5XqOr6md5dKlLzlPTZk
Tc66YavarMmyne+67v39u6aqeC0vi45npWrv7z/xol6tmvqqpoHXb1g1dD3LFBNNtQUZDLKnot+w
bSMeVF8Vtbq/35bDuqjv72/03+95p6YkVuyxKSS4youSWDKzu7OTvc+6Vpwd8/diCnEHQiV2hda8
X+eW2NeifmzKR1WpuscOsmiV6DFRNFKRonwM4jGgd1oh6nXXt4Xov5IKu3Pvze/xOjSzlvhTc6hw
y4X6VxqjdZFZF+PP0Kl/oRlakJgFKf6Ama5jJBdTz72qZccOc/+BSZ5rJnse/jL8tx2yshAsH2ph
rHqwlZ7v23n039vqAbp4/bt+U3TOH9aqv+Q9f9+UUrWv32iZvWAy3c7r+KO6VDkfyv5dU+fF+rWZ
Gk6mwpcVFxs2oT3O1Q+v72dWRdKxKuvuZ28Y79jvhHm2/C4nVDUT9vUnvmXn7ED+VrWPxLbda5xj
eYteUKkkLT8Qm657vedBL45PFhc55NIEzlk9lKXlNDmZNlEZSH9s1mvDn45PKMBuxs7uZ2yxZwU/
8Vw3PXQ41BJK0TykJ8R/VaVxAN/91rZTuYa6Veui67E7ca3p+d4pvRmipW/h0rPVX/46n61VrVpe
UnSQs2P2jfbbT/Bb59MNSGTwwANYzcKFu3Cd76/uLpb0cihKOVv5rufPZ0X3VarH2Srn4Bkx2TZ9
IxrQDqMldiooJrNoqZI0i9wlVxlf5nG6TGQgsiySWRirOIqEjPI0B+3BMvSlqGXz1LEf79jNO+Zh
e6a3ZT6FIns9vvfcN+zi02UUYu12s8XKBLwicOazXxBRlnf9jNdfm45of/jxxzsM6IcnjSqEcE2n
2q9lkbW8LVRHyuFyA1ladfa3rqkdUrvBGG/hLfy3ufDzOErjNHd5GEKsZSZ87kNMV7px5OfKVXGi
YtIY8ObhDAlgg9XuIl0EbwVfxtJLctdP8iTM4zjOfC9KhPRSz8tcqZQfhAFXWC0Rky0M3lRngpdl
xsWD88jLQvKecgF09lA3T/Vb+5fQdt02XafOIDLvanKHR38RLNy3vots4gaBCJZ5GLiugmkiFatE
JYnIl770ZBSlIe1aq75VneKt2Gj5K74FGhIp7Q1vkywTru/xRMnMVyGPFffzhMsw56kSqRTKz0WW
EPgfUPEsU7LFk3Pwk5lP5P7NvoBq40Xgvs15nseSp26ooiSP0szjqecn6TKSXASe76skDtyEn1Av
at7uhr4oO61of+G9hUpdmMEP/ShPPBfCe7kv4yBTuefmYeJJLuF/6pjSNxXtgdPgbRTGSRzC8FGU
CQ65l0myBHmVLIUfCB++LpZL7p8QJLAvGy61DhEyTsUpbN8mru9Hyk29OFNxCuH8wI3cyPMC5S+9
IOSBpyKeLE/INaVmiWR037pppiLFIxlHua+CQEaJBxun0k+F74swEl6sPHnCksaqDRyrVIYUeYgS
cehnvpuqxF1GWQaplm6UilDleRqKNA5Cxb00OyZVNus9BTfgmRd4MJSbeWmc8Jh7IpFQufIQIKAg
sshX4gUFZ9tvkFlkt5cryhSqo6UIE4EVGQ9S38/TJM6BARmYFLCeF3n5Mal9nBE3SaCEG8WZ5+NP
lIvIk2mOp1TyPFaRp/Igg9MHxyTqrN9TSBMRcjfMYNPUWyrEbBLIIHMFlJ75cHyPZ0IG3jGFw0+n
2h5D6Nv/Bh5OKLb8Aeik2fJC4I8KeAI3gS/GrvJyLkQU+Us3BCwneQg6CNCMn+rZUHGKrTCUECFQ
Ko9QhEKkSCDoOF/S/5PA91y4jRJhHCRcnURyVzfNL2qvpVwtoccsd2XkRyCSJACTPIpTP4xjP5Np
ILMEnnlCZFseR0MW8wRBnyPYBZZLbCyTKM5zz/MRFKEApLheTMpuedWpHUVCqXQ5pCPUh2YE/otD
pZYq8BM38DJvGYVutvTg0UpB1dB0JFx+IDIMhckVgEkAe5plcZ4tgySJUi+H58JnZRhKkYVwFeg1
90NJ5gFCbrH5GVWU9brIC3UISgWHyQMBzeF/3OdZtsx5GPNlAsxMIwAu4CJbphMyFmyMLL5mJhTA
WMgvUh7C/SKKHl/4SRigN0i9VEURINKnLNNuhqrjfBTmZVrodlXe1Dv4ZrlDQV46wnYRj9AbGRFA
IdNlnMYqlXkaJLmUfuYGUQo+c2QsFcFJPKG+RavKjBL25OBYXgz4kkA4z5WCJ3CtOAf8KhEtIQtC
WPEMIfktckhdiTuh5RF0h4GSSASAOA7mUq6QCHKBLIbU6frLEBD6z2h5EzGhM89L80CqdKly5MI0
TAJKDiIUAWQMoM8U/4LWk8qq5hfe9meAb9Xa7E/5L0qjUMQImMRFEgl5EsLTAwVMyqW3zHjm5h7S
zvKICNqojUP5SduXeEFgpAAiKXyAK/eyLBWU/Jcic5cSaRm8pW4MMr/uOx5dm1xe/alotaPsi7j9
0Hx2KN0oIpbOxcebHy48wn8+9JumBYm/IA7XVJ/NZ7fX79UMdSHfFjSuoYqelW4u5L64k2pLXYop
Irsm7y+nAxU1aCtL9f7+UfNyf4/gtr8m/FEixNzbu4vPdz/dGBV1RU9SUK16qR7vmqbspsKNQ8fC
eUvUDlSAHkl2KGfZneLVb8rWt8N/VbSRB4hy4OY3RNn0/bZbnZ1BH5shW6CAPDtwdranAYFvqR2Y
SGuep6K6VMYeSXkilC3P/6dm+xGFwMWf7+/1zuYs4CDczfXt3Zfrzx8vTyxFLskBoQrQfaJ49BGL
7Ya3xFCn27cFaj5UkL0urmevbvZPzHSPjM4I7tv7+tUt79m16JkXMS9eueHKjdmXD98zVK8eTSh5
vR74Wp2rek3PVdPL8/vBdQEv90Oe+5H+V+h/9UgQ6n8jmm24cbZN25+j2A58GnzaQCanRCd1rreo
+LOzLfkOcp17Lo2sIWbVSGXeowcWytmPNXlOo5BXUsMwPm8ft+fwfPySRZ4XAl317lzvZ1owlJVO
p/oesNmda8nUoyodcoLz9x+v7/50GOuUkpMpBNznl1fvL376eEejxubO3wfV7sbd4SqNQw295eGx
UE+OhIi8FurcyP2cNc8O+ZSdc5SeF7uKgOqVOaMQ2kqDPVAiY9FJADsyOYzH7jZoG9goFuOtYv1G
saaGpfsNTCt4TS1wplhRi3KQSuIHe+EkROu2qRSdXfUvaXY8V3PW4E3bEUmWoXZ8YLtmaC0t6uVh
HcrKtAMMQ0dD5Y4I/6ie9uTOpDnw6NhTU3/XM2p0eMtIfSglC2oFdsQhtftG7qeNqtmwXbdcgsDi
viavMsRW9zVjr75sFDHG+ga7oO8HCWbSI3SAXq4reQ+m9GvNatlgG4iKX6rX+iLcFIqZ+pxGKqJs
/G4MgBXTIU4vus3QoyOuHXv+t2L3s08UE8rbMbG5HzylYoYBz/P0cDB5yAME0kxzflGWzROjQACz
zCYc9lhw9h/kWzRHO5ljX01YeGUOo+wiRucdFAwMJoXWiFy2Y1bXNN/67P71lNQX5G24DBTPpWSo
j4x9SO+wyAOrFO+GVh/6MVglU8Q1tKf+PvCS9LouHjEXBdWg2Gu7KQDkDVE3OyqnVQQCDuxCxzcr
vNZ7/zhUGUwCt7vodrW4490DPKN9gKMt9ISfOtiOfH+UlKZt2qZuBpgX07s5LSgls2GOgJnrU1QI
QniudQMgpbFqqOFiNMUQv9X2h0xww7Z5LuCCCmqASNq16z1zpFvL0IecnJnmkNPOWdF/B/X1rV4m
gc7C+NTJYvYaMtCxpa/VosVwrKQrTerUmbn2jnaoazKnJChqttoI+nSmWzBkNfubVcV6g2hvebeZ
T6PTeg5ppG2HbW9GjcJIMRV4s3Jp4yJq9dGLNBHD6UgZbH+bA/IR8rkGioZ3LSaORm2GmbT3NAA9
ALzdmaj9Y9lk8B5KkcyMIxCqoqfgr9SaZ7seGme3RtWuVq456NTL78hqT4XWvPYoRPWTYwiNTtZp
CfMCLAKywH2taeWtUuOWxslhrYHimK0bGKohjCCvoI3Wmk1Hs7ZiLkmB3TVGmwb6/70EVHP8Fv+U
R/93/Hd9s9UsWHzds2TJdQzwsaWaXu4Zol1HrjzXDy1jGgS+6Kiw/HXf/R9wqONCs0SIwcSA7FQj
OzH1rMSg0bcxLJuIpGy2n62eBeqB7iCRAa7ru6sVu/vhwy37+OHThzt2cXPz8cPVLbu5+sxQv/37
1ec5wyR2d41ZV+zLD9cfr9jN5+t3V7e3i1MIONKHv4ysOm4UanidsQmIOxJQbJSGZK2NPdh60D1q
BqmxRU9xAIXKwKwmhboPcgKg4U0k7z9zNuNkKNEoQ9Y0zW6mKRsigN4DkFNNb/e4phxChYBesHg5
m3zBVswwG9pwqheMZoldY1ezdi8D3Ettu4OogWtl7d58myUreWAlX/M2Q2Q4h7MLDUDf1q4ONWLH
rmJ2FbC74vWgq5MpJ6jcBvjgm/mYE06dcHRDk15ztOO9kbc6hOCCXRvMNw6P8qIZSrnnpUASearZ
gf/OEN5q9iFoRB/Marvbew0WL5Kkdh1DYS9b3jbVmGzNajvDmbrm1MIkjbXkC99g33CpI++4HStK
MlmLncgNrSPLodqa8svUeMy+cOjFaK9LmmQXaN41m6ME9MnrSSHY+TcUjKSNxIcdHuFkXTeoznxd
7dR6LEcJtGi3A1fz0ZCmRrBV58JwQ1P/qZ6ooxGboX7oRt7f8S2NFtVQIccivbZs7A7IkMz0P4aL
g14pXqwqdcS89DFU41vLkd7QoTJ5QNIN9xa7bMyrU582HzVH+mbyGEKGlp04lUxXDo7giM+9bPQB
UtcqKB9Je+DOFBiGypZT08LMGiPhQToss/o08ow70+RxX6PAkvoES/e3Sf2WH97XterJYCubIlCa
bZrSlJgZ78VGl+KaZVRNcCGbZDS2mdbIvjWpxX6yp2LTpLdXUyuNrwhW211PxOfM8SYG1MbTGzv9
yIxNARq1D3WsbkaphJRGcmp2dKFPizFo2VqwH1ALwpfOdXHH3t38NMda8JAhvp4KCbfXtYJBzz19
R9NfsWgsuw8Veae1M5m7YBcSQLXhZX6GXtO0CVLBh+1W2JTReQY52CQQD2lvQuyoq3kmVKMSk5cL
Rkz8dFPfjMX2oUOkXoKYekLapIXDtt469vmku/lko64rflF7e1JZPpqxo4RnSyaU7cY9Jqk1TH2z
6M2C3dg1JW/XegG3rar1Bb1j3vI1iQCbQG3dttQVC/WfFZinYOct2eldWWCWaahbNFOq69mnu580
px1EIrGzodffsLUpD9uZ5mIxYk3VDw6tWmlup/2hqkW7247XUujkALUQCtZRTDTIdFiyYDpLbTgV
AayooJuebAdr6Ns0gKm55gVGe9RMb0gTQF0NxEjRXMN5Z0xqSgnM7a2PkiTKHCBYqLPd1OW1LpIu
P9xefI/6SNdTQ619iAB7IKQkmJSmSCjIGe0lFDntNw5yHmJdqmxYr8am7Q/Mo2bNlqwbwJV+z2wP
35lTB4rmumtM8rYR4RExw7Wh9m7TNJ0+mRh7NTV24xrFJe856/jjmC3oXMiecDn07gBsxJg+FDVF
mz20+VtT1OZEQGvqO/Zz1jxT5LfswyV7/fNPHy7fwO4Ie/CA+U8wGxmmQLpHcFAP10qrH1N+IBqa
g+1qRPvP338c6dv+bjLynd5MX87R5yZkXluKaNma8QjJptHJyVae623xrsh3zvNQyINBxtO16enN
nT5+MaFmLm4ZHei5Nq6Gzh4DCYBIb2DWrnHMmpWZLzPaxqQQC492F8qBvF7ve5SalpWnqXg+zjo6
vvvmiZlR7kXVDIQeucl1FkygslG1lNsJHfVRCMxPv3VyxuLPOlVPFmvBa2Va70wZYpmiO0CAEf6k
nYJ81FDXrkXDx0nfiE8b7cUHBjJ+yipkETprMX3D6Btcut9mk7d0bs346O5gdlxMf/fcBCcnPFnZ
CB2+XSFNziB5OGwKh+uGbKqFNSVRzFDSpE79sE9t+qjJOgcXQpVKdwrGvfWuZfGALahP1khUcoi+
bpunfmNwDFtwtjHUJiCH6O96k5I1sw5pY2TNOajGiPbhspvIRTBNljfUmLlFshfTHjmNZY5ec2Qk
0HOYz16BTbTKB0MejrX2tly8NKYFryde6G4WyQStnvGibbMdyjFs7APlez3Hpo3Apw11G0RS6p0o
4xJyoSSwDYY+5DYHeStb6tC5o26uzbCpFKxngZEDQssD6FFkOnRl8GRoDwzHw9sNavK8meR04IFj
vvfsZ25gt5VhZbGtqu2iaDTHgLpdRc0hQrmng1bRHVinNGXfs8N7LYKGOb5et2ptjxTt+aM5ZqEL
Xg+n8mn+gDXXl9cr6MOxScHUBwRfT8p0IBxB/qR37DTjBwH02GLyVQB5eq/5YQuurHFeKBUGNe+t
M6ESomtUOpdN8s07OrxX07O8OZLDdsMRFoqQvSUexroUGSNXLXoPh3CxpmRo3o65y2QOfnQ2aL+j
TZLtgBoctY3G1hHCLEFtZfN+3OOFVY1cU7P2RXXIIDYbE1GaT15PCYOsSDBOG+pDT7toPOBeHDaw
b6Y7jJr77Xxvk4mxpImAyVmSpQHyvdXneGq0sYMG4tp9J2HRgQ7h0axJXQYV+Z4QXUQaWvNJhtBm
PEoxyAt6Fp3GfIuajHe2T0NpzattOT5RAQQera1Wo9HMO/gonemt2F905YKida4P+f5KRHULdkje
009FWgyqpFsN8HSMMn560+cj38qjGp91+9jpjkG337BPAV5tETBl3+yreTA/GX2so1xlcuphxxV7
//HizgxSq6HoZO339urbfJk+Q6JazYNnWbT9XIPu722lZz62TA8tTBBTooNq7ZkiH6zXlTCW2NE3
p0H0Qzvi7tiptfuvNBpUQAfpSOjPZN2oJ2f8xAMXMGX9q/caTfRWev4REV0X25GvkxFH15eTwq8x
tb96BrZ1tskVD9Qmdfur5gUalJ0p5PQ8khesoAUzmcKEipFS00dltG+pZ/OZvlCty376qv4O1cr0
amgm7B2x/Qh9faslb4/GmuqrbHrA3dGovTNzGBjacvpMwDB9zouyV0eE19XRRVV0OEe8FIitx+kA
Xb+cPk+u2hzGEOf2ooC3oIseukOBTqeTtuJYD59Vfrg7tR/tNNR3x0Mon6rpyO3Nx6Ptd93fS33f
1v5i+1d986BqZPQjFex4Vdo7TnSr4Zdia65zpAu6ifeLuei2n43H5+pYyQ1x47tu4Hk+XaG6ubw+
klQ2XzUnp4MYKo7tg6ivu+5o4m1Bcf3zpyMRTzjAIx0fHIuFwae2ODH35FpjQPKa6yo3mxNvo6JJ
X1317aU6UkyxNnda7Vq65my7ivHmHS2lNrOxA77RF3qR0jgiOYT1Q0VFy5EnyhdGLI7srrUVTIfQ
yQ0al9eD8a6R/p+p8Lq+0QdhhwW//vqf/sDpYQ==
===END CRASH DUMP===
