PocketMine-MP Crash Dump Sun Oct 17 12:55:36 WIB 2021

Error: Declaration of Himbeer\HideCommands\Main::onEnable() must be compatible with pocketmine\plugin\PluginBase::onEnable(): void
File: plugins/HideCommands/src/Himbeer/HideCommands/Main
Line: 22
Type: E_COMPILE_ERROR

THIS CRASH WAS CAUSED BY A PLUGIN

Code:
[13] 
[14] 	private const MODE_WHITELIST = 0;
[15] 	private const MODE_BLACKLIST = 1;
[16] 
[17] 	/** @var int */
[18] 	private $mode;
[19] 	/** @var array */
[20] 	private $commandList = [];
[21] 
[22] 	public function onEnable() {
[23] 		$this->saveDefaultConfig();
[24] 
[25] 		switch ($this->getConfig()->get("mode")) {
[26] 			case "whitelist":
[27] 				$this->mode = self::MODE_WHITELIST;
[28] 				break;
[29] 			case "blacklist":
[30] 				$this->mode = self::MODE_BLACKLIST;
[31] 				break;
[32] 			default:

Backtrace:

PocketMine-MP version: 4.0.0-BETA5 [Protocol 465]
Git commit: b65e89b605aeba5f7958d3cbb6db47e766cd6f9f
uname -a: Windows NT PC 10.0 build 22000 (Windows 10) AMD64
PHP Version: 8.0.10
Zend version: 4.0.10
OS : WINNT, win
Composer libraries: 
- adhocore/json-comment 1.1.2@fc2f76979f0a44a5f5bc2a2b600d0762fe0e78e7
- brick/math 0.9.3@ca57d18f028f84f777b2168cd1911b0dee2343ae
- daverandom/callback-validator unknown@unknown
- fgrosse/phpasn1 v2.3.0@20299033c35f4300eb656e7e8e88cf52d1d6694e
- netresearch/jsonmapper v4.0.0@8bbc021a8edb2e4a7ea2f8ad4fa9ec9dce2fcb8d
- pocketmine/bedrock-protocol 2.0.0+bedrock1.17.30@faff7da904e68f69b1a9128956dac3122e87308a
- pocketmine/binaryutils 0.2.1@8cd078e2426f8100331f2d73bef10f481dad6cde
- pocketmine/callback-validator 1.0.3@64787469766bcaa7e5885242e85c23c25e8c55a2
- pocketmine/classloader dev-master@80226e0917be79ac3230606113e25134a31e6a85
- pocketmine/color 0.2.0@09be6ea6d76f2e33d6813c39d29c22c46c17e1d2
- pocketmine/errorhandler 0.3.0@ec742b209e8056bbe855069c4eff94c9734ea19b
- pocketmine/log 0.3.0@03ab1316da0b1978a7a1c8dd73e1c2a973cb62ec
- pocketmine/log-pthreads 0.2.0@6be3445c48c62eba3922f987f000bb20c81d161f
- pocketmine/math 0.3.0@83ec067b12c066fc61d9fb129daf7e61ef3b1d63
- pocketmine/nbt 0.3.0@98c4a04b55a915e18f83d3b0c9beb24a71abcd31
- pocketmine/pocketmine-mp 4.0.0-BETA5@b65e89b605aeba5f7958d3cbb6db47e766cd6f9f
- pocketmine/raklib 0.14.2@e3a861187470e1facc6625040128f447ebbcbaec
- pocketmine/raklib-ipc 0.1.1@922a6444b0c6c7daaa5aa5a832107e1ec4738aed
- pocketmine/snooze 0.3.0@fe5b1dbf0d6267da882d1f67924772bd93db833d
- pocketmine/spl dev-master@b7a8904f912c1f6d38ad867ff1120614ccb80171
- ramsey/collection 1.2.2@cccc74ee5e328031b15640b51056ee8d3bb66c0a
- ramsey/uuid 4.2.3@fc9bb7fb5388691fd7373cd44dcb4d63bbcf24df
- respect/stringifier 0.2.0@e55af3c8aeaeaa2abb5fa47a58a8e9688cc23b59
- respect/validation 2.2.3@4c21a7ffc9a4915673cb2c2843963919e664e627
- rhumsaa/uuid unknown@unknown
- symfony/polyfill-ctype v1.23.0@46cd95797e9df938fdd2b03693b5fca5e64b01ce
- symfony/polyfill-mbstring v1.23.1@9174a3d80210dca8daa7f31fec659150bbeabfc6
- symfony/polyfill-php80 v1.23.1@1100343ed1a92e3a38f9ae122fc0eb21602547be
- symfony/polyfill-php81 v1.23.0@e66119f3de95efc359483f810c4c3e6436279436
- webmozart/assert 1.10.0@6964c76c7804814a842473e0c8fd15bab0f18e25
- webmozart/path-util 2.3.0@d939f7edc24c9a1bb9c0dee5cb05d8e859490725

Loaded plugins:
CommandDisabler 1.0.0 by  for API(s) 4.0.0
DEVirion 1.2.5-ALPHA12 by poggit, SOFe for API(s) 4.0.0
DevTools 1.15.0+dev by PocketMine Team for API(s) 4.0.0
FLOTVCore 0.0.1 by  for API(s) 4.0.0-BETA5
PureChat 1.4.11 by 64FF00 for API(s) 4.0.0
PurePerms 1.5.0-legacy by 64FF00 & ProjectInfinity for API(s) 4.0.0
SimpleNPC 3.0.0-snapshot by brokiem for API(s) 4.0.0
Sound 0.0.1 by  for API(s) 4.0.0-BETA5

----------------------REPORT THE DATA BELOW THIS LINE-----------------------

===BEGIN CRASH DUMP===
eNrNWwtv28id/yoDpbhNeqbMl/hQkSJe27kYdWJf7DSLVkUwHA4l1nyofNjWFvvd7/efGYqU7d3b
3i1w1y0ScTjzf785+ecsq5uSd9/uZdPmdTVb+kezLi/lbOkEnu8vbMcL5s7CjmO86Lf6lT2PwsiJ
ndgPYy+0HSc8msmmqZvZ8p+zbrfFltn5t9Orj9cXl+ffzj9/vvo8O5qVsm35mt6dSVHwhndAyOqM
fcjLRMpmtfqQp/K0Lktepe1q9ZHn1XJZV+cVTwr5+g0r+7ZjiWSiLrc4jEX2kHcbtq3FnezKvJKr
1bbo13m1Wl2rv7/nrZyCWLL7Ok9BS5YXRIje3R5PER+3jTg2JB2+IIJwtgCi2dJ1fzoy57/l1X1d
3MtSVh2ApnkjRYeNok4lScTxsIpnx8ffq27b5Pe8IzYq8PPx6uz829cPF7fnlxc3t+wts/9AWxc/
t/X7y5PTP5mtjtoaGOihOnL8+9+zd/e8YXnVsd8f04voANbvSpClDsaHB3jT8J0+4tqHR4QWwWUO
Kt6yv/6NjruOxuu6em+fFLlgWV8JrddRb/+kXZ7atep+123y1vpjy+/lmcx4X3SndZXl69dvFFDf
AF2Y7S00LDbstTm2lvvt6uH1akbsrGZvDJrAnFt1Arpnq9nDJu9kAcJXeIMN4X7DnhaCALZaWWTL
5aE+FE3R5EjSSH6nVuOnmJKCi7sRk2f/Gkx7dRJMz3kJk+fuV1MtseUMttc1XMC8/vq3o9laVrLh
BdlaxclBZ9fKJT7CUq2P14CRgMTRx2f+3J7b1vfntycLetnnRQqLth33aJa331J5P1tmvGglLLyp
u1rUgO0HC2DKycKTYCGjOAnsBZcJX2RhvIhSTyRJkCZ+KMMgEGmQxRlg94agr3mV1g8t+3TLrk+Z
A/RMoWWua9s2ez28d+w37OTjWeDj7HazxckItDo2Hn+UVWpoV894/a1uCfbFp0+3WFAPD8pHKUTU
rWy+FXnS8CaXLQmHpxvw0sjjv7d1ZZFRa4915s7cfZcJNwuDOIwzm/s+2FokwuUu2LRTOwzcTNoy
jGRIEmtycXeMuLnBaXsez713gi/C1Iky242yyM/CMExcJ4hEijjpJHYqpev5Hpc4ncL2G7hTXR4L
XhQJzMa650We8o5CKGR2V9UP1TvzN4WrdVO3rTwGy7ytyEru3bk3t9+5thvHtucJb5H5nm1LqCaQ
oYxkFIls4aZOGgSxT1gr2TWylbwRG8V/ybdbSejulTW8i5JE2K7DI5kmrvR5KLmbRTz1Mx5LEadC
uplIIoqeY8A9TmTa4Mka7WTmErh/Ny8g2nDu2e8ynmVhymPbl0GUBXHi8Nhxo3gRpFx4juvKKPTs
iD+Bnle82fVdXrRK0O7ceQeR2lCD67tBFjk2mHcyNw29RGaOnfmRk/IU9icPIb0oaAeUeu8CP4xC
H4oPgkRw8L2IogXAy2ghXE+4sHWxWHD3CcCCt21R81TJEC5jlbztZPMusl03kHbshIkMYzDnenZg
B47jSXfheD73HBnwaPEEXF0okohH+50dJzKQPEjDIHOl56VB5EDHcerGwnWFHwgnlE76hCSVgjcw
rEJqUGQhUoS+m7h2LCN7ESQJuFrYQSx8mWWxL+LQ8yV34uQQVFGv9xBsjyeO50BRduLEYcRD7ogo
hcilAwcBBJEErhTPIFjbboMglrZ7voJEUlEh/EjgRMK92HWzOAozxIAERApozwmc7BDU3s+ImsiT
wg7CxHHxV5CJwEnjDE9xyrNQBo7MvARG7x2CqJJuDyGOhM9tP4FOY2ch4bORl3qJLSD0xIXhOzwR
KWLxAYTxp1VuD0Pou38hHk4gNhzZIlFkOT7ij/R4BDOBLYa2dDIuRBC4C9tHWI4yH3DgoAl/KmcN
xcq3QkOCh0CoPPB9HywFAk7H+YL+H3muY8NspPBDL+LyiSe3VV3/KPdSyuQCckwyOw3cAECiCMEk
C8LY9cPQTdLYS5MIlvkEyLY49IYk5BGcPoOzCxxPgTiNgjDLHMeFU/gCIcV2QhJ2w8tW7sgTCqlq
COWhLiQj8L/Ql3IhPTeyPSdxFoFvJwsHFi0lRA1JB8LmI5C+z3WuQJhEYI+TJMyShRdFQexksFzY
bOr7qUh8mArkmrl+SupBhNwC+XHbNXm1zrNcjk4pYTCZJyA5/MddniSLjPshX0SImXGAgItwkSzi
CRgTbDQvriLGF4ix4F/E3If5BeQ9rnAj34sDDyW1DAKESJeyTLPpy5bzgZnnaaHdlVld7WCbxQ4V
bWEJU3zfQ26kRASKNF6EcSjjNIu9KEtTN7G9IAadGTKWDGAkjpAvwSoTLYQ9OBiWEyJ8pYhwjp0K
HsG0wgzhV4pgAV7gwpIncMmXwCF1RfYElkOh2/dkikSAEMdBXMwlEkEmkMWQOm134SOE/hwsZ8Im
ZOY4cealMl7IDLkw9iOPkoPwhQcePcgzxp+A9SCTsv6RN90xwrdsTPan/BfEgS9COExkI4n4PPJh
6Z5ETMpSZ5HwxM4cpJ3FARD0IRuL8pPSL9ECx4gRiFLhIrhyJ0liQcl/IRJ7kSItg7bYDgHmp33/
oGoT02Wc5S1Vzc2klnv65mg2FnKUwagW4n23qZtWl4N8m+OHjlAzPEtViKf7mi6VW5RSZnNbZ93Z
dKGkLmc5a3tUB0mdJDsq0FarJ1To9oy6IaRAKjivbm6/Xn2+PNPiaVF0UyUPHs/O/5w3ito9R/ul
Q1bc+cI6ubz+cOK4BywhwKyp8Dya3Vy9l7PfikMNdbW6V7SsVoha5teEPsPeze3J59sv18+Zk/e3
dV20U+aGpUPmnAWKIqqsDzgb63R2K3n5i7x1Tf9rWRtoACsjNb/Ayqbrtu3y+Bjy2PTJHJXx8UjZ
8R4GGH5/eXX751PU0BOOx7UpyzbV6b9kmqb/+J+q7xMqnZO/rFZ77L/eJK/7Rp5ueDdtmIalQ635
c+eQh1ngv39v2/+aESro17Ip29kzhmbvuUp27XVTA9MPMMK6b6/PrWF9NrL8TSNfrQZqx1//Hdsv
aZiIMgOQPRgjHU3soXj02qF8YNRWIddc7F6SEvs3Bq7+jkx4gZ69yrvdb+a8B6JQlE1+/gbC0HAg
jZu83Bby0/XpRBrj2lQanjLqtuLbdlN3h/JImvoul+Vvxr6Bt1q11VasVlOC/lXODajjEQZxXffU
bI8cq+f/C/dWmH+ta1NK5SgBJUrPJ/HV+ng93254ozxQNmBkjp4VOa5Tw4HZq+v9E9MjJkZDwlWz
ql7d8I5diY45AXPCpe0v7ZB9vfieoft2aEPBq3XP1/KtrNb0XNZd+nbV2zbKo1WfZW6g/hTqT7Xi
+erPgHZraqxt3XRvndjxXFpUYyuLpklvFYqSP1rbgu/A11vHppU12KR5kn6f1Y2Q1n6tzjJaBb8p
DTyG5+399i0SHH6leZbloi+63VuFT4+Q0BZbrew6lH3tW8WZvJeFRUbwVsXZca2VMp1socLz7dn5
+5Mvl7e0qnVu/aOXzW7ADlOpLRr8GRruc/lgpWCRV0K+1Xw/JvWjRTZl9hy0F/NdSYXWK0bWQENR
aKk3c2RSFoMU2IHKoTx2u5GtZANbjDeSdRvJ6gqa7hDzmOBVVavJcl6Jok9lih/smZEQrJu6lDSy
7p7DbHkmj1iNN01LIJka4LFd3TcGFsszBu1QV0EYoBgaFBc7AvxJPuzBHZsxX8se6uq7jtGghuaz
EB9a4ZxGGTuikGaKmu+HjaxYv103PAWA+aoiq9LAlquKsVdfN5IIY10NLFXKAILp8h4yaHjVFrwD
Ueq1IrWogQas4pfslLyoPBKS6fkCrZQEWdvd4ABLplycXrSbvkvRplhm7L9kq9lH8gnp7JjYrHpH
ypBhwXEctexNHjIPjjRTlJ8URf3AyBFALDMFM7vPOftPsi3ao4zMMq8mJLzSE2hziIFwRs7AoFJI
jcAlO2ZkTfuNze5fT0F9Rd8Bk4HgeZoy9HdaPyR3aOSOlZK3SBs0UGTQSiKJakhP/qPnBcl1nd9j
LxrCXrLXBikCyBuCrjFKq5EUBCzoZb2WzRKvFe5PfZlAJTC7k3ZXiVve3sEymjsY2lxt+NJCd2T7
A6e0bdPUFSoJ1mF7e0QHipQZN4fDHKnPKGCE4rmSDQIprZV9BROjLRr4jdI/eIIZNvVjDhOUEANY
UqZd7Ykj2RqCLjIyZtpDRnvE8u47iK9r1LEU0Vlom3pymL0GDz0cy1ViUWxYhtOlAvXUmLmyjqav
KlJnSqGo3iolqOlyO2coXs1vVubrDby94e3maOqdxnJIIk3Tbzu9qgVGgilBm+FLKRdeq0bHqfYY
Tt+UQPbLFJCNkM3VEDSsaz4xNBqT6E17S0OgRwBvdtpr/6OoE1gPpUim1+EIZd6R85eoupJdB4mz
Gy1qWwlX92fq+C1p7SFXklcWBa9+sDSgwchaxWGWg0SELFBfKVhZI+WAUhs5tNWTH7N1DUXVFCPI
KgjRWpFpKdKWzCYugF3FaD0A/H/PAdUcv0Q/5dH/Hf1tV28VCSa+7kky4FqG8LGlmUS6J4iwDlQ5
tusbwlQQ+Kq8wtDXfvcbUKj8QpFEEYOJHtmpQnZi8lGKXkXfWpOsPZKy2X63fBSoB9qRIx24rm7P
l+z2w8UNu7z4eHHLTq6vLy/Ob9j1+WeG+u1P55+PGDax2yvsOmdfP1xdnrPrz1en5zc386ch4EAe
7iIw4kClntcqY1MgbolBsZEqJCtp7IOtA9mjZkhVbFFbLIRCqcOsAoW6D3wiQMOaiN+fMzZtZCjR
KENWtM0gU5A1EITeMZBT625wXFEOoUJAHZg/3022YCpmqG0rBdULWrJErtarPrvnAeYlt+3Iqmcb
Xts3L5NkOPcM52veJPAMa5y9qgD0snSVqxE55hQzpxC7S171qjqZUoLKrYcNvjkacsJTIxzMUKfX
LAMszW85uuCcXemYrw0e5UXdF+melhxJ5KFiI/2tBrxV5IPRgIZYlcH2XgWLZ0lSmY6GsOcta+py
SLb6tNlhTU1zqmHixmjymW2wF0zqwDpuhoqSVNYAE5mhMeS0L7e6/NI1HjMvLHox6OuMNpkDinZF
5sABnpDm4ez8BQEjaSPxAcM9jKxte9nq6xWtXA/lKAUtwjZSdTQoUtcIpuqca2po68/KiToasemr
u3ag/ZRvaTUv+xI5Fum1YUN3QIpkuv/RVIxyJX8xolQe89zGUI1vDUUKoUVlco+k6+81dlbrV09t
Wt9kGODrzYMLaVhm45QzVTlYgsM/97zR3FTVKigfSXqgThcYGsqWU9PC9BnN4cgdjhl5an4GzLR5
wKsFWFCfYOD+MqhfssNVVcmOFLY0KQKl2aYudImZ8E5sVCmuSEbVBBMySUbFNt0ambc6tZg7O1Rs
6vT2aqql4RWF1WbXEfAjZjkTBSrlKcRWNxBjUoCK2mMdq5pRKiFTzTk1O6rQp8NYNGTN2QfUgrCl
t6q4Y6fXX45wFjQk8K+HPIXZq1pBR889fEvBX7JgKLvHirxV0pnsnbOTFIFqw4vsGL2mbhNSCRs2
qICU0TyDDGziiGPamwA76GoeKapRicmLOSMivlxX10OxPXaI1EsQUQ9Im3Sw31Zbyzw/6W4+Gq9r
8x/lXp9Ulg9qbCnhmZIJZbs2j0lq9WNXH3ozZ9fmTMGbtTrATatqbEFhzBq+JhagE4it3RaqYqH+
swTx5Oy8IT2dFjl26Ya6QTMl6R7U7RdFaQuWiO2k7xg18EqVIzrdXMyHWFN2vUWnloraaX8oK9Hs
tsNtNJocoBZCwTqwiQaZhiVzprLUhlMRwPISsulId9CGukSHMHWkaIHS7hXRG5IEoq4KxEjRXIXz
VqtUlxLY2xkbJU6kHiCYUGe6qbMrVSSdXdycfI/6SNVTfaVsiAJ2T5GSwmSqi4ScjNFcSUun/cbI
5+jrqUz69XJo2v7IHGrWTMm6QbhS75np4Vs9ddD30WqdvI1HOARMU62hnW7qulWTiaFXk0M3rqJ4
yjvOWn4/ZAuaC5kJl0XvxsBGhKlvH7poM0Obv9d5pScCSlLfsR+S+pE8v2EXZ+z1D18uzt5A73R5
7IH2P0BtpBiarsM5qIdrUiMfXX7AG+pRdxW8/YfvLwf4pr+brHynkNFoTBUOSr2mFFG81cMIyaTR
yWQryxRavMuznfXY5+mokGG6Np3e3Krxi3Y1fV9Ty0DtNX7Vt2YMJBBEOh1mzRlLn1nq/WlCaHQK
MeHRYKEcyKv1vkep6FjxNBUfDbsOxncvTsy0cE/KuqfokelcZ4IJRDaIlnI7RUc1CoH66bdKzjj8
WaXqyWHFeCV1651IDSyRGfl+u+UPyijIRjV0ZVq0fJj0NfuEaM8+YiDjT0kFL0JlLSaRT1+i0n6Z
TN7Q3JrxwdxB7HCY/t5T4z2Z8CRFLZT7tnmqcwbxw6FTGFzbJ1MprCmJYodMdepUD/vUpkZNxji4
ELKQqlPQ5q2wFvkdUFCfrCJRwcH6uqkfuo2OY0DB2UZDmwQ5eH/b6ZSsiLVIGgNp1igazdrFWTvh
i8I0aV5DY/oW3J5NM3Iayhx15kBJgGcxl70CmWiVR0WOY629LufPlWmC1wPPVTeLZIJWT1vRtt72
xeA25oHyvdpj0obnEkLVBhGXChNlXIpcKAlMg6GG3HqQtzSlDs0dVXOtl3WlYCwLhIwROh2DHnmm
RReInyztA8Ph8naDmjyrJzkd8cDSX3v2OzfQ21KTMt+W5Xae14pihLpdSc0hXLmjQatoR9IpTZn3
bHyvWFBhjq/XjVybkaKZP+oxC11QvXvKn6IPsebq7GoJeVgmKej6gMLXg9QdCIeTPyiMrSJ8ZECt
zSdfBZCn95Lvt6DKKOeZUKFQ/d4YEyohugaqctkk35zS8F5OZ3lHSA7bDYdbSIrsDdEw1KXIGJls
0HtYFBcrSob67ZC7dObgB7NB8x1tkmx71OCobVRsHUKYAai0rN8POJ5pVfM1VWuXl2MGMdmYgNJ+
snpKGKRFCuOEUA09zaFhwD0fEZg3UwyD5H4535tkojWpPWAySzIwAL4z8hymRhuzqENcs+8kTHSg
ITyatVSVQXm2B0QXKftGf5KhaDOMUnTkBTwTnYZ8i5qMt6ZPQ2nN6SOoeaICCDQaXS0Hpel3sFGa
6S3ZX1XlgqL1SA35/kZAVQs2Ju/ppyLFBlXSjQrwNEYZPr2p+chLeVTFZ9U+tqpjUO039JODVlME
TMnXeBUN+iejj3WUq3ROHTEu2fvLk1u9SK2GpMnaH8zV3aNF/AiOKnnkPaZ50x2poPsHU+npjy3T
oYV2Ykp0EK2ZKfLeWJ2+JEDfnHrR9c0Qd4dOrdl/pVFBBXCQjoT6TNYOcrKGTzwwAV3Wv3qvoolC
pfYfAFF1sVn5NlmxVH05KfxqXfvLR8S21jS54o7apHb/b01yNCg7XcipfcQvSEELpjOFdhXNpYKP
ymjfUs+OZvIRZb4q+/VlL7pAM15tT4S547pfoa9vVcqbg7W6/JbWHcLdwaq58zcu9E0xfabAMH3O
8qKTB4DX5cFFe3Q4B7Tk8K376QJdH58+T64Kjmvwc3NRwJnTfS7VoUCm001bcSiHzzIb737uV1sV
6tvDJZRP5XTl5vryAP2u/Ueh/r2A+cX2r7r6TlbI6Aci2PGyMHc06VbDj/lW39qK53ST+Ed9UXe/
G4+P5aGQa6LGtW3PcVy6Anp9dnXAaVp/U5Q8XcRSfqgfeH3Vtgcb9d2MHz4esPiEAjzS+OCQLSw+
NPkTdU+uZXvEr76Vdr15Ym1UNKmr9665FEyCydf6Tr45S/9Mw3QVw81hOkptZm0WXC0v9CKFNkQy
CGOHkoqWA0tMnykxP9C7kpY3XUIn16u4vO61dQ3w/0KF19W1GoSNB3766b8AwmZCiw==
===END CRASH DUMP===
