PocketMine-MP Crash Dump Sun Oct 17 14:24:42 WIB 2021

Error: Class "NhanAZ\Sound\PlaySoundPacket" not found
File: plugins/Sound/src/Main
Line: 22
Type: Error

THIS CRASH WAS CAUSED BY A PLUGIN
BAD PLUGIN: Sound v0.0.1

Code:
[13] 
[14] 	public function onEnable() : void
[15] 	{
[16] 		$this->getServer()->getPluginManager()->registerEvents($this, $this);
[17] 	}
[18] 
[19] 	public function onJoin(PlayerJoinEvent $event)
[20] 	{
[21] 		$player = $event->getPlayer();
[22] 		$packet = new PlaySoundPacket();
[23] 		$packet->soundName = "C418";
[24] 		$packet->x = $player->getX();
[25] 		$packet->y = $player->getY();
[26] 		$packet->z = $player->getZ();
[27] 		$packet->volume = 1;
[28] 		$packet->pitch = 1;
[29] 		$player->sendDataPacket($packet);
[30] 	}
[31] 
[32] }

Backtrace:
#0 pmsrc/src/event/RegisteredListener(75): NhanAZ\Sound\Main->onJoin(object pocketmine\event\player\PlayerJoinEvent#112225)
#1 pmsrc/src/event/Event(62): pocketmine\event\RegisteredListener->callEvent(object pocketmine\event\player\PlayerJoinEvent#112225)
#2 pmsrc/src/player/Player(749): pocketmine\event\Event->call()
#3 pmsrc/src/network/mcpe/NetworkSession(704): pocketmine\player\Player->doFirstSpawn()
#4 pmsrc/src/network/mcpe/NetworkSession(697): pocketmine\network\mcpe\NetworkSession->onClientSpawnResponse()
#5 pmsrc/src/network/mcpe/handler/SpawnResponsePacketHandler(44): pocketmine\network\mcpe\NetworkSession->pocketmine\network\mcpe\{closure}()
#6 pmsrc/vendor/pocketmine/bedrock-protocol/src/SetLocalPlayerAsInitializedPacket(45): pocketmine\network\mcpe\handler\SpawnResponsePacketHandler->handleSetLocalPlayerAsInitialized(object pocketmine\network\mcpe\protocol\SetLocalPlayerAsInitializedPacket#112305)
#7 pmsrc/src/network/mcpe/NetworkSession(388): pocketmine\network\mcpe\protocol\SetLocalPlayerAsInitializedPacket->handle(object pocketmine\network\mcpe\handler\SpawnResponsePacketHandler#93319)
#8 pmsrc/src/network/mcpe/NetworkSession(351): pocketmine\network\mcpe\NetworkSession->handleDataPacket(object pocketmine\network\mcpe\protocol\SetLocalPlayerAsInitializedPacket#112305, string[2] q.)
#9 pmsrc/src/network/mcpe/raklib/RakLibInterface(187): pocketmine\network\mcpe\NetworkSession->handleEncoded(string[5] c*d..)
#10 pmsrc/vendor/pocketmine/raklib-ipc/src/RakLibToUserThreadMessageReceiver(42): pocketmine\network\mcpe\raklib\RakLibInterface->onPacketReceive(integer 0, string[14] ....h.w.......)
#11 pmsrc/src/network/mcpe/raklib/RakLibInterface(121): raklib\server\ipc\RakLibToUserThreadMessageReceiver->handle(object pocketmine\network\mcpe\raklib\RakLibInterface#23342)
#12 pmsrc/vendor/pocketmine/snooze/src/SleeperHandler(123): pocketmine\network\mcpe\raklib\RakLibInterface->pocketmine\network\mcpe\raklib\{closure}()
#13 pmsrc/vendor/pocketmine/snooze/src/SleeperHandler(82): pocketmine\snooze\SleeperHandler->processNotifications()
#14 pmsrc/src/Server(1546): pocketmine\snooze\SleeperHandler->sleepUntil(double 1634455482.3572)
#15 pmsrc/src/Server(1107): pocketmine\Server->tickProcessor()
#16 pmsrc/src/PocketMine(293): pocketmine\Server->__construct(object BaseClassLoader#2, object pocketmine\utils\MainLogger#3, string[41] C:\Users\nhang\OneDrive\M..y t..nh\FLOTV\, string[49] C:\Users\nhang\OneDrive\M..y t..nh\FLOTV\plugins\)
#17 pmsrc/src/PocketMine(316): pocketmine\server()
#18 pmsrc(11): require(string[85] phar://C:/Users/nhang/OneDrive/M..y t..nh/FLOTV/PocketMine-MP.phar/src/PocketMin)

PocketMine-MP version: 4.0.0-BETA5 [Protocol 465]
Git commit: b65e89b605aeba5f7958d3cbb6db47e766cd6f9f
uname -a: Windows NT PC 10.0 build 22000 (Windows 10) AMD64
PHP Version: 8.0.10
Zend version: 4.0.10
OS : WINNT, win
Composer libraries: 
- adhocore/json-comment 1.1.2@fc2f76979f0a44a5f5bc2a2b600d0762fe0e78e7
- brick/math 0.9.3@ca57d18f028f84f777b2168cd1911b0dee2343ae
- daverandom/callback-validator unknown@unknown
- fgrosse/phpasn1 v2.3.0@20299033c35f4300eb656e7e8e88cf52d1d6694e
- netresearch/jsonmapper v4.0.0@8bbc021a8edb2e4a7ea2f8ad4fa9ec9dce2fcb8d
- pocketmine/bedrock-protocol 2.0.0+bedrock1.17.30@faff7da904e68f69b1a9128956dac3122e87308a
- pocketmine/binaryutils 0.2.1@8cd078e2426f8100331f2d73bef10f481dad6cde
- pocketmine/callback-validator 1.0.3@64787469766bcaa7e5885242e85c23c25e8c55a2
- pocketmine/classloader dev-master@80226e0917be79ac3230606113e25134a31e6a85
- pocketmine/color 0.2.0@09be6ea6d76f2e33d6813c39d29c22c46c17e1d2
- pocketmine/errorhandler 0.3.0@ec742b209e8056bbe855069c4eff94c9734ea19b
- pocketmine/log 0.3.0@03ab1316da0b1978a7a1c8dd73e1c2a973cb62ec
- pocketmine/log-pthreads 0.2.0@6be3445c48c62eba3922f987f000bb20c81d161f
- pocketmine/math 0.3.0@83ec067b12c066fc61d9fb129daf7e61ef3b1d63
- pocketmine/nbt 0.3.0@98c4a04b55a915e18f83d3b0c9beb24a71abcd31
- pocketmine/pocketmine-mp 4.0.0-BETA5@b65e89b605aeba5f7958d3cbb6db47e766cd6f9f
- pocketmine/raklib 0.14.2@e3a861187470e1facc6625040128f447ebbcbaec
- pocketmine/raklib-ipc 0.1.1@922a6444b0c6c7daaa5aa5a832107e1ec4738aed
- pocketmine/snooze 0.3.0@fe5b1dbf0d6267da882d1f67924772bd93db833d
- pocketmine/spl dev-master@b7a8904f912c1f6d38ad867ff1120614ccb80171
- ramsey/collection 1.2.2@cccc74ee5e328031b15640b51056ee8d3bb66c0a
- ramsey/uuid 4.2.3@fc9bb7fb5388691fd7373cd44dcb4d63bbcf24df
- respect/stringifier 0.2.0@e55af3c8aeaeaa2abb5fa47a58a8e9688cc23b59
- respect/validation 2.2.3@4c21a7ffc9a4915673cb2c2843963919e664e627
- rhumsaa/uuid unknown@unknown
- symfony/polyfill-ctype v1.23.0@46cd95797e9df938fdd2b03693b5fca5e64b01ce
- symfony/polyfill-mbstring v1.23.1@9174a3d80210dca8daa7f31fec659150bbeabfc6
- symfony/polyfill-php80 v1.23.1@1100343ed1a92e3a38f9ae122fc0eb21602547be
- symfony/polyfill-php81 v1.23.0@e66119f3de95efc359483f810c4c3e6436279436
- webmozart/assert 1.10.0@6964c76c7804814a842473e0c8fd15bab0f18e25
- webmozart/path-util 2.3.0@d939f7edc24c9a1bb9c0dee5cb05d8e859490725

Loaded plugins:
ChatManager 0.0.1 by  for API(s) 4.0.0-BETA5
CommandDisabler 1.0.0 by  for API(s) 4.0.0
DEVirion 1.2.5-ALPHA12 by poggit, SOFe for API(s) 4.0.0
DevTools 1.15.0+dev by PocketMine Team for API(s) 4.0.0
HideCommands 1.0.10 by Himbeer for API(s) 4.0.0
NameSpaceRemover 1.0.0 by JackMD for API(s) 4.0.0
PureChat 1.4.11 by 64FF00 for API(s) 4.0.0
PurePerms 1.5.0-legacy by 64FF00 & ProjectInfinity for API(s) 4.0.0
SimpleNPC 3.0.0-snapshot by brokiem for API(s) 4.0.0
Sound 0.0.1 by  for API(s) 4.0.0-BETA5
TNTManagement 0.0.1 by  for API(s) 4.0.0-BETA5

----------------------REPORT THE DATA BELOW THIS LINE-----------------------

===BEGIN CRASH DUMP===
eNrtXItz00ia/1e6zNZNuIsdvaxHtpiCIXDDXiA5Enbmdj1FtaSWrUWWPHokhCn+9/t9X7dsyQlZ
mGXvrq5ghsTqx9ff+6U2v02yql7L9u2Vqpu8KifH3uGkzddqcmz7rufN517ozNx5EEXO4aTbmCl3
5kTzeTgPAyvwnCAKDyeFbNpndV3Vk+PfJu3NBssm+vlwslZNI5c08hTLGrGYvFrJ8slfFouLqivT
xeK8kDf88Vwm71S7mIiyakVGI9iedUXxPC94//Fi8aYBrotFCRDLxeKsVCd1fqUWi5eLzrKUfSNa
/pCWq8Xi+enZ5Z8Xi03RLfOy2Z7X1AnWy7ycbVYbOkFDN8uOeNURFh3RGswXeYl5Byxoa5ng418n
DyyxWdMS+quuVNkevVbLvGlVrdJT+l2q+iCYPzwWe8QSzOn3VfmnKi8PqvhvKmnFpiK61zhmsWBg
hLO8UbXmjapp8TOaeGDbjuPMHwKrB/YtFHjJge/g1DtA3kZw+n0ii0Lv+odQcQao6OVHevVB4EV3
Y8MwNAIHDMMdwChVe13V747WyUYdvdIPF1Aj6OhBYHl7EMcITr9Pq+d53bQXG3ldatjeZ8L2o2AP
tlm9WNDyxWK8nuT4tMhBCJ/1WjWbqmyUPnP+qTOhD2kBDo32aNX/UU8deN6XoXHP0t+Somq6Wn3U
WPkGK3A/reqj3cajWKU1nqabumqrpCoY8QvVnlaQkWbtk+ZFmbe5LPIPyhjrgTe/H1VDLfT/k+RO
v9eL7jnsLvXcO6jHGyf9PaRJdV1Lq27wmarhhuH9hH7B+T3Bn0HVZ7DvQeS6dsTEhJ9LzNz+MgXT
aJzIVhqx/zPkcSiats7L5V+dX8SvMyYo+hRBtXxX5PHRa/nuNI9flHBrGVzzgR0Gv4ewZ2VSpdAy
c/78F5H8azrTKNjWJ01GIzHNNxpBjcxlRSHqclUrmb7Uoe+1ShSCFOzauR87DRCuekwW+RnNKQPp
IMfUUtXC2vLM9n4RM/xZza5n+o/G3v5SDjqkGj0ioOSKtA8k9ljdQ98X6PUnKH3guC6YxJg7n+R7
U1bVB6UdVKHURtW944Qe/U4Of8aePVdqu78DwXBfA/RSGMloHfCBMwZ3X1VtnuWJbKGtjTl3GM0u
WEAH9tzzPxNwQ89vyjYvDtKqiwslxrme4f78jkNsa9+69Mz0+zZP3p1rjKvaoOkPIJzznpfYc+BE
7ieAvH2bgMi27pKtf/lBNoqzxtNKpnB1zqG4Q7c6ENPo1Oq0WsIuHrhbu/DsX8S9eeNshpxxNhvk
i7u90Rfv3eaamgfB3Txw7VvS0izWu4wbB8PJFNWvXV6r3jeFcE6blayPj46eHh8xZkeM2FGP19EO
rSPGanDy9OX5jHaPEXo4+eXj4UT9k/L3z8yugYFe8zYvr6riSq2RV2FjCuKTdtLPYuTCQCafTfja
LgbxbHv4vWg3UOo8EVlXJmQ1oiqflRJ6fvBQHIurKqet9pyX/kYfff64aP/QrvJm+v1StUbfH/LD
OR/7UpbgAY/VJo/mDLY54G2Hgn89/CMBDBjgR/oYGsyiT2DGVcBeYi3+wCkyqYJjbdF07B5Nne6K
R2adQZKzbT7fcbYrWR5YWaprsScls9Ydr4V7oCWv5Fph22Ly1LPDxYRXevsr3xMKG5NzA4efDcj5
/sKbvYX/ZRb6+ws/7C38i1kY7C+EfnSMoc3z4f78Jm+T1XY6GnMONMJhD3IZs43Pcq2t8FxbC88l
fn6cfPxW/n0r/76Vf9/Kv2/l37fy71v59638+1b+fSv//r+Uf4eTJWWEsqB6qpT0mmcy2gbEYghj
96Zo4s2smTX94dnlkzlNdnmRooyzbOdwkjdvU3U1Oc5k0SgUbiYUTI49f46TcirrYn+uwij2rblU
sZxnQTQPUzeJYz+NvUAFvp+kfhZlgN0ZhH7KYWjXjXh1Kc6fChvHCz5WOI5lWeKgn7eth+LJyxPf
o6JxtcHOELjaFh4/wFYN7vyM6bdVQ7BfvHp1iQF+uObCNKnWmwoMfgvrr2Wdq4aYI9MVaKnV0d8a
BBCsMWWqPbNnzuMscbIAaWSUWdLzQNY8ThzpgEwrtQLfyZSlglAFxLEaRnO0lu0Ku61ZNHMfJ3Ie
pHaYWU6YhV4WBEHs2H6YpHZk27GVKuW4nisVdqcSkoBNV+sjyqFjhIfpFYJqKlsq4sGzd2V1XT42
v6kOX9ZV06gjkCybkmqbKxj8zHrsWE4UWa6buPPMcy1LQTS+ClSowjDJ5k5qp74feXQqPGOtGiXr
ZMX0r+UGvoVAsTY8DuM4sRxbhiqNHeXJQEknC2XqZTJSSZQmysmSOKQK/J7UE/AcAvdvZgKsDWau
9TiTWRakMrI85YeZH8W2jGwnjOZ+KhMX5YgKA9cK5R70vJT1DfsIZrQzsx+DpRbE4HiOn4W2BeLt
zEkDN1aZbWVeaKcyhf6pMaQ7GW0DU/ex7wVh4EHwvh8nEnTPw3AO8CqcJ46bOND1ZD6Xzh5Acm0F
uzZqdKir6VpSifY4tBzHV1ZkB7EKIhCH/Mi3fNt2lTO3XU+6tvJlON8DVxWMEtFoPbaiWPlK+mng
Z45y3dQPbcg4Sp0ocZzE8xM7UHa6hxI3gUzWyaBIQ1QSeE7sWJEKrbkfx6BqbvlR4qksi7wkClxP
STuKx6CKarmFYLkytuH2UmnFdhSEMpB2EqZgubJhIICQxL6jklsQppuWU41mS5cfK4pXiRcm2BFL
N3KcLAqDDD4gBpIJpGf7djYGtbUzwiZ0VWL5QWw7+OVniW+nUYanKJVZoHxbZW4MpXfHIMq43UKI
wsSTlhdDppE9V7DZ0E3d2ErA9NiB4tsyTlLXHkPYfZyuN2MX+vgL/OGtFJTRsj34H+XKEGoCXQws
ZSO1SXzfmVse3HKYeYADA43lPp93iayGBAsBU6XveR5I8hMYnZRz+j90HWQBylaJF7ihVHuWrJOO
LZcyNQcf48xKfccHkDCEM8n8IHK8IHDiNHLTOIRm7gHZFGNriAMZwugzGHuC7SkOTkM/yDLUDTAK
L4FLseyAmF3LdaNuyBIKxT02tlAHnEnwJ/CUmivXCS3Xju2571nx3IZGKwVWg9N+YskdkK7LdayA
m4Rjj+I4yOI5CkE/sjNoLnQ29bw0iT2oCviaOV5K4oGH3ODwIx2xkb6pnVEqKEzmJuAc/pOOjON5
Jr1AzkP4zMiHw4W7iOfRAIxxNpoWh5HxEvhY0J9E0oP6+WQ9TuKEnhv5bmRHyvfhIh2KMvWqWzdS
9sTcDgvNzTqryhvoZnGT5UUxTUz79wp8IyHCUaTRPIgCFaVZ5IZZmjqx5foR8MwQsZQPJbETdRes
dayZsAUHxbIDuK8UHs620kSGUK0gg/tViT8HLTBhJWOY5F3gELpCawDLJtftuSpFIICLk0AukgqB
IEsQxRA6LWfuwYV+CpY9IBM8s+0oc1MVzVWGWBh5oUvBIfESFzS64GeEn4B1reJ19UHW7RHct6pN
9Kf450e+lwQwmNBCEPFk6EHTXQWflKX2PJaxldkIO/MRkA1c05TiE8uXcIFhRHBEaeLAuUo7jqOE
gv88ia15irAM3CIrAJiP26Y55yZPV7I1jepBHjccPZzsEjiLkiCMyK5dVTUA/BVpoNzk1OAcJncY
VdxAhwIhO0dCl6KiKFOzo6my9mQ4sJbcpe8bn4PjdY5OPX/EPMowzy4ufzp7fXqi+dHkLeFLndan
yKsQhE7yhg4eUbM3M6SIYrF1H0W/l5amQ5oTV3F8Q5kmaBoj8fl0nTz7c14zsluCtkNjSpzZfPrk
9PzHJ7YzogieckkZ9OHk4uy5mnwlAjXQxeKKUVks4H3NpwF6hrqLyyevL9+c36ZNXV1WVdEMaeuH
xrTZcyR3VCGMCNvVG+JSyfXXIq3HAaTssLmHlFXbbhqUV+DHqotnyPAHBdTRFgYI/jFPldGEIdGj
4X31tMf6icXrWEGNvxKxBtxiMUTi89RzpbfOQANoozdAFxuZqNdqXV2NLPDW1P0mOPkTUuaXJ1+L
Qg1tsdjH4vNt8LyrFTmlYanbD41J8Wb22EFOfO/5c8v6IloY+Lmq183kFlmT55KzlOa8rnDQz7C6
qmvOn0378cmO8Lf67MWiR3b36e+K9g6VJqTMK9ktGMMcjeyYO3pszB5Y8bRQS5nc3MUk8S8CVFGz
5kWZ5WXe3nwtFRhxghEbfPwKvNBwwIyLfL0p1KvzpwNm7MaGzHA5Xjal3DSrqh2zI66rd7n6av7M
gKMOH3Vlh/h8KeEG1NEOBhHNb9cHBJu37f/jicPgjennmPXlq0udZuiGzBb/8fj/Ah0jBD6XHkrs
JAoRhQJoLzr2TTx2J9w3nG3qCglKyy2qyYPz7ZN4WsH2loLuYCzqRfngQrbiLGmF7Qs7OLa8YysQ
P734QThIx2lBIctlB1QfqXJJz+uqTR/RhWok6Ysuyxyffyb8k0dcj3/6tFpjM91UdfvIjmzXocHr
FWiaFnmDMQYp30/1K9vmkW3RyBJkrqtU6fmsqhM13Y5VWUajoDeltlv/vLnaPEJ6gk9pnmV50hXt
zSM+Tzcy26qeNqptUXw0j5gydaWKKenEI92r3Y41SqWDJVT+PDp59vzJm9NLGtWin/7aqfqmPx0a
U00beaUMDle5up6mIFGWiXqk6X4fV++npFpmzajInd2sKd1/IEgbRMJS6mqu8lhYAlwQI5FDeOJy
pRolerKErJVoV0pUJSTdwoGLRJZ09SZWIi+ToktVig/ilpIQrItqjZ0ZAdiH2chMHYoKM3VDIEVc
K/lO3FRdbWCJPBOQDtW2dAIEQ3d0ihsC/Epdb8EdpSqTEE0jrqvyu1ZQu1DWgti3BrHUULshDOnu
jKb7eqVK0W2WtUwBYLYoSas0sONFKcSDn1aKEBNtJegahwAI068HD2pZNoVsgRRPM6oFvXsEqfik
WuYXJbeJErrLRSNrgqz1rjeAY8HNa5poVl2boliemotQx2Ix2X7bIFktOlupQGDAtm0edgcPmQtD
mjDmT4qiuhZkCEBWmLJNXOVS/CfpFq1hJZuaqQEKD/QNJrNJAHFBxiAgUnCNwMU3wvCa1hud3U4P
Qf2E6hcqA8bLNBW1arR8iO/0GkeslaS3XOSsBKQSK8Ia3FO/drIgvi7zK6y9kkWnxIE5FA7kIUHX
J6pprcgJTCEXeh9zjGk++1WHHLMmtXvS3JTJpWzeCXrVBkWb8YI3DWRHut9TSstWdVUiLRItljeH
tKFIhTFzGMyhoE59rV/pMm/gSGls3ZXm1ZkGfsHyB01Qw7p6n0MFFdgAkli1yy1yxFuD0IuMlJnW
kNIeirz9Duxra96WwjsnWqf2NosD0NDBsBxmC5MxNZQeM6h9ZZasHXVXliTOlFxRtWEh8DuOZiZQ
epjPYp0vV7D2Wjarw6F1Gs0hjtR1t2n1qGYYMWYN3AxdLFxYLb/ASLXFSLodB7TvxoB0hHSuAqOh
XbOBolGzTi/aahocPRx4faOt9t+LKob2UKgUehyGsM5bMv41Usj4pgXHxYVmtcXM1cU1b78kqV3n
zHnWKFj19VQD6pWsYQqzHCjCZfE1IwKT1Ur1R2olh7Q6smOxrCAoqh1YK+igJaM5ZdSOhUVU4HT2
0boN/X+eAso97sOf4ug/hn/TVhtGwfjXLUoGXCPgPjbUGUu3CNGpPVa25XgGMXYCP7FVGPya774C
hmwXjBJ5DJF0iE4lopNQ71XSsfetNMraIimabVer9wnygWZHkXZcZ5fPjsXljy8uxOmLly8uxZPz
89MXzy7E+bPXAvnbfzx7fSiwSFyeYdUz8dOPZ6fPxPnrs6fPLi5m+y5gxA9n7ht2oO7IK47Y5Igb
IjBZKXbJzI2ts7XBe+QMKfsWXjKFK1TazTIo5H2gEw4a2kT0fkrZtJIhRaMIWdIycxhD1kDgeneO
nPJfc8YZxRBKBHjD7PZq0gWTOENsG5VQvqA5S+hqueq9WxqgXmrT7Eh1LUNr8/BulAzlrqF8KesY
ljHdvQFgB3Q3d9nUCB2zS5hd8N1rWXacnQwxQebWQQcfHvYxYV8JezXU4TXLAEvTu96Z4EycaZ+v
FR7pRdUV6RaXHEHkuhQ7/BsNeMPog1CfOpClOe05O4tbQZJVR0PY0pbV1boPtnq3WTEdquZQwkSN
keQt3RB3qNRIOy76jJJEVuMkUkOjyGm33uj0S+d4wkxMaaKX1wktMhsYd0azpwBPCPMwdnkHgxG0
EfhwwhWUrGk6RY6hXUFqyz4dJadFp+2wOuwFqXMEk3XONDa09JN8ooomWXXlu6bH/anc0Gi+7taI
sQivteirAxKkMFe4GYsdX8leDCvZYm7rGLLxjcGID5xSmtwh6HpbiZ1Uempfp/V98x6+XtybkIZl
Fg4p48xhmkjY55Y2anpzroL0kbgH7HSCoaGYO+d6j6ZwRx22GX5qevqTaXF/rmZgQXWCgXs/qPv0
cFGau1zHJkQgNVtVhU4xY9kmK07FGWVkTVAhE2TYt+nSyMzq0BKrbbKpw9uDoZT6KXKr9U1LwA/F
1B4IkIXHB0/bHhkTAthr7/JYLkYphUw15VTscKJPmzFo0JqJH5EL8tcBKLkTT8/fHGIvcIhhX9d5
CrXnXEF7zy38KcM/Fn6fdu8y8oa5M1g7E09SOKqVLLIj1Jq6TEgVdNgchUMF9TNIwQaGuAt7A2Cj
quY9eTVKMWUxE4TEm/PyvE+2dxUi1RKE1DXCJm3sNuVmap73qpuXxuqa/IPaypPS8l6MDQU8kzIh
bdfqMQitXuToTQ9n4tzsKWS95A3SlKpGF/jErJZLIgEyAduaTcEZC9WfayBPxi5rkpO+Ka4LarrU
pZpWvLx8w5g2IInIjruWvzvDotwdp4uLWe9r1m03pV3HjO2wPlRlUt9stK1ngjoHyIWQsPZkokCm
ZslMcJRaSUoCRL4Gb1qSHaTB/yAA3NQh4wKh8ZdcsDRhr8uOGCFasjtvtEh1KoG1rdFRokTpBoJx
daaaOjnjJOnkxcWTH5AfcT7VlaxD5LA78pTkJlOdJOSkjObbQOmw3tjRubP1VMXd8rgv2r4XNhVr
JmVdwV3xvDA1fKO7DmTNZVPp4G0swiZgGmsN7emqqhruTPS1muqrcfbiqWylaORVHy2oL2Q6XFOa
2zk2QowbiDppM02bv1V5qTsCzKnvxM9x9Z4svxYvTsTBz29enDyE3OkbLde0/hpiI8HQqwIYB9Vw
dWr4o9MPWEO1k10Ja//5h9MevqnvBiPf8WHUGuPEgcVrUhGmrepbSCaMDjpbWcbHYi7Pbqbvuzzd
CaTvrg27N5fcftGmpv/tCc0DXmvsqmtMGyiBE2m1mzV7pnrPsV6fxnSMDiHGPZpTKAbKcrmtUUra
VuyH4sN+1ah9d2fHTDP3ybrqyHtkOtYZZwKW9ayl2E7ekVshED995uCMza85VA82M+Gl0qV3rDSw
WGVk+w1d92dTWvV6xqpFw+Ogr8mng7bkwwcKuY+quVCM0xTi6V1YWnejKWvqwwvZqzuQ7TfT7y02
7l6HJy6qhM23yVMdM4geCZlC4ZouHnJhSUEUK1SqQyc/bEMbt5qMcsgkUYXiSkGrN59a5O9wBNXJ
7IkKCdKXdXXdrrQfwxFSrDS0gZOD9TetDsmM7JS40aM23bFGk/bipBnQRW6aJK+hCX0Xc0umaTn1
aQ7vGQkJ8KbCEQ+AJkrlnSB3ba2tLGe3hWmc17XMuZpFMEGpp7VoU226ojcb80DxnteYsOE6dCCX
QUQln0QRlzwXUgJTYHCTWzfyjk2qQ31HLq71sM4UjGYBkZ2HTndOjyxzSt+v2BvaOobx8GaFnDyr
BjEd/mCqX15tV64gt2ONymyzXm9mecUYw9XdrKk4hCm31GhNmh3qFKbMvNjNMwns5uRyWaulaSma
/qNus9D3/t7t08f4wdecnZzRLe2pCQo6PyD3da10BSL565d0YsOI7wjgsdngrQDi9Jbz3QZYGeHc
YioEqueNMiETosvIHMsG8eYpNe/VsJd3iOCwWUmYhSLPXhMOfV6KiJGpGrXHlPxiScFQz/axS0cO
OeoNmtdpg2DbIQdHbsO+tXdhBiBLWc/3Z9ySqqZrKNY2X+8iiInGBJTWk9ZTwCApkhunA7npaTb1
De7Z7gAzMzyh59z98d4EEy1JbQGDXpKBAfCt4WffNVqZQe3i6m0lYbwDNeFRrKWcBuXZFhBd5+1q
/UqGvE3fStGeF/CMd+rjLXIy2Zg6Dam1pHe65okSIOBoZHXcC03PQUepp3cs/sqZC5LWQ27y/UJA
uQTbBe/hqyImgzLpmh08tVH6V2/cH7krjrJ/5vKx4YqBy2/IJweuJgkYoq/PZRz0R0Ev6yhW6Zi6
O/FYPD99cqkHqdRQ1Fn7o7lAfjiP3oOiUh2679O8bg/Z6f7RZHr6ZcuwaaGNmAIdWGt6irIzWqdv
PAj9RZWu7v1uX6nV27c07FQAB+Eo4ddkTc+naf+KByqg0/oHz9mb8FG8fgSE82Iz8nYwMuX8cpD4
VTr3V+/h2xpT5CbvqExquKCDc4tzFCg3OpHjdUQvUEEJpiOFNhVNJcNHZrQtqSeHE/UeaT6n/Xzl
ENnK8AsWcWJuWm9H6O1bmcp6NFat36ZVC3c3GjU3T3cDXV0Mn8kxDJ+zvGjVCPByPfq6ByqcES45
bOtqOEBfYhg+Dy6s7sZg5+a+gD2jy3hcoYCnw0WbZMyH1yrb3UDejjbs6pvxENKn9XDk4vx0dPxN
82vB31oxn8R2qq3eqRIRfcSCG7kuzE1hutzwId/oO3fRjO6zf9DXxber8fh+PWZyRdg4luXatkMX
kc9PzkaUptVbxmR/EEP5WD6w+rJpRgv1VZOfX45I3MMAj9Q+GJOFwes63xP34MsBLtGr7xSer/a0
jZIm/gKIY66mE2Pypf5miNlLXxYyVUV/f522UplZmQFH8wu1SKEVkRTC6KGipGWkiektIeYjuTO3
3OEQKrmO/fKy09rVw/8LJV5n59wI2234+PG/Ab96Hy8=
===END CRASH DUMP===
