PocketMine-MP Crash Dump Sun Oct 17 16:19:43 WIB 2021

Error: pocketmine\event\player\PlayerJoinEvent::setJoinMessage(): Argument #1 ($joinMessage) must be of type pocketmine\lang\Translatable|string, null given, called in C:\Users\nhang\OneDrive\Máy tính\FLOTV\plugins\Sound\src\Main.php on line 25
File: pmsrc/src/event/player/PlayerJoinEvent
Line: 45
Type: TypeError

A PLUGIN WAS INVOLVED IN THIS CRASH
BAD PLUGIN: Sound v0.0.1

Code:
[36] class PlayerJoinEvent extends PlayerEvent{
[37] 	/** @var string|Translatable */
[38] 	protected $joinMessage;
[39] 
[40] 	public function __construct(Player $player, Translatable|string $joinMessage){
[41] 		$this->player = $player;
[42] 		$this->joinMessage = $joinMessage;
[43] 	}
[44] 
[45] 	public function setJoinMessage(Translatable|string $joinMessage) : void{
[46] 		$this->joinMessage = $joinMessage;
[47] 	}
[48] 
[49] 	public function getJoinMessage() : Translatable|string{
[50] 		return $this->joinMessage;
[51] 	}
[52] }

Backtrace:
#0 plugins/Sound/src/Main(25): pocketmine\event\player\PlayerJoinEvent->setJoinMessage(NULL )
#1 pmsrc/src/event/RegisteredListener(75): NhanAZ\Sound\Main->onJoin(object pocketmine\event\player\PlayerJoinEvent#115744)
#2 pmsrc/src/event/Event(62): pocketmine\event\RegisteredListener->callEvent(object pocketmine\event\player\PlayerJoinEvent#115744)
#3 pmsrc/src/player/Player(749): pocketmine\event\Event->call()
#4 pmsrc/src/network/mcpe/NetworkSession(704): pocketmine\player\Player->doFirstSpawn()
#5 pmsrc/src/network/mcpe/NetworkSession(697): pocketmine\network\mcpe\NetworkSession->onClientSpawnResponse()
#6 pmsrc/src/network/mcpe/handler/SpawnResponsePacketHandler(44): pocketmine\network\mcpe\NetworkSession->pocketmine\network\mcpe\{closure}()
#7 pmsrc/vendor/pocketmine/bedrock-protocol/src/SetLocalPlayerAsInitializedPacket(45): pocketmine\network\mcpe\handler\SpawnResponsePacketHandler->handleSetLocalPlayerAsInitialized(object pocketmine\network\mcpe\protocol\SetLocalPlayerAsInitializedPacket#115836)
#8 pmsrc/src/network/mcpe/NetworkSession(388): pocketmine\network\mcpe\protocol\SetLocalPlayerAsInitializedPacket->handle(object pocketmine\network\mcpe\handler\SpawnResponsePacketHandler#93522)
#9 pmsrc/src/network/mcpe/NetworkSession(351): pocketmine\network\mcpe\NetworkSession->handleDataPacket(object pocketmine\network\mcpe\protocol\SetLocalPlayerAsInitializedPacket#115836, string[2] q.)
#10 pmsrc/src/network/mcpe/raklib/RakLibInterface(187): pocketmine\network\mcpe\NetworkSession->handleEncoded(string[5] c*d..)
#11 pmsrc/vendor/pocketmine/raklib-ipc/src/RakLibToUserThreadMessageReceiver(42): pocketmine\network\mcpe\raklib\RakLibInterface->onPacketReceive(integer 0, string[14] .wl..?...|.|..)
#12 pmsrc/src/network/mcpe/raklib/RakLibInterface(121): raklib\server\ipc\RakLibToUserThreadMessageReceiver->handle(object pocketmine\network\mcpe\raklib\RakLibInterface#23335)
#13 pmsrc/vendor/pocketmine/snooze/src/SleeperHandler(123): pocketmine\network\mcpe\raklib\RakLibInterface->pocketmine\network\mcpe\raklib\{closure}()
#14 pmsrc/vendor/pocketmine/snooze/src/SleeperHandler(82): pocketmine\snooze\SleeperHandler->processNotifications()
#15 pmsrc/src/Server(1546): pocketmine\snooze\SleeperHandler->sleepUntil(double 1634462383.2633)
#16 pmsrc/src/Server(1107): pocketmine\Server->tickProcessor()
#17 pmsrc/src/PocketMine(293): pocketmine\Server->__construct(object BaseClassLoader#2, object pocketmine\utils\MainLogger#3, string[41] C:\Users\nhang\OneDrive\M..y t..nh\FLOTV\, string[49] C:\Users\nhang\OneDrive\M..y t..nh\FLOTV\plugins\)
#18 pmsrc/src/PocketMine(316): pocketmine\server()
#19 pmsrc(11): require(string[85] phar://C:/Users/nhang/OneDrive/M..y t..nh/FLOTV/PocketMine-MP.phar/src/PocketMin)

PocketMine-MP version: 4.0.0-BETA5 [Protocol 465]
Git commit: b65e89b605aeba5f7958d3cbb6db47e766cd6f9f
uname -a: Windows NT PC 10.0 build 22000 (Windows 10) AMD64
PHP Version: 8.0.10
Zend version: 4.0.10
OS : WINNT, win
Composer libraries: 
- adhocore/json-comment 1.1.2@fc2f76979f0a44a5f5bc2a2b600d0762fe0e78e7
- brick/math 0.9.3@ca57d18f028f84f777b2168cd1911b0dee2343ae
- daverandom/callback-validator unknown@unknown
- fgrosse/phpasn1 v2.3.0@20299033c35f4300eb656e7e8e88cf52d1d6694e
- netresearch/jsonmapper v4.0.0@8bbc021a8edb2e4a7ea2f8ad4fa9ec9dce2fcb8d
- pocketmine/bedrock-protocol 2.0.0+bedrock1.17.30@faff7da904e68f69b1a9128956dac3122e87308a
- pocketmine/binaryutils 0.2.1@8cd078e2426f8100331f2d73bef10f481dad6cde
- pocketmine/callback-validator 1.0.3@64787469766bcaa7e5885242e85c23c25e8c55a2
- pocketmine/classloader dev-master@80226e0917be79ac3230606113e25134a31e6a85
- pocketmine/color 0.2.0@09be6ea6d76f2e33d6813c39d29c22c46c17e1d2
- pocketmine/errorhandler 0.3.0@ec742b209e8056bbe855069c4eff94c9734ea19b
- pocketmine/log 0.3.0@03ab1316da0b1978a7a1c8dd73e1c2a973cb62ec
- pocketmine/log-pthreads 0.2.0@6be3445c48c62eba3922f987f000bb20c81d161f
- pocketmine/math 0.3.0@83ec067b12c066fc61d9fb129daf7e61ef3b1d63
- pocketmine/nbt 0.3.0@98c4a04b55a915e18f83d3b0c9beb24a71abcd31
- pocketmine/pocketmine-mp 4.0.0-BETA5@b65e89b605aeba5f7958d3cbb6db47e766cd6f9f
- pocketmine/raklib 0.14.2@e3a861187470e1facc6625040128f447ebbcbaec
- pocketmine/raklib-ipc 0.1.1@922a6444b0c6c7daaa5aa5a832107e1ec4738aed
- pocketmine/snooze 0.3.0@fe5b1dbf0d6267da882d1f67924772bd93db833d
- pocketmine/spl dev-master@b7a8904f912c1f6d38ad867ff1120614ccb80171
- ramsey/collection 1.2.2@cccc74ee5e328031b15640b51056ee8d3bb66c0a
- ramsey/uuid 4.2.3@fc9bb7fb5388691fd7373cd44dcb4d63bbcf24df
- respect/stringifier 0.2.0@e55af3c8aeaeaa2abb5fa47a58a8e9688cc23b59
- respect/validation 2.2.3@4c21a7ffc9a4915673cb2c2843963919e664e627
- rhumsaa/uuid unknown@unknown
- symfony/polyfill-ctype v1.23.0@46cd95797e9df938fdd2b03693b5fca5e64b01ce
- symfony/polyfill-mbstring v1.23.1@9174a3d80210dca8daa7f31fec659150bbeabfc6
- symfony/polyfill-php80 v1.23.1@1100343ed1a92e3a38f9ae122fc0eb21602547be
- symfony/polyfill-php81 v1.23.0@e66119f3de95efc359483f810c4c3e6436279436
- webmozart/assert 1.10.0@6964c76c7804814a842473e0c8fd15bab0f18e25
- webmozart/path-util 2.3.0@d939f7edc24c9a1bb9c0dee5cb05d8e859490725

Loaded plugins:
ChatManager 0.0.1 by  for API(s) 4.0.0-BETA5
CommandDisabler 1.0.0 by  for API(s) 4.0.0
DEVirion 1.2.5-ALPHA12 by poggit, SOFe for API(s) 4.0.0
DevTools 1.15.0+dev by PocketMine Team for API(s) 4.0.0
HideCommands 1.0.10 by Himbeer for API(s) 4.0.0
PureChat 1.4.11 by 64FF00 for API(s) 4.0.0
PurePerms 1.5.0-legacy by 64FF00 & ProjectInfinity for API(s) 4.0.0
SimpleNPC 3.0.0-snapshot by brokiem for API(s) 4.0.0
Sound 0.0.1 by  for API(s) 4.0.0-BETA5
TNTManagement 0.0.1 by  for API(s) 4.0.0-BETA5

----------------------REPORT THE DATA BELOW THIS LINE-----------------------

===BEGIN CRASH DUMP===
eNrtXGlz20aa/itd9NRGzhIk7oNTzlqx5I13ZUtryZPUhClXA2iQiEGAwSFZyfi/7/N2N0iAkhU7
kz0+eDIVkY3u977RzG+TrKo3vH17Leomr8rJwp1O2nwjJgvLd1zXt53QmdmeFTjOdNJt1SPbnlm2
7wVe5PqhGYT+dFLwpj2t66qeLH6btLdb7Jpc4Y9am042omn4ila3VfJOtJu8FMuluBZlu1xuC34r
6uXyQv79jyovT+nBYtGIlr69VIePHi/Ycb3qNnjGHlns6C8/7x8+ZpuuaVksWJUxIoANERW8XC2X
VzUvm4K3PC7EP5q2zsvVlJVdUbBVDoRTlvCiECnLS/ZssVy+aSCU5bJcy8PnpTipsW25fLnsTFNY
t6yVH9JyvVw+Pzu/+htx0q3yEocuq65Ml8umTrCf5+Vsu96yqmQFyGG2B4lkwPs8L6RI1rxezOfP
FnOJci4xznuE87v45hLd/EJy+BIgjZcXM4IyB8K5lOpcCXV+IFOig5BrxBva/3tnsJ/Ihm14MI6a
J/j44+SRyTS3c8msBEOsHtkeFPXpaja+OVDzqzdnZ+wxsELHhxS+Fqu8aUUt0jP6W4r6KCB0ryCy
47/v5E50GN9UJYE9quKfRdJ+BkWPLMsLXFeSYN8hQW458u37mbxLoPENmZU69U+R4gxIGWnqKHCj
+6nRAiYCjiQMdwCjFO1NVb+bb5KtmL9SXy6hA8SBo8B0DyCOCTS+Savned20l1t+UyrY3ifC9qPg
ALbevVzS9uVyvJ/0+KzIwYjE9Vo026pshMLpfwwn7CEtIKHRmQtOOL9Tj45c9/PIeGDrb0lRNV0t
PiiqAk0VpJ9W9Xx/cB6LtMY3Y1tXbZVUhST8UrRnFXSkRHvcvCjzNudF/qtIFcVHrvcwqZpb2P9H
2TW+UZseQHafeR4g6ukGpt8jmkw3dHwpkPATTcMJw4cZ/Qz8PcOfwNUniO9R5Hi2LZmJPpUZz/o8
A1NknCBBabX/T+hjylTm+9H+if0yU2HW/BhHNX9X5PH8NX93lscvSsS1DOH/yAqDP8LZaZlUKcxM
E+D9xJKv05mmwfqozygijHyrCFTEXFWUK6/WteCpThyvRSKQL+HY9sPUKYCI1WO2KNAoUWlIRzke
rUTNzJ3QLPcnNrspZrN/m81m/8A/mnr7cyVok230hICTazI/sNhT9QB/n2HYH+H0ke04jqcodz4q
96asql+FilCFEFtR95HTsp0/KOFPOHMQSy33DxAYHlqA2govGe0DPYjGkO6rqs2zPOEtrLXReIfp
7FIq6MjyXP8TATf0/U3Z5sVRWnUoONmwoPYdRyHx70FimYfepZ4Y37R58u5CUVzVmsxgAGFfEB7Z
kfMRIG/fJmCyrbtkF2C+5Y14hhK+Oat4ilhnT9k9ttWBmUbVVmfVCn7xyNn5hWv99HDNPJuhfp3N
BrXy/mz02Wd3dbaSQXi/DBzrjraUiNUpHcchcHJF8UuX16KPTSGC0++V5TuyHi7Hd8uPJz99mE7E
ly7pc7qkP9ioQNAKy9u8vK6Ka0HiAKC8TKHlhLaq51iTVGCBkhMpxvGxmJA7sAMETLxHSZ/263Lt
N5x0ApxYtvOvv2ZPr3mtDfsfQ0myr+e0MZQbKWuDCAhxqJy/0oYIG/DXNdVGRI48YVlXJhSa2NB3
FQ3sL0oWU3aP3kbgHxOlriXhLtu/tOu8QfxTQJ70YIgG1x7vGcCgjQcUu47c/YE+upp4717iD+z0
d+llC3Zd5akk2/8skoI9SaEmKbqXpNWB6wDlPWQRBZ6pKahF29Ulu0sIYfasHWaPpPhh8uFLy/yl
Zf7SMn9pmb+0zF9a5i8t85eW+UvL/KVl/tIyf3rLPJ2sqCTkBbVmJaf3j5PRMRAWQxn7V5gTd2bO
TOPb06tjaiHjLi/SycI2LXs6yZu3qbieLDJeNAI9oM4FaBl9D5hy6hFj3xNhFPumx0XMvSyIvDB1
kjj209gNROD7SepnUQbYnSboe/SV1U3DXl2xi2fMAnom0TLbNk2THfXPLfMxO3554rvUf663OBmC
VsvE11/hq5p2+R2P31YNwX7x6tUVFuSXG3Ss1KluthUE/BbeX/M6Fw0Jh6dr8FKL+c8NEgj26J7X
mlkz+2mW2FmAOjLKTO66YMuLE5vbYNNMzcC3M2GKIBQBSayG08w3vF3jtDmLZs7ThHtBaoWZaYdZ
6GZBEMS25YdJakWWFZupELbjOlzgdMqhCfh0tZlTER0jPRjXyKopb2nwAZm9K6ub8qn+S03+qq6a
RszBMm9KaqGu7ZkzM5/aph1FpuMkjpe5jmkKqMYXgQhFGCaZZ6dW6vuRS1gRGWvRCF4na8n/hm8R
WwiUtIanYRwnpm3xUKSxLVweCG5nIU/djEciidJE2FkShzQHeKD2BDybwP2rfgDRBjPHfJrxLAtS
Hpmu8MPMj2KLR5YdRp6f8sSxbFuEgWOG/AB6XvL6VsYIKWh7Zj2FSE2owXZtPwstE8xbmZ0GTiwy
y8zc0Ep5CvsTY0j3CtoCpc5T3w3CwIXifT9OOPj2wtADeBF6ie0kNmw98TxuHwCk0FbI0AZIcBlj
w6lHexqatu0LM7KCWAQRmLMd0zd9y3KE7VmOyx1L+Dz0DsBVhSSJeDSfmlEsfMH9NPAzWzhO6ocW
dByldpTYduL6iRUIKz0gSQ7OdNkpQZGFiCRw7dg2IxGanh/H4Moz/ShxRZZFbhIFjiu4FcVjUEW1
2kEwHR5bCHspN2MrCkIecCsJU4hcWHAQQEhi3xbJHQjGtpWlRrPjy48F8pWXuGGCEzF3ItvOojDI
EANiEJlAe5ZvZWNQOz8jakJHJKYfxJaNP36W+FYaZfgWpTwLhG+JzIlh9M4YRBm3OwhRmLjcdGPo
NLI8AZ8NndSJzQRCj20YvsXjJHWsMYT9R2OzHYfQp58RD++UoJIsy0X8EQ4PYSawxcAUFkqbxPdt
z3QRlsPMBRw4aMwP5bwvZBUkeAiEyn3XdcGSn8DpOPfo/6FjowoQlkjcwAm5OPBkVXTspJQJD3KM
MzP1bR9AwhDBJPODyHaDwI7TyEnjEJZ5AGRbjL0hDngIp8/g7AmOp0Cchn6QZZZlwyncBCHFtAIS
ds03jbglTyiEHD5JD7UhmQT/C1whPOHYoelYseX5rhl7FixaCIgakvYTk++BdF2ucgXCJAJ7FMdB
FnvoBP3IymC5sNnUddMkdmEqkGtmuympBxFyC+RzlbFRvom9UwoYTOYkkBz+4TaPYy/jbsC9EDEz
8hFwES5iLxqA0cFG8WJLYtwEMRb8JxF3YX4+eY+d2KHrRL4TWZHwfYRIm7JMve42Dec9M3fTQnO7
yaryFrZZ3GZ5URiJHplfQ26kRASKNPKCKBBRmkVOmKWpHZuOH4HODBlL+DASKxH3wdrESgg7cDAs
K0D4ShHhLDNNeAjTCjKEX5H4HniBCwsewyXvA4fUFZoDWBaFbtcRKRIBQhwHcREXSARZgiyG1Gna
nosQ+jFY1oBNyMyyosxJReSJDLkwckOHkkPiJg54dCDPCP8GrBsRb6pfed3OEb5FrbM/5T8/8t0k
gMOEJpKIy0MXlu4IxKQstbyYx2ZmIe14IyBbhCaD8pPUL9ECx4gQiNLERnDlVhxHCSV/L4lNL0Va
Bm2RGQDMh90EXtYmz9a8fclLtGT1oI4brk4n+wLOpCIIK7xr11UNAD+iDOTbnIaow+IOq6KkQS0M
CNU5CroUHUWZ6hNNlbUnw4UNlwP/fvI5QK9qdHqBgJxHFeb55dX356/PTpQ8mrwlemma+wx1FZLQ
Sd4Q4hE3B0+GHFEuNh/i6I/y0nQoc+Iqjm+p0gRPYyI+na+T07/ltSR2x9BuacyJPfOM47OL744t
e8QRIuWKKujp5PL8uZj8SQwqoMvltSRluUT01Z8G5GnuLq+OX1+9ubjLm7i+qqqiGfLWL415szwU
d9QhjBjb9xvsSvDNn8VaTwNY2VPzACvrtt02aK8gj3UXz1DhDxqo+Q4GGP4uT4W2hCHTo+VD87TG
9onNm1jAjP8kZjW45XJIxKeZ51odnYEH8HbR1YI8d9gP9ktjntyZNY4iE999/tw0P4slCfxC1Jtm
coe7yXMuU3lzUVdA9ANMs+qai1OjX5/s+X+rcC+XPbH7T7/L/z16J6L0u6QdGC0cRexYOmptLB6Y
ulGIFU9u7xMS+xcGrmii8aLM8jJvb/8sSxhJQhI2+PgnyELBgTAu8822EK8ung2EsV8bCsORSaUp
+bZZV+1YHHFdvcvFn+b0GhyNwWh0OaTncxnXoOZ7GMS0fJs9YFi/3f5fz66D94qfkn+uXl2pXKym
Fjv6x+v/B3yMCPhUfqj64ajWBbqEgxTST7pkOJHDtdm2rpDFWznHmTy62H1jzyr43orRLYhlvSwf
XfKWnScts3xmBQvTXZgB+/7Ft8xGzUob6AZHB1KfiHJF3zdVmz6h+xeoZJddltm+/Hci/y1XHFf+
26fdihpjW9XtEyuyHJsWb9bgySjyBmsSJH9vqBebzRPLpJUV2NxUqVDPs6pOhLFbq7KMVsFvSrOp
/vv2evsEORyf0jzL8qQr2tsnEp+a9rVVbTSibVGhN08kZ+JaFAbZxBM10NytNUKkgy3UIzw5OX1+
/ObsilaV6o1fOlHf9thhMZXR8GuhabjOxY2RgkVeJuKJ4vt9XL03yLT0nlEnOLvdUE38iJE1sERq
qatlKySVxSAFNlI5lMeu1qIRrGeL8Vqwdi1YVULTLQI4S3hZVvJ6Tl4mRZeqWzZ3jIRgXVYbdYnn
LsyGZ2LKKjypGwLJ4lrwd+y26moNi+UZg3aoASQMUAzdiSluCfArcbMDN09FxqGaht1U5Vcto5ka
rxmJbwNmaep0SxTSXQjF981alKzbrmqeAsBsWZJVKWCLZcnYo+/XgghjbQUsZcoAQg+1IQN99QJE
yceS1ILe0IFVfBKtlBdVgIlgahREKxuCrOyud4AFkxNeetCsuzZFR2no21ULtpzsLicl62VnCREw
LFiWJZedwZfMgSNNJOXHRVHdMHIEuqmiext2nXP2X2RbtEcamaEfDUh4dCqNUB9iIJyRMzCoFFIj
cPEt07Km/dpmd4+HoL5HiwiTgeB5mjK04ko/JHd618E2gtOrIHn9C1qJBVEN6YlfOl6QXOUtLobe
vRPsSCNFAHlM0BVGYdSCgoABvdBLiwUeS9yvOhRiNZndcXNbJle8ecfofRQMbSY3vGmgO7L9nlPa
tq6rEmURa7G9mdKBImXazeEwU0bj7Fq995SyQSCltU1X6vdLCvil1D94ghnW1fscJiggBrAkTbvc
EUey1QS9yMiYaQ8Z7ZTl7VcQX1vLY6mgW1jSpg4OsyPw0MGxbCkWyYahOV1IUIfGzKV11F1ZkjpT
CkXVVipBvghoZgz1uf7MNvlqDW+vebOeDr1TWw5JpK67batWlcBIMBvQpvmSyoXXyil/qjyG03Up
kH0/BWQjZHMVBA3rmg0MjSZaatPO0hDoEcDrW+W1/15UMayHUiVT63CETd6S829QQsa3LSTOLpWo
TSlc1YHK41ektZtcSl5aFLz6xlCAeiNrJIdZDhIRsuRlHAKT1UL0KJWRQ1udvPi1qqCoimIEWQUh
WkkyDUnagpnEBbDLGK1mtf/vOaDa4yH6KY/+c/Q3bbWVJOj4uiNJg2sYwseWxkfpjiDC2lNlmbar
CZNB4HvpFZq+5qs/gULpF5Ikihgs6ZCdSmQnJt6LpJPRt1IkK4+kbLbbLd4nqAeaPUcqcJ1fnS7Y
1XcvLtnZi5cvrtjxxcXZi9NLdnH6mqF++8/T11OGTezqHLtO2fffnZ+dsovX589OLy9nhyFgJA/b
87U40HfklczYFIgbYjBZCxmSpTR2wdaC7FEzpDK2yC0GQqFQYVaCQt0HPhGgYU3E78eMTRkZSjTK
kCVt08gkZAUEoXcfyKn+1TjOKYdQISAPzO7uJlvQhTPUthUJ1QtKskSu0qs6u+MB5iW2zZ5Vx9S8
No/vJ0lz7mjOV7yO4RnGfkwuA9D90pWuRuToU0yfQuze8LKT1cmQElRuHWzw8bTPCYdG2JuhSq9Z
BliK383eBWfsXMV8ZfAoL6quSHe05EgiNyXb098owFtJPhj1aUxXamzPZbC4kySl6SgIO96yutr0
yVad1juMoWkONUzcaE3esQ12j0mNrOOyryhJZTUwkRlqQ067zVaVX6rGY/qBQQ96fZ3QJn1A0i7J
7DnAN6R5ODu/R8BI2kh8wHANI2uaTlBgaNfQ2qovRyloEbY9VdNekapG0FXnTFFDWz8qJ+poknVX
vmt62p/xLa3mm26DHIv0WrO+OyBFMn1rWlKxlyv5ixal9Ji7NoZqfKspkggNKpM7JF13p7GTSj06
tGmqjSjqKfhqc+9CCpbeOORMVg5GwuGfO95oMixrFZSPJD1QpwoMBWUrb3MxdUZxuOcOx7Q8FT89
Ztrc41UCLKhP0HAfBvWQHS5LfeFpoVMESrN1VagSM+ZtspaluCQZVRNMSCcZGdtUa6SfqtQSi12x
qdLbo6GW+kcUVuvbdi1/+WBYAwVK5UnERtsTo1OAjNr7OlY2o1RCpopzanZkoU+HsajJmrHvUAvK
G/hU3LFnF2+mOAsaYvjXTZ7C7GWtoKLnDr4h4S+Y35fd+4q8kdIZ7J2x4xSBas2LbI5eU7UJqYAN
a1RAymieQQY2cMR92hsAG3U17ymqUYnJixkjIt5clBd9sb3vEKmXIKJukDbpYLctt4b+ftDdvNRe
1+S/ip0+qSzv1dhQwtMlE8p2ZR6D1OpGtjr0eMYu9JmC1yt5gOtWVduCxJjVfEUsQCcQW7MtZMVC
/eeGfucCZ+c16Undp1YNNd18Ek3LXl69kZQ2YInYjruWUQMvVblHp5qLWR9rNm1n0KmFpHbYH4oy
qW+3ytczRpMD1EIoWHs20SDTsGTGZJZacyoCWL6BbFrSHbQh/3MOCFNTSQuUdi2JXpMkEHVlIEaK
5jKcN0qlqpTA3lbbKHEi1ABBhzrdTZ2cyyLp5MXl8beoj2Q91ZXShihgdxQpKUymqkjIyRj172/S
Yb+x53Pv66mIu9Wib9q+YRY1a7pkXSNcyedM9/CNmjqQN5dNpZK39giLgCmqFbRn66pq5GSi79VE
343LKJ7ylrOGX/fZguZCesJl0LN9YCPC5ABRFW16aEM/AVETASmpr9gPcfWePL9mL07Y0Q9vXpw8
ht7h9qAB+2+gNlIMvSqAc1APV6daPqr8gDdUe92V8PYfvj3r4ev+brDylURGozFZOEj16lJE8lb1
IySdRgeTrSyTaPEsz26N912e7hXST9eG05srOX5Rrqb+yyFKBnKv9quu0WOgBEGkVWFWnzHUmYXa
n8aERqUQHR41FsqBvFztepSSjhWHqXja7xqN7+6dmCnhHm+qjqJHpnKdDiYQWS9ayu0UHeUoBOqn
zzI54/BrmaoHhyXjpVCtdywUsFhk5PsNXYqXrrTu7UyaFi2Pk75inxDt2EcMZPyQVH3rFtgE8ul9
VJr3k8lrmsMz3ps7iO0P098dNc7BhCcuqkS6b5OnKmcQPxw6hcE1XTyUwoqSKHaIVKVO+WWX2uSo
SRsHTxJRCNkpKPOWWIv8HVBQnywjUcHB+qqubtq1imNAwdlaQRsEOXh/06qULIk1SBo9acZeNIq1
FyfNgC8K06R5BY2pC4s7NvXIqS9z5JmRkgDPYDZ7BDLRKu8VuR9r7XQ5u6tMHbxueC67WSQTtHrK
irbVtit6t9FfKN/LPTptODYhlG0QcSkxUcalyIWSQDcYcsitBnkLXerQ3FE212pZVQraskDIPkKn
+6BHnmnQjxAOlnaBYby8XaMmz6pBTkc8MNTLq93ONfS2UKTMtpvNdpZXkmKEutsNNYdw5ZYGrUmz
J53SlH7O9s8lCzLM8dWqFis9UtTzRzVmoR/gvTvkT9KHWHN+ck5XmQ2dFFR9QOHrRqgOhMPJbyTG
RhK+Z0CuzQZvBZCnd5LvtqBKK+eOUKFQ9VwbEyohurErc9kg3zyj4b0YzvKmSA7bNYdbCIrs9FPT
XV2KjJGJGr2HQXGxpGSonva5S2UOPpoN6tdpg2TboQZHbSNjax/CNECpZfW8x3FHq4qvoVrbfLPP
IDobE1DaT1ZPCYO0SGGcEMqhpz7UD7hnewT6yRBDL7mH871OJkqTygMGsyQNA+BbLc9+arTWiyrE
1btOQkcHGsKjWUtlGZRnO0B057Wr1SsZijb9KEVFXsDT0anPt6jJeKP7NJTWnN7p6m9UAIFGratF
rzT1DDZKM70F+1FWLihap3LI9xMBlS3YPnkPXxVJNqiSrmWApzFK/+pNzkfuy6MyPsv2sZEdg2y/
oZ8ctOoiYEi+witpUB8ZvayjXKVy6h7jgj0/O75Si9RqCJqs/VXfsp560XtwVIqp8z7N63Yqg+5f
daWnXrYMhxbKiSnRQbR6psg7bXXqxgNTv+bo6j7u9p1avXtLI4MK4CAdJfI1WdPLyehf8cAEVFn/
6LmMJhKV3D8CIutivfJ2sGLI+nJQ+FWq9hfvEdsa3eQm76hNamRDh+AW52hQblUhJ/cRvyAFLZjK
FMpVFJcSPiqjXUs9mU7kT9hl2S/v5aFaGf4KIU70deTdCr19K1Nej9aqzdu0ahHuRqv6euZ+oauL
4XcKDMPvWV60YgR4tRn9JgIdzoiWHL51PVygm/7D74Nbnfs1+Lm+L2DN6Maa7FAg0+GmbTKWw2uR
7a/p7lYbGeqb8RLKp81w5fLibIT+tvmlkD/t0J/Y7lFbvRMlMvpIBLd8U+jrtHS54dd8qy6mRTO6
9P2rulO9242v7zdjIVdEjW2ajmXZdFv34uR8xGlavZWUHC5iKR/rB15fNs1oo7pq8sPLEYsHFOAr
jQ/GbGHxps4P1D24Qe8Qv+ri3cX6wNqoaJK/krD1/W0STL5SP5/QZ+kXNbqr6C9501FqMyu9YCt5
oRcplCGSQWg7FFS0jCwxvaPEfKR3KS1nuIROrpNxedUp6+rh/50Kr/MLOQjbH/jw4b8BThbcxg==
===END CRASH DUMP===
