PocketMine-MP Crash Dump Thu Feb 10 21:02:46 WIB 2022

Error: Undefined property: emretr1\rpsolution\Main::$player
File: plugins/RPSolution/src/emretr1/rpsolution/Main
Line: 54
Type: ErrorException

THIS CRASH WAS CAUSED BY A PLUGIN
BAD PLUGIN: RPSolution

Code:
[45] 		$packet = $event->getPacket();
[46] 		if($packet instanceof ResourcePackClientResponsePacket){
[47] 			if($packet->status === ResourcePackClientResponsePacket::STATUS_SEND_PACKS){
[48] 				$event->cancel();
[49] 
[50] 				$manager = $this->getServer()->getResourcePackManager();
[51] 				// if($player === null) {
[52] 				// 	return;
[53] 				// }
[54] 				self::$packSendQueue[$playerName] = $entry = new PackSendEntry($this->player);
[55] 				$entry->setSendInterval($this->getRpChunkSendInterval());
[56] 
[57] 				foreach($packet->packIds as $uuid){
[58] 					//dirty hack for mojang's dirty hack for versions
[59] 					$splitPos = strpos($uuid, "_");
[60] 					if($splitPos !== false){
[61] 						$uuid = substr($uuid, 0, $splitPos);
[62] 					}
[63] 
[64] 					$pack = $manager->getPackById($uuid);

Backtrace:
#0 plugins/RPSolution/src/emretr1/rpsolution/Main(54): pocketmine\errorhandler\ErrorToExceptionHandler::handle(integer 2, string[52] Undefined property: emretr1\rpsolution\Main::$player, string[59] D:\FLOTV\plugins\RPSolution\src\emretr1\rpsolution\Main.php, integer 54)
#1 pmsrc/src/event/RegisteredListener(75): emretr1\rpsolution\Main->onPacketReceive(object pocketmine\event\server\DataPacketReceiveEvent#29636)
#2 pmsrc/src/event/Event(62): pocketmine\event\RegisteredListener->callEvent(object pocketmine\event\server\DataPacketReceiveEvent#29636)
#3 pmsrc/src/network/mcpe/NetworkSession(394): pocketmine\event\Event->call()
#4 pmsrc/src/network/mcpe/NetworkSession(358): pocketmine\network\mcpe\NetworkSession->handleDataPacket(object pocketmine\network\mcpe\protocol\ResourcePackClientResponsePacket#29683, string[47] ....*f9f3ee5c-c5b7-4200-917a-c526b7cbaa9f_0.0.1)
#5 pmsrc/src/network/mcpe/raklib/RakLibInterface(192): pocketmine\network\mcpe\NetworkSession->handleEncoded(string[48] ..`bd.J.L3NM5M.M6M2.5120..44O.r........-........)
#6 pmsrc/vendor/pocketmine/raklib-ipc/src/RakLibToUserThreadMessageReceiver(42): pocketmine\network\mcpe\raklib\RakLibInterface->onPacketReceive(integer 0, string[57] ..M/q.i:r....<*....jK..6...!-.`.....8.f.....;R......B..0.)
#7 pmsrc/src/network/mcpe/raklib/RakLibInterface(122): raklib\server\ipc\RakLibToUserThreadMessageReceiver->handle(object pocketmine\network\mcpe\raklib\RakLibInterface#28187)
#8 pmsrc/vendor/pocketmine/snooze/src/SleeperHandler(123): pocketmine\network\mcpe\raklib\RakLibInterface->pocketmine\network\mcpe\raklib\{closure}()
#9 pmsrc/vendor/pocketmine/snooze/src/SleeperHandler(82): pocketmine\snooze\SleeperHandler->processNotifications()
#10 pmsrc/src/Server(1660): pocketmine\snooze\SleeperHandler->sleepUntil(double 1644501766.2105)
#11 pmsrc/src/Server(1046): pocketmine\Server->tickProcessor()
#12 pmsrc/src/PocketMine(304): pocketmine\Server->__construct(object BaseClassLoader#2, object pocketmine\utils\MainLogger#3, string[9] D:\FLOTV\, string[17] D:\FLOTV\plugins\)
#13 pmsrc/src/PocketMine(327): pocketmine\server()
#14 pmsrc(11): require(string[53] phar://D:/FLOTV/PocketMine-MP.phar/src/PocketMine.php)

PocketMine-MP version: 4.2.0 [Protocol 486]
Git commit: 44818e6d1456dcf1f0fd3cd27da1dfecbe03c08b
uname -a: Windows NT PC 10.0 build 22000 (Windows 10) AMD64
PHP Version: 8.0.15
Zend version: 4.0.15
OS: WINNT, win
Composer libraries: 
- adhocore/json-comment 1.1.2@fc2f76979f0a44a5f5bc2a2b600d0762fe0e78e7
- brick/math 0.9.3@ca57d18f028f84f777b2168cd1911b0dee2343ae
- daverandom/callback-validator unknown@unknown
- fgrosse/phpasn1 v2.4.0@eef488991d53e58e60c9554b09b1201ca5ba9296
- netresearch/jsonmapper v4.0.0@8bbc021a8edb2e4a7ea2f8ad4fa9ec9dce2fcb8d
- pocketmine/bedrock-data 1.6.0+bedrock-1.18.10@e98c511584a7bd58a95986374d2df4b04c6a2ba0
- pocketmine/bedrock-protocol 8.0.0+bedrock-1.18.10@017e57c8f8a74118bcbba7332e7ebac9e6c81693
- pocketmine/binaryutils 0.2.4@5ac7eea91afbad8dc498f5ce34ce6297d5e6ea9a
- pocketmine/callback-validator 1.0.3@64787469766bcaa7e5885242e85c23c25e8c55a2
- pocketmine/classloader 0.2.0@49ea303993efdfb39cd302e2156d50aa78209e78
- pocketmine/color 0.2.0@09be6ea6d76f2e33d6813c39d29c22c46c17e1d2
- pocketmine/errorhandler 0.6.0@dae214a04348b911e8219ebf125ff1c5589cc878
- pocketmine/locale-data 2.4.3@4d0b081f1a79407e087968ea76aaf330db6ea2b5
- pocketmine/log 0.4.0@e6c912c0f9055c81d23108ec2d179b96f404c043
- pocketmine/log-pthreads 0.4.0@61f709e8cf36bcc24e4efe02acded680a1ce23cd
- pocketmine/math 0.4.2@aacc3759a508a69dfa5bc4dfa770ab733c5c94bf
- pocketmine/nbt 0.3.2@3e0d9ef6b6c5fb45e3745a121296e75631b3eefe
- pocketmine/pocketmine-mp 4.2.0@44818e6d1456dcf1f0fd3cd27da1dfecbe03c08b
- pocketmine/raklib 0.14.3@4798576fec0364266dce23b368a7fec5e5de7927
- pocketmine/raklib-ipc 0.1.1@922a6444b0c6c7daaa5aa5a832107e1ec4738aed
- pocketmine/snooze 0.3.1@0ac8fc2a781c419a1f64ebca4d5835028f59e29b
- ramsey/collection 1.2.2@cccc74ee5e328031b15640b51056ee8d3bb66c0a
- ramsey/uuid 4.2.3@fc9bb7fb5388691fd7373cd44dcb4d63bbcf24df
- rhumsaa/uuid unknown@unknown
- symfony/polyfill-ctype v1.24.0@30885182c981ab175d4d034db0f6f469898070ab
- symfony/polyfill-php80 v1.24.0@57b712b08eddb97c762a8caa32c84e037892d2e9
- symfony/polyfill-php81 v1.24.0@5de4ba2d41b15f9bd0e19b2ab9674135813ec98f
- webmozart/assert 1.10.0@6964c76c7804814a842473e0c8fd15bab0f18e25
- webmozart/path-util 2.3.0@d939f7edc24c9a1bb9c0dee5cb05d8e859490725

Loaded plugins:
Biome 1.0.0 by  for API(s) 4.0.0
ChatThin 1.3.0 by Blugin-team, PresentKim for API(s) 4.0.0
DEVirion 1.2.8 by poggit, SOFe for API(s) 4.0.0
DevTools 1.15.0 by PocketMine Team for API(s) 4.0.0
EasyCommandAutofill 2.0.0 by jasonwynn10 for API(s) 4.0.0
FormAPI 2.1.0 by jojoe77777 for API(s) 4.0.0
MultiWorld 1.7.0-beta4 by CzechPMDevs, VixikCZ, fuyutsuki, kaliiks for API(s) 4.0.0
PacketLimitFix 1 by  for API(s) 4.0.0
Particles 0.0.1 by  for API(s) 4.1.0-BETA2
PlayerSelectors 2.0.0 by Ad5001 for API(s) 4.0.0
PureChat 2.0.0 by Vecnavium, 64FF00 for API(s) 4.0.0
PurePerms 1.4.5 by Vecnavium , 64FF00 & ProjectInfinity for API(s) 4.0.0
RPSolution 1 by EmreTr1 for API(s) 4.0.0
Slapper 2.0.0 by Vecnavium, jojoe77777 for API(s) 4.0.0
Sound 0.0.1 by  for API(s) 4.0.0-BETA5
TNTManagement 0.0.1 by  for API(s) 4.0.0-BETA5
Tags 0.0.1 by NhanAZ for API(s) 4.0.0
Track 0.0.8 by NhanAZ, Nexus9265, Mcbeany, EndermanbugZJFC for API(s) 4.0.0

----------------------REPORT THE DATA BELOW THIS LINE-----------------------

===BEGIN CRASH DUMP===
eNrtPIly20aWv9JDpzbyrEjhPph1yrIkbzSxLI0lx6mEKU+j0SAR4WBwSKJT+fd973UDBCg5thPv
bm1tXLYF9PH63Ud3Q79OkrLKefP2RlZ1WhaTubM/adJcTuam5ziuYfqeN7MMxzLd/Um77rpmoeMH
oRe6vh36jrc/yXjdnFRVWU3mv06azRpGTej95E5ImAag9ye5rGu+xK7XRSyTtJAxW1flWlbNZs5k
XsmmMheLal2XWYtzFosznhbz+RfrjG9kBSCSNsuepxnCOJ4vFs9fnF99t1iss3aZFvVi8erisp9a
V2KxeC/Q2Xq1RngKlgZwsJ1/ANMP9OyD7eQDnAvzMkB+MneRWxUX8Pjj5JHBPg3Mnus8nrN1Ka5l
kwM8wBY5tuJFnMlqsSD+XZU9B79RHfO5GrGXFo1cyopZ+6xuqrRY/uhaP7E/xtotiPAn9uc5u886
5IBGYNcjk61zZAWx40YWzcEruUzrRlYyfoE/C1nt+e7j38F1+nVZXHBk1ispZHoj98roZymaMQcR
NmAoqxtk4TFv+GjOCfY/skLP9ggv6x5eNGLPs3ZFowDfx3r6teBZpmZ9BoTsAUKFbG7L6vogF2t5
8FK9XIINAUv27NB5GEMCqJDaI4jOx0J0gx2IevRigcMXi/H46ddKDbcUPUT+DghQyaYUZYaMrMu2
EhKnHmUp4Awt67KopQKGLAnsXi0d/yc2gz9/T8LEltIVU+FG/tSxDGMamj6HV8uLfBFxHiZvjZkx
M4l4933EV/w6S6ODV/z6RRqdgrJWCdjxnhlaf4QJJ4UoYxnvddgGiO2/onj2j9kL++WZezY7886s
mWtaxmzmOOezaqb/TLsHQtfT6IIM47I62OKh8Z2ma0WLwvuqfA2KdbWqJI/PlHPValXtOR8gRAEE
QYw5cN/KOks2tj6ChHF28MssnRMh//F3/P/nb2czD37+bTr7F5EUzBL6+dUrReKzGciF6PQ/VSwW
UtOh3BkTMKPD/3c40cnoI9TzPTx5ZAVm4BPiwXsFVBdl+U4SRZeZlOB5tb8G5O0/KIqPmPOryMq6
reRvytjDP4BfsKspauhiMR4H6FSlAN6+LJs0SQVH11yrZU1jINBLEs+e6XnGRwKu8f110aTZXly2
USbZMPswDVctYj6wiOF4O4uonunXTSquLxTGZaXRHLr7C5pzBnP2bMN5D5C3bwUQ2VSt6N3bM17L
I8h36hclj2X1CMLvA5oFgSurVeB6US7Bfh5tndk4xPbNpv9w6FWo2+9B3fJ3maw4o2Zp579nmmg/
8pc2rWTnpVz7J7Ze8Wp+cHA8P6BVB5CnZxcz7N1ZEKP748lPv+1P5P9Euvcn0zNAU819mxY3ZXYj
cwg0ADAGNohm0vVCyxY0tKIzR8ocF3oWzaL5Yk0ukT1hX0gVX5ey0VHv8Vcww/H0yDTZ6wYDxg0v
hCwT9qFo9/hXhOFrGEMoYBwNb9qaPXny5INg5vPLq8Or15dvL09eHr+9ODz69lJBDnrIQIvsMgTA
LdPohzAAfrrGcGDOC46eH6huVmlNRGu7e0wvQ3zO1GAFzzUHcA4OGNFDQiU6CsjiHzPEzLXGAxcN
iLStCgJij/t+wzZn0FbLLEFtgdUvwd/9s5Wt/FGv85Ln8ieSV9FUG3go5C270CNPsG1PE6XGK7Td
EZ9wFPAfiS5icss3PNvb8uLV+mjVFtej3scKkKf56Q8AQqkluVhtJYs/T+Oa8Zp90bZpTLJyh7JC
ukFXmw1bwVgGEFhe/syL5Zc122nXFVyNIMIRiC/qdZY2FyXoELqadVnv0XL7bDF5u5gQwp4xmoLy
6mf9DSSW8KyWhJ9njkYCeISFoNsIoHegIVvoIagVrNE8FKZnKy55zhhf5AuKTutfb2zPNqexgg8Q
f/ur9Pqr9Pqr9Pqr9Pqr9Pqr9Pqr9Pqr9Pr/Unp1RUuNFcqztMypVCk4/tTv+5N+P39iguEb0MLb
ZlVWMOlHgMDXKeZNDvXBuyw4iD6ezIHdcn8Sg4oUsR5bl0lzPGzIOVVMtJRiM1ZcIBFovDi/vHpz
/urFMTTdyqhOG8QKk7WjFW+uVjizR7ZvGuNr7+A7eUb0ThvJc+i4qGQNMevbNJ98Jkoigr9YCMAH
knt4GmD2QcKOT75LK8K9J6xvGhNmzYIxYWtQzxTL0Mvz5/JzUaOALhY3hMJiEcvuaYCWpgrKxVdX
ry/u0yRvrsoyq4c0dU1jmkx3V1pbhWVXKLHPRFa3PpCxxeR3yFg1zboG+wJerNpoJsp8YEoHPQwg
9oTXm6Myh2ojPmybMkmzbED3Q71DFlj37GvyM6/L4nZTFKbxuagfgIQ88z5KH2+Hz8sqP7w4HVDY
tYypMu9RVf5cSh//fDaieojgeRUS/cPHkHLWZk36pqyyeEDNoHGsqf7MmEay4c6YrKN3UqwuzkAh
UKG+S+/S66Mf6KRx0zZ1e53C8zXP0vS6/lx0C1xynYNhgjbniO8t4gsyHOL+u+Q/oN0DQg4GgIBP
Kql8keZp8zy9G/Bqp2PEr/+OkCEbyAdTISB3HC/98ep7wSvILjJZj8jo2oYUUCXyXipAvafPTq4O
rT9Ky0sg5fAHJEQv/gk0UN1/KTPIXAizLSU7PR9wNIexaxjm51JLBQ0oGiPxCXRBMoyRc0hQ1/QB
Sr6TouA3aZvTdtDz58aneU5a50JWOdnomMDJcy4oX4aMFKB/D+GwbOuLk2nXPtmy4K1aG3ig8d4+
fSwDFBZjDqi2sTtyZu57WMD2mUKD/RsDnDG/PS2StEibzecS9YhOwm7w+DGUDrbLt6SO9tDf50om
J3klr6rPprXv3bT6GDIuM76GamhAQ9fyCfr6+QNjrZD4BDrKthgGQfX+8d7Q0N7Q/bPekBb+eLyv
Xl6pcwN1LtPjP27/X6BjhMAn0MOXQ9un19/HXq/4uTSnxx9W/ji0H8gkNEpITwVhekgQve9SFDxI
0f7kpbxr69Dy0NGdiUjyYgNPJwWU7pC7Ru3yh388P/rslCOKf5p0PDjkFRDdyN2qpqvOCdG7Rhbq
2AWYdFRWCDZAISPNkch5sxq2CJ4B4jB32Fbmb+OyKWQzatWnqtuGtsqG7zFvRv1QBTRyBHiZr4ev
K16PcElFWdwMG36uSaL9ex6p3YpRW1k1Wu5Qz0IDHnECQfFw0FqM+fBKJphLpGPwNXG0HjfF6FIH
LZcXL0bLb+pfMvR03RPru5ryWhbpuzEL7u401YguGt6G5xl5dIuwf5euVRUbUjR+l6XRcDq83uVj
rpeInmUYtmlaIe5GHJ+PSI/Lt4TabiM0pWOBlaDDdT0aeJnm60x+fzaieQcDeMWd1h068+y2Snfk
v25oTxY57OgIdrHa0T08v6T9MouYZBOT0mWUFrzaQJMNjPKRE/JGZnGkByEoUW3WTakbLMWsGASt
1NLQ9eN2d+ztdq1BPx7wp0VSjvQ2vifydKQlxEp72FRJMA+0w2WrdLGD/wOYGzu/EFysBsxH616t
9bq4Ip4m8WHVPzJ3NGVey+0lWeCnReCjNsXi0zJcG9hWv4WSbjKns1JYQR+4TOZO4MEaKdq34wRm
IL3YdFwvFomZGElsi9jyY27GiQQnadjCCCKA3WpU3qRFXN7W7OUVuzhiJgiS0bLMAjU02F7XbxqP
2eHZsYf1LV5uHbDnnSSbcXrNWK3fliiGN6cvX16hLuLLbaruPuTrspbVW5BnxatUVVo8XgEtlTxA
JzGFMfoihYlu4GkirMT3Qj9MDO443E3cSFjcijzDiA3fsxJpSD+QqEhRlYrrA+0XjVk4s58K7vqx
GSSGFSSBk0AeFVmmF4jYDE0zMmIpLduxuSSnBzIAhwOeGk/ZInD10xsozsEZ4l0U4Nl1Ud4WT/VP
VLBlVda1PACSeV3g2fWNBbm38VTKxAmCMDRj15YuyMQQoes6kRFGpmWYgFTEQyv0AAa4Ztxz5JVY
Ef25ThonN2RXT4MoEoZl8kDGkSUd7ktuJQGPnYSHUoSxkFYioiAe2cNBJOMK3qaAOydOejPj37tG
4GswMwHLMBCuaboBQI1iN+ChGwae7TuxFSeArCM84DM3Hga9VUHShfvgDdOXri+A79x3TDOIRBRx
37Yt6Utgbig9EZheaO+AJ++wNWVg6FOXC19KHpo8iXgcxMIJg8QV0naE9KzQj13pQTcfQ3pQiLhj
bT/1HD/wHVAqz4sEB566QeBajiUDV1i2sFwJnHG5tQMQTweyUvtHRM146oSS24YdhrZM4iSyQxHb
hiUtE0zQNQB0YBkh6OcOpDIrtzBAKxB/L/a9xJK2HXuBaQs7jK1QWJZwPAGcNOMdbIaXCggUiPhp
zGFphxuO7QQRaLgMLDOUUWJabpKYQFMQChHsopOVmDt0yoIqbD91YiMyAjMxuR86hi+NwA+9QHLf
4zyxbSOOAGUrcnchLQkXMgJPhKYljCQ0XBdEHVu2aQRSWLHph1HoJQ5oGGB6D8J0EFwUKM9MfGBj
IBIbBCYsRzoS7N7iIpbALYObYAbg6sagekcAHvUp50LYvhty1wi4F8YJ2KBw4IfvGzwCtRSuCJ0o
GYMooqaLQk9tacShTLzIE24SOa4ES3G5aUGs9qTverYZ2WD4cgxh+zillMlRavPxrvreYbGKQCQj
PwxcUBopDNtzLM9Db2BHtgcWB42udGPph5b/EBQ8cu5yl6ehZXHPccDmhScAB85d/BvYlgmiN6Vw
fDvgcoe/6tivi+1PDQ62Dq7ZD0zhmCE3E8+RYF4OuBbbRQfshtIKkSZIfmu5QTPY5m54hGE9FfDH
d6QE7loBJEIRGJJjRK5puJ6UQWxHkecJg2+B4JUdzVcbgkUYRX4SuXYQeKGZxL7tA18dJxaRE3sw
WyQWSB2nr9q85rybf9+715s8KYsNSDDb4Db4tEubbwBV1ErbAK9hBpYIA5NHpu/GYDS2E0dGAsrt
hUEYGKhcD8GCkBEYA1iuH/mmBRYn4zgKfQGBjQfgmmxLBA4ogx+EVmzJ8H2wzCGsWDoRt2IHuZeE
UWxIM4wsDjYHjth2wbtA5AgSVa/k5TteNQfg2mSloy7GHS/0HMBC+IEBuurwwLFACaQBMo5NCF9A
JGiw5Y6ArMHipui7yY3Y6JBCO0x8GYPNClCJKAoFBl1XRIYbB+BvQyc0fABDVVGvW7MNJaaPGJZa
DIqJJF22FR1NM0zr6FbaKI9aVIviEbtaQSxltWwaqC1qxivJmpVkZSFreOANE7woyoZFkqWFyFpw
H/DA1NnqTN+sgrREQbssc5ibIIhdqDVP5D4roaeqESiLwGNds03ZVhoaSxOWQ82RpLQGJDh4LTTb
KNAv5W0P8ABSW95mTc1uy+LLhmEGwCsGVW8JLizFOLZBLPFuoKL+diUL1q6XFY8BwAxB4r8O4Bxf
GHv0ZiURQdaUsBbkqgBIH0oDNyDVqTGhjlU3oawCAQPeZrIhzuEBn5BMxRlsyRVs4L+Q04xjUryU
c4bFtOqpV20DOWMx1Vd052wxOVu0BijhhonVojWl9FmDP7mZM+gxTRP7ExtIYUcrGmshufRkFCt2
B9RnOCP2U3ZDzYJFBMIFPFN8En7BCjVj87fFRLPgMMvKW5alNTKmu8jHblLO/tnKaqNG/YKPU905
V/cR9fwT2i3QExlwgWGminfwQBAIMtowLT41Q20vTPsBY3BvwF5BG0GePI4ZJH5K7ChOvNfAcsnx
1gcmwAyEHUnEHsQhf2l5hoJapjcwFjKaVrI9vTCzjMcKvlpVTiu5hlp6CqLGKwpzGKDXf9nmEcgZ
dPqw3hTiitfXDK+fgBbP9JDXNagEmldHMw5cVWVRtqA1MKHeZ3SkxFRlgza5zzCzr9TlKeIS+ARs
y9tC3yjpwF+SYgFtoOVVeZeChktgB5BGtlP0CCKfe6ROE7QWHIVWsc/S5ktgJF6+haZYNnhNA9V1
ZzrbAzpasF1LM4iImWqK5wTsvq1w0pmqLQoUcIzVabkmkVBtVM/YsbzRzyxPlytwKxWvV/tDJ6C1
CTlTVe26Ua2KccigHPDrqSNhg3ug0idWJslvyjQG5B/GAXUG9RDqjxT0bTZSPhg+VcO2hon/cgmr
bjrv8J9ZGYFS4Z4XUz1gJ3mKd8vhfcmjTQMCYJeK7wZxOq1xAQ3gCsV4m5IgSNHAf9xOFahO92oi
NkkBV3CSdJcRASWVlN2iSvtBeC26C7YsQW4leiNUE7XUklCdEnpzZnT0AA4UH1S6+H+CEtxQ/BAd
K17Ff5aOuinXhIr27D1qGmDNwM+sMejHA8Rw5Q4707CcAYLkL96Q4Wg86y8/C6ZkOoQaOhcmWoiT
BcRJJu+kaMltlwp1ZbYYV/vR8k5IGddbyjo/d351MmdX35xeshenZ6dX7PDi4sXpySW7OHnF3py/
+vbk1T6DQezqHEadsDffnL84YRevzo9OLi9n933FiDOW6w0YcyGrtKQsAj14jaSKlSRfTnzpvbQJ
soBMJtauiAZNwX/Kzj9rgEdlAVSDfwddQ+rfp4pKBW9XmBAAh9BnqWEavgIDXnsbB4bOAFY6x0CE
aQpNm92fgXqi98tBmGspMJtR3EbElbTV3J4aUD25rrdk24amu378PsQ0F+wBF5a8isCGptsSQbut
hzlOZolo6XlMz8NvGnjRUgY1xAhyzBY09PF+F1buq2inpCpaJ1BPNYryfGuqM3augoYyCMh9yjaL
e2xSiES3BdvSUHeg10QCkOwZxoBqWPM5OZh7MZfUSsHpaUyqMu+idzdfj5kOlXdX7kiZlu8DesMe
ULh7mnPZ5cIozArWREXVCh+3+VoljF1uynTXFLu2cjzGgXoS0UJIdxThlyu3EhwEf4DtkA9APIVV
bkAJ67qV6EyaFUhz2aXS6PBwvS1m+52AVQKis+VZhw8O/l2+5fxuShvN9ZaGI77G9jRvcwjgePqE
i9CnWShkpj9MImy2nEa70qwly7qvg1BTrHvMaNEpJvstRHRnJMnjUnXvaj4mYug31Srd8M7gFEQ9
dJdOSlKmtK09oPQYEKPECDJX5CngqrIZBUt/l6ZmKXq3tMK0nsuKvg4DHD6sHpClGVY/GvaHwH1I
V/GfvmI970MPZIarMlNZbsQbsaLagAio8RMXpsMX+UdV/OleFbIi2ee7Xfh8NJRh14kuutrgrc/l
PpuaA/Fq0dLi06ZDqA8tFAW2CTUdkGAeGytOYDFHtQdOxy+CFHIz9g0ko/RNHWaX7Oji9T7MBTwi
sMbbNAYDocyk88P9ClNaYc68bQ2wLRBq4tNg9IwdxuDsVjxLDqCyVpVLLEHT9XKwMMN9UlTAgdkO
w+oA3E7BdYe+ETNdns0YIvL6orjoMv9tPYwFDiJ2C4FZTW3XxXqqW+4VXmfaRuv0newljHVCJ1i8
9tsla1BHKJUZBG8ntNSkxzN2oedkvFrSBK6Lc60des2k4kskBCQEDKQP1vD7Kai2cyABnQOvUGrq
Oxm1jYB3uWXdsLOr14RrDWQh8VHbMNy4IMFuF1T1zmzrn/KmneK8OWE8LmJlQedq5BkShvsmkHtB
ytwR28BbkooZo7i34phmsDQHDjUoSZAL/UIXcG37hA8I8IYQx+8E0WOTE4fwzykc1Eq8KlmBsY3W
WqRGqq0T7R77Mu/4nJKy49PLw2eQj1H+1hakU+juW/SvdCisUpAUlVN/fBuPS6AtrWN/EMuoXc63
VeXXzMRqUifNK3BvNILpzYta7bugvRd12aUG2lrMDqiiooN6tCrLmvZouoJSdpsIFAtwm53V/GYb
e+BFTlUvbcIPHSIiSTcVVMKot7F+LtNCbWgQ/75k30flHXqIip0es73vX58ePwZ9APcAeMD4WxAm
igtvp4HxYKlZxT3PVKID1lJuZVqAV/j+2YtuBV2IDlq+pOXwHJGSExK7TnqIwrLbVtOh+Q4wnOJN
jidlkuiFoTdNNtO7No3HYiIOT3f3s65oQ0oZpPrdQoobFCu09bW13h4T4HKazj3rWVM1a870kXO3
nApG2q32q2Fk5cWyr6EKnJzthvn9btRNKm+nffB/aFexY/dhXrbobRIVO7XzASZ2zMbMAb2q3tUB
tcA3HfoBwCtKBQYAiA2FVDsHkVQAI4lfBYPj4bekLKjHagWtdthxP61QzMAFB8wA/8n4Ltr6wyFY
Fb89fhhj430o8wqvczHemQUgvgWATz1m9r3NqygrBZl+ncYq/iB9HCQOalm30ZArSwzMMELGKhzT
Sx8qaSdNqw4XQmaSahhlBHrdLL2GRbDOJ0+WcWDCsipvm5Xyg7AIZysFb+AkwWfUTRfoCeEp8qVD
b7plUkfg6XE9oA7dPeqEgsjU0XRPbL+j1iVUNGtHbABzyiz2CNCFUn8s4O3u3UDGs/tC1g7wlqdU
i/+CH8JrLVuX6zbbGpl+xXyCRulAZFvdwlSuId16RYzo6Psg8RiUQdiqdzDnfXKFG6+0UaA6VE6i
9Q/QGvr+eLQbDTOn+BHnvcbeuex26Nsbo/wBvMpU3egajF6BfOcKrdk6z9eztOxpAPe5ybHExd+w
gLvPoh4Sg0FRj2DbEUQUOU++XFZyqfdW9Uas2lTC79Kv71NMuILPOj8+xw/CpjrkqKwE3eGtVNUS
p19WgGvWRMCQFGqdDU5hIDMYSaVd482wTnwPsBtEr8b0CgjZGN7poOg5imtHeGgih1ub+xCC1isO
RiUxflSIzzZXhsiUyArqpSn62wID8GDuNliqQMVHe6b6cs0g0rdQKkCaRa67840arlYFNaJb7AHB
K0J3Jd+k+TBk6WQAweMsNByMUPRLFSBe4NK0MayndUcCs+FCum93pY6pH0o7dPRSIlfmM9hU01Bg
kaZndbd9ttLNyn9WffGjXQ4eYEDVGVN+liY9KLzd0FbqnAydWLeD1Ll2gKgd3zDkQ9LI677ghDqA
4321/h1zM8BXS3LeibTrBdXGLc85+5GSKciv92kP9KcOvMoRBpnE8ESPCMPkv6J4gvtIyjuiEtJv
W7kfzCkYUEVcU7FD+wz4acw6kzojGZPSrU193QvARQtyjC60b1ees+cvDq+6ZqyWJG4+fqXv2ey7
4R1QWMh9+w5/Xcc++fivBkmpOs4a79goj4CxFlivN2B5qzU0A3GKDVPfxbZV5+a7wrPqz8HIRwEc
iIWCTjfrjm/T7hgNf4VIp07PyTnRYjRjBIaSet3ydtAypVR4lKGWqniRd+Aua129i2us92qqT8Ff
RilUWRuVcdI4pJl+WU6mQlNnWopWWgOStmrg7fGIfVfYeBZ9sRX9ER1I01ksHee+ASa8LG+YaTAj
nDv+3PTYm9NnzDIskkd3TvoEbJ4OYsomfoJnldxPFm2SWB79L+h/arEd+t9Tx7r00TIa7hMzNFU8
HTTeeNRMWYQuf9I1NCrruF2ljZziCahuwDJRJ5pP1MbzkuMWSiyfELLqaLdvg2wdW3EDHM/Uuvf1
zVrDi1OsGkHzN08Is16B+xD7ZJvSY73wRH2RNkjzZTwYgrcsnhyfPD98/eJqQBId0narUzRCS9c4
jHLvJ4pDg4KDxkx++y963ozk
===END CRASH DUMP===
