PocketMine-MP Crash Dump Thu Nov 11 09:14:34 WIB 2021

Error: Undefined constant pocketmine\data\bedrock\BiomeIds::MOUNTAINS
File: plugins/MyPlot/src/MyPlot/Commands
Line: 75
Type: Error

THIS CRASH WAS CAUSED BY A PLUGIN

Code:
[66] 		$this->loadSubCommand(new ClaimSubCommand($plugin, "claim"));
[67] 		$this->loadSubCommand(new GenerateSubCommand($plugin, "generate"));
[68] 		$this->loadSubCommand(new InfoSubCommand($plugin, "info"));
[69] 		$this->loadSubCommand(new AddHelperSubCommand($plugin, "addhelper"));
[70] 		$this->loadSubCommand(new RemoveHelperSubCommand($plugin, "removehelper"));
[71] 		$this->loadSubCommand(new AutoSubCommand($plugin, "auto"));
[72] 		$this->loadSubCommand(new ClearSubCommand($plugin, "clear"));
[73] 		$this->loadSubCommand(new DisposeSubCommand($plugin, "dispose"));
[74] 		$this->loadSubCommand(new ResetSubCommand($plugin, "reset"));
[75] 		$this->loadSubCommand(new BiomeSubCommand($plugin, "biome"));
[76] 		$this->loadSubCommand(new HomeSubCommand($plugin, "home"));
[77] 		$this->loadSubCommand(new HomesSubCommand($plugin, "homes"));
[78] 		$this->loadSubCommand(new NameSubCommand($plugin, "name"));
[79] 		$this->loadSubCommand(new GiveSubCommand($plugin, "give"));
[80] 		$this->loadSubCommand(new WarpSubCommand($plugin, "warp"));
[81] 		$this->loadSubCommand(new MiddleSubCommand($plugin, "middle"));
[82] 		$this->loadSubCommand(new DenyPlayerSubCommand($plugin, "denyplayer"));
[83] 		$this->loadSubCommand(new UnDenySubCommand($plugin, "undenyplayer"));
[84] 		$this->loadSubCommand(new SetOwnerSubCommand($plugin, "setowner"));
[85] 		$this->loadSubCommand(new ListSubCommand($plugin, "list"));

Backtrace:
#0 plugins/MyPlot/src/MyPlot/MyPlot(1354): MyPlot\Commands->__construct(object MyPlot\MyPlot#23003)
#1 pmsrc/src/plugin/PluginBase(94): MyPlot\MyPlot->onLoad()
#2 pmsrc/src/plugin/PluginManager(214): pocketmine\plugin\PluginBase->__construct(object FolderPluginLoader\FolderPluginLoader#54, object pocketmine\Server#10, object pocketmine\plugin\PluginDescription#23002, string[23] D:/FLOTV/plugins/MyPlot, string[23] D:\FLOTV\plugins\MyPlot, object pocketmine\plugin\DiskResourceProvider#23211)
#3 pmsrc/src/plugin/PluginManager(357): pocketmine\plugin\PluginManager->internalLoadPlugin(string[23] D:\FLOTV\plugins\MyPlot, object FolderPluginLoader\FolderPluginLoader#54, object pocketmine\plugin\PluginDescription#23002)
#4 plugins/DevTools.phar/src/DevTools/DevTools(70): pocketmine\plugin\PluginManager->loadPlugins(string[17] D:\FLOTV\plugins\, array[1])
#5 pmsrc/src/plugin/PluginBase(136): DevTools\DevTools->onEnable()
#6 pmsrc/src/plugin/PluginManager(438): pocketmine\plugin\PluginBase->onEnableStateChange(true)
#7 pmsrc/src/Server(1365): pocketmine\plugin\PluginManager->enablePlugin(object DevTools\DevTools#22893)
#8 pmsrc/src/Server(988): pocketmine\Server->enablePlugins(object pocketmine\plugin\PluginEnableOrder#22898)
#9 pmsrc/src/PocketMine(301): pocketmine\Server->__construct(object BaseClassLoader#2, object pocketmine\utils\MainLogger#3, string[9] D:\FLOTV\, string[17] D:\FLOTV\plugins\)
#10 pmsrc/src/PocketMine(324): pocketmine\server()
#11 pmsrc(11): require(string[53] phar://D:/FLOTV/PocketMine-MP.phar/src/PocketMine.php)

PocketMine-MP version: 4.0.0-BETA13+dev [Protocol 471]
Git commit: 73592349cd29d91b03c2703107db859115a92e2d-dirty
uname -a: Windows NT PC 10.0 build 22000 (Windows 10) AMD64
PHP Version: 8.0.12
Zend version: 4.0.12
OS: WINNT, win
Composer libraries: 
- adhocore/json-comment 1.1.2@fc2f76979f0a44a5f5bc2a2b600d0762fe0e78e7
- brick/math 0.9.3@ca57d18f028f84f777b2168cd1911b0dee2343ae
- daverandom/callback-validator unknown@unknown
- fgrosse/phpasn1 v2.3.0@20299033c35f4300eb656e7e8e88cf52d1d6694e
- netresearch/jsonmapper v4.0.0@8bbc021a8edb2e4a7ea2f8ad4fa9ec9dce2fcb8d
- pocketmine/bedrock-data 1.4.0+bedrock-1.17.40@f29b7be8fa3046d2ee4c6421485b97b3f5b07774
- pocketmine/bedrock-protocol 5.1.0+bedrock-1.17.40@5abbe5bc21d8a9152d46c26578bf5257526612f9
- pocketmine/binaryutils 0.2.2@f883e1cf9099ed6a757a10a2f75b3333eeb2cdf9
- pocketmine/callback-validator 1.0.3@64787469766bcaa7e5885242e85c23c25e8c55a2
- pocketmine/classloader 0.2.0@49ea303993efdfb39cd302e2156d50aa78209e78
- pocketmine/color 0.2.0@09be6ea6d76f2e33d6813c39d29c22c46c17e1d2
- pocketmine/errorhandler 0.3.0@ec742b209e8056bbe855069c4eff94c9734ea19b
- pocketmine/locale-data 1.1.6@216b49b87e20332f0b39d1717e1e2012a40074cc
- pocketmine/log 0.4.0@e6c912c0f9055c81d23108ec2d179b96f404c043
- pocketmine/log-pthreads 0.4.0@61f709e8cf36bcc24e4efe02acded680a1ce23cd
- pocketmine/math 0.4.0@6d64e2555bd2e95ed024574f75d1cefc135c89fc
- pocketmine/nbt 0.3.0@98c4a04b55a915e18f83d3b0c9beb24a71abcd31
- pocketmine/pocketmine-mp dev-master@73592349cd29d91b03c2703107db859115a92e2d
- pocketmine/raklib 0.14.2@e3a861187470e1facc6625040128f447ebbcbaec
- pocketmine/raklib-ipc 0.1.1@922a6444b0c6c7daaa5aa5a832107e1ec4738aed
- pocketmine/snooze 0.3.1@0ac8fc2a781c419a1f64ebca4d5835028f59e29b
- ramsey/collection 1.2.2@cccc74ee5e328031b15640b51056ee8d3bb66c0a
- ramsey/uuid 4.2.3@fc9bb7fb5388691fd7373cd44dcb4d63bbcf24df
- rhumsaa/uuid unknown@unknown
- symfony/polyfill-ctype v1.23.0@46cd95797e9df938fdd2b03693b5fca5e64b01ce
- symfony/polyfill-php80 v1.23.1@1100343ed1a92e3a38f9ae122fc0eb21602547be
- symfony/polyfill-php81 v1.23.0@e66119f3de95efc359483f810c4c3e6436279436
- webmozart/assert 1.10.0@6964c76c7804814a842473e0c8fd15bab0f18e25
- webmozart/path-util 2.3.0@d939f7edc24c9a1bb9c0dee5cb05d8e859490725

Loaded plugins:
ChatManager 0.0.1 by  for API(s) 4.0.0-BETA5
ChatThin 1.4.1 by PresentKim for API(s) 4.0.0
DEVirion 1.2.5-ALPHA12 by poggit, SOFe for API(s) 4.0.0
DevTools 1.15.0+dev by PocketMine Team for API(s) 4.0.0
MultiWorld 1.7.0-beta2 by CzechPMDevs, VixikCZ, fuyutsuki, kaliiks for API(s) 4.0.0
NotificationSystem 0.0.1 by  for API(s) 4.0.0-BETA5
PureChat 1.4.11 by 64FF00 for API(s) 4.0.0
PurePerms 1.5.0-legacy by 64FF00 & ProjectInfinity for API(s) 4.0.0
SimpleNPC 3.0.0-snapshot by brokiem for API(s) 4.0.0
Sound 0.0.1 by  for API(s) 4.0.0-BETA5
TNTManagement 0.0.1 by  for API(s) 4.0.0-BETA5
Tags 0.0.1 by NhanAZ for API(s) 4.0.0

----------------------REPORT THE DATA BELOW THIS LINE-----------------------

===BEGIN CRASH DUMP===
eNrtPGtz28a1f2Uv1bmRpwSF94MdZ6xIdqOpZfFacp1pmPEsgAWJCq/gIYnu5L/3nLMLEKQoy2lz
b++HZNoI2Md5P3fB/GOSlHXO2093om7SspjM7emkTXMxmRuu5TqB63v2zLEd0zSnk66SU/bMsC3L
tgLTsT1X92BPxpv2dV2X9WT+j0m7qWDVRL5PJ7loGr7CkQ9FLJK0EDGLyqJpedGyqoxuRZvD4HIZ
85Yvl6GIaxhcLr9Ly1xcxM18fnn14d3N6cW7a4CWdFn2Js0Q3Pl8uXzz9urmr8tllXWrtGiWy8vN
Iivb5bKpo+3LWZnnvIibWbWuEITcrvacyFUnsKN/7NfD2gwom8w9B8RS8wgef5wc6ezprfLPsWE5
9os52ydA+/bTJ2K97qL2uAz/LqJ2WCT/HpmWrlsvAPWRwaocQeP/JcaTBf35jjfiOBgjkH+1b8vi
bcnjY9puPrX9khegj/rYNBDEWANy2XK5RXOQ4jdlFotaLkJ8ogZFPBo7cuwpUzvGSK5FDeZ2ZOgH
Z3dJOBdNVKdgd2VBgjGnDEhJi9WPpvUTO5+fkP5PdvWxt+YpI/ki+vO0uX0vmrKrI7Goy7sUGTIt
0zBIttZzsrUc74uyVeu0b9OiFXXBM5SZnDr+ddT/e8p4RtzErD3Y+7m4uynLDB2J18R8PzI8HHv6
1zGeDQw3PceGd5jjKeN1zTc/Gj8RPc4X/cKwXCCgJwc0qZ7QOV4XPMyEdA/3ORXalv8V7tEDvW55
K87WvFiJY3AWQTi8EQ5p9kie83UCEgRX2YRS3WO2jkzTD2S88B9jC/x9HuTELvTm+FnLkExe1eQG
gNEnjMEI44L2XsLeY0s3nsB6IJigGM8gfzTKUM2Ddtq1KXJ9ydGgVyCfI2tw82DHaobhp6xJxlb9
CdLN/ZjYSEnKXSokHxvIYC1+7tJa9NbrgL+iX8xPTobAtIWsXS62XrMdxpT0YvLTL9OJ+L9Jn/9C
7gPi5PpPaXFXZnciF0ULQGJgPmon/SyMwHNUxgK5cF14X7bL9g/tOm2ku193oQJ/XIh7BlpP89HY
HyScKVtOIpxaTl68+BOAdL1nQf1ZFKIGBzwMbaVmB4D+swAviqQ8DCyFmQFQ8Cyg0zj+XmSVqA9D
43G8pukepKc/C/K9yMs78SWoNa3YA2w8T2vXPsE0h5kBkPkVmhW8fkqzMDWAsp4FBYm4KpsnFBvL
yQGc/RWya0T7lNBgagDlPAuKHOwwqBCnBlDPe8L3T0JajwF5XwWoeRpSM4B63gPe8adoKviIpuc9
4M/p3VN+CTM9IP95u//I6+owoHuYGQA9b+eXaRxnT9CU09wA7HlbPxcFRE6+ecoXY5ivaH4A+rzV
fygQ7GGAXXEA5POWfy3aq/viKSrB9EucHQA+b/9v0+YJT8pgRgL65fe+6fe+6fe+6fe+6fe+6fe+
6X+hb+p7jwZbDrCiVlkBvmKZAklsPDqdDAedE32mzwwYgdJ2XdYA4EeAxqsUU5UNc7r23eubUwdx
SJ3Hk3nCs0ZMIaVXAlsk2tKUSXs+Hsg59ULvwKZP/wY5bItf6gE7K1AZLFlcXd98vHr/9hyG7kXY
pC0SjEkTN92sEc4OHzQ0ZsKY2XtMTBZYxxbtX9J8ssfQv8zKLfRiy0rCXS4jIASKgkKypkh6lqPz
139NayJ64GgY2uXInDna6dvF96eGuctZBQacYr95ffVG/GbMSajL5R3RAm206J9G9Cn2rm9O3998
WDxmTgWVMXP90C5zhjPT/wgo9nQ22DW7EfzLisMg+ZWsPY56X2Zl3bZVA24I8lh34Swq85HHDZkK
Gb7ssjb9WNZZPGJ5NLjLtAfOFIqW7+nz7LOI1otLgIt0/TV9SG/P/kZH/JuubbrbFJ5veZamt81v
pu0IcVY5aACkkiPB90gweOaY+C9a8wEpjTg5GQECQb0r2zRJI46lwfWmaUU+EtiByf9EhHpMxtcH
qkVXY/ZuR1wNQ48C1V6kcu03b3T916mWoC9EnZNJ7HI2ecMj5KGBwhMw/QCOXHbN4rXWj0+2vH+S
yCFNK2q3T/+C/okoVesNYJR0JLG74pFju/KBwKBlYsWjzSEpsf9mwBWm94siSYu03fxmLrEjCqJs
9PgbCEPCAWlcp3mViXeLs5E0tmNjaVhk3U3Bq2ZdtrvyCOvyNhW/XXJT8KBgKaoIKq4RQb+WcwXq
ZAsDuS6hYR9zTO//CT8nzF/v2jfvbmTdIo97BwZ2x/8TjOxQ8CsY4quxI9Lrl8lXGH8zWxsYANRf
R/cBK1M0/YLH8rwGXqAR3qsi+qKZCH1oRdFQ+MMauawRrI+sYjoOo5y36/FIxDOgG/aOx8r8U1y2
hWh3RtVNxXagq7Pxe8zbnfkkzVqxA3iVV+PXNW92aEmh67kbD/y9IU0N73kom4idsbJulT6hmIQB
vCoBhuLxoiralcN7kWSCssR4tCGJNrtDcdrl45Hrxdsd9Jvm5ww9vn9iw1Rb3ooi/bwrgg3PUWgm
1L1ofJ/TShaKwczG1ywNx6vh9SHfFXKJ1Ji6bhmGGcDA4vxqh9O4/ESU7A/CULqrnxIstml2FspQ
9sPlDot7FMBrLbAH3Ru8r9M9dVftGleiQKUjAbXrPVNbd8Utda0mqdAiqaSrMC14vaHcYM5clIS4
E1kcqkUIKqo3VVuqASWsGPQqrRCtQVc3YHiHs2OG8SMNpjtKJ1FZ46FagLWjW606aVo9/L+B97Cr
RcSj9Ui46KzrSuFFjHQllY3rgrH3omdCf7/9LmcUPw0LZ7sUa28dRNN8wn5C9QVVXbZlVAJg2zMA
TYoe61lOYFp2EMVmEAdGqFuR6YG96F4c+k5gGA4PTGHGWpzWLZYfnaLpY1rE5X3D3t2wxRkzgAJG
iJkJ9qaz437e0F+w08tzFy0Wv7EZyemzIF+wBxNYV59KNICPF+/e3aDR4cs9RUIIM3idU38CxdW8
TgWFLB6vgaNanKDza7BGXT8a6N6vkshMPDfwgkTnts2dxAkjk5uhq+ux7rlmInTh+cJDmdVpdHui
4p0+C2bWq4g7Xmz4iW76iW8nnueFpuH6UWyAVEI9FgLkZnFBwQyUAYEEIjCEyCzk0a12B90JBDm8
twWZ3RblffFK/UVLW9Vl04gTYJk3BV5L3Jloqq9M3QwC3bIiy0lsS9dF6Dqu8IQvfD9KHDM2YtcN
bMQKIRf7bl5Ha+I/51VFPnVHBvHKD8NINw3uizg0hc09wc3E57Gd8EBEQRwJM4lCHwuO7eHMibok
1vDKWBXn+h/7QZCrN7P1V4kZhF4o/IRbuu3GphB25NqmYftOGHihBZLWQWD2YdBbQ5w46BmPwDs8
DAUqy4h9HhjAte1Gput4fggicDzHdF3DTII98BQGKD6QEk00Ad+3hBElgR4EIna553jc0EEOnhNa
8I8QoRnF+5AOKhEIBatwbc/3bDAq1w0jDjJ1fN8xbVP4TmSC7zjCjxyH2tkxQDyMy0oVCJE0/ZUd
CJCeFQSWSOIktMAFLR1czXDc2NEBtG/qAdjnHqQyK7cw9CAUruBu7LmJKSwrdn0DTCcAZ45MMwKp
GZ4w4j1q6HMCqBTiTJGDhicizzZDROnrjgvy9x1Hd4PIFkkS2FHgWbbgRhDugspKrAm2xmLM3Ffg
JaEdhL4nTDBkM9GBt9jwkBIYMUxu67pnR9E+pBXRYiMtbhQYZqSD2hwn8oEBCEi+iMD6vSAM3MTW
7Ui3rUcQtFEWkaBcI/GQpyixQGGRaQtgSOgmj2KwB1/nBriBFe05wRAICETs2sJ0HCcEQw8cEeum
7XgQEZwYNieRYQGNQbLHTxG2g2wDP7K5bodgGGDNAoKKb8VWqEegvtAEzzR4CNo3diFsHzUqhSCU
azmHHrx+9bVRexdgzW9lyQDx1gbnEBb3XcMAe/Z0YSQ8ilzXdHQbdOQntu0JCCAhF9EhKFpaRSqz
Ga8C0+SubdvAkRt5Mefcwf/5lgkUgdYj27N8LvbIaYqy/Cz6TP5K55EPERvs3ohsI+BGAmIHH7Nj
x7ccjMJOIEwyQKhsG7FBX9gWZgb5ewT/eLYQjrBMHwQSgjfZeugYYNNC+CD00HUjnW+BdF0qkxDE
X8gYQRh6SehYvu8GRhJ7lgfGYdtxFNqxC7ujxLTjBLevu7zhvN//OMQ3mzwpiw2oMdtAYZFpfU18
B6SiVYB3xoHjBZ4IIAJZfhLHJmjSDazQSSD7CBcEChZ2CBbkDboVl7CMV4YBRZ5tidhAxVscoAVc
GCZEeEgh4JE6fpAbPgnLGNElILgaQWLFaOwJJKLA9q3EN/TIjiwgynJNL4B/y2YkLz/zuj2B+CZq
lXox+biBa0ceWIOv275hc982wQiEDjqODSfkoZ4YPnjVDpAK3E7DAE5FL9ISB1aQeCIGx43AJMIw
iDDzOlGoOzHkRKAt0D0AQy3PYFuzDZWhRwz7KPwkKklXXU2nWAyLPJaUNdupqpbFEbtZQzpljWhb
aBsaxmvB2rVgZSEaeOAti3hRlC0LBUuLKOsggsADk7cZM8hqkH5bqEwQ1nWZw84EAezDbHgipqyE
mbpBkCyEkHXLNmVXK1gsTVgOzUSSEgaocPBrqmyDgN+J+wHcCZSwvMvaht2XxTctwwKA1wy/yIEI
lmIa2yCFeE8v+b5fi4J11armMQCYLYtl0QObLwvGjj6uBRLG2hKwQLUKINTlD8gAapwGS+ZYThOp
MgMwkGcmWpIXnpJHgskEgyM5QgaJR0LLOBbFKzFn1BvjRLPuWqgUC019zTZny8nlsoPSx9iwaL3s
DCE81uJfbuQMZgzDwPnEAg7Y2ZrWmsglPenFmj0A0xnuiL2U3dFwxEIC4QCRKT5FXsEKuWPzX8sJ
cX+aZeU9w28UgOH+ipbdpZz9TyfqDa75GR80NTVi40he56lNDJhnWJkyMAuQPIILN0zpC9fLQwJt
mB6D+ghuCWYHyuNxzKDIkzpG3YFWb1kueNPVdMTBQLOhQKpBA+LnjmeoG/x6pmBQvXSCHSukzNRf
IHSJUWi1qKAb1kC3ePc3h2nC/a7LQ1ArmO5psymiG97cgnXVt2CsM1rwoQH9o//0nOKydV0WZQcm
AsubKaODc6a+rQOnmzKs34ER7FhINuD0OJZ3hTpdlsCvyYaAJzDlunxIwYwFiAFYIvcoBuJQtoqg
iwQdAteg4U9Z2n4D4mtr2haLFu890S73NrNj4KED5zRJLMSGpjidE6h9h+BkHXVXFKjOGJvMsiIl
UOfTzPAuWT2zPF2tIWLUvFlPxx6uLAclUtdd1cpRKTAUTA60Kb5IueD51NbE0uv4XZnGQPZhCtBG
0Oagt0jBumYjQ8PqQS6aM+wH0fVzAdg20vH/nJUhGA8eTzE5Dn6Qpy3Gj1yseLhpQeDsWkpaJ9mm
DYKm7TeotPuUBE8GBYHhXpOAehtriMEkBQoh6gHxBcFKaiF6lNLGQVkdhgK2KkFPJYYZNApEtCIy
NSJtznTkArBTmJel3/97DvC870v0r3kd/3v0N21ZEQkqRA8kKXANg+hRYcaOB4IQa0+VAQWuIoxi
wEdyCkVf881vQCG5BZGEAYNFHSS4AhIcEw8i6ij4lpJk6ZCYEIfV4iESIm62HMm4dXXzes5uvr+4
Zm8vLi9u2Oli8fbi9TVbvH7PPl69/8vr91MGi9jNFax6zT5+f/X2NVu8vzp7fX09248AO/IwHVeJ
YyHqtKSkj3G4QQajtaCITNIYYq0BsoeyI6bQQks0/MpYRlkCdVYWwCfEZ7Am5PcpY5NGdr/G7A0y
wQgklxFkCQQi7zaO984NOK4whWAtQRtmj1ejLajTalBbJSIsOaRkkVypV7l34AHMS1TNllVLV7w2
Lw6TpDi3FOcrXofgGdq2eqcAdFi65GpIjtrF1C4I3TkvOipwxpRA8deBDb6Y9ilh3wh7M5TZNUkA
luQ337rgjF3JkC8NHiqUssvigZYUcsh9wbb0NxJwReQDo66uK14B2xsKFo9yJJmOhDDwltRl3uda
uVut0MamOdYwcqM0+cg22AGT2rGO674oRZXVgAnNUBly3OWVrOBkmcjUhIYTvb7OcZHaQLQTmT0H
8AZZHpydHxAw5GzIe4DhDoysaTqBgaFdg9ZWfUWLQQuxbama9oqUJYIqXGeSGlz6pJxy/qDR6XHT
037GKxxN8y6HFAvZtUbgLS+gcgVFMvkNraRiK1f0FyVK8pjHNgYFfaUoIoQaVtod5Fx70Nh5Kaf2
bRpLI4x6Er5c3LuQhKUWjjmjwkGjE+WBt3MghUoVqB5RekCdrC8klIpj38PkHsnhljvYpuQp+ekx
4+IerxQgfqzfw/0yqC/Z4bIoRIsKm6sUAZXZusxkhRnyNlpTJU4kQ9EEJqSSDMU22V2pWZlaQjHU
mjK9HY211E9hWK03+KnSaso0Y6RAUh4h1tqeGJUCKGpvy1i6ZcAKMpacY79EdT5uhkFF1ox9D6Ug
2NJLqu3Y2eLDFPYCDSH4130ag9lTrSCj5wBfI/hz5vZV97Ygb0g6o7Uz/C1JA+6UJSfQrsouIRZg
wwoVIGV4/ogGNnLEbdobAdtpah4wqmGFybMZQyI+LIpFX2tvm0xsJZCoe0ibuLGrikpT73vNzaXy
uib9LAZ9YlXeqxE/JetLJqjapXmMUqsdmHLTixlbqD0Zr1e0gatuV9kCYUxqvkIWQCcgtqbKqGLB
FjYH4tHZeY16OstSWCV7cvwQUTQtu7z5QJQ2wBKyHXYtwzMAUuUWnewtZn2sydtOw11zonbcHoqC
rqLI1xOGhw9QC0HB2rMJPXaSpNGMUZZacywCWJqDbFrUHWiDfpYNYWpKtIDS7ojoNUoCoi4FYkjR
nMJ5I1UqSwlY2yobRU6EPINQoU41U+dXVCSdX1yffgf1EdVTXUE2hAEbf2BQ06WpLBJSNEb10694
3G5s+dz6eizCbjXve7ZvmYG9mipZ1xCuaJ6pY4BGHlwI+kFbKZO38ggDgUmqJbSzdVk2dLjRt2qi
b8YpiuPxNGv4XZ8t4BE6b5qjo+ttYEPC6LZMFm3q3OfvZVrIAwGS1Dfsh7B8QM+v2cU5O/7hw8X5
C9A7uD3QAOvvQW2oGPzGCJwDW7g6VvKR5Qd4Q7nVXQHe/sN3b3v4qr0bjXxDyPDmjQoHUq8qRYi3
sj+FUmn0AejT8FuFl2WSEFqYS5ON9tCl8VYhJE9t9wDohk5wpKvJ/wKAlAFFeuVXXaNOkiIIIq0M
s2qPJvfMmbqDRTQyhajwqLBgDsQPu/sepcBt2X4qnvar7lJxrw0J+tChmxTuaV52GD0SmetUMAGR
9aLF3I7RkU5CQP34TMkZNr+nVD3aTIwXQnbeoZDAQpGg7zcVvyejQBtVv7hB08Lh3aQv2UdEA/sQ
AxnfJxV4iShrMQH59BCV+mEyeY1f7zDemzsQ22/GvwM11t4BT5iVEblvk8YyZyA/HHQKBtd04VgK
K0yisELEMnXSy5Da6KRJGQePIpHRbypl70Kl7FGW3gIK7JMpEmX4C9VVXd63axnHAAVnawltFOTA
+5tWpmQiVkNp9KRpW9FI1i7OmxFfGKZR8xIakxe0A5vqxKkvc2jPjpIAnsZMdgRkQqu8VeT2VGvQ
5eyxMlXwuucpdbOQTKDVk1ZUlVWX9W6jXjDf0xqVNiwTEVIbhFwSJsy4GLmgJFANBo6oc7y5KnXw
2JGaazksKwVlWUDINkLH26CHnqnhj3P3hobAsDusPlYY5XSIB5r8GmlYuQa9zSUpsyrPq1laEsUQ
6jY5Nofgyi2es0bNlnRMU2qebeeJBQpzfLWqxUqdKKrjR3nMgr8ku93nj+iDWHN1foW/LNBUUpD1
AYaveyE7EM7wR2uIsSHCtwzQ2Gx0sQB5epB8V+FXTFI5j4QKCpXzypigEsIvFCiXjfLNGZ7/i/FR
3hSSQ7Xm4BYCI3uNNPR1KWSMRNTQe2gYFwtMhriqz1wyb/Cdg0H1mcgo1XZQgUNlQ5G1D2AKHOlY
zvcYHulUcjVWapvm2/yhcjECxfVo85guUIcYxBEhnXiqTf3p9myLQM2MMfRy+3K2V6lE6lHa/+gk
ScEA8K2SZn9mtFaDMsDVQx+hYgOewEOrFlMRlCYDILyK72p5p4Oxpj9IkXEX4KnY1GdbqMh4o7o0
KKw5fj2l3rD8ARqVrua90uQcWCie6M3Zj1S3QMk6pSO+nxCoTMtD6h7fNREbWEfXFN7xEEWGLrQp
0R7MohSdqXlsqF+g5hu/Wq8yoUqAMfkSL43LR4CITmDrMqNuMc7Zm7enN3KQfi6C52p/Uh9+TJ3g
ATgqxNR6wO+MphRy/6TqPHnTMj6ykC6MaQ5Eq04UeaesTn4ozeQvorq6j7p9n1YPVzQUUgAOJKOI
7tmaXk5af78DJiCL+qM3FEsIFa3fAUJVsRr5NBrRqLoclX2lrPzFA0S2RrW40S02SQ21cxDawhTa
k40s42gd8pvif9Mhk3lCuorkkuDjp1m9leH97r5O8SJ0sdXwGd2G0nXgEkqWo4/A+7vyjhk604O5
7c0Nl328+I6Zumnggv7K7qWA8ArvednGL/HejHvJsksS06V/R/RvGrFs+reLqyU1GvriSyMwIK/t
Dt65NGzhsGod0goGwfhh5H6dtkLD+zg1gM2VKuVemjqOrDgeLcTiJRErbxmHMah+cRQPc/HOp3+v
7ioFL06x2wID37wkygZ7HZLfS5IBFcpYf7+UP32rt8WziEdL8Ir/5fnrN6cf3t6MWKJLwx475Q50
ZUXDTm37UkpoVMDTmskv/wQphXRx
===END CRASH DUMP===
