PocketMine-MP Crash Dump Thu Dec 2 15:15:47 WIB 2021

Error: Class czechpmdevs\multiworld\world\gamerules\type\BoolGameRule contains 1 abstract method and must therefore be declared abstract or implement the remaining methods (pocketmine\network\mcpe\protocol\types\GameRule::getTypeId)
File: plugins/MultiWorld/src/czechpmdevs/multiworld/world/gamerules/type/BoolGameRule
Line: 0
Type: E_ERROR

THIS CRASH WAS CAUSED BY A PLUGIN
BAD PLUGIN: MultiWorld

Code:
[1] <?php
[2] 
[3] /** @noinspection PhpMissingFieldTypeInspection */
[4] 
[5] /**
[6]  * MultiWorld - PocketMine plugin that manages worlds.
[7]  * Copyright (C) 2018 - 2021  CzechPMDevs
[8]  *
[9]  * This program is free software: you can redistribute it and/or modify
[10]  * it under the terms of the GNU General Public License as published by

Backtrace:

PocketMine-MP version: 4.0.0 [Protocol 475]
Git commit: 468faa464b2bc5c97f23fafbb71ea61035f6f218
uname -a: Windows NT PC 10.0 build 22000 (Windows 10) AMD64
PHP Version: 8.0.12
Zend version: 4.0.12
OS: WINNT, win
Composer libraries: 
- adhocore/json-comment 1.1.2@fc2f76979f0a44a5f5bc2a2b600d0762fe0e78e7
- brick/math 0.9.3@ca57d18f028f84f777b2168cd1911b0dee2343ae
- daverandom/callback-validator unknown@unknown
- fgrosse/phpasn1 v2.3.0@20299033c35f4300eb656e7e8e88cf52d1d6694e
- netresearch/jsonmapper v4.0.0@8bbc021a8edb2e4a7ea2f8ad4fa9ec9dce2fcb8d
- pocketmine/bedrock-data 1.5.0+bedrock-1.18.0@482c679aa5ed0b81c088c2b1ff0b8110a94c8a6c
- pocketmine/bedrock-protocol 7.0.0+bedrock-1.18.0@040a883a4abb8c9b93114d5278cb5fecc635da82
- pocketmine/binaryutils 0.2.2@f883e1cf9099ed6a757a10a2f75b3333eeb2cdf9
- pocketmine/callback-validator 1.0.3@64787469766bcaa7e5885242e85c23c25e8c55a2
- pocketmine/classloader 0.2.0@49ea303993efdfb39cd302e2156d50aa78209e78
- pocketmine/color 0.2.0@09be6ea6d76f2e33d6813c39d29c22c46c17e1d2
- pocketmine/errorhandler 0.3.0@ec742b209e8056bbe855069c4eff94c9734ea19b
- pocketmine/locale-data 2.0.20@a6e4eb22587e0014f6d658732cf633262723f8d3
- pocketmine/log 0.4.0@e6c912c0f9055c81d23108ec2d179b96f404c043
- pocketmine/log-pthreads 0.4.0@61f709e8cf36bcc24e4efe02acded680a1ce23cd
- pocketmine/math 0.4.0@6d64e2555bd2e95ed024574f75d1cefc135c89fc
- pocketmine/nbt 0.3.0@98c4a04b55a915e18f83d3b0c9beb24a71abcd31
- pocketmine/pocketmine-mp 4.0.0@468faa464b2bc5c97f23fafbb71ea61035f6f218
- pocketmine/raklib 0.14.2@e3a861187470e1facc6625040128f447ebbcbaec
- pocketmine/raklib-ipc 0.1.1@922a6444b0c6c7daaa5aa5a832107e1ec4738aed
- pocketmine/snooze 0.3.1@0ac8fc2a781c419a1f64ebca4d5835028f59e29b
- ramsey/collection 1.2.2@cccc74ee5e328031b15640b51056ee8d3bb66c0a
- ramsey/uuid 4.2.3@fc9bb7fb5388691fd7373cd44dcb4d63bbcf24df
- rhumsaa/uuid unknown@unknown
- symfony/polyfill-ctype v1.23.0@46cd95797e9df938fdd2b03693b5fca5e64b01ce
- symfony/polyfill-php80 v1.23.1@1100343ed1a92e3a38f9ae122fc0eb21602547be
- symfony/polyfill-php81 v1.23.0@e66119f3de95efc359483f810c4c3e6436279436
- webmozart/assert 1.10.0@6964c76c7804814a842473e0c8fd15bab0f18e25
- webmozart/path-util 2.3.0@d939f7edc24c9a1bb9c0dee5cb05d8e859490725

Loaded plugins:
ChatManager 0.0.1 by  for API(s) 4.0.0-BETA5
DEVirion 1.2.5-ALPHA12 by poggit, SOFe for API(s) 4.0.0
DevTools 1.15.0 by PocketMine Team for API(s) 4.0.0
FI-Island 1 by Wiez, Exxarion, jasonwynn10, NgLamVN for API(s) 4.0.0
MultiWorld 1.7.0-beta2 by CzechPMDevs, VixikCZ, fuyutsuki, kaliiks for API(s) 4.0.0
NotificationSystem 0.0.1 by  for API(s) 4.0.0-BETA5
PureChat 1.4.11 by 64FF00 for API(s) 4.0.0
PurePerms 1.5.0-legacy by 64FF00 & ProjectInfinity for API(s) 4.0.0
SimpleNPC 3.0.0-snapshot by brokiem for API(s) 4.0.0
Sound 0.0.1 by  for API(s) 4.0.0-BETA5
TNTManagement 0.0.1 by  for API(s) 4.0.0-BETA5
Tags 0.0.1 by NhanAZ for API(s) 4.0.0

----------------------REPORT THE DATA BELOW THIS LINE-----------------------

===BEGIN CRASH DUMP===
eNrVWwtz2zae/yo4Zeba9CyZL1Gk9nIX13Zaz8WxLnY2nV3vZEAQlFjzVT5sKzv97vf7AyBFye5r
NzM7l2ltEgT+7ycA/32SlHXO20/3sm7SspgsvaNJm+ZysrR9N/BcJ/QWM2tuu/OjSVfpL0E4C9yF
69nWwrIXc3txNMl4057XdVlPln/929FE6se/T9pthQWT80/n799fvZ8cTXLZNHxNY6dY0zDxWYpN
lcfyvrm9zbusTR/KOotvb82vNc9l3WUSXwnW7e23ZZl9h8H3GGSiLFqeFg2zGY+atuaiZblsN2XM
eBGzvGta1m5kLcGlZJFksRQZr2W8m17WLM2rTOayUHNZLXOATIu1gdSwr6tS3Mk2TwvgL2QL0u5A
rCByqrpsS1FmmjxQ2dO2XK5le4Oxi/gl+E7SjJiusm4Neo8vidOPxOJxU4vjkRSOd0I41j8HERwT
iuOxAAA4A1WTpfXzkYH9KS3uy+xe8QOEcVpL0U76rxjZocaoKGNJerLx4T//u9pUGHPwjF8ufh1/
8w17XZSguAIU2AdbbarLtGkgnjepzGLF4O7rN8dY6On1c70eTz6e2Ddsh5hN2UqJ9BLEM00ZZM+h
PF7AOhqmOG9mWLzQi0/Lalun603Lvj59yRzLDgDEsRybsVMS3uryDMLD/EDNx0OoF95s0oZBS+ua
5wyPSS0la8qkfYAdLNm27JjgBbQep7CINOpaydKWzOcYppGXcZpsAc22NDh86opY1spUWlnnDSsT
9fLduw/sO1nImmds1UVZKtjbVMiikYyDAhppNrC8aDuBssj4pHYWYxOkhlPI4FKJQHlPwXPlKaPR
o8ngqRNrZs1sjPAOdlo3GhqvUjxMPHyzpt+e35zMJ+SQBY8yGU+Wbd3Jo0ksK1nEZgUJ42w8QPYP
8O82vDj5y+3tCP3t7SV9g9WVHMAmq6vrm49X79+eYehBRk3aEr3E39n5n9NakTmwMQyNebBnzmw+
PXm7+v7EdvZ4mVTlep2S6V5fvZGTA9b+UaY00Nvbe0XK7S1czjyNyDPcXd+cvL/5sHrKm7y/gRM2
Y976oX3e7Dko3WNqZPc3kudfiq0eP9jYUfIrbGzatmqWx8eQxaaLZqLMj3eUHQ8wwOybi+lFk8Ed
RtzuxvbY3ef0Yyo/Y+T88ZEbsf7Im7J42BaFTUJ5t37L8z+/++ckMDlHCijz7cnqYnI0tjAVZ67b
baZ85pw329MyR3SJT7q2RDDOJjvhXW5XWQmb0L9/W/+jCLqTyV5YHdsA0uc0ki0/sO79qPXn9DG9
O/0LJYpu27VNd5fi+Y5naXrXfCkj+cVcu0f7r7r2M3YzYmSU1khO78o2TVLBKTVcb5tW5iN5PfPx
XxDbnlLx+0PcqqslxcYRU8PQvgl4M/vAOXzvzRvL+kOKVcBXlHEmT93gDVcJuFnVJRD9gKBWds3q
fNqPj6z9k8Z9e9sTu3v6B7SviDJFzQDGCEcTuy8dPbYvHgTJaSbXXGyfExL7dwaufkSFcVEkKMza
7Zfyhz1JKMJGj19AFhoOhHGtKsx3q9ORMHZjY2G4yrSbglfNRoWikTiiurxL5RdLGQbc7W1TVOL2
dkzPH2XcgDrewSCmy24vaej3f4GPK8S/361v3t3oakdX0AP9++P/Aj72CPgD/PD12AnV669TbzB+
KUMb6Afm30f2MyZmSPqZ+hyOUl6i9j4oqKaXq1m14bWi87FF5a0iH5XV6P4ANiBOKQ1HAi3vZjwi
eAa6sXY8Vuaf4rJFw7c3alra3UBXZ+P3mLd731FstHIP8Dqvxq8b3uzRkqKkuR8P/NgoRQ3vOfWu
6MD2xsq6NepESY2BpuXEUDyeVIl9ObyXSaY7t/FooyTa7A/FaZePR65Xb/fQb5ufMnL3/okNn9ry
Thbp530RbHlOQnNQ/ZPtfU4rXS+HM49eszQaz8brY74v5JKocSzLtW0nxMDq7GqP07j8pCg5HMRQ
uq+fEhbbNHsTdRz74XKPxQMK8FpLHu+zhcGHOj1Qd9VuaCYJVPsRqN0cmNqmK+66Ns0aR6nQVVJJ
11Fa8Hqr8oIz80kS8h5dd2QmEShRb6u2NANGWDH0qq2QrMEy2w9pkZR7Zhg/0WC6p3QlKnc8VEtY
O7nVutOm1cP/C7yHXa0EF5uRcMlZN5XBSxh1ezwuCcbeS57JG7nbixrkFXUpFduO5ToQS/MJJexk
mfCsQQzqd2AmS28xB46U3NXzg4Rzz/ciJxJzES4Sx014EkULW3Lfttx54ieOHQB2Z0j5mBZx+dCw
dzdsdcpsIGYKLXNgZhb7uv9uWy/ZyeWZT4ZKGyYj8XyWygW8QfOb6lNJev948e7dDdkavTyoAIjo
UpWNrD9BXzU6JKkiFY834KWWx+TzU8wx2zg2efXrRDjJwg8XYWJxz+PzZB4JhzuRb1mxtfCdRFpy
EcgFSaxOxd2xCXPWLJy5rwWfL2I7SCwnSAIvWSwWkWP7gYjt0LYjK5bScT2XSxXDoAPEDwReRMYs
4uJueo9mBLGN9vUgs7uifChem99kYOu6bBp5DJZ5U9B20r1DFvrasZwwtFxXQOSea1ky8ue+XMhA
BoFI5k5sx74feoQVkbaWjeS12Cj+c15VypXulR28DqJIWI7NAxlHjvT4QnInCXjsJTyUIoyFdBIR
BVRk7HbsjiMZ13ibgnbel5v/0Q9CrtDeay9whL8IOZ/L2IoCW1ggzonsJKE32+KhJwLui+ch7yxw
siBCD6FbnsWDwOUej6JAhFGIoOXFc2cRiGieSCF8dx7zwDmArnxfBQWlQocMAGCkLZLQCkMZ+3wx
X3BQB6uYRy7+SRk5Ik7CfUjPqhB+C5vwvUWw8GBSvh8JDonOg2DueI4M5sJxhTOXgZjP+QFpgrZu
KYMr7RBpEGEouWu5YejKJE4iNxSxaznSsed+PLcAOnCsENZ5AKnMyh0MK4ykD/+MF3BO6bqxH9gw
nDB2QuE4wvOFvZB2fECN2mxGeRBnhhwyOykWnhMRysCa+1EEhuaWHwpPJgmUGS5cT3I7jPZBZSUV
Ar2pgKSZY73mvvQgV2ceLKRl2V7ixz6eXUckvus6vrNAbAli9xDUWhHjETG+CG1HWNDbfC4CcODa
ViAFjH8Bc/ATz/KE5T2FMB3lDg3Kt5MFMSUSFxoTjgfa4PYOFzEMIrC4DS9wxYEPDHFAgYh9Tzrz
+TyKHRmSxTvefIGAMI+xOBG2CxrD5MDYi6gdhBsGwuOWF8EyQnsuEVMCN3YjC7YNQcExbR5B/fY+
hN3jVBVA2qn/QKQewar5na4REGk9OIZ0eeDbNmx5YUk74fAp35nD8WwEO89bSISOiEvxHJRpWgmT
yuzXoeNw3/M8MOOLRcwREui/wHVsC7YnhbdwAy4P5NsUZflZ9qn7tcVFgFgNm7eFZ4fcTiBx+Bec
PnDnFH/noXSU8aGUbeSW/GBXidnK1wX+LTwp59J1AtQ5ETzJs6K5DXuWEvYWRb4vLL4D0nWpTj+I
vMgVIWSYRHM3CPzQTuKFu4BdeF4sIi/2sVokjhcntHzT5Q3n/fqnwb3Z5klZbKHBbEt7Z9O+CL4H
qa5SoojD+SJcyBDRxw2SOHYiy/VDFwEOeUdCvRaM6zlYyBiBNcCyXyPcWshDMrZ5iCDAAS3k0nYQ
25E8kLEsZ+4tol+EZY/okj6MIkzcmOw8QQoKvQC+alvCEy6IcuG8IX7q7iMvP/O6PUZsk7VJumSh
fuh7YgFrCCwvsD0eeA6MQFrQcWzPIx5ZiR3AofaAVPC4KQVvFUeIljh0w2QhY/isgElEUSgo585F
ZM1jZEPQFloLgFE9zmBbs62qO18wapzowCtJ112tNqwYVXUsKWu2V0bd1rfFC3azQSpljWxbdAoN
47VUpxRlIRt91CJ4UZQtHYqlhcg6hA88YEGN1D9DSkPqbVGVaGjXZS7NQcch1IYn8oiVdMzWqKOU
CBHrjg5WagONpYk+SEkVDtQ3dCaVbTXod/JhAHiMypV3WUsHQMVXLaMCgNcMrWmJEJZSItsydVZE
JznE/cNGFqyr1jWPAWBGIOn/HuCSXhh78XEjiUDWlsCFUhWAmG6iIA1UOg3Vy7H+rEjWmYBOBzOp
zwXppEBIphMNjeQaNuQv5DTjVBOv5ZKpslR/ajZdi5qxmJpTzyW7nVzediiC7C0Tm9vOlnLBWvrN
7Zzhi23b9D1xwQs73ai5DvGrnqxiwx7BfkYr4kXK7tWwYJECMQehKT2JRcEKvWL7b7cTI4OTLCsf
WJY2JBlz6taw+5Sz/+1kvdWzfqLHqfm4x8yLc9X798d1dL5KlSqdrUETBDLaMqM/vUJvFkyHCfvg
PsJhYY5QKI9jhsJP6530CU3fsVzypqv1uSy0HUmiHvqQP3U8I02t03vMRU3TSfa1Qcwc66WGr7HK
aS0rtMZT6Hq9lvUSEwz+d10eQdEw6pNmW4gb3tzRseMdzHhmpnxoYBPkXz3PNHFTl0XZwWywoDnS
J5VMdzbklEeMKnuwQy2MkhKCAo3lXWE2mnvw18qywBvMvC4fU5i4hDjAmnKeYiCQ5DwQdZGQu9As
cosjlrZfQZBtrRbGsoVrKXs9WM6+Bh8dnNcxAlLMTA3HSwXsqbNwZTN1V6gD8Zi6z7JSKlG9UTNj
Z/LePLNcnc+Kmjebo3EUMNZEkqnrrmr1qBacOqYHfQN3StmID6r1ibVP8vsyjUH88zSQzZAdov9I
YW+zPePD9KmetmS0Z9UHiFwC67YPD99lZQSjoh0spr/AT/K0pViTyzWPti0UwK613C0l6bQhBAaA
OmV+SJUilKEhgDxMNaje9hrFbJKCVkRJsFEoaOpA2iDV1g/ldRQu2LqE3sp7ddqcNhrVWpE6VeQt
mdXzAxpUgtD14v8LTmh78Lf42PA6/mf5aNqyUqSY0D6QZgA2DHGmoqwfjwgjzD11NirkEYEqXnxU
jmPobL76IpQq19E3CygaiQ6JskCiZPJRik6F7VKTrt2WEuswWz4KKeNmx1kf565uzpfs5vuLa/b2
4vLihp2sVm8vzq/Z6vw9+3j1/n/O3x8xTGI3V5h1zj5+f/X2nK3eX52eX1/PnsaKPck4c38kmJWs
01KVERTBG2JVbKSK5UouQ5S2oQuUMrEJRWrSFPFT9vHZADwtC3CN+A5bI+5/yRS1CT5sqCKAhChm
6WkGvgaDqL3LA+NgAExXlIioTlHLZk9XkJ2Y3W8os5KCyhktbSJca1uvHbiB6cmq2bHtWobv5uUv
EWak4I6ksOZ1BB+a7noEE7ael7hySyLLrGNmHd1m4UWnSqgxRSgyO1joy6M+rTw10d5IdbZOEkDT
nOc7V52xK500tEOg9im7LB6oSZGJHgq246HpQVeKBbDsW9aIa+B8owLMk5yrzErDGXhM6jLvs3e/
3syZjo33UO/EmdHvM3bDnjG4J5Zz3RfDpMwaOPXVMWXwcZdXumLsi1NmPk3p006PZzTRLFK8KKJ7
jugC0YNEgODPiB31AF1i2vB7GGHTdHR7Km030Oa6r6Up4BG+HWVHvYJ1AWLK5VlPD03+Vbnl/HGq
Nq2bHQ+nvKLxNO9yJHB1SYruVPECVTOUjDKAb/vwu5M0+ZURrfKspzaIpqIaKFNIp1Ttd8jo3p4m
z0r9+dDyqRCjuKmx9NN7h9MQzdRDPlWRMlXb2iNOz0CYKoxQuZJMQauuZjSsilM3xvQqze+OVywb
pKz56ymg6Tv8WqQZtT8G9m+B+y1bpf/N7cXlkHpQGW7KTFe5EW/FRvUGigEUbDAzk75UfNTdn/mq
U1Ykh3q3T58vxjrsP1KIrrctgT9iU3ukXqNahXza9gQNqUVlgV1BrQ5AqI6NtSSom1O9By3HoCFu
xr5HMQpre6WqS3a6+nCEtaAjgjc+pDEcRFUmfRweMEwVhiXzdz3ArkFolJxGs2fsJEaw2/AsOUZr
rTuXWMLSDTogZrRTSgY4cttxWh2BO2i4Hik2UqXLsxkjQj6silVf+e8aYmpwiLAHJGa9tKuKampG
njRel8ZHm/SzHDRMfUKv2IaSqSnW0Edokxklby909KKXM7YyazJer9UCbrpzYx0GZ1LzNTECDUGA
TZWp+oja7RwsUHDgNWntNEsxqzFXMtGMNi27vPmgaG3AFjEfdS2jnQul2B1C3e/MdvEpb7sprVsq
ivebWFmoczMVGRJGGyeovVAy98y2eEtSMdPXRzecygy6J6xuDBcUztS9aYS2I0UPFHivCN+QPOpG
B3Gkf67SQaPVq4sVzG2N1RI3Uu+dmPA4tHlnV6ooO7u4PvkW9Ziq37pC2RSFe3UJVZ3x6hIkJeM0
V3/j/RZox+t+PIhl1K2Xu67yv5hN3aQpmjcIb2oGM5sXjd54UZeum7IvDYy32D1QzUUP9XRTlo3a
pOkbStlvIqhcQBvtrOH3u9yDFznVX9U2/DggEpHq3oEuGM0+1o+lvq1t5PcV+yEqHylC1OzijH39
w4eLs5ewB4QH0IH5D3Qbt9Y3pOA81GrW8SAzXejAW8qdTgtEhR++fdtjMI3oaOQrhY7OEVVxotRu
ih7FYdnvq5nU/AgKp3Tf4lWZJAYxvqbJdvrYpfG+mpSEp4cbWjdqR0o7pL7Cr6WhL05rHXaN2R8T
CDltH57NqqletWTmSLlHp5ORCasDNsqsvFgPPVRBi7PDNH/Uz7pP5cN0SP7PbSv24j7Jy46iTaJz
pwk+EGIvbKocKKqaXR2YBb2Z1A8A71UpMAKgxFBIvXMQSQ0w0n8B0FT8QRkL2bHGYMyOPjwtK7Qw
COFIGIifjB+SDc6EyoFMIk8/T7H1SyTzmq4oMd67BQjfAaCngTL3yeZVlJVCuX6Txjr/EH8cGodZ
Nl00lsqaEjNmyFinY/UypEq1k2ZMhwshM6l6GO0EBm+W3gEJ9fkqkmUcQljX5UO70XEQSDjbaHij
IImY0bR9olcET0kuPXnTnZB6Bi/OmhF3FO7JJjREpo+mB2aHHbW+oFKrDtQGmFPmsBcgF63+voJ3
u3cjHc+eKtkEwAeeql4c6Qmtqbayqqy6bOdk5pXqCTXLJCLX6RGrdo34Nhgpo1PsQ+ExaoNo1Oxg
LofiijZe1UaB/qBrEmN/IGsc++Nx+CSfntIffDwZHILL4Qdze2OvfkBUmeoLWqPZG+h3qcmaVXle
zdJy4AHhc5tTi4tw0NLus2jGzFBSNDPYboZiSgVPvl7Xcm32Vs1GrN5Uor+huHvKsaIVMevq7GoJ
GU1NytFVCYXDB6m7JY4w8aBwNoqBMStqdDY6hkFlsKeVrqKLXr36nhE3VK/nDAaIaozudKjsuZfX
TunURI63No+QgqoNh1NJyh810bOrlZGZElmjX5pSvC0oAY/W7pKlTlR8b8/UXK4ZZfoOrQLKLBW6
+9ho4BpT0DN6ZM8oXjN6qPk2zccpyxQDBJ5WkeNQhiJFU74g1Gpj2CzrjwRmY0Tm2yGmXqi/VXaY
7KVVrt1ntKlmoABJO4i63z7bmGEdP+uh+TEhhw4w0HXGqj5LkwEU3W/oan1QRkGs30HqQzsgmsA3
TvkoGnkzNJzoAzjdRxveqTYDvUaTy16l/VeYNm15LtlfVTGF+vpI7YH+rQeva4RRJTE+0lOMUfFf
q3xC+0g6OpIRyvbZZK6SgeqIG9XsqH0G+lOAKpOmItlnpcetvvUvgEse5Fl9at9hXrI3b09u+mHq
liRtPv7JXLQ5moeP4LCQR+5jnNbtkYrxfxoVpfo4a3/HRkcEyrUQvdmA5Z2xUH0fnc4IO9F2dR/m
+8azHs7BVIyiPzHLuFDHm00vt2l/jAYj6fuSF29UcFLI1Io9MPovy8zf8Y1GpqoU3qtQS928yEeE
y8Z07+KO+r1G9aeIl1GKLmurK041j3gGOegmdWrqXUvzqnCgaBvtGtAR+6Gu6Sx6tdP8qTqQVmex
6jj3I2TwrrxntsWscOktlrbPPl58q/5UT1Wz5pz0ldRxOy/b+BUdVfJFctslieOrn0L9VCOup376
+liXqJmS376yQ1un09Hgva+GVRFhup+0wqB2jodN2sopHYCaAeoSTZ35Su87099a5kiRrxSx+mh3
GEOxTqO0/01Hav17dV8ZeHFKTSMMf/tKUTbY75BhX+0qemoXXl1yNAv1uMyX8WgOXbN4dXb+5uTD
25sRT+qQtkevshF5uiFir/Z+pUU0ajjUnMnP/we3bB2O
===END CRASH DUMP===
