PocketMine-MP Crash Dump Thu Dec 2 15:39:42 WIB 2021

Error: pocketmine\lang\Language::translateString(): Argument #1 ($str) must be of type string, pocketmine\lang\Translatable given, called in D:\FLOTV\plugins\EasyCommandAutofill\src\jasonwynn10\EasyCommandAutofill\EventListener.php on line 57
File: pmsrc/src/lang/Language
Line: 135
Type: TypeError

A PLUGIN WAS INVOLVED IN THIS CRASH
BAD PLUGIN: EasyCommandAutofill

Code:
[126] 			return array_map('\stripcslashes', parse_ini_file($file, false, INI_SCANNER_RAW));
[127] 		}
[128] 
[129] 		throw new LanguageNotFoundException("Language \"$languageCode\" not found");
[130] 	}
[131] 
[132] 	/**
[133] 	 * @param (float|int|string|Translatable)[] $params
[134] 	 */
[135] 	public function translateString(string $str, array $params = [], ?string $onlyPrefix = null) : string{
[136] 		$baseText = $this->get($str);
[137] 		$baseText = $this->parseTranslation(($onlyPrefix === null or strpos($str, $onlyPrefix) === 0) ? $baseText : $str, $onlyPrefix);
[138] 
[139] 		foreach($params as $i => $p){
[140] 			$replacement = $p instanceof Translatable ? $this->translate($p) : (string) $p;
[141] 			$baseText = str_replace("{%$i}", $replacement, $baseText);
[142] 		}
[143] 
[144] 		return $baseText;
[145] 	}

Backtrace:
#0 plugins/EasyCommandAutofill/src/jasonwynn10/EasyCommandAutofill/EventListener(57): pocketmine\lang\Language->translateString(object pocketmine\lang\Translatable#154)
#1 pmsrc/src/event/RegisteredListener(75): jasonwynn10\EasyCommandAutofill\EventListener->onDataPacketSend(object pocketmine\event\server\DataPacketSendEvent#29534)
#2 pmsrc/src/event/Event(62): pocketmine\event\RegisteredListener->callEvent(object pocketmine\event\server\DataPacketSendEvent#29534)
#3 pmsrc/src/network/mcpe/NetworkSession(413): pocketmine\event\Event->call()
#4 pmsrc/src/network/mcpe/NetworkSession(873): pocketmine\network\mcpe\NetworkSession->sendDataPacket(object pocketmine\network\mcpe\protocol\AvailableCommandsPacket#29532)
#5 pmsrc/src/network/mcpe/handler/PreSpawnPacketHandler(114): pocketmine\network\mcpe\NetworkSession->syncAvailableCommands()
#6 pmsrc/src/network/mcpe/NetworkSession(316): pocketmine\network\mcpe\handler\PreSpawnPacketHandler->setUp()
#7 pmsrc/src/network/mcpe/NetworkSession(694): pocketmine\network\mcpe\NetworkSession->setHandler(object pocketmine\network\mcpe\handler\PreSpawnPacketHandler#25743)
#8 pmsrc/src/network/mcpe/NetworkSession(267): pocketmine\network\mcpe\NetworkSession->beginSpawnSequence()
#9 pmsrc/src/promise/Promise(45): pocketmine\network\mcpe\NetworkSession->onPlayerCreated(object pocketmine\player\Player#25733)
#10 pmsrc/src/network/mcpe/NetworkSession(231): pocketmine\promise\Promise->onCompletion(object Closure#25683, object Closure#25679)
#11 pmsrc/src/network/mcpe/NetworkSession(689): pocketmine\network\mcpe\NetworkSession->createPlayer()
#12 pmsrc/src/network/mcpe/handler/ResourcePacksPacketHandler(142): pocketmine\network\mcpe\NetworkSession->pocketmine\network\mcpe\{closure}()
#13 pmsrc/vendor/pocketmine/bedrock-protocol/src/ResourcePackClientResponsePacket(70): pocketmine\network\mcpe\handler\ResourcePacksPacketHandler->handleResourcePackClientResponse(object pocketmine\network\mcpe\protocol\ResourcePackClientResponsePacket#25681)
#14 pmsrc/src/network/mcpe/NetworkSession(395): pocketmine\network\mcpe\protocol\ResourcePackClientResponsePacket->handle(object pocketmine\network\mcpe\handler\ResourcePacksPacketHandler#25686)
#15 pmsrc/src/network/mcpe/NetworkSession(358): pocketmine\network\mcpe\NetworkSession->handleDataPacket(object pocketmine\network\mcpe\protocol\ResourcePackClientResponsePacket#25681, string[4] ....)
#16 pmsrc/src/network/mcpe/raklib/RakLibInterface(192): pocketmine\network\mcpe\NetworkSession->handleEncoded(string[7] c.`a`..)
#17 pmsrc/vendor/pocketmine/raklib-ipc/src/RakLibToUserThreadMessageReceiver(42): pocketmine\network\mcpe\raklib\RakLibInterface->onPacketReceive(integer 0, string[16] .9.:..Bd..U.Q.S.)
#18 pmsrc/src/network/mcpe/raklib/RakLibInterface(122): raklib\server\ipc\RakLibToUserThreadMessageReceiver->handle(object pocketmine\network\mcpe\raklib\RakLibInterface#24128)
#19 pmsrc/vendor/pocketmine/snooze/src/SleeperHandler(123): pocketmine\network\mcpe\raklib\RakLibInterface->pocketmine\network\mcpe\raklib\{closure}()
#20 pmsrc/vendor/pocketmine/snooze/src/SleeperHandler(82): pocketmine\snooze\SleeperHandler->processNotifications()
#21 pmsrc/src/Server(1645): pocketmine\snooze\SleeperHandler->sleepUntil(double 1638434381.954)
#22 pmsrc/src/Server(1034): pocketmine\Server->tickProcessor()
#23 pmsrc/src/PocketMine(301): pocketmine\Server->__construct(object BaseClassLoader#2, object pocketmine\utils\MainLogger#3, string[9] D:\FLOTV\, string[17] D:\FLOTV\plugins\)
#24 pmsrc/src/PocketMine(324): pocketmine\server()
#25 pmsrc(11): require(string[53] phar://D:/FLOTV/PocketMine-MP.phar/src/PocketMine.php)

PocketMine-MP version: 4.0.0 [Protocol 475]
Git commit: 468faa464b2bc5c97f23fafbb71ea61035f6f218
uname -a: Windows NT PC 10.0 build 22000 (Windows 10) AMD64
PHP Version: 8.0.12
Zend version: 4.0.12
OS: WINNT, win
Composer libraries: 
- adhocore/json-comment 1.1.2@fc2f76979f0a44a5f5bc2a2b600d0762fe0e78e7
- brick/math 0.9.3@ca57d18f028f84f777b2168cd1911b0dee2343ae
- daverandom/callback-validator unknown@unknown
- fgrosse/phpasn1 v2.3.0@20299033c35f4300eb656e7e8e88cf52d1d6694e
- netresearch/jsonmapper v4.0.0@8bbc021a8edb2e4a7ea2f8ad4fa9ec9dce2fcb8d
- pocketmine/bedrock-data 1.5.0+bedrock-1.18.0@482c679aa5ed0b81c088c2b1ff0b8110a94c8a6c
- pocketmine/bedrock-protocol 7.0.0+bedrock-1.18.0@040a883a4abb8c9b93114d5278cb5fecc635da82
- pocketmine/binaryutils 0.2.2@f883e1cf9099ed6a757a10a2f75b3333eeb2cdf9
- pocketmine/callback-validator 1.0.3@64787469766bcaa7e5885242e85c23c25e8c55a2
- pocketmine/classloader 0.2.0@49ea303993efdfb39cd302e2156d50aa78209e78
- pocketmine/color 0.2.0@09be6ea6d76f2e33d6813c39d29c22c46c17e1d2
- pocketmine/errorhandler 0.3.0@ec742b209e8056bbe855069c4eff94c9734ea19b
- pocketmine/locale-data 2.0.20@a6e4eb22587e0014f6d658732cf633262723f8d3
- pocketmine/log 0.4.0@e6c912c0f9055c81d23108ec2d179b96f404c043
- pocketmine/log-pthreads 0.4.0@61f709e8cf36bcc24e4efe02acded680a1ce23cd
- pocketmine/math 0.4.0@6d64e2555bd2e95ed024574f75d1cefc135c89fc
- pocketmine/nbt 0.3.0@98c4a04b55a915e18f83d3b0c9beb24a71abcd31
- pocketmine/pocketmine-mp 4.0.0@468faa464b2bc5c97f23fafbb71ea61035f6f218
- pocketmine/raklib 0.14.2@e3a861187470e1facc6625040128f447ebbcbaec
- pocketmine/raklib-ipc 0.1.1@922a6444b0c6c7daaa5aa5a832107e1ec4738aed
- pocketmine/snooze 0.3.1@0ac8fc2a781c419a1f64ebca4d5835028f59e29b
- ramsey/collection 1.2.2@cccc74ee5e328031b15640b51056ee8d3bb66c0a
- ramsey/uuid 4.2.3@fc9bb7fb5388691fd7373cd44dcb4d63bbcf24df
- rhumsaa/uuid unknown@unknown
- symfony/polyfill-ctype v1.23.0@46cd95797e9df938fdd2b03693b5fca5e64b01ce
- symfony/polyfill-php80 v1.23.1@1100343ed1a92e3a38f9ae122fc0eb21602547be
- symfony/polyfill-php81 v1.23.0@e66119f3de95efc359483f810c4c3e6436279436
- webmozart/assert 1.10.0@6964c76c7804814a842473e0c8fd15bab0f18e25
- webmozart/path-util 2.3.0@d939f7edc24c9a1bb9c0dee5cb05d8e859490725

Loaded plugins:
ChatManager 0.0.1 by  for API(s) 4.0.0-BETA5
DEVirion 1.2.5-ALPHA12 by poggit, SOFe for API(s) 4.0.0
DevTools 1.15.0 by PocketMine Team for API(s) 4.0.0
EasyCommandAutofill 2.0.0 by jasonwynn10 for API(s) 4.0.0
MultiWorld 1.7.0-beta2 by CzechPMDevs, VixikCZ, fuyutsuki, kaliiks for API(s) 4.0.0
MyPlot 1 by Wiez, Exxarion, jasonwynn10, NgLamVN for API(s) 4.0.0
NotificationSystem 0.0.1 by  for API(s) 4.0.0-BETA5
PureChat 1.4.11 by 64FF00 for API(s) 4.0.0
PurePerms 1.5.0-legacy by 64FF00 & ProjectInfinity for API(s) 4.0.0
SimpleNPC 3.0.0-snapshot by brokiem for API(s) 4.0.0
Sound 0.0.1 by  for API(s) 4.0.0-BETA5
TNTManagement 0.0.1 by  for API(s) 4.0.0-BETA5
Tags 0.0.1 by NhanAZ for API(s) 4.0.0

----------------------REPORT THE DATA BELOW THIS LINE-----------------------

===BEGIN CRASH DUMP===
eNrtPAtT20iaf6XPyd3Anm30fngrs2GA3FBHgA1kM7XjFNeSWrYGWdLoATiz89/v+75uyZKBBGZT
tXVXye6A1er+3s/uNr+N4rxc8frqRpRVkmejmTUe1clKjGa6Y3qWaZmeMdU0z9HHo6ZQb8yp62uO
4/kOvLZ9zxmPUl7VR2WZl6PZb6N6XcC00SX8kmPj0UpUFV/gaJGH16JeJZmYz1OeLebzE/jZwMvZ
rC55VqW8Fhd1mWSLnd0Z2y8XzUpkNXuhs52XVV3uslVT1SwQLI8ZYmIVTR6z+5AvFTwepIItkhuR
jVnI01RELMnY4Ww+f3Nydvm3+bxIm0WSVfP5Ea/WB/lqxbNov6nzOEnT+bwqw/n8F17l2e06y3Tt
kWlHAL8+SapaZKKcFsuC5RlLgRxmuyCCuEnTN0lKMljycra3dzjbI/x750T5W5g6eXs+xbd7gHMP
mdhrpYMAEYqCsMIJ9ybBBESIOrJBkSUP4fPPoxcaUxzuPUA5gemx9+CcAXM7tguqeVyTk++3NZkH
v4iw/oKKXui2tQssgKo3/AlEvPdOLBB3KaKOBtcGGp6plcn3eXYIyM450nEhsughygglqF2U4Bbz
+XABwXth+LYpaTXu0UozdhxjS0QK6n1OJt+jTcpV/yw1Zo+aTNS3eXm9twoLsXcqHy7AD8HPdyzd
fJg8Aigp2iGI1hMheu42RDV7Psfp8/lw/uT7CsjfMPMQ51sAijKv8zAHne7f8CRFi1HariQMkoNB
VNuPUb2E6ako985LcVHw20yu/FGO7ui69Uwm1ll4jxopOOeJgjN15/M4Fcnz+YM0oyDr94XE6T4R
p+M/l8+NjL6sqM8T/MKwXcskcr0nkms47vPIDcDJMkJ9IX5tRBYKKR+/hxDMaZVUAiyBfu9Y9vNw
5Nl5yteiPCgFxLkHA0lBE0AO9BsZNyXjuvZUzk19iypFNgqXPiAhYHhFKmpcoKg4SPOqKQWgdDxz
zO6Pur4kRH+qxXj+88QTklgk51L4uvElp3wnqrwpQ4H2Um15pmU8D/9npv4WSjn8ruhqgyaEvigv
9zYr9wIRlfA0aUMPkd6n8iBNIF7CSJFnlVChzNWe6NCP8zv5Xk56HNezAuaXSCY70aU0nhrwTf8L
DvN09C23z4ktj8uOmHEkM/ZTmbG955mXpOMP5q+nqWOsKtufrY9sCv8kR4+mlZJfp0mw945fnyTB
cQYlRgzl347uG3+Es6MszCOIaooE9yMLp//D/6elwn3UZSQZk6SQJEpyLvP3UL9cLiEmRG9lK/BO
hAIq8nLnS44tAYLQhoxRACZpKUg7CbxaiJJpneB0ByTnT2fT6Q/RdPp++tfphaLfe64UDaSyJaWt
xYDJlq7PcPgM636E1xeGpRuepNx/VPJVluefBLF0kQpRiLILnob5B2X8hDVb0dTQ/gCB3rYNyKnz
+XAe0APhGKR7mtdJnIQcU54qt4x+JrsgBe3ozr2k/hjgCp/fZ3WS7kR5g/1i1wDrU1/1JYbxAA7N
3K6l5BtogpLw+lwSnKscaPQL9E3bt2Nq+iNArq5C4LEum7CLMT/wShxAx12d5DzCeNcl+D6ABniB
jvYtT7KTfAGO8cLsHMP/2O9+N/7ifnywK5akW4+QbmzzL91DMawiMJTW6EBQjSWlaKOKbX5kT+yF
N8PYCO+OPv4+HolvGw6f3XB48lYByFISdJVkN3l6I1AAsDTJItBWWI/a9zD2ACXwGpMFakI3HJgz
r/F/paibMmO8LPn6asWLne+AMxBdEYKIqqWovgMR8rISgDW5Qmp3XuLPMYt5WsGv49Pjq4uD/dPT
o3dX7/Y/7O7+GTDphqsw/E5PHjzRB18N18syv2WZuGUtqxAt3uQNNMt3oSioSp6P2ndsPp+PXqbq
6QDYwAGW5TWLcc18JLGaGoEnnKaucJoGDe796U/0ZNIT+xN7DWzxFduJ05zX/4C89A9pMv/o28fu
zx/ZS5pY0WpLrd6jJ5ueCohEScjiJguRbrZtrxIsQzMdS0G3INkr9vPHMftLOyPP0jW0Y3FyB2+y
Jk132UwZ8m+EsNXbywCiy6W4q2Hey3qZVJPvF1DekCdISbiPzyR1tkyioHcGiF9J1CwvEXWRVzuS
8t6kXZql7bK/sA38Gbs/T9LSat9stR/nkIHD5U4rBl6xlwl79T3IZZcYtbTOQF+WAjq0kKwdeSjA
SauaQ7cInj5w5b+0DHYKAAQoQaWBXVhMBFn6BnpPPDDrSiED2/vt318mv89HwE+PgPGGX8mbZfTt
3DIVp5alhpV7davkIluZ6e/ftv++bf992/77tv33bfvv2/bft+2/b9t/37b/vm3/fdv++7b99237
79v23/+D7b92R6rCXaeDJa/f8gycjrYDM47XlAaj41F3w2mkTbWpDiO8qZd5CQB+Bmi8SLBVtuCd
Nvnh6HLfRhwiw8I+Gs1AAWI8isBmoMCXK6o8rg/7AytOG2Sn4O77f5/Pe+ilGnDHDTQGU87PLi4/
nL07OYShWxFUSY30Ys9+ePS3pCQyOza6oT4P+tSY2pP9k/Mf93VjwMuoAG0nuGV3cfZGjLZY+6NM
SaDz+Q2RMp9Hov3UI09xd3G5/+7y/fl93sTNZZ6nVZ+3dmjIm24DpQOmNvpnl4KvvhZbLX5gY0PJ
Z9hY1nVRgbmCLJZNMA3zVc8y9zoYwOxD26Qbvh/eRN2IwCCmBhLobXV8Le6/vHvyVLN926R18iEv
06jHZG9wqF4XXCwQNd8y3INPIlyevwUpohb+ltwl1wd/p4tz66aumusEPl/zNEmuq68lgRBRFiuw
ZjCBFdJ7i/QC433aP8v+AybRY2SvBwjltD5P87ovIzkwkM9QKh8S8QlGju7uuHKzviWMR6eLE776
2+k/J5HREWSZfLXePz8ejfsRhyi/qNcpxdCHzHYjTMkLyK7l6QvxoJ/FL9ZVLVY9wTzw8l8Qw+9T
8XSfOIeiCHNAj6luaOgP1lTfUrpjvXmjPc/PCfi5KFfkHFvqfcPp/KCCcgQQ/QTBO2+q86NJO97T
4pXEPZ+3xG4+/QFXIKLU3nMHRglHEjuUjhwbigeSwSQVCx6uHxIS+w8GXGH5c5zFSZbU668VHAaS
IMJ6H7+CLCQcEMZFgvs3p+cHPWFsxvrCMMm0q4wX1ZJcrCeOoMyvE/HVUqMChyUztjl9ep7LuAK1
t4GBTOPpWp9hev4X+DghfrpbX55eyqpOnpF29A/H/wV8DAh4Bj980XdCevw89Qrj1zK0jn7A/DSy
HzAxRdLveJKNB38CWtitwrHtJ4jOu1pkFUU+bB/yEsF6yCnWJEG44vWyPxLyFOiGtf2xfHUV5TW0
xYNRdRdhM9CUaf854vXgPSTRWgwAL1ZF/3HJqwEtCaTqm/7ALxUpqnteBbK/GozlZa3UCa0DDOA5
JzAU9ScV4VAO70ScCkoQ/dGKJFoNh6KkWfVHLs5PBujX1a8punv7iXWv6vxaZMmnoQjWfJVSGWyQ
7X1KCtkX+FMLH9Mk6M+Gx7vVUMg5UmNomqnjxQDIN4dnA06j/Ioo2R6EoWSonxwstqoGE2Uc++nt
gMUtCuAR94KGbMHgbZlsqbuoadcIBWqpsv98uWVqyya7pobeIBWaJJVkESQZL9eUF4ypg5IQNyKN
AjUJQYXluqhzNaCEFYFepRWiNWjqqkiSxfnADKN7GkwGSidRmf2hUoC1o1stGmlaLfy/g/ews/OQ
h8uecNFZl4XCixjxOJT3+6SB96Jn8kpsvqvUyStoEuw8DM00QCzVFdTzo5m8RDJqt11HM8u1AUeC
7mo5Xsy55ViBEYR26LuxYcY8DgJXF9zRNdOOndjQPYDdKFI+JFmU31bs9JKdHzAdEDNCywwwM43t
tO91bZftvz100FDxKzs98XwS5AJWp/llcZWj3j8cn55eoq3hwy0FQIguRV6J8gr0VULlLyhS8WgJ
vJRiD31+AnPURR0dvfp1HBqx6/iuH2vcsrgd20FocCNwNC3SXMeIhSZcT+DdoKBMwus9Fea0qT81
X4fcdiPdizXDiz0rdl03MHTHCyPd1/VAi4QwTMvkgmIY6ADiBwRePCkOeHg9uYHODGIbXsgCmV1n
+W32Wv1GA1uUeVWJPWCZVxlekrgx0EJfG5rh+5pphiByy9Q0ETi2I1zhCc8LY9uI9MhxfAuxQqQt
RSV4GS6J/xUvCnKlG7KD114QhJqhc09EgSEs7gpuxB6PrJj7IvSjUBhxGHhYZDxwxgO087bc/M92
EOQK2ntteUbouD7ntoi0wNNDDYgzAj2O8UnXuG+FHnfChyFvLHDkIqHb0DVL455ncosHgRf6gQ9B
y4psw/XCwI5FGDqmHXHP2IJOvk9BgVRooAEAGKGHsa/5vogc7touB+rAKuzAhH9CBEYYxf4Q0oMq
BL8Fm3As13MtMCnHCUIOErU9zzYsQ3h2aJihYQsvtG2+RVqIm5NprqIfkgYi9AU3NdP3TRFHcWD6
YWRqhjB024lsDUB7huaDdW5BytN8A0PzA+GAf0YuOKcwzcjxdDAcPzL80DBCywl1V+jRFjV0S1Cd
G7WB8bUIXcsIEKWn2U4QAEO25vihJeIYlOm7piW47gdDUGmOhUBrKrhJY2ivuSMskKthe67QNN2K
nciBz6YRxo5pGo7hQmzxInMb1IKIsZAYJ/R1I9RAb7YdesCBqWueCMH4XTAHJ7Y0K9Ss+xAmvdwh
QTl67CJTYWyCxkLDAtrA7Q0eRmAQnsZ18AIz3PKBLg4QiMixhGHbdhAZwkeLNyzbhYBgR7A4DnUT
aPTjLWPPgroTru+FFtesACzD120BMcUzIzPQwLZBUOCYOg9A/foQwubjhAog6dTPiNT3TqFkArLA
MYTJPUfXwZZdTegxB59yDBscT4dgZ1mugNARcBE+BAXPslQq01/7hsEdy7KAGSd0Iw4hAf/vmYau
ge2J0HJNj4st+cpThzZ1v9Z46EGsBpvXQ0v3uR6DxMG/wOk908b4a/vCIOPDO2xijX6wqcR08vUQ
/rmWELYwDQ/qnAA8ydICWwd7FgLsLQgcJ9T4BkjTJDL9QOSFXOGDDOPANj3P8fU4ck0X7MKyojCw
IgdWh7FhRTEuXzarivN2/f3gXq1XcZ6tQYPpGveEJm0RfAOkmqTEMPJt13eFD9HH9OIoMgLNdHwT
AhzkHQHq1cC4HoIFGcPTOlj6awi3GuQhEenchyDAAZrPhW5AbIfkARlLM2zLDR6FpffoEg4YhR+b
Edp5DCnItzzwVV0LrdAEokxwXh9+yu5jlX/iZb0HsU2UKumihTq+Y4UuWIOnWZ5ucc8ywAiEBjqO
dDvggRbrHjjUAEgBHjfB4E1xBGmJfNOPXRGBz4ZgEkHgh5hz7TDQ7AiyIdDmay6AoR6ns63pmurO
FwwbJwatQZwsmpI2rBhWdSzOSzYoo+blPHvBLpeQSlkl6ho6hYrxUrB6KVieiQo+8JqFPMNLsIFg
SRamTSSvMMuznSmkNEi9NVQlEtpFvpLXo+9DrXgsxiyHN2WFQFkAEeuarfOmVNBYErMVdBBxQjig
vsE7x+lagj4Vtx3APahceZPWFbvNs+9qhgUALxm0pjmEsAQT2RqpxLuakvvbpchYUyxKHgGAKYLE
/1qAM3xg7MWHpUACWZ0zvJfGAJA6FKs2d24j+ZpIlpkAL7KmoibJ4YlIKJhMNDiykrBB/qGYtBeM
Z/Jus3xVLZsaasZsoi6rz9h89HbeQBGkr1m4nDe6EC6r8TfXVwze6LqO72MTeGEHS5prIL/0ScuW
7A7YT3FF5CbshoZDFhAIGwhN8FPoZiyTK9b/Nh8pGeynaX7L0qRCybQXRtlNwtlfG1Gu5axf8eNE
vRww8+KIen+1kIEYGFaqDEwFNIEggzVT+pMr5GbBpJswBPchwYvCGSiURxGDwk/qHfWJB6tsJTge
O9PdXdB2IJB60If4teEpaoqu3zOoaRrBdhRiZmi7Er7EKialKKA1noCu8Yx0BhMU/tNmFYCiwaj3
8ZbfJa+uGZ5/gxlP1ZT3FdgE+lfLM05clnmWN2A2sKAaMzpPYLKzQaccM6zsS3nbgqQEQQHHVk2m
Nppb8BdkWcAbmHmZ3yVg4gLEAayR82QdgSjnjqjjGN0FZ6FbjFlSfweCrEtaGIkaz4nRXreWsx3g
owHnNZSAiJmJ4nhGwO47CyebKZssQwVH2H3mBamEeqNqyg7FjfrMVsliCXGl5NVy3I8CyppQMmXZ
FLUclYJDAa2Avo47UjbEB2p9IumT/CZPIiD+YRrQZtAOof9IwN6mA+OD6RM5bcZwz6oNECsBWNdt
ePivNA/AqHAHi8k34CerpMZYsxILHqxrUAC7kHLXSNJJhQgUgEtU421CiiBDgwByO5GgWturiNk4
AVohStJ9XAQUl0K0SKX1g/IaDBdskYPecgxHaCYS1YJInRB5M6a1/AANlCBkvfh/ghPcHvwSH0te
Rv8sH1WdF0SKCu0daQpgxSDOFJj1ox5hiLmlTocKuUcgxYsP5DiKzuq7r0IpuQ6RhsGFhQ0kygwS
JRN3ImwobOeSdOm2mFi72eIuFCKqNpy1ce7s8mjGLn88vmAnx2+PL9n++fnJ8dEFOz96xz6cvfvv
o3djBpPY5RnMOmIffjw7OWLn784Oji4upvdjxUAyhu30BHMuyiSnMgIjeIWshktBsZzk0kVpHXQB
pUykQhFNmkD8FG18VgAP8gy4hvgOtobcP2aK0gRvl1gR4FekIGbJaQq+BANRe5MH+sEAMJ1hIsI6
hZZN769AO1G736DMQoRYzkhpI+FS23Jtxw2YniiqDdumpviudh8jTEnB7ElhwcsAv3Sx6RFU2HpY
4uSWSJZax9Q6CP8rnjVUQvUpgiKzAQvdHbdp5b6JtkYqs3UcAzTJ+WrjqlN2JpOGdAioffImjTpq
EshEtxnb8FC1oAtiAVh2NK3HNeB8QwHmXs4ls5JwOh7jMl+12btdr+ZM+sa7rXfkTOn3AbthDxjc
Pcu5aIthVGYJONFQlcFHzaqQFWNbnDL1aoKvNno8xIlqEfFCRLcc4ZecbgUECP6A2KEegHwKWG7A
CKuqERhM6iVoc9HW0hjwEN+GsnGrYFmAqHJ52tKDkz8rtxW/m9CmdbXh4YAXOJ6smhUkcMjdJSKh
r1uhkpm8LS+p2Uga/UqJljzrvg1CU1F0lBHSCVb7DWR0a6DJw1y+3rZ8LMTou3WEpZ3eOpyEqKZu
80lFyoS2tXucHgJhVBhB5YoyBVplNSNhFXRtlclVkt8Nr7Csk7Lkr6UAp2/wS5Gm2P4o2F8C9yVb
xf/UHc9Zl3qgMlzmqaxyA16HS+oNiAEo2MDMVPqi+Ci7P/VWpqxAdPVumz5f9HXYvsQQXa7rJX2v
dqL31KtUS8gndUtQl1ooC2wKajoAwTo2kpLAbo56D1wOg4q4KfsRilGwtldUXbKD8/djWAt0BOCN
t0kEDkKVSRuHOwwTwjBjzqYH2DQIFcmpN3vK9iMIdkuexnvQWsvOJRJg6QodIGa4U4oG2HPbflrt
gdtquO4wNmKly9MpQ0Len2fnbeW/aYixwUHCbiExy6VNkRUTNXKv8XqrfLRKPolOw9gntIqtMJmq
Yg36CGkyveRt+YZctDtl52pNyssFLeCqO1fWoXDGJV8gI6Ah/G5okVJ9hO32Cr89XeL3hFFr8ra8
3EfAy6Siqtnby/dEawVsIfNBU9PXd0mxG4Sy35lu4tOqbia4bkYUD5tYkdG5GUWGmOHGCdReUDK3
zNbwFCfhlFHeW3IsM1iyAgnVqEnQC/1dPQhtY6IHFHhDhC9RHhCxKYhD+ueUDiqpXlmswNxaWS1y
I+TeiQqPXZt3eEZF2eHxxf4PUI9R/dZkZFMY7huMr3TGK0uQBI1Tfbk7GrZAG16H8SASQbOYbbrK
75mO3aQqmpcQ3mgGU5sXldx4QX/PqrwtDZS36C1QyUUL9WCZ5xVt0rQNpWg3ESgX4EY7q/jNJvfA
g5jIt7QN3w+ISCTdO5AFo9rH+iVPMrmhQfL7jv0U5HcYIUp2fMh2fnp/fLgL9gDhAeiA+begTFQX
3pAC58FWs4w6mclCB7wl3+g0g6jw0w8nLQbViPZGviN0eI5IxQmpXRU9xGHe7qup1HwHFE7wvsWr
PI4VYnibxOvJXZNEQzWRhCfbG1qXtCMlHVL+iUcpDcoVyvuaSu2Pye9qqdigVk3kqhlTR8otOpmM
VFjtsGFm5dmi66EyXJxup/lxO+smEbeTLvk/tK3Yint/lTcYbWKZO1XwASG2wsbKAaOq2tUBs8An
lfoBwDsqBXoASAyZkDsHgZAAA4HfG4fAw2/JWNCO1bf3pNnhi/tlhRQGIuwJA+In49tkqy8uAFb8
dvrDFGuPkcxLvKLEeOsWQPgGAH7qKDPvbV4FaR6S61dJJPMP8sdB42CWVRP0pbLAxAwzRCTTMT10
qZJ20pTp8DAUqaAeRjqBwpsm14AE+3yKZCkHISzK/LZeyjgISDhbSni9IAkxo6rbRE8ET1AuLXmT
jZBaBo8Pqx53GO7RJiREJo+mO2a7HbW2oKJVW2oDmBNmsBdALrT6QwVvdu96Op7eV7IKgLc8oV4c
0hO0ptLKirxo0o2TqUesJ2iWSkSm0SKmdg35Vhgxo2Psg8Kj1wbhqNrBnHXFFW680kaBfCFrEmV/
QFY/9kf98Ik+PcFvfd0b7ILL9gt1e2NQP0BUmcgLWr3ZS9DvTJI1LVarYprkHQ8QPtcrbHEhHNS4
+xxWfWYwKaoZbDODmKLgyReLUizU3qraiJWbSvj3D67vc0y0Qsw6OzzDb6RMVMqRVQmGw1shuyVO
f0QEcVbEQJ8VGp32jmGgMhhopSnwolervgfEDaqXczoDhGoM73RQ9hzktQM8NRH9rc0xpKBiycGp
BOYP/HMavVoZMlMsSuiXJhhvM0zAvbWbZCkTFR/smarLNb1M30CrAGUWhe42Niq4yhTkjBbZA4qX
jG5rvk5W/ZSligEEj6vQcTBDoaIxXyBq2hhWy9ojgWkfkXq3jakV6pfKDpW9pMql+/Q21RQUQFJ3
om63z5ZqWMbPsmt+VMjBAwzoOiOqz5K4A4X3G5pSHpRhEGt3kNrQDhBV4OunfCgaedU1nNAHcLyP
1j1jbQb0Kk3OWpW2b8G0cctzxn6mYgrq6zHtgX5swcsaoVdJ9I/0iDEs/kvKJ7iPJKMjGqGoH0zm
lAyoI66o2aF9BvxeRJEKVZEMWWlx07v2AeCiB1lam9o3mGfszcn+ZTuM3ZLAzcc/q4s2Y9u/Aw4z
MTbvoqSsxxTj/9wrSuVx1nDHRkYEzLUgerUByxtlofI+OpNfzGvKNsy3jWfZnYNRjAI49Hdeoi4P
A4hJe4wGRtL2JS/eUHAiZLRiAIaKejVy1RuZUCk8qFBz2byIOwiXlerew2vs9yrqTyFeBgl0WWtZ
cdI85Jn+AE4qU1PrWpJXwgFFW2/XAI/Yt3WNZ9HnG80f0IE0ncXSce4HkMFpfsN0jWn+zHJnusM+
HP/ADM0gdbTnpK+EjNurvI5e4VEld+N5E8eGQz9D+kkjpkU/HXmsS1+aRL99pfu6TKe9wRuHhqmI
UN1PUsCgdI7bZVKLCR6AqgHsElWd+UruOy847qBE4hURK492uzEo1nEU97/xSK19Lm4KBS9KsGkE
w1+/Iso6++0y7KtNRY/twiver/BF1HuNNyxeHR692X9/ctljh85nW8yUiNDJFf5B2f1KSqfXa9Cc
0e//CxMJX+0=
===END CRASH DUMP===
