PocketMine-MP Crash Dump Thu Oct 21 21:06:08 WIB 2021

Error: syntax error, unexpected token "}"
File: plugins/NotificationSystem/src/Main
Line: 24
Type: ParseError

THIS CRASH WAS CAUSED BY A PLUGIN

Code:
[15] 	{
[16] 		$this->getServer()->getPluginManager()->registerEvents($this, $this);
[17] 	}
[18] 
[19] 	public function onJoin(PlayerJoinEvent $event)
[20] 	{
[21] 		$player = $event->getPlayer();
[22] 		$event->setJoinMessage("{JOIN} §l§b" . $player->getName() . "§a đã tham gia máy chủ...");
[23] 		$player->sendMessage("{WARN} §l§cMáy chủ đang trong quá trình thử nghiệm! Nếu có bất kỳ sai sót nào mong bạn lượng thứ...")
[24] 	}
[25] 
[26] 	public function onQuit(PlayerQuitEvent $event)
[27] 	{
[28] 		$player = $event->getPlayer();
[29] 		$event->setQuitMessage("{INFO} §l§b" . $player->getName() . "§c đã rời khỏi máy chủ...");
[30] 	}
[31] 
[32] }

Backtrace:
#0 pmsrc/vendor/pocketmine/classloader/src/BaseClassLoader(105): BaseClassLoader->loadClass(string[30] NhanAZ\NotificationSystem\Main)
#1 (): BaseClassLoader->{closure}(string[30] NhanAZ\NotificationSystem\Main)
#2 pmsrc/src/plugin/PluginManager(211): class_exists(string[30] NhanAZ\NotificationSystem\Main, true)
#3 pmsrc/src/plugin/PluginManager(398): pocketmine\plugin\PluginManager->internalLoadPlugin(string[67] C:\Users\nhang\OneDrive\M..y t..nh\FLOTV\plugins\NotificationSystem, object FolderPluginLoader\FolderPluginLoader#54, object pocketmine\plugin\PluginDescription#22937)
#4 plugins/DevTools.phar/src/DevTools/DevTools(70): pocketmine\plugin\PluginManager->loadPlugins(string[49] C:\Users\nhang\OneDrive\M..y t..nh\FLOTV\plugins\, array[1])
#5 pmsrc/src/plugin/PluginBase(136): DevTools\DevTools->onEnable()
#6 pmsrc/src/plugin/PluginManager(425): pocketmine\plugin\PluginBase->onEnableStateChange(true)
#7 pmsrc/src/Server(1322): pocketmine\plugin\PluginManager->enablePlugin(object DevTools\DevTools#22907)
#8 pmsrc/src/Server(974): pocketmine\Server->enablePlugins(object pocketmine\plugin\PluginEnableOrder#22897)
#9 pmsrc/src/PocketMine(293): pocketmine\Server->__construct(object BaseClassLoader#2, object pocketmine\utils\MainLogger#3, string[41] C:\Users\nhang\OneDrive\M..y t..nh\FLOTV\, string[49] C:\Users\nhang\OneDrive\M..y t..nh\FLOTV\plugins\)
#10 pmsrc/src/PocketMine(316): pocketmine\server()
#11 pmsrc(11): require(string[85] phar://C:/Users/nhang/OneDrive/M..y t..nh/FLOTV/PocketMine-MP.phar/src/PocketMin)

PocketMine-MP version: 4.0.0-BETA6 [Protocol 471]
Git commit: 46920818b5de1632991c29620b4822fd87f7946b
uname -a: Windows NT PC 10.0 build 22000 (Windows 10) AMD64
PHP Version: 8.0.10
Zend version: 4.0.10
OS : WINNT, win
Composer libraries: 
- adhocore/json-comment 1.1.2@fc2f76979f0a44a5f5bc2a2b600d0762fe0e78e7
- brick/math 0.9.3@ca57d18f028f84f777b2168cd1911b0dee2343ae
- daverandom/callback-validator unknown@unknown
- fgrosse/phpasn1 v2.3.0@20299033c35f4300eb656e7e8e88cf52d1d6694e
- netresearch/jsonmapper v4.0.0@8bbc021a8edb2e4a7ea2f8ad4fa9ec9dce2fcb8d
- pocketmine/bedrock-protocol 3.0.0+bedrock1.17.40@ea9e22563b3d56f3b94b4a132c725912d029c101
- pocketmine/binaryutils 0.2.1@8cd078e2426f8100331f2d73bef10f481dad6cde
- pocketmine/callback-validator 1.0.3@64787469766bcaa7e5885242e85c23c25e8c55a2
- pocketmine/classloader dev-master@80226e0917be79ac3230606113e25134a31e6a85
- pocketmine/color 0.2.0@09be6ea6d76f2e33d6813c39d29c22c46c17e1d2
- pocketmine/errorhandler 0.3.0@ec742b209e8056bbe855069c4eff94c9734ea19b
- pocketmine/log 0.3.0@03ab1316da0b1978a7a1c8dd73e1c2a973cb62ec
- pocketmine/log-pthreads 0.2.0@6be3445c48c62eba3922f987f000bb20c81d161f
- pocketmine/math 0.3.0@83ec067b12c066fc61d9fb129daf7e61ef3b1d63
- pocketmine/nbt 0.3.0@98c4a04b55a915e18f83d3b0c9beb24a71abcd31
- pocketmine/pocketmine-mp 4.0.0-BETA6@46920818b5de1632991c29620b4822fd87f7946b
- pocketmine/raklib 0.14.2@e3a861187470e1facc6625040128f447ebbcbaec
- pocketmine/raklib-ipc 0.1.1@922a6444b0c6c7daaa5aa5a832107e1ec4738aed
- pocketmine/snooze 0.3.0@fe5b1dbf0d6267da882d1f67924772bd93db833d
- pocketmine/spl dev-master@b7a8904f912c1f6d38ad867ff1120614ccb80171
- ramsey/collection 1.2.2@cccc74ee5e328031b15640b51056ee8d3bb66c0a
- ramsey/uuid 4.2.3@fc9bb7fb5388691fd7373cd44dcb4d63bbcf24df
- rhumsaa/uuid unknown@unknown
- symfony/polyfill-ctype v1.23.0@46cd95797e9df938fdd2b03693b5fca5e64b01ce
- symfony/polyfill-php80 v1.23.1@1100343ed1a92e3a38f9ae122fc0eb21602547be
- symfony/polyfill-php81 v1.23.0@e66119f3de95efc359483f810c4c3e6436279436
- webmozart/assert 1.10.0@6964c76c7804814a842473e0c8fd15bab0f18e25
- webmozart/path-util 2.3.0@d939f7edc24c9a1bb9c0dee5cb05d8e859490725

Loaded plugins:
ChatManager 0.0.1 by  for API(s) 4.0.0-BETA5
ChatThin 1.4.1 by PresentKim for API(s) 4.0.0
DevTools 1.15.0+dev by PocketMine Team for API(s) 4.0.0
SimpleNPC 3.0.0-snapshot by brokiem for API(s) 4.0.0

----------------------REPORT THE DATA BELOW THIS LINE-----------------------

===BEGIN CRASH DUMP===
eNrtW2tz28a5/it7qM5EnkNSuBEE2HHHjmWfurUt1ZKPMw0zngWwIFHhwuAiicn4v5/nfXdBgpTs
JG0+nA/ppCKw2H3vd8A/j9KqLmT76VbVTVaVo4U3HrVZoUYL23e9wJnZfjD15344t8ejbmMeTW1n
Pp85lj/zZ8HMD93xKJdN+7Kuq3q0+HnUbjfYNrqUdaP04nhUqKaRK1putmUr74WiB2PRlep+o+JW
JaKtblQplqPPyxEOpF2ev8pyOvFisVx+aEDiclmuZblaLi9KdV5nt2q5fLvsLEvZW9HyRVKul8tX
by6u/3e53OTdKitx6F3VZmkWyxYsXm2bVhXLZVPHOCyzcrpZbwidRmXOnD08coYTZ3QAm/OsxGaH
hFXLGJffj04ssSloy60qk6o+21TxjWoLbDyLIZwmr2SiagbyrWzUC1p7w2untjV7shBHq5O/0Ale
OG3aOitX37vWD+Id+H/+z8dZIuKegLoTW5w+BvDnOK+arlaffzNAx/BG/9cSOrvkn7eyhFLrU8e2
gZEZ/aTus6b9TUSPRVt3ijG5v4TJDQNg2ku3V/NyebBv8pesbFVdypy41496kvz5D+KrJjWdwpym
019nSmNRRf+CAYtXVQ4xa1Ra5Dj+YO1k5u1OfJmLc9XEdbYhLCeOE7pzFo4nevM8V7fXVZU3MF6p
japf2V2czq1fJ6h8J6Cd0rzw35fQWMi6ltvv7R+Y5tmXFErmeWq7PojsSV4u+6vJX6ryZSmjXJ0y
FP+XzMJzZl/llrDtgV61slUviCt1ujO9+QDHlapvyTNdx/l1QlQM19iZUe9DtkiXltZl8BBbOPeO
kOkHh9Cb01+0Hs3kRU3m5jhBqDGGA4yXfPYtzp7Cur6A9dOnuCphEV3c9jiPYsqJ86gtd21GXJNr
v6lWkM+JOxa9adm/2bT2Z/8Ds9SB0XpcBq7tH8mg0SrRp2x96pSDXK1+7LJa9a4SzH4Q5ISLs7MX
izOm7IwJO+vpOtuTdcZUDTBP3l7uXXi3/GT0w+fxSP2+6fTfyW+gQh/4lJW3VX6rClW2gJJAAHGL
jXGVKCLRnmF12f6MJdvny2X7p3adwZFXqjX2/YRvDv0Wa7VaIWGo+iUyJ/IGHxsL/nnyZwI4Z4Cf
6TLAJf2GvLTpojyLRdqVMfEhqvJvFdzvMpdbVdMlgxR/UvRDqnSsHZmO3ZO54e3iqdlniKS1U8bv
OP1O87xRLQF/q1Vwuhz9/LeL1+8+CypA5DzXP9FyJKbCAGeY72SBaIbF5UhvkXTCtm0uXFzRrmUh
VpkURV/SxOtlZys1n06ny5GmxT2kmogpkwElH5+/P6YkfnsMz+CFkSLxVvj7Y6e34JYv4nINcnhz
IsrVOqPLeF78l3hHV1HaiZg2pq6IaEHOWnFDF1hoZCYa/bAVJYOzKlEQGr3XLgVRZkcWI3CJCo0r
1IwSn95O585M69zxv6Dzf3RZa3ROlw90Pt/rPPjVOg8f6pyADyT9+t2ri9+u8/hQ5zXxnSSZuGEJ
xGn2Ne271k4qrq2l4pJxfh59/qMS/aMS/aMS/aMS/aMS/aMS/X0r0fFopUpVy5zqvFIWXIoOj4Gw
CMrYz5BG3tSaWpNvX14/9+lhl+UJqknL9sajrPmUqNvRIpV5o1Bd1lVbxRVgezRhWmVUXXp+6FiB
HUSzRNm+64ShHTuh71iRFzhOmgTzdB56fgTYnSHoY4ZUd9eId9fi8oWwgV4wWuE4lmWJ0/65bT0R
z9+e+x7O0txnMQpAq23h9idkS0M73+Pxp6oh2K/fvbvGAt/ccX0cV8WmgoA/5VlUyzpTDQlHJmvw
UquzfzVVOcEeUy3bU3vqPEtjJ6VBWpha0vPkLJ1FsSOdyLesxJr7TqosNQ/UnCRWZ/HNWSHbNU5b
03DqPovlbJ7YQWo5QRp46Xw+jxzbD+LEDm1UUolSjuu5UuF0IqEJCX6Ls1jmeSTjm8mtzLNEttRP
QGY3ZXVXPjO/1Bus6qpp1BlYlk1JlcWtM3Wn1jPHgvAt143dWeq5KEsif+aruQpUEMTpzEnsxPdD
j7CWqq1Vo2Qdr5n/Qm42itDdsjU8C6IothxbBiqJHOXJuZJOGsjES2Wo4jCJlZPGUZCQ5PcFS6SS
GneTvZ2MXAL33+YBRDufetYzBSCOM/PdyE1mfupGoRd5EkEznjuz0HYSMBLbln0EPStlveUYwYJ2
pvYziNSCGhzP8dPAtsC8nTrJ3I1UalupF9iJTPw4UYeQHhW0DUrdZ743D+Yw6bnvR7EE37MgmAG8
Cmax48bOTAXxbCadI4D7So36LXU7KSQ1Sc8Cy3F8ZYX2PFLzUMau41q+5du2q5yZ7XrStZUvg9kR
uCpnkohH65kVRspX0k/mfuoo1038wIaOwwRCcpzY82N7ruzkiCTuMBFPklxpUGQh6Ao8J3KsUAXW
zI8icDWz/DD2VJqGXhzOXQ8Vfxgdgsqr1Q6C5crIRthLpBXZ4TxAX2THQQKRK7i9BIQ48h0VP4Aw
2bTrWsmk2fHlR8r1vFnsBTFORNINES5ChAvEgAhExtCe7dvpIaidnxE1gatiy59HtoMfP419OwlT
3IWJTOfKpw4ngtG7hyDKqN1BCIPYk5YXQaehPVPw2cBN3MiKIfTIgeHbMooT98gU95eTYnMYQp/9
hng4gFjLG0QnJsv2EH+UKwOYCWxxjvYilXHs+87M8iwbIcXz5goOGsljOWsok2wTa0jwEAhV+p7n
gSU/nidSyhn9F7iObcFsVOzN3UCqI09uyqr6Se2klKoZ5BilVuI7PoAEAYJJ6s9Dx5vPnSgJ3SQK
YJlHQDb5oTdEcxmElpfCxWMcT4A4Cfx5mtq2A6fwYoQUy56TsGtZNGpLnpArbh3ZQx1IJsb/5p5S
M+U6geXakT3zPSuaoRvylQqgvMj3Y0vugXRdpnMFwiQCexhF8zSauUHgh3YKy4XNJp6XxJEHU4Fc
U8dLyOrqdVc0UvbnH0biZlukVbmFOeTbNMvzSWyGP7cgleQG30zC2TycqzBJQzdIk8SJLNcP3WiW
IkkoH3qxY/UYLIT3wNrBsp/ZFN48VyW2DBEGJKCFUtkwqRiRHunFcmYewsyXYNkDupQP2wpTN1Hh
TKXIF6EXuBRAYy92QZTrO7BRl+qBOxUV1U+ybs8Q4lRtMiTlCD/0vXgOowosBFpPBh6swVXw2zSx
Z5GMrNRGaJ4dANnAfScUwwFHZy0YTwhnTWIHAUjaURTGlCBncWTNEqQu0IbaF2A+7+ZbnL9Rhrem
jB7UOsPV8Whf5FhUKGBFdu26qgHge5RKcpNRC7733hkVULpoTnZVT6I2KDbMkaZK2/PhQkEzuMWo
b1UH+HUhS/M5JAYqwy6urj9evH9zrgXSZC0RTMMAOnS9JjgHfPDSkAl76h0xMbqkNF62f8+K0RFD
/zYrNxna642Gu1zGIKRdU48wIOkXOeoblwFHu6VDjuwZ6gMqMg/Z2pWs4lrJr/NGjdivZO1hZ7Vn
5ur6+fvrD5cHrKzbdtOgQkelu+6iKYrEQQ2+65iJ4aus2OTq3eWLAcf7tSHLXBFNmlJumnXVHrId
1dVNpn4/VRp4aEvKTYwGbUDQV1X4CN8G1NkeBvujRIxViO1HWuv7E6Jct0RTFIUoMVuuvkcnl7s7
8aIq02wlaOS9rJflyZVsxQU6Q9sX9nxheQtrLj6+/lagvLVpQ44mqYODPVXo4nBfVG3yVM/r0mWX
po7Pf2P+yyuux3992q2pmWyqun2Katx1aPFuDb4nedZgjUHK+4meCzZPbYtWVmCzqBKln6dVHavJ
bq1KU1oFvwl1FP395nbztCrpKsnSNIu7vN0+ZXy6R0PdOWlU26IdbJ4yZ+pW5ROynqe6Dd2tNUol
gy2UZp6ev3z1/MOba1rVxjH5sVP1tscOs6omDboLQ8Ntpu4mCViUZayear7vo+p+QvZn9hzk7+m2
oCh9IiiMiZi11NU8wWJlCUhBHKgcyhPXawQO0bMlZK1Eu1aiKqHpFhFExLIsq1ZESmRlnHeJSnAh
HhgJwbqqCpxMCcAxzEamaiwqPKkbAikiFJc3Ylt1tYElslRAO1maMQYoht6C5FsC/E7d7cCdJSqV
UE0j7qrym1ZQJyRrQeJDrZlRr7AlCukNh+b7bq1K0W1WtUwAYLosyao0sMWyFOLk41oRYaKtBA38
BUCYUQRkgGavyaV+5dOTmldAA1ZxpVqWFyJiFiuhC3haKQiytrveARaCYwE9aNZdi5a5nJg3TQux
HH3pRYIZZu9vUheONGLKn+d5dSfIEUBsPzUUt5kU/yDboj1sZBPzaEDCiZ4emUMChAtyBgGVQmoE
LtoKI2vab2x293gI6iOKFpgMBC+TRCAVaf2Q3KGRG1EoSQNp6tgFtBIpohrSUz92Mie5rrJb7EV7
1ylxapAigDwh6BqjmtSKgsAEeqFR0wKPGfe7roigEpjd82ZbxteyuYFl1DcwtClv+NBAd2T7Pae0
bV1XZdVBvdjejOlAngjj5nCYsaAhBBihJMCyQbCltaIrzVRYA79i/YMnmGFd3WcwQQUxgCU27XJH
HMnWEPQ6JWOmPWS0Y5G130B8bc3HEkTnWNvU0WFxCh46OJbDYmE2JobTBYM6NmbJ1lF3ZUnqTCgU
VRtWAo9vmimNLs21KLLVGt5ey2Y9HnqnsRySSF13m1avaoGRYArQZvhi5cJreTaTaI+Rt1WWgOzH
KSAbIZurIGhY13RgaNSH6E07S0OgRwCvt9pr/yevIlgP5VKh1+EIRdaS8xdqJaNtC4mLKy1qi4Wb
NQSbj1+T1u4yljxbFLz6bqIB9UbWMIdpBhIRsvhlFYFJa6V6lNrIoa2O/FisKiiqohhBVkGIVkzm
hElbCIu4AHaO0brD/n/PARUnX6Of8uh/Rn/TVhsmwcTXHUkGXCMQPjbU0CQ7gghrT5VtOZ4hjIPA
R/YKQ1/zze9AIfsFk0QRQ8QdslOJ7CTUvYo7jr6VJll7JGWz3W51H6MeaPYc6cB1cf1yIa7/+vpK
vHn99vW1eH55+eb1yytx+fK9QI3395fvxwKbxPUFdr0UH/968ealuHx/8eLl1dX0OAQcyMOZ+UYc
l6rOKs7YFIgbYjBeKw7JLI1dsLUhe9QMCccW3jJBKFQ6zDIo1H3gEwEa1kT8fsnYtJGhRKMMWdI2
g4whayAIvftATg2BwXFBOYQKAT4wfbibbMGU1lDbRsVUL2jJErlar/rsjgeYl9o0e1Zdy/DaPHmc
JMO5azhfyTqCZ0z2ww0OQI9Ll12NyDGnhDmF2F3IsuPqZEgJKrcONvhk3OeEYyPszVCn1zQFLM1v
sXfBqbjQMV8bPMqLqsuTHS0ZkshdKfb0NxrwhskHo75lGV6B7RUHiwdJkk1HQ9jxltZV0Sdbfdrs
mAxNc6hh4sZo8oFtiEdM6sA6rvqKklRWAxOZoTHkpCs2uvzSNZ4wDyb0oNfXOW0yB5h2JrPnAHdI
83B2+YiAkbSR+IDhFkbWNJ2iwNCuobVVX45S0CJse6rGvSJ1jWCqzqmmhrZ+UU7U0cTrrrxpetpf
yA2tZkVXIMcivdai7w5IkcJ8dMFU7OVK/mJEyR7z0MZQjW8MRYxwQmVyh6Tr7TR2XulHxzatvxDp
4evNvQtpWGbjkDOuHCaxhH/ueDsHKVyroHwk6YE6XWBoKBtJTYvQZzSHe+5wzMhT89Njps09Xi3A
nPoEA/froL5mh8uyVC0pbGFSBEqzdZXrEjOSbbzmUpxJRtUEEzJJhmObbo3MU51aIrUrNnV6Oxlq
qX9EYbXe0mRnNRYTe6BAVh4jnrQ9MSYFcNTe17HcjFIJmWjOqdnhQp8OY9GQNRV/RS3IH/BQcSde
XH4Y4yxoiOBfd1kCs+daQUfPHfwJw18Ivy+79xV5w9IZ7J2K5wkC1Vrm6Rl6Td0mJAo2bFABqaCZ
BxnYwBH3aW8A7KCruaeoRiWmzKeCiPhwWV72xfa+Q6Regoi6Q9qkg92m3EzM/VF389Z4XZP9pHb6
pLK8VyNN3vqSCWW7No9BavVCRx96MhWX5kwu6xUfkKZVNbbAGNNarogF6ARiazY5VyzUfxYgnpxd
1qSnF3lGX/VxQ03vq1XTirfXH5jSBiwR21HXCmrgWZV7dLq5mPaxpmi7CZ1aMLXD/lCVcb3daF9P
BU0OUAuhYO3ZRINMw5Kp4Cy1llQEiKyAbFrSHbTB/woCYWrMtEBp/CkitsYcdTkQI0VLDueNVqku
JbC3NTZKnCg9QDChznRT5xdcJJ2/vnr+Leojrqe6km2IAnZHkZLCZKKLhIyM0XxvmQz7jT2fe19P
VNStFn3T9hdhU7NmStY1whU/F6aHb/TUgby5bCqdvI1H2ARMU62hvVhXVcOTib5XU303zlE8ka0U
jbztswXNhcyEa0LP9oGNCOOJqi7azNDmX1VW6okAS+ob8V1U3ZPn1+L1uTj97sPr8yfQO9weNGD/
HdRGismQ7uEc1MPViZGPLj/gDdVedyW8/btv3/TwTX83WPmGkdFojAsHVq8pRZi3qh8hmTQ6mGyl
KaPFsyzdTu67LNkrpJ+uDac31zx+0a6m/8GNlgHvNX7VNWYMFCOItDrMmjMTfWah9ycRodEpxIRH
g4VyIH1I1PcoJR3Lj1PxuN91ML57dGKmhfu8qDqKHqnOdSaYQGS9aCm3U3TkUQjUT9ecnHH4Pafq
wWFmvFS69Y6UBhaplHy/2cg7NgqyUQ2dTYuWD5O+Zp8Q7dhHDBTymFTwEnPWEgr59DEqrcfJlDUg
JUL25g5i+8P0u6PGPZrwRHkVs/s2WaJzBvEjoVMYXNNFQymsKIlih0p06uSbXWrjUZMxDhnHKlfc
KWjzZqx5dgMU1CdzJMolWF/V1V271nEMKKRYa2iDIAfvb1qdkpnYCUmjJ22yF41m7fV5M+CLwjRp
XkMT+jOTHZtm5NSXOXzmQEmANxGOOAGZaJX3ityPtXa6nD5UpgledzLjbhbJBK2etqJNteny3m3M
DeV73mPShusQQm6DiEvGRBmXIhdKAtNg8JBbD/IWptShuSM313pZVwrGskDIPkIn+6BHnjmhr+OP
lnaB4XB5s0ZNnlaDnI54MNEvTXY719DbQpMy3RTFZppVTDFC3bag5hCu3NKgNW72pFOaMs/F/jmz
wGFOrla1WpmRopk/6jELfVB8c8wf04dYc3F+QR+gTUxS0PUBha87pTsQCSe/Y4wNE75ngNemg7cC
yNM7yXcbUGWU80CoUKh+bowJlRB9Z8W5bJBvXtDwXg1neWMkh81awi0URfaaaOjrUmSMVNXoPSYU
F0tKhvppn7t05pAHs0Hz8m2QbDvU4KhtOLb2IcwAZC3r5z2OB1rVfA3V2mbFPoOYbExAaT9ZPSUM
0iKFcULIQ09zqB9wT/cIzJMhhl5yX8/3JploTWoPGMySDAyAb408+6nR2izqEFfvOgkTHWgIj2Yt
4TIoS3eA6EulrtavZCja9KMUHXkBz0SnPt+iJpON6dNQWkt6l2juqAACjUZXi15p+hlslGZ6C/E9
Vy4oWsc85PuBgHILtk/ew1dFzAZV0jUHeBqj9K/eeD7yWB7l+MztY8MdA7ff0E8GWk0RMCRf42Ua
9KWgl3WUq3RO3WNciFdvnl/rRX6/TpO1P5tv48az8B4clWrs3idZ3Y456P7ZVHr6ZctwaKGdmBId
RGtmirIzVpdDWfFW6G9wu7qPu32nVu/e0nBQARyko5hfkzW9nCb9Kx6YgC7rT15xNGFUvP8ACNfF
ZuXTYGXC9eWg8Kt07a+/9jdNbnxDbVLDDR2CW5ShQdnqQo73Eb8gBS2YzhTaVTSXDB+V0a6lHo1H
6h5lPpf9/KUIqpXht6NRbD4i263Q27cykfXBWlV8SqoW4e5g1Xzhs1/o6nx4T4FheJ9measOAK+K
gy9Z0eEc0JLBt26HC/R95vC+iPS7xIM1+Ln5zsWe0peA3KFApsNNm/hQDu9Vuv+4arfacKhvDpdQ
PhXDlavLNwfot82POX+Qa67E7hH/uzZk9AMRbGWhPwBy+HuWn7KN/hYknNKnej/pL+F2u3F7XxwK
uSJqHMtybdsJsXB5fnHAaVJ9YkqOF7GUHeoHXl82zcFG/YnDd28PWDyiALc0PjhkC4t3dXak7sF3
jy7xq791uVwfWRsVTfxtq2O+uiPBZCv90as5S99Bm66i/zSPjlKbWZkFR8sLvUiuDZEMwtihoqLl
wBKTB0rMDvTO0nKHS+jkOo7Lq05bVw//n1R4XVzyIGx/4PPn/wPv9tb6
===END CRASH DUMP===
