PocketMine-MP Crash Dump Thu Feb 10 19:34:13 WIB 2022

Error: Declaration of ethaniccc\PacketLimitFix\Main::onEnable() must be compatible with pocketmine\plugin\PluginBase::onEnable(): void
File: plugins/PacketLimitFix/src/ethaniccc/PacketLimitFix/Main
Line: 12
Type: E_COMPILE_ERROR

THIS CRASH WAS CAUSED BY A PLUGIN

Code:
[3] declare(strict_types=1);
[4] 
[5] namespace ethaniccc\PacketLimitFix;
[6] 
[7] use pocketmine\network\mcpe\RakLibInterface;
[8] use pocketmine\plugin\PluginBase;
[9] 
[10] class Main extends PluginBase{
[11] 
[12]     public function onEnable(){
[13]         foreach($this->getServer()->getNetwork()->getInterfaces() as $interface){
[14]             $interface->setPacketLimit(PHP_INT_MAX);
[15]             if($interface instanceof RakLibInterface){
[16]                 $interface->setPacketLimit(PHP_INT_MAX);
[17]             }
[18]         }
[19]     }
[20] 
[21] }

Backtrace:

PocketMine-MP version: 4.2.0 [Protocol 486]
Git commit: 44818e6d1456dcf1f0fd3cd27da1dfecbe03c08b
uname -a: Windows NT PC 10.0 build 22000 (Windows 10) AMD64
PHP Version: 8.0.15
Zend version: 4.0.15
OS: WINNT, win
Composer libraries: 
- adhocore/json-comment 1.1.2@fc2f76979f0a44a5f5bc2a2b600d0762fe0e78e7
- brick/math 0.9.3@ca57d18f028f84f777b2168cd1911b0dee2343ae
- daverandom/callback-validator unknown@unknown
- fgrosse/phpasn1 v2.4.0@eef488991d53e58e60c9554b09b1201ca5ba9296
- netresearch/jsonmapper v4.0.0@8bbc021a8edb2e4a7ea2f8ad4fa9ec9dce2fcb8d
- pocketmine/bedrock-data 1.6.0+bedrock-1.18.10@e98c511584a7bd58a95986374d2df4b04c6a2ba0
- pocketmine/bedrock-protocol 8.0.0+bedrock-1.18.10@017e57c8f8a74118bcbba7332e7ebac9e6c81693
- pocketmine/binaryutils 0.2.4@5ac7eea91afbad8dc498f5ce34ce6297d5e6ea9a
- pocketmine/callback-validator 1.0.3@64787469766bcaa7e5885242e85c23c25e8c55a2
- pocketmine/classloader 0.2.0@49ea303993efdfb39cd302e2156d50aa78209e78
- pocketmine/color 0.2.0@09be6ea6d76f2e33d6813c39d29c22c46c17e1d2
- pocketmine/errorhandler 0.6.0@dae214a04348b911e8219ebf125ff1c5589cc878
- pocketmine/locale-data 2.4.3@4d0b081f1a79407e087968ea76aaf330db6ea2b5
- pocketmine/log 0.4.0@e6c912c0f9055c81d23108ec2d179b96f404c043
- pocketmine/log-pthreads 0.4.0@61f709e8cf36bcc24e4efe02acded680a1ce23cd
- pocketmine/math 0.4.2@aacc3759a508a69dfa5bc4dfa770ab733c5c94bf
- pocketmine/nbt 0.3.2@3e0d9ef6b6c5fb45e3745a121296e75631b3eefe
- pocketmine/pocketmine-mp 4.2.0@44818e6d1456dcf1f0fd3cd27da1dfecbe03c08b
- pocketmine/raklib 0.14.3@4798576fec0364266dce23b368a7fec5e5de7927
- pocketmine/raklib-ipc 0.1.1@922a6444b0c6c7daaa5aa5a832107e1ec4738aed
- pocketmine/snooze 0.3.1@0ac8fc2a781c419a1f64ebca4d5835028f59e29b
- ramsey/collection 1.2.2@cccc74ee5e328031b15640b51056ee8d3bb66c0a
- ramsey/uuid 4.2.3@fc9bb7fb5388691fd7373cd44dcb4d63bbcf24df
- rhumsaa/uuid unknown@unknown
- symfony/polyfill-ctype v1.24.0@30885182c981ab175d4d034db0f6f469898070ab
- symfony/polyfill-php80 v1.24.0@57b712b08eddb97c762a8caa32c84e037892d2e9
- symfony/polyfill-php81 v1.24.0@5de4ba2d41b15f9bd0e19b2ab9674135813ec98f
- webmozart/assert 1.10.0@6964c76c7804814a842473e0c8fd15bab0f18e25
- webmozart/path-util 2.3.0@d939f7edc24c9a1bb9c0dee5cb05d8e859490725

Loaded plugins:
ChatThin 1.3.0 by Blugin-team, PresentKim for API(s) 4.0.0
DEVirion 1.2.8 by poggit, SOFe for API(s) 4.0.0
DevTools 1.15.0 by PocketMine Team for API(s) 4.0.0
EasyCommandAutofill 2.0.0 by jasonwynn10 for API(s) 4.0.0
MultiWorld 1.7.0-beta4 by CzechPMDevs, VixikCZ, fuyutsuki, kaliiks for API(s) 4.0.0
Particles 0.0.1 by  for API(s) 4.1.0-BETA2
PlayerSelectors 2.0.0 by Ad5001 for API(s) 4.0.0
PurePerms 1.4.5 by Vecnavium , 64FF00 & ProjectInfinity for API(s) 4.0.0
Slapper 2.0.0 by Vecnavium, jojoe77777 for API(s) 4.0.0
Sound 0.0.1 by  for API(s) 4.0.0-BETA5
Tags 0.0.1 by NhanAZ for API(s) 4.0.0
Track 0.0.8 by NhanAZ, Nexus9265, Mcbeany, EndermanbugZJFC for API(s) 4.0.0

----------------------REPORT THE DATA BELOW THIS LINE-----------------------

===BEGIN CRASH DUMP===
eNrVW2lz20aa/iu9ytTGrhUp3AQ45SkrkrzRjmVxLWWcymhL1Wg0SEQ4ODhE0an8933e7gYJUEri
2fGXVdki0cd7n93QL0dpVRe8vX+UdZNV5dHcOz5qs0Ieze3A87wo8Hx3GkSWHTrHR91aT3lT2/Kj
KIwiJ7LxC1M5b9qLuq7qo/nf/+f4SOqvvxy12zU2HF3cn11fLS7fX9xffPx4/fHo+KiQTcOXNHcu
Rc5r3gI9q1Im2xUvMyHE3d2CiwfZvs+KrH2XPd3dXfGsnM+r8qLkcS5fvWZF17QslkxUxRoAMMg2
Wbti64o2Flkp7+7WebfMSgBTn9/xRg5BzNljlSWgJ81yIkavbk7GqE+aWpzsCDucJLIAIQc6iM35
9dhAuc/Kxyp/lIUsW4BOslqK9qifxQi+iyqRJCeXFihByFdNW2eivSfRNW/s13/GMk+v9vFRcohu
zYX8bUnRjkDvmOGja+RIIqVsN1X9cHdXiDUeP/KH91l8WbayTgGWNocv7HouR1oZaTS2hU9Q3zSM
pMHkUyvLpGH7xb/QKtusdvDJ8LPu4jwTLO1KodW/04ta7ppl9AM7lVysXv2pXWXN5C9L2d7IGlb7
6rV6+KB5Mk87ZhoYCW/Yn7J+QAP2BoDpZz8/+Usj24E0Xy2+X9xffri9vzr9UWnC9g/2Zumr/XYG
22l5KSQM+UCuGnNwsPufxT472P8rDYaDQTUQmQF6cCwtdIeE/+sRrLOtgUr7qTF3ssCzFW9vV2SX
vygbw+rd0PHRLj4c2VN3amGEd+2qqrH170ffKSiTVvICE4taNrD4v2bFETDwdUZLvKmFXRQZlIKT
o3nK80Yew+jXZCmanKZK2/PhQMGVo8TG9gQIgv7xbUBaXnGAO1pc39x+uv74/hxDGxk3WUssEL/n
F3/LakX8jrPd0JgzZxqOOVtXy2VGPntz/U5+NXY01Lu7R0XD3V0i+28DugxbN7enH29/WDxnSj7e
VlXeDJnqh8ZM2f6hvhbKra/g1uyWdPa1+OoJAB97Un6Hj1Xbrpv5yQmEseriKaL4yZ60kx0McHvB
m+1ZVRS8TE67tkKwzgeMvzQ7lIGjuBqJ4GfeVOVmW5a29dXYH8C8u3uBJp3AvsRir7q8zT5VdZ4M
uBwMjhU8m1qTWLbcG7N49lmK1eIKYiQ1/C17yh7OfqJM1227tukeMnx/4HmWPTRfTQSCcK4LGDSM
oCCCN0QwOB8S/7v8v2AUA05OBoAgqAWv20zkcugG+7GhmMDV1B4JaMizDRF+d3F76vyfOf+AXHz6
E2Vig/3Ltb3I+VbWNzJHeaBI27NyMPMHRn2a+JZlfzVlanCU8UdU/BOMdbVcyLoYsbQbGxuxN/XH
zPxNipI/Zl3BjlngvXtnWezf2aKufgYVl2WalVm7/Wqs3msM4LUnb/D1S1i9yfl6LesBo/3IH+hs
xyaGf65+ruSMfr4aY42m4st1dlN15TDq6Ocv9yTLeJL/L3uSwvzlhN/y5dDO1OPvk20wfTVZ94QT
6i+j+4VYZ2gihlCmPQw5Us+HLIUvsnR89EE+dU3kBORVVyKWvNzi20WZwKJ5GXfLn/7r3dnXZ51o
/Jd5pw4KHWEhURYfFCyTq8V0veK1opSaDBKFrl/RIABsSGompmOBvnY1HBE8B+HYOxyrivukatES
jUZN27of6Op8+JzwdjSP9N7KEeBlsR4+rngzoiUTVfk4HPi5USrdPRcxtYHlcjRW1a1RPGpVDFCv
AYaS4aK1GMvho0wpcGdj8I2SaDMeSigMDUZuFu9H6LfNP3IKDv03tptqqwdZZp/HInh6MlwTueR6
W17kKgo6ivrP2VoXqJGK/Z/zLB5ux+NTMZZ6ReQ5luXathNRq3F+PWI9qe4VaYeDGMrGCqtgw00z
WniTFetc/ng14vmAAjyiDU0O+CzyTZ0d6H/drmglSdgzUX+xOrC9VVc+dG2WN44SkquElC3jrOT1
FkMuBDUjSchHmSexWUSgRL1dt5UZcLSwEihamyXJm1bt2/f7Pa7BPJ15ZGVajew2eabybGQlSpTu
cKiWcA/yw2WnbbGH/xPcjV0vBPr2gfDJu1drg5cwylLWfFjPj9ydXJk3cn9CBXk6CnzcZVQgO5bv
QmzNParOXdRa11VbiQpQvTAAjoz82/NCO5RBYnt+kIjUTq00cUXizBJuJ6lElLRcYYUxYHeGlE9Z
mVSbhn24ZYszZkORTKFlDszQYq/6edt6zU6vzgOqwcHdUDyfpfIZb2cZq/V9RWr4dPnhwy3ZIj1s
VMSkg6yqkfU99FnzOtOFLU9W4KWWJxQkJlhjTpRsCgNvU+GksyCaRanFPY/7qR8LhztxYFmJNQuc
VFpyFkoypLjOxMOJiYvWNJq6bwX3Z4kdppYTpqGXovaIHTsIRWJHth1biZSO67lcqqAHHSDgIFIj
lOYxQv3kEQ0EgiEd9kFmD2W1Kd+aTzKwZV01jTwBy7wp6QDi0UGlZ72VMvXCMIrsxHelD51YIvJ9
L7ai2HYsG0TFPHKiADAQmulAgddipfgvTKF19Kj86m0Yx8JybB7KJHakx2eSO2nIEy/lkRRRIqST
ijhMRv5wEsukxtMEtHMlyWBq/Uc/CLmGUxtURqHwbdsPATVO/JBHfhQG7sxLnCQFsZ4IIGduvQx6
b4LKFp6Dt+yZ9GcCcuczz7bDWMQxn7muI2cSwo1kIEI7iNwD8Co67F0ZAn3rczGTkkc2T2OehInw
ojD1hXQ9IQMnmiW+DDDNx5BeVCI8F1YReLNw5sGogiAWHDL1w9B3PEeGvnBc4fgSkvG5cwCQDgAp
6Sv9EGnWWy+S3LXcKHJlmqSxG4nEtRzp2HBB3wLo0LEi2OcBpCqv9jBgFUR/kMyC1JGumwSh7Qo3
SpxIOI7wAgFJ2skBNeoMGhVFkhtyoOK3CQdqj1ue64UxLFyGjh3JOLUdP01t8BRGQoSH5OQV1Q69
sZAJu2+9xIqt0E5tPos8ayatcBYFoeSzgPPUda0kBslO7B9CWipalBMEIrIdYaWR5ftQdeK4thVK
4ST2LIqjIPVgYaD0GYTJILloUIGdziDGUKQuFCYcT3oSfu9wkUhIy+I23AChbgxqFwgQUd9yLoQ7
8yPuWyEPoiSFDwoPH7OZxWOYpfBF5MXpGEQZt30WeutKK4lkGsSB8NPY8yU8xee2g1wdyJkfuHbs
wvHlGML+60SVTJ42my8P1QNYNX/QRQRCrdLRLAp9GI0Ulht4ThBQNHBjN4DHYdCXfiJnkTN7Ccok
W4u+dnkbOQ6n+5DYEoEADZz79C90HRuqt6XwZm7I5YF8m7KqPss+t7+1OHwdoXkW2sKzI26ngSfh
Xh5Ci+tTAPYj6UTEE4rfRm7JDfa1Gx1POm8FfmaelJCuE6IQiuFInhX7tuUHUoaJG8dBICy+B9J1
WWLk6iJZRHE8S2PfDcMgstNk5s4gV89LROwlAXaL1IHWafuqKxrO+/3Po3uzLdKq3EKD+ZbOtyZ9
2fwIUskqXQtRww4dEYU2j+2Zn8BpXC+JrRTGHURhFFpkXC/BQsoIrQEsfxbPbAceJ5MkjmYCiY2H
CE2uI0IPxjALIydxZPRbsOwhrER6MXcSj6SXRnFiSTuKHQ6fQyB2fUQXZI4w1f1KUX3mdXuC0CZr
k3Up7wRR4IEKMQst2KrHQ8+BEUgLOk5spC8wCQt2/BGQNTxuQrFbhRGXAlLkRulMJvBZAZOI40hQ
0vVFbPlJiHgbeZE1AxjVFe1sa7pVhek3+roFzUSaLTtziUZlHd2XsFEddVffld+w2xVyKWtk26K3
aBivJWtXklWlbPCFt0zwsqzUpVpWirxD+MAXbKC7lilSGnJvi7JEQ7upCkl3du1zqA1P5TGrMFM3
BJTFiFgPbFt1tYHGspQV6DnSTOFAgUP3Y/lWg/4gNzuAJyhteZe3DdtU5bctowqA1wxtb4UQllEe
2xKVdDWkud+sZMm69bLmCQBMCST97wHO6YGxbz6tJBHI2gq4UKsCENNtF6SBUqehgjrR04pknQgY
ZJvLVkmOzu6FZDrP0EihYUP+Qk5yTkXxUs4BrpN6pll1LWrGcmKuQOfs7ujqrrNghFsmVnedLeWM
tfTJ7YJhxrZtmk9dsMLOVmqtQ+yqb1a5Yk/gPqcdySxjj2pYsFiB8EFnRt/ErGSl3rH9t7sjI4LT
PK82LM8aEgwz90HsMePsvztZb/Wqf9DXiZmcM1Vjm/36ws5sZJACo0qVwVKgCAIZb5lRn96hzxcm
uwVjcJ/gr7BG6JMnCUPhp9VO6oSiH1ghedPV6kqVQdmxJOqhDvmPjuekqGX2iLWoaDrJXhnEzLFe
a/gaq5zUco1eegJVL5eynmOBwf+hK2LoGTZ92mxLccubB0YXi7DiqVnyQwOTIPfqeaaFq7oqqw5W
gw3NMVOn3kx3NuSTx+qKGuxQC6OkhJhAY0VXwn5pSQ/+RhkWeIOV19VTBguXEAdYU75T7ggkOe+I
ukzJW2gVecUxy9pvIci2VhsT2cKzlLkebGevwAfd9DpGQIqZieF4roA99xWubKbuypIUnFB3Wq2V
SlRv1EzZuXw031mRLVcIKzVvVsfDIGCsiSRT19261aNacCSgAvTtuFPKRnhQrU+iXZLTzT2If5kG
shmyQ/Qf9F7AdGR8WD7Ry/aOSf8LCazbPjr8Z17FMCo682J6Bn5SZC2FmkIuebxtoQB2o+VuKUln
DSEwAG5JjZtMKUIZGuLHZqJB9bbXKGbTDLQiSIKNUkFLayl7pNr6obyOwgVbVtBbRdGIzESjWipS
J4q8ObN6fkCDyg+6XPx/wQkdKP4RHyteJ/8qH01brRUpJrLvSDMAG4Y4s6aknwwII8w9dbbleAMC
Vbz4pBzH0Nl8+1UoVa6jSKPgwkSHPFkiTzL5JEWnwnalSdduS3l1t1o+CSmTZs9ZH+euby/m7Pb7
yxv2/vLq8padLhbvLy9u2OLiI/t0/fGvFx+PGRax22usumCfvr9+f8EWH6/PLm5ups9jxUgyjh8M
BLOQdVapKoIieEOsipVUsVzJZRelbegClUxiQpFaNEH8lH18NgDPqhJcI77D1oj73zJFbYKbFRUE
kBDFLL3MwNdgELX3eWAYDIDpmhIRlSlq2/T5DrITc2AOZa6loGpGS5sI19rWe3fcwPTkutmz7VqG
7+b1bxFmpOAOpLDkdQwfmuxbBBO2Xpa4cksiy+xjZh/Cf8HLTlVQQ4pQY3aw0NfHfVp5bqK9keps
naKfajXnxd5Vp+xaJw3tEKh9qi5PdtRkyESbku15aHrQa8UCWA4sa8A1cL5TAeZZzlVmpeHseEzr
quizd7/frJkMjfdQ78SZ0e8LdsNeMLhnlnPT18KkzBo4yVCNwSddsdYFY1+bMjM1oam9Hs9podmk
eFFE9xzRi00biQDBXxA76gHkU2B5hBE2TScb/WZcI5d9KU0Bj/DtKTvuFawLEFMtT3t6aPHvyq3g
TxN10NzseTjjaxrPiq5AAqfrJ0Ki3pEiJaMMoMtlTc1e0uRXRrTKs57bIHqK9Y4yhXRCxX6HjO6N
NHle6elDy9fvm/VY+uW9w2mIZukhn6pImahj7QGn5yBMFUaoXEmmoFVXMxrWWr3WxfQuze+eV2zb
SVnz11NAy4fdA4k0p+7HwP4jcH9kq/TfvBA436UeVIarKtdVbsxbsVK9gWIABRvMzKQvFR9182dm
dcoyr2RSvdunz2+GOuwnKUTXW3qja3nMJvZAvUa1Cvmk7QnapRaVBfYFtbogoTo20ZKgZk71HrQd
g4a4KfsexSis7Y2qLtnZ4odj7AUdMbxxkyVwEFWZ9HF4h2GiMMxZsO8B9g1Co+Q0WD1lpwmC3Yrn
6Qk6a925JBKWbtABMaNzUjLAgdsO0+oA3EHD9USxkSpdnk8ZEfLDolz0lf++H6YGhwjbIDHrrd26
XE/MyLPG68r4aJN9ljsNU5/QK5be6euLNfQR2mQGyduLHL3p9ZQtzJ6c10u1gZvm3FiHwZnWfEmM
QEMQYLPOVX1E3XYBFig48Jq0dpZnWKWPEWp0erJp2dXtD4rWBmwR83HXMjq4UIrdI9T9znQfn4q2
m9C+uaJ43MTKUt2rmReR6dwEtRdK5p7ZFk9pJqZM5b0VpzKDZQUk1JImoRf1NjVC27GiBwp8VISv
SB6I2CqII/1zlQ4arV5drGBta6yWuJH66MSEx12bd36tirLzy5vT71CPqfqtK5VNUbjvKL6qS2Fd
gmRknOYt5GTcAu15HceDRMbdcr7vKv/CbOomTdG8QnhTK5g5vGj0uQv5e9lUfWlgvMXugWoueqhn
q6pq1BlN31DK/hBB5QI6ZmcNf9znHjzIiZ5Vh/DDgEhE0tOxLhjNMdbPVVbqAw0lv2/Zj3H1RBGi
Zpfn7NWPP1yev4Y9IDyADqzfQJmkrgwFBZyHWs062clMFzrwlmqv0xJR4cfv3vcYTCM6GPlWoVOv
a6sTJFK7KXoUh1V/rGZS8xMonNCrHG+qNDWIMZul28lTlyVjNSkJTw7Ps27VgZR2SP1iv5aGyhXG
+7rGHI8JhJy2D89m10TvmjNz5dyj08nIhNUdNsqsvFzueqiSNueHaf64X/WYyc1kl/xfOlXsxX1a
VB1Fm1TnThN8IMRe2FQ5UFQ1pzowC3oyqR8APqpSYABAiaGU+uQglhpgLOmtcgQevlHGQnasMRiz
o4nnZYUWBiEcCAPxk/FDssGZUDmQ0bvrL1Ns/RbJvKYXoBjv3QKE7wHQtx1l7rPDqzivhHL9Jkt0
/iH+ODQOs2y6eCiVJSVmrJCJTsfqYZcq1UmaMR0uhMyl6mG0Exi8efYAJNTnq0iWcwhhWVebdqXj
IJBwttLwBkESMaNp+0SvCJ6QXHryJnsh9QxenjcD7ijck01oiExfTe+Y3Z2o9QWV2nWgNsCcMId9
A3LR6o8VvD+9G+h4+lzJJgBueKZ6caQntKbaytbVusv3TmYeqZ5Qq0wicp0esWrXiG+DkTI6xT4U
HoM2iEbNCeZ8V1zRwas6KNATuiYx9geyhrE/GZ1GY+eE/grl2eAuuBxOmLc3RvUDospEv9E1WL2C
fuearOm6KNbTrNrxgPC5LajFRTho6fRZNENmKCmaFWy/QjGlgidfLmu5NGer5iBWHyrRXzc8POdY
0YqYdX1+PYeMJibl6KqEwuFG6m6JI0xsFM5GMTBkRY1OB7cwqAxGWunW9GZYr74XxA3V6zU7A0Q1
Ru90qOw5ymtndGkih0ebx0hB6xWHU0nKHzXRs6+VkZlSWaNfmlC8LSkBD/buk6VOVHx0Zmperhlk
+g6tAsosFbr72GjgGlPQK3pkLyheM3qo+TYrhinLFAMEnnaR41CGIkVTviDU6mDYbOuvBKZDRGbu
EFMv1D8qO0z20irX7jM4VDNQgKTdibo/PluZYR0/613zY0IOXWCg60xUfZalO1D0dkNX63syCmL9
CVIf2gHRBL5hykfRyJtdw4k+gNP7artnqs1Ar9HkvFdpPwvTpiPPOfu7KqZQXx+rM9D/6cHrGmFQ
SQxv9BRjVPzXKp/QOZKOjmSEsn0xmatkoDriRjU76pyB3t5f59JUJGNWetxqrn8AXPIgz+pT+x7z
nL17f3rbD1O3JOnw8c/mPZtjP3oCh6U8dp+SrG6PVYz/86Ao1ddZ4xMbHREo10L05gCWd8ZCc6hT
bOmKsBNtV/dhvm886909mIpRgINcKNTtZtPLbdJfo8FI+r7km3cqOClkascIjCrqzcj9YGSiSuFR
hVrp5kU+IVw2pnsXD9TvNbu/kczQZW11xanWEc/qr9ZynZp619K8Khwo2upBtKcr9kNl0130Yq/6
M3Uhre5i1XXuJwjhQ/XIbItZ0dybze2Afbr8jjmWo/TR35O+gc+ri5iqTd7QXSWfpXddmjqB+i3U
bzXieup3oK91iZoJOe4bO7J1Ph0MPgZqWFURpv3J1hjU3rFZZa2c0A2oGaA20RSab/TB85LTEUoi
3yhi9dXubgzVOo3SATjdqfXP68e1gZdk1DXC8rdvFGU7A96l2Df7kp76hTf6j2YGZb5MBkvoLYs3
5xfvTn94fztgSV3S9thVNiJPNzSMau83WkKDhkOtOfr1fwHR/wid
===END CRASH DUMP===
