PocketMine-MP Crash Dump Thu Feb 10 20:53:25 WIB 2022

Error: emretr1\rpsolution\PackSendEntry::__construct(): Argument #1 ($player) must be of type pocketmine\player\Player, null given, called in D:\FLOTV\plugins\RPSolution\src\emretr1\rpsolution\Main.php on line 52
File: plugins/RPSolution/src/emretr1/rpsolution/Main
Line: 104
Type: TypeError

THIS CRASH WAS CAUSED BY A PLUGIN
BAD PLUGIN: RPSolution

Code:
[95] 
[96] class PackSendEntry{
[97] 	/** @var DataPacket[] */
[98] 	protected $packets = [];
[99] 	/** @var int */
[100] 	protected $sendInterval = 30;
[101] 	/** @var Player */
[102] 	protected $player;
[103] 	
[104] 	public function __construct(Player $player){
[105] 		if($player === null) {
[106] 				return;
[107] 			}
[108] 		$this->player = $player;
[109] 	}
[110] 	
[111] 	public function addPacket(DataPacket $packet) : void{
[112] 		$this->packets[] = $packet;
[113] 	}
[114] 

Backtrace:
#0 plugins/RPSolution/src/emretr1/rpsolution/Main(52): emretr1\rpsolution\PackSendEntry->__construct(NULL )
#1 pmsrc/src/event/RegisteredListener(75): emretr1\rpsolution\Main->onPacketReceive(object pocketmine\event\server\DataPacketReceiveEvent#29636)
#2 pmsrc/src/event/Event(62): pocketmine\event\RegisteredListener->callEvent(object pocketmine\event\server\DataPacketReceiveEvent#29636)
#3 pmsrc/src/network/mcpe/NetworkSession(394): pocketmine\event\Event->call()
#4 pmsrc/src/network/mcpe/NetworkSession(358): pocketmine\network\mcpe\NetworkSession->handleDataPacket(object pocketmine\network\mcpe\protocol\ResourcePackClientResponsePacket#29683, string[47] ....*f9f3ee5c-c5b7-4200-917a-c526b7cbaa9f_0.0.1)
#5 pmsrc/src/network/mcpe/raklib/RakLibInterface(192): pocketmine\network\mcpe\NetworkSession->handleEncoded(string[48] ..`bd.J.L3NM5M.M6M2.5120..44O.r........-........)
#6 pmsrc/vendor/pocketmine/raklib-ipc/src/RakLibToUserThreadMessageReceiver(42): pocketmine\network\mcpe\raklib\RakLibInterface->onPacketReceive(integer 0, string[57] ....R..K.......9G0....W...N..~...P...\~.mq.....W......D..)
#7 pmsrc/src/network/mcpe/raklib/RakLibInterface(122): raklib\server\ipc\RakLibToUserThreadMessageReceiver->handle(object pocketmine\network\mcpe\raklib\RakLibInterface#28169)
#8 pmsrc/vendor/pocketmine/snooze/src/SleeperHandler(123): pocketmine\network\mcpe\raklib\RakLibInterface->pocketmine\network\mcpe\raklib\{closure}()
#9 pmsrc/vendor/pocketmine/snooze/src/SleeperHandler(82): pocketmine\snooze\SleeperHandler->processNotifications()
#10 pmsrc/src/Server(1660): pocketmine\snooze\SleeperHandler->sleepUntil(double 1644501205.813)
#11 pmsrc/src/Server(1046): pocketmine\Server->tickProcessor()
#12 pmsrc/src/PocketMine(304): pocketmine\Server->__construct(object BaseClassLoader#2, object pocketmine\utils\MainLogger#3, string[9] D:\FLOTV\, string[17] D:\FLOTV\plugins\)
#13 pmsrc/src/PocketMine(327): pocketmine\server()
#14 pmsrc(11): require(string[53] phar://D:/FLOTV/PocketMine-MP.phar/src/PocketMine.php)

PocketMine-MP version: 4.2.0 [Protocol 486]
Git commit: 44818e6d1456dcf1f0fd3cd27da1dfecbe03c08b
uname -a: Windows NT PC 10.0 build 22000 (Windows 10) AMD64
PHP Version: 8.0.15
Zend version: 4.0.15
OS: WINNT, win
Composer libraries: 
- adhocore/json-comment 1.1.2@fc2f76979f0a44a5f5bc2a2b600d0762fe0e78e7
- brick/math 0.9.3@ca57d18f028f84f777b2168cd1911b0dee2343ae
- daverandom/callback-validator unknown@unknown
- fgrosse/phpasn1 v2.4.0@eef488991d53e58e60c9554b09b1201ca5ba9296
- netresearch/jsonmapper v4.0.0@8bbc021a8edb2e4a7ea2f8ad4fa9ec9dce2fcb8d
- pocketmine/bedrock-data 1.6.0+bedrock-1.18.10@e98c511584a7bd58a95986374d2df4b04c6a2ba0
- pocketmine/bedrock-protocol 8.0.0+bedrock-1.18.10@017e57c8f8a74118bcbba7332e7ebac9e6c81693
- pocketmine/binaryutils 0.2.4@5ac7eea91afbad8dc498f5ce34ce6297d5e6ea9a
- pocketmine/callback-validator 1.0.3@64787469766bcaa7e5885242e85c23c25e8c55a2
- pocketmine/classloader 0.2.0@49ea303993efdfb39cd302e2156d50aa78209e78
- pocketmine/color 0.2.0@09be6ea6d76f2e33d6813c39d29c22c46c17e1d2
- pocketmine/errorhandler 0.6.0@dae214a04348b911e8219ebf125ff1c5589cc878
- pocketmine/locale-data 2.4.3@4d0b081f1a79407e087968ea76aaf330db6ea2b5
- pocketmine/log 0.4.0@e6c912c0f9055c81d23108ec2d179b96f404c043
- pocketmine/log-pthreads 0.4.0@61f709e8cf36bcc24e4efe02acded680a1ce23cd
- pocketmine/math 0.4.2@aacc3759a508a69dfa5bc4dfa770ab733c5c94bf
- pocketmine/nbt 0.3.2@3e0d9ef6b6c5fb45e3745a121296e75631b3eefe
- pocketmine/pocketmine-mp 4.2.0@44818e6d1456dcf1f0fd3cd27da1dfecbe03c08b
- pocketmine/raklib 0.14.3@4798576fec0364266dce23b368a7fec5e5de7927
- pocketmine/raklib-ipc 0.1.1@922a6444b0c6c7daaa5aa5a832107e1ec4738aed
- pocketmine/snooze 0.3.1@0ac8fc2a781c419a1f64ebca4d5835028f59e29b
- ramsey/collection 1.2.2@cccc74ee5e328031b15640b51056ee8d3bb66c0a
- ramsey/uuid 4.2.3@fc9bb7fb5388691fd7373cd44dcb4d63bbcf24df
- rhumsaa/uuid unknown@unknown
- symfony/polyfill-ctype v1.24.0@30885182c981ab175d4d034db0f6f469898070ab
- symfony/polyfill-php80 v1.24.0@57b712b08eddb97c762a8caa32c84e037892d2e9
- symfony/polyfill-php81 v1.24.0@5de4ba2d41b15f9bd0e19b2ab9674135813ec98f
- webmozart/assert 1.10.0@6964c76c7804814a842473e0c8fd15bab0f18e25
- webmozart/path-util 2.3.0@d939f7edc24c9a1bb9c0dee5cb05d8e859490725

Loaded plugins:
Biome 1.0.0 by  for API(s) 4.0.0
ChatThin 1.3.0 by Blugin-team, PresentKim for API(s) 4.0.0
DEVirion 1.2.8 by poggit, SOFe for API(s) 4.0.0
DevTools 1.15.0 by PocketMine Team for API(s) 4.0.0
EasyCommandAutofill 2.0.0 by jasonwynn10 for API(s) 4.0.0
FormAPI 2.1.0 by jojoe77777 for API(s) 4.0.0
MultiWorld 1.7.0-beta4 by CzechPMDevs, VixikCZ, fuyutsuki, kaliiks for API(s) 4.0.0
PacketLimitFix 1 by  for API(s) 4.0.0
Particles 0.0.1 by  for API(s) 4.1.0-BETA2
PlayerSelectors 2.0.0 by Ad5001 for API(s) 4.0.0
PureChat 2.0.0 by Vecnavium, 64FF00 for API(s) 4.0.0
PurePerms 1.4.5 by Vecnavium , 64FF00 & ProjectInfinity for API(s) 4.0.0
RPSolution 1 by EmreTr1 for API(s) 4.0.0
Slapper 2.0.0 by Vecnavium, jojoe77777 for API(s) 4.0.0
Sound 0.0.1 by  for API(s) 4.0.0-BETA5
TNTManagement 0.0.1 by  for API(s) 4.0.0-BETA5
Tags 0.0.1 by NhanAZ for API(s) 4.0.0
Track 0.0.8 by NhanAZ, Nexus9265, Mcbeany, EndermanbugZJFC for API(s) 4.0.0

----------------------REPORT THE DATA BELOW THIS LINE-----------------------

===BEGIN CRASH DUMP===
eNrtPIly20aWv9JLT23kLEnhPphSSookTzwjWVpLjlMJXd5Go0EiwsHgkESnMt++771ukAAlx3bi
ra2ttWZkEX28++wG89soKaucN29vZVWnZTGaOeNRk+ZyNDM9x3EN0zLcaWCZXgAT7UpNWe7UsH0r
sIPQt8MwNKzxKON1c1pVZTWa/TZq1itYNrqGP2psPMplXfMFjsq8kk1lzufVqi6ztgG08/klFzdX
sohPi6Zaz2Zv34qyqJuqFc3e0xk7qhZtLouGPTHZ3t9WGV/L6inL27phkWRlwhAhW5XiRjZ5Wsj5
XK0BuPR3zIo2y9givZXFmAmeZTJmacFOZvP5s7OL6x9wQ7tIi3o+f3l5taGqrsR8/ii95zwtpqvl
ipUFywAjcy1gMgEsz9IMufzroBGegqUB7G/378P2fb17f7t5H/fCPqQINGigMisu4PPPoycG+zQ4
e64Fov+wtibf9rX14tXZGXsKNICqVjmCJxQg+Gb/pVykdSMrGZ/h30JWe777PhxIwuTbskBcsnkp
hQTt7ZXRL1I0A1UTbBCorG5R4ye84YM9pzj/xAo92yO6rAd00Yo9D9l9BPBDqiffogmpXZ+BILtH
UCGbu7K62c/FSu6/UA9X4Dogkj07dB6nkAAqovYIovOxEN1gB6JePZ/j8vl8uH7y7ZIXcSa3HD3G
/g6IVVU2pSgzFGRdtpWQuPU4S4FmGFmB5UgFDEUS2GMGlpQWi58d/w2bws/XSZjYUrpiItzInziW
YUxC0+fwaHmRLyLOw+StMTWmJjHvvo/5it9kabT/kt+cpdHzAlSagG/smaH1Z4RwWogylvFeR22A
1P5XFE//MT2zX5y759Nz79yauhBBp1PHuZhWU/0z6T4QuZ4mF3QYl9X+lg5N7yRdKV4U3dflKzCs
62UleXyuYqo2q2rP+QAjCiAoYiiBh16WwtRCVszYKMPVyng5nf5TUx/+3cA/r+H3xXT6L/hzCb/z
+b+m+a/TbgZ+TjSj/qfqxUJ2Opo7bwJpdAz8gSg6JX2Efb5HKE+swPRCIjx4r4bqoizfSeLoKpNy
JavvCW0FxNt/Uhcfsec3kZV1W8nflbeHf4K+YNdU1NL5fLgOyKlKAbJ9UTZpkgqOsblWaE2jp9Ar
Us+e6XnGRwKu8flV0aTZXly2USZZv+IwbYXDfASH4Xg7ONTM5NsmFTeXiuCy0lT2w/0l7TmHPXu2
4bwHSD+bafP5jtfyGCqc+qzksayeWGP2iGFB4spqlbjOygX4z5NtMAvf9IuNzbDpv3m0CFGk2+8h
3fJ3Zawko3bp4L9nmug+8tc2rWQXpVz7DVsteTXb3z+Z7RPWHuTJ+eUUZ3cQYjHydPTm9/FI/r8v
8P5qQQZCVJvfpsVtmd1K5BogxqAk0Yy6WRjZwoZRTDUo99CFGXgOPfgr0CLZQLC/4ZwPc/Nm/+uv
2eEtr9g2W//8hn29jysCWoGZGZCCpP62ovmaHbCf33yDK8IhDEgIaqtpGLt7a0BO8euWZwDANr6h
deYQgtJTB8R6QABNq502TdJHR62D8JAKlrSFQHmwvvFouJ3N/EbbXNo2h5DVGRM7ODggG3nK1BJP
L8H/gdbaqlDI/c347/Qc6Oe/Ncu0hnCooQ0pVtKiDaaxod40H6Wex7Eunraa6TTwlM3YbZnGRKNp
7eBWSgItHnTrCb1p99CjxEa/f6n7v9T9X+r+L3X/l7r/S93/pe7/Uvf/lbq/q0lrLEC/S8ucKtGC
41/9PB5tzo9HJgRkA0Z42yzLCjb9DBD4KsVaxKE5eJYFB83HoxmIW45HMVhIEeu1dZk0J/2BnFNB
TKiUmLGiBo3A4OXF1fXri5dnJzB0J6M6baQugI6XvLle4s4NsZuhIb32Dr2j74jfSSN5DhOXlYQS
t/lnmo8+EycRwZ/PBdADpR186lH2QcZOTn9IK6J9w9hmaMiYNQ2GjK3APFOsTa8unsnPxY0COp/f
EgnzeSy7Tz2yNFdX10cvr19dPuRJ3l6XZVb3eeqGhjyZ7q62tgbLrlFjn4mtDj+wsaXkD9hYNs2q
Bv8CWSzbaCrKvOdK+xsYwOwpr9fHZZ5DRDxqmxJ6yqzH92OzfRFYD/xr9Auvy+JuXRSm8bm474GE
OvMhSR/vh8/KKj+6fN7jsBsZcmU+4Kr8pZQ+/nw2pjYQIfIqIjYfPoaV8zZr0tdllcU9bnqDQ0v1
p8Ykkg13hmwdv5NieXkOBoEG9UN6n94c/0R3R+u2qdubFD7f8CxNb+rPxbdAlKscHBOsOUd675Be
0GGf9j9k/xHr7jGy3wMEclJF5Vmap82z9L4nq52Jgbz+J1KGbKAcTIUQqnXdov54873kFVQXmawH
bHRjfQ6oE3kvF2Dek+9Or4+sP8vLC2Dl6CdkRCP/BB7oqOJKZlC5EGVbTnZmPhBojmLXMMzPZZYK
WneEtyHiE/iCWhgzZ5+hbugDnPwgRcFv0xYTvOc8e2Z8WuQkPJeyyslHhwyOnnE66KmhIgXoP0I6
LNv68nTSjY+2InircIMMNN3bTx8rAEXFUAJqbBiOnKn7HhGwMVNksH9nQDPWt8+LJC3SZv25VD3g
k6jrffwYTnunoVtWB0ek7wslo9O8ktfVZ7Pa9x5afQwbVxlfQTPU46Eb+QR7/fyJsVZEfAIfZVv0
k6B6/vhoaOho6P7VaEiIP57u6xfX57zgC33svqF/OP6/wMeAgE/ghy/6vk+Pf0y9xvi5LGdDP2D+
OLIfqSQ0SchPBWm6zxA973IUPMrRePRC3rd1aHkY6M5FJHmxhk+nBbTuULtG7eKnfzw7/uycI4l/
mXW8F+IVMN3I3a6m686J0PtGFjUlERDScVkh2ACVjDxHIufNsj8ieAaEw97+WJm/jcumkM1gVF/p
bQfaKus/x7wZzEMX0MgB4EW+6j8ueT2gJRVlcdsf+KUmjW6e80idVgzGyqrReod+FgbqhiNDcX/R
Sgzl8FImWEukQ/A1SbQeDsUYUnsjV5dnA/Tr+tcMI133iW2mmvJGFum7oQju7zXXSC463prnGUV0
i6h/l65UFxtSNn6XpVF/Ozze50Opl0ieZRi2aVohnkacXAxYj8u3RNruIAylQ4WVYMN1PVh4lear
TP54PuB5hwJ4xIPWHT7z7K5Kd/S/auhIFiXs6Ax2udyxvWVb3NB5mUVCsklI6SJKC16tYcgGQfko
CXkrszjSixCUqNarptQDlhJWDIpWZmno/nF7OvZ2i6s3jxe4aZGUA7uNH6g8HVgJidLuD1US3AP9
cNEqW+zg/wTuxi4uBRfLnvDRu5crjRcx4m0S73f9A3dHV+a13L6UCfK0CHzUpth8WoZrg9jqt9DS
jWYJz2qIWt2Fy2jmBB7gSNG/HScwA+nFpuN6sUjMxEhiW8SWH3MzTiQEScMWRhAB7FaT8jot4vKu
Zi+u2eUxM0GRjNAyC8zQYHvdvGk8ZUfnJx72t/i6Yk887yT5jLOxjOXqbYlqeP38xYtrtEV8uEvV
1Xa+KmtZvQV9VrxKVafF4yXwUsl9DBITWKPvyU0MA4eJsBLfC/0wMbjjcDdxI2FxK/IMIzZ8z0qk
If1AoiFFVSpu9nVcNKbh1D4U3PVjM0gMK0gCJ4E6KsIXXEVshqYZGbGUlu3YXFLQAx1AwIFIjbds
EYT6yS005xAM8UUIkNlNUd4Vh/ovGtiiKuta7gPLvC7wBvjWgtrbOJQycYIgDM3YtaULOjFE6LpO
ZISRaRkmEBXx0Ao9gAGhGc8ceSWWxH+ui8bRLfnVYRBFwrBMHsg4sqTDfcmtJOCxk/BQijAW0kpE
FMQDf9iPZFzB0wRo5yRJb2r8RzcIcg2mJlAZBsI1TTcAqFHsBjx0w8CzfSe24gSIdYQHcubG46C3
Jki28BC8YfrS9QXInfuOaQaRiCLu27YlfQnCDaUn8PrF3gFP0WHryiDQQ5cLX0oemjyJeBzEwgmD
xBXSdoT0rNCPXenBNB9CelSJeGJtH3qOH/gOGJXnRYKDTN0gcC3HkoErLFtYrgTJuNzaAYi3A1mp
4yOSZhw6oeS2YYehLZM4iexQxLZhScsEF3QNAB1YRgj2uQOpzMotDLAKpN+LfS+xpG3HXmDawg5j
KxSWJRxPgCTNeIcaej9H3YApUKDiw5gDaocbju0EEVi4DCwzlFFiWm6SmMBTEAoR7JKTlVg7dMaC
JmwfOrERGYGZmNwPHcOXRuCHXiC573Ge2LYRR0CyFbm7kBZECzmBJ0LTEkYSGq4Lqo4t2zQCKazY
9MMo9BIHLAwofQBh0ksuCpRnJj6IMRCJDQoTliMdCX5vcRFLkJbBTXADCHVDUJtAABH1kHMhbN8N
uWsE3AvjBHxQOPDH9w0egVkKV4ROlAxBFFHTZaFDWxpxKBMv8oSbRI4rwVNcblqQqz3pu55tRjY4
vhxC2H6cUMnkKLP5+FD94LJYZSDSkR8GLhiNFIbtOZbnYTSwI9sDj4NBV7qx9EPLfwwKXjl3tcth
aFnccxzweeEJoIFzF/8f2JYJqjelcHw74HJHvurWr8vthwYHX4fQ7AemcMyQm4nnSHAvB0KL7WIA
dkNphcgTFL+1XKMbbGs3vMKwDgX8+I6UIF0rgEIoAkdyjMg1DdeTMojtKPI8YfAtkLZNYy1XG5JF
GEV+Erl2EHihmcS+7YNcHScWkRN7sFskFmgdty/bvOa82/8wutfrPCmLNWgwW+Mx+KQrm2+BVLRK
24CoYQaWCAOTR6bvxuA0thNHRgLG7YVBGBhoXI/BgpQRGD1Yrh/5pgUeJ+M4Cn0BiY0HEJpsSwQO
GIMfhFZsyfB9sMw+rFg6EbdiB6WXhFFsSDOMLA4+B4HYdiG6QOYIEtWv5OU7XjX7ENpkpbMu5h0v
9BygQviBAbbq8MCxwAikATqOTUhfwCRYsOUOgKzA4yYYuymM2BiQQjtMfBmDzwowiSgKBSZdV0SG
GwcQb0MnNHwAQ13RxramaypMnzBstRg0E0m6aCu6mWZY1rGkrNigjppX8+IJu15CLmW1bBroLWrG
K8mapWRlIWv4wBsmeFGU9KJhWoisjdWrg+pudQopDXJvA2WJgnZV5uqFxIdQa57IMSthpqoRKIsg
Yt2wddlWGhpLE5ZDz5GkhAMKHHzrL1sr0C/k3QbgPpS2vM2amt2VxVcNwwqAVwy63hJCWIp5bI1U
4pthivu7pSxYu1pUPAYAUwSJvx3AGT4w9uT1UiKBrCkZvrjHAJC+lAZpQKlTY0Edq2kiWSUCBrLN
ZEOSwws+IZnKMziSK9ggfyEnGceieCFnDJtpNVMv2wZqxmKiXxKdsfnofN4aYIRrJpbz1pTSZw3+
5WbOYMY0TZxPbGCFHS9prYXs0iejWLJ74D7DHbGfslsaFiwiEC7QmeIn4ResUDvW/zYfaREcZVl5
x7K0RsF0L8ex25Sz/2xltVarfsWPEz05Y1Rj6/2ndFqgNzKQAsNKlYGlgCIQZLRmWn1qhzpemGwW
DMG9Bn8FawR98jhmUPgptaM68b0GlkuOL33Q67Gg7Egi9aAO+WvLM1QUvfXKoKJpJdvTiJllPFXw
FVY5qeQKeukJqBpfUZjBAo3/RZtHoGew6aN6XYhrXt8wfPsErHiql7yqwSTQvTqeceGyKouyBauB
DfWY0ZUSU50N+uSYYWVfqZenSEoQE3Asbwv9QkkH/ooMC3gDK6/K+xQsXII4gDXynWJDIMp5Q9Tz
BL0FV6FXjFnafAWCbCraGEt8s5TMdWc72wM+WvBdSwuImJlojmcE7KGvcLKZqi0KVHCM3Wm5IpVQ
b1RP2Ym81Z9Zni6WEFYqXi/H/SCgrQklU1XtqlGjSnAooBzo23BHyobwQK1PrFyS47uhQPzjNKDN
oB1C/5GCvU0HxgfLJ2rZ1jHxN5eAdd1Fh79nZQRGhWdeTM2An+Rpg6EmlwserRtQALtScjdI0mmN
CDSAa1TjXUqKIEOD+HE3UaA626uJ2SQFWiFI0ruMCCippOyQKusH5bUYLtiiBL2VGI3QTBSqBZE6
IfJmzOj4ARooP6hy8f8EJ3ig+CE+lryK/yofdVOuiBQd2TekaYA1gzizwqQf9whDzB11pmE5PQIp
Xrwmx9F01l99FkrJdYg0DC5MtJAnC8iTTN5L0VLYLhXpym0xr25Wy3shZVxvOevi3MX16Yxdf//8
ip09P39+zY4uL8+en16xy9OX7PXFy3+evhwzWMSuL2DVKXv9/cXZKbt8eXF8enU1fRgrBpKxXK8n
mEtZpSVVERjBa2RVLCXFcpLLJkqboAuoZGIdimjRBOKn7OKzBnhcFsA1xHewNeT+faaoTPBuiQUB
fnEBYpZapuErMBC1t3mgHwwA0wUmIixTaNv04Q60E31eDspcSYHVjJI2Eq60rfZuuAHTk6t6y7Zt
aL7rp+8jTEvB7klhwasIfGiybRF02Hpc4uSWSJbex/Q+CP85L1qqoPoUQY3ZgoU+HXdp5aGJdkaq
snUC/VSjOM+3rjplFyppKIeA2qdss3hDTQqZ6K5gWx7qDvSKWACWPcPocQ04n1GAeZBzyawUnA2P
SVXmXfbu9us1k77x7uodOdP6fcRu2CMG98ByrrpaGJVZAU40VG3wcZuvVMHY1aZMT01waqvHE1yo
NxEvRHTHETxBFQEBgj8idqgHIJ8CllswwrpuJQaTZgnaXHSlNAY8xLelbNwpWBUgulqedvTg4j+U
W87vJ3TQXG95OOYrHE/zNocEjrdPiKThBRTNoGSmv0NC1GwljX6lRUue9dAGoadYbSgjpBMs9lvI
6M5Akyelmt61fCzEMG4qLN3yzuEURL10l08qUiZ0rN3j9AQIo8IIKleUKdCqqhkFS31Hhaldit8t
r7BtI2XFX0cBLu93DyjSDLsfDftD4D5kq/ir37CebVIPVIbLMlNVbsQbsaTeQH3jZoxxRacvio+q
+eu+NEUpK5KberdLn0/6OuwmMURXa3zrczFmE7OnXq1aQj5pOoI2qYWywLagpgsSrGNjJQls5qj3
wO0wqImbsu+hGKVvLGF1yY4vX41hL9ARgTfepTE4CFUmXRzeYJgQhhnztj3AtkGoSU691VN2FEOw
W/Is2YfOWnUusQRL1+gAMcNzUjTAntv202oP3E7DdY+xEStdnk0ZEvLqsrjsKv9tP4wNDhJ2B4lZ
bW1XxWqiRx40XufaR+v0ndxoGPuETrH42m9XrEEfoUyml7yd0FKbnk7Zpd6T8WpBG7huzrV1aJxJ
xRfICGgIBFivMqqPsNvO8UuLEBx4hVpT35NRxwj4LresG3Z+/YporYEtZD5qG4YHF6TYLULV70y3
8Slv2gnumxHFwyZWFnSvRpEhYXhuArUXlMwdsw08JamYMsp7S45lBktzkFCDmgS90H9ABELbmOgB
Bd4S4UuUB0RsCuKQ/jmlg1qpVxUrsLbRVovcSHV0osPjps07uaCi7OT51dF3UI9R/dYWZFMY7luM
r3QprEqQFI1Tf7cyHrZAW16H8SCWUbuYbbvKb5mJ3aQumpcQ3mgF04cXtTp3QX8v6rIrDbS3mB1Q
xUUH9XhZljWd0XQNpewOESgX4DE7q/ntNvfAg5yoWTqE7wdEJJLeVFAFoz7G+qVMC3WgQfL7iv0Y
lfcYISr2/ITt/fjq+clTsAcID0AHrL8DZaK68O00cB5sNat4IzNV6IC3lFudFhAVfvzurMOgG9He
yFeEDu8RqTghteuihzgsu2M1nZrvgcIJvslxUCaJRgyzabKe3LdpPFQTSXiye551TQdSyiHVf8tG
SYNyhfa+ttbHYwJCTtOFZ71ronbNmL5y7tCpZKTD6gYbZlZeLDY9VIGbs900P+5W3abybrJJ/o+d
KnbiPsrLFqNNonKnDj4gxE7YWDlgVNWnOmAW+KRTPwB4SaVADwCJoZDq5CCSCmAkE4wW9YrfkbGg
HeuvUiuzw4mHZYUSBiLsCQPiJ+O7ZOvvDQFWCXn6cYqN95HMK3ydi/HOLYDwLQD8tKHMfnB4FWWl
INev01jlH+SPg8bBLOs26ktlgYkZVshYpWN62KRKOknTpsOFkJmkHkY5gcabpTeABPt8imQZByEs
qvKuWao4CEg4Wyp4vSAJMaNuukRPBE9QLh15k62QOgafn9Q97jDco00oiExdTW+Y3ZyodQUV7dpR
G8CcMIs9AXKh1R8qeHt619Px9KGSdQC84yn14pCeoDVVVrYqV222dTL9iPUErdKJyLY6xNSuId8a
I2Z0jH1QePTaIBzVJ5izTXGFB690UKAmVE2i7Q/I6sf+eHAaDTsn+CXOB4Ob4LI7od/eGNQPEFUm
6o2u3uol6HemyJqu8nw1TcsNDxA+1zm2uBAOGjx9FnWfGUyKegXbriCmKHjyxaKSC322qg9i1aES
ftf75iHHRCvErIuTC/xC2ESnHFWVYDi8k6pb4hAm7ghnTQz0WaHRae8WBiqDgVbaFb4Z1qnvEXGD
6tWajQFCNYbvdFD2HOS1Y7w0kf2jzTGkoNWSg1NJzB8V0rOtlSEzJbKCfmmC8bbABNzbu02WKlHx
wZmpfrmml+lbaBWgzKLQ3cVGDVebglrRIXtE8YrRXc03ad5PWboYQPC4Cx0HMxQqGvMFoqaDYb2t
uxKY9hHpuV1MnVA/VHbo7KVUrtynd6imoQCSZiPq7vhsqYdV/Kw2zY8OOXiBAV1nTPVZmmxA4dsN
baXuyTCIdSdIXWgHiDrw9VM+FI283jSc0AdwfF9t84y1GdCrNTnrVNrNgmnjkeeM/UzFFNTXYzoD
fdOBVzVCr5Lo3+gRY1j8V5RP8BxJRUc0Qtk8mswpGVBHXFOzQ+cM+NWYVSZ1RTJkpcNNc90DwEUP
cowutW8xz9izs6Prbhi7JYmHj9/o92zGbngPHBZybN/HadWMKcZ/0ytK1XXW8MRGRQTMtSB6fQDL
W22hGahTrJn6XmxbdWG+azyrzT0YxSiAA7lQ0O1m3clt0l2jgZF0fcmTZxScCBntGIChol6PvO2N
TKgUHlSopWpe5D2Ey1p37+IG+72a+lOIl1EKXdZaVZy0DnkGcqCbVKmpcy3FK+GAoq3qRXu8Yt9V
Nt5FX25Vf0wX0nQXS9e5r0EIL8pbZhrMCGeOPzM99vr5d8wyLNJHd096AD5PFzFlEx/gXSX3k3mb
JJZH/wr6l0Zsh/711LUufWkZHffADE2VT3uDtx4NUxWh2590BYPKO+6WaSMneAOqB7BN1IXmgTp4
XnA8QonlARGrrnY3Y1Ct4ygegOOdWve8ul1peHGKXSNY/vqAKNsY8CbFHmxLeuwXDtQ30nplvox7
S/Ati4OT02dHr86ueyzRJW2HnbIRerqmYVB7HygJ9RoOWjP6/b8B/HD2EA==
===END CRASH DUMP===
