PocketMine-MP Crash Dump Thu Feb 10 20:26:05 WIB 2022

Error: Call to a member function getName() on null
File: plugins/RPSolution/src/emretr1/rpsolution/Main
Line: 50
Type: Error

THIS CRASH WAS CAUSED BY A PLUGIN
BAD PLUGIN: RPSolution

Code:
[41] 	public function onPacketReceive(DataPacketReceiveEvent $event){
[42] 		$player = $event->getOrigin()->getPlayer();
[43] 		$packet = $event->getPacket();
[44] 		if($packet instanceof ResourcePackClientResponsePacket){
[45] 			if($packet->status === ResourcePackClientResponsePacket::STATUS_SEND_PACKS){
[46] 				$event->cancel();
[47] 
[48] 				$manager = $this->getServer()->getResourcePackManager();
[49] 
[50] 				self::$packSendQueue[$player->getName()] = $entry = new PackSendEntry($player);
[51] 				$entry->setSendInterval($this->getRpChunkSendInterval());
[52] 
[53] 				foreach($packet->packIds as $uuid){
[54] 					//dirty hack for mojang's dirty hack for versions
[55] 					$splitPos = strpos($uuid, "_");
[56] 					if($splitPos !== false){
[57] 						$uuid = substr($uuid, 0, $splitPos);
[58] 					}
[59] 
[60] 					$pack = $manager->getPackById($uuid);

Backtrace:
#0 pmsrc/src/event/RegisteredListener(75): emretr1\rpsolution\Main->onPacketReceive(object pocketmine\event\server\DataPacketReceiveEvent#29636)
#1 pmsrc/src/event/Event(62): pocketmine\event\RegisteredListener->callEvent(object pocketmine\event\server\DataPacketReceiveEvent#29636)
#2 pmsrc/src/network/mcpe/NetworkSession(394): pocketmine\event\Event->call()
#3 pmsrc/src/network/mcpe/NetworkSession(358): pocketmine\network\mcpe\NetworkSession->handleDataPacket(object pocketmine\network\mcpe\protocol\ResourcePackClientResponsePacket#29683, string[47] ....*f9f3ee5c-c5b7-4200-917a-c526b7cbaa9f_0.0.1)
#4 pmsrc/src/network/mcpe/raklib/RakLibInterface(192): pocketmine\network\mcpe\NetworkSession->handleEncoded(string[48] ..`bd.J.L3NM5M.M6M2.5120..44O.r........-........)
#5 pmsrc/vendor/pocketmine/raklib-ipc/src/RakLibToUserThreadMessageReceiver(42): pocketmine\network\mcpe\raklib\RakLibInterface->onPacketReceive(integer 0, string[57] ...*....'..\....K.3/-.$..lW......I|~Du}.X...c.d.LG.{.....)
#6 pmsrc/src/network/mcpe/raklib/RakLibInterface(122): raklib\server\ipc\RakLibToUserThreadMessageReceiver->handle(object pocketmine\network\mcpe\raklib\RakLibInterface#28167)
#7 pmsrc/vendor/pocketmine/snooze/src/SleeperHandler(123): pocketmine\network\mcpe\raklib\RakLibInterface->pocketmine\network\mcpe\raklib\{closure}()
#8 pmsrc/vendor/pocketmine/snooze/src/SleeperHandler(82): pocketmine\snooze\SleeperHandler->processNotifications()
#9 pmsrc/src/Server(1660): pocketmine\snooze\SleeperHandler->sleepUntil(double 1644499565.7913)
#10 pmsrc/src/Server(1046): pocketmine\Server->tickProcessor()
#11 pmsrc/src/PocketMine(304): pocketmine\Server->__construct(object BaseClassLoader#2, object pocketmine\utils\MainLogger#3, string[9] D:\FLOTV\, string[17] D:\FLOTV\plugins\)
#12 pmsrc/src/PocketMine(327): pocketmine\server()
#13 pmsrc(11): require(string[53] phar://D:/FLOTV/PocketMine-MP.phar/src/PocketMine.php)

PocketMine-MP version: 4.2.0 [Protocol 486]
Git commit: 44818e6d1456dcf1f0fd3cd27da1dfecbe03c08b
uname -a: Windows NT PC 10.0 build 22000 (Windows 10) AMD64
PHP Version: 8.0.15
Zend version: 4.0.15
OS: WINNT, win
Composer libraries: 
- adhocore/json-comment 1.1.2@fc2f76979f0a44a5f5bc2a2b600d0762fe0e78e7
- brick/math 0.9.3@ca57d18f028f84f777b2168cd1911b0dee2343ae
- daverandom/callback-validator unknown@unknown
- fgrosse/phpasn1 v2.4.0@eef488991d53e58e60c9554b09b1201ca5ba9296
- netresearch/jsonmapper v4.0.0@8bbc021a8edb2e4a7ea2f8ad4fa9ec9dce2fcb8d
- pocketmine/bedrock-data 1.6.0+bedrock-1.18.10@e98c511584a7bd58a95986374d2df4b04c6a2ba0
- pocketmine/bedrock-protocol 8.0.0+bedrock-1.18.10@017e57c8f8a74118bcbba7332e7ebac9e6c81693
- pocketmine/binaryutils 0.2.4@5ac7eea91afbad8dc498f5ce34ce6297d5e6ea9a
- pocketmine/callback-validator 1.0.3@64787469766bcaa7e5885242e85c23c25e8c55a2
- pocketmine/classloader 0.2.0@49ea303993efdfb39cd302e2156d50aa78209e78
- pocketmine/color 0.2.0@09be6ea6d76f2e33d6813c39d29c22c46c17e1d2
- pocketmine/errorhandler 0.6.0@dae214a04348b911e8219ebf125ff1c5589cc878
- pocketmine/locale-data 2.4.3@4d0b081f1a79407e087968ea76aaf330db6ea2b5
- pocketmine/log 0.4.0@e6c912c0f9055c81d23108ec2d179b96f404c043
- pocketmine/log-pthreads 0.4.0@61f709e8cf36bcc24e4efe02acded680a1ce23cd
- pocketmine/math 0.4.2@aacc3759a508a69dfa5bc4dfa770ab733c5c94bf
- pocketmine/nbt 0.3.2@3e0d9ef6b6c5fb45e3745a121296e75631b3eefe
- pocketmine/pocketmine-mp 4.2.0@44818e6d1456dcf1f0fd3cd27da1dfecbe03c08b
- pocketmine/raklib 0.14.3@4798576fec0364266dce23b368a7fec5e5de7927
- pocketmine/raklib-ipc 0.1.1@922a6444b0c6c7daaa5aa5a832107e1ec4738aed
- pocketmine/snooze 0.3.1@0ac8fc2a781c419a1f64ebca4d5835028f59e29b
- ramsey/collection 1.2.2@cccc74ee5e328031b15640b51056ee8d3bb66c0a
- ramsey/uuid 4.2.3@fc9bb7fb5388691fd7373cd44dcb4d63bbcf24df
- rhumsaa/uuid unknown@unknown
- symfony/polyfill-ctype v1.24.0@30885182c981ab175d4d034db0f6f469898070ab
- symfony/polyfill-php80 v1.24.0@57b712b08eddb97c762a8caa32c84e037892d2e9
- symfony/polyfill-php81 v1.24.0@5de4ba2d41b15f9bd0e19b2ab9674135813ec98f
- webmozart/assert 1.10.0@6964c76c7804814a842473e0c8fd15bab0f18e25
- webmozart/path-util 2.3.0@d939f7edc24c9a1bb9c0dee5cb05d8e859490725

Loaded plugins:
Biome 1.0.0 by  for API(s) 4.0.0
ChatThin 1.3.0 by Blugin-team, PresentKim for API(s) 4.0.0
DEVirion 1.2.8 by poggit, SOFe for API(s) 4.0.0
DevTools 1.15.0 by PocketMine Team for API(s) 4.0.0
EasyCommandAutofill 2.0.0 by jasonwynn10 for API(s) 4.0.0
FormAPI 2.1.0 by jojoe77777 for API(s) 4.0.0
MultiWorld 1.7.0-beta4 by CzechPMDevs, VixikCZ, fuyutsuki, kaliiks for API(s) 4.0.0
PacketLimitFix 1 by  for API(s) 4.0.0
Particles 0.0.1 by  for API(s) 4.1.0-BETA2
PlayerSelectors 2.0.0 by Ad5001 for API(s) 4.0.0
PureChat 2.0.0 by Vecnavium, 64FF00 for API(s) 4.0.0
PurePerms 1.4.5 by Vecnavium , 64FF00 & ProjectInfinity for API(s) 4.0.0
RPSolution 1 by EmreTr1 for API(s) 4.0.0
Slapper 2.0.0 by Vecnavium, jojoe77777 for API(s) 4.0.0
Sound 0.0.1 by  for API(s) 4.0.0-BETA5
TNTManagement 0.0.1 by  for API(s) 4.0.0-BETA5
Tags 0.0.1 by NhanAZ for API(s) 4.0.0
Track 0.0.8 by NhanAZ, Nexus9265, Mcbeany, EndermanbugZJFC for API(s) 4.0.0

----------------------REPORT THE DATA BELOW THIS LINE-----------------------

===BEGIN CRASH DUMP===
eNrtPIly3DaWv4JppzbybLPF++gppSRL8kQTyeqx5DiVdEoLgmA3I17hIamdzX77vgeAbLIlx85E
W1u7FZdtkTge3n0AoH6ZxEWV0ebmjld1UuSTuT2dNEnGJ3PDtW07CBzXmXmBpbvOdNKWssvUZ5bj
e6auu7bhWqbuTycprZvTqiqqyfyXSbMpYdhEvk8nGa9rusKWY5qmpCkIJRnPQl6RuM1ZAwuTFW/e
0IzvvSTwkrdpCvNi+PE6SXHiyXy5fH1+ef3tclmm7SrJ6+Xy7eKqSFucvVzWFVsueVbxpjKWy6qs
+54LmuSzcl0iPAlLAdjfzt+H6ftq9v528j7OhXlpksM8RwfWVJTB4w+TFzopM5wlZt7xvNl/y1dJ
3fCKR+f4M+fVnue8nJOPYqV9VeQLym5585YzntzxvSL8ibOGlAU2ZrAq0ISwgT5egYiWyxPa0NGc
U+x/YQau5b4EVF8Yj/ASI/ZcE1B5AvBjrLWvGEhJznoGhMwBQjlv7ovqdj9jJd9/I1+uQDmAJXtW
YD+NoQAokdoTEK3Phej4OxDV6OUShy+X4/HaV2uaRynfUvQU+TsgyqpoClakyMi6aCvGcepxmgDO
0FIWec0lMGSJb01J3VRJvvrB9n4kM/jz1ziILc4dpjEn9DQbjEoLDI/Cq+mGHgspDeIbfabPDEG8
/THiK3qbJuH+W3p7noRnOYg0Bl3dMwLzX2HCac6KiEd7HbY+YvsfYTT7x+zcenPhXMwu3Atz5hjg
C2a2fTmrZuqP1j0IdB2FLsgwKqr9LR4KXy0pJS0S7+viHSjW9briNLqQXkOpVbVnf4IQCRAEMebA
YytLoGsFvkfvheFIYfwV0f5yNlsu8eGbmbWvzb6YzdL3kqCz//yvk/bX2XfwyGbR7Pzvs1+2hLq/
Vy4mktPh3FkTcKMj4DdY0QnpM/TzI0x5YfqG6wnEvY9KqM6L4gMXFF2lnJe8+losWwHy1r8oi8+Y
8wtLi7qt+K/S2v1/AT9/V1Xk0OVyPA7QqQoGvH1TNEmcMIq+uZbLBgN5Xgnp7Bmuq38m3Brf3+VN
ku5FRRumnIzCqWFJX60/sYhuuzuLyB7tqyZhtwuJcFFJLI2hu1+IORcwZ8/S7Y8AublhQGNTtax3
b69ozY8hftfnBY149cKckicUCwJXWsvAdV6swH5ebJ1Z8CMZBOi+2fBG7X3glqibH0Hd9HaZLDkj
Zynnv2cYaD785zapeOelHOtHUq5pNd/fP5nvi1UHkLWLxQx7dxbE3ODl5MdfpxP+3OnLH0w3ACU5
9ybJ74r0jmcQVABgBCSzZtL1QssWNLSi40YqbAN6lk0J6pewLaa73vDpAE6+ENH35S8A0DYFoGXz
RZnSDVB9oHq1r4DsyyoBJPZeipeFGLD38m84zeqnCfDjaSrCypG2GpnEe91g4FhDc8aLmHwqskok
HQVjCAUMsaFNW5ODg4NPgpnPr66Prt9d3Vydvjm5WRwdf3MlIbs9ZKCFd9kI4JYq9D0YgD/94cCM
5nQlmdWsk1oQrWxc8mqIz4UcrOAFEp6jD+DVPI3nc0HXFXjCf7a85T8ogQhwUv1+FFzOm2oDDzm/
Jws14RTb9tQEsYxjjOjCfuAXIplHwmPf0XRvi/vb8njd5rej3pcSkKnwtQYAoa7glK23ksCfZ1FN
aE2+aNskErx17MGUZbO/D7rdbMgaxhKAQLLiJ5qvvqzJTrsqV2oE4YxAfFGXadIsCpA5uqGyqPfE
clOynNwsJxJhdzQF9aWf9RfQlJimNZf4eaORAB5hIeg2BOgdaMgkeghyBX8071dsUlJ19TG+yBcU
mtKX3jhebc4iCR8g/vpn6fFn6fFn6fFn6fFn6fFn6fFn6fH/q/ToEvkas/ZXSZGJ9D2n+FO9Tyf9
Bu3EAIesQwttm3VRwaQfAAItE8wNbNEH7zynIPpoMgd28+kkAhXJIzW2LuLmZNiQUVFFiKUkm7EK
AYlA4+Ly6vr95dvzE2i652GdNIgVJiTHa9pcr3Fmj2zfNMbX2sF38krQqzWcZtCxqHgNMeubJJs8
EyWhgL9cMsAHElh4GmD2ScJOTr9NKoF7T1jfNCbMnPljwkpQzwRLs6vL1/y5qJFAl8s7gcJyGfHu
aYCWogpKmLfX7xaPaeJ310WR1kOauqYxTYazK62twpJrlNgzkdWtD2RsMfkNMtZNU9ZgX8CLdRvO
WJENTGm/hwHEntJ6c1xkkFFHR21TQB2eDuh+qnfIAvORfU1+onWR32/y3NCfi/oBSMgzH6P0+Xb4
uqiyo8XZgMKuZUyV8Yiq4qeCe/jn2YjqIYLnlUj0D59DykWbNsn7okqjATWDxrGmejNdC3lD7TFZ
xx84Wy8uQCFQob5NHpLb4+/FadKmber2NoHnW5omyW39XHQzXLLMwDBBmzPE9x7xBRkOcf9N8p/Q
7gEh+wNAwCeZVJ4nWdK8Th4GvNrpGPHrfyJk8AbSwYQxSB3HS3+++i5oBdlFyusRGV3bkAJRiXyU
ClBv7dXp9ZH5r9LyBkg5+h4JUYv/DhrErsoVTyFzEZhtKdnp+YSjOYocXTeeSy0lNKBojMTvoAty
YYycQ4K6pk9Q8i1nOb1LWgzwrv36tf77PKdYZ8GrTNjomMDJayq2MmvISAH6dxAOi7ZenGpd+2TL
ghu5NvBA4b19+lwGSCzGHJBtY3dkz5yPsIBMiUSD/BsBnDG/PcvjJE+azXOJekSnwG7w+DmUDraQ
t6SO9pU/5komp1nFr6tn09qPblp9DhlXKS2hGhrQ0LX8Dn19/sBYSyR+Bx1Fmw+DoHz/fG+oK2/o
/FFvKBb+fLyv31zLvWx5VtHjP27/X6BjhMDvoIeuhrYvXn8be7Xic2lOjz+s/HloP5FJKJSQngrC
9JAg8b5Lkf8kRdPJG/7Q1oHpoqO7YCGn+QaeTnMo3SF3DdvV9/94ffzslCOKf5h0PEyjFRDd8N2q
pqvOBaIPDc/l0QIw6bioEKyPQkaaQ5bRZj1sYTQFxGHusK3IbqKiyXkzalWnituGtkqH7xFtRv1Q
BTR8BHiVlcPXNa1HuCSsyO+GDT/VQqL9exbK3YpRW1E1Su5Qz0IDHrsBQdFwUMnGfHjLY8wlkjH4
WnC0HjdF6FIHLVeL89Hym/rnFD1d90T6rqa45XnyYcyChwdFNaKLhrehWSo8uimw/5CUsooNRDT+
kCbhcDq8PmRjrheInqnrlmGYAe5GnFyOSI+KG4HabiM0JWOBFaDDdT0aeJVkZcq/uxjRvIMBvOJG
6w6dWXpfJTvyLxuxJYsctlUEW6x3dA/P6MR+mSmYZAkmJaswyWm1gSYLGOUhJ/gdT6NQDUJQrNqU
TaEaTMmsCAQt1VJX9eN2d+xmu9agHw+9kzwuRnobPRJ5MtISwUpr2FRxMA+0w1UrdbGD/z2YG7lc
MMrWA+ajda9LtS6uiKdJdFj1j8wdTZnWfHvrEfhpCvBhm2DxaeqOBWyrb6Ckm8zFeSCsoA5cJnPb
d2GNBO3btn3D525k2I4bsdiI9TiyWGR6ETWimIOT1C2m+yHAbhUq75M8Ku5r8uaaLI6JAYIkYlli
ghrqZK/rN/SX5OjixMX6Fi8wDtjzgQubsXvNWJc3BYrh/dmbN9eoi/hyn8j7AFlZ1Ly6AXlWtEpk
pUWjNdBS8X10EhqMUZcLDHQDhzEzY88NvCDWqW1TJ3ZCZlIzdHU90j3XjLnOPZ+jIoVVwm73lV/U
Z8HMOmTU8SLDj3XTj307hjwqNA3XZ5ERGEaoR5yblm1RLpweyAAcDnhqPGULwdVrd1CcgzPEuxjA
s9u8uM8P1U9UsFVV1DXfB5JpneMZ9p0Jubd+yHls+34QGJFjcQdkorPAcexQD0LD1A1AKqSBGbgA
A1wz7jnSiq0F/ZlKGid3wq4O/TBkumlQn0ehyW3qcWrGPo3smAacBRHjZsxCPxrZw37IowreNMCd
Ck66M/3fu0bgqz8zAMvAZ45hOD5ADSPHp4ET+K7l2ZEZxYCszVzgM9WfBr1VQaELj8HrhscdjwHf
qWcbhh+yMKSeZZnc48DcgLvMN9zA2gEvvMPWlIGhhw5lHuc0MGgc0siPmB34scO4ZTPumoEXOdyF
bjqG9KQQccfaOnRtz/dsUCrXDRkFnjq+75i2yX2HmRYzHQ6ccai5AxBPB9JC+UdETT+0A04t3QoC
i8dRHFoBiyzd5KYBJujoANo39QD0cwdSkRZbGKAViL8beW5scsuKXN+wmBVEZsBMk9kuA04a0Q42
4oqQPAGToEDEhxGFpW2q25bth6Dh3DeNgIexYTpxbABNfsCYv4tOWmDu0CkLqrB1aEd6qPtGbFAv
sHWP674XuD6nnktpbFl6FALKZujsQloJXIQRuCwwTKbHge44IOrItAzd58yMDC8IAze2QcMA00cQ
tEFwkaBcI/aAjT6LLRAYM21uc7B7k7KIA7d0aoAZgKsbg+odAXjUQ0oZszwnoI7uUzeIYrBBZsMP
z9NpCGrJHBbYYTwGkYdNF4UOLa5HAY/d0GVOHNoOB0txqGFCrHa557iWEVpg+HwMYfuoiZTJlmrz
+a760WGxjEBCRl7gO6A0nOmWa5uui97ACi0XLA4aHe5E3AtM7ykoeOTc5S6HgWlSPJkLdeYywIFS
B//6lmmA6A3ObM/yKd/hrzz262L7oU7B1sE1e77BbCOgRuzaHMzLBtdiOeiAnYCbAdIEyW/NN2gG
29wNjzDMQwZ/PJtz4K7pQyIUgiHZeugYuuNy7kdWGLou0+kWCF5LUXy1IFgEYejFoWP5vhsYceRZ
HvDVtiMW2pELs1lsgtRx+rrNakq7+Y+9e73J4iLfgATTDW6Da13afAeoolZaOngNwzdZ4Bs0NDwn
AqOx7CjUY1BuN/ADX0flegoWhAxfH8ByvNAzTLA4HkVh4DEIbNQH12SZzLdBGTw/MCOTBx+DZQxh
RdwOqRnZyL04CCOdG0FoUrA5cMSWA94FIocfy3olKz7QqtkH18YrFXUx7riBawMWzPN10FWb+rYJ
SsB1kHFkQPgCIkGDTWcEpASL09B3CzdioUMKrCD2eAQ2y0AlwjBgGHQdFupO5IO/DexA9wCMqIp6
3ZptRGL6gmCpRaCYiJNVW4mTaYJpnbh5NcqjltUyf0Gu1xBLSc2bBmqLmtCKk2bNSZHzGh5oQxjN
86IhISdJztIW3Ac8EHm2OoOQBrG3gbREQrsqMpgbI4hdqDWN+ZQU0FPVCJSE4LFuyaZoKwWNJDHJ
oOaIE7EGJDh4VTLdSNBv+H0PcB9SW9qmTU3ui/zLhmAGQCsCVW8BLizBOLZBLPH+m6T+fs1z0par
ikYAYIYg8V8HcI4vhLx4v+aIIF4TrTFXxSujsuwCbkCqU2NCHclugbIMBAR4m/JGcA4P+BgnMs5g
SyZhA/8Z11KKSfGKzwkW07KnXrcN5Iy5pu6qzslycrFsdVDCDWHrZWtw7pEGf1IjI9BjGAb2xxaQ
Qo7XYqyJ5IonPV+TB6A+xRmRl5A70cxIKEA4gGeCT8zLSS5nbP6ynCgWHKVpcU/SpEbGEHW4Te4S
Sv7Z8mojR/2Mj5rqnMs7d2r+qdgtUBMJcIFgpkpAU0AQCDLcECU+OUNuL2j9gDG492CvoI0gTxpF
BBI/KXYUJ95rIBmneOkDE2ACwg45Yg/i4D+3VFz3XSV3MBYympaTPbUwMfWXEr5clWsVL6GW1kDU
eEVhDgPU+m9acVcYdPqo3uTsmta3BG+fgBbP1JB3NagEmldHMw5cV0VetKA1MKGeEnGkRGRlgzY5
JZjZV/LylOAS+ARsy9pcXSjpwF8JxQLaQMur4iEBDefADiBN2E7eI4h87pE6i9FaxH1nsIopSZov
8fpzJSZGvMFrGqiuO9PJHtDRgu2aikGCGE1RPBfAHtsKFTpTtXmOAo6wOi1KIRJRG9UzcsLv1DPJ
ktUa3EpF6/V06ASUNiFnqqotG9kqGYcMygC/njohbHAPovSJpEnSuyKJAPmncUCdQT2E+iMBfZuN
lA+Ga3LY1jDxX8Zh1U3nHf6eFiEoFe55EdkDdpIleN8Z3lc03DQgAHIl+a4LTic1LqAAXKMY7xMh
CKFo4D/uNQmq071aEBsngCs4SXGXEQHFFefdolL7QXgtuguyKkBuBXojVBO51Eqgqgn05kTv6AEc
RHyQ6eL/CUpwQ/FTdKxpFf1ROuqmKAUqyrP3qCmANQE/U2LQjwaI4coddoZu2gMEhb94LwxH4Vl/
+SyYCtMRqKFzIayFOJlDnCT8gbNWuO1Coi7NFuNqP5o/MM6jektZ5+cur0/n5PrrsytyfnZxdk2O
Fovzs9Mrsjh9S95fvv3m9O2UwCByfQmjTsn7ry/PT8ni7eXx6dXV7LGvGHHGdNwBYxa8SgqRRaAH
r5FUtubClwu+9F7aAFlAJhMpVyQGaeA/eeefFcDjIgeqwb+DriH1H1NFqYL3a0wIgEPos+QwBV+C
Aa+9jQNDZwArXWIgwjRFTJs9noF6ovbLQZglZ5jNSG4j4lLacm5PDageL+st2Zau6K5ffgwxxQVr
wIUVrUKwIW1bIii39TTHhVkiWmoeUfPw3j7NW5FBDTGCHLMFDX057cLKYxXtlFRG6xjqqUZSnm1N
dUYuZdCQBgG5T9GmUY9NApHoPidbGuoOdClIAJJdXR9QDWu+Fg7mUcwVaiXh9DTGVZF10bubr8Zo
Q+XdlTtSpuT7hN6QJxTukeZcdbkwCrOCNVFRlcJHbVbKhLHLTYnq0rBrK8cTHKgmCVoE0h1F+HXG
PQcHQZ9gO+QDEE9hlTtQwrpuOTqTZg3SXHWpNDo8XG+L2bQTsExAVLY86/DBwb/Jt4w+aGKjud7S
cExLbE+yNoMAjqdPuIj4XAiFTNRnSgKbLafRrhRrhWU91kGoKcoeM7Gohsl+CxHdHknypJDdu5ov
v6/qVumGdwYnIaqhu3SKJEUT29oDSk8AMZEYQeaKPAVcZTYjYalvpeQsSe+WVpjWc1nS12GAw4fV
A7I0xepHwf4UuE/pKv5TN6znfeiBzHBdpDLLDWnD1qI2EARAwgZqpsKX8I+y+FO9MmSFvM93u/D5
YijDrhNddLXBW5+rKdGMgXiVaMXiWtMh1IcWEQW2CbU4IME8NpKcwGJO1B44HRoVcjPyNSSj4jsv
zC7J8eLdFOYCHiFY430SgYGIzKTzw/0KmlhhTtxtDbAtEGrBp8HoGTmKwNmtaRrvQ2UtK5eIg6ar
5WBhgvukqIADsx2G1QG4nYLrAX0jZro0nRFE5N0iX3SZ/7YexgIHEbuHwCyntmVeaqrlUeF1oWy0
Tj7wXsJYJ3SCxWu/XbIGdYRUmUHwtgNTTno5Iws1J6XVSkygqjhX2qHWjCu6QkJAQsBA8VEWLI3V
dgYkoHOgFUpNficjtxHwLjevG3Jx/U7gWgNZSHzYNgQ3LoRgtwvKeme29U9Z02o4by4wHhexPBfn
asIzxAT3TSD3gpS5I7aBtzhhMyLi3ppimkGSDDjUoCRBLuI3dIBrmwp8QIB3AnH8Fg49tnDiEP6p
CAe1FK9MVmBso7QWqeFy60S5x77MO7kUSdnJ2dXRK8jHRP7W5kKn0N236F/FobBMQRJUTvVBajQu
gba0jv1BxMN2Nd9WlV8RA6tJlTSvwb2JEURtXtRy3wXtPa+LLjVQ1mJ0QCUVHdTjdVHUYo+mKyh5
t4kgYgFus5Oa3m1jD7xwTX0/ib1Dh4hIipsKMmFU21g/FUkuNzQE/74k34XFA3qIipydkL3v3p2d
vAR9APcAeMD4exAmigtvp4HxYKlZRT3PZKID1lJsZZqDV/ju1Xm3gipEBy1fiuXwHFEkJ0LsKukR
FBbdtpoKzQ+AoYY3OQ6KOFYLQ28Sb7SHNonGYhIc1nb3s67FhpQ0SPnLYiQ3RKxQ1tfWanuMgctp
OvesZmly1pyoI+duORmMlFvtV8PISvNVX0PlODndDfPTbtRdwu+1Pvg/tavYsfsoK1r0NrGMncr5
ABM7ZmPmgF5V7eqAWuCbCv0A4K1IBQYABBtyLncOQi4Bhhy/fAXHQ++FsqAeyxWU2mHH47RCMgMX
HDAD/Cehu2ir74ZgVfy+9mmM9Y+hTCu8zkVoZxaA+BYAPvWYWY82r8K0YML06ySS8QfpoyBxUMu6
DYdcWWFghhE8kuFYvPShUuykKdWhjPGUixpGGoFaN01uYRGs84UnSykwYVUV981a+kFYhJK1hDdw
kuAz6qYL9AJhDfnSoadtmdQReHZSD6hDd486ISESeTTdE9vvqHUJlZi1IzaAqRGTvAB0odQfC3i7
ezeQ8eyxkJUDvKeJqMV/xq+9lZaVRdmmWyNTr5hPiFEqEFlmt7Ao15ButSJGdPR9kHgMyiBsVTuY
8z65wo1XsVEgO2ROovQP0Br6/mi0Gw0zNfyI81Fj71x2O9TtjVH+AF5Fkze6BqPXIN+5RGtWZlk5
S4qeBnCfmwxLXPzqH3efWT0kBoOiGkG2IwRRwnnS1ariK7W3qjZi5aYSfnt9+5higSv4rMuTS/wg
TFMhR2Yl6A7vuayWqPgUH9esBQFDUkTrbHAKA5nBSCptiTfDOvE9wW4QvRzTKyBkY3inQ0TPUVw7
xkMTPtzanEIIKtcUjIpj/KgQn22uDJEp5hXUSxr62xwD8GDuNljKQEVHe6bqcs0g0rdQKkCaJVx3
5xsVXKUKckS32BOCl4TuSr5JsmHIUskAgsdZaDgYocQvDoB4gUuLjWE1rTsSmA0XUn27K3VM/VTa
oaKXFLk0n8GmmoICizQ9q7vts7Vqlv6z6osf5XLwAAOqzkjkZ0ncg8LbDW0lz8nQiXU7SJ1rB4jK
8Q1DPiSNtO4LTqgDKN5X698xNwN8lSTnnUi7XlBt3PKckx9EMgX59VTsgf7YgZc5wiCTGJ7oCcIw
+a9EPMF9JOkdUQnFbwB5HMxFMBAVcS2KHbHPgJ/GlClXGcmYlG5t0de9AFy0IFvvQvt25Tl5fX50
3TVjtcRx8/Fv6p7N1AkegMKcT60H/JUUU+Hj/zZISuVx1njHRnoEjLXAerUBS1uloSmIk22I/C62
rTo33xWeVX8OJnwUwIFYyMTpZt3xTeuO0fDXZHTq9Fo4J7GYmDECI5J61XIzaNFEKjzKUAtZvPAH
cJe1qt7ZLdZ7tahPwV+GCVRZG5lxinFIs/gFLqkMTZ1pSVrFGpC0VQNvj0fsu8LGs+jFVvTH4kBa
nMWK49z3wIQ3xR0xdKIHc9ubGy55f/aKmLop5NGdkx6AzYuDmKKJDvCsknrxso1j0xX/M/G/aLFs
8b8rj3XFR8touAdGYMh4Omi8c0WzyCJU+ZOU0Cit436dNFzDE1DVgGWiSjQP5MbziuIWSsQPBLLy
aLdvg2wdW3EDHM/UuvfyrlTwogSrRtD8zYHArFfgPsQebFN6rBcO5BdpgzSfR4MheMvi4OT09dG7
8+sBSeKQtltdRCO0dIXDKPc+kBwaFBxizOTX/wbxx75G
===END CRASH DUMP===
