PocketMine-MP Crash Dump Thu Nov 11 09:11:56 WIB 2021

Error: Non-static method pocketmine\world\generator\GeneratorManager::addGenerator() cannot be called statically
File: plugins/MyPlot/src/MyPlot/MyPlot
Line: 1274
Type: Error

THIS CRASH WAS CAUSED BY A PLUGIN

Code:
[1265] 	}
[1266] 
[1267] 	/* -------------------------- Non-API part -------------------------- */
[1268] 	public function onLoad() : void {
[1269] 		self::$instance = $this;
[1270] 		$this->getLogger()->debug(TF::BOLD . "Loading Configs");
[1271] 		$this->reloadConfig();
[1272] 		@mkdir($this->getDataFolder() . "worlds");
[1273] 		$this->getLogger()->debug(TF::BOLD . "Loading MyPlot Generator");
[1274] 		GeneratorManager::addGenerator(MyPlotGenerator::class, "myplot", true);
[1275] 		$this->getLogger()->debug(TF::BOLD . "Loading Languages");
[1276] 		// Loading Languages
[1277] 		/** @var string $lang */
[1278] 		$lang = $this->getConfig()->get("Language", BaseLang::FALLBACK_LANGUAGE);
[1279] 		if((bool) $this->getConfig()->get("Custom Messages", false)) {
[1280] 			if(!file_exists($this->getDataFolder()."lang.ini")) {
[1281] 				/** @var string|resource $resource */
[1282] 				$resource = $this->getResource($lang.".ini") ?? file_get_contents($this->getFile()."resources/".BaseLang::FALLBACK_LANGUAGE.".ini");
[1283] 				file_put_contents($this->getDataFolder()."lang.ini", $resource);
[1284] 				if(!is_string($resource)) {

Backtrace:
#0 pmsrc/src/plugin/PluginBase(94): MyPlot\MyPlot->onLoad()
#1 pmsrc/src/plugin/PluginManager(214): pocketmine\plugin\PluginBase->__construct(object FolderPluginLoader\FolderPluginLoader#54, object pocketmine\Server#10, object pocketmine\plugin\PluginDescription#22981, string[23] D:/FLOTV/plugins/MyPlot, string[23] D:\FLOTV\plugins\MyPlot, object pocketmine\plugin\DiskResourceProvider#23197)
#2 pmsrc/src/plugin/PluginManager(357): pocketmine\plugin\PluginManager->internalLoadPlugin(string[23] D:\FLOTV\plugins\MyPlot, object FolderPluginLoader\FolderPluginLoader#54, object pocketmine\plugin\PluginDescription#22981)
#3 plugins/DevTools.phar/src/DevTools/DevTools(70): pocketmine\plugin\PluginManager->loadPlugins(string[17] D:\FLOTV\plugins\, array[1])
#4 pmsrc/src/plugin/PluginBase(136): DevTools\DevTools->onEnable()
#5 pmsrc/src/plugin/PluginManager(438): pocketmine\plugin\PluginBase->onEnableStateChange(true)
#6 pmsrc/src/Server(1365): pocketmine\plugin\PluginManager->enablePlugin(object DevTools\DevTools#22893)
#7 pmsrc/src/Server(988): pocketmine\Server->enablePlugins(object pocketmine\plugin\PluginEnableOrder#22898)
#8 pmsrc/src/PocketMine(301): pocketmine\Server->__construct(object BaseClassLoader#2, object pocketmine\utils\MainLogger#3, string[9] D:\FLOTV\, string[17] D:\FLOTV\plugins\)
#9 pmsrc/src/PocketMine(324): pocketmine\server()
#10 pmsrc(11): require(string[53] phar://D:/FLOTV/PocketMine-MP.phar/src/PocketMine.php)

PocketMine-MP version: 4.0.0-BETA13+dev [Protocol 471]
Git commit: 73592349cd29d91b03c2703107db859115a92e2d-dirty
uname -a: Windows NT PC 10.0 build 22000 (Windows 10) AMD64
PHP Version: 8.0.12
Zend version: 4.0.12
OS: WINNT, win
Composer libraries: 
- adhocore/json-comment 1.1.2@fc2f76979f0a44a5f5bc2a2b600d0762fe0e78e7
- brick/math 0.9.3@ca57d18f028f84f777b2168cd1911b0dee2343ae
- daverandom/callback-validator unknown@unknown
- fgrosse/phpasn1 v2.3.0@20299033c35f4300eb656e7e8e88cf52d1d6694e
- netresearch/jsonmapper v4.0.0@8bbc021a8edb2e4a7ea2f8ad4fa9ec9dce2fcb8d
- pocketmine/bedrock-data 1.4.0+bedrock-1.17.40@f29b7be8fa3046d2ee4c6421485b97b3f5b07774
- pocketmine/bedrock-protocol 5.1.0+bedrock-1.17.40@5abbe5bc21d8a9152d46c26578bf5257526612f9
- pocketmine/binaryutils 0.2.2@f883e1cf9099ed6a757a10a2f75b3333eeb2cdf9
- pocketmine/callback-validator 1.0.3@64787469766bcaa7e5885242e85c23c25e8c55a2
- pocketmine/classloader 0.2.0@49ea303993efdfb39cd302e2156d50aa78209e78
- pocketmine/color 0.2.0@09be6ea6d76f2e33d6813c39d29c22c46c17e1d2
- pocketmine/errorhandler 0.3.0@ec742b209e8056bbe855069c4eff94c9734ea19b
- pocketmine/locale-data 1.1.6@216b49b87e20332f0b39d1717e1e2012a40074cc
- pocketmine/log 0.4.0@e6c912c0f9055c81d23108ec2d179b96f404c043
- pocketmine/log-pthreads 0.4.0@61f709e8cf36bcc24e4efe02acded680a1ce23cd
- pocketmine/math 0.4.0@6d64e2555bd2e95ed024574f75d1cefc135c89fc
- pocketmine/nbt 0.3.0@98c4a04b55a915e18f83d3b0c9beb24a71abcd31
- pocketmine/pocketmine-mp dev-master@73592349cd29d91b03c2703107db859115a92e2d
- pocketmine/raklib 0.14.2@e3a861187470e1facc6625040128f447ebbcbaec
- pocketmine/raklib-ipc 0.1.1@922a6444b0c6c7daaa5aa5a832107e1ec4738aed
- pocketmine/snooze 0.3.1@0ac8fc2a781c419a1f64ebca4d5835028f59e29b
- ramsey/collection 1.2.2@cccc74ee5e328031b15640b51056ee8d3bb66c0a
- ramsey/uuid 4.2.3@fc9bb7fb5388691fd7373cd44dcb4d63bbcf24df
- rhumsaa/uuid unknown@unknown
- symfony/polyfill-ctype v1.23.0@46cd95797e9df938fdd2b03693b5fca5e64b01ce
- symfony/polyfill-php80 v1.23.1@1100343ed1a92e3a38f9ae122fc0eb21602547be
- symfony/polyfill-php81 v1.23.0@e66119f3de95efc359483f810c4c3e6436279436
- webmozart/assert 1.10.0@6964c76c7804814a842473e0c8fd15bab0f18e25
- webmozart/path-util 2.3.0@d939f7edc24c9a1bb9c0dee5cb05d8e859490725

Loaded plugins:
ChatManager 0.0.1 by  for API(s) 4.0.0-BETA5
ChatThin 1.4.1 by PresentKim for API(s) 4.0.0
DEVirion 1.2.5-ALPHA12 by poggit, SOFe for API(s) 4.0.0
DevTools 1.15.0+dev by PocketMine Team for API(s) 4.0.0
MultiWorld 1.7.0-beta2 by CzechPMDevs, VixikCZ, fuyutsuki, kaliiks for API(s) 4.0.0
NotificationSystem 0.0.1 by  for API(s) 4.0.0-BETA5
PurePerms 1.5.0-legacy by 64FF00 & ProjectInfinity for API(s) 4.0.0
SimpleNPC 3.0.0-snapshot by brokiem for API(s) 4.0.0
Sound 0.0.1 by  for API(s) 4.0.0-BETA5
TNTManagement 0.0.1 by  for API(s) 4.0.0-BETA5
Tags 0.0.1 by NhanAZ for API(s) 4.0.0

----------------------REPORT THE DATA BELOW THIS LINE-----------------------

===BEGIN CRASH DUMP===
eNrtOwlz28a5f2UrZV6klKBwH+w4lSzZiaeSxWfJcaZhRrMAFiQqXMEhiU7z39/3fbsgQEpW3DQz
7cxLprWAPb773AV/3kvKOuftzZ2om7Qs9mb2ZK9Nc7E3M1zLdQLXM9xp4Lq6MdnrKjljT3XbtA3H
sE3dCSzTnexlvGlf1XVZ781+3mvXFazak++TvVw0DV/iyNuy0JqWt2nEctGuyphVZXQr2jwtxGJx
X9ZZvFgsRSFq3pb1YvFN/3jBC4BQz2Y8jjeDB4cs4kVRtiwU8JRlImYSOjyvAXHSZdnrNEPMZ7PF
4vX55fV3i0WVdcu0aBaLi/U8K9vFoqmj4UX+nVarCgHIzWrHkZw7gvX9o/wDKzPgAERmeii+mkfw
8sPevs6qHFfj/yWQozn9eckbcRDYhzO2jVf7uizOSx4fHALMfeNT25U4DkwDQYxlKJctFgMa7eub
m6gsmrbuovagDP8hopa9LrNY1HIR4hMg7Mdj+449YWrHGMmVqMFc9g39ydltEs5EE9UpGE5Z7Jtm
4BsT0FGdFssfTOtHdjY7Iq0cbYt4Z82nVPcs+rO0uX0nmrKrIzGvy7sUGTItI/BItuavydZyvGdl
q9ZpX6dFK+qCZygzOXXwr1H/7ynjV8RNzFqsl++ZuLsuy6wBA+c1Md+PbB4OPP3zGM82DDc9x4b3
NMcTxuuar38wfiR67Gf9wrBcIKAnBzSpntA5XhU8zIR0D+fXVGhb/me4Rw/0CkKHOF3xYikOwFkE
4XBHOKTZI3nO5wlIEFxlE0p1j9kCPfmBRdi8x9gCf5cHObENvTn4VcuQTF7W5AaA0SeM/gjjnPZe
wN4DSzc+gfWJYIJiPIUE0ChDNZ+0065NkesLjga9BPnsWxs3D7asZjP8KWsiyoNPUG7uhsRGClJG
VBWRDwzkrxY/dWkteuN1wF3RLWZHR5u4NEDWLuaD0wzDmCkO9378ZbIn/uvS32/IXsCHXH+TFndl
didyUbQAJAY5RbhUzsIIPEdlLJBhw3QdGFm0v8AgvLhyGp48Gj76immf/I+hVE7mb1jF6/a5dV8d
SZg+way6MAM5Jl0RYbBjfd5kM3ZXpjH7WS4OaPGibUSWzGZfgBxaXkSCvWBftKu0+Qut8nS1isa0
r5eilSZ6cKh9HYuwWx5cv57NXl6en7EpW+whJjAYdloWSbpsFnuHCo6xDacWGCLlqoN+janWHOe3
INSDAeUZb7kM+8AFoiGDGEG3fhuVUstsYzcDQFsB/BU7kwA277NZhM4+ART5usLiZW/CKGAqsM5v
o/McIm8H6EccuwrS0RF7tEqu8PoVX33Fju94rUIH+yKDdb3JeH5PEY0q3RNlvXLo5QCIUeCRJ4xr
+D6bvT45P395cvq3m/OTt9+8P/nmVU9gb15pcnAQQjA/fAb0ade0Zc4uZDhoEEPCs0YcHipj9Xsz
JHh/Qve9EQ9p0zafsJLpYg8ZmqZFCjLbgDE2YB7J5Z+1qojYF5snJSTfHG0bZsfC6supA5IjYFeY
2V//yohaWIPpoYWYMaYZa3CitofaHMHeZ8Q7gJZy9q0RbYSp6p7E9EnpTAaGe5j2CCbKO21upJAO
hqUo01/+qOj/qOj/qOj/qOj/qOj/P1X0fanbYIULRtQqI8DXguMx2NboZG9zgranT/WpASO8gyK/
BgA/ADRepZhBbJjTtZevrk8cxCFVHu/NqBSY7MWiEkWstjRl0p6NB3JOpfdbMOmTvy8WI/xSDVjK
g8Zgyfzy6vrD5bvzMxi6F2GTtkgw5jLcdL1COFt80NCYCWNq7zCxN4e8CAn3b2m+t8PQb2blNs3B
DCTcxSICQiCXF5I1RdKvcnT26ru0JqI3HG2Gtjkyp452cj7/9sQwtzmrwH5TbG+uLl+L3405CXWx
uCNaFotY9E8j+hR7V9cn767fzx8zp2LKmLl+aJs5w5nqfwYUOzrb2DW7Fvx5xWGM/EzWHge951lZ
tW3VgBuCPFZdOI3KfORxm0SFDF90WZt+wNZnxPJocJtpD5wpFC3f0efpRxGt5hcAF+n6Ln1Ib0//
TifC665tutsUnm95lqa3ze+m7QhxVjloAKSSI8Gqo98i/llrfkJKI06ORoBAUG9LKFuh2cfK4Grd
tCIfCeyJyf9EhHpMxucHqnlXi7mo87HpD2PbZgCmr2ViyaP1th249uvXus7+h0G9iPnrDbRkRdqu
fzel30gMkJJ7ykaPv0HdtFdVdgMckMZVmleZeDs/HUljGBtLwyL9NQWvmhWd7ozkEdblbSp+v/Ct
4EFKLqoISooRQf8q5wrU0QADuS67YhwH5Pt/wpIJ8+cb7/Xba5mZ5fnZhoHt8f8EI1sU/AsM8eXY
Een1efIVxt/N1jYMAOrPo/sJK1M0/YLnnLwGXqDT28mTfVlIhD60okAOZRVY1gjWR1Yx4YRRztvV
eCTiGdANe8djZX4Tl20h2q1RdUo8DHR1Nn6Pebs1n6RZK7YAL/Nq/LrizRYtKZT1d+OBfzSkqc17
HsoyeWusrFulTyiXYADPS4GheLyoirbl8E4kmaBj2PFoQxJttofitMvHI1fz8y306+anDD2+f2Kb
qba8FUX6cVsEa56j0Eyo7ND4PqaVLIWCqY2vWRqOV8PrQ74t5BKpMXXdMgwzgIH52eUWp3F5Q5Ts
DsJQuq2fEiy2abYWylD2/cUWizsUwGstsMnaGbyv0x11V+0KV6JApSMBtasdU1t1xS21ZSap0CKp
pMswLXi9ptxgTl2UhLgTWRyqRQgqqtdVW6oBJawY9CqtEK1BV1cKaZGUW2YYP9JguqV0EpU1HqoF
WDu61bKTptXD/zt4D7ucRzxajYSLzrqqFF7ESEfR2bguGHsveiY0sMMnDaP4aVg426VYXeogmuYG
K2ZV+VZ12ZZRCYBtzwA0KXqsZzmBadlBFJtBHBihbkWmB/aie3HoO4FhODwwhRlrcVq3WH50iqYP
aRGX9w17e83mp8wAChghZibYm84O+nlDP2QnF2cuWix+djCS00dBvmBvTGBV3ZRoAB/evH17jUaH
L/cUCSHMVCV0xjeguJrXqaCQxeMVcFSLI3R+Ddao+xwD3fs4iczEcwMvSHRu29xJnDAyuRm6uh7r
nmsmQheeLzyUWZ1Gt0cq3unTYGodR9zxYsNPdNNPfDvxPC80DdePYgOkEuqxECA3iwsKZqAMCCQQ
gfF2KuTRrXYH9XeMFwoAEMy2KO+LY/UXLW1Zl00jjoBl3hR4pH1noqkem7oZBLplRZaT2Jaui9B1
XOEJX/h+lDhmbMSuG9iIFUIudpa8jlbEf86rinzqjgzi2A/DSDcN7os4NIXNPcHNxOexnfBAREEc
CTOJQh8LjuH44SgUcQ1vGtDOVZ+s/7kfBLl6U1s/Tswg9ELhJ9zSbTc2hbAj1zYN23fCwAstkLQO
ArOfBj0Y4p6DnvEIvMPDUKCyjNjngQFc225kuo7nhyACx3NM1zXMJNgBT2GA4gMp0UQT8H1LGFES
6EEgYpd7jscNHeTgOaEF/wkRmlG8C+lJJQKhYBWu7fmeDUblumHEQaaO7zumbQrfiUzwHUf4keNQ
wzYGiKdNWakCIZKmH9uBAOlZQWCJJE5CC1zQ0sHVDMeNHR1A+6YegH3uQCqzcoChB6FwBXdjz01M
YVmx6xtgOgE4c2SaEUjN8IQR71BDV7lQKcSZIgcNT0SebYaI0tcdF+TvO47uBpEtkiSwo8CzbMGN
INwGlZVYEwzGYkzdY/CS0A5C3xMmGLKZ6MBbbHhICYwYJrd13bOjaBfSkmixkRY3Cgwz0kFtjhP5
wAAEJF9EYP1eEAZuYut2pNvWIwjaKItIUK6ReMhTlFigsMi0BTAkdJNHMdiDr3MD3MCKdpxgEwgI
ROzawnQcJwRDDxwR66bteBARnBg2J5FhAY1BssNPEbYb2QZ+ZHPdDsEwwJoFBBXfiq1Qj0B9oQme
afAQtG9sQxgeNSqFIJRrOYcusz7+3Ki9DbDmt7JkgHhrg3MIi/uuYYA9e7owEh5Frms6ug068hPb
9gQEkJCL6CkoWlpFKrMZx4Fpcte2beDIjbyYc+7g/3zLBIpA65HtWT4XO+Q0RVl+FH0mP9Z55EPE
Brs3ItsIuJGA2MHH7NjxLQejsBMIkwwQKttGrNEXhsLMIH+P4D/PFsIRlumDQELwJlsPHQNsWggf
hB66bqTzAUjXpTIJQfyFjBGEoZeEjuX7bmAksWd5YBy2HUehHbuwO0pMO05w+6rLG877/Y9DfLPO
k7JYgxqzNRQWmdbXxHdAKloFeGccOF7giQAikOUncWyCJt3ACp0Eso9wQaBgYU/BgrxB96kSlnFs
GFDk2ZaIDVS8xQFawIVhQoSHFAIeqZuODRH7U7CMEV0CgqsRJFaMxp5AIgps30p8Q4/syAKiLNf0
AvhXNiN5+ZHX7RHEN1Gr1IvJxw1cO/LAGnzd9g2b+7YJRiB00HFsOCEP9cTwwau2gFTgdhoGcCp6
kZY4sILEEzE4bgQmEYZBhJnXiULdiSEnAm2B7gEYank2tjVdUxm6z7CPYhFdVXc1ndPQVS5Lyppt
VVWLYp9dryCdska0LbQNDeO1YO1KsLIQDTzwdvRBSlpEWQcRBB6YPK+fQlaD9NtCZYKwrsocdiYI
YBdmwxMxYSXM1A2CZCGErFu2LrtawWJpwnJoJpKUMECFg5+nZGsE/Fbcb8AdQQnLu6xt2H1ZfNky
LAB4zaBJLfP+SxmkEC+QJd/3K1GwrlrW9LnBdFEsih7YbFEwtv9hJZAw1paABapVAKFuN0AGUOM0
WDLHcppIlRmAgTwz0ZK88Bw4EkwmGBzJETJIPBJapj5AmMmPA3CiWXUtVIqFpr4kmrHF3sWig9LH
WLNotegMITzW4l9u5AxmDMPA+cQCDtjpitaayCU96cWKPQDTGe6IvZTd0XDEQgLhAJEpPkVewQq5
Y/2nxR5xf5Jl5T3L0gYl0t9BsruUs//tRL3GNT/hg6amRmzsy/sqtYkB8wwrUwZmAZJHcOGaKX3h
enlIoG2mx6A+gFuC2YHyeBwzKPKkjlF3oNVblgvedDUdcTDQbCiQatCA+KnjGepmmd7BWqheOsEO
FFJm6ocIXWIUWi0q6IY10C1ebs1gmnC/7fIQ1Aqme9Ksi+iaN7dgXfUtGOuUFrxvQP/oPz2nuGxV
l0XZgYnA8mbC6GiYqW+9wOkmDOt3YAQ7FpINOD2O5V2hzk8l8CuyIeAJTLkuH1IwYwFiAJbIPYoN
cShbRdCbBB0C16DhT1jafgnia2vaFosWL/bQLnc2swPgoQPnNEksxIamOJ0RqF2H4GQddVcUqM4Y
m8yyIiVQ59NM8bJUPbM8Xa4gYtS8WU3GHq4sByVS113VylEpMBRMDrQpvki54PnU1sTS6zh9/tU1
T1OANoI2B71FCtY1HRkaVg9y0Yw+Z0LXzwVgW0vH/yYrQzAePJ5ichz8IE9bjB+5WPJw3YLA2ZWU
tE6yTRsETduvUWn3KQmeDAoCw70mAfU21hCDSQoUQtQD4guCldRC9CiljYOyOgwFbFmCnkoMM2gU
iGhJZGpE2ozpyAVgpzAvS7//eg7wvO85+le8jv89+pu2rIgEFaI3JClwDYPoUWHGjjcEIdaeKgMK
XEUYxYAP5BSKvubL34FCcgsiCQMGizpIcAUkOCYeRNRR8C0lydIhMSFuVouHSIi4GTiScevy+tWM
XX/75oqdv7l4c81O5vPzN6+u2PzVO/bh8t3fXr2bMFjEri9h1Sv24dvL81ds/u7y9NXV1XQ3AmzJ
w3RcJY65qNOSkj7G4QYZjFaCIjJJYxNrDZA9lB0xhRZaokEkFDLKEqjTsgA+IT6DNSG/nzI2aWT3
K8zeIBOMQHIZQZZAIPIOcbx3bsBxiSkEawnaMH28Gm1BnVaD2ioRYckhJYvkSr3KvRsewLxE1Qys
WrritTl8miTFuaU4X/I6BM/QhuqdAtDT0iVXQ3LULqZ2QejOedFRgTOmBIq/DmzwcNKnhF0j7M1Q
ZtckAViS33xwwSm7lCFfGjxUKGWXxRtaUsgh9wUb6G8k4IrIB0ZdXVe8ArbXFCwe5UgyHQlhw1tS
l3mfa+VutUIbm+ZYw8iN0uQj22BPmNSWdVz1RSmqrAZMaIbKkOMur2QFJ8tEpiY0nOj1dYaL1Aai
ncjsOYA3yPLg7PwJAUPOhrwHGO7AyJqmExgY2hVobdlXtBi0ENtA1aRXpCwRVOE6ldTg0k/KKecP
Gp0eNz3tp7zC0TTvckixkF1rBC6/ngZFQprm6z50DnJFf1GiJI95bGNQ0FeKIkKoYaXdQc61Nxo7
K+XUrk3L77x7+HJx70ISllo45owKB41OlDe8nQEpVKpA9YjSA+pkfSGhVBz7Hib3SA4H7mCbkqfk
p8eMi3u8UoAZthoK7vOgnrPDRVGIFhU2UykCKrNVmckKM+RttKJKnEiGoglMSCUZim2yu1KzMrXg
rwVUrSnT2/5YS/0UhtV6jR/jLCdMM0YKJOURYq3tiVEpgKL2UMbSLQNWkLHkHPslqvNxMwwqsqbs
WygFwZZeUG3HTufvJ7AXaAjBv+7TGMyeagUZPTfwNYI/Y25fdQ8FeUPSGa2dspMYAtWKZ8kRtKuy
S4gF2LBCBUgZnj+igY0ccUh7I2BbTc0DRjWsMHk2ZUjE+3kx72vtocnEVgKJuoe0iRu7qqg09b7T
3Fwor2vSj2KjT6zKezXix1J9yQRVuzSPUWq1A1NuOpyyudqT8XpJG7jqdpUtEMak5ktkAXQCYmuq
jCoWbGFz/F1JTb/NAD2dZil+cE09OX5qJ5qWXVy/J0obYAnZDruW4RkAqXJAJ3uLaR9r8rbTcNeM
qB23h6Kgqyjy9YTh4QPUQlCw9mxCj50kaTRllKVWHIsAluYgmxZ1B9qgX7RCmJoQLaC0OyJ6hZKA
qEuBGFI0p3DeSJXKUgLWtspGkRMhzyBUqFPN1NklFUlnb65OXkJ9RPVUV5ANYcDuMFLSpaksElI0
RvVbmnjcbgx8Dr5Ov46Y9T3b18zAXk2VrCsIVzTP1DFAIw8u0JuLppTJW3mEgcAk1RLa6aosGzrc
6Fs10TfjFMXxeJo1/K7PFvAInTfN0dH1ENiQMLotk0WbOvf5R5kW8kCAJPUl+z4sH9Dza/bmjB18
//7N2SHoHdweaID196A2VEwK6R6cA1u4OlbykeUHeEM56K4Ab//+5XkPX7V3o5EvCRnevFHhQOpV
pQjxVvanUCqNPgB9Gn6r8KJMEkILc2my1h66NB4UQvLUtg+ArukER7qa/PG0lIH8uY7UVteok6QI
gkgrw6zao8k9M6buYBGNTCEqPCosmAPxy+W+RylwW7abiif9qrtU3GubBP3UoZsU7kledhg9Epnr
VDABkfWixdyO0ZFOQkD9+EzJGTa/o1Q92kyMF0J23qGQwEKRoO83Fb8no0AbldDJtHB4O+lL9hHR
hn2IgYzvkgq8RJS1mIB8+hSV+tNk8hq/3mG8N3cgtt+MfzfUWDsHPGFWRuS+TRrLnIH8cNApGFzT
hWMpLDGJwgoRy9RJL5vURidNyjh4FIlMUKcgzZuwZuktoMA+mSJRxoH1ZV3etysZxwAFZysJbRTk
wPubVqZkIlZDafSkaYNoJGtvzpoRXximUfMSGpMXtBs21YlTX+bQni0lATyNmWwfyIRWeVDkcKq1
0eX0sTJV8LrnKXWzkEyg1ZNWVJVVl/Vuo14w39MalTYsExFSG4RcEibMuBi5oCRQDQaOqHO8mSp1
8NiRmms5LCsFZVlAyBCh4yHooWdq+GvHnaFNYNgeVh8rjHI6xANNfo20WbkCvc0kKdMqz6tpWhLF
EOrWOTaH9FvOBjhsBtIxTal5NswTCxTm+HJZi6U6UVTHj/KYBX/CdLvLH9EHseby7BK/nddUUpD1
AYaveyE7EA5Ofk8YGyJ8YIDGpqOLBcjTG8l3FX7FJJXzSKigUDmvjAkqIfxCgXLZKN+c4vm/GB/l
TSA5VCsObiEwsuNv2zZ1KWSMRNTQe2gYFwtMhriqz1wyb/Ctg0H1mcgo1XZQgUNlQ5G1D2AKHOlY
zvcYHulUcjVWapvmQ/5QuRiB4nq0eUwXqEMM4oiQTjzVpv50ezogUDNjDL3cns/2KpVIPUr7H50k
KRgAvlXS7M+MVmpQBrh600eo2IAn8NCqxVQEpckGEF7Fd7W808FY0x+kyLgL8FRs6rMtVGS8UV0a
FNYcv55Sb1j+AI1KV7NeaXIOLBRP9GbsB6pboGSd0BHfjwhUpuVN6h7fNREbWEfXFN7xEKX/kSud
jjyVRSk6U/PYUL9AzTd+l11lQpUAY/IlXhqXjwARncDWZUYdMM7Y6/OTazlIP4jAc7W/qA8/Jk7w
ABwVYmI94HdGEwq5f1F1nrxpGR9ZSBfGNAeiVSeKvFNWJz+UZvInP13dR92+T6s3VzQUUgAOJKOI
7tmaXk5af78DJiCL+v3XFEsIFa3fAkJVsRq5GY1oVF2Oyr5SVv7yZ6+qxY1usUlqqJ2D0Bam0J6s
ZRlH65Bf+mF3JvOEdBXJJcHHT7N6K8P73V2d4kXofNCw/OEuXQcuoGTZ/wC8vy3vmKEzPZjZ3sxw
2Yc3L5mpmwYu6K/sXggIr/Cel238Au/NuJcsuiQxXfo3on9pxLLpXxdXS2o09MUXRmBAXtsevHNp
2MJh1TqkFQyC8cPI/SpthYb3cWoAmytVyr0wdRxZcjxaiMULIlbeMm7GoPrFUTzMxTuf/r26qxS8
OMVuCwx8/YIo29jrJvm9IBlQoYz19wv52656KJ5FPFqCV/wvzl69Pnl/fj1iiS4Ne+yUO9CVFQ1b
te0LKaFRAU9r9n75P2cTaSc=
===END CRASH DUMP===
