PocketMine-MP Crash Dump Thu Nov 4 20:19:27 WIB 2021

Error: Declaration of poggit\virion\devirion\VirionClassLoader::loadClass($name): ?bool must be compatible with BaseClassLoader::loadClass(string $name): bool
File: plugins/DEVirion/src/poggit/virion/devirion/VirionClassLoader
Line: 86
Type: E_COMPILE_ERROR

THIS CRASH WAS CAUSED BY A PLUGIN

Code:
[77] 				}
[78] 
[79] 				$this->messages[] = "DEVirion detected an attempt to load class $class, matching a known antigen but does not exist. Please note that this reference might be shaded in virion building and may fail to load.\n";
[80] 			}
[81] 		}
[82] 
[83] 		return null;
[84] 	}
[85] 
[86] 	public function loadClass($name) : ?bool{
[87] 		try{
[88] 			return parent::loadClass($name);
[89] 		}catch(\Exception $e){
[90] 			return null;
[91] 		}
[92] 	}
[93] 
[94] 	public function getSourceViralAntigen(string $loadedClass) : ?string{
[95] 		return $this->mappedClasses[$loadedClass] ?? null;
[96] 	}

Backtrace:

PocketMine-MP version: 4.0.0-BETA11+dev [Protocol 471]
Git commit: 2405e45b357caf7e0284ffd7d91c302260d10722-dirty
uname -a: Windows NT PC 10.0 build 22000 (Windows 10) AMD64
PHP Version: 8.0.12
Zend version: 4.0.12
OS: WINNT, win
Composer libraries: 
- adhocore/json-comment 1.1.2@fc2f76979f0a44a5f5bc2a2b600d0762fe0e78e7
- brick/math 0.9.3@ca57d18f028f84f777b2168cd1911b0dee2343ae
- daverandom/callback-validator unknown@unknown
- fgrosse/phpasn1 v2.3.0@20299033c35f4300eb656e7e8e88cf52d1d6694e
- netresearch/jsonmapper v4.0.0@8bbc021a8edb2e4a7ea2f8ad4fa9ec9dce2fcb8d
- pocketmine/bedrock-data 1.4.0+bedrock-1.17.40@f29b7be8fa3046d2ee4c6421485b97b3f5b07774
- pocketmine/bedrock-protocol 5.0.0+bedrock-1.17.40@67c0c15b4044cab2190501933912c3d02c5f63ab
- pocketmine/binaryutils 0.2.2@f883e1cf9099ed6a757a10a2f75b3333eeb2cdf9
- pocketmine/callback-validator 1.0.3@64787469766bcaa7e5885242e85c23c25e8c55a2
- pocketmine/classloader 0.2.0@49ea303993efdfb39cd302e2156d50aa78209e78
- pocketmine/color 0.2.0@09be6ea6d76f2e33d6813c39d29c22c46c17e1d2
- pocketmine/errorhandler 0.3.0@ec742b209e8056bbe855069c4eff94c9734ea19b
- pocketmine/log 0.4.0@e6c912c0f9055c81d23108ec2d179b96f404c043
- pocketmine/log-pthreads 0.4.0@61f709e8cf36bcc24e4efe02acded680a1ce23cd
- pocketmine/math 0.4.0@6d64e2555bd2e95ed024574f75d1cefc135c89fc
- pocketmine/nbt 0.3.0@98c4a04b55a915e18f83d3b0c9beb24a71abcd31
- pocketmine/pocketmine-mp dev-master@2405e45b357caf7e0284ffd7d91c302260d10722
- pocketmine/raklib 0.14.2@e3a861187470e1facc6625040128f447ebbcbaec
- pocketmine/raklib-ipc 0.1.1@922a6444b0c6c7daaa5aa5a832107e1ec4738aed
- pocketmine/snooze 0.3.1@0ac8fc2a781c419a1f64ebca4d5835028f59e29b
- ramsey/collection 1.2.2@cccc74ee5e328031b15640b51056ee8d3bb66c0a
- ramsey/uuid 4.2.3@fc9bb7fb5388691fd7373cd44dcb4d63bbcf24df
- rhumsaa/uuid unknown@unknown
- symfony/polyfill-ctype v1.23.0@46cd95797e9df938fdd2b03693b5fca5e64b01ce
- symfony/polyfill-php80 v1.23.1@1100343ed1a92e3a38f9ae122fc0eb21602547be
- symfony/polyfill-php81 v1.23.0@e66119f3de95efc359483f810c4c3e6436279436
- webmozart/assert 1.10.0@6964c76c7804814a842473e0c8fd15bab0f18e25
- webmozart/path-util 2.3.0@d939f7edc24c9a1bb9c0dee5cb05d8e859490725

Loaded plugins:
ChatManager 0.0.1 by  for API(s) 4.0.0-BETA5
CommandDisabler 1.0.0 by  for API(s) 4.0.0
DevTools 1.15.0+dev by PocketMine Team for API(s) 4.0.0
HideCommands 1.0.10 by Himbeer for API(s) 4.0.0
MultiWorld 1.7.0-beta2 by CzechPMDevs, VixikCZ, fuyutsuki, kaliiks for API(s) 4.0.0
NotificationSystem 0.0.1 by  for API(s) 4.0.0-BETA5
SimpleNPC 3.0.0-snapshot by brokiem for API(s) 4.0.0
Sound 0.0.1 by  for API(s) 4.0.0-BETA5
TNTManagement 0.0.1 by  for API(s) 4.0.0-BETA5

----------------------REPORT THE DATA BELOW THIS LINE-----------------------

===BEGIN CRASH DUMP===
eNrNWwlv3EaW/isFOUBijLrFu5s98IwdSdkYa1laSx4HMx0YxWKxmyMeHR6S2oP89/3eq2I3W1IC
726AWSewxMeqV+++WP7XUVY3pew+3+mmzevqaBEcH3V5qY8WbuRHju/G0WwaRF4chcdH/ca8cqbz
KAqDOI7mMzcO5h426aapm6PFv4667QZLjs4/n15eXL19d/75/MOHyw9Hx0elblu5ondnWhWykR0O
FHUmNvVqlXfL5V3eALJcpnr47W/887SQbfuulqluFosCPxnw3TeVLPXLhfhrUteFKPu2E4kWqi43
wJwUWtzn3Vp8L1v9GwjarsmrlRjwEBqQmeUF0bgp+lVetSdn54aIk7ZRJ4bSE0PeyUDnyRMygabI
K6CZR78eW1Sf8+quLu50qasO+NO80arDQlWnmuQ2mwG67Mx/v+LFbA4A/YxHL77p1nk7+YuVZfuP
n8UrsTwaiBSp7oBVp0JWQnadLjed6GpBPAtF9Ilv+MexgNLVmtiX4raq77G86vKVrkTSdyKtdSuq
uhP6IW+7qbgqNMRIEC26tQROUCEanelGV0qLMl+tWfrtGuynIq+EEQ2w5UXKx1QpztyKTObFQNJ0
uayWR38Gj3NnxyOxPnftIz94Rg5z3wIb3fVNJaq+KHhvwHBeGtqlEYM2fVLkSmR9pdjWHtuOsMbz
L9oyiL9rtvw831Fkz9tIMNs9tUCmYdDRr4rk+t1yef6g9IZP/Ua/JISx8xjhwEA85jb2dtzEvuEm
Dp7lZqW767pvlIbuZfHGqG9n1ESlNnQynwbOhISHchxMSm42dgPsarz/Z/HXv+6JjSx9MOyukQq2
+4+fj49wtAYVZMgkFKy5qtWt7i7gBpOLK2xMYEH7MHMUTJ2pM/n+/OaN69JbshNEluOjvP0Mxzpa
dE2v4TtN3dUKjrkIZi6Oycl3vMAJdRAmfjhTMptpx5sHWZbO0thVvuN5kZO6zszzJnCybgvsvaXp
U16l9X0r3t+Iq1PhggJjoMLzHMcR3w3vXeeleHNxFgXYu1lvsHMOcl0Pj190lVry+RmvP9ct4X77
/v0NAPxwn1fs2uWmbnXzuciTRja5bkk+Ml2Do0af/LOtqwnW2IjgTt2p9zpTXjaL4lmcOTIIZJiF
ifKkl0SOkzqzyMu0o2dzPSOZNbm6PYEjr7HbmcZT/7WS4Sx15xkkkkEms9ks8dxorlI3dt3ESbX2
/MCXGrtTCWXAK+vyRMmiSKS6ndzJIk9lR4EcMuO48Nr+pMi4amoYxwlYlm1FRnvnTf2p89pzvDh2
fF/5YRb4jqOTKIz0TM/1fK6y0EvdNIrigE6tNMyu1bJRa+afrY6Ou2ODeD1PEuV4rpzrNPF0IGda
etlcpkEmY63iVGkvU8k8JcmzgZUwsJNEpw2eJqBdsiSB7E8DEHJFCnNeZ16czBI9z6TvBFHqaR2o
KPDcYB4m8SzxIWkHAgueR703xKOQKH2CPpopR7lhEjhBoCTEHjuh48a+H7ue8lPHU2EW+TJ5hD6v
ZLPtu7xoWYkemcB87mtXZbETxzqN5CycSdeBHGYwefzROvFUmsWHmJ5VogtS/ddRMJvPAhhVFCVK
QqbhfB56gafnofJ85YV6rsJQeo8Qku8XJp8Z0pzXQawhPT+OfZ2lWeLHKoXDac8NozR0gHruOTHs
8xGmuqj3OJw40ZGWUTqLMk/7fhrNXZhOnHqx8jwVRMqdaTd9RA3XF2vYa2HJIcPTahZ4CR05d8Io
gXLD0IliFegsiwMVz/xASzd+JPOiXjGGgDBEivTjQNhhqOY41neduVaw2VmcxFEGdSon8J9gmGy6
daNl2u5QRW42I0pU5kPMygs0yEBskgqBNJo70oXx+uqR6e7cl1GkUaC9MAwTmGccalhNEM7gx2GK
zZlyfdAYZ+oQRZV0O4nEcxVIJ0igztgNNULB3E/9xFEQeuLBn1yZQGfuIYb9r5OSoh0C8KSUbaeb
118baw8RNvIWMY+pcgOYtPblPHJdWOHM0W4mlYoiL3QCx0WgCoKZhtsnUqvnsEzyjTKYpu7r2PNk
FAQBOIrULJVShvT/3PdAhXa1Cmb+XOpHQm6ruv6irZDc145Uc8RZWKurAjeWbgaxwzOCNJz7IcXO
MNYem00jy1ZvyYILzWmXnYq8VOHPLNA61L43R6GcwAcCJwldWKLWcwg9iSLlyD2Svs9N6kDURJyP
k2SWJaE/n0exC4n6MxhHEKQqCdIIu1XmBWlG29d92Uo57H8amNttmdXVFmostihfi4myRfgdSCWr
gE+lcTiLZzpG3PDnWZp6ieNHsZ+EGXKGjiBQWNhzuBDtuTozuNzXrus4yCE6dWUM95XAFkvteojL
CPzINo4XBoizv4XLHdGlIxhFnPkpGXuG9IFmws/mrqMC5YMoP/JmMf4GrnudlPUX2XQnVKA0NmFS
yojiKFAzWMPcCeZuIOeBByPQDnScIh7LxMncObzqAAl6hPWEwi6VE+w5aezHsO8UjqtgEkkSK8qX
oUqcMEUmA20xDD08+nVX0nM6P0U9fCErVOPNqPoZQ4+P9mWPQ3UDILLv1nXTmuJJbnL8MiqJwiNA
dSXRxUDjmSxalEKp3qD2sFvaOuvOxoBS5oT/PULkm78vl6Pzl8sLyeUIxXIqzC6vbz5dfnh3ZgTS
5h0RTPXcKWoRRNizvKWTD9h59GbMEuUY5/dY+l8z0/aoDZI6SbZUnoGpQyq+nrEzfXeDOr8dcbQD
HbLiIrn/ierPMT+jWlbcaFke/R6Dpm79Kv4GGpbLETWWmeubNx9uPl4dsLLuuk27ODlBFbzukylK
x5M9ZSc7HGD4xzzVVlpjpg/Aj3XoHioRi8tEQ9d/lDYtvuVyTMXX6XBttk7BBJi76Isu/1Q31DDs
WBsBDxmbwacS3XF1M+Lu9ItW66sLCI0k8bf8Ib89/TsVuT2qsba/zfH7LSqp/Lb9wySg6MxNCfMC
3yURfE8EQwZj4n9fEk9NYMTJyQgRBPW+7vIsVzxoud4inZcjgT3z8t8RqJ6S8fVufZ2Xm0K/vzod
sbWHjbnxmeK2kpt2XXeHlpA09W2uyz9MyxbfctlWG7Vcjgn6n6rWojrZ4yCu674aW755/nfojk/+
enXdvL8xKck0vDsGDuH/DkYOKPhahqgMkCjtNMrkR1licnE13awlx04UK2Boiv4RyazjGcDRi6vd
kzitqyxfCRo7Lptl9eJaduJSdcKNhDtbOMHCmYlPb78XaLJdWlDIatWD1Fe6WtFzWXfpq2XvOHKW
Lfss8yL+W/HfDPED/jui1YaayaZuuldu7PoeAe/X4GlS5C1gjFI+TDaF3IKvV65DkBXYLOtUm/dZ
3Sg92cHqLCMo+E1prjE8b+42r+qKfkvzDC6O0LR9xeeZYRE61Emruy6vVu0r5kzf6WJCRvHqh3eX
N3/bw1qt09ESqm5fnZ3/8ObjuxuCGt1Pful1sx1Oh8nUk1beaUvDXa7vJylYlJXSrwzfD0n9MCHb
smsOmobptqTi8IUgaxCKtdTboTUpS0AK4kDlUJ64WetWi4EtIRsamGpRV9A0T06VrGiwmmiRV6ro
7bT0iZEQruu61DQf757ibGWmj0WNN01LKEWCXvRWbOu+sbhEngloB7GVT4BiaN5cbAnxe32/Q3eS
6kxCNa24r6tvO0HzGNkIEh9a05ymCluikCe+zPf9Wlei36waSYPd6bIiqzLIFstKiBef1poIoylv
C5cTQCHM+BEyaGTVFpJG1PyaSS1qHANW8ZvuWF40WldamH6fICVhNnY3OMBCsKvTi3bddyl6oYmd
iy/E8uiCfEK7W6HWy97VeiYAcF2Xwf7oIfPhSEdM+ZuiqO8FOQLNUG2RL+5yKf6LbIvWsJFN7KsR
CS/O2QjtJh53kzMIqBRSI3TJVlhZ03prs7vXY1Sf0CvBZCB4maai0a3RD8kdGrkVpZZt33CwEtBK
oolqSE//0kserq/yO6y9k0WvxXf2UASQl4TdnKgnjaYgMIFeVmgSFnjNZ7/vUWo1ZHZv2m2lbmR7
C8tobmFoU17wsYXuyPYHTmnZuqmruod6sbw9FlzWCOvmcJhj/iwDRiius2wQSAlW9pXN/Qb5tbbf
FmCGTf2QwwQ1xACW2LSrHXEkW0vQ24yMmdaQ0R6LvPsW4usa3mY+iLBNPdosvgMPPRzLY7EwGxPL
6YJRPTZmydbR9FVF6kwpFNUbVgIPkdupQA1mf7efRFQj2/Xx2Dut5ZBEmqbfdAZqBMbfSECb5YuV
C6/lCXFqPEbe1XkKsp+ngGyEbK6GoGFd05Gh0UjHLFoIalHIbSl+N1vjtP9R1AmMhzKlMHD4QZl3
5PulXslk20Hg4tpI2mHZmj6Mt9+Q0u5zFjwbFJz6fmIQDTbWMoNZDgoRsUB8xbiyRuvhSGPjUFZP
bixW9B2qphBBRkEHrZjMCZO2EA5xgdM5RJt53P97Dqj0+D36KY3+3+hvu3rDJNjwuiPJomsFoseG
xijpjiA6daDKdbzAEsYx4BM7haWv/fYPoJDdgkmigCFU39CnNTi6ftCq5+BbG5KNQ1Iy263WDwrl
QLvnyMSty5vzhbj58e21ePf24u2NeHN19e7t+bW4Ov8gUL795/mHY4FF4uYSq87Fpx8v352Lqw+X
p+fX19PHEeBAHl4YWXFc6SavOWFTHG6JQbXWHJFZGrtY60L2KBlSDi28ZIJIqE2UZVQo+8An4jOs
ifj9LWMzRoYKjRIkfcK8t4cxZoMEkXcfxwfnxhmXlEKoDuAN06eryRZs4Qy1bbSicsFIlsg1ejV7
dzzAvPSm3bPqO5bX9uXzJFnOfcv5SjYJPGOyH6lyAHpeuuxqRI7dJewuhO5SVj0XJ2NKULj1sMGX
x0NKeGyEgxma7JplwGX4LfcuOBWXJuQbg0d1UfdFuqMlRw65r8Se/tYg3jD5YDSiYVVlT/uBg8WT
HMmmYzDseMuauhxyrdltV0zGpjnWMHFjNfnENsQzJnVgHddDQUkqa3ASmaE15LQvN6b6MiWesC8m
9GLQ1xktshuYdiZz4ABPyPJwdvmMgJGzkfdwwh2MrG173ZrbGq1eDdUoBS06bU/V8aBIUyLYonNq
qKGlvyknamjUuq9u24H2U7khaF72JVIssmsjhuaAFClM+2Oo2MuV/MWKkj3mqY2hGN9YivjACVXJ
PXJusNPYWW1ePbZpvg1TDfjN4sGFDC67cMwZFw4TJeGfO95oPsqlCqpHkh6oM/WFwbKR1LMIs8dw
uOcO26w8DT/DybR4ONcIsKA2weL9fVS/Z4fLqtIdKWxhUwQqs3VdmAozGe6oGJJRNMGEbJLh2GY6
I/vWpBZ7BYhqTZPeXoy1NLyisNpsO0J+LCbuSIGsPD540g3E2BTAUXtfxnIvShVkajinXofrfNoM
oCVrKn5EKQhbesW1nTi9+niMvaAhgX/d5ynMnmsFEz13+CeMfyGioereF+QtS2e0direpAhUa1lk
J2g1TZeQatiwPQqHmktAoHvkiPu0N0J20NQ8UFSjClMWU0FEfLyqroZae98gUitBRN0jbdLGflNt
Jvb5UXNzYb2uzb/onT75GphVY0sJz5ZMqNqNeYxSaxB7ZtPLqbiyewrZrHiDtJ2qtQU+MWvkiliA
TiC2dlNwxULtZwniydllQ3o6LXKsMv10g15Kt524uPnIlLZgidim21HUv7Mq98eZ3mI6xJqy6ye0
a8HUjttDXalmuxluvtHgALUQCtaBTfTHNCuZCs5Sa0lFgMhLyKYj3UEbfGEPYeqYaYHS7pjoNUkC
UZcDMVK05HDeGpWaUgJrO2ujxIk28wMb6mwzdXbJRdLZ2+s336M+4nqqr9iGKGD3FCkpTKamSMjJ
GO3FtnTcbuz53Pt6qpN+tRh6tr8Il3o1W7KuEa74vRiutpmhA3lz1dYmeVuPcAmZodpgO13XdcuD
iaFV00MzzlGcroWIVt4N2YLGQnbAxVdG9oGNCOMPOKZoszObf9Z5ZQYCLKlvxU9J/UCe34i3Z+K7
nz6+PXtpLtSBBqy/h9pIMTnSPZyDWrgmtfIx5Qe8od7rroK3//T9uwG/be9GkG/5MJqMceHA6rWl
CPNWDxMkm0ZHg60s42PxLs+2k4c+T/cKGYZr4+HNDU9fjKuZu6FGBrzW+lXf2imQQhDpTJi1eyZm
z8KsTxM6xqQQGx7tKZQDZbXa9SgVbSsep+LjYdXB9O7ZgZkR7puy7il6ZCbX2WACkQ2ipdxO0ZEn
IVA//c7JGZs/cKoebWbGK206b7rdyJ22zsj32428Z6MgGzXY2bQIfJj0Dft00I59xEAhH5MKXhRn
LaGRT5+j0nmeTNnQHF7IwdxB7LCZfu6o8R8NeJKiVuy+bZ6anMEXNaFTGFzbJ2MprCiJYoVOTerk
h11q40mTNQ6plC40dwrGvPnUIr/FEdQncyQqJFhfNfV9tzZxDEdIsTbYRkEO3t92JiUzsROSxkDa
ZC8aw9rbs3bEF4Vp0rzBJsxdtx2bduI0lDm850BJwDcRnngBMtEq7xW5n2rtdDl9qkwbvO5lzt0s
kglaPWNFm3rTF4Pb2AfK97zGpg3fowO5DSIu+STKuBS5UBLYBoNn3GaOt7ClDo0dubk2YFMpWMsC
IfsIne6DHnnmhK4hPwLtAsMheLNGTZ7Vo5yOeDAxX692K9fQ28KQMt2U5Waa10wxQt22pOYQrtzR
nFW1e9IpTdn3Yv+eWeAwJ1erRq/sRNGOH82YhW6i3j7mj+lDrLk8u1xAHhObFEx9QOHrXpsORMLJ
7/nElgnfM8Cw6eijAPL0TvL9BlRZ5TwRKhRq3ltjQiVElz05l43yzSnN7vV4lHeM5LBZS7iFpsje
EA1DXbrhK9foPSYUFytKhubtkLtM5pAHo0H7OW2UbHvU4KhtOLYOIcwiZC2b98MZT7Rq+BqrtcvL
fQax2ZiQ0nqyekoYpEUK43QgzzztpmG+Pd0fYN+MTxgk9/v53iYTo0njAaNZksUB9J2V5zA1Wlug
CXHNrpOw0YFm8GjWUi6D8myHiO419o35IsO35e0oxURe4LPRaci3qMlka/s0lNaSPuraJyqAQKPV
1WJQmnkHG6WZ3kL8gysXFK3HPOT7mZByC7ZP3uMvRcwGVdINB3gaowxf3ng+8lwe5fjM7WPLHQO3
33SrALTaImBMvjmXaTC/CvpWR7nK5NT9iQvxw7s3NwZIrYamydqf7S3a4zB+AEeVPvYf6NL2MQfd
P9tKz3xrGQ8tjBNTooNo7UxR9tbqCihLbemTU6+6vhni7tCpNbuPNBxUgAfpSPFXsnaQ02T4wgMT
MGX9ix84mvBRvP4ACdfFFvJ5BJlwfTkq/GpT+/O/q2htk6tuqU1qd/90JUeDsjWFHK8jfkEKWjCT
KYyrGC4ZP91zH6zs6PhIP6DM57Kf76ehWhlfYE+UvXK6g9DHtyqVzQGsLj+ndYdwdwC19wr3gL4p
xs8UGMbPWV50+gDxqjy4To8O54CWHL51NwbQJfHxc5mYT4kHMPi5vS/gTgnAHQpkOl60UYdy+KCz
/ZXOHbTlUN8eglA+lWPI9dW7g+O37S8F/6sA+5vYverqW10hox+IYCtLc+3Q48sNX/KNuXoWT+nu
+RdzcXa3Go8P5aGQa6LGcxzfdT26BX51dnnAaVp/ZkoeAwHKD/UDr6/a9mChuWvy08UBi48owCON
Dw7ZAvC+yR+pe3RLOrD3BK/Wj0yNKia+Ae8NN3TJEFbmajxf3vGmdAXUthTDXWfaSj1mbQFWWGhE
CmOFZA2O/RddVLEcmGH6RIP5gdJZVP4YhDau56C86o1pDfj/TlXX5RVPwfYbfv31vwFCE365
===END CRASH DUMP===
