PocketMine-MP Crash Dump Thu Feb 10 20:04:30 WIB 2022

Error: Call to undefined method pocketmine\event\server\DataPacketReceiveEvent::getPlayer()
File: plugins/RPSolution/src/emretr1/rpsolution/Main
Line: 41
Type: Error

THIS CRASH WAS CAUSED BY A PLUGIN
BAD PLUGIN: RPSolution

Code:
[32] 	public function getRpChunkSize() : int{
[33] 		return (int) $this->getConfig()->get("rp-chunk-size", 524288);
[34] 	}
[35] 
[36] 	public function getRpChunkSendInterval() : int{
[37] 		return (int) $this->getConfig()->get("rp-chunk-send-interval", 30);
[38] 	}
[39] 	
[40] 	public function onPacketReceive(DataPacketReceiveEvent $event){
[41] 		$player = $event->getPlayer();
[42] 		$packet = $event->getPacket();
[43] 		if($packet instanceof ResourcePackClientResponsePacket){
[44] 			if($packet->status === ResourcePackClientResponsePacket::STATUS_SEND_PACKS){
[45] 				$event->setCancelled(true);
[46] 
[47] 				$manager = $this->getServer()->getResourcePackManager();
[48] 
[49] 				self::$packSendQueue[$player->getName()] = $entry = new PackSendEntry($player);
[50] 				$entry->setSendInterval($this->getRpChunkSendInterval());
[51] 

Backtrace:
#0 pmsrc/src/event/RegisteredListener(75): emretr1\rpsolution\Main->onPacketReceive(object pocketmine\event\server\DataPacketReceiveEvent#29641)
#1 pmsrc/src/event/Event(62): pocketmine\event\RegisteredListener->callEvent(object pocketmine\event\server\DataPacketReceiveEvent#29641)
#2 pmsrc/src/network/mcpe/NetworkSession(394): pocketmine\event\Event->call()
#3 pmsrc/src/network/mcpe/NetworkSession(358): pocketmine\network\mcpe\NetworkSession->handleDataPacket(object pocketmine\network\mcpe\protocol\LoginPacket#29636, string[55424] ............{"chain":["eyJhbGciOiJFUzM4NCIsIng1dSI6Ik1IWXdFQVlIS29aSXpqMENBUVlGS)
#4 pmsrc/src/network/mcpe/raklib/RakLibInterface(192): pocketmine\network\mcpe\NetworkSession->handleEncoded(string[10124] .}.r.J...U>%..~...?.....I ...7.&.:%!..4..`.J.*...H.#...5.cz....1f...}.NMqd4h....)
#5 pmsrc/vendor/pocketmine/raklib-ipc/src/RakLibToUserThreadMessageReceiver(42): pocketmine\network\mcpe\raklib\RakLibInterface->onPacketReceive(integer 0, string[10125] ..}.r.J...U>%..~...?.....I ...7.&.:%!..4..`.J.*...H.#...5.cz....1f...}.NMqd4h...)
#6 pmsrc/src/network/mcpe/raklib/RakLibInterface(122): raklib\server\ipc\RakLibToUserThreadMessageReceiver->handle(object pocketmine\network\mcpe\raklib\RakLibInterface#28130)
#7 pmsrc/vendor/pocketmine/snooze/src/SleeperHandler(123): pocketmine\network\mcpe\raklib\RakLibInterface->pocketmine\network\mcpe\raklib\{closure}()
#8 pmsrc/vendor/pocketmine/snooze/src/SleeperHandler(82): pocketmine\snooze\SleeperHandler->processNotifications()
#9 pmsrc/src/Server(1660): pocketmine\snooze\SleeperHandler->sleepUntil(double 1644498270.2424)
#10 pmsrc/src/Server(1046): pocketmine\Server->tickProcessor()
#11 pmsrc/src/PocketMine(304): pocketmine\Server->__construct(object BaseClassLoader#2, object pocketmine\utils\MainLogger#3, string[9] D:\FLOTV\, string[17] D:\FLOTV\plugins\)
#12 pmsrc/src/PocketMine(327): pocketmine\server()
#13 pmsrc(11): require(string[53] phar://D:/FLOTV/PocketMine-MP.phar/src/PocketMine.php)

PocketMine-MP version: 4.2.0 [Protocol 486]
Git commit: 44818e6d1456dcf1f0fd3cd27da1dfecbe03c08b
uname -a: Windows NT PC 10.0 build 22000 (Windows 10) AMD64
PHP Version: 8.0.15
Zend version: 4.0.15
OS: WINNT, win
Composer libraries: 
- adhocore/json-comment 1.1.2@fc2f76979f0a44a5f5bc2a2b600d0762fe0e78e7
- brick/math 0.9.3@ca57d18f028f84f777b2168cd1911b0dee2343ae
- daverandom/callback-validator unknown@unknown
- fgrosse/phpasn1 v2.4.0@eef488991d53e58e60c9554b09b1201ca5ba9296
- netresearch/jsonmapper v4.0.0@8bbc021a8edb2e4a7ea2f8ad4fa9ec9dce2fcb8d
- pocketmine/bedrock-data 1.6.0+bedrock-1.18.10@e98c511584a7bd58a95986374d2df4b04c6a2ba0
- pocketmine/bedrock-protocol 8.0.0+bedrock-1.18.10@017e57c8f8a74118bcbba7332e7ebac9e6c81693
- pocketmine/binaryutils 0.2.4@5ac7eea91afbad8dc498f5ce34ce6297d5e6ea9a
- pocketmine/callback-validator 1.0.3@64787469766bcaa7e5885242e85c23c25e8c55a2
- pocketmine/classloader 0.2.0@49ea303993efdfb39cd302e2156d50aa78209e78
- pocketmine/color 0.2.0@09be6ea6d76f2e33d6813c39d29c22c46c17e1d2
- pocketmine/errorhandler 0.6.0@dae214a04348b911e8219ebf125ff1c5589cc878
- pocketmine/locale-data 2.4.3@4d0b081f1a79407e087968ea76aaf330db6ea2b5
- pocketmine/log 0.4.0@e6c912c0f9055c81d23108ec2d179b96f404c043
- pocketmine/log-pthreads 0.4.0@61f709e8cf36bcc24e4efe02acded680a1ce23cd
- pocketmine/math 0.4.2@aacc3759a508a69dfa5bc4dfa770ab733c5c94bf
- pocketmine/nbt 0.3.2@3e0d9ef6b6c5fb45e3745a121296e75631b3eefe
- pocketmine/pocketmine-mp 4.2.0@44818e6d1456dcf1f0fd3cd27da1dfecbe03c08b
- pocketmine/raklib 0.14.3@4798576fec0364266dce23b368a7fec5e5de7927
- pocketmine/raklib-ipc 0.1.1@922a6444b0c6c7daaa5aa5a832107e1ec4738aed
- pocketmine/snooze 0.3.1@0ac8fc2a781c419a1f64ebca4d5835028f59e29b
- ramsey/collection 1.2.2@cccc74ee5e328031b15640b51056ee8d3bb66c0a
- ramsey/uuid 4.2.3@fc9bb7fb5388691fd7373cd44dcb4d63bbcf24df
- rhumsaa/uuid unknown@unknown
- symfony/polyfill-ctype v1.24.0@30885182c981ab175d4d034db0f6f469898070ab
- symfony/polyfill-php80 v1.24.0@57b712b08eddb97c762a8caa32c84e037892d2e9
- symfony/polyfill-php81 v1.24.0@5de4ba2d41b15f9bd0e19b2ab9674135813ec98f
- webmozart/assert 1.10.0@6964c76c7804814a842473e0c8fd15bab0f18e25
- webmozart/path-util 2.3.0@d939f7edc24c9a1bb9c0dee5cb05d8e859490725

Loaded plugins:
Biome 1.0.0 by  for API(s) 4.0.0
ChatThin 1.3.0 by Blugin-team, PresentKim for API(s) 4.0.0
DEVirion 1.2.8 by poggit, SOFe for API(s) 4.0.0
DevTools 1.15.0 by PocketMine Team for API(s) 4.0.0
EasyCommandAutofill 2.0.0 by jasonwynn10 for API(s) 4.0.0
FormAPI 2.1.0 by jojoe77777 for API(s) 4.0.0
MultiWorld 1.7.0-beta4 by CzechPMDevs, VixikCZ, fuyutsuki, kaliiks for API(s) 4.0.0
PacketLimitFix 1 by  for API(s) 4.0.0
Particles 0.0.1 by  for API(s) 4.1.0-BETA2
PlayerSelectors 2.0.0 by Ad5001 for API(s) 4.0.0
PureChat 2.0.0 by Vecnavium, 64FF00 for API(s) 4.0.0
PurePerms 1.4.5 by Vecnavium , 64FF00 & ProjectInfinity for API(s) 4.0.0
RPSolution 1 by EmreTr1 for API(s) 4.0.0
Slapper 2.0.0 by Vecnavium, jojoe77777 for API(s) 4.0.0
Sound 0.0.1 by  for API(s) 4.0.0-BETA5
TNTManagement 0.0.1 by  for API(s) 4.0.0-BETA5
Tags 0.0.1 by NhanAZ for API(s) 4.0.0
Track 0.0.8 by NhanAZ, Nexus9265, Mcbeany, EndermanbugZJFC for API(s) 4.0.0

----------------------REPORT THE DATA BELOW THIS LINE-----------------------

===BEGIN CRASH DUMP===
eNrtPIly20aWv9JDzUzkXZLCfXBKWck6EmUsiWPJcSphyttoNEhEuIxDEp3Kfvu+190AAUqK7URb
U1tlVyIBfbx+99Hd0K+jKC9TWr+75WUV59loZo1HdZzy0Ux3LMvyPcPVpp7rO5Y5HjWF7LKtqavp
nqf5pu7ZlmGPRwmt6pOyzMvR7NdRvS5g1Ei+j0cpryq6xJYjmiSkzkmThTyKMx6SlNerPCRFzm54
nULTYsFveVYvFhUvAanF4pjWdE6x+zVnPL7lJ9g/my15PU/ompe7L2CNqEmS0zjBRY5ni8Xpq8vr
7xeLImmWcVYtFq/nV3nS1EAhAC4ZLJKWvC71xaIsqq7nnMbZtFgVCE/CUgD2NvP3YPqemr23mbyH
c2FeAiQAE3XgYkkZPP402tFIkeIsMROR33vNl3FV85KHr/B3BkS49osZeRKrydd5NmDCbh78wln9
+YzbMUCWOrJsR3+Alxix6xiAyiOAH2I9+ZqBROWsZ0DI6CGU8fouL2/2UlbwvQv5cgWKBCzZNX3r
cQwFQImU0Iod81Mh2t4WRDV6scDhi8Vw/OTrFc3ChG8oeoz8LRBFmdc5y5PF4lUOSiXnIfWmMyZV
XcbZ8icbrMn6mUx7/35djNgKVGABurQY8fV3q+AbFl/G352++XBuXRydVWfZUg+vzpyzG/3s7Q/h
6b++T86uDJ9e/VC8Pz+5ePnm++SbK8EO6yl2lPQmiYO91/TmVRycZSDkCLR3V/eNP8KWk4zlIQ93
FVG6pguifpuW0++Aojdf/206/R94+C9B4BmS607/Pp397S/TqTWd/jeM+g9o+3a6Az/tKfuAw/QI
fvw2vTh/H1orbBAU2YoiEHyYl3sbVBVJk7iQ5ErSrvM3oI3Xq5LT8Fy6JaWL5a71EVolQDCDIZMe
mmYMXUteEq0TK3LARrE+LwsEB5zPlamBdLbEtLYJbGop+x0etQL+BG1/gls7hqebmkDcfVJ0VZbn
H7ig6CrhvODlt2LZEpA3/6CQPmHOryzJq6bkv0nf4f0B/LxtHZJDF4vhOECnzBnw9iKv4yhmFD19
JZf1e/K8EtLZ1R1H+0S4Fb6/yeo42Q3zJkg46cVxA5yL9PzaI4tolrO1iOyZfF3H7GYuEc5luN3R
+8FjLuacw5xdU7OeAPLuHQMa67JhnbN8SSt+BJlD9SqnIS93jDF5RLEgDCaVDIPgOMGwdszOsPyf
SS/cb+zNHbR3aYBE3XgCdcPdZrLkjJylQsmurqP58PdNXPLWw9nmz6RY0XK2t3c82xOr9iBPzudT
7N1aEDONF6OffxuP+L8zcfqTiQ6gL+e+i7PbPLnlKSwCAENgD6tHbS+0bEBDKwYIpNg0oGdRF6Cq
MSNRkzEcQADH18XRqsluruIPfPcFmRHwqr/CRNMUExY1INaUGUFv+4L8tV7F1eRrmHaUZ1G83H0h
XnYXo7KYMIQzqQDQYjQmNliB5734B8KyBKzf8NGGR/ztfAwf8AbCrdzSZICX+0fxAoCTWEFEBME9
CuS8DXK+eIQnS3sUve0I9LjoyV+FhrxAdC1dofvXQugC2Ve9Ar9WPxAPy+hGCohbI2X2I0e2oomj
3XYw6FRNM8bziLzmVd6UjOOUoyQGCNBSgE/gEojEy1Iw+lDArdW0biqyv7//UTCz2dX14fWbq3dX
JxfH7+aHR/+8kpDtDjLQoiioQDCIXpJAugK+iUtCHKkMltufktKMLiWnOqkq3yml2sfsXA5WjPEU
PL8Hr+JJNJsJClGn/tXwhv+kpCHAXdAUNP9nwe+sLtfwkPE7MlcTTrBtV00Qy9jagELsFxQOVHaD
+6MKLQGhcox++1LDfKlhvtQwX2qYLzXMlxrmSw3zpYZ5uoZps/wKU/qXcZ6K3D6j+Fu9j0fdFvNI
n2pTDVpoAzVMCZN+Agi0iDHTsEQfvPOMgujD0QzTsvEoBBXJQjW2yqP6uN+QUlFiiKUkm7FEAYlA
4/zy6vrt5etXx9B0x4MqrrlKb45WtL5e4cwO2a5piK+5he/opaB3UnOaQse85JDG1/+M09EzURII
+IsFhM0aMjZ46mH2UcKOT76PS4F7R1jXNCTMmHpDwgpQzxhLjavLU/5c1Eigi8WtQGGxCHn71ENL
UQXZ++vrN/OHNPHb6zxPqj5NbdOQJt3eltZGYck1SuyZyGrXBzI2mPwOGau6LiqwL+DFqgmmLE97
prTXwQBiT2i1PspTKDnCw6bOoUhPenQ/1ttngfHAvka/0CrP7tZZpmvPRX0PJGStD1H6dDs8zcv0
cH7Wo7BtGVKlP6Aq/yXnLv57NqI6iOB5JRLdw6eQct4kdfw2L5OwR02vcaip7lSbBLym1pCsow+c
rebnoBCoUN/H9/HN0Y/ikGvd1FVzE8PzDU3i+KZ6LroZLlmkYJigzSnie4f4ggz7uP8u+Y9od4+Q
vR4g4JPMNl/FaVyfxvc9Xm11DPj1fxEyeA3pYMwYpI7DpT9dfee0hOwi4dWAjLatTwHgOX2aClDv
ycuT60Pjj9JyAaQc/oiEqMU/gwaxjXDFE8hcBGYbSrZ6PuJoDkNb0/TnUksJDSgaIvEZdEEujJGz
T1Db9BFKvucso7dxgwHesU5Ptc/znGKdOS9TYaNDAkenVGzcVZCRAvQfIBzmTTU/mbTtow0L3sm1
gQcK783TpzJAYjHkgGwbuiNraj/BAjImEg3ydwI4Y357lkVxFtfr5xL1gE6BXe/xUyjt7S9vSB1s
Oj/lSkYnacmvy2fT2ie3wD6FjKuEFlAN9WhoWz5DX58/MFYSic+gI2+yfhCU75/uDTXlDe0/6w3F
wp+O9/XFtdy8lQcZHf7D9n8DHQMEPoMeuuzbvnj9fezVis+lOR3+sPKnof1IJqFQQnpKCNN9gsT7
NkXeoxSNRxf8vql8w0FHd84CTrM1PJ1kULpD7ho0yx+/Oz16dsoRxT9NOp600RKIrvl2VdNW5wLR
+5pnlQgiwKSjvESwHgoZaQ5YSutVv4XRBBCHuf22PH0X5nXG60GrOp7cNDRl0n8PaT3ohyqg5gPA
y7Tov65oNcAlZnl222/4pRIS7d7TQO5WDNryslZyh3oWGvDECQgK+4MKNuTDax5hLhEPwVeCo9Ww
KUSX2mu5mr8aLL+u3ifo6don0nXV+Q3P4g9DFtzfK6oRXTS8NU0T4dENgf2HuJBVrC+i8YckDvrT
4fU+HXI9R/QMTTN13fBxN+L4ckB6mL8TqG03QlM8FFgOOlxVg4FXcVok/IfzAc1bGMArbrRu0Zkm
d2W8Jf+iFluyyGFLRbD5akv38FBK7JcZgkmmYFK8DOKMlmtoMoFRLnKC3/IkDNQgBMXKdVHnqsGQ
zApB0FItNVU/bnbH3m3W6vXjiXicRflAb8MHIo8HWiJYafabSg7mgXa4bKQutvB/BHMjl3NG2arH
fLTuVaHWxRXxbIr2q/6BuaMp04pv7m0CPw0BPmhiLD4NzTaBbdU7KOlGs4gmFXit9vhmNLM8B9aI
0b4ty9M97oS6ZTshi/RIi0KThYYbUj2MODhJzWSaFwDsRqHyNs7C/K4iF9dkfkR0ECQRyxID1FAj
u22/rr0gh+fHDta3eK+yx54PXNiM1WnGqniXoxjenl1cXKMu4stdLC8LpEVe8fIdyLOkZSwrLRqu
gJaS76GTmMAYdfNARzdwEDEjch3f9SONWha1IztgBjUCR9NCzXWMiGvc9TgqUlDG7GZP+UVt6k/N
A0ZtN9S9SDO8yLMiyKMCQ3c8Fuq+rgdayLlhWiblwumBDMDhgKfGM7sAXP3kFopzcIZ4qQN4dpPl
d9mB+o0KtizzquJ7QDKtMjxrvTUg99YOOI8sz/N9PbRNboNMNObbthVofqAbmg5IBdQ3fAdggGvG
PUdaspWgP1VJ4+hW2NWBFwRMM3Tq8TAwuEVdTo3Io6EVUZ8zP2TciFjghQN72At4WMLbBHCngpPO
VPvPthH46k11wNL3mK3rtgdQg9D2qG/7nmO6VmiEESBrMQf4TLXHQW9UUOjCQ/Ca7nLbZcB36lq6
7gUsCKhrmgZ3OTDX5w7zdMc3t8AL77AxZWDogU2Zyzn1dRoFNPRCZvleZDNuWow7hu+GNnegmw4h
PSpE3LE2DxzL9VwLlMpxAkaBp7bn4XUS7tnMMJlhc+CMTY0tgHg6kOTKPyJq2oHlc2pqpu+bPAqj
wPRZaGoGN3QwQVsD0J6h+aCfW5DyJN/AAK1A/J3QdSKDm2boeLrJTD80fGYYzHIYcFIPt7ARd43k
CZgEBSI+CCksbVHNMi0vAA3nnqH7PIh0w44iHWjyfMa8bXSSHHOHVllQhc0DK9QCzdMjnbq+pblc
w7vjHqeuQ2lkmloYAMpGYG9DWgpchBE4zNcNpkW+Ztsg6tAwdc3jzAh11w98J7JAwwDTBxAmveAi
QTl65AIbPRaZIDBmWNziYPcGZSEHbmlUBzMAVzcE1TkC8KgHlDJmurZPbc2jjh9GYIPMgl+uq9EA
1JLZzLeCaAgiC+o2Ch2YXAt9HjmBw+wosGwOlmJT3YBY7XDXdkw9MMHw+RDC5nEiUiZLqs2nu+oH
p8gyAgkZub5ng9JwppmOZTgOegMzMB2wOGi0uR1y1zfcx6DgWXSbuxz4hkHxZC7QmMMAB0pt/M8z
DR1Er3NmuaZH+RZ/5bFfG9sPNAq2Dq7Z9XRm6T7VI8fiYF4WuBbTRgds+9zwkSZIfiu+RjPY5G54
hGEcMPjnWpwDdw0PEqEADMnSAlvXbIdzLzSDwHGYRjdAmiYOFV9NCBZ+ELhRYJue5/h6FLqmC3y1
rJAFVujAbBYZIHWcvmrSitJ2/kPvXq3TKM/WIMFkjdvgkzZtvgVUUStNDbyG7hnM93Qa6K4dgtGY
VhhoESi343u+p6FyPQYLQoan9WDZbuDqBlgcD8PAdxkENuqBazIN5lmgDK7nG6HB/adg6X1YIbcC
aoQWci/yg1Djuh8YFGwOHLFpg3eByOFFsl5J8w+0rPfAtfFSRV2MO47vWIAFcz0NdNWinmWAEnAN
ZBzqEL6ASNBgwx4AKcDiJui7hRsx0SH5ph+5PASbZaASQeAzDLo2CzQ79MDf+pavuQBGVEWdbk3X
IjHdIVhqESau3DWlOJkmmNaRKC/JII9alItsh1yvIJaSitc11BYVoSUn9YqTPOMVPNCaMJpleU0C
TuKMJQ24D3gg8mx1CiENYm8NaYmEdpWnMDdCENtQKxrxMcmhp6wQKAnAY92Qdd6UChqJI5JCzRHF
Yg1IcPAeZbKWoC/4XQdwD1Jb2iR1Re7y7KuaYAZASwJVbw4uLMY4tkYs8cKXpP5uxTPSFMuShgBg
iiDx/xbgDF8I2Xm74ogg3jfFy4kE757Ksgu4AalOhQl1KLsFyjIQEOBtwmvBOTzgY5zIOIMtqYQN
/Gd8klBMipd8RrCYlj3VqqkhZ8wm6tLrjCxG54tGAyVcE7ZaNDrnLqnxN9VTAj26rmN/ZAIp5Ggl
xhpIrnjSshW5B+oTnBG6MbkVzYwEAoQNeMb4xNyMZHLG+i+LkWLBYZLkdySJK2QMUYfb5Dam5F8N
L9dy1Ht8nKjOGRE5tpp/InYL1EQCXCCYqRLQFBAEggzWRIlPzpDbC5NuwBDcW7BX0EaQJw1DAomf
FDuKE+81kJRTvPSBCTABYQccsQdx8PcNFfeGl/EtjIWMpuFkVy1MDO2FhC9X5ZOSF1BLT0DUeEVh
BgPU+hdNGoCcQacPq3XGrml1Q/D2CWjxVA15U4FKoHm1NOPAVZlneQNaAxOqMRFHSkRWNmiTY4KZ
fSkvXgkugU/AtrTJ1IWSFvyVUCygDbS8zO9j0HAO7ADShO1kHYLI5w6pswitBUehVYxJXH+F96hL
MTHkNV7TQHXdmk52gY4GbNdQDBLETBTFMwHsoa1QoTNlk2Uo4BCr07wQIhG1UTUlx/xWPZM0Xq7A
rZS0Wo37TkBpE3KmLJuilq2SccigFPDrqBPCBvcgSp9QmiS9zeMQkH8cB9QZ1EOoP2LQt+lA+WD4
RA7bGCb+n3JYdd16h2+SPAClwj0vInvATtIYr/rC+5IG6xoEQK4k3zXB6bjCBRSAaxTjXSwEIRQN
/MfdRIJqda8SxEYx4ApOUtyMREBRyXm7qNR+EF6D7oIsc5Bbjt4I1UQutRSoTgR6M6K19AAOIj7I
dPH/BSW4ofgxOla0DP8sHVWdFwIV5dk71BTAioCfKTDohz3EcOUWO10zrB6Cwl+8FYaj8Ky+ehZM
hekI1NC5ENZAnMwgThJ+z1kj3HYuUZdmi3G1G83vGedhtaGs9XOX1yczcv3t2RV5dXZ+dk0O5/NX
ZydXZH7ymry9fP3Pk9djAoPI9SWMOiFvv718dULmry+PTq6upg99xYAzhu30GDPnZZyLLAI9eIWk
shUXvlzwpfPSOsgCMplQuSIxaAL+k7f+WQE8yjOgGvw76BpS/5QqShW8W2FCABxCnyWHKfgSDHjt
TRzoOwNY6RIDEaYpYtr04QzUE7VfDsIsOMNsRnIbEZfSlnM7akD1eFFtyDY1RXf14inEFBfMHheW
tAzAhiabEkG5rcc5LswS0VLziJoH7j+lWSMyqD5GkGM2oKEvxm1YeaiirZLKaB1BPVVLytONqU7J
pQwa0iAg98mbJOywiSES3WVkQ0PVgi4ECUCyo2k9qmHNU+FgHsRcoVYSTkdjVOZpG73b+WrMpK+8
23JHypR8H9Eb8ojCPdCcqzYXRmGWsCYqqlL4sEkLmTC2uSlRXRPs2sjxGAeqSYIWgXRLEbxBFgEO
gj7CdsgHIJ7CKreghFXVcHQm9QqkuWxTaXR4uN4Gs3ErYJmAqGx52uKDg3+Xbym9l5/6VBsajmiB
7XHapBDA8fQJFxFfyqCQifooR2Cz4TTalWKtsKyHOgg1RdFhJr8vwmS/gYhuDSR5nMvubc2XXxO1
q7TDW4OTENXQbTpFkjIR29o9So8BMZEYQeaKPAVcZTYjYanPhOQsSe+GVpjWcVnS12KAw/vVA7I0
wepHwf4YuI/pKv6vbljPutADmeEqT2SWG9CarURtIAiAhA3UTIUv4R9l8ad6ZcgKeJfvtuFzpy/D
thNddLnGW5/LMZnoPfEq0YrFJ3WLUBdaRBTYJNTigATz2FByAos5UXvgdGhUyE3Jt5CMig+bMLsk
R/M3Y5gLeARgjXdxCAYiMpPWD3crTMQKM+JsaoBNgVAJPvVGT8lhCM5uRZNoDyprWbmEHDRdLQcL
E9wnRQXsmW0/rPbAbRVc9+gbMdOlyZQgIm/m2bzN/Df1MBY4iNgdBGY5tSmyYqJaHhRe58pG8ePB
TsJYJ7SCxWu/bbIGdYRUmV7wtnxDTnoxJXM1J6HlUkygqjhX2qHWjEq6REJAQsDAqkhEfoTVdgok
oHOgJUpNfvwmtxHwLjevanJ+/UbgWgFZSHzQ1AQ3LoRgNwvKeme68U9p3YgPJGcC42ERyzNxriY8
Q0Rw3wRyL0iZW2JreItiNiUi7q0ophkkToFDNUoS5CL+xgi4trHABwR4KxBfIT/AYwsnDuGfinBQ
SfHKZAXG1kprkRout06Ue+zKvONLkZQdn10dvoR8TORvTSZ0Ct09fjRbikNhmYLEqJzqa9VwWAJt
aB36g5AHzXK2qSq/JjpWkyppXoF7EyOI2ryo5L4L2ntW5W1qoKxFb4FKKlqoR6s8r8QeTVtQ8nYT
QcQC3GYnFb3dxB544RP1wSD29h0iIiluKsiEUW1j/ZLHmdzQEPz7ivwQ5PfoIUpydkx2f3hzdvwC
9AHcA+AB4+9AmCguvJ0GxoOlZhl2PJOJDlhLvpFpBl7hh5ev2hVUIdpr+Uosh+eIIjkRYldJj6Aw
b7fVVGi+BwwneJNjP48itTD0xtF6ct/E4VBMgsOT7f2sa7EhJQ1S/rkbyQ0RK5T1NZXaHmPgcurW
PatZEzlrRtSRc7vc5gNedBztahhZabbsaqgMJyfbYX7cjrqN+d2kC/6P7Sq27D5M8wa9TSRjp3I+
wMSW2Zg5oFdVuzqgFvimQj8AeC1SgR4AwYaMy52DgEuAAY/QW1QFvRPKgnosV1Bqhx0P0wrJDFyw
xwzwn4Ruo62+G4JVOcTpxzHWnkKZlnidi9DWLADxDQB86jAzH2xeBUnOhOlXcSjjD9JHQeKgllUT
9LmyxMAMI3gow7F46UKl2ElTqkMZ4wkXNYw0ArVuEt/AIljnC0+WUGDCsszv6pX0g7AIJSsJr+ck
wWdUdRvoBcIT5EuL3mTDpJbAs+OqRx26e9QJCZHIo+mO2G5HrU2oxKwtsQHMCTHIDqALpf5QwJvd
u56Mpw+FrBzgHY1FLf4eP29WWlbkRZNsjEy9Yj4hRqlAZBrtwqJcQ7rVihjR0fdB4tErg7BV7WDO
uuQKN17FRoHskDmJ0j9Aq+/7w8FuNH6Ujx+APmjsnMt2h7q9McgfwKtM5I2u3ugVyHcm0ZoWaVpM
47yjAdznOsUSFz94x91nVvWJwaCoRpDNCEGUcJ50uSz5Uu2tqo1YuamEX3LfPKRY4Ao+6/L4Ej8I
m6iQI7MSdId3XFZLVHx7jmtWgoA+KaJ12juFgcxgIJWmwJthrfgeYTeIXo7pFBCyMbzTIaLnIK4d
4aEJ729tjiEEFSsKRsUxfpSIzyZXhsgU8RLqpQn62wwDcG/uJljKQEUHe6bqck0v0jdQKkCaJVx3
6xsVXKUKckS72COCl4RuS76O037IUskAgsdZ4k9/VPL4CuMFLi02htW09khg2l9I9W2v1DL1Y2mH
il5S5NJ8eptqCgosUnesbrfPVqpZ+s+yK36Uy8EDDKg6Q5GfxVEHCm83NKU8J0Mn1u4gta4dICrH
1w/5kDTSqis4oQ6geF+te8fcDPBVkpy1Im17QbVxy3NGfhLJFOTXY7EH+nMLXuYIvUyif6InCMPk
vxTxBPeRpHdEJRR//OJhMBfBQFTElSh2xD4DfhpTJFxlJENS2rVFX/sCcNGCLK0N7ZuVZ+T01eF1
24zVEsfNx3+oezZj278HCjM+Nu/DuKzHwsf/o5eUyuOs4Y6N9AgYa4H1agOWNkpDExAnWxP5XWxT
tm6+LTzL7hxM+CiAA7GQidPNquXbpD1GAyVp65KdU+GcxGJixgCMSOpVy7tey0SkwoMMNZfFC78H
d1mp6p3dYL1XifoU/GUQQ5W1lhmnGIc0i79dksjQ1JqWpFWsAUlb2fP2eMS+LWw8i55vRC//Bow4
ixXHuW+BCRf5LdE1ovkzy53pDnl79pIYmiHk0Z6T7oPNi4OYvA738aySutGiiSLDET+Z+ClaTEv8
dOSxrvhoGQ13X/d1GU97jbeOaBZZhCp/4gIapXXcreKaT/AEVDVgmagSzX258bykuIUS8n2BrDza
7dogW8dW3ADHM7X2vbgtFLwwxqoRNH+9LzDrFLgLsfublB7rhX35RVovzedhbwjestg/Pjk9fPPq
ukeSOKRtVxfRCC1d4TDIvfclh3oFhxgz+u1/AQ338+A=
===END CRASH DUMP===
