PocketMine-MP Crash Dump Thu Feb 10 20:24:07 WIB 2022

Error: Call to undefined method pocketmine\event\server\DataPacketReceiveEvent::getNetworkSession()
File: plugins/RPSolution/src/emretr1/rpsolution/Main
Line: 42
Type: Error

THIS CRASH WAS CAUSED BY A PLUGIN
BAD PLUGIN: RPSolution

Code:
[33] 	public function getRpChunkSize() : int{
[34] 		return (int) $this->getConfig()->get("rp-chunk-size", 524288);
[35] 	}
[36] 
[37] 	public function getRpChunkSendInterval() : int{
[38] 		return (int) $this->getConfig()->get("rp-chunk-send-interval", 30);
[39] 	}
[40] 	
[41] 	public function onPacketReceive(DataPacketReceiveEvent $event){
[42] 		$player = $event->getNetworkSession()->getPlayer();
[43] 		$packet = $event->getPacket();
[44] 		if($packet instanceof ResourcePackClientResponsePacket){
[45] 			if($packet->status === ResourcePackClientResponsePacket::STATUS_SEND_PACKS){
[46] 				$event->cancel();
[47] 
[48] 				$manager = $this->getServer()->getResourcePackManager();
[49] 
[50] 				self::$packSendQueue[$player->getName()] = $entry = new PackSendEntry($player);
[51] 				$entry->setSendInterval($this->getRpChunkSendInterval());
[52] 

Backtrace:
#0 pmsrc/src/event/RegisteredListener(75): emretr1\rpsolution\Main->onPacketReceive(object pocketmine\event\server\DataPacketReceiveEvent#29641)
#1 pmsrc/src/event/Event(62): pocketmine\event\RegisteredListener->callEvent(object pocketmine\event\server\DataPacketReceiveEvent#29641)
#2 pmsrc/src/network/mcpe/NetworkSession(394): pocketmine\event\Event->call()
#3 pmsrc/src/network/mcpe/NetworkSession(358): pocketmine\network\mcpe\NetworkSession->handleDataPacket(object pocketmine\network\mcpe\protocol\LoginPacket#29636, string[55424] ............{"chain":["eyJhbGciOiJFUzM4NCIsIng1dSI6Ik1IWXdFQVlIS29aSXpqMENBUVlGS)
#4 pmsrc/src/network/mcpe/raklib/RakLibInterface(192): pocketmine\network\mcpe\NetworkSession->handleEncoded(string[10127] .}.r.J...W.........yL..H...u.n..........`.J.*...H.#...3.2.....1....|S...2j......)
#5 pmsrc/vendor/pocketmine/raklib-ipc/src/RakLibToUserThreadMessageReceiver(42): pocketmine\network\mcpe\raklib\RakLibInterface->onPacketReceive(integer 0, string[10128] ..}.r.J...W.........yL..H...u.n..........`.J.*...H.#...3.2.....1....|S...2j.....)
#6 pmsrc/src/network/mcpe/raklib/RakLibInterface(122): raklib\server\ipc\RakLibToUserThreadMessageReceiver->handle(object pocketmine\network\mcpe\raklib\RakLibInterface#28126)
#7 pmsrc/vendor/pocketmine/snooze/src/SleeperHandler(123): pocketmine\network\mcpe\raklib\RakLibInterface->pocketmine\network\mcpe\raklib\{closure}()
#8 pmsrc/vendor/pocketmine/snooze/src/SleeperHandler(82): pocketmine\snooze\SleeperHandler->processNotifications()
#9 pmsrc/src/Server(1660): pocketmine\snooze\SleeperHandler->sleepUntil(double 1644499446.9961)
#10 pmsrc/src/Server(1046): pocketmine\Server->tickProcessor()
#11 pmsrc/src/PocketMine(304): pocketmine\Server->__construct(object BaseClassLoader#2, object pocketmine\utils\MainLogger#3, string[9] D:\FLOTV\, string[17] D:\FLOTV\plugins\)
#12 pmsrc/src/PocketMine(327): pocketmine\server()
#13 pmsrc(11): require(string[53] phar://D:/FLOTV/PocketMine-MP.phar/src/PocketMine.php)

PocketMine-MP version: 4.2.0 [Protocol 486]
Git commit: 44818e6d1456dcf1f0fd3cd27da1dfecbe03c08b
uname -a: Windows NT PC 10.0 build 22000 (Windows 10) AMD64
PHP Version: 8.0.15
Zend version: 4.0.15
OS: WINNT, win
Composer libraries: 
- adhocore/json-comment 1.1.2@fc2f76979f0a44a5f5bc2a2b600d0762fe0e78e7
- brick/math 0.9.3@ca57d18f028f84f777b2168cd1911b0dee2343ae
- daverandom/callback-validator unknown@unknown
- fgrosse/phpasn1 v2.4.0@eef488991d53e58e60c9554b09b1201ca5ba9296
- netresearch/jsonmapper v4.0.0@8bbc021a8edb2e4a7ea2f8ad4fa9ec9dce2fcb8d
- pocketmine/bedrock-data 1.6.0+bedrock-1.18.10@e98c511584a7bd58a95986374d2df4b04c6a2ba0
- pocketmine/bedrock-protocol 8.0.0+bedrock-1.18.10@017e57c8f8a74118bcbba7332e7ebac9e6c81693
- pocketmine/binaryutils 0.2.4@5ac7eea91afbad8dc498f5ce34ce6297d5e6ea9a
- pocketmine/callback-validator 1.0.3@64787469766bcaa7e5885242e85c23c25e8c55a2
- pocketmine/classloader 0.2.0@49ea303993efdfb39cd302e2156d50aa78209e78
- pocketmine/color 0.2.0@09be6ea6d76f2e33d6813c39d29c22c46c17e1d2
- pocketmine/errorhandler 0.6.0@dae214a04348b911e8219ebf125ff1c5589cc878
- pocketmine/locale-data 2.4.3@4d0b081f1a79407e087968ea76aaf330db6ea2b5
- pocketmine/log 0.4.0@e6c912c0f9055c81d23108ec2d179b96f404c043
- pocketmine/log-pthreads 0.4.0@61f709e8cf36bcc24e4efe02acded680a1ce23cd
- pocketmine/math 0.4.2@aacc3759a508a69dfa5bc4dfa770ab733c5c94bf
- pocketmine/nbt 0.3.2@3e0d9ef6b6c5fb45e3745a121296e75631b3eefe
- pocketmine/pocketmine-mp 4.2.0@44818e6d1456dcf1f0fd3cd27da1dfecbe03c08b
- pocketmine/raklib 0.14.3@4798576fec0364266dce23b368a7fec5e5de7927
- pocketmine/raklib-ipc 0.1.1@922a6444b0c6c7daaa5aa5a832107e1ec4738aed
- pocketmine/snooze 0.3.1@0ac8fc2a781c419a1f64ebca4d5835028f59e29b
- ramsey/collection 1.2.2@cccc74ee5e328031b15640b51056ee8d3bb66c0a
- ramsey/uuid 4.2.3@fc9bb7fb5388691fd7373cd44dcb4d63bbcf24df
- rhumsaa/uuid unknown@unknown
- symfony/polyfill-ctype v1.24.0@30885182c981ab175d4d034db0f6f469898070ab
- symfony/polyfill-php80 v1.24.0@57b712b08eddb97c762a8caa32c84e037892d2e9
- symfony/polyfill-php81 v1.24.0@5de4ba2d41b15f9bd0e19b2ab9674135813ec98f
- webmozart/assert 1.10.0@6964c76c7804814a842473e0c8fd15bab0f18e25
- webmozart/path-util 2.3.0@d939f7edc24c9a1bb9c0dee5cb05d8e859490725

Loaded plugins:
Biome 1.0.0 by  for API(s) 4.0.0
ChatThin 1.3.0 by Blugin-team, PresentKim for API(s) 4.0.0
DEVirion 1.2.8 by poggit, SOFe for API(s) 4.0.0
DevTools 1.15.0 by PocketMine Team for API(s) 4.0.0
EasyCommandAutofill 2.0.0 by jasonwynn10 for API(s) 4.0.0
FormAPI 2.1.0 by jojoe77777 for API(s) 4.0.0
MultiWorld 1.7.0-beta4 by CzechPMDevs, VixikCZ, fuyutsuki, kaliiks for API(s) 4.0.0
PacketLimitFix 1 by  for API(s) 4.0.0
Particles 0.0.1 by  for API(s) 4.1.0-BETA2
PlayerSelectors 2.0.0 by Ad5001 for API(s) 4.0.0
PureChat 2.0.0 by Vecnavium, 64FF00 for API(s) 4.0.0
PurePerms 1.4.5 by Vecnavium , 64FF00 & ProjectInfinity for API(s) 4.0.0
RPSolution 1 by EmreTr1 for API(s) 4.0.0
Slapper 2.0.0 by Vecnavium, jojoe77777 for API(s) 4.0.0
Sound 0.0.1 by  for API(s) 4.0.0-BETA5
TNTManagement 0.0.1 by  for API(s) 4.0.0-BETA5
Tags 0.0.1 by NhanAZ for API(s) 4.0.0
Track 0.0.8 by NhanAZ, Nexus9265, Mcbeany, EndermanbugZJFC for API(s) 4.0.0

----------------------REPORT THE DATA BELOW THIS LINE-----------------------

===BEGIN CRASH DUMP===
eNrtfAlz3DaW8F/Btqc28q66xfvoKaUk65goI1k9ajl2JZ3SB4JgNyNe4SGpnc1/3/cAkE22pNhO
tLX7VdmVSCSOh3cfAKjfRlFeprS+ueNlFefZaGrtjuo45aOp7liW5fuW5U4cXXNtY3fUFKrLnxiG
abqGYWi+b2oW9CW0qk/KMi9H099G9bqAYSP5vjtKeVXRJbYc0SQhdU6aLORRnPGQpLxe5SEpcnbL
6xSaFgt+x7N6sah4CVgtFse0pjOK3Vec8fiOn2D/dLrk9Vte3+fl7RzgA/I7r2GtqEmS0zjBxY6n
i8Xp+eX1D4tFkTTLOKsWi6vZPE+aGkbDAiWDxdKS16W+WJRF1fVc0DibFKsC4UlYCsDeZv4eTN9T
s/c2k/dwLsxLgBTgJnCmLimDx59GrzRSpDhLzEQi9q74Mq5qXvLwHH9nvNxx7ddT8ixW42/zbMCM
nTz4hbP6yxn4yvAdS0eWvdIf4SVG7DgGoPIE4MdYj79lIFk56wUQMnoIZVLGeykr+N6WwE3fehpD
AVAiJbTilfm5EG1vC6IavVjg8MViOH787YpmYcI3FD1F/haIoszrnOXJYnGeg1LJeUi96eySqi7j
bPmTbVuG9TOZ9P79thixFajAAnRpMeLr71fBP1h8GX9/+u7jhfX26Kw6y5Z6OD9zzm71s/cfwtN/
/ZCczQ2fzj8Uv16cvH3z7ofkH3PBDus5dpT0NomDvSt6ex4HZxkIOQLt3dF948+w5SRjecjDHUWU
rumGC0T9Pikn3wNF7zva1ueTyXfwu5lkG4L/Hwz6jwl2vIKf5sQQrTr++K85/DB+keMERbaiCAQf
5uXeBlVF0jguJLmStOv8HWjj9arkNLyQ7knpYrljfYJWCRDMYMikx6YZQ9eSl0TrxIoc8FCsL8sC
wQHnS2VqIJ0tMa1tAptayv6AR62AP0Pbn+HWK8PTDUcg7j4ruirL849cUDRPOC94+Z1YtgTkzT8p
pM+Y8xtL8qop+e/Sd3h/Aj9vW4fk0MViOA7QKXMGvH2b13EUM4qevpLL+j15zoV0dnTH0T4TboXv
77I6TnbCvAkSTrqA7kx831GeX3tiEc1ythaRPeNv65jdziTCeSmx1PvBYybmXMCcHcgKngFyc8OA
xrpsWOcs39CKH0EGUZ3nNOTlK2OXPKFYEAaTSoZBcJxgWK/MzrD8n0kv3G/szR20d2mARN14BnXD
3Way5IycpULJjq6j+fBfm7jkrYezzZ9JsaLldG/veLonVu1BHl/MJti7tSBmGq9HP/++O+L/FxKo
v5jwABly7k2c3eXJHU9hMQAYAptYPWp7oWUDGloxUCDlpgk9i7oAlY0ZiZqM4QACuF4VR6smu53H
H/nOazIl4F1/g4mmJSYsakCsKTOCXvc1+Vu9iqvxtzDtKM+ieLnzWrzsLEZlMWYIZ1wBoMVol9iG
ZXje678jLFvA+h0fHXjE3+6n8AGvINzLHU0GeHl/Fi8AOI4VRETQ1CRyfoecpYlHfNKfRG87Ej2t
AuRvQlNeI7qWodD9W5HQNQStfdUr8NvWE9E4EwN3BHKW2U0Xywynq9RIjmzlFUc77WBQtJpmjOcR
ueJV3pSM45SjJAYI0FKAw+ASiETWVjD6UMDn1bRuKrK/v/9JMNPp/Prw+t38Zn7y9vhmdnj0z7mE
7HSQgRbeppGAW6LQd6VeWF5/YEozupRM6wSs3KnkVR+fCzlYwfMlPFvrwat4Ek2ngi5Ur381vOE/
KcFIedAUjOBnweWsLtfwkPF7MlMTTrBtR00Qy9j6gC7sB34hkj3t3eD+pG5LQKgno9+/ljVfy5qv
Zc3XsuZrWfO1rPla1nwta54va9qEv8Ls/k2cpyLNzyj+Vu+7o277eaRPtIkGLbSBsqaEST8BBFrE
mGlYog/eeUZB9OFoCuzmu6MQVCQL1dgqj+rjfkNKRbUhlpJsxmoFJAKNs8v59fvLq/NjaLrnQRXX
XKU3RytaX69wZods1zTE19zCd/RG0DuuOU2hY1ZyyOjrf8bp6IUoCQT8xQLCZg0ZGzz1MPskYccn
P8SlwL0jrGsaEmZMvCFhBahnjFXH/PKUvxQ1EuhicSdQWCxC3j710FJUQc5+df1u9pgmfned50nV
p6ltGtKk29vS2igsuUaJvRBZ7fpAxgaTPyBjVddFBfYFvFg1wYTlac+U9joYQOwJrdZHeQolR3jY
1DnU60mP7qd6+ywwHtnX6Bda5dn9Ost07aWo74GErPUxSp9vh6d5mR7OznoUti1DqvRHVOW/5NzF
fy9GVAcRPK9Eonv4HFIumqSO3+dlEvao6TUONdWdaOOA19QaknX0kbPV7AIUAhXqh/ghvj36UZx7
rZu6am5jeL6lSRzfVi9FN8MlixQME7Q5RXzvEV+QYR/3PyT/Ce3uEbLXAwR8ktnmeZzG9Wn80OPV
VseAX/8TIYPXkA7GjEHqOFz689V3RkvILhJeDcho2/oUAJ6T56kA9R6/Obk+NP4sLW+BlMMfkRC1
+BfQILYR5jyBzEVgtqFkq+cTjuYwtDVNfym1lNCAoiESX0AX5MIYOfsEtU2foOQHzjJ6FzcY4B3r
9FT7Ms8p1pnxMhU2OiRwdErFHl4FGSlA/wDhMG+q2cm4bR9tWHAj1wYeKLw3T5/LAInFkAOybeiO
rIn9DAvILpFokH8ngDPmt2dZFGdxvX4pUQ/oFNj1Hj+H0t5W84bUwf7zc65kdJKW/Lp8Ma19dgvs
c8iYJ7SAaqhHQ9vyBfr68oGxkkh8AR15k/WDoHz/fG+oKW9o/1VvKBb+fLyv317LzVt5ptHhP2z/
X6BjgMAX0EOXfdsXr3+MvVrxpTSnwx9W/jy0n8gkFEpITwlhuk+QeN+myHuSot3RW/7QVL7hoKO7
YAGn2RqeTjIo3SF3DZrlj9+fHr045YjiXyYdD91oCUTXfLuqaatzgehDzbNKBBFg0lFeIlgPhYw0
Byyl9arfwmgCiMPcflue3oR5nfF60KpOLDcNTZn030NaD/qhCqj5APAyLfqvK1oNcIlZnt31G36p
hES79zSQuxWDtrysldyhnoUGPGcCgsL+oIIN+XDFI8wl4iH4SnC0GjaF6FJ7LfPZ+WD5dfVrgp6u
fSJdV53f8iz+OGTBw4OiGtFFw1vTNBEe3RDYf4wLWcX6Ihp/TOKgPx1eH9Ih13NEz9A0U9cNH3cj
ji8HpIf5jUBtuxGa4qHActDhqhoMnMdpkfAPFwOatzCAV9xo3aIzTe7LeEv+RS22ZJHDlopgs9WW
7uGhlNgvMwSTTMGkeBnEGS3X0IRbyS5ygt/xJAzUIATFynVR56rBkMwKQdBSLTVVP252x242a/X6
8XA8zqJ8oLfhI5HHAy0RrDT7TSUH80A7XDZSF1v4P4K5kcsZo2zVYz5a96pQ6+KKeDZF+1X/wNzR
lGnFN3c6gZ+GAB80MRafhmabwLbqBkq60TSiSQVeqz2+GU0tz4E1YrRvy/J0jzuhbtlOyCI90qLQ
ZKHhhlQPIw5OUjOZ5gUAu1GovI+zML+vyNtrMjsiOgiSiGWJAWqokZ22X9dek8OLYwfrW7xq2WPP
Ry5sxuo0Y1Xc5CiG92dv316jLuLLfSzvDaRFXvHyBuRZ0jKWlRYNV0BLyffQSYxhjLqEoKMbOIiY
EbmO7/qRRi2L2pEdMIMagaNpoeY6RsQ17nocFSkoY3a7p/yiNvEn5gGjthvqXqQZXuRZEeRRgaE7
Hgt1X9cDLeTcMC2TcuH0QAbgcMBT45ldAK5+fAfFOThDvOcBPLvN8vvsQP1GBVuWeVXxPSCZVhke
2t4ZkHtrB5xHluf5vh7aJrdBJhrzbdsKND/QDU0HpALqG74DMMA1454jLdlK0J+qpHF0J+zqwAsC
phk69XgYGNyiLqdG5NHQiqjPmR8ybkQs8MKBPewFPCzhbQy4U8FJZ6L9Z9sIfPUmOmDpe8zWddsD
qEFoe9S3fc8xXSs0wgiQtZgDfKba06A3Kih04TF4TXe57TLgO3UtXfcCFgTUNU2DuxyY63OHebrj
m1vghXfYmDIw9MCmzOWc+jqNAhp6IbN8L7IZNy3GHcN3Q5s70E2HkJ4UIu5YmweO5XquBUrlOAGj
wFPb8/BmCfdsZpjMsDlwxqbGFkA8HUhy5R8RNe3A8jk1NdP3TR6FUWD6LDQ1gxs6mKCtAWjP0HzQ
zy1IeZJvYIBWIP5O6DqRwU0zdDzdZKYfGj4zDGY5DDiph1vYiOtH8gRMggIRH4QUlraoZpmWF4CG
c8/QfR5EumFHkQ40eT5j3jY6SY65Q6ssqMLmgRVqgebpkU5d39Jcrnmu73icug6lkWlqYQAoG4G9
DWkpcBFG4DBfN5gW+Zptg6hDw9Q1jzMj1F0/8J3IAg0DTB9BGPeCiwTl6JELbPRYZILAmGFxi4Pd
G5SFHLilUR3MAFzdEFTnCMCjHlDKmOnaPrU1jzp+GIENMgt+ua5GA1BLZjPfCqIhiCyo2yh0YHIt
9HnkBA6zo8CyOViKTXUDYrXDXdsx9cAEw+dDCJvHsUiZLKk2n++qH50iywgkZOT6ng1Kw5lmOpbh
OOgNzMB0wOKg0eZ2yF3fcJ+CgmfRbe5y4BsGxZO5QGMOAxwotfE/zzR0EL3OmeWaHuVb/JXHfm1s
P9Ao2Dq4ZtfTmaX7VI8ci4N5WeBaTBsdsO1zw0eaIPmt+BrNYJO74RGGccDgn2txDtw1PEiEAjAk
SwtsXbMdzr3QDALHYRrdAGmaOFR8NSFY+EHgRoFtep7j61Homi7w1bJCFlihA7NZZIDUcfqqSStK
2/mPvXu1TqM8W4MEkzVug4/btPkOUEWtNDXwGrpnMN/TaaC7dghGY1phoEWg3I7v+Z6GyvUULAgZ
ntaDZbuBqxtgcTwMA99lENioB67JNJhngTK4nm+EBvefg6X3YYXcCqgRWsi9yA9Cjet+YFCwOXDE
pg3eBSKHF8l6Jc0/0rLeA9fGSxV1Me44vmMBFsz1NNBVi3qWAUrANZBxqEP4AiJBgw17AKQAixuj
7xZuxESH5Jt+5PIQbJaBSgSBzzDo2izQ7NADf+tbvuYCGFEVdbo1WYvE9BXBUoswcfuuKcXJNMG0
jkR5SQZ51KJcZK/I9QpiKal4XUNtURFaclKvOMkzXsEDrQmjWZbXJOAkzljSgPuAByLPVicQ0iD2
1pCWSGjzPIW5EYLYhlrRiO+SHHrKCoGSADzWLVnnTamgkTgiKdQcUSzWgAQHr1Qmawn6Lb/vAO5B
akubpK7IfZ59UxPMAGhJoOrNwYXFGMfWiCVe+JLU3694RppiWdIQAEwQJP7fApziCyGv3q84IohX
UPGeIsHrqLLsAm5AqlNhQh3KboGyDAQEeJvwWnAOD/gYJzLOYEsqYQP/GR8nFJPiJZ8SLKZlT7Vq
asgZs7G6Bzsli9HFotFACdeErRaNzrlLavxN9ZRAj67r2B+ZQAo5WomxBpIrnrRsRR6A+gRnhG5M
7kQzI4EAYQOeMT4xNyOZnLH+t8VIseAwSfJ7ksQVMoaow21yF1Pyr4aXaznqV3wcq84pETm2mn8i
dgvURAJcIJipEtAUEASCDNZEiU/OkNsL427AENx7sFfQRpAnDUMCiZ8UO4oT7zWQlFO89IEJMAFh
BxyxB3HwXxsqrhIv4zsYCxlNw8mOWpgY2msJX67KxyUvoJYeg6jxisIUBqj13zZpAHIGnT6s1hm7
ptUtwdsnoMUTNeRdBSqB5tXSjANXZZ7lDWgNTKh2iThSIrKyQZvcJZjZl/LileAS+ARsS5tMXShp
wc+FYgFtoOVl/hCDhnNgB5AmbCfrEEQ+d0idRWgtOAqtYpfE9Td4tboUE0Ne4zUNVNet6WQH6GjA
dg3FIEHMWFE8FcAe2woVOlM2WYYCDrE6zQshElEbVRNyzO/UM0nj5QrcSkmr1W7fCShtQs6UZVPU
slUyDhmUAn4ddULY4B5E6RNKk6R3eRwC8k/jgDqDegj1Rwz6NhkoHwwfy2Ebw8T/Uw6rrlvv8I8k
D0CpcM+LyB6wkzTGC77wvqTBugYBkLnkuyY4HVe4gAJwjWK8j4UghKKB/7gfS1Ct7lWC2CgGXMFJ
ipuRCCgqOW8XldoPwmvQXZBlDnLL0RuhmsillgLVsUBvSrSWHsBBxAeZLv5/QQluKH6KjhUtw79K
R1XnhUBFefYONQWwIuBnCgz6YQ8xXLnFTtcMq4eg8BfvheEoPKtvXgRTYToCNXQuhDUQJzOIk4Q/
cNYIt51L1KXZYlztRvMHxnlYbShr/dzl9cmUXH93NifnZxdn1+RwNjs/O5mT2ckVeX959c+Tq10C
g8j1JYw6Ie+/uzw/IbOry6OT+Xzy2FcMOGPYTo8xM17Gucgi0INXSCpbceHLBV86L62DLCCTCZUr
EoPG4D95658VwKM8A6rBv4OuIfXPqaJUwfsVJgTAIfRZcpiCL8GA197Egb4zgJUuMRBhmiKmTR7P
QD1R++UgzIIzzGYktxFxKW05t6MGVI8X1YZsU1N0V6+fQ0xxwexxYUnLAGxovCkRlNt6muPCLBEt
NY+oeeD+U5o1IoPqYwQ5ZgMa+nq3DSuPVbRVUhmtI6inakl5ujHVCbmUQUMaBOQ+eZOEHTYxRKL7
jGxoqFrQhSABSHY0rUc1rHkqHMyjmCvUSsLpaIzKPG2jdztfjRn3lXdb7kiZku8TekOeULhHmjNv
c2EUZglroqIqhQ+btJAJY5ubEtU1xq6NHI9xoJokaBFItxTBG2QR4CDoE2yHfADiKaxyB0pYVQ1H
Z1KvQJrLNpVGh4frbTDbbQUsExCVLU9afHDwH/ItpQ/yq59qQ8MRLbA9TpsUAjiePuEi4vsYFDJR
3+cIbDacRrtSrBWW9VgHoaYoOszkp0aY7DcQ0a2BJI9z2b2t+fLDonaVdnhrcBKiGrpNp0hSxmJb
u0fpMSAmEiPIXJGngKvMZiQs9XGQnCXp3dAK0zouS/paDHB4v3pAliZY/SjYnwL3KV3F/9UN62kX
eiAzXOWJzHIDWrOVqA0EAZCwgZqp8CX8oyz+VK8MWQHv8t02fL7qy7DtRBddrvHW53KXjPWeeJVo
xeLjukWoCy0iCmwSanFAgnlsKDmBxZyoPXA6NCrkJuQ7SEbFh02YXZKj2btdmAt4BGCN93EIBiIy
k9YPdyuMxQpT4mxqgE2BUAk+9UZPyGEIzm5Fk2gPKmtZuYQcNF0tBwsT3CdFBeyZbT+s9sBtFVwP
6Bsx06XJhCAi72bZrM38N/UwFjiI2D0EZjm1KbJirFoeFV4XykbxO8JOwlgntILFa79tsgZ1hFSZ
XvC2fENOej0hMzUnoeVSTKCqOFfaodaMSrpEQkBCwMCqSER+hNV2CiSgc6AlSk1+8ia3EfAuN69q
cnH9TuBaAVlIfNDUBDcuhGA3C8p6Z7LxT2ndiG8lpwLjYRHLM3GuJjxDRHDfBHIvSJlbYmt4i2I2
ISLurSimGSROgUM1ShLkIv7+CLi2XYEPCPBOIL5CfoDHFk4cwj8V4aCS4pXJCoytldYiNVxunSj3
2JV5x5ciKTs+mx++gXxM5G9NJnQK3T1+R1uKQ2GZgsSonOrD1XBYAm1oHfqDkAfNcrqpKr8lOlaT
KmlegXsTI4javKjkvgvae1blbWqgrEVvgUoqWqhHqzyvxB5NW1DydhNBxALcZicVvdvEHnjhY/XB
IPb2HSIiKW4qyIRRbWP9kseZ3NAQ/PuGfAjyB/QQJTk7Jjsf3p0dvwZ9APcAeMD4exAmigtvp4Hx
YKlZhh3PZKID1pJvZJqBV/jw5rxdQRWivZZvxHJ4jiiSEyF2lfQICvN2W02F5gfAcIw3OfbzKFIL
Q28crccPTRwOxSQ4PN7ez7oWG1LSIOWfwpHcELFCWV9Tqe0xBi6nbt2zmjWWs6ZEHTm3y22+5UXH
0a6GkZVmy66GynBysh3md9tRdzG/H3fB/6ldxZbdh2neoLeJZOxUzgeY2DIbMwf0qmpXB9QC31To
BwBXIhXoARBsyLjcOQi4BBjwCL1FVdB7oSyox3IFpXbY8TitkMzABXvMAP9J6Dba6rshWJVDnH4a
Y+05lGmJ17kIbc0CEN8AwKcOM/PR5lWQ5EyYfhWHMv4gfRQkDmpZNUGfK0sMzDCChzIci5cuVIqd
NKU6lDGecFHDSCNQ6ybxLSyCdb7wZAkFJizL/L5eST8Ii1CykvB6ThJ8RlW3gV4gPEa+tOiNN0xq
CTw7rnrUobtHnZAQiTya7ojtdtTahErM2hIbwBwTg7wCdKHUHwp4s3vXk/HksZCVA7ynsajFf8XP
m5WWFXnRJBsjU6+YT4hRKhCZRruwKNeQbrUiRnT0fZB49MogbFU7mNMuucKNV7FRIDtkTqL0D9Dq
+/5wsBuN3+fjB6CPGjvnst2hbm8M8gfwKmN5o6s3egXynUq0JkWaFpM472gA97lOscTFz9xx95lV
fWIwKKoRZDNCECWcJ10uS75Ue6tqI1ZuKuGX3LePKRa4gs+6PL7ED8LGKuTIrATd4T2X1RIV357j
mpUgoE+KaJ30TmEgMxhIpSnwZlgrvifYDaKXYzoFhGwM73SI6DmIa0d4aML7W5u7EIKKFQWj4hg/
SsRnkytDZIp4CfXSGP1thgG4N3cTLGWgooM9U3W5phfpGygVIM0Srrv1jQquUgU5ol3sCcFLQrcl
X8dpP2SpZADB4yzx10AqeXyF8QKXFhvDalp7JDDpL6T6tldqmfqptENFLylyaT69TTUFBRapO1a3
22cr1Sz9Z9kVP8rl4AEGVJ2hyM/iqAOFtxuaUp6ToRNrd5Ba1w4QlePrh3xIGmnVFZxQB1C8r9a9
Y24G+CpJTluRtr2g2rjlOSU/iWQK8utdsQf6cwte5gi9TKJ/oicIw+S/FPEE95Gkd0QlFH/y4nEw
F8FAVMSVKHbEPgN+GlMkXGUkQ1LatUVf+wJw0YIsrQ3tm5Wn5PT88LptxmqJ4+bj39U9m13bfwAK
M75rPoRxWe8KH//3XlIqj7OGOzbSI2CsBdarDVjaKA1NQJxsTeR3sU3Zuvm28Cy7czDhowAOxEIm
Tjerlm/j9hgNlKStS16dCuckFhMzBmBEUq9abnotY5EKDzLUXBYv/AHcZaWqd3aL9V4l6lPwl0EM
VdZaZpxiHNIs/mJJIkNTa1qSVrEGJG1lz9vjEfu2sPEserYRvfxzMOIsVhznvgcmvM3viK4RzZ9a
7lR3yPuzN8TQDCGP9px0H2xeHMTkdbiPZ5XUjRZNFBmO+MnET9FiWuKnI491xUfLaLj7uq/LeNpr
vHNEs8giVPkTF9AoreN+Fdd8jCegqgHLRJVo7suN5yXFLZSQ7wtk5dFu1wbZOrbiBjieqbXvxV2h
4IUxVo2g+et9gVmnwF2I3d+k9Fgv7Msv0nppPg97Q/CWxf7xyenhu/PrHknikLZdXUQjtHSFwyD3
3pcc6hUcYszo9/8GyNb75A==
===END CRASH DUMP===
