PocketMine-MP Crash Dump Thu Dec 2 18:25:11 WIB 2021

Error: x and z must be in the range 0-15
File: pmsrc/src/world/format/BiomeArray
Line: 52
Type: InvalidArgumentException

A PLUGIN WAS INVOLVED IN THIS CRASH
BAD PLUGIN: Biome

Code:
[43] 		$this->payload = $payload;
[44] 	}
[45] 
[46] 	public static function fill(int $biomeId) : self{
[47] 		return new BiomeArray(str_repeat(chr($biomeId), 256));
[48] 	}
[49] 
[50] 	private static function idx(int $x, int $z) : int{
[51] 		if($x < 0 or $x >= 16 or $z < 0 or $z >= 16){
[52] 			throw new \InvalidArgumentException("x and z must be in the range 0-15");
[53] 		}
[54] 		return ($z << 4) | $x;
[55] 	}
[56] 
[57] 	public function get(int $x, int $z) : int{
[58] 		return ord($this->payload[self::idx($x, $z)]);
[59] 	}
[60] 
[61] 	public function set(int $x, int $z, int $biomeId) : void{
[62] 		if($biomeId < 0 or $biomeId >= 256){

Backtrace:
#0 pmsrc/src/world/format/BiomeArray(58): pocketmine\world\format\BiomeArray::idx(integer 0, integer 16)
#1 pmsrc/src/world/format/Chunk(162): pocketmine\world\format\BiomeArray->get(integer 0, integer 16)
#2 plugins/Biome/src/Biome/Main(32): pocketmine\world\format\Chunk->getBiomeId(integer 0, integer 16)
#3 pmsrc/src/event/RegisteredListener(75): Biome\Main->onChunk(object pocketmine\event\world\ChunkLoadEvent#25714)
#4 pmsrc/src/event/Event(62): pocketmine\event\RegisteredListener->callEvent(object pocketmine\event\world\ChunkLoadEvent#25714)
#5 pmsrc/src/world/World(2452): pocketmine\event\Event->call()
#6 pmsrc/src/world/World(680): pocketmine\world\World->loadChunk(integer 16, integer 16)
#7 pmsrc/src/world/World(2826): pocketmine\world\World->registerChunkLoader(object anonymous@pmsrc/src/world/World#L2825#25721, integer 16, integer 16)
#8 pmsrc/src/world/World(2851): pocketmine\world\World->checkChunkPopulationPreconditions(integer 16, integer 16)
#9 pmsrc/src/Server(570): pocketmine\world\World->requestChunkPopulation(integer 16, integer 16, NULL )
#10 pmsrc/src/network/mcpe/NetworkSession(228): pocketmine\Server->createPlayer(object pocketmine\network\mcpe\NetworkSession#25250, object pocketmine\player\XboxLivePlayerInfo#25661, true, object pocketmine\nbt\tag\CompoundTag#25599)
#11 pmsrc/src/network/mcpe/NetworkSession(689): pocketmine\network\mcpe\NetworkSession->createPlayer()
#12 pmsrc/src/network/mcpe/handler/ResourcePacksPacketHandler(142): pocketmine\network\mcpe\NetworkSession->pocketmine\network\mcpe\{closure}()
#13 pmsrc/vendor/pocketmine/bedrock-protocol/src/ResourcePackClientResponsePacket(70): pocketmine\network\mcpe\handler\ResourcePacksPacketHandler->handleResourcePackClientResponse(object pocketmine\network\mcpe\protocol\ResourcePackClientResponsePacket#25729)
#14 pmsrc/src/network/mcpe/NetworkSession(395): pocketmine\network\mcpe\protocol\ResourcePackClientResponsePacket->handle(object pocketmine\network\mcpe\handler\ResourcePacksPacketHandler#25707)
#15 pmsrc/src/network/mcpe/NetworkSession(358): pocketmine\network\mcpe\NetworkSession->handleDataPacket(object pocketmine\network\mcpe\protocol\ResourcePackClientResponsePacket#25729, string[4] ....)
#16 pmsrc/src/network/mcpe/raklib/RakLibInterface(192): pocketmine\network\mcpe\NetworkSession->handleEncoded(string[7] c.`a`..)
#17 pmsrc/vendor/pocketmine/raklib-ipc/src/RakLibToUserThreadMessageReceiver(42): pocketmine\network\mcpe\raklib\RakLibInterface->onPacketReceive(integer 0, string[16] ......7....@Q...)
#18 pmsrc/src/network/mcpe/raklib/RakLibInterface(122): raklib\server\ipc\RakLibToUserThreadMessageReceiver->handle(object pocketmine\network\mcpe\raklib\RakLibInterface#24096)
#19 pmsrc/vendor/pocketmine/snooze/src/SleeperHandler(123): pocketmine\network\mcpe\raklib\RakLibInterface->pocketmine\network\mcpe\raklib\{closure}()
#20 pmsrc/vendor/pocketmine/snooze/src/SleeperHandler(82): pocketmine\snooze\SleeperHandler->processNotifications()
#21 pmsrc/src/Server(1645): pocketmine\snooze\SleeperHandler->sleepUntil(double 1638444311.9266)
#22 pmsrc/src/Server(1034): pocketmine\Server->tickProcessor()
#23 pmsrc/src/PocketMine(301): pocketmine\Server->__construct(object BaseClassLoader#2, object pocketmine\utils\MainLogger#3, string[9] D:\FLOTV\, string[17] D:\FLOTV\plugins\)
#24 pmsrc/src/PocketMine(324): pocketmine\server()
#25 pmsrc(11): require(string[53] phar://D:/FLOTV/PocketMine-MP.phar/src/PocketMine.php)

PocketMine-MP version: 4.0.0 [Protocol 475]
Git commit: 468faa464b2bc5c97f23fafbb71ea61035f6f218
uname -a: Windows NT PC 10.0 build 22000 (Windows 10) AMD64
PHP Version: 8.0.12
Zend version: 4.0.12
OS: WINNT, win
Composer libraries: 
- adhocore/json-comment 1.1.2@fc2f76979f0a44a5f5bc2a2b600d0762fe0e78e7
- brick/math 0.9.3@ca57d18f028f84f777b2168cd1911b0dee2343ae
- daverandom/callback-validator unknown@unknown
- fgrosse/phpasn1 v2.3.0@20299033c35f4300eb656e7e8e88cf52d1d6694e
- netresearch/jsonmapper v4.0.0@8bbc021a8edb2e4a7ea2f8ad4fa9ec9dce2fcb8d
- pocketmine/bedrock-data 1.5.0+bedrock-1.18.0@482c679aa5ed0b81c088c2b1ff0b8110a94c8a6c
- pocketmine/bedrock-protocol 7.0.0+bedrock-1.18.0@040a883a4abb8c9b93114d5278cb5fecc635da82
- pocketmine/binaryutils 0.2.2@f883e1cf9099ed6a757a10a2f75b3333eeb2cdf9
- pocketmine/callback-validator 1.0.3@64787469766bcaa7e5885242e85c23c25e8c55a2
- pocketmine/classloader 0.2.0@49ea303993efdfb39cd302e2156d50aa78209e78
- pocketmine/color 0.2.0@09be6ea6d76f2e33d6813c39d29c22c46c17e1d2
- pocketmine/errorhandler 0.3.0@ec742b209e8056bbe855069c4eff94c9734ea19b
- pocketmine/locale-data 2.0.20@a6e4eb22587e0014f6d658732cf633262723f8d3
- pocketmine/log 0.4.0@e6c912c0f9055c81d23108ec2d179b96f404c043
- pocketmine/log-pthreads 0.4.0@61f709e8cf36bcc24e4efe02acded680a1ce23cd
- pocketmine/math 0.4.0@6d64e2555bd2e95ed024574f75d1cefc135c89fc
- pocketmine/nbt 0.3.0@98c4a04b55a915e18f83d3b0c9beb24a71abcd31
- pocketmine/pocketmine-mp 4.0.0@468faa464b2bc5c97f23fafbb71ea61035f6f218
- pocketmine/raklib 0.14.2@e3a861187470e1facc6625040128f447ebbcbaec
- pocketmine/raklib-ipc 0.1.1@922a6444b0c6c7daaa5aa5a832107e1ec4738aed
- pocketmine/snooze 0.3.1@0ac8fc2a781c419a1f64ebca4d5835028f59e29b
- ramsey/collection 1.2.2@cccc74ee5e328031b15640b51056ee8d3bb66c0a
- ramsey/uuid 4.2.3@fc9bb7fb5388691fd7373cd44dcb4d63bbcf24df
- rhumsaa/uuid unknown@unknown
- symfony/polyfill-ctype v1.23.0@46cd95797e9df938fdd2b03693b5fca5e64b01ce
- symfony/polyfill-php80 v1.23.1@1100343ed1a92e3a38f9ae122fc0eb21602547be
- symfony/polyfill-php81 v1.23.0@e66119f3de95efc359483f810c4c3e6436279436
- webmozart/assert 1.10.0@6964c76c7804814a842473e0c8fd15bab0f18e25
- webmozart/path-util 2.3.0@d939f7edc24c9a1bb9c0dee5cb05d8e859490725

Loaded plugins:
Biome 1 by  for API(s) 4.0.0
ChatManager 0.0.1 by  for API(s) 4.0.0-BETA5
DEVirion 1.2.5-ALPHA12 by poggit, SOFe for API(s) 4.0.0
DevTools 1.15.0 by PocketMine Team for API(s) 4.0.0
MultiWorld 1.7.0-beta2 by CzechPMDevs, VixikCZ, fuyutsuki, kaliiks for API(s) 4.0.0
MyPlot 1 by Wiez, Exxarion, jasonwynn10, NgLamVN for API(s) 4.0.0
NotificationSystem 0.0.1 by  for API(s) 4.0.0-BETA5
PureChat 1.4.11 by 64FF00 for API(s) 4.0.0
PurePerms 1.5.0-legacy by 64FF00 & ProjectInfinity for API(s) 4.0.0
SimpleNPC 3.0.0-snapshot by brokiem for API(s) 4.0.0
Sound 0.0.1 by  for API(s) 4.0.0-BETA5
TNTManagement 0.0.1 by  for API(s) 4.0.0-BETA5
Tags 0.0.1 by NhanAZ for API(s) 4.0.0

----------------------REPORT THE DATA BELOW THIS LINE-----------------------

===BEGIN CRASH DUMP===
eNrtPIly20aWv9JLpzZSrUjhPjhjlxVJnqhWtjiWHKcmdHkaQINEhIPBIYnO5t/3vdcNECAlWc54
a2qrnEpsotH97rO7kd9HcVFmvP54I8oqKfLR1DoY1UkmRlPdMT3Lskxdn/iWYWnwolnJV6Y2cU3X
9h3f8xzX9b2DUcqr+rQsi3I0/X1Ur1cwa3SW3/A0iY7KRZOJvD69CwUAACQHo0xUFV/gpDvG84h9
YllT1SwQLMlZvRSs5PlCMG2s2zA7btL0VZLi9NWSl9PDw5Pp4avzi6ufDmdFeC3q10kuxq9nE3x7
WJXh4W1RptGh5O3wh6TIxFFZ8jVMWCE8BSvDqY9Mh6kpQB5NbQOkUvIQfv4yeqaxz67cs739KVsR
cRmAmM9p4nwuZ87nm6nTaRLd7SV5LRaiZNoBa3/qzj4Q8Ex/CNvxssmv93THeCqm8YuFqB/BZLBV
2iySvJKMEEb56zVP8j3zM4iIHsJBi86iR1CZPabEDRjH4VuxSKpalCI6x79zUe65NiAkWPM5UjB+
UeSS6SL4VYT1gBiC0tFE084LHp3i8DPDdnWLEFs7iGnG3o4UFbxdssYvQp6mctWfp8Pe0ep7/HPP
sOwHKCEIEvkegXAeAOF42v2KotfjFymQI8W4UcqOgtyH6PMM51HopRJYxzkoUomJ50W+zoqmenkv
7GfnANxGGRl6n54d2rwHabP1R2kLlyK8JsJmxapJOQajWSnCIo8S/F09JhG/h/VSlBAw92xX+4ws
fmtEVW9hfADJAXvz7vycSZ/vh5hc1AD2+jALV+LwjXy4hPiJoAxjO85I0oDXUvBazFK+3iigP09B
nc8R7Hw+hAtKMGzw2nvWrQjifP5zUNydJzcKw1keF7DIcUBzddmIe5fmAZhxzRfgFkW2Kpo8uuIL
WGX7vuRafyLXjudvcf0oN1vCkLiMh3AtIR+looSAVBVNGYoZD68r/EPUP8pXe7plfBn+R6b+HqZF
1ZTiD0VXGxnB26OiPNysPAxEVMLTeFUWdREWKZHep/I4TSBEwMgKTFlIkvd2THQLv2IXI91D/I5f
yEkP43qCgbVUDxHdRzJFAGUR1hMtwvTtx9l8OvqW2yfw9ATZITOaK5mxn8rMTvHwGfOSdJzwmiul
f311HLCqLpN88Yv1gU3gH8mR8xBHJb9Ok+DwLb8+T4IziHFlDNXTnu4bf4az0zwsIhHtKRLcDyyc
/JP/s6XCfdBlJBnjZCVJlORcFe8qUV4tISZEr2Ud+laEIsGI/jnHlgBBaEPGsDKR0lKQ+qWPolp3
pOQmExf/ePn3Torel0rRQCpbUioK+PM5MNnS9QiHX2DdD/D6DHoBX5Wm/oOSr/Ki+CRLyMtUiJUo
u+BpmH9Sxk9YsxVNDe1PEOht24CcCql1MA/ogXAM0n1T1EmchFxWEBKvvlss6I5lPxFwhc/v8jpJ
96KiCVLB+s2Y4ahy3bgHiWZaDxQEdRJezyTFhUqCRr8M33RSe6amPwDk40colsCgm7ALMj/wShxD
+1fJYu+ZcW/ub4CZSpbx58UCPOOZ2XmG/4GdTOdzaujm843DuINx1ZvM55J06wHSjW3+pX8ohlUI
3tORQSzPklK0YcU2P7AntpebYewo90cf/jgYif+z7vfLu1UgR4rrY5LfFOmNQAoARgKFLtS79ah9
D2MEAAYwxCL5lgmD83pef1cvkwqsnK+xY2DP2Xfq519gtmXRrD/wpw0/8W+HhlZgsEkISgSHCFnc
5CFyzYCLFKMi+y6Q3eE+m7JKpPHvuNRVOEtRN2XOcnHLes00KOhjCR7C671wWe51EA4YlJz7+0SP
t6HHl/TYmqSnTG6g+NshSHXd7Ls7qsLZd5+QIviFBNm6IiiJ9767Y39lGitKmMpePAdfpN+futFP
cnSfFhpq4byul2VxS6zM5w8Zw9788yYwHxGHdqsX5NG2hgLbQ3L+yqx99j9AJU23O4HYjhKI21dQ
Jwi1KfCAILwhoqKM9oaG8QsqUW5iIARY/UHS63cEOJokwNHvJaDaIUD93bOUmyKJkB7H6ClGve8U
0T6DOtAwfh/98W3b5tu2zbdtm2/bNt+2bb5t23zbtvm2bfNt2+bbts23bZtv2zbftm2+bdvsjz60
2yAVbnzIjRD4kXP8u9sY6a5GjHR44k29LEpY8Aus5qsEW0trok00hCZyDmqPRlMqpkYRmEceqblV
Edcn/YGMb/ZfpIhxBwe0AYOzi8ur9xdvz09g6FYEVVIjRdjPHi95/ZrnEBvKHq390T7FQNfkUarH
P5xeHdl/lvY3EJWO/oH9Uof+6ZycnP6UlERmx0Y3NJD6xJjY46Pz2Y9HujHgZbQCm0xwN+vy4pUY
fSWFSKDz+Q2RMp9Hov3VI09xd3l19Pbq3WyXN3FzVRRp1eetHRrypttA6YCpjZWyK8Gzr8VWix/Y
2FDyCBvLul5V4FQgi2UTTMIi6/nPYQcDmH3dpHVCvVOP3d7gkGEXjC4QNd9S5fEnES5nrwEu0vVT
cpdcH/+D7v6sm7pqrhP4fc3TJLmuvpZEQkS5ykC/IJQM6VV94ID2R+34HiH1GDnsAUI5rWdpUfdl
JAceDjGj94n4BCOnd3dcGd6vvCry23We62g2bxbnPPvpzb8mkdEpZIciWx/NzkYHfR8kyi/rdUpR
5ZRXa+gAM0h3R01d4IbuaCNMyQvIruXpMx7ST7+X66oWWU8w97z8N0S1XSqeHtxmUM1gVOwx1Q0N
/cGa6FtKd6xXrzTti3RKwGeizMg5ttT7itM+awVlBCD6GcJZ0VSz03E73tPiR4l7Pm+J3fz6E65A
RKm9yQ6MEo4kdigdOTYUD4THcSoWPFzfJyT2nwy4wrLlLI+TPKnXXys4DCRBhPV+fgVZSDggjMsk
W6Xizey4J4zNWF8YJpl2lfNVtSQX64kjKIvrRHy1ZKHAYa2L/Umfni9lXIE63MBApnEbqc8wPf8b
fJwQP92tr95cyTpHHqh19A/H/w18DAj4An74ou+E9Pg49Qrj1zK0jn7A/DSy7zExRdIfeOzJS2AF
es+tUqrtA4jOu1rkFUU+YP24KBGsh5xiTRKEGa+X/ZGQp0A3rO2PFdnHqKihnx2MqrPfzUBTpv3n
iNeD95BEazEAvMhW/cclrwa0JJCqb/oDv1akqO45C2RfNBgrylqpE4ppGKhqjgxF/UmrcCiHtyJO
BSWI/mhFEq2GQ1HSZP2Ry9n5AP26+i1Fd29/se5VXVyLPPk0FMGaZyg0A+p+tL1PyUpWyv7Ewsc0
Cfqz4fEuGwq5QGoMTYO+2/BhYHZyMeA0Kj4SJduDMJQM9VOAxVbVYKKMYz+/HrC4RQE84ibOkC0Y
vC2TLXWvatruQYFKPwJql1umhucQ1IgbpEKTpJIsgiTn5ZrygjFxUBLiRqRRoCYhqLBcr+pCDShh
RaBXaYVoDZq6YJDkcTEww2hHg8lA6SQqsz9UCrB2dKtFI02rhf8P8B52MQt5uOwJF511uVJ4ESOe
0vG0XxL0vRc9k1di86FCJ6+gSbDzMDTTALFUH6GeH01jnlYQg9r90tHUcm3AkaC7Wo4Xc245VmAE
oR36bmyYMY+DwNUFd3TNtGMnNnQPYDeKlPdJHhW3FXtzxWbHTAfEjNAyA8xMY3vte13bZ0evTxw0
VPzWoCeeT4JcwOo0v1x9LFDv78/evLlCW8OHWwqAIR60VKL8CPoqofIXFKl4tAReSnGIPj+GOepW
h45e/TIOjdh1fNePNW5Z3I7tIDS4ETiaFmmuY8RCE64nXJRYmYTXhyrMaRN/Yr4Mue1Guhdrhhd7
Vuy6bmDojhdGuq/rgRYJYZiWyQXFMNABxA8IvHiqGfDweky3G3iNF2BAZtd5cZu/VH+jgS3KoqrE
IbDMqxwvAdwYaKEvDc3wfc00QxC5ZWqaCBzbEa7whOeFsW1EeuQ4voVYIdKWohK8DJfEf8ZXK3Kl
G7KDl14QhJqhc09EgSEs7gpuxB6PrJj7IvSjUBhxGHhYZNxzOAO087bc/K92EOQK2ntpeUbouD7n
toi0wNNDDYgzAj2O8UnXuG+FHnfC+yFvLHDkIqHb0DVL455ncosHgRf6gQ9By4psw/XCwI5FGDqm
HXHP2IJOvk9BgVRooAEAGKGHsa/5vogc7touB+rAKuzAhH+ECIwwiv0hpHtVCH4LNuFYrudaYFKO
E4QcJGp7nm1YhvDs0DBDwxZeaNt8i7QQNxXTQkU/JA1E6AtuaqbvmyKO4sD0w8jUDGHothPZGoD2
DM0H69yCVKTFBobmB8IB/4xccE5hmpHj6WA4fmT4oWGElhPqrtCjLWroVpY68GkD40sRupYRIEpP
s50gAIZszfFDS8QxKNN3TUtw3Q+GoNICC4HWVICkiaG95I6wQK6G7blC03QrdiIHfptGGDumaTiG
C7HFi8xtUAsixkJinNDXjVADvdl26AEHpq55IgTjd8EcnNjSrFCzdiGMe7lDgnL02EWmwtgEjYWG
BbSB2xs8jMAgPI3r4AVmuOUDXRwgEJFjCcO27SAyhI8Wb1i2CwHBjmBxHOom0OjHW8aeB3UnXN8L
La5ZAViGr9sCYopnRmaggW2DoMAxdR6A+vUhhM3PMRVA0qm/IFLvHB/JBGSBYwiTe46ugy27mtBj
Dj7lGDY4ng7BzrJcAaEj4CK8DwoeQqlUpr/0DYM7lmUBM07oRhxCAv7rmYauge2J0HJNj4st+crj
gjZ1v9R46EGsBpvXQ0v3uR6DxMG/wOk908b4a/vCIOODUrYSa/SDTSWmk6+H8I9rCWEL0/CgzgnA
kywtsHWwZyHA3oLAcUKNb4A0TSLTD0ReyBU+yDAObNPzHF+PI9d0wS4sKwoDK3JgdRgbVhTj8mWT
VZy363eDe7XO4iJfgwbTNe4Jjdsi+AZINUmJYeTbru8KH6KP6cVRZASa6fgmBDjIOwLUq4Fx3QcL
MoandbD0lxBuNchDItK5D0GAAzSfC92A2A7JAzKWZtiWGzwIS+/RJRwwCj82I7TzGFKQb3ngq7oW
WqEJRJngvD78KbuPrPjEy/oQYpsoVdJFC3V8xwpdsAZPszzd4p5lgBEIDXQc6XbAAy3WPXCoAZAV
eNwYgzfFEaQl8k0/dkUEPhuCSQSBH2LOtcNAsyPIhkCbr7kAhnqczrYma6o7nzFsnBi0BnGyaEre
XrgULC5KNiij5uU8f8aulpBK8d5dDZ1CxXgp6M5hkYsKfvCahTzPC3UdMUwbCB94L1GeyUwgpUHq
raEqkdAuiwzWxghiG2rFY7xUAm/KCoGyACLWNVsXTamgsSRmGXQQcUI4oL7BC6rpWoJ+I247gIdQ
ufImrSt2W+Tf1wwLAF4yaE2LDK92QiJby9uTSSW5v12KnDWrRckjADBBkPhfC3CKD4w9e78USCCr
C8AFpSoAUodZIA2odCqslyP5mkiWmQCvHKaiJsnhGUEomEw0OJJJ2CD/UIxTjjXxQkwZlaXyVbVs
aqgZ87G6DTxl89HreQNFkL5m4XLe6EK4rMa/uZ4xeKPrOr6PTeCFHS9proH80i8tX7I7YD/FFZGb
sBsaDllAIGwgNMFfoZuzXK5Y/8d8pGRwlKbFLUuTCiXTXihkNwlnf29EuZazfsOfY/VywMyzU+r9
1UK60YqVKgNTAU0gyGDNlP7kCrlZMO4mDMG9B4cFcwSF8ihiUPhJvaM+8UCUZYLjeTEWwAy0HQik
HvQhfmt4ippaJDcwF2qaRrA9hZgZ2r6EL7GKcSlW0BqPQdd4tjmFCQr/myYLQNFg1EfVOg+veHXN
8OAazHiipryrwCbQv1qeceKyLPKiAbOBBdUBo/MEJjsbdMoDhpV9Ka9JkJQgKOBY1uRqo7kFf0mW
BbyBmZfFXQImLkAcwBo5T94RiHLuiDqL0V1wFrrFAUvq70GQdUkLI1Hj+S7a69Zytgd8NOC8hhIQ
MTNWHE8J2K6zcLKZsslzVHCE3WexIpVQb1RN2Im4Ub9ZliyWEFdKXi0P+lFAWRNKpiybVS1HpeBQ
QBnQ13FHysabf9j6RNInOV4NBuLvpwFtBu0Q+o8E7G0yMD6YPpbTpnT9rQ0QmQCs6zY8/C0tAjAq
3MFi8g34SZbUGGsyseDBugYFsEspd40knVSIQAG4QjXeJqQIMjQIILdjCaq1vYqYjROgFaIk3R1F
QHEpRItUWj8or8FwwRYF6K3AcIRmIlEtiNQxkTdlWssP0EAJQtaL/y84we3Bz/Gx5GX0r/JR1cWK
SFGhvSNNAawYxJkVZv2oRxhibqnToULuEUjx4j05jqKz+v6rUEquQ6RhcGFhA4kyh0TJxJ0IGwrb
hSRdui0m1m62uAuFiKoNZ22cu7g6nbKrH88u2fnZ67MrdjSbnZ+dXrLZ6Vv2/uLtf5++PWAwiV1d
wKxT9v7Hi/NTNnt7cXx6eTnZjRUDyRi20xPMTJRJQWUERvAKWaWLva1cuiitgy7wbq8KRTRpDPFT
tPFZATwucuAa4jvYGnL/kClKE7xdYkUAEsKYJacp+BIMRO1NHugHA8B0gYkI6xRaNtldgXaidr9B
mSsRYjlTqe84aiG1Ldd23IDpiVW1YdvUFN/V/kOEKSmYPSkseBmAD403PYIKW/dLnNwSyVLrmFoH
4T/jeUMlVJ8iKDIbsND9gzat7Jpoa6QyW8cxQJOcZxtXnbALmTSkQ0DtUzRp1FGTQCa6zdmGh6oF
vSIWgGVH03pcA85XFGB2ci6ZlYTT8RiXRdZm73a9mjPuG++23pEzpd977IbdY3A7lnPZFsOozBJw
oqEqg4+abCUrxrY4ZerVGF9t9HiCE9Ui4oWIbjmCJ6giIEDwe8QO9QDkU8ByA0ZYVY3AYFIvQZuL
tpbGgIf4NpQdtAqWBYgqlyctPTj5Ubll/G5Mm9bVhodjvsLxJGsySOCQu0tEUvMcqmZQMpP30yU1
G0mjXynRkmft2iA0FauOMkI6xmq/gYxuDTR5UsjX25aPhRjGTYmlnd46nISopm7zSUXKmLa1e5ye
AGFUGEHlijIFWmU1I2Gt6L4pk6skvxteYVknZclfSwFO3+CXIk2x/VGwPwfuc7aK/6nLmdMu9UBl
uCxSWeUGvA6X1BsQAxV+A8FU+qL4KLs/9VamrEB09W6bPp/1ddi+xBBdrmsEf8DGek+9SrWEfFy3
BHWphbLApqCmAxCsYyMpCezmqPfA5TCoiJuwH6EYBWt7TtUlO569O4C1QEcA3nibROAgVJm0cbjD
MCYMU+ZseoBNg1CRnHqzJ+wogmC35Gl8CK217FwiAZau0AFiRt9WAu09t+2n1R64rYbrDmMjVro8
nTAk5N0sn7WV/6YhxgYHCbuFxCyXNqt8NVYjO43Xa+WjVfJJdBrGPqFVbIXJVBVr0EdIk+klb8s3
5KL9CZupNSkvF7SAq+5cWYfCGZd8gYyAhkCA1Sql+gjb7QxYwODAS9SavOYu9xHUNzrs9dU7orUC
tpD5oKkZ7lyQYjcIZb8z2cSnrG7GuG5KFA+bWJHTuRlFhpjhxgnUXlAyt8zW8BQn4YRR3ltyLDNY
koGEatQk6IW+rYPQdkD0gAJviPAlygMiNgVxSP+c0kEl1SuLFZhbK6tFboTcO1HhsWvzTi6oKDs5
uzz6Aeoxqt+anGwKw32D8ZXOeGUJkqBxqi+Bo2ELtOF1GA8iETSL6aarfMHw465aFc1LCG80g6nN
i6r9bBXvGRdtaaC8RW+BSi5aqMfLoqhok6ZtKEW7iUC5ADfaWcVvNrkHHsRYvqVt+H5ARCLlJ0xU
Yql9rF+LJJcbGiS/7xl+/4QRomRnJ2zv53dnJ/tgDxAegA6YfwvKRHXhDSlwHmw1y6iTmSx0wFuK
jU5ziAo//3DeYlCNaG/ke0KH54hUnJDaVdFDHBbtvppKzXdA4RjvWzwv4lghhrdJvB7fNUk0VBNJ
eLy9oXVFO1LSIeVnnlIalCuU9zWV2h+TH1mp2KBWjeWqKVNHyi06mYxUWO2wYWalr5VVD5Xj4nQ7
zR+0s24ScTvukv9924qtuI+yosFoE8vcqYIPCLEVNlYOGFXVrg6YBT6p1A8A3lIp0ANAYsiF3DkI
hAQYiBijRbXit2QsaMfqezlpdvhit6yQwkCEPWFA/GR8m2z1xQFgFZCn76dYe4hkXuIVJcZbtwDC
NwDwV0eZubN5FaRFSK5fJZHMP8gfB42DWVZN0JfKAhMzzBCRTMf00KVK2klTpsPDUKSCehjpBApv
mlwDEuzzKZKlHISwKIvbeinjICDhbCnh9YIkxIyqbhM9ETxGubTkjTdCahk8O6l63GG4R5uQEJk8
mu6Y7XbU2oKKVm2pDWCOmcGeAbnQ6g8VvNm96+l4sqtkFQBveUK9OKQnaE2lla3kR6Stk626b0rH
NEslItNoEVO7hnwrjJjRMfZB4dFrg3BU7WBOu+IKN15po0C+kDWJsj8gqx/7o374RJ8e4+daO4Nd
cNl+oW5vDOoHiCpjeUGrN3sJ+p1KsiarLFtNkqLjof22eEz/e4YKOK/6zFSbr4/ZZgYxRcGTLxal
WKi9VbURKzeV8Lv/612OiVaIWRcnF/glyVilHFmVYDi8FbJb4vR/bkCcFTHQZ4VGJ71jGKgMBlpp
VnjRq1XfPeIG1cs5nQFCNYZ3Oih7DvLaMZ6aiP7W5gGkoNWSg1MJzB8l0rOplSEzxaKEfmmM8TbH
BNxbu0mWMlHxwZ6pulzTy/QNtApQZlHobmOjgqtMQc5okd2jeMnotubrJOunLFUMIHhchY6DGQoV
jfkCUdPGsFrWHglM+ojUu21MrVA/V3ao7CVVLt2nt6mmoACSuhN1u322VMMyfpZd86NCDh5gQNcZ
UX2WxB0ovN/QlPKgDINYu4PUhnaAqAJfP+VD0cirruGEPoDjfbTuGWszoFdpctqqtH0Lpo1bnlP2
CxVTUF8f0B7ohxa8rBF6lUT/SI8Yw+K/pHyC+0gyOqIRivreZE7JgDriipod2mfA7yJWqVAVyZCV
Fje9ax8ALnqQpbWpfYN5yl6dH121w9gtCdx8/Iu6aHNg+3fAYS4OzLsoKesDivF/6RWl8jhruGMj
IwLmWhC92oDljbJQeR+dyQ/qmrIN823jWXbnYBSjAA7kwpCON6tWbuP2GA2MpO1Lnr2i4ETIaMUA
DBX1auRjb2RMpfCgQi1k8yLuIFxWqnsPr7Hfq6g/hXgZJNBlrWXFSfOQZyAHukmZmlrXkrwSDija
ersGeMS+rWs8i55tNH9MB9J0FkvHue9BBm+KG6ZrTPOnljvVHfb+7AdmaAapoz0nfS5k3M6KOnqO
R5XcjedNHBsO/RnSnzRiWvSnI4916WNH9Nvnuq/LdNobvHFomIoI1f0kKxiUznG7TGoxxgNQNYBd
oqozn8t95wXHHZRIPCdi5dFuNwbFOo7i/jceqbXPq5uVghcl2DSC4a+fE2Wd/XYZ9vmmosd24bn8
GqlX5YuoNwVvWTw/OX119O78qscSndG22CkZoaMrGgal93MpoV6/QXNGf/wv7TO71g==
===END CRASH DUMP===
