PocketMine-MP Crash Dump Thu Nov 4 20:02:08 WIB 2021

Error: Declaration of poggit\virion\devirion\VirionClassLoader::loadClass($name): ?bool must be compatible with BaseClassLoader::loadClass(string $name): bool
File: plugins/DEVirion/src/poggit/virion/devirion/VirionClassLoader
Line: 86
Type: E_COMPILE_ERROR

THIS CRASH WAS CAUSED BY A PLUGIN

Code:
[77] 				}
[78] 
[79] 				$this->messages[] = "DEVirion detected an attempt to load class $class, matching a known antigen but does not exist. Please note that this reference might be shaded in virion building and may fail to load.\n";
[80] 			}
[81] 		}
[82] 
[83] 		return null;
[84] 	}
[85] 
[86] 	public function loadClass($name) : ?bool{
[87] 		try{
[88] 			return parent::loadClass($name);
[89] 		}catch(\Exception $e){
[90] 			return null;
[91] 		}
[92] 	}
[93] 
[94] 	public function getSourceViralAntigen(string $loadedClass) : ?string{
[95] 		return $this->mappedClasses[$loadedClass] ?? null;
[96] 	}

Backtrace:

PocketMine-MP version: 4.0.0-BETA10 [Protocol 471]
Git commit: fa6a432d5816bb8c5d5546549ac3988fede14728
uname -a: Windows NT PC 10.0 build 22000 (Windows 10) AMD64
PHP Version: 8.0.12
Zend version: 4.0.12
OS: WINNT, win
Composer libraries: 
- adhocore/json-comment 1.1.2@fc2f76979f0a44a5f5bc2a2b600d0762fe0e78e7
- brick/math 0.9.3@ca57d18f028f84f777b2168cd1911b0dee2343ae
- daverandom/callback-validator unknown@unknown
- fgrosse/phpasn1 v2.3.0@20299033c35f4300eb656e7e8e88cf52d1d6694e
- netresearch/jsonmapper v4.0.0@8bbc021a8edb2e4a7ea2f8ad4fa9ec9dce2fcb8d
- pocketmine/bedrock-data 1.4.0+bedrock-1.17.40@f29b7be8fa3046d2ee4c6421485b97b3f5b07774
- pocketmine/bedrock-protocol 5.0.0+bedrock-1.17.40@67c0c15b4044cab2190501933912c3d02c5f63ab
- pocketmine/binaryutils 0.2.2@f883e1cf9099ed6a757a10a2f75b3333eeb2cdf9
- pocketmine/callback-validator 1.0.3@64787469766bcaa7e5885242e85c23c25e8c55a2
- pocketmine/classloader 0.2.0@49ea303993efdfb39cd302e2156d50aa78209e78
- pocketmine/color 0.2.0@09be6ea6d76f2e33d6813c39d29c22c46c17e1d2
- pocketmine/errorhandler 0.3.0@ec742b209e8056bbe855069c4eff94c9734ea19b
- pocketmine/log 0.4.0@e6c912c0f9055c81d23108ec2d179b96f404c043
- pocketmine/log-pthreads 0.4.0@61f709e8cf36bcc24e4efe02acded680a1ce23cd
- pocketmine/math 0.4.0@6d64e2555bd2e95ed024574f75d1cefc135c89fc
- pocketmine/nbt 0.3.0@98c4a04b55a915e18f83d3b0c9beb24a71abcd31
- pocketmine/pocketmine-mp 4.0.0-BETA10@fa6a432d5816bb8c5d5546549ac3988fede14728
- pocketmine/raklib 0.14.2@e3a861187470e1facc6625040128f447ebbcbaec
- pocketmine/raklib-ipc 0.1.1@922a6444b0c6c7daaa5aa5a832107e1ec4738aed
- pocketmine/snooze 0.3.1@0ac8fc2a781c419a1f64ebca4d5835028f59e29b
- ramsey/collection 1.2.2@cccc74ee5e328031b15640b51056ee8d3bb66c0a
- ramsey/uuid 4.2.3@fc9bb7fb5388691fd7373cd44dcb4d63bbcf24df
- rhumsaa/uuid unknown@unknown
- symfony/polyfill-ctype v1.23.0@46cd95797e9df938fdd2b03693b5fca5e64b01ce
- symfony/polyfill-php80 v1.23.1@1100343ed1a92e3a38f9ae122fc0eb21602547be
- symfony/polyfill-php81 v1.23.0@e66119f3de95efc359483f810c4c3e6436279436
- webmozart/assert 1.10.0@6964c76c7804814a842473e0c8fd15bab0f18e25
- webmozart/path-util 2.3.0@d939f7edc24c9a1bb9c0dee5cb05d8e859490725

Loaded plugins:
CommandDisabler 1.0.0 by  for API(s) 4.0.0
DevTools 1.15.0+dev by PocketMine Team for API(s) 4.0.0

----------------------REPORT THE DATA BELOW THIS LINE-----------------------

===BEGIN CRASH DUMP===
eNrNWmtz20aW/StdcqoS14gU3gQ4pRk7lrLjWjvSWvI4taOUq9FokBiBAIKHJGYq/33Pvd0gQUpJ
7dbuh81MWUSj+/Z9nPtq9L9O8rrdyP7rg267oq5OlsHpSV9s9MnSjfzI8Z3Ei+e+F3kJXgyNeeXM
YyfBW8db+K7v+R7e6bat25Plv076bYMpJ5df3119vH7/4fLr5adPV59OTk82uuvkit5daFXKVvbY
UNS5aOrVqujv7h6KFiN3d5kef/2d/74rZdd9qGWm2+WyxF8e+O6bSm7066X4a1rXpdgMXS9SLVS9
aUA5LbV4LPq1+F52+ncIdH1bVCsx0iEyYDMvSuKxKYdVUXVnF5eGibOuVWeG0zPD3tnI59kzNkGm
LCqQiaPfTi2pr0X1UJcPeqOrHvSzotWqx0RVZ5r0tlhg9K43//sNLxYxBuhvMnnxTb8uutlfrC67
f/wszsXdycikyHQPqjoTshKy7/Wm6UVfC5JZKOJPfMN/TgWMrtYkvhT3Vf2I6VVfrHQl0qEXWa07
UdW90E9F18/FdamhRhrRol9L0AQXotW5bnWltNgUqzVrv1tD/EwUlTCqAbWizHibKsOeW5HLohxZ
mt/dVXcnf4aMsbOTkUSPXfvID57RQ+zbwVb3Q1uJaihLXhvwOE8N7dSIh5ohLQsl8qFSjLVj7AgL
nn/RklH9fbvl53jHkd2vkRC2f45A5mG00W+K9Prd3d3lk9IN7/qNfk0EE+eY4ChAMpU28XbSJL6R
JglelGal+5t6aJWG7WX51phvB2riUhs+WU4zzoyEh3ocISWbxi4ArqbrfxZ//eue2cjyB2D3rVTA
7j9+Pj3B1hpcEJBJKZhzXat73X+EG8w+XmNhCgTtw8xJMHfmzuz7y9u3rkNvCScnS8/xnNOTovsK
3zpZ5rLsNPynrftawTmXwcLFVgX5Ty4jGfheFsZulKaxCrMwDKIwSKTykzjOdabdYOHFoD1Yjr4U
VVY/duLHW3H9TrjY38BTeJ7jOOK78b3rvBZvP15EAdY26wYrYzDrenj8VVeZZZ6f8fpr3RHt9z/+
eIsBfngsKnbsTVN3uv1aFmkr20J3pB2ZrSFLq8/+2dXVDHNsPHDn7tx7kysvX0TJIskdGQQyzMNU
edJLEWszZxF5uXb0ItYL0lhbqPszuPEaq515MvffKBkuMjfOHS/O4yBfLBap50axytzEdVMn09rz
A19qrM4kTAGfrDdnSpZlKtX97EGWRSZ7CuPQGUeFN/YvxcVVWwMaZxBZdhVB9sGb+3PnDWyWJI7v
Kz/MA99xdBqFkV7oWMexykMvc7MoSgLatdIAXadlq9YsP2OOtntgOLyJ01Q5nitjnaWeDuRCSy+P
ZRbkMtEqyZT2cpXGGWme4bUBvM5SnbV4moF3yZoEsT+Ng9DrYh44b3IvSRepjnPpO0GUeVoHKgo8
N4jDNFmkPjTtQGHBy6T3EDwJidNn5KOFcpQbpoETBEpC7YkTOm7i+4nrKT9zPBXmkS/TI/JFJdvt
0Bdlx0b0CAJx7GtX5YmTJDqL5CJcSNeBHhZh6uM/rVNPZXlySOlFI7pg1X8TBYt4EQBUUZQqCZ2G
cRx6gafjUHm+8kIN7wmld0SQPL802cyw5rwJEg3t+Uni6zzLUz9Rme942nPDKAsdkI49JwE+jyjV
Zb2n4SSpjrSMskWUe9r3syh2AZ0k8xLleSqIlLvQbnbEDVcXa+C1tOwQ8LRaBF5KW8ZOiCAAgUIn
SlSg8zwJVLLwAy3d5EjnZb1iCgFRiBTZx4Gyw1DF2NZ3nVgrYHaRpEmUw5zKCfxnFGZNv261zLod
qcjNF8SJyn2oWXmBBhva8aRCGI1iR7oAr6+OoLtzXyaRRYH2wjBMAc8k1EBNEC7gx2GGxblyffCY
5OqQRJX2O40ksQqkE6QwZ+KGGqEg9jM/dRSUnnrwJ1emsJl7SGH/c7ZpjkLzm/9BnJ2QbOU9oh7z
5QYAtfZlHLkucLhwtJtLpaLIC53AcRGqgmCh4fip1OolKrOiUYbS3H2TeJ6MgiCATJFaZFLKkP4f
+57rADdaBQs/lvpIzV1V179qqyb3jSNVjEgLvLoqcBPp5lA8fCOAlH5I0TNMtMfAaeWm01vCcKk5
7bJbkZ8q/LcItA6178WO76bwgsBJQxdY1DqG2tMoUo7cExmGwiQPxE1E+iRNF3ka+nEcJW6eLfwF
4BEEmUqDLMJqlXtBltPy9bDppBzXPw/N3XaT19UWhiy3KF/LmbJF+ANYJVzAq7IkXCQLnSBy+HGe
ZV7q+FHip2GOrKEjKBQYe4kW4j1XZ4aW+8Z1HQdZRGeuTODAEtQSqV0PkRmhH/nG8cIAkfb3aLkT
vnQEUCS5nxHccySQJIj9PHYdFSgfTPmRt0jwL2g96nRT/yrb/owKlNamTEoaURIFagE0xE4Qu4GM
Aw8g0A5snCEiy9TJ3Rh+dUAEPcJ6RoEXdEwayxI/yRc6g+sqQCJNE0UZM1SpE2bIZeAtcRYg89uu
pOeE/g4pHIHpouhkytFpVwEdvzk92Zc/FJqp7pFDv67bzhRRsinww/jfCZ51RQuzXSGU6Qb1h53c
1Xl/MR3YyIIodwNSalqn6Zaqmru7Iy7u7j5KLk8otlOZdnVz++Xq04cLo56u6Il1qu4u9MMtiuNu
ItFu6FAUFznxT1SxTeWZFIDiVsvNyR8J2LfDf1e+kYe7uwk3Vpib27efbj9fH4iy7vumW56doWxc
D+kcFdfZnrOzHQ22KprSDTqoY/5RwM6btWyJZWAPos9REEDNPRd1J6+ud0/iXV3lxUpQF3nX3lWv
btAtXaleuJFwF0snWDoL8eX99wJVk0sTSlmtBrRy57pa0fOm7rPzu8Fx5CK/G/Lci/hfxf/yiB/w
vxHNNtzMmrrtz1Hk+R4NPq4h+axE53bOW2zk06wp5RZynbsOjawg5gZ9p3mf12giZruxOs9pFPJm
VKiOz81Dc46eHL+yIs8LNZT99pz3M7U/So5Zp/seXUZ3zpLpB13OCDnnP3y4uv37fqzTOptMoWB1
fnH5w9vPH25p1KBi9sug2+24O3BVzzoUrZaHh0I/zjKIKNF/nhu5n9L6aUYAtHMOcsB8uyFffyUI
/kKxlQZ7BkHGEtCCODA5jCdu1yhXxSiWQAeI1leLuoKluRFWsqI+Ga1vUalysM3vM5AQrZt6o+m4
o39Os5O5PhU13rQdkRQpiot7sUV7Z2mJIhewTpEXvAMMQ8cH5ZYI/6gfd+TOMp1LmKYTj3X1bS+o
wJatIPWh1iioTNwSh9zAs9yPazT9Q7NqJfXpc3Tk1UhseVcJ8erLWhNj1LR38EYBEsJ0k9ABeoiu
lHTiwK+Z1bLGNhAVv3TP+qKTEqWFKeBoZEOUDe5GB1gKjnL0olsPPTqxamaPOZbi7uQj+YR2t0Kt
7wZX64XAgOu6POxPHnIfjnTCnL8ty/pRkCNQS2xjtngopPgPwhbNYZDN7KsJC68uGYR2EZ9ekDMI
mBRaI3LpVlhd03yL2d3rKakvSH2ADBQvs0ygATL2Ib3DIvdio2U3tHwwJGCVVBPX0J7+ZZB8VrIq
HjAXlf2gxXd2UwSQ10Td7KhnraYgMINdVivdLvGa9/5x2KQwCWD3tttW6lZ290BGew+gzXnC5w62
I+yPktK0dVtX9QDzYnp3SgvQJVs3h8Oc8ikbBKEMwLpBuKWxzVABYjTFEL/R9qgIMGzrpwIQ1FAD
RGJoVzvmSLeWofc5gZnmEGhPRdF/C/X1LS8z51uMqaPF4jvIMMCxPFYLizGzki6Z1DGYJaOjHaqK
zJlRKKobNgKfCnRzgeRgf9sTLtXKbn069U6LHNJI2w5Nb0aNwvjIC7xZudi48Fpu+TPjMfKhLjKw
/TIHhBHCHPpuOtCcT4CGyTMzaYc0BHoE8HZrvPbfyjoFeiiLCjMOR9gUPTn/Rq9kuu2hcXFjVO2w
ck2JwMtvyWqPBWueEQWvfpwZQiPIOpYwL8AiQha4r5hW3mo9bmlADmsN5MdiReeKNcUIQgVttGI2
Z8zaUjgkBXbnGG06rP/3ElBZ8kf8Ux793/Hf9XXDLNj4umPJkusEwkdDZXG2Y4h2Hbly0UdaxjgI
fGGvsPx13/4fcMh+wSxRxBBqaOmoFJ6un7QaOPrWhmXjkZTNdrP1k0I90O0lMoHr6vZyKW7/9v5G
fHj/8f2teHt9/eH95Y24vvwkULD+++WnU4FJ4vYKsy7Fl79dfbgU15+u3l3e3MyPQ8CBPrwwsuq4
1m1Rc8amQNyRgGqtOSSzNnbB1oXuUTNkHFt4ygyhUJswy6RQ90FOBGigieT9PbAZkKFEowxJR9KP
djOmbIgg9O4DOZXGdo8ryiFUCPCC+fPZhAVbU8NsjVZULxjNErvGrmbtTgbASzfdXlTfsbJ2r19m
yUruW8lXsk3hGbN9i8wB6GXtsqsRO3aVsKsQu9GkDFydTDlB5TYAg69Px5xwDMIRhia95jloGXk3
execiysT8w3gUV7UQ5nteCmQRB4rsee/M4QbZh+CRtRHVXa3HzhYPEuSDB1DYSdb3tabMdma1XbG
bArNqYVJGmvJZ9gQL0DqAB03Y0VJJmuxE8HQAjkbNo0pv0yNJ+yLGb0Y7XVBk+wC5p3ZHCXAE9I8
nF2+oGAkbSQ+7PAAkHXdoDvz9a3Tq7EcpaBFu+25Oh0NaWoEW3XODTc09Xf1RB2NWg/VfTfy/k42
NFpshg1yLNJrK8bugAwpTP9juNjrlfzFqpI95jnGUI03liPecEZl8oCkG+wsdlGbV8eY5q+b1Ujf
TB5dyNCyE6eSceUwUxL+uZONWneuVVA+kvbAnSkwDJVGUtMizBoj4V46LLP6NPKMO9PkcV+jwJL6
BEv3j0n9EQ7vqkr3ZLClTREozdZ1aUrMdPzmaFhG1QQI2STDsc20RvatSS32ky4Vmya9vZpaaXxF
YbXd9kT8VMzciQHZeLzxrB+ZsSmAo/a+juVmlErIzEhOzQ4X+rQYg5atufgbakFg6ZyLO/Hu+vMp
1oKHFP71WGSAPdcKJnru6M+Y/lJEY9m9r8g71s5k7ly8zRCo1rLMz9BrmjYh08Cw3Qqbmo+64Hvi
iPu0NyF20NU8UVSjElOWc0FMfL6ursdie98hUi9BTD0ibdLCoamamX0+6m4+Wq/ril/1zp78Wd+a
saOEZ0smlO0GHpPUGiSeWfR6Lq7tmlK2K14gbatqscA75q1ckQiwCdTWNSVXLNR/bsA8ObtsyU7v
ygKzTEPdopnSXS8+3n5mTjuIRGLT125q4NmU++1MczEfY82mH2a0asncTvtDXal224w3GejkALUQ
CtZRTDTIdFgyF5yl1pKKAFFsoJuebAdr8AUMhKlT5gVGe2Cm16QJRF0OxEjRksN5Z0xqSgnM7S1G
SRJtDhBsqLPd1MUVF0kX72/efo/6iOupoWIMUcAeKFJSmMxMkVAQGO1FhWzab+zl3Pt6ptNhtRyb
tr8Il5o1W7KuEa74vRivKphTB/LmqqtN8rYe4RIxw7Wh9m5d1x2fTIy9mh67cY7i9KFPdPJhzBZ0
LmRPuPgj4D6wEWN8tmiKNnto88+6qMyJAGvqW/FTWj+R57fi/YX47qfP7y9emwsS4AHzH2E2MkyB
dA/noB6uzax+TPkBb6j3tqvg7T99/2Gkb/u7yci3vBkdjXHhwOa1pQjLVo9HSDaNTk628py3xbsi
386ehiLbG2Q8XZue3tzy8YtxNXPXx+iA51q/Gjp7DKQQRHoTZu2amVmzNPOzlLYxKcSGR7sL5UBZ
rXY9SkXLyuNUfDrOOji+e/HEzCj37aYeKHrkJtfZYAKVjaql3E7RkY9CYH76zckZiz9xqp4sZsEr
bVpvuq3CrbbOyfe7Rj4yKAijhjpDi4YPk74RnzbaiY8YKOQxq5BFcdYSGvn0JS6dl9mULShlQo5w
B7PjYvq748Y/OuFJy1qx+3ZFZnIGX7yBTQG4bkinWlhREsUMnZnUyQ+71MZHTRYcUildau4UDLx5
17K4xxbUJ3MkKiVEX7X1Y782cQxbSLE21CZBDt7f9SYlM7Mz0sbI2myvGiPa+4tuIheFabK8oSbM
7YWdmPbIaSxzeM2BkUBvJjzxCmyiVd4bcn+stbPl/LkxbfB6lAV3s0gmaPUMipq6GcrRbewD5Xue
Y9OG79GG3AaRlLwTZVyKXCgJbIPBh9zmIG9pSx06d+Tm2gybSsEiC4zsI3S2D3rkmTO6VnY0tAsM
h8PNGjV5Xk9yOuLBzHw22c1cw25Lw8q82WyaeVEzxwh12w01h3Dlng5aVbdnndKUfS/271kEDnNy
tWr1yh4p2vNHc8xCN4vuj+Vj/hBrri6ultDHzCYFUx9Q+HrUpgORcPJH3rFjxvcC8Nh88lUAeXqn
+aEBV9Y4z5QKg5r3FkyohOj6DueySb55R4f3enqWd4rk0Kwl3EJTZG+Jh7EubfgKHXqPGcXFipKh
eTvmLpM55MHZoP3yNkm2A2pw1DYcW8cQZgmylc37cY9nVjVyTc3aF5t9BrHZmIjSfEI9JQyyIoVx
2pAPPe2i8YB7vt/AvpnuMGruj/O9TSbGksYDJmdJlgbI91af46nR2g6aENfuOgkbHegQHs1axmVQ
ke8I0U2VoTWfZPj2oz1KMZEX9Gx0GvMtajLZ2T4NpbXcNOX4RAUQeLS2Wo5GM++AUTrTW4p/cOWC
ovWUD/l+JqLcgu2T9/RTEYtBlXTLAZ6OUcZPb3w+8lIe5fjM7WPHHQO337BPAV5tETBl3+zLPJif
gj7WUa4yOXW/41L88OHtrRmkVkPTydqf7b2o0zB5gkSVPvWfsqLtTzno/tlWeuZjy/TQwjgxJTqo
1p4pysGiroSx1Ja+OQ2qH9ox7o6dWrv7SsNBBXSQjhR/JutGPc3GTzyAgCnrX/3A0YS34vkHRLgu
tiNfJyMzri8nhV9tan++J9vZJlfdU5vU7a4iF2hQtqaQ43kkL1hBC2YyhXEVIyXTR2W0a6lPTk/0
E8p8LvvNfYNWT68kpspeItqN0Ne3KpPtwVi9+ZrVPcLdwai9J7IfGNpy+kyBYfqcF2WvDwivNgcX
JNHhHPBSwLcepgN07W/6vEnNt8SDMfg5z6I7PzTAHQp0Op3UqEM9fNL5/orObrTjUN8dDqF82kxH
bq4/HGy/7X4p+Z6n/SV2r/r6XlfI6Acq2MqNuUbizelm1a9FY25FJHO6TfiruQi1m43Hp82hkmvi
xnMc33U9utd3fXF1IGlWf2VOjgcxVBzaB15fdd3BxJuC/PqnjwciHnGARzo+OBQLg49tcWTuyb23
wF5huV4fQY0qJr7T6I03rggIK3PZEUM+FEVXemxLMd5eo6XUY9Z2wCoLjUhpUEhocOwNfapYDmCY
PbNgcWB0VpU/HUIbN3BQXg0GWiP9/6Sq6+qaT8H2C3777b8Az3V8uw==
===END CRASH DUMP===
