PocketMine-MP Crash Dump Thu Oct 21 20:56:52 WIB 2021

Error: syntax error, unexpected token "}"
File: plugins/ChatManager/src/Main
Line: 32
Type: ParseError

THIS CRASH WAS CAUSED BY A PLUGIN

Code:
[23] 		$msg = $event->getMessage();
[24] 		$this->getLogger()->info("> " . $player->getName() . " : " . $msg);
[25] 		$event->cancel();
[26] 		$player->sendMessage("§e>§c Hãy cảm nhận bằng cách im lặng nhất...")
[27] /*		$this->getScheduler()->scheduleDelayedTask (new ClosureTask(function () use ($player, $msg) : void {
[28] 			foreach($this->getServer()->getOnlinePlayers() as $players) {
[29] 			$players->sendMessage("> " . $player->getName() . " : " . $msg);
[30] 		}
[31] 		}), 100);*/
[32] 	}
[33] }

Backtrace:
#0 pmsrc/vendor/pocketmine/classloader/src/BaseClassLoader(105): BaseClassLoader->loadClass(string[23] NhanAZ\ChatManager\Main)
#1 (): BaseClassLoader->{closure}(string[23] NhanAZ\ChatManager\Main)
#2 pmsrc/src/plugin/PluginManager(211): class_exists(string[23] NhanAZ\ChatManager\Main, true)
#3 pmsrc/src/plugin/PluginManager(398): pocketmine\plugin\PluginManager->internalLoadPlugin(string[60] C:\Users\nhang\OneDrive\M..y t..nh\FLOTV\plugins\ChatManager, object FolderPluginLoader\FolderPluginLoader#54, object pocketmine\plugin\PluginDescription#22952)
#4 plugins/DevTools.phar/src/DevTools/DevTools(70): pocketmine\plugin\PluginManager->loadPlugins(string[49] C:\Users\nhang\OneDrive\M..y t..nh\FLOTV\plugins\, array[1])
#5 pmsrc/src/plugin/PluginBase(136): DevTools\DevTools->onEnable()
#6 pmsrc/src/plugin/PluginManager(425): pocketmine\plugin\PluginBase->onEnableStateChange(true)
#7 pmsrc/src/Server(1322): pocketmine\plugin\PluginManager->enablePlugin(object DevTools\DevTools#22907)
#8 pmsrc/src/Server(974): pocketmine\Server->enablePlugins(object pocketmine\plugin\PluginEnableOrder#22897)
#9 pmsrc/src/PocketMine(293): pocketmine\Server->__construct(object BaseClassLoader#2, object pocketmine\utils\MainLogger#3, string[41] C:\Users\nhang\OneDrive\M..y t..nh\FLOTV\, string[49] C:\Users\nhang\OneDrive\M..y t..nh\FLOTV\plugins\)
#10 pmsrc/src/PocketMine(316): pocketmine\server()
#11 pmsrc(11): require(string[85] phar://C:/Users/nhang/OneDrive/M..y t..nh/FLOTV/PocketMine-MP.phar/src/PocketMin)

PocketMine-MP version: 4.0.0-BETA6 [Protocol 471]
Git commit: 46920818b5de1632991c29620b4822fd87f7946b
uname -a: Windows NT PC 10.0 build 22000 (Windows 10) AMD64
PHP Version: 8.0.10
Zend version: 4.0.10
OS : WINNT, win
Composer libraries: 
- adhocore/json-comment 1.1.2@fc2f76979f0a44a5f5bc2a2b600d0762fe0e78e7
- brick/math 0.9.3@ca57d18f028f84f777b2168cd1911b0dee2343ae
- daverandom/callback-validator unknown@unknown
- fgrosse/phpasn1 v2.3.0@20299033c35f4300eb656e7e8e88cf52d1d6694e
- netresearch/jsonmapper v4.0.0@8bbc021a8edb2e4a7ea2f8ad4fa9ec9dce2fcb8d
- pocketmine/bedrock-protocol 3.0.0+bedrock1.17.40@ea9e22563b3d56f3b94b4a132c725912d029c101
- pocketmine/binaryutils 0.2.1@8cd078e2426f8100331f2d73bef10f481dad6cde
- pocketmine/callback-validator 1.0.3@64787469766bcaa7e5885242e85c23c25e8c55a2
- pocketmine/classloader dev-master@80226e0917be79ac3230606113e25134a31e6a85
- pocketmine/color 0.2.0@09be6ea6d76f2e33d6813c39d29c22c46c17e1d2
- pocketmine/errorhandler 0.3.0@ec742b209e8056bbe855069c4eff94c9734ea19b
- pocketmine/log 0.3.0@03ab1316da0b1978a7a1c8dd73e1c2a973cb62ec
- pocketmine/log-pthreads 0.2.0@6be3445c48c62eba3922f987f000bb20c81d161f
- pocketmine/math 0.3.0@83ec067b12c066fc61d9fb129daf7e61ef3b1d63
- pocketmine/nbt 0.3.0@98c4a04b55a915e18f83d3b0c9beb24a71abcd31
- pocketmine/pocketmine-mp 4.0.0-BETA6@46920818b5de1632991c29620b4822fd87f7946b
- pocketmine/raklib 0.14.2@e3a861187470e1facc6625040128f447ebbcbaec
- pocketmine/raklib-ipc 0.1.1@922a6444b0c6c7daaa5aa5a832107e1ec4738aed
- pocketmine/snooze 0.3.0@fe5b1dbf0d6267da882d1f67924772bd93db833d
- pocketmine/spl dev-master@b7a8904f912c1f6d38ad867ff1120614ccb80171
- ramsey/collection 1.2.2@cccc74ee5e328031b15640b51056ee8d3bb66c0a
- ramsey/uuid 4.2.3@fc9bb7fb5388691fd7373cd44dcb4d63bbcf24df
- rhumsaa/uuid unknown@unknown
- symfony/polyfill-ctype v1.23.0@46cd95797e9df938fdd2b03693b5fca5e64b01ce
- symfony/polyfill-php80 v1.23.1@1100343ed1a92e3a38f9ae122fc0eb21602547be
- symfony/polyfill-php81 v1.23.0@e66119f3de95efc359483f810c4c3e6436279436
- webmozart/assert 1.10.0@6964c76c7804814a842473e0c8fd15bab0f18e25
- webmozart/path-util 2.3.0@d939f7edc24c9a1bb9c0dee5cb05d8e859490725

Loaded plugins:
CommandDisabler 1.0.0 by  for API(s) 4.0.0
DEVirion 1.2.5-ALPHA12 by poggit, SOFe for API(s) 4.0.0
DevTools 1.15.0+dev by PocketMine Team for API(s) 4.0.0
NotificationSystem 0.0.1 by  for API(s) 4.0.0-BETA5
SimpleNPC 3.0.0-snapshot by brokiem for API(s) 4.0.0

----------------------REPORT THE DATA BELOW THIS LINE-----------------------

===BEGIN CRASH DUMP===
eNrtW2lz20aa/itd9FRFniUoXMTBlFN2JHvjWtvSWvI4NWHK1Wg0SIxwMDgkMSn/933e7gYJUoqT
zOTDfshUxiYa3e99o/3LJKubknefbmXT5nU1WfjTSZeXcrJwAs+PXD9w3JkbhvM4nk76jXk187ww
iMM4csMosqNgOil4271smrqZLH6ZdNsNdk0uedNKvTidlLJt+YqW223V8Xsm6cWU9ZW830jRyZR1
9Y2s2HLyeTnBgawvild5QSfOFsvlhxYULpfVmler5fKikudNfiuXy7fL3rals2Wd+pFW6+Xy1ZuL
638sl5uiX+UVDp2tefeWV0DfLJdtI3CK59Vss94QHo3DbD4d7T3F1lPaiV1FXmGX50I6DRf4+cPk
ic02JW25lVVaN6ebWtzIrsTGUwFxtEXNUwPkW97KM1p7o9ZOHHv+dMGOVq1v6IRaOGm7Jq9WP7je
j+wdOH7xzyMmiKqnIOuJw04eg/SLKOq2b+Tn3w/JNdzQ/7UwTi/VX2bries4QKVY+yTv87b7fWRO
Wdf0UqHwfguFF0dAsRfkoMPl8mCf9U1edbKpeEH86lcDLYH9I/uivcxmsJXZ7DfsZMrq5F8wS/aq
LiBRjUNLF+cerD2Z+7sTv07+uWxFk8OJ6uqJ68ZzV0nFZ4Ptncvb67ouWlgm14YzrOx+nIT275NQ
sZPMTk1+/O+LZsp40/DtD86Piub5r2mSLPHE8QIQOZC8XA6/rG/q6mXFk0KeKCjBb9mD786/yC1h
2wO96ngnz4grebKzuXCE40o2t+R9nuv+PiFKBdcYmFHvQ7ZIl3aosEUPscWhf4RMvziE3p78pvVo
Ji8aMjfXjWKNMR5hvFRn3+LsiRt7v4L10ydRV7CIXnQDzqPw8cR91Jb7Lieuyaff1CvI54k3ZYNp
OX/YtPZn/wOz1DHQflwGnhMcyaDVKtGnHH3qRIW1Rv7U540cXCWa/8jICRenp2eLU0XZqSLsdKDr
dE/WqaJqhNl6e7l34d3y08mPn6cT+ecmyT+UvIBe7/yUV7d1cStLWXU4noJz0WGjqFNJtLkeVpfd
svtb2a7YM/Y3iRzXWd+swIgm8eTp19jv+sO+bp236r02jZOnFKOz+mQ5+QbEshn726bgW7I/7HnH
SwDAIt4szGsg0iDnA0iDU/BKyMLgC4aXA7QWuXcgaTmhEoCH8hv9t2DfqZrA2zKx7B3JvZLBiOhX
WrGEfiROtaKXVEKINctLVqjlEMtm6xw6ni0nZDNuCPSnfz9k+EqsZdoXmufWPJxLoi+95u0NO6nk
HTvT+ZgWTrK+EpQDkLpZ30p2YriZailAJLd1nrJfCGNkGF52KNQkF+uTEWZjzerhoiItXypALQDz
dhB5+1SDineghhfH4vuDqvJsA/EzPTjDw9Mpc2z76dd/P6VlVy2rHWRUnyef/yqh/iqh/iqh/iqh
/iqh/iqh/ngJNZ2sZCUbXlCdUvFS1VDjYyAsgTL2E42JP7NntvXty+sXAb3s8yKdLFzb8aeTvP2U
ytvJIuNFK1EdNXVXixqw/dABppyqIz+IXTtyomSeSifw3Dh2hBsHrp34ketmaRRmYewHCWD3hqCP
OdLZXcveXbPLM2TDmc0UWua6tm2zk+G9Yz9lL96eBz7O0jRiMYlAq2Pj8WdkREO7esbrT3VLsF+/
e3eNBfVwp+o7UZebGgL+VORJw5tctiQcnq7BSyNP/9XWlYU9ptpzZs7MfZ4JN1MznMzmvs/n2TwR
LneTwLZTOwzcTNoyjGRIEmtycXNa8m6N0/YsnnnPBZ+HqRNlthtlkZ+FYZi4ThCJ1IkdJ7FTKV3P
97jE6ZRDExz8lqeCF0XCxY11y4s85R0VwpDZTVXfVc/N31TUrpq6beUpWOZtRXXFrTvzZvZz14bw
bc8T3jzzPdRsSTAPZCgjGUUim7upkwZB7BPWSnaNbCVvxFrxX/LNRhK6W2UNz6MkEbbr8EimiSt9
FI3czSKe+hmPpYhTId1MJFFKkt8XJYlMGzxZezuZeATuv8wLiDac+fZzCSCuOw+8xEvnQeYlsZ/4
HEFThO48dtwUjAjHdo6g5xVvtipGKEG7M+c5RGpDDa7vBlmEssrznMxNQy+RmWNnfuSkPA1EKg8h
PSpoB5R6zwM/jEKYdBgEieDgex5Fc4CX0Vy4nnDnMhLzOXePAO6rMeoX5K1V8hb1w/PIdt1A2rET
JjKMufBczw7swHE86c4dz+eeIwMezY/A1YUiiXi0n9txIgPJgzQMMld6XhpEDnQcpxCS6wo/EE4o
nfSIJNUaIZ6khdSgyEKkCH03ce1YRvY8SBJwNbeDWPgyy2JfxKHnS+7EySGool7tINgeTxyEvZTb
iROHEQ+5I6IUIkeH4HJAEEngSvEAgrXp1qjQ03bHV5BIz/fnwo8ETiTcixEuYoQLxIAERApozwmc
7BDUzs+ImsiTwg7CxHHxV5CJwEnjDE9xyrNQBo6EbcHovUMQVdLtIMSR8LntJ9Bp7MwlfDbyUi+x
BYSeuDB8hyci9Y5Mcf/TKjeHIfT5H4iHI4gNv0F0UmQ5PuKP9HgEM4Ethui9Mi5EELhz27cdhBTf
DyUcNOHHctZQrHwjNCR4CITKA9/3wVIgwpRzPqf/Is91bJiNFH7oRVweeXJb1fXPcielTM4hxySz
08ANACSKEEyyIIxdPwzdJI29NIlgmUdANsWhNyQhj2Lbz+DiAsdTIE6jIMwyx3HhFL5ASLGdkITd
8LKVW/KEQqpuUHmoC8kI/C/0pZxLz41sz0mceeDbyRwdTyBlBOUlQSBsvgfS97nOFQiTCOxxkoRZ
MveiKIidDJYLm019PxWJD1OBXDPXT8nqmnVftpwP5x9G4nZbZnW1hTkU2ywvCkuYqcUtSCW5wTfT
eB7GoYzTLPaiLE3dxPaC2EvmGZKEDKAXR8jHYCG8R/YOlvPcofDmezJ1eIwwwAEt5tKBSQlEeqQX
2537CDO/BssZ0SUD2FaceamM5zJDvoj9yKMAKnzhgSgvcGGjHtUDdzIp6595050ixMnGZEjKEUEc
+CKEUUU2Aq3PIx/W4En4bZY684QnduYgNM8PgGzgvhbFcMDRWQvGE8NZU+EiAHEnSWJBCXIuEnue
InWBNtS+APN5N59R+fsMGRvh7TxvqWhtRvXO8ZvpZF/sUJSneoH33bpuAOgHlEx8k1O7rbyYSihd
Nqe7uieVG5QbZnNbZ935eKGkKdJi0vbIoEmdJFsqYtDqHVKhy1qaNiFNUFF2cXX98eL9m3Mtnjbv
iHRq/89f/iNvFLU7jnZLh6y4s7n14s3ldy8c94AlOOGKirPp5OrilZz8WRxqqMvlraJluYRnm18j
+gx7V9cv3l9/uHzInOloxswNS4fMOXMUDlR9HnC2r2XZteTlF3mjDu13svaw5foyK+uu27Qo3SGP
dZ/MUD2OivNdK00Mv6u7PMsFpxh2tUUYLEesP/JyLASbqtsvGatKOfN/W6HDROUhGb/fWq/yclPI
d5dnI7b2a2NuVClotRXftOu6O1Rr0tQ3uSz/NFM18NCPVRuBznRE0Bc5ekSvBtTpHoYKRBzJRSKp
HVnl0JgR5boXnKEaRmToVNsxeXK5e2JndZXlK0ZD6mWzrJ5c8Y5doCV2AuaEC9tf2CH7+Ppbhrre
oQ0FusOer+QzifYVz2Xdpc/0LDdb9lnmBupPof5UK56v/gxot6bG2tRN9wxtiOfS4t0afFtF3mJN
geT3lpl+PnNsWlmBzbJOpX6f1Y2Q1m6tzjJaBb8ptVLD8+Z28wxhAb/SPINh9UW3fabw6eYUBbfV
yq5DH9w+U5zJW1lYZD3PdP+9W2ulTEdbKL8+O3/56sWHN9e0qo3D+qmXzXbADrOqrRZtlaHhNpd3
VgoWaVL+TPN9n9T3Ftmf2XNQuMy2JaWnJ4x8gAmlpb5R3qGUxSAFdqByKI9dr9FQsYEtxhvJurVk
dQVNd2uoVvCqqjuWSJZXouhTmeIHe2AkBOuqLnEyIwDHMFueySmr8aZpCSRLUFXfsG3dNwYWyzMG
7cCjFQYohj5fFFsC/E7e7cCdpjLjUE3L7urqq45RC8gbRuJDkZ1Tk7QlCmmgrvm+W8uK9ZtVw1MA
mC0rsioNbLGsGHvycS2JMNbVjEbnDCDMDAYyQJfbFlx/pBlILWqgAav4JTslL0oqQjLdudBKSZC1
3Q0OsGAqFtCLdt13Kaoxy3wboiH87s6DUJ8oZMiw4DiO/toxesg8ONJEUf6iKOo7Ro4AYodxKbvN
Oftfsi3ao4zMMq9GJDzRYzNziIFwRs7AoFJIjcAlW2ZkTfuNze5ej0F9RLUGk4HgeZoytOhaPyR3
aOSGlZLT0J1GFQxaSSRRDenJn3pekFxX+S32oq/tJTsxSBFAnhJ0jVFajaQgYEEvNGNb4LXC/a4v
E6gEZvei3VZCfZy5q5sbGNpMbfjQQndk+wOntG3d1FXdQ73Y3k7pQJEy4+ZwmCmj6QsYoSSgZINg
S2tlX5mMo4FfKf2DJ5hhU9/nMEEJMYAlZdrVjjiSrSHodUbGTHvIaKcs776C+LpGHUsRnYW2qaPD
7AQ80JclV4lFsWEZThcK1LExc2UdTV9VpM6UQlG9UUpQc6t2RjNb85uV+WoNb294u56OvdNYDkmk
afpNp1e1wEgwJWgzfCnlwmvVUCrVHsPVV6++fZwCshGyuRqChnXNRoZGDZjetLM0BHoE8Garvfa/
izqB9VAuZXodjlDmHTl/KVc82XaQOLvSoraVcHVVq45fk9buciV5ZVHw6jtLAxqMrFUcZjlIRMhS
ny4JTNZIOaDURg5t9eTHbFVDUTXFCLIKQrRSZFqKtAWziQtgVzFajxb+33NAxcmX6Kc8+p/R33b1
RpFg4uuOJAOuZQgfG+rk0h1BhHWgyrFd3xCmgsBH5RWGvvarP4FC5ReKJIoYTPTIThWyE5P3UvQq
+taaZO2RlM12u+W9QD3Q7jnSgevi+uWCXX/3+oq9ef329TV7cXn55vXLK3b58j1Djfc/L99PGTax
6wvsesk+fnfx5iW7fH9x9vLqanYcAg7k4c4DI45LiQZHZWwKxC0xKNZShWQljV2wdSB71Aypii1q
i4VQKHWYVaBQ94FPBGhYE/H7a8amjQwlGmXIirYZZAqyBoLQuw/k1PAYHBeUQ6gQUAdmD3eTLZjS
GmrbSEH1gpYskav1qs/ueIB5yU27Z9WzDa/t08dJMpx7hvMVbxJ4hrWf6qgA9Lh0lasROeYUM6cQ
u9FX96o6GVOCyq2HDT6dDjnh2AgHM9TpNcsAS/Nb7l1wxi50zNcGj/Ki7ot0R0uOJHJXsT39rQa8
UeSD0YBa/8pge6WCxYMkqUxHQ9jxljV1OSRbfdrssMamOdYwcWM0+cA22CMmdWAdV0NFSSprgInM
0Bhy2pcbXX7pGo+ZFxa9GPR1TpvMAUW7InPggG5X3Ek4O39EwEjaSHzAcAsja9teUmDo1tDaaihH
KWgRtj1V00GRukYwVedMU0Nbf1VO1NGIdV/dtAPtZ3xDq3nZl8ixSK8NG7oDUiTT/Y+mYi9X8hcj
SuUxD20M1fjGUKQQWlQm90i6/k5j57V+dWzTVBtR1NPw9ebBhTQss3HMmaocLMHhnzveaNqkahWU
jyQ9UKcLDA1lw6lpYfqM5nDPHY4ZeWp+Bsy0ecCrBVhQn2DgfhnUl+xwWVWyI4UtTIpAabauC11i
JrwTa1WKK5JRNcGETJJRsU23RuatTi2J3BWbOr09GWtpeEVhtdl2BHzKLGekQKU8hdjqBmJMClBR
e1/HqmaUSshUc07Njir06TAWDVkz9h1qQdjSM1XcsbPLD1OcBQ0J/OsuT2H2qlbQ0XMH31LwFywY
yu59Rd4q6Yz2ztiLFIFqzYvsFL2mbhNSul9lUAEpo5kHGdjIEfdpbwTsoKu5p6hGJSYvZoyI+HBZ
XQ7F9r5DpF6CiLpD2qSD/abaWOb5qLt5a7yuzX+WO31SWT6osaWEZ0omlO3aPEap1Y9dfejpjF2a
MwVvVuoAN62qsQWFMWv4iliATiC2dlOoioX6zxLEk7PzhvR0VuTYpRtq+lAv2469vf6gKG3BErGd
9B2jBl6pco9ONxezIdaUXW/RqYWidtwfyko024329YzR5AC1EArWgU00yDQsmTGVpdacigCWl5BN
R7qDNtQ/RkCYmipaoLRbRfSaJIGoqwIxUjRX4bzVKtWlBPZ2xkaJE6kHCCbUmW7q/EIVSeevr158
i/pI1VN9pWyIAnZPkZLCZKqLhJyM0VyUTMf9xp7Pva+nMulXi6Fp+4Y51KyZknWNcKXeM9PDt3rq
QN5ctbVO3sYjHAKmqdbQztZ13arJxNCryaEbV1E85R1nLb8dsgXNhcyEy6J3+8BGhKmJsS7azNDm
X3Ve6YmAktRX7PukvifPb9jrc3by/YfX50+hd7g9aMD+O6iNFJMj3cM5qIdrUiMfXX7AG+q97ip4
+/ffvhngm/5utPKVQkajMVU4KPWaUkTxVg8jJJNGR5OtLFNo8S7PttZ9n6d7hQzTtfH05lqNX7Sr
6X/3omWg9hq/6lszBhIIIp0Os+aMpc8s9P40ITQ6hZjwaLBQDqQbVEOPUtGx4jgVT4ddB+O7Rydm
Wrgvyrqn6JHpXGeCCUQ2iJZyO0VHNQqB+um3Ss44/F6l6tFhxXgldeudSA0skXTLFGGE3ymjIBvV
0JVp0fJh0tfsE6Id+4iBjB+TCl6EylqM7rA+RqX9OJm8AaSU8cHcQexwmP7eUeMdTXiSohbKfds8
1TmD+OHQKQyu7ZOxFFaURLFDpjp1qoddalOjJmMcXAhZSNUpaPNWWIv8BiioT1aRqOBgfdXUd91a
xzGg4GytoY2CHLy/7XRKVsRaJI2BNGsvGs3a6/N2xBeFadK8hsb0/Zodm2bkNJQ56syBkgDPYi57
AjLRKu8VuR9r7XQ5e6hME7zueK66WSQTtHraijb1pi8GtzEPlO/VHpM2PJcQqjaIuFSYKONS5EJJ
YBoMNeTWg7yFKXVo7qiaa72sKwVjWSBkH6HTfdAjz7ToWvvR0i4wHC5v1hu6tj7K6YgHlv5ostu5
ht4WmpTZpiw3s7xWFCPUbUtqDuHKHQ1aRbsnndKUec/27xULKszx1aqRKzNSNPNHPWah29I3x/wp
+hBrLs4v6OadZZKCrg8ofN1J3YFwRtfPCWOrCN8zoNZmo68CyNM7yfcbUGWU80CoUKh+b4wJlRBd
MFO5bJRvzmh4L8ezvCmSw2bN4RaSIntDNAx1KTJGJhv0HhbFxYqSoX475C6dOfjBbNB8fBsl2x41
OGobFVuHEGYAKi3r9wOOB1rVfI3V2uXlPoOYbExAaT9ZPSUM0iKFcUKohp7m0DDgnu0RmDdjDIPk
vpzvTTLRmtQeMJolGRgA3xl5DlOjtVnUIa7ZdRImOtAQHs1aqsqgPNsBoitafaM/yVC0GUYpOvIC
nolOQ75FTcZb06ehtOb0LdE8UQEEGo2uFoPS9DvYKM30FuwHVbmgaJ2qId+PBFS1YPvkPf5UpNig
SrpRAZ7GKMOnNzUfeSyPqvis2sdWdQyq/YZ+ctBqioAx+RqvokH/ZPSxjnKVzql7jAv26s2La71I
rYakydrX5lLgdB7fg6NKTr37NG+6qQq6X5tKT39sGQ8ttBNTooNozUyR98bqCihLbJm+fNw3Q9wd
OrVm95VGBRXAQToS6jNZO8jJGj7xwAR0Wf/klYomCpXafwBE1cVm5dNoxVL15ajwq3Xtr/9hg2ly
xQ21Sa1q6BDckhwNylYXcmof8QtS0ILpTKFdRXOp4KMy2rXUk+lE3qPMV2W/viLTyPGl2USY23O7
Ffr6VqW8OViry09p3SHcHayaq037hb4pxs8UGMbPWV508gDwqjy4wosO54CWHL51O16gi6nj5zLR
3xIP1uDn5q6EM6NbMKpDgUzHmzbiUA7vZba/VbZbbVWobw+XUD6V45WryzcH6LftT4W6iWx+sd0r
9S/RkNEPRLDlpb755KqLHT/nG33XJZ7RHcWf9RXA3W483peHQq6JGte2PcdxYyxcnl8ccJrWnxQl
x4tYyg/1A6+v2vZgo77i8P3bAxaPKMAjjQ8O2cLiXZMfqXt04dMjfvVdnsv1kbVR0aQu9brmuiEJ
Jl/p277mLF0AN13FcCeRjlKbWZsFV8sLvUihDZEMwtihpKLlwBLTB0rMD/SupOWNl9DJ9Sour3pt
XQP8f1LhdXGpBmH7A58//x8MLql/
===END CRASH DUMP===
