PocketMine-MP Crash Dump Thu Feb 10 20:57:14 WIB 2022

Error: emretr1\rpsolution\PackSendEntry::__construct(): Argument #1 ($player) must be of type pocketmine\player\Player, null given, called in D:\FLOTV\plugins\RPSolution\src\emretr1\rpsolution\Main.php on line 52
File: plugins/RPSolution/src/emretr1/rpsolution/Main
Line: 104
Type: TypeError

THIS CRASH WAS CAUSED BY A PLUGIN
BAD PLUGIN: RPSolution

Code:
[95] 
[96] class PackSendEntry{
[97] 	/** @var DataPacket[] */
[98] 	protected $packets = [];
[99] 	/** @var int */
[100] 	protected $sendInterval = 30;
[101] 	/** @var Player */
[102] 	protected $player;
[103] 	
[104] 	public function __construct(Player $player){
[105] 		$this->player = $player;
[106] 	}
[107] 	
[108] 	public function addPacket(DataPacket $packet) : void{
[109] 		$this->packets[] = $packet;
[110] 	}
[111] 
[112] 	public function setSendInterval(int $value) : void{
[113] 		$this->sendInterval = $value;
[114] 	}

Backtrace:
#0 plugins/RPSolution/src/emretr1/rpsolution/Main(52): emretr1\rpsolution\PackSendEntry->__construct(NULL )
#1 pmsrc/src/event/RegisteredListener(75): emretr1\rpsolution\Main->onPacketReceive(object pocketmine\event\server\DataPacketReceiveEvent#29636)
#2 pmsrc/src/event/Event(62): pocketmine\event\RegisteredListener->callEvent(object pocketmine\event\server\DataPacketReceiveEvent#29636)
#3 pmsrc/src/network/mcpe/NetworkSession(394): pocketmine\event\Event->call()
#4 pmsrc/src/network/mcpe/NetworkSession(358): pocketmine\network\mcpe\NetworkSession->handleDataPacket(object pocketmine\network\mcpe\protocol\ResourcePackClientResponsePacket#29683, string[47] ....*f9f3ee5c-c5b7-4200-917a-c526b7cbaa9f_0.0.1)
#5 pmsrc/src/network/mcpe/raklib/RakLibInterface(192): pocketmine\network\mcpe\NetworkSession->handleEncoded(string[48] ..`bd.J.L3NM5M.M6M2.5120..44O.r........-........)
#6 pmsrc/vendor/pocketmine/raklib-ipc/src/RakLibToUserThreadMessageReceiver(42): pocketmine\network\mcpe\raklib\RakLibInterface->onPacketReceive(integer 0, string[57] ..\$.x)..k.=J.g.H"`.[.6-Z5J.E&.y.R.... ..l....9.p...NQ#Ay)
#7 pmsrc/src/network/mcpe/raklib/RakLibInterface(122): raklib\server\ipc\RakLibToUserThreadMessageReceiver->handle(object pocketmine\network\mcpe\raklib\RakLibInterface#28169)
#8 pmsrc/vendor/pocketmine/snooze/src/SleeperHandler(123): pocketmine\network\mcpe\raklib\RakLibInterface->pocketmine\network\mcpe\raklib\{closure}()
#9 pmsrc/vendor/pocketmine/snooze/src/SleeperHandler(82): pocketmine\snooze\SleeperHandler->processNotifications()
#10 pmsrc/src/Server(1660): pocketmine\snooze\SleeperHandler->sleepUntil(double 1644501434.1265)
#11 pmsrc/src/Server(1046): pocketmine\Server->tickProcessor()
#12 pmsrc/src/PocketMine(304): pocketmine\Server->__construct(object BaseClassLoader#2, object pocketmine\utils\MainLogger#3, string[9] D:\FLOTV\, string[17] D:\FLOTV\plugins\)
#13 pmsrc/src/PocketMine(327): pocketmine\server()
#14 pmsrc(11): require(string[53] phar://D:/FLOTV/PocketMine-MP.phar/src/PocketMine.php)

PocketMine-MP version: 4.2.0 [Protocol 486]
Git commit: 44818e6d1456dcf1f0fd3cd27da1dfecbe03c08b
uname -a: Windows NT PC 10.0 build 22000 (Windows 10) AMD64
PHP Version: 8.0.15
Zend version: 4.0.15
OS: WINNT, win
Composer libraries: 
- adhocore/json-comment 1.1.2@fc2f76979f0a44a5f5bc2a2b600d0762fe0e78e7
- brick/math 0.9.3@ca57d18f028f84f777b2168cd1911b0dee2343ae
- daverandom/callback-validator unknown@unknown
- fgrosse/phpasn1 v2.4.0@eef488991d53e58e60c9554b09b1201ca5ba9296
- netresearch/jsonmapper v4.0.0@8bbc021a8edb2e4a7ea2f8ad4fa9ec9dce2fcb8d
- pocketmine/bedrock-data 1.6.0+bedrock-1.18.10@e98c511584a7bd58a95986374d2df4b04c6a2ba0
- pocketmine/bedrock-protocol 8.0.0+bedrock-1.18.10@017e57c8f8a74118bcbba7332e7ebac9e6c81693
- pocketmine/binaryutils 0.2.4@5ac7eea91afbad8dc498f5ce34ce6297d5e6ea9a
- pocketmine/callback-validator 1.0.3@64787469766bcaa7e5885242e85c23c25e8c55a2
- pocketmine/classloader 0.2.0@49ea303993efdfb39cd302e2156d50aa78209e78
- pocketmine/color 0.2.0@09be6ea6d76f2e33d6813c39d29c22c46c17e1d2
- pocketmine/errorhandler 0.6.0@dae214a04348b911e8219ebf125ff1c5589cc878
- pocketmine/locale-data 2.4.3@4d0b081f1a79407e087968ea76aaf330db6ea2b5
- pocketmine/log 0.4.0@e6c912c0f9055c81d23108ec2d179b96f404c043
- pocketmine/log-pthreads 0.4.0@61f709e8cf36bcc24e4efe02acded680a1ce23cd
- pocketmine/math 0.4.2@aacc3759a508a69dfa5bc4dfa770ab733c5c94bf
- pocketmine/nbt 0.3.2@3e0d9ef6b6c5fb45e3745a121296e75631b3eefe
- pocketmine/pocketmine-mp 4.2.0@44818e6d1456dcf1f0fd3cd27da1dfecbe03c08b
- pocketmine/raklib 0.14.3@4798576fec0364266dce23b368a7fec5e5de7927
- pocketmine/raklib-ipc 0.1.1@922a6444b0c6c7daaa5aa5a832107e1ec4738aed
- pocketmine/snooze 0.3.1@0ac8fc2a781c419a1f64ebca4d5835028f59e29b
- ramsey/collection 1.2.2@cccc74ee5e328031b15640b51056ee8d3bb66c0a
- ramsey/uuid 4.2.3@fc9bb7fb5388691fd7373cd44dcb4d63bbcf24df
- rhumsaa/uuid unknown@unknown
- symfony/polyfill-ctype v1.24.0@30885182c981ab175d4d034db0f6f469898070ab
- symfony/polyfill-php80 v1.24.0@57b712b08eddb97c762a8caa32c84e037892d2e9
- symfony/polyfill-php81 v1.24.0@5de4ba2d41b15f9bd0e19b2ab9674135813ec98f
- webmozart/assert 1.10.0@6964c76c7804814a842473e0c8fd15bab0f18e25
- webmozart/path-util 2.3.0@d939f7edc24c9a1bb9c0dee5cb05d8e859490725

Loaded plugins:
Biome 1.0.0 by  for API(s) 4.0.0
ChatThin 1.3.0 by Blugin-team, PresentKim for API(s) 4.0.0
DEVirion 1.2.8 by poggit, SOFe for API(s) 4.0.0
DevTools 1.15.0 by PocketMine Team for API(s) 4.0.0
EasyCommandAutofill 2.0.0 by jasonwynn10 for API(s) 4.0.0
FormAPI 2.1.0 by jojoe77777 for API(s) 4.0.0
MultiWorld 1.7.0-beta4 by CzechPMDevs, VixikCZ, fuyutsuki, kaliiks for API(s) 4.0.0
PacketLimitFix 1 by  for API(s) 4.0.0
Particles 0.0.1 by  for API(s) 4.1.0-BETA2
PlayerSelectors 2.0.0 by Ad5001 for API(s) 4.0.0
PureChat 2.0.0 by Vecnavium, 64FF00 for API(s) 4.0.0
PurePerms 1.4.5 by Vecnavium , 64FF00 & ProjectInfinity for API(s) 4.0.0
RPSolution 1 by EmreTr1 for API(s) 4.0.0
Slapper 2.0.0 by Vecnavium, jojoe77777 for API(s) 4.0.0
Sound 0.0.1 by  for API(s) 4.0.0-BETA5
TNTManagement 0.0.1 by  for API(s) 4.0.0-BETA5
Tags 0.0.1 by NhanAZ for API(s) 4.0.0
Track 0.0.8 by NhanAZ, Nexus9265, Mcbeany, EndermanbugZJFC for API(s) 4.0.0

----------------------REPORT THE DATA BELOW THIS LINE-----------------------

===BEGIN CRASH DUMP===
eNrtPIty27aWv4JVOrdOV5L5fqiTjh3b2abXjn1jp+m0yuSCICix5kPlw7bS6b/vOQegRMpOk7TZ
2dnZZJpIBIHzfgJQfx8lZZXz5u2NrOq0LEYzZzxq0lyOZqbnOK5hOrYzNS3DCsPxqF3pV44xdW3b
NAzTCkzfDuzxKON1c1JVZTWa/T5q1iuYNrqCDzU2HuWyrvkCR2VeyaYy5/NqVZdZ2wDa+fyCi+tL
WcQnRVOtZ7O3b0VZ1E3Vimbv8YwdVos2l0XDHpls76tVxteyeszytm5YJFmZMETIVqW4lk2eFnI+
V3MALn2OWdFmGVukN7IYM8GzTMYsLdjxbD5/dnp+9SMuaBdpUc/nLy8uN1TVlZjPH6T3jKfFdLVc
sbJgGWBkrgVMJoDlWZohl38fNMJTsDSA/e36fVi+r1fvbxfv41pYhxSBmgxUZsUFfP9l9MhgnwZn
z7VA9B/W1uS7vrZevDo9ZY+BBlDVKkfwhAIE3+y/lIu0bmQl41P8LGS157vvw4EkTL4rC8Qlm5dS
SNDeXhn9KkUzUDXBBoHK6gY1fswbPlhzgu8fWaFne0SXdY8umrHnIbsPAL5P9eQ7NCG16jMQZPcI
KmRzW1bX+7lYyf0X6uESXAdEsmeHzsMUEkBF1B5BdD4WohvsQNSz53OcPp8P50++W/IizuSWo4fY
3wGxqsqmFGWGgqzLthISlx5lKdAMIyuwHKmAoUgglDCwpLRY/OL4b9gU/nyThIktpSsmwo38iWMZ
xiQ0fQ6Plhf5IuI8TN4aU2NqEvPu+5iv+HWWRvsv+fVpGj0vQKUJ+MaeGVp/RQgnhShjGe911AZI
7b+jePrD9NR+ceaeTc+8M2vqQvCcTh3nfFpN9Z9J94XI9TS5oMO4rPa3dGh6J+lK8aLovipfgWFd
LSvJ4zMVU7VZVXvOBxhRAEERQwnc97IUXi1kxYyNMlxSxnz+1fTu8XR6PX3yw3Qx/X4++vf0l6k3
+dn9YXryj+l6+hLZgokZfobTFfz74l+PDtfEqf+pirGQn47ozp1AHB0HfyKLTksfYaDvkcojSG1e
SIQH71VRXZTlO0kcXWZSrmT1PaGtgHj7LyrjI9b8LrKybiv5h3L38C/QF+zaipo6nw/nATlVKUC2
L8omTVLBMTjXCq1p9BR6SerZMz3P+EjANT6/Kpo024vLNsokG5QcnquQmA8gMRxvB4l6M/muScX1
haK4rDSZ/YB/QWvOYM2ebTjvAdLPZ9p+nvJaHkGNU5+WPJbVI2vMHrAsSF1ZrVLXabkAD3q0DWfh
m365sRk2/TcPliGKdPs9pFv+rpCVZNQqHf73TBP9R/7WppXs4pRrv2GrJa9m+/vHs33C2oM8ObuY
4tsdhFiOPB69+WM8kv/vS7y/W5KBENXit2lxU2Y3ErkGiDEoSTSj7i2MbGHDKCYblHvowht4Dj34
FGiRbCDY3/GdD+/mzf4337CDG16xbb7+5Q37Zh9nBDQDczMgBUl9taL3NXvCfnnzLc4IhzAgJail
UPXvrq0BOQWwG54BANv4luaZQwhKTx0Q6x4B9FqttOklfXXUPIgPqWBJWwiUB+sbj4bb2czvtMyl
ZfPmq2aZ1hDE1JwnQzQeTfqDvvtblMGDKHkc65pnK85ObI/ZjN2Uaaxwhzu4lWRB9E+6+YTeNLbo
TVNp1TStB5HXsrnsCRkTNPsKvrRygNq0h6h3FKNWKOSORv7HlxbhS4vwpUX40iJ8aRG+tAhfWoQv
LcLfaxG68rXGWvVpWuZUtBYcP/XzeLTZbB6ZEJINGOFtsywrWPQLQOCrFKsRh97Bsyw4qD4ezUDc
cjyKwUSKWM+ty6Q57g/knGpnQqXEjMU3aAQGL84vr16fvzw9hqFbGdVpg1RhCXS05M3VElduiN0M
Dem1d+gdPSV+J43kOby4qCQUXc0/03z0mTiJCP58LoAeqOrgW4+yDzJ2fPJjWhHtG8Y2Q0PGrGkw
ZGwF5pliRXx5/kx+Lm4U0Pn8hkiYz2PZfeuRpbm6vDp8efXq4j5P8uaqLLO6z1M3NOTJdHe1tTVY
doUa+0xsdfiBjS0lf8LGsmlWNfgXyGLZRlNR5j1X2t/AAGZPeL0+KvMcQuJh25TQfmY9vh962xeB
dc+/Rr/yuixu10VhGp+L+x5IqDTvk/TxfvisrPLDi+c9DruRIVfmPa7KX0vp45/PxtQGIkReRcTm
y8ewctZmTfq6rLK4x01vcGip/tSYRLLhzpCto3dSLC/OwCDQoH5M79Lro5/poGndNnV7ncL3a56l
6XX9ufgWiHKVg2OCNedI7y3SCzrs0/6n7D9g3T1G9nuAQE6qrDxN87R5lt71ZLXzYiCv/4mUIRuo
B1MhhGpet6g/3nwveAXVRSbrARvdWJ8D6kXeywWY9+TpydWh9Vd5eQGsHP6MjGjkn8ADbZBcygwq
F6Jsy8nOmw8EmsPYNQzzc5mlgtbt9m2I+AS+oBjGzNlnqBv6ACc/SlHwm7TFBO85z54ZnxY5Cc+F
rHLy0SGDo2ecdnhqqEgB+k+QDsu2vjiZdOOjrQjeKtwgA0339tvHCkBRMZSAGhuGI2fqvkcEbMwU
GewfDGjG+vZ5kaRF2qw/l6oHfBJ1va8fw2lv43TL6mA39X2hZHSSV/Kq+mxW+95tq49h4zLjK+iG
ejx0I59gr58/MdaKiE/go2yLfhJUzx8fDQ0dDd2/Gw0J8cfTffXi6owXfKF36Df0D8f/F/gYEPAJ
/PBF3/fp8c+p1xg/l+Vs6AfMH0f2A5WEJgn5qSBN9xmi512Oggc5Go9eyLu2Di0PA92ZiCQv1vDt
pIDWHWrXqF38/MOzo8/OOZL4t1nHIyReAdON3O1quu6cCL1rZFFTEgEhHZUVgg1QychzJHLeLPsj
gmdAOKztj5X527hsCtkMRvXp33agrbL+c8ybwXvoAho5ALzIV/3HJa8HtKSiLG76A7/WpNHNcx6p
3YrBWFk1Wu/Qz8JA3XBkKO5PWomhHF7KBGuJdAi+JonWw6EYQ2pv5PLidIB+Xf+WYaTrvrHNq6a8
lkX6biiCuzvNNZKLjrfmeUYR3SLq36Ur1cWGlI3fZWnUXw6Pd/lQ6iWSZxmGbZpWiLsRx+cD1uPy
LZG2OwhD6VBhJdhwXQ8mXqb5KpM/nQ143qEAHnGndYfPPLut0h39rxrak0UJOzqDXSx3bG/ZFte0
X2aRkGwSUrqI0oJXaxiyQVA+SkLeyCyO9CQEJar1qin1gKWEFYOilVkaun/c7o693eLqvcez3rRI
yoHdxvdUng6shERp94cqCe6BfrholS128H8Gd2PnF4KLZU/46N3LlcaLGPE8ife7/oG7oyvzWm5v
cII8LQIftSk2n5bh2iC2+i20dKNZwrMaolZ35DKaOYEHOFL0b8cJzEB6sem4XiwSMzGS2Bax5cfc
jBMJQdKwhRFEALvVpLxOi7i8rdmLK3ZxxExQJCO0zAIzNNhe9940HrPDs2MP+1u829gTzztJPuNs
LGO5eluiGl4/f/HiCm0RH25TdQqer8paVm9BnxWvUtVp8XgJvFRyH4PEBOboI3UTw8BBIqzE90I/
TAzuONxN3EhY3Io8w4gN37MSaUg/kGhIUZWK630dF41pOLUPBHf92AwSwwqSwEmgjoos0wtEbIam
GRmxlJbt2FxS0AMdQMCBSI3nbBGE+skNNOcQDPHOBMjsuihviwP9iQa2qMq6lvvAMq8LPAO+saD2
Ng6kTJwgCEMzdm3pgk4MEbquExlhZFqGCURFPLRCD2BAaMY9R16JJfGf66JxdEN+dRBEkTAskwcy
jizpcF9yKwl47CQ8lCKMhbQSEQXxwB/2IxlX8DQB2jlJ0psa/9kNglyDqQlUhoFwTdMNAGoUuwEP
3TDwbN+JrTgBYh3hgZy58TDorQmSLdwHb5i+dH0Bcue+Y5pBJKKI+7ZtSV+CcEPpCTx/sXfAU3TY
ujII9MDlwpeShyZPIh4HsXDCIHGFtB0hPSv0Y1d68JoPIT2oRNyxtg88xw98B4zK8yLBQaZuELiW
Y8nAFZYtLFeCZFxu7QDE04Gs1PERSTMOnFBy27DD0JZJnER2KGLbsKRlggu6BoAOLCME+9yBVGbl
FgZYBdLvxb6XWNK2Yy8wbWGHsRUKyxKOJ0CSZrxDDV3lUUdgChSo+CDmgNrhhmM7QQQWLgPLDGWU
mJabJCbwFIRCBLvkZCXWDp2xoAnbB05sREZgJib3Q8fwpRH4oRdI7nucJ7ZtxBGQbEXuLqQF0UJO
4InQtISRhIbrgqpjyzaNQAorNv0wCr3EAQsDSu9BmPSSiwLlmYkPYgxEYoPChOVIR4LfW1zEEqRl
cBPcAELdENQmEEBEPeBcCNt3Q+4aAffCOAEfFA58+L7BIzBL4YrQiZIhiCJquix0YEsjDmXiRZ5w
k8hxJXiKy00LcrUnfdezzcgGx5dDCNuvEyqZHGU2Hx+q7x0XqwxEOvLDwAWjkcKwPcfyPIwGdmR7
4HEw6Eo3ln5o+Q9BwUPnrnY5CC2Le44DPi88ATRw7uJ/gW2ZoHpTCse3Ay535KuO/brcfmBw8HUI
zX5gCscMuZl4jgT3ciC02C4GYDeUVog8QfFbyzW6wbZ2wyMM60DAH9+REqRrBVAIReBIjhG5puF6
UgaxHUWeJwy+BdK2aazlakOyCKPITyLXDgIvNJPYt32Qq+PEInJiD1aLxAKt4/Jlm9ecd+vvR/d6
nSdlsQYNZmvcBp90ZfMNkIpWaRsQNczAEmFg8sj03RicxnbiyEjAuL0wCAMDjeshWJAyAqMHy/Uj
37TA42QcR6EvILHxAEKTbYnAAWPwg9CKLRm+D5bZhxVLJ+JW7KD0kjCKDWmGkcXB5yAQ2y5EF8gc
QaL6lbx8x6tmH0KbrHTWxbzjhZ4DVAg/MMBWHR44FhiBNEDHsQnpC5gEC7bcAZAVeNwEYzeFERsD
UmiHiS9j8FkBJhFFocCk64rIcOMA4m3ohIYPYKgr2tjWdE2F6SOGrRaDZiJJF21FR9MMyzqWlBUb
1FHzal48YldLyKV43aqB3qJmvJKsWUpWFrKGL7xhghdFSXcS00JkbaxuGaqz1SmkNMi9DZQlCtpl
mau7i/eh1jyRY1bCm6pGoCyCiHXN1mVbaWgsTVgOPUeSEg4ocPCCYLZWoF/I2w3AfShteZs1Nbst
i68bhhUArxh0vSWEsBTz2BqpxEthivvbpSxYu1pUPAYAUwSJfzuAM3xg7NHrpUQCWVMyvErGAJA+
lAZpQKlTY0Edq9dEskoEDGSbyYYkhwd8QjKVZ3AkV7BB/kJOMo5F8ULOGDbT6k29bBuoGYuJvk86
Y/PR2bw1wAjXTCznrSmlzxr85GbO4I1pmvg+sYEVdrSkuRayS9+MYsnugPsMV8R+ym5oWLCIQLhA
Z4rfhF+wQq1Y/8d8pEVwmGXlLcvSGgXTXY9jNyln/2pltVazfsOvE/1yxqjG1utPaLdAL2QgBYaV
KgNLAUUgyGjNtPrUCrW9MNlMGIJ7Df4K1gj65HHMoPBTakd14r0GlkuOtz7oJi0oO5JIPahD/tby
DBVFF2QZXQRkexoxs4zHCr7CKieVXEEvPQFV4xWFGUzQ+F+0eQR6Bps+rNeFuOL1NcPrJ2DFUz3l
VQ0mge7V8YwTl1VZlC1YDSyox4yOlJjqbNAnxwwr+0pdnyIpQUzAsbwt9I2SDvwlGRbwBlZelXcp
WLgEcQBr5DvFhkCU84ao5wl6C85CrxiztPkaBNlUtDCWeAmVzHVnOdsDPlrwXUsLiJiZaI5nBOy+
r3CymaotClRwjN1puSKVUG9UT9mxvNHfWZ4ulhBWKl4vx/0goK0JJVNV7apRo0pwKKAc6NtwR8qG
8ECtT6xckuO1UCD+YRrQZtAOof9Iwd6mA+OD6RM1beuY+DeXgHXdRYf/ysoIjAr3vJh6A36Spw2G
mlwueLRuQAHsUsndIEmnNSLQAK5QjbcpKYIMDeLH7USB6myvJmaTFGiFIEm3GRFQUknZIVXWD8pr
MVywRQl6KzEaoZkoVAsidULkzZjR8QM0UH5Q5eL/CU5wQ/FDfCx5Ff9dPuqmXBEpOrJvSNMAawZx
ZoVJP+4Rhpg76kzDcnoEUrx4TY6j6ay//iyUkusQaRhcmGghTxaQJ5m8k6KlsF0q0pXbYl7dzJZ3
Qsq43nLWxbnzq5MZu/r++SU7fX72/IodXlycPj+5ZBcnL9nr85f/PHk5ZjCJXZ3DrBP2+vvz0xN2
8fL86OTycno/VgwkY7leTzAXskpLqiIwgtfIqlhKiuUkl02UNkEXUMnEOhTRpAnET9nFZw3wqCyA
a4jvYGvI/ftMUZng7RILAvyNA8QsNU3DV2Agam/zQD8YAKZzTERYptCy6f0VaCd6vxyUuZICqxkl
bSRcaVut3XADpidX9ZZt29B814/fR5iWgt2TwoJXEfjQZNsi6LD1sMTJLZEsvY7pdRD+c160VEH1
KYIaswULfTzu0sp9E+2MVGXrBPqpRnGeb111ys5V0lAOAbVP2WbxhpoUMtFtwbY81B3oFbEALHuG
0eMacD6jAHMv55JZKTgbHpOqzLvs3a3XcyZ9493VO3Km9fuA3bAHDO6e5Vx2tTAqswKcaKja4OM2
X6mCsatNmX41wVdbPR7jRL2IeCGiO47gCaoICBD8AbFDPQD5FLDcgBHWdSsxmDRL0OaiK6Ux4CG+
LWXjTsGqANHV8rSjByf/qdxyfjehjeZ6y8MRX+F4mrc5JHA8fUIkDS+gaAYlM/3LFaJmK2n0Ky1a
8qz7Ngg9xWpDGSGdYLHfQkZ3Bpo8LtXrXcvHQgzjpsLSTe8cTkHUU3f5pCJlQtvaPU6PgTAqjKBy
RZkCraqaUbDUL2OYWqX43fIKyzZSVvx1FOD0fveAIs2w+9GwPwTuQ7aKf/UV69km9UBluCwzVeVG
vBFL6g3U73zGGFd0+qL4qJq/7vdVlLIiual3u/T5qK/D7iWG6GqNtz4XYzYxe+rVqiXkk6YjaJNa
KAtsC2o6IME6NlaSwGaOeg9cDoOauCn7HopR+p0UVpfs6OLVGNYCHRF4420ag4NQZdLF4Q2GCWGY
MW/bA2wbhJrk1Js9ZYcxBLslz5J96KxV5xJLsHSNDhAz3CdFA+y5bT+t9sDtNFx3GBux0uXZlCEh
ry6Ki67y3/bD2OAgYbeQmNXSdlWsJnrkXuN1pn20Tt/JjYaxT+gUi9d+u2IN+ghlMr3k7YSWWvR4
yi70moxXC1rAdXOurUPjTCq+QEZAQyDAepVRfYTddo6/b4TgwCvUmvqljNpGwLvcsm7Y2dUrorUG
tpD5qG0YblyQYrcIVb8z3canvGknuG5GFA+bWFnQuRpFhoThvgnUXlAyd8w28JSkYsoo7y05lhks
zUFCDWoS9EL/txEIbWOiBxR4Q4QvUR4QsSmIQ/rnlA5qpV5VrMDcRlstciPV1okOj5s27/icirLj
55eHT6Eeo/qtLcimMNy3GF/pUFiVICkap/4ZZjxsgba8DuNBLKN2Mdt2ld8xE7tJXTQvIbzRDKY3
L2q174L+XtRlVxpobzE7oIqLDurRsixr2qPpGkrZbSJQLsBtdlbzm23ugQc5UW9pE74fEJFIuqmg
Cka9jfVrmRZqQ4Pk9zX7KSrvMEJU7Pkx2/vp1fPjx2APEB6ADph/C8pEdeHtNHAebDWreCMzVeiA
t5RbnRYQFX56etph0I1ob+RrQofniFSckNp10UMclt22mk7Nd0DhBG9yPCmTRCOGt2mynty1aTxU
E0l4srufdUUbUsoh1f/4RkmDcoX2vrbW22MCQk7ThWe9aqJWzZg+cu7QqWSkw+oGG2ZWXiw2PVSB
i7PdND/uZt2k8naySf4P7Sp24j7MyxajTaJypw4+IMRO2Fg5YFTVuzpgFvikUz8AeEmlQA8AiaGQ
aucgkgpgJBOMFvWK35KxoB3rX10rs8MX98sKJQxE2BMGxE/Gd8nWPxwCrBLy9MMUG+8jmVd4nYvx
zi2A8C0A/LahzL63eRVlpSDXr9NY5R/kj4PGwSzrNupLZYGJGWbIWKVjetikStpJ06bDhZCZpB5G
OYHGm6XXgAT7fIpkGQchLKrytlmqOAhIOFsqeL0gCTGjbrpETwRPUC4deZOtkDoGnx/XPe4w3KNN
KIhMHU1vmN3sqHUFFa3aURvAnDCLPQJyodUfKni7e9fT8fS+knUAvOUp9eKQnqA1VVa2KldttnUy
/Yj1BM3Sici2OsTUriHfGiNmdIx9UHj02iAc1TuYs01xhRuvtFGgXqiaRNsfkNWP/fFgNxpWTvBn
nPcGN8Fl94W+vTGoHyCqTNSNrt7sJeh3psiarvJ8NU3LDQ8QPtc5trgQDhrcfRZ1nxlMinoG284g
pih48sWikgu9t6o3YtWmEv7a+/o+x0QrxKzz43P8QdhEpxxVlWA4vJWqW+IQJm4JZ00M9Fmh0Wnv
FAYqg4FW2hXeDOvU94C4QfVqzsYAoRrDOx2UPQd57QgPTWR/a3MMKWi15OBUEvNHhfRsa2XITIms
oF+aYLwtMAH31m6TpUpUfLBnqi/X9DJ9C60ClFkUurvYqOFqU1AzOmQPKF4xuqv5Js37KUsXAwge
V6HjYIZCRWO+QNS0MayXdUcC0z4i/W4XUyfUD5UdOnsplSv36W2qaSiApNmIuts+W+phFT+rTfOj
Qw4eYEDXGVN9liYbUHi7oa3UORkGsW4HqQvtAFEHvn7Kh6KR15uGE/oAjvfVNs9YmwG9WpOzTqXd
WzBt3PKcsV+omIL6ekx7oG868KpG6FUS/RM9YgyL/4ryCe4jqeiIRiibB5M5JQPqiGtqdmifAX8a
s8qkrkiGrHS46V33AHDRgxyjS+1bzDP27PTwqhvGbkni5uO3+p7N2A3vgMNCju27OK2aMcX4b3tF
qTrOGu7YqIiAuRZErzdgeastNAN1ijVTv4ttqy7Md41ntTkHoxgFcCAXCjrdrDu5TbpjNDCSri95
9IyCEyGjFQMwVNTrkbe9kQmVwoMKtVTNi7yDcFnr7l1cY79XU38K8TJKoctaq4qT5iHPQA50kyo1
da6leCUcULRVvWiPR+y7ysaz6Iut6o/oQJrOYuk49zUI4UV5w0yDGeHM8Wemx14/f8oswyJ9dOek
T8Dn6SCmbOIneFbJ/WTeJonl0b+C/qUR26F/PXWsSz9aRsd9Yoamyqe9wRuPhqmK0O1PuoJB5R23
y7SREzwB1QPYJupC84naeF5w3EKJ5RMiVh3tbsagWsdR3ADHM7XueXWz0vDiFLtGsPz1E6JsY8Cb
FPtkW9Jjv/BE/SKtV+bLuDcFb1k8OT55dvjq9KrHEh3SdtgpG6GnaxoGtfcTJaFew0FzRn/8NwaX
CCE=
===END CRASH DUMP===
