PocketMine-MP Crash Dump Thu Dec 2 15:38:57 WIB 2021

Error: pocketmine\lang\Language::translateString(): Argument #1 ($str) must be of type string, pocketmine\lang\Translatable given, called in D:\FLOTV\plugins\EasyCommandAutofill\src\jasonwynn10\EasyCommandAutofill\EventListener.php on line 57
File: pmsrc/src/lang/Language
Line: 135
Type: TypeError

A PLUGIN WAS INVOLVED IN THIS CRASH
BAD PLUGIN: EasyCommandAutofill

Code:
[126] 			return array_map('\stripcslashes', parse_ini_file($file, false, INI_SCANNER_RAW));
[127] 		}
[128] 
[129] 		throw new LanguageNotFoundException("Language \"$languageCode\" not found");
[130] 	}
[131] 
[132] 	/**
[133] 	 * @param (float|int|string|Translatable)[] $params
[134] 	 */
[135] 	public function translateString(string $str, array $params = [], ?string $onlyPrefix = null) : string{
[136] 		$baseText = $this->get($str);
[137] 		$baseText = $this->parseTranslation(($onlyPrefix === null or strpos($str, $onlyPrefix) === 0) ? $baseText : $str, $onlyPrefix);
[138] 
[139] 		foreach($params as $i => $p){
[140] 			$replacement = $p instanceof Translatable ? $this->translate($p) : (string) $p;
[141] 			$baseText = str_replace("{%$i}", $replacement, $baseText);
[142] 		}
[143] 
[144] 		return $baseText;
[145] 	}

Backtrace:
#0 plugins/EasyCommandAutofill/src/jasonwynn10/EasyCommandAutofill/EventListener(57): pocketmine\lang\Language->translateString(object pocketmine\lang\Translatable#154)
#1 pmsrc/src/event/RegisteredListener(75): jasonwynn10\EasyCommandAutofill\EventListener->onDataPacketSend(object pocketmine\event\server\DataPacketSendEvent#29534)
#2 pmsrc/src/event/Event(62): pocketmine\event\RegisteredListener->callEvent(object pocketmine\event\server\DataPacketSendEvent#29534)
#3 pmsrc/src/network/mcpe/NetworkSession(413): pocketmine\event\Event->call()
#4 pmsrc/src/network/mcpe/NetworkSession(873): pocketmine\network\mcpe\NetworkSession->sendDataPacket(object pocketmine\network\mcpe\protocol\AvailableCommandsPacket#29532)
#5 pmsrc/src/network/mcpe/handler/PreSpawnPacketHandler(114): pocketmine\network\mcpe\NetworkSession->syncAvailableCommands()
#6 pmsrc/src/network/mcpe/NetworkSession(316): pocketmine\network\mcpe\handler\PreSpawnPacketHandler->setUp()
#7 pmsrc/src/network/mcpe/NetworkSession(694): pocketmine\network\mcpe\NetworkSession->setHandler(object pocketmine\network\mcpe\handler\PreSpawnPacketHandler#25743)
#8 pmsrc/src/network/mcpe/NetworkSession(267): pocketmine\network\mcpe\NetworkSession->beginSpawnSequence()
#9 pmsrc/src/promise/Promise(45): pocketmine\network\mcpe\NetworkSession->onPlayerCreated(object pocketmine\player\Player#25733)
#10 pmsrc/src/network/mcpe/NetworkSession(231): pocketmine\promise\Promise->onCompletion(object Closure#25683, object Closure#25679)
#11 pmsrc/src/network/mcpe/NetworkSession(689): pocketmine\network\mcpe\NetworkSession->createPlayer()
#12 pmsrc/src/network/mcpe/handler/ResourcePacksPacketHandler(142): pocketmine\network\mcpe\NetworkSession->pocketmine\network\mcpe\{closure}()
#13 pmsrc/vendor/pocketmine/bedrock-protocol/src/ResourcePackClientResponsePacket(70): pocketmine\network\mcpe\handler\ResourcePacksPacketHandler->handleResourcePackClientResponse(object pocketmine\network\mcpe\protocol\ResourcePackClientResponsePacket#25681)
#14 pmsrc/src/network/mcpe/NetworkSession(395): pocketmine\network\mcpe\protocol\ResourcePackClientResponsePacket->handle(object pocketmine\network\mcpe\handler\ResourcePacksPacketHandler#25686)
#15 pmsrc/src/network/mcpe/NetworkSession(358): pocketmine\network\mcpe\NetworkSession->handleDataPacket(object pocketmine\network\mcpe\protocol\ResourcePackClientResponsePacket#25681, string[4] ....)
#16 pmsrc/src/network/mcpe/raklib/RakLibInterface(192): pocketmine\network\mcpe\NetworkSession->handleEncoded(string[7] c.`a`..)
#17 pmsrc/vendor/pocketmine/raklib-ipc/src/RakLibToUserThreadMessageReceiver(42): pocketmine\network\mcpe\raklib\RakLibInterface->onPacketReceive(integer 0, string[16] ../e.".........T)
#18 pmsrc/src/network/mcpe/raklib/RakLibInterface(122): raklib\server\ipc\RakLibToUserThreadMessageReceiver->handle(object pocketmine\network\mcpe\raklib\RakLibInterface#24137)
#19 pmsrc/vendor/pocketmine/snooze/src/SleeperHandler(123): pocketmine\network\mcpe\raklib\RakLibInterface->pocketmine\network\mcpe\raklib\{closure}()
#20 pmsrc/vendor/pocketmine/snooze/src/SleeperHandler(82): pocketmine\snooze\SleeperHandler->processNotifications()
#21 pmsrc/src/Server(1645): pocketmine\snooze\SleeperHandler->sleepUntil(double 1638434337.0724)
#22 pmsrc/src/Server(1034): pocketmine\Server->tickProcessor()
#23 pmsrc/src/PocketMine(301): pocketmine\Server->__construct(object BaseClassLoader#2, object pocketmine\utils\MainLogger#3, string[9] D:\FLOTV\, string[17] D:\FLOTV\plugins\)
#24 pmsrc/src/PocketMine(324): pocketmine\server()
#25 pmsrc(11): require(string[53] phar://D:/FLOTV/PocketMine-MP.phar/src/PocketMine.php)

PocketMine-MP version: 4.0.0 [Protocol 475]
Git commit: 468faa464b2bc5c97f23fafbb71ea61035f6f218
uname -a: Windows NT PC 10.0 build 22000 (Windows 10) AMD64
PHP Version: 8.0.12
Zend version: 4.0.12
OS: WINNT, win
Composer libraries: 
- adhocore/json-comment 1.1.2@fc2f76979f0a44a5f5bc2a2b600d0762fe0e78e7
- brick/math 0.9.3@ca57d18f028f84f777b2168cd1911b0dee2343ae
- daverandom/callback-validator unknown@unknown
- fgrosse/phpasn1 v2.3.0@20299033c35f4300eb656e7e8e88cf52d1d6694e
- netresearch/jsonmapper v4.0.0@8bbc021a8edb2e4a7ea2f8ad4fa9ec9dce2fcb8d
- pocketmine/bedrock-data 1.5.0+bedrock-1.18.0@482c679aa5ed0b81c088c2b1ff0b8110a94c8a6c
- pocketmine/bedrock-protocol 7.0.0+bedrock-1.18.0@040a883a4abb8c9b93114d5278cb5fecc635da82
- pocketmine/binaryutils 0.2.2@f883e1cf9099ed6a757a10a2f75b3333eeb2cdf9
- pocketmine/callback-validator 1.0.3@64787469766bcaa7e5885242e85c23c25e8c55a2
- pocketmine/classloader 0.2.0@49ea303993efdfb39cd302e2156d50aa78209e78
- pocketmine/color 0.2.0@09be6ea6d76f2e33d6813c39d29c22c46c17e1d2
- pocketmine/errorhandler 0.3.0@ec742b209e8056bbe855069c4eff94c9734ea19b
- pocketmine/locale-data 2.0.20@a6e4eb22587e0014f6d658732cf633262723f8d3
- pocketmine/log 0.4.0@e6c912c0f9055c81d23108ec2d179b96f404c043
- pocketmine/log-pthreads 0.4.0@61f709e8cf36bcc24e4efe02acded680a1ce23cd
- pocketmine/math 0.4.0@6d64e2555bd2e95ed024574f75d1cefc135c89fc
- pocketmine/nbt 0.3.0@98c4a04b55a915e18f83d3b0c9beb24a71abcd31
- pocketmine/pocketmine-mp 4.0.0@468faa464b2bc5c97f23fafbb71ea61035f6f218
- pocketmine/raklib 0.14.2@e3a861187470e1facc6625040128f447ebbcbaec
- pocketmine/raklib-ipc 0.1.1@922a6444b0c6c7daaa5aa5a832107e1ec4738aed
- pocketmine/snooze 0.3.1@0ac8fc2a781c419a1f64ebca4d5835028f59e29b
- ramsey/collection 1.2.2@cccc74ee5e328031b15640b51056ee8d3bb66c0a
- ramsey/uuid 4.2.3@fc9bb7fb5388691fd7373cd44dcb4d63bbcf24df
- rhumsaa/uuid unknown@unknown
- symfony/polyfill-ctype v1.23.0@46cd95797e9df938fdd2b03693b5fca5e64b01ce
- symfony/polyfill-php80 v1.23.1@1100343ed1a92e3a38f9ae122fc0eb21602547be
- symfony/polyfill-php81 v1.23.0@e66119f3de95efc359483f810c4c3e6436279436
- webmozart/assert 1.10.0@6964c76c7804814a842473e0c8fd15bab0f18e25
- webmozart/path-util 2.3.0@d939f7edc24c9a1bb9c0dee5cb05d8e859490725

Loaded plugins:
ChatManager 0.0.1 by  for API(s) 4.0.0-BETA5
DEVirion 1.2.5-ALPHA12 by poggit, SOFe for API(s) 4.0.0
DevTools 1.15.0 by PocketMine Team for API(s) 4.0.0
EasyCommandAutofill 2.0.0 by jasonwynn10 for API(s) 4.0.0
MultiWorld 1.7.0-beta2 by CzechPMDevs, VixikCZ, fuyutsuki, kaliiks for API(s) 4.0.0
MyPlot 1 by Wiez, Exxarion, jasonwynn10, NgLamVN for API(s) 4.0.0
NotificationSystem 0.0.1 by  for API(s) 4.0.0-BETA5
PureChat 1.4.11 by 64FF00 for API(s) 4.0.0
PurePerms 1.5.0-legacy by 64FF00 & ProjectInfinity for API(s) 4.0.0
SimpleNPC 3.0.0-snapshot by brokiem for API(s) 4.0.0
Sound 0.0.1 by  for API(s) 4.0.0-BETA5
TNTManagement 0.0.1 by  for API(s) 4.0.0-BETA5
Tags 0.0.1 by NhanAZ for API(s) 4.0.0

----------------------REPORT THE DATA BELOW THIS LINE-----------------------

===BEGIN CRASH DUMP===
eNrtPAtT20iaf6XPyd3Anm30luWtZMMAuaGOABfIZGrHKbYltWwNsqTRA3Bm5r/f933dkiVjEphN
1dZdkd0Bq9X9vZ/dbX4bRFmx5NXVjSjKOEsHU2s4qOKlGEx1x5xYpmWa7ljXbdswh4M6V6/Msebo
ruFqluM5jm3Du4SX1VFRZMVg+tugWuUwbXAJv+TYcLAUZcnnOJpnwbWolnEqZrOEp/PZ7AR+1vBy
Oq0KnpYJr8RFVcTpfGd3yvaLeb0UacVe6GznZVkVu2xZlxXzBcsihphYSZOH7D7kSwWP+4lg8/hG
pEMW8CQRIYtTdjidzd6enF3+OJvlST2P03I2O+Ll6iBbLnka7tdVFsVJMpuVRTCb/cLLLL1dpamu
PTDtCOBXJ3FZiVQU43yRsyxlCZDDbBdEENVJ8jZOSAYLXkz39g6ne4R/75wofwdTR+/Ox/h2D3Du
IRN7jXQQIEJREJY44d4kmIAIUUc2aLLgAXz+efBCY4rDvS2UE5gOe1vn9JjbsV1QzcOaHL3e1GTm
/yKC6isqeqHb1i6wAKpe8ycQ8d57MUfchQhbGlwbaHiiVkavs/QQkJ1zpONCpOE2ygglqF0U4Bez
WX8BwXtheLYpaTXu0UozdhxjQ0QK6n1ORq/RJuWqf5Yas0NNKqrbrLjeWwa52DuVDxfgh+DoO5Zu
biePAEqKdgii9UiIE3cTopo9m+H02aw/f/S6BPLXzGzjfANAXmRVFmSg0/0bHidoMUrbpYRBcjCI
avshqhcwPRHF3nkhLnJ+m8qVP8jRHV23nsjEKg3uUSMF5zxScKbufBmnInk220ozCrL6kEuc7iNx
Ot5T+VzL6OuK+jLBLwzbtUwid/JIcg3HfRq5PjhZSqgvxK+1SAMh5eN1EII5LeNSgCXQ7x3LfhqO
LD1P+EoUB4WAOLc1kOQ0AeRAv5FxUzKua4/l3NQ3qFJko3DpAxIChpcnosIFioqDJCvrQgBKZ2IO
2f1R15OE6I+1mIn3NPEEJBbJuRS+bnzNKd+LMquLQKC9lBueaRlPw/+Fqb8FUg5/KLqaoAmhL8yK
vfXKPV+EBTyNmtBDpHepPEhiiJcwkmdpKVQoc7VHOvTD/I5ey0kP43pSwPwayWQnupTGYwO+6X3F
YR6PvuH2KbHlYdkRM45kxn4sM/bkaeYl6fiT+etx6hiqyvZn6xMbwz/J0YNppeDXSezvvefXJ7F/
nEKJEUH5t6N7xp/h7CgNshCimiLB/cSC8T/4Pxoq3AddRpIxinNJoiTnMvsA9cvlAmJC+E62Au9F
IKAiL3a+5tgSIAitzxgFYJKWgrQTw6u5KJjWCk53UHJ7YjwbjJt/l5KByVPFaCCZDS1NMQZcNoR9
gcUnmPcDzL4woGBzJeXeg6Iv0yz7LIili0SIXBRt9DTMPynkR6zZCKeG9icInGwagZw6m/XnAT0Q
j0G6p1kVR3HAMeepesvoprILUtCO7tzL6g8BLvH5Q1rFyU6Y1dgwdlpgzTVUtW9sQaKZm9WUfANt
UBxcn0uKM5UFjW6Jvm78dkxNfwDI1VUATFZFHbRR5nteigPoucuTjIcY8doU3wVQAzPQ077jcXqS
zcE1Xpita3ifuv3v2mPcT1v7Ykm69QDpxib/0j8UwyoGQ3GNHgT1WFyIJq7Y5if2yG54PYyt8O7g
0x/DgXjecvjilsOjNwtAlpKgqzi9yZIbgQKApXEagraCatC8h7EtlMBrTBeoCd1wYM6swv8VoqqL
lPGi4KurJc93vgPOQHR5ACIqF6L8DkTIi1IA1vgKqd15iT+HLOJJCb+OT4+vLg72T0+P3l+93/+4
u/tXwKQbrsLwBz1N4Ik+eGq4WhTZLUvFLWtYhXDxNquhXb4LRE518mzQvGOz2WzwMlFPB8AGDrA0
q1iEa2YDidXUCDzhNHWF0zRocO8vf6Enk57YX9gbYIsv2U6UZLz6HTLT79Jkfu/ax+7Pn9hLmljS
akut3qMnm55yCEVxwKI6DZButmmvEixDMx1KQTcg2Sv286ch+1szI0uTFTRkUXwHb9I6SXbZVBny
b4Sw0dtLH6LLpbirYN7LahGXo9dzKHDIE6Qk3IdnkjobJlHQOz3EryRqlhWIOs/KHUl5Z9IuzdJ2
2d/YGv6U3Z8naWm0bzbajzJIwcFipxEDL9nLmL16DXLZJUYtrTXQl4WAHi0ga0cecnDSsuLQL4Kn
91z5bw2DrQIAAUpQaWAXFhNBlr6G3hEPzLpSyMD2fvv3l/EfswHw0yFguOZX8mYZXTu3TMWpZalh
5V7tKrnIVmb6x/MG4PMG4PMG4PMG4PMG4PMG4PMG4PMG4PMG4PMG4PMG4PMG4PMG4PMG4P+LDcBm
T6rEfaeDBa/e8RS8jjYEU45XlXqjw0F7zWmgjbWxDiO8rhZZAQB+Bmg8j7FZtuCdNvr+6HLfRhwi
xdI+HExBAWI4CMFooMSXK8osqg67A0tOW2Sn4O/7f5/NOuilGnDPDTQGU87PLi4/nr0/OYShW+GX
cYX0Ytd+ePRjXBCZLRvtUJcHfWyM7dH+yfkP+7rR42WQg7Zj3LS7OHsrBhus/VmmJNDZ7IZImc1C
0XzqkKe4u7jcf3/54fw+b+LmMsuSsstbM9TnTbeB0h5Ta/2zS8GX34qtBj+wsabkC2wsqiovwVxB
FovaHwfZsmOZey0MYHbbRuma7+3bqGsRGMRUTwKdzY5vxf3X908ea7bv6qSKP2ZFEnaY7Az21Qsh
deSLim8Y7sFnESzO34EUUQs/xnfx9cHf6fLcqq7K+jqGz9c8iePr8ltJIECU+RKsGUxgifTeIr3A
eJf2L7K/xSQ6jOx1AKGcVudJVnVlJAd68ulL5WMsPsPI0d0dV27WtYTh4HR+wpc/nv5zEhkcQZbJ
lqv98+PBsBtxiPKLapVQDN1mtmthSl5Adg1PX4kH3TR+sSorsewIZsvLf0EMv0/F433iHKoizAEd
ptqhvj9YY31D6Y719q32ND8n4OeiWJJzbKj3LacThBLKEUD0EwTvrC7Pj0bNeEeLVxL3bNYQu/70
J1yBiFK7zy0YJRxJbF86cqwvHkgGo0TMebDaJiT2Hwy4wvLnOI3iNK5W3yo49CRBhHU+fgNZSDgg
jIsYd3BOzw86wliPdYVhkmmXKc/LBblYRxx+kV3H4pulRgUOa2bsc7r0PJVxBWpvDQOZxvO1LsP0
/C/wcUL8eLe+PL2UVZ08JW3p74//C/joEfAEfvi864T0+GXqFcZvZWgt/YD5cWRvMTFF0h94lo1H
fwJ62I3CsekniM67SqQlRT5sH7ICwU6QU6xJ/GDJq0V3JOAJ0A1ru2PZ8irMKuiLe6PqNsJ6oC6S
7nPIq957SKKV6AGeL/Pu44KXPVpiSNU33YFfSlJU+7z0ZX/VG8uKSqkTWgcYwJNOYCjsTsqDvhze
iygRlCC6oyVJtOwPhXG97I5cnJ/00K/KXxN09+YTa19V2bVI4899Eaz4MqEy2CDb+xznsi/wxhY+
JrHfnQ2Pd8u+kDOkxtA0U8erAZBvDs96nIbZFVGyOQhDcV8/GVhsWfYmyjj207seixsUwCNuBvXZ
gsHbIt5Qd17RthEK1FJl//liw9QWdXpNDb1BKjRJKvHcj1NerCgvGGMHJSFuRBL6ahKCCopVXmVq
QAkrBL1KK0Rr0NRlkTiNsp4Zhvc0GPeUTqIyu0OFAGtHt5rX0rQa+H8H72Fn5wEPFh3horMucoUX
MeKBKO/2ST3vRc/kpVh/YamVl1/H2HkYmmmAWMorqOcHU3mNZNBsvA6mlmsDjhjd1XImEeeWY/mG
H9iB50aGGfHI911dcEfXTDtyIkOfAOxakfIxTsPstmSnl+z8gOmAmBFaZoCZaWynea9ru2z/3aGD
hopf2+mI57MgF7BazS/yqwz1/vH49PQSbQ0fbikAQnTJs1IUV6CvAip/QZGKhwvgpRB76PMjmKOu
6ujo1W+iwIhcx3O9SOOWxe3I9gODG76jaaHmOkYkNOFOBN4O8os4uN5TYU4be2PzTcBtN9QnkWZM
ookVua7rG7ozCULd03VfC4UwTMvkgmIY6ADiBwRePCv2eXA9uoHODGIbXskCmV2n2W36Rv1GA5sX
WVmKPWCZlylek7gx0ELfGJrheZppBiByy9Q04Tu2I1wxEZNJENlGqIeO41mIFSJtIUrBi2BB/C95
npMr3ZAdvJn4fqAZOp+I0DeExV3BjWjCQyvingi8MBBGFPgTLDK2nPIA7bwpN/+zGQS5gvbeWBMj
cFyPc1uEmj/RAw2IM3w9ivBJ17hnBRPuBNshry1w4CKhm9A1S+OTickt7vuTwPM9CFpWaBvuJPDt
SASBY9ohnxgb0Mn3KSiQCg00AAAj9CDyNM8TocNd2+VAHViF7ZvwTwjfCMLI60PaqkLwW7AJx3In
rgUm5Th+wEGi9mRiG5YhJnZgmIFhi0lg23yDtAA3J5NMRT8kDUToCW5qpueZIgoj3/SC0NQMYei2
E9oagJ4YmgfWuQEpS7I1DM3zhQP+GbrgnMI0Q2eig+F4oeEFhhFYTqC7Qg83qKF7gurkqAmMb0Tg
WoaPKCea7fg+MGRrjhdYIopAmZ5rWoLrnt8HlWRYCDSmgps0hvaGO8ICuRr2xBWapluREzrw2TSC
yDFNwzFciC2T0NwENSdiLCTGCTzdCDTQm20HE+DA1LWJCMD4XTAHJ7I0K9Cs+xBGndwhQTl65CJT
QWSCxgLDAtrA7Q0ehGAQE43r4AVmsOEDbRwgEKFjCcO2bT80hIcWb1i2CwHBDmFxFOgm0OhFG8ae
+lUrXG8SWFyzfLAMT7cFxJSJGZq+BrYNggLH1LkP6tf7ENYfR1QASad+QqS+dw4lE5AFjiFMPnF0
HWzZ1YQecfApx7DB8XQIdpblCggdPhfBNih4mqVSmf7GMwzuWJYFzDiBG3IICfj/iWnoGtieCCzX
nHCxIV957NCk7jcaDyYQq8Hm9cDSPa5HIHHwL3D6iWlj/LU9YZDx4S02sUI/WFdiOvl6AP9cSwhb
mMYE6hwfPMnSfFsHexYC7M33HSfQ+BpIXccy/UDkhVzhgQwj3zYnE8fTo9A1XbALywoD3wodWB1E
hhVGuHxRL0vOm/X3g3u5WkZZugINJivcExo1RfANkGqSEoPQs13PFR5EH3MShaHha6bjmRDgIO8I
UK8GxrUNFmSMidbC0t9AuNUgD4lQ5x4EAQ7QPC50A2I7JA/IWJphW67/ICy9Q5dwwCi8yAzRziNI
QZ41AV/VtcAKTCDKBOf14KfsPpbZZ15UexDbRKGSLlqo4zlW4II1TDRrolt8YhlgBEIDHYe67XNf
i/QJOFQPSA4eN8LgTXEEaQk904tcEYLPBmASvu8FmHPtwNfsELIh0OZpLoChHqe1rfGK6s4XDBsn
Bq1BFM/rgjasGFZ1LMoK1iujZsUsfcEuF5BKWSmqCjqFkvFCsGohWJaKEj7wigU8xWuwvmBxGiR1
KC8xy7OdMaQ0SL0VVCUS2kW2lBek70MteSSGLIM3RYlAmQ8R65qtsrpQ0FgcsSV0EFFMOKC+wVvH
yUqCPhW3LcA9qFx5nVQlu83S7yqGBQAvGLSmGYSwGBPZCqnE25qS+9uFSFmdzwseAoAxgsT/GoBT
fGDsxceFQAJZlTG8mcYAkDoUK9e3bkP5mkiWmQCvsiaiIsnhiUggmEw0OLKUsEH+gRg1V4yn8naz
fFUu6gpqxnSkrqtP2WzwblZDEaSvWLCY1boQLqvwN9eXDN7ouo7vIxN4YQcLmmsgv/RJSxfsDthP
cEXoxuyGhgPmEwgbCI3xU+CmLJUrVv82GygZ7CdJdsuSuETJNFdG2U3M2f/UoljJWb/ix5F62WPm
xRH1/mohAzEwrFQZmApoAkH6K6b0J1fIzYJRO6EP7mOMV4VTUCgPQwaFn9Q76hMPVtlScDx3ptu7
oG1fIPWgD/FrzRPUFF3AZ1DT1ILtKMTM0HYlfIlVjAqRQ2s8Al3jGekUJij8p/XSB0WDUe/jPb9L
Xl4zPAAHMx6rKR9KsAn0r4ZnnLgosjSrwWxgQTlkdJ7AZGeDTjlkWNkX8r4FSQmCAo4t61RtNDfg
L8iygDcw8yK7i8HEBYgDWCPnSVsCUc4tUccRugvOQrcYsrj6DgRZFbQwFBWeE6O9bixnO8BHDc5r
KAERMyPF8ZSA3XcWTjZT1GmKCg6x+8xyUgn1RuWYHYob9Zkt4/kC4krBy8WwGwWUNaFkiqLOKzkq
BYcCWgJ9LXekbIgP1PqE0if5TRaHQPx2GtBm0A6h/4jB3sY944PpIzltynDPqgkQSwFYV014+K8k
88GocAeLyTfgJ8u4wlizFHPurypQALuQctdI0nGJCBSAS1TjbUyKIEODAHI7kqAa2yuJ2SgGWiFK
0o1cBBQVQjRIpfWD8moMF2yegd4yDEdoJhLVnEgdEXlTpjX8AA2UIGS9+H+CE9we/BofC16E/ywf
ZZXlRIoK7S1pCmDJIM7kmPXDDmGIuaFOhwq5QyDFi4/kOIrO8rtvQim5DpGGwYUFNSTKFBIlE3ci
qClsZ5J06baYWNvZ4i4QIizXnDVx7uzyaMoufzi+YCfH744v2f75+cnx0QU7P3rPPp69/++j90MG
k9jlGcw6Yh9/ODs5Yufvzw6OLi7G92NFTzKG7XQEcy6KOKMyAiN4iawGC0GxnOTSRmkddAGlTKhC
EU0aQfwUTXxWAA+yFLiG+A62htw/ZIrSBG8XWBHgl6QgZslpCr4EA1F7nQe6wQAwnWEiwjqFlo3v
r0A7UbvfoMxcBFjOSGkj4VLbcm3LDZieyMs126am+C53HyJMScHsSGHOCx+/drHuEVTY2i5xcksk
S61jah2E/yVPayqhuhRBkVmDhe4Om7Ry30QbI5XZOooAmuR8uXbVMTuTSUM6BNQ+WZ2ELTUxZKLb
lK15KBvQObEALDua1uEacL6lAHMv55JZSTgtj1GRLZvs3axXc0Zd493UO3Km9LvFbtgWg7tnORdN
MYzKLAAnGqoy+LBe5rJibIpTpl6N8NVaj4c4US0iXojohiP8mtOtgADBt4gd6gHIp4DlBoywLGuB
waRagDbnTS2NAQ/xrSkbNgqWBYgql8cNPTj5i3Jb8rsRbVqXax4OeI7j8bJeQgKH3F0gEvrCFSqZ
yfvykpq1pNGvlGjJs+7bIDQVeUsZIR1htV9DRrd6mjzM5OtNy8dCjL5dR1ia6Y3DSYhq6iafVKSM
aFu7w+khEEaFEVSuKFOgVVYzElZOF1eZXCX5XfMKy1opS/4aCnD6Gr8UaYLtj4L9NXBfs1X8T13y
nLapByrDRZbIKtfnVbCg3oAYgIINzEylL4qPsvtTb2XK8kVb7zbp80VXh81LDNHFqlrQN2tHeke9
SrWEfFQ1BLWphbLAuqCmAxCsY0MpCezmqPfA5TCoiBuzH6AYBWt7RdUlOzj/MIS1QIcP3ngbh+Ag
VJk0cbjFMCIMU+ase4B1g1CSnDqzx2w/hGC34Em0B6217FxCAZau0AFihjulaIAdt+2m1Q64jYbr
DmMjVro8GTMk5MN5et5U/uuGGBscJOwWErNcWudpPlIj9xqvd8pHy/izaDWMfUKj2BKTqSrWoI+Q
JtNJ3pZnyEW7Y3au1iS8mNMCrrpzZR0KZ1TwOTICGsJvh+YJ1UfYbi/x+9MFflMYtSbvy8t9BLxM
KsqKvbv8QLSWwBYy79cVfYGXFLtGKPud8To+Lat6hOumRHG/iRUpnZtRZIgYbpxA7QUlc8NsBU9R
HIwZ5b0FxzKDxUuQUIWaBL3QH9eD0DYkekCBN0T4AuUBEZuCOKR/TumglOqVxQrMrZTVIjdC7p2o
8Ni2eYdnVJQdHl/sfw/1GNVvdUo2heG+xvhKZ7yyBInRONXXu8N+C7TmtR8PQuHX8+m6q3zNdOwm
VdG8gPBGM5javCjlxgv6e1pmTWmgvEVvgEouGqgHiywraZOmaShFs4lAuQA32lnJb9a5Bx7ESL6l
bfhuQEQi6d6BLBjVPtYvWZzKDQ2S33fsJz+7wwhRsONDtvPTh+PDXbAHCA9AB8y/BWWiuvCGFDgP
tppF2MpMFjrgLdlapylEhZ++P2kwqEa0M/IdocNzRCpOSO2q6CEOs2ZfTaXmO6BwhPctXmVRpBDD
2zhaje7qOOyriSQ82tzQuqQdKemQ8u88SmlQrlDeV5dqf0x+W0vFBrVqJFdNmTpSbtDJZKTCaosN
MytP520PleLiZDPND5tZN7G4HbXJf9u2YiPu/WVWY7SJZO5UwQeE2AgbKweMqmpXB8wCn1TqBwDv
qRToACAxpELuHPhCAvQFfnMcAg+/JWNBO1bf35Nmhy/ulxVSGIiwIwyIn4xvkq2+uQBY8fvp2ynW
HiKZF3hFifHGLYDwNQD81FJm3tu88pMsINcv41DmH+SPg8bBLMva70pljokZZohQpmN6aFMl7aQp
0+FBIBJBPYx0AoU3ia8BCfb5FMkSDkKYF9lttZBxEJBwtpDwOkESYkZZNYmeCB6hXBryRmshNQwe
H5Yd7jDco01IiEweTbfMtjtqTUFFqzbUBjBHzGAvgFxo9fsKXu/edXQ8vq9kFQBveUy9OKQnaE2l
leVZXidrJ1OPWE/QLJWITKNBTO0a8q0wYkbH2AeFR6cNwlG1gzltiyvceKWNAvlC1iTK/oCsbuwP
u+ETfXqE3/u6N9gGl80X6vZGr36AqDKSF7Q6sxeg36kka5wvl/k4zloeIHyultjiQjiocPc5KLvM
YFJUM9h6BjFFwZPP54WYq71VtRErN5XwLyBc3+eYaIWYdXZ4ht9IGamUI6sSDIe3QnZLnP6MCOIs
iYEuKzQ67hzDQGXQ00qd40WvRn1bxA2ql3NaA4RqDO90UPbs5bUDPDUR3a3NIaSgfMHBqQTmD/yD
Gp1aGTJTJArol0YYb1NMwJ2162QpExXv7ZmqyzWdTF9DqwBlFoXuJjYquMoU5IwG2RbFS0Y3NV/F
y27KUsUAgsdV6DiYoVDRmC8QNW0Mq2XNkcC4i0i928TUCPVrZYfKXlLl0n06m2oKCiCpWlE322cL
NSzjZ9E2Pyrk4AEGdJ0h1Wdx1ILC+w11IQ/KMIg1O0hNaAeIKvB1Uz4UjbxsG07oAzjeR2ufsTYD
epUmp41Km7dg2rjlOWU/UzEF9fWQ9kA/NeBljdCpJLpHesQYFv8F5RPcR5LREY1QVFuTOSUD6ohL
anZonwG/F5EnQlUkfVYa3PSueQC46EGW1qT2NeYpe3uyf9kMY7ckcPPxr+qizdD27oDDVAzNuzAu
qiHF+L92ilJ5nNXfsZERAXMtiF5twPJaWai8j87kF/PqognzTeNZtOdgFKMADv2ll7DNwwBi1Byj
gZE0fcmLtxScCBmt6IGhol6NXHVGRlQK9yrUTDYv4g7CZam69+Aa+72S+lOIl34MXdZKVpw0D3mm
P4GTyNTUuJbklXBA0dbZNcAj9k1d41n0+VrzB3QgTWexdJz7EWRwmt0wXWOaN7Xcqe6wj8ffM0Mz
SB3NOekrIeP2MqvCV3hUyd1oVkeR4dDPgH7SiGnRT0ce69KXJtFvX+meLtNpZ/DGoWEqIlT3E+cw
KJ3jdhFXYoQHoGoAu0RVZ76S+85zjjsooXhFxMqj3XYMinUcxf1vPFJrnvObXMELY2wawfBXr4iy
1n7bDPtqXdFju/CKdyt8EXZe4w2LV4dHb/c/nFx22KHz2QYzJSJ0coW/V3a/ktLp9Bo0Z/DH/wID
dmAY
===END CRASH DUMP===
