PocketMine-MP Crash Dump Thu Feb 10 20:02:40 WIB 2022

Error: Declaration of emretr1\rpsolution\Main::onEnable() must be compatible with pocketmine\plugin\PluginBase::onEnable(): void
File: plugins/RPSolution/src/emretr1/rpsolution/Main
Line: 23
Type: E_COMPILE_ERROR

THIS CRASH WAS CAUSED BY A PLUGIN

Code:
[14] use pocketmine\plugin\PluginBase;
[15] use pocketmine\event\Listener;
[16] use pocketmine\resourcepacks\ResourcePack;
[17] use pocketmine\scheduler\ClosureTask;
[18] 
[19] class Main extends PluginBase implements Listener{
[20] 	/** @var PackSendEntry[] */
[21] 	public static $packSendQueue = [];
[22] 	
[23] 	public function onEnable(){
[24] 		$this->getServer()->getPluginManager()->registerEvents($this, $this);
[25] 		$this->getScheduler()->scheduleRepeatingTask(new ClosureTask(function (int $currentTick) : void{
[26] 			foreach(self::$packSendQueue as $entry){
[27] 				$entry->tick($currentTick);
[28] 			}
[29] 		}), 0);
[30] 	}
[31] 
[32] 	public function getRpChunkSize() : int{
[33] 		return (int) $this->getConfig()->get("rp-chunk-size", 524288);

Backtrace:

PocketMine-MP version: 4.2.0 [Protocol 486]
Git commit: 44818e6d1456dcf1f0fd3cd27da1dfecbe03c08b
uname -a: Windows NT PC 10.0 build 22000 (Windows 10) AMD64
PHP Version: 8.0.15
Zend version: 4.0.15
OS: WINNT, win
Composer libraries: 
- adhocore/json-comment 1.1.2@fc2f76979f0a44a5f5bc2a2b600d0762fe0e78e7
- brick/math 0.9.3@ca57d18f028f84f777b2168cd1911b0dee2343ae
- daverandom/callback-validator unknown@unknown
- fgrosse/phpasn1 v2.4.0@eef488991d53e58e60c9554b09b1201ca5ba9296
- netresearch/jsonmapper v4.0.0@8bbc021a8edb2e4a7ea2f8ad4fa9ec9dce2fcb8d
- pocketmine/bedrock-data 1.6.0+bedrock-1.18.10@e98c511584a7bd58a95986374d2df4b04c6a2ba0
- pocketmine/bedrock-protocol 8.0.0+bedrock-1.18.10@017e57c8f8a74118bcbba7332e7ebac9e6c81693
- pocketmine/binaryutils 0.2.4@5ac7eea91afbad8dc498f5ce34ce6297d5e6ea9a
- pocketmine/callback-validator 1.0.3@64787469766bcaa7e5885242e85c23c25e8c55a2
- pocketmine/classloader 0.2.0@49ea303993efdfb39cd302e2156d50aa78209e78
- pocketmine/color 0.2.0@09be6ea6d76f2e33d6813c39d29c22c46c17e1d2
- pocketmine/errorhandler 0.6.0@dae214a04348b911e8219ebf125ff1c5589cc878
- pocketmine/locale-data 2.4.3@4d0b081f1a79407e087968ea76aaf330db6ea2b5
- pocketmine/log 0.4.0@e6c912c0f9055c81d23108ec2d179b96f404c043
- pocketmine/log-pthreads 0.4.0@61f709e8cf36bcc24e4efe02acded680a1ce23cd
- pocketmine/math 0.4.2@aacc3759a508a69dfa5bc4dfa770ab733c5c94bf
- pocketmine/nbt 0.3.2@3e0d9ef6b6c5fb45e3745a121296e75631b3eefe
- pocketmine/pocketmine-mp 4.2.0@44818e6d1456dcf1f0fd3cd27da1dfecbe03c08b
- pocketmine/raklib 0.14.3@4798576fec0364266dce23b368a7fec5e5de7927
- pocketmine/raklib-ipc 0.1.1@922a6444b0c6c7daaa5aa5a832107e1ec4738aed
- pocketmine/snooze 0.3.1@0ac8fc2a781c419a1f64ebca4d5835028f59e29b
- ramsey/collection 1.2.2@cccc74ee5e328031b15640b51056ee8d3bb66c0a
- ramsey/uuid 4.2.3@fc9bb7fb5388691fd7373cd44dcb4d63bbcf24df
- rhumsaa/uuid unknown@unknown
- symfony/polyfill-ctype v1.24.0@30885182c981ab175d4d034db0f6f469898070ab
- symfony/polyfill-php80 v1.24.0@57b712b08eddb97c762a8caa32c84e037892d2e9
- symfony/polyfill-php81 v1.24.0@5de4ba2d41b15f9bd0e19b2ab9674135813ec98f
- webmozart/assert 1.10.0@6964c76c7804814a842473e0c8fd15bab0f18e25
- webmozart/path-util 2.3.0@d939f7edc24c9a1bb9c0dee5cb05d8e859490725

Loaded plugins:
DEVirion 1.2.8 by poggit, SOFe for API(s) 4.0.0
DevTools 1.15.0 by PocketMine Team for API(s) 4.0.0
EasyCommandAutofill 2.0.0 by jasonwynn10 for API(s) 4.0.0
FormAPI 2.1.0 by jojoe77777 for API(s) 4.0.0
MultiWorld 1.7.0-beta4 by CzechPMDevs, VixikCZ, fuyutsuki, kaliiks for API(s) 4.0.0
PlayerSelectors 2.0.0 by Ad5001 for API(s) 4.0.0
PurePerms 1.4.5 by Vecnavium , 64FF00 & ProjectInfinity for API(s) 4.0.0
Slapper 2.0.0 by Vecnavium, jojoe77777 for API(s) 4.0.0

----------------------REPORT THE DATA BELOW THIS LINE-----------------------

===BEGIN CRASH DUMP===
eNrVW3tz27aW/ypYtbNN7koy3w/dyR2ntrM3s0ntazs3na06GRAEJdYUqfJhW+n0u+/vACBFye5N
Zzb7x2YSmwSBg/N+AfltklX1href7mXd5FU5WXjTSZtv5GRhB57nxZEdWHMr9BwnnE66rf7kzW3X
CYPQsSwviOPQnk4K3rQXdV3Vk8VPP08nUj/+Nml3WyyYXHw6u3x/9fbdxaeL6+vL68l0spFNw1f0
7VyKgte8xfasypjc1LKt7eWy3jZV0dHwcvme5+ViUZUXJU8K+eIl23RNyxLJRLXZYikG2UPertm2
Eney3eSlXC63RbfKsfhK/f6eN3IMYsHuqzwFJlleEBp6dnNyfXVjtj1panFi0DnZY3NCyGBdgU0m
C8f9fWrWfsrL+6q4lxtZtgCY5rUU7aT/ihE8iyqVxBfbw3vXyC8g/Fcssf1npsp7bLJcvsubVpay
VvOCZ+bVsqm6WsgtF3fNcnltXq/wqtaEz6xpxFqmXSHr5fKsqJqulre80dMjTYUd4zek1jSMmMHk
I7BIG7ZHnOWbbaE40bAeyd+w0rGwctme/OUv7PSe14wQucHai7Ktdz/9zP5yQpNsNWnbJUUuWNNC
wIJ9uzVT/9HJTrJX7KefCSXHUXPpyR2vyrpSaJUaJK7299SkZfttu86b2d9Wsr2RNbT/xUv1oil4
z0vophqr5YrQry+I4c0LtWzK1K+Xan//KcCef7S+Z+a13ErQUa6Ily9K+cBGvH0xYPsiL1v2rejq
Gtvd5uLuJdOKqpAPzF7LFmYruVi/aGSRLRZHvOEN+1YSQzXJ4bAKWKrx2d/A0bsXB/soYqJh6u/0
GpvX319OmaVmuFp+9NW1tTK4zrN8ByOut2frrry7yT+TyS4YaCOEXNeAhWV1tab5Jdvz76wqs3xl
BPJiOam3M0FwZg0ALSdT5jueE0XAB6bX1lxI7XSMBZN5nV/8M6+VP/ttUvKNcjP90HQyOLuJPXfm
EUZ4166rGkt/mmyr1Sonfbq5fCMnAMu3OY17czhCepdKndLJIuNFI6eTFJKF8mscmiprz8cDG65M
X0NdLu8VDstlKvunEV5FxQF2cnP7+vr2wxUGHmTS5C1hT6Sey/vbqiqaMVH90CFRtg9UD6i6Uvb9
HvbNbiXffDW6egRAxx6Vf0HHum23zeLkBMxYd8kc7vtkj9rJAAPUXvBmd1ZtNrxMX3dtBS9djAh/
7uuYB46i6oAFv/CmKh92ZWlbX438Eczl8hmcdOTas+Tq8ub24+X1u/Mnwn2DOPz66u2IxH7kkCz7
CVnVL5UM6c/Xo2oAuVwaLIaHP0PL+65o849VXaQjckaDh8oazq1ZIlvuHdJ19lmK9dV7qASp1D/z
x/zu7L8pXHe7rm26uxzPd7zI87vmqxEuaM/tBsYJhd4Qwg+EMKQ4Rv5f0v+Mgo8oORkBAqOuCr6T
9Y0skCgosgduHX/5gm6/Tn3Lsr8aHzQ4SkQOsPjz2nyFwHYl680BScPYofy9uX9IzD+lKPl93m3Y
lAXemzeWxf6dXdXVL8DiLUJDmbe7r0bqJ70DaO3RGz3+GVJvCr7dynpEaD/yBZkNZGL4/8CIG43F
n5UZZbHIwjcSuc5RxJi9v5pv17xWqFCmRzQpyZ4hC8HqCIjaJMREoJZYj0cEL4AZ1o7Hqs2ntGpL
2R6MmlJhP9DVxfg95e3Bd/jXVh4AXm2249c1bw5wyUVV3o8HfmmUbIb3TdK0NVK0g7GqbtUsvM8d
DCAdJYLS8aStOOTDtczIZPJD8I3iaHM4lJICjEZurt4dbL9rfi1K2sw8seFTW93JEhnRAQseHw3V
hK6NgR3fFEr/HIX953yrM4RYWd3nIk/Gy/H6uDnkekXoodJzbRv5IEz7/PKA9LT6pFA7HsRQfiiw
CkraNAcTb1SZ8OP7A5qPMMArct30iM5N8VDnR/LftmuaSRz2jL1drY90jxJJlHFF4ygmuYpJ+SrJ
S17vMOSCUSFxAhVWkSZmEoES9W7bVmbA0cxKIWitlpaJzPtC6tN+r9F3qjbzMqsO9DZ9IvL8QEsU
K93xEErLTvmWVad1sYf/3zA3dnklUByMmE/Wvd6afWlHqsf4OKE6MHcyZRRx+64A+Oko8EmXU1R3
LN8F25pPCJWDW9rWVVuJClC9KMAeOdm350V2JIPU9vwgFZmdWVnqitQJU26nmRSJtFxhRQlgdwaV
j3mZVg8N++GWXZ0xG4JkalvmQA0t9qL/blsv2ev35wElDqBuzJ7PUtmMN2jGevupIjF8fPvDD7ek
i/TyoBwjtRCqRtafIM+a17lUro2na9BSyxNyEjPMMVW9TW7gNBNOFgZxGGcW9zzuZ34iHO4kgWWl
Vhg4mbRkGElSpKRGdXVi/KI1j+fuqeB+mNpRZjlRFnkZvH7i2EEkUju27cRKpXRcz+VSOT3IAA4H
aQRcaZGgzpvdI+uBM6QGC3h2V1YP5an5TQq2qqumkScgmTcl1Wj3DmKsdSpl5kVRHNup70ofMrFE
7PteYsWJ7Vg2kEp47MQBYMA117KRvBZrRf/GhLjJvbKr0yhJhOXYPJJp4kiPh5I7WcRTL+OxFHEq
pJOJJEoP7OEkkWmNtxlw54qTwdz6j34QfI3mNrCMI+Hbth8BapL6EY/9OArc0EudNAOyngjAZ249
D3qvgkoXnoK37FD6oQDfeejZdpSIJOGh6zoylGBuLAMR2UHsHoFX3mFvymDoqc9FKCWPbZ4lPI1S
4cVR5gvpekIGThymvgzwmR9CelaIsFxoReCFUehBqYIgERw89aOIKl0Z+cJxheNLcMbnzhFA6sJQ
bFfyIdSsUy+W3LXcOHZllmaJG4vUtRzp2DBB3wLoyLFi6OcRpKqo9jCgFYR/kIZB5kjXTYPIdoUb
p04sHEd4gQAn7fQIG9X3W0NfC4MORHyacmztcctzvSiBhsvIsWOZZLbjZ5kNmqJYiOgYnaKi3KFX
FlJh99RLrcSK7MzmYexZobSiMA4iycOA88x1rTQByk7iH0NaKVyUEQQith1hZbHl+xB16ri2FUnh
pHYYJ3GQedAwYPoEwmwUXDSowM5CsDESmQuBCceTnoTdO1ykEtyyuA0zgKs7BDU4AnjUU86FcEM/
5r4V8SBOM9ig8PArDC2eQC2FL2IvyQ5BlEnbR6FTV1ppLLMgCYSfJZ4vYSk+tx3E6kCGfuDaiQvD
l4cQ9o8zlTJ5Wm3+vKsewar5nU4i4GqVjMI48qE0Ulhu4DlBQN7ATdwAFodBX/qpDGMnfA7KLN+K
Pnc5jR2HUw86sUQggAPnPv2NXMeG6G0pvNCNuDzib1NW1WfZx/ZTi8PW4ZrDyBaeHXM7CzwJ8/Lg
WlyfHLAfSycmmpD8NnJHZrDP3ag/5JwK/Ak9KcFdJ0IilMCQPCvxbcsPpIxSN0mCQFh8D6Tr8tTw
1UWwiJMkzBLfjaIgtrM0dEPw1fNSkXhpgNUicyB1Wr7uNg3n/fqn3r3ZbbKq3EGCxY4aDLM+bb4H
qqSVrgWvYUeOiCObJ3bopzAa10sTK4NyB3EURxYp13OwEDIiawTLD5PQdmBxMk2TOBQIbDyCa3Id
EXlQhjCKndSR8R/BssewUukl3Ek94l4WJ6kl7ThxOGwOjtj14V0QOaJMlyWb6jOv2xO4NlmbqEtx
J4gDD1iIMLKgqx6PPAdKIC3IOLURvkAkNNjxD4BsYXEz8t3KjbjkkGI3zkKZwmYFVCJJYkFB1xeJ
5acR/G3sxVYIMKoqGnRrvlOJ6Te65y1Ul7IzBxeU1rGsqtlBHrWsl+U37HaNWMoa2VL7t2G8lqxd
S1aVssEDb5ngZVmp44y8FEUH94EHLKC+9BwhDbG3RVqiod1UG0nnJO1TqA3P5JRV+FI3BJQl8Fh3
bFd1tYHG8oxtUHNkudoDCQ6dURQ7DfoH+TAAPEFqy7uibdhDVX7XMsoAeM1Qv1Yb6scjju0IS+ra
auof1rJk3XZV8xQA5gSS/vUAF/TC2Dcf15IQZG2FvZCrAhDTZRe4gVSnoYQ61Z8VyjoQMPC2kK3i
HDVPhWQ6ztDIRsMG/4WcFZyS4pVcAFwn9Zdm3bXIGcuZOXZasOXk/bKzoIQ7JtbLzpYyZC395vaG
4Ytt2/Q9c0EKO1uruQ6Rq56scs0eQX1BK9IwZ/dqWLBEgfCBZ05PIixZqVfs/m05MSx4XRTVAyvy
hhjDTNua3eec/aOT9U7P+pUeZ+bjgqkc26zXBxpmIQMXGGWqDJoCQRDIZMeM+PQK3UCYDRMOwX2E
vUIbIU+epgyJnxY7iZOOCdhGcjqooASYQdiJJOwhDvlrxwsS1Cq/x1xkNJ1kL8zGzLFeavh6Vzmr
5Ra19AyiXq1kvcAEs/8P3SaBnKHTr5tdKehABEpX30GL52bKhwYqQebV00wT13VVVh20BguaKVOt
OqYrG7LJqTocBDlUwiguwSfQ2KYrob80pQd/oxQLtEHL6+oxh4ZLsAOkKdspBwSJzwNSbzOyFppF
VjFlefsdGNnWamEqW1iWUtej5ewF6KAzN8cwSBEzMxQvFLCntsKVztRdWZKAU6pOq60SiaqNmjk7
l/fmmW3y1RpupebNejp2AkabiDN13W1bPaoZRwzaAL+BOiVsuAdV+qTaJDkdRQH553EgnSE9RP1B
J7LzA+XD9JmetjdM+reR2HXXe4f/LKoESkVNLaa/wE42eUuuZiNXPNm1EAC70Xy3FKfzhjYwAG5J
jA+5EoRSNPiPh5kG1eteo4jNcuAKJ6mOUglQVkvZb6q1H8LryF2wVQW5VeSNSE30ViuF6kyht2BW
Tw9wUPFBp4v/LyihjuGX6FjzOv3f0tG01VahYjz7gJoB2DD4mS0F/XSEGO3cY2dbjjdCUPmLj8pw
DJ7Nd18FU2U6CjVyLsyck8IlyEcpOuW2K426NluKq8Ns+SikTJs9Zb2fu7y9WLDbv7+9Ye/evn97
y15fXb17e3HDri6u2cfL6/+6uJ4yTGK3l5h1wT7+/fLdBbu6vjy7uLmZP/UVB5xx/GDEmCtZ55XK
IsiDN0SqWEvlyxVfBi9tQxbIZFLjitSkGfyn7P2zAXhWlaAa/h26RtT/kSpqFXxYU0IADpHP0tMM
fA0GXnsfB8bOADtdUiCiNEUtmz9dQXpiOuIQ5lYKymY0twlxLW29dqAGqie3zZ5s1zJ0Ny//CDHD
BXfEhRWvE9jQbF8iGLf1PMeVWRJaZh0z6+D+N7zsVAY1xgg5ZgcNfTntw8pTFe2VVEfrDPVUqynf
7E11zi510NAGgdyn6op0wCZHJHoo2Z6Gpge9VSSA5MCyRlRjzzfKwTyJuUqtNJyBxqyuNn307teb
ObOx8h7LnSgz8n1Gb9gzCvdEc276XJiEWWNPUlSj8Gm32eqEsc9Nmfk0o097OZ7TRLNI0aKQ7imi
qxUPEg6CP8N25AOIp9jlHkrYNJ1s9J2kRq76VJocHu23x2zaC1gnICZbnvf40OR/ybcNf9S3I5o9
DWd8S+P5ptsggCN217RJy0skzRAy0gA61tPY7DlNdmVYqyzrqQ6iptgOmOkrGZTsd4jo3oEkzyv9
+Vjz9X2cfpd+em9wGqKZekynSlJmqq09ovQciKnECJkr8RS46mxGw6JrMZLqK1ql6d3TimUDlzV9
PQY0fVw9EEsLqn4M7C+B+5Ku0r9StiTQxRB6kBmuq0JnuQlvxVrVBooAJGxQMxO+lH/UxZ/5qkOW
uQxH+W4fPr8Zy7D/SC663rUEfspm9ki8RrRq81nbIzSEFhUF9gm1OiChPDbVnKBiTtUetByDBrk5
+zuSUWjbK5VdsrOrD1OsBR4JrPEhT2EgKjPp/fCww0ztsGDBvgbYFwiN4tNo9py9TuHs1rzITlBZ
68olldB0sx02ZtQnJQUcme04rI7AHRVcj+QbKdPlxZwRIh+uyqs+89/Xw1TgEGIPCMx6abcttzMz
8qTwem9slO41DRKmOqEXbEPB1CRrqCO0yoyCtxc7etHLubpJR2sKXq/UAm6Kc6MdZs+s5isiBBIC
A5ttofIjqrY3IIGcA69JamdFri7vURuhRqUnm5a9v/2gcG1AFhGfdC2jxoUS7H5DXe/M9/5p03bq
7tZCYXxYxMpSnauZy5/UN0HuhZS5J7bFW5aLOVNxb80pzaDLhRwxB2sgF3WDFa5tqvCBANVNPUwV
ymMrJ47wz1U4aLR4dbKCua3RWqJG6taJcY9DmXd+qZKy87c3r79HPqbyt65UOkXuviP/qg6FdQqS
k3Kam6DpYQm0p/XQH6Qy6VaLfVX5N2ZTNWmS5jXcm5rBTPOi0X0XsveyqfrUwFiL3QPVVPRQz9ZV
1ageTV9Qyr6JoGIBtdlZw+/3sQcvcqa/qib82CESkvQ21QmjaWP9UuWlbmgo/n3HfkyqR/IQNXt7
zl78+OHt+UvoA9wD8MD8BwiTxJUjoYDxUKlZpwPPdKIDa6n2Mi3hFX78/l2/gylERyPfqe3oHFEl
J0rsJulRFFZ9W82E5kdgOKM7Ga+qLDMb42ue7WaPXZ4eiklxeHbcz7pVDSltkPoyteaGihXG+rrG
tMcEXE7bu2ezaqZXLZg5cu63M3cetYIOu1Fk5eVqqKFKWlwch/lpP+s+lw+zIfg/11Xs2f16U3Xk
bTIdO43zARN7ZlPmQF7VdHWgFvRmQj8AXKtUYARAsaGUunOQSA0wkXR1FY6HPyhlIT3WOxi1ow9P
0wrNDNpwxAz4T8aP0QZlQsVARhdkn8fY+iOUeQ1oKeO9WQDxPQB6GjBznzSvkqISyvSbPNXxh+jj
kDjUsumSMVdWFJgxQ6Y6HKuXIVSqTppRHS6ELKSqYbQRmH2L/A6bUJ2vPFnBwYRVXT20a+0HsQln
aw1v5CThM5q2D/QK4RnxpUdvtmdST+Db82ZEHbl70gkNkemj6YHYoaPWJ1Rq1ZHYAHPGHPYN0EWp
fyjgffduJOP5UyEbB/jAc1WL/6quPWst21bbrtgbmXmlfELNMoHIdfqNVblGdJsdKaKT70PiMSqD
aNR0MBdDckWNV9Uo0B90TmL0D2iNfX960I3Gyhn9T4Ang4NzOf5gbm8c5A/wKjN93XA0ew35LjRa
8+1ms53n1UAD3OduQyWuulLfgPJmTAwFRTOD7WcoopTz5KtVLVemt2oasbqpRJew755SrHCFz7o8
v1yARzMTcnRWQu7wQepqiTO6EE97NoqAMSlqdD46hUFmcCCVbks3w3rxPcNuiF7PGRQQ2Rjd6VDR
8yCundGhiRy3NqcIQds1h1FJih814bPPlRGZMlmjXpqRvy0pAI/W7oOlDlT8oGdqLteMIn2HUgFp
lnLdvW80cI0q6Bn9Zs8IXhN6LPk234xDlkkGCDytIsOhCEWCpnhBW6vGsFnWHwnMxxuZb8c79Uz9
UtphopcWuTafUVPNQMEm7cDqvn22NsPaf9ZD8WNcDh1goOpMVX6WZwMout3Q1fqcjJxY30HqXTsg
Gsc3DvlIGnkzFJyoAzjdVxveKTcDvkaSi16k/VeoNrU8F+wnlUwhv56qHujPPXidI4wyifGJniKM
kv9axRPqI2nvSEoo22eDuQoGqiJuVLGj+gx05XhbSJORHJLS762+9S+ASxbkWX1o3++8YG/evb7t
h6laktR8/Ku5ZzP140dQWMqp+5jmdTtVPv6vo6RUH2cddmy0R6BYC9abBizvjIYWEKfY0RFhJ9qu
7t18X3jWwzmY8lGAg1go1Olm0/Nt1h+jQUn6uuSbN8o5qc3UigMwKqk3I59GIzOVCh9kqJUuXuQj
3GVjqndxR/VeM/zvtBxV1k5nnGoe0Qx0UE3q0NSblqZV7YGkrR55ezpiPxY2nUVf7UWv/9uMOotV
x7kfwYQfqntmW8yKF164sAP28e33zLEcJY/+nPQVbF4dxFRt+orOKnmYLbsscwL1U6ifasT11M9A
H+sSNjMy3Fd2bOt4Ohq8D9SwyiJM+ZNvMait42Gdt3JGJ6BmgMpEk2i+0o3nFacWSipfKWT10e4w
hmydRqkBTmdq/fv2fmvgpTlVjdD83SuF2aDAQ4h9tU/pqV54pW/6j9J8mY6m0C2LV+cXb15/eHc7
Ikkd0va7q2hElm5wOMi9X2kOjQoONWfy+/8AnVVR2A==
===END CRASH DUMP===
