PocketMine-MP Crash Dump Thu Nov 11 08:58:42 WIB 2021

Error: Too few arguments to function pocketmine\world\generator\GeneratorManager::addGenerator(), 2 passed in D:\FLOTV\plugins\MyPlot\src\MyPlot\MyPlot.php on line 1275 and at least 3 expected
File: pmsrc/src/world/generator/GeneratorManager
Line: 72
Type: ArgumentCountError

A PLUGIN WAS INVOLVED IN THIS CRASH

Code:
[63] 	 * @param \Closure                        $presetValidator Callback to validate generator options for new worlds
[64] 	 * @param bool                            $overwrite Whether to force overwriting any existing registered generator with the same name
[65] 	 *
[66] 	 * @phpstan-param \Closure(string) : ?InvalidGeneratorOptionsException $presetValidator
[67] 	 *
[68] 	 * @phpstan-param class-string<Generator> $class
[69] 	 *
[70] 	 * @throws \InvalidArgumentException
[71] 	 */
[72] 	public function addGenerator(string $class, string $name, \Closure $presetValidator, bool $overwrite = false) : void{
[73] 		Utils::testValidInstance($class, Generator::class);
[74] 
[75] 		if(!$overwrite and isset($this->list[$name = strtolower($name)])){
[76] 			throw new \InvalidArgumentException("Alias \"$name\" is already assigned");
[77] 		}
[78] 
[79] 		$this->list[$name] = new GeneratorManagerEntry($class, $presetValidator);
[80] 	}
[81] 
[82] 	/**

Backtrace:
#0 plugins/MyPlot/src/MyPlot/MyPlot(1275): pocketmine\world\generator\GeneratorManager->addGenerator(string[22] MyPlot\MyPlotGenerator, string[6] myplot)
#1 pmsrc/src/plugin/PluginBase(94): MyPlot\MyPlot->onLoad()
#2 pmsrc/src/plugin/PluginManager(214): pocketmine\plugin\PluginBase->__construct(object FolderPluginLoader\FolderPluginLoader#54, object pocketmine\Server#10, object pocketmine\plugin\PluginDescription#22978, string[23] D:/FLOTV/plugins/MyPlot, string[23] D:\FLOTV\plugins\MyPlot, object pocketmine\plugin\DiskResourceProvider#23211)
#3 pmsrc/src/plugin/PluginManager(357): pocketmine\plugin\PluginManager->internalLoadPlugin(string[23] D:\FLOTV\plugins\MyPlot, object FolderPluginLoader\FolderPluginLoader#54, object pocketmine\plugin\PluginDescription#22978)
#4 plugins/DevTools.phar/src/DevTools/DevTools(70): pocketmine\plugin\PluginManager->loadPlugins(string[17] D:\FLOTV\plugins\, array[1])
#5 pmsrc/src/plugin/PluginBase(136): DevTools\DevTools->onEnable()
#6 pmsrc/src/plugin/PluginManager(438): pocketmine\plugin\PluginBase->onEnableStateChange(true)
#7 pmsrc/src/Server(1365): pocketmine\plugin\PluginManager->enablePlugin(object DevTools\DevTools#22893)
#8 pmsrc/src/Server(988): pocketmine\Server->enablePlugins(object pocketmine\plugin\PluginEnableOrder#22898)
#9 pmsrc/src/PocketMine(301): pocketmine\Server->__construct(object BaseClassLoader#2, object pocketmine\utils\MainLogger#3, string[9] D:\FLOTV\, string[17] D:\FLOTV\plugins\)
#10 pmsrc/src/PocketMine(324): pocketmine\server()
#11 pmsrc(11): require(string[53] phar://D:/FLOTV/PocketMine-MP.phar/src/PocketMine.php)

PocketMine-MP version: 4.0.0-BETA13+dev [Protocol 471]
Git commit: 73592349cd29d91b03c2703107db859115a92e2d-dirty
uname -a: Windows NT PC 10.0 build 22000 (Windows 10) AMD64
PHP Version: 8.0.12
Zend version: 4.0.12
OS: WINNT, win
Composer libraries: 
- adhocore/json-comment 1.1.2@fc2f76979f0a44a5f5bc2a2b600d0762fe0e78e7
- brick/math 0.9.3@ca57d18f028f84f777b2168cd1911b0dee2343ae
- daverandom/callback-validator unknown@unknown
- fgrosse/phpasn1 v2.3.0@20299033c35f4300eb656e7e8e88cf52d1d6694e
- netresearch/jsonmapper v4.0.0@8bbc021a8edb2e4a7ea2f8ad4fa9ec9dce2fcb8d
- pocketmine/bedrock-data 1.4.0+bedrock-1.17.40@f29b7be8fa3046d2ee4c6421485b97b3f5b07774
- pocketmine/bedrock-protocol 5.1.0+bedrock-1.17.40@5abbe5bc21d8a9152d46c26578bf5257526612f9
- pocketmine/binaryutils 0.2.2@f883e1cf9099ed6a757a10a2f75b3333eeb2cdf9
- pocketmine/callback-validator 1.0.3@64787469766bcaa7e5885242e85c23c25e8c55a2
- pocketmine/classloader 0.2.0@49ea303993efdfb39cd302e2156d50aa78209e78
- pocketmine/color 0.2.0@09be6ea6d76f2e33d6813c39d29c22c46c17e1d2
- pocketmine/errorhandler 0.3.0@ec742b209e8056bbe855069c4eff94c9734ea19b
- pocketmine/locale-data 1.1.6@216b49b87e20332f0b39d1717e1e2012a40074cc
- pocketmine/log 0.4.0@e6c912c0f9055c81d23108ec2d179b96f404c043
- pocketmine/log-pthreads 0.4.0@61f709e8cf36bcc24e4efe02acded680a1ce23cd
- pocketmine/math 0.4.0@6d64e2555bd2e95ed024574f75d1cefc135c89fc
- pocketmine/nbt 0.3.0@98c4a04b55a915e18f83d3b0c9beb24a71abcd31
- pocketmine/pocketmine-mp dev-master@73592349cd29d91b03c2703107db859115a92e2d
- pocketmine/raklib 0.14.2@e3a861187470e1facc6625040128f447ebbcbaec
- pocketmine/raklib-ipc 0.1.1@922a6444b0c6c7daaa5aa5a832107e1ec4738aed
- pocketmine/snooze 0.3.1@0ac8fc2a781c419a1f64ebca4d5835028f59e29b
- ramsey/collection 1.2.2@cccc74ee5e328031b15640b51056ee8d3bb66c0a
- ramsey/uuid 4.2.3@fc9bb7fb5388691fd7373cd44dcb4d63bbcf24df
- rhumsaa/uuid unknown@unknown
- symfony/polyfill-ctype v1.23.0@46cd95797e9df938fdd2b03693b5fca5e64b01ce
- symfony/polyfill-php80 v1.23.1@1100343ed1a92e3a38f9ae122fc0eb21602547be
- symfony/polyfill-php81 v1.23.0@e66119f3de95efc359483f810c4c3e6436279436
- webmozart/assert 1.10.0@6964c76c7804814a842473e0c8fd15bab0f18e25
- webmozart/path-util 2.3.0@d939f7edc24c9a1bb9c0dee5cb05d8e859490725

Loaded plugins:
ChatManager 0.0.1 by  for API(s) 4.0.0-BETA5
ChatThin 1.4.1 by PresentKim for API(s) 4.0.0
DEVirion 1.2.5-ALPHA12 by poggit, SOFe for API(s) 4.0.0
DevTools 1.15.0+dev by PocketMine Team for API(s) 4.0.0
MultiWorld 1.7.0-beta2 by CzechPMDevs, VixikCZ, fuyutsuki, kaliiks for API(s) 4.0.0
NotificationSystem 0.0.1 by  for API(s) 4.0.0-BETA5
PureChat 1.4.11 by 64FF00 for API(s) 4.0.0
PurePerms 1.5.0-legacy by 64FF00 & ProjectInfinity for API(s) 4.0.0
SimpleNPC 3.0.0-snapshot by brokiem for API(s) 4.0.0
Sound 0.0.1 by  for API(s) 4.0.0-BETA5
TNTManagement 0.0.1 by  for API(s) 4.0.0-BETA5
Tags 0.0.1 by NhanAZ for API(s) 4.0.0

----------------------REPORT THE DATA BELOW THIS LINE-----------------------

===BEGIN CRASH DUMP===
eNrtO4ly3MaVv9IZutZkQgxxH5OVVzRJxaxI4qxIWa54VKoG0JhBiMs4SI5S/vd973XjmCEly4mr
kqq1yyUCje53n909/5glZZ3z9sOdqJu0LGYL+3jWprmYLQzXcp3ACUxz7lmO48CHrpKfrHngW4bl
675tG4ZrGsezjDftRV2X9Wzxj1m7rWDW7LRed7ko2rOyK9TH41kumoav8fNNWbJE3DOupjWshYGu
iFoghFVldCvaPC3EanVf1lm8Wq1FIWrelvVq9Zf+8RUvAFq9WPA4HgYPj46ZySreNCJmacHOF6vV
i5dXN9+vVlXWrdOiWa1ebZdZ2a5WTR2NL/LvvNpUDEjIADkzTM9hvIgZb1kmgEtmMfFQiagVMbCT
dFn2Is2Qn2rD68XJyfnihHCdLImDVwBEe7Wc49cTQHZCzJwMvJzss4LYEbACmuOaL1kHa5Dg2cIz
QYU1j+Dxx9mBzhTLJ5I5gqUe5Z9DZPFo8Sslrn2zI/GmrdNi/aNpvme7whymHDM1x33P8m0Fn46A
5AODjSxKSk+W9Odb3ojDwAbCdgFq35TFy5LHh7Tc/NRyReahadh7vMlpq9WIRvvmw4eoLIC+LmoP
y/DvoF32osxiUctJiE+AEB6PHYBfMLViiuRa1OBSB4b+5NddEs5FE9VphWZ/YJqB5w+iMq33bLCn
XT3uzfmUgX8W/Xna3L4RTdnVkVjW5V2KDJmWaRgkW+uXZGs53mdlO5hKWrSiLniGMpOfDn8d9f+a
Mn5B3MSsPfjJubiD0JQ1o8v2I8PDoad/GePZwHDTc2x4T3N8DIGw5tsfjfdEj/NZvzAsFwjoyQFN
qid0jouCh5mQ7uH+kgpty/8C9+iBXre8FWcbXqzFITiLIBzeBIc0eyTP+TIBCYKrbEKp7jFboCc/
sAib/xhb4O/zID/sQm8Of9EyJJNXNbkBYJSWEUwwjjH90NKNT2B9IpigGM8gRzbKUM0n7bRrU+T6
FUeDXoN8DqzBzYMdqxmGP2VNMrbqnyDd3I+JjZSkXKVC8qGBDNbipy6tRW+9DvjrFya6cRhT2tHs
/c/HM/H/sUT4FzI5iEyS8yEt7srsTqAUAFhaxKCUqJ3132EMnqMyFihd14L3Vcv+yJ5XvOY5W63O
srLpasE+8d9XVS0a0X7PszRGUtgZz7KQR7co8Ts5KthAMyspfjYMykdWgIaIpwZIcO091CE4MPvM
f1+VYHn3dQrg321EuxE1KbmEnMT6T2B5IOAtSDVt6KUWa3gSNShvpOk+bTcMALCG54IV8A/S4yh6
8NkdadtUTcsLbU88ysyP2IL9z2VBfA/auZIsXzxEgp4eyQwxeBNs/iewRRgINInpvwfw37Cv6AOu
DEYonj5AaTd1ed8AsYqy3nkGinC6oaaf4ItJL1UXZmk0+s0ThZvC3YcV9hVK73hiNvu8Hku9TpT3
jCU8awSK7q5M438gfmmGq/YtBrbFohWNhHBZoDgicdijHehZLGjk6M+43JZW7TkKTJoc/mGCEV0u
BQduD79qNynkvgxs4kciHagBTtoyK+8hrNHQ0fujIyLKVdBWLQmUzPfTMj1czU6zlKPYVzMChA+A
l/GsFjzeMiA3XRciXs0k1Z6C/zO++IqFQA0+ovQ9kIoU7AeBi6Ktt4N89sVPmHxpGojHNyQeX2r8
5I9/nP38exfwexfwexfwexfwexfwexfwH9QF9BVrg4UqWFHbV73wSjXbYmf0eDZsTc70uT43YIR3
7aasAcCPAI1XKaY4G77p2rcXN6cO4pA6j2cLKkqOZ7GoRBGrJU2ZtOfTgZxTBf0abPr0b1D0jPil
HrAiB5XBlOXV9c27qzcvz2HoXoQN1CGYeSHZ4qKbDcLZ4YOGpkwYc3uPidkSk3vR/jXNZ3sM/dOs
3KY52IGEu1pFQAgUHoVkTZH0ixydX3yf1kT0wNEwtMuROXe005fL704Nc5ezCgw4xS7l+uqF+M2Y
k1BXqzuiZbWKRf80oU+xd31z+ubm7fIxcyqoTJnrh3aZM5y5/idAsaezwa7ZjeCfVxwGyS9k7XHU
+zwrm7atGnBDkMemC+dRmU88bshUyPCrLmvTd1jRTVieDO4y7YEzhaLle/o8+yiizfIVwEW6vk8f
0tuzv9E2+LZrm+42hedbKFLT2+Y303aEOKscNABSyZFgVZfuEP9Za35CShNOTiaAQFCvS2g00ohj
aXC9hS4znwjsiY//jgj1mIwvD1RL6OcwDEy4GoYeBaq9SOXaL17o+q9TLUFfijonk9jlbPaCU0/a
QOEJmH4ARy67Znmh9eOzkfcPEjmkaUXt+PRP6J+IUrXeAEZJRxK7Kx45tisfCAxaJtY82j4lJfZf
DLjC9H5ZJGmRttvfzCV2REGUTR5/A2FIOCCN6zSvMvF6eTaRxjg2lYZF1t0UvGo2Zbsrj7Aub1Px
2yU3BQ8KlqKKoOKaEPRrOVegTkYYyHXZFdMoKd//HX5OmL/ctW9e38i6RW4TDgzsjv87GNmh4Fcw
xNdTR6TXz5OvMP5mtjYwAKi/jO4nrEzR9DNu5+IWoIBGeK+K6ItmIvShFUVD4Q9r5LJGsD6yiuk4
jHLebqYjEc+Ablg7HSvzD3HZFqLdGVX77uNAV2fTd9zmnb4nadaKHcDrvJq+bnizQ0sKXc/ddODv
DWlqeM9D2UTsjJV1q/QJxSQM4PYgMBRPJ1XRrhzeiCQTlCWmow1JtNkditMun45cL1/uoN82P2Xo
8f0TGz615a0o0o+7ItjyHIVmQt2LxvcxrWShGMxtfM3ScDobXh/yXSGXSI2p65ZhmAEMLM+vdjiN
yw9Eyf4gDKW7+inBYptmZ6IMZT+82mFxjwJ4xc3LXbZgkDZWdwardoMzUaDSkYDazZ6pbbrilrpW
k1RokVTSdZgWvN5SbjDnLkpC3IksDtUkBBXV26ot1YASVgx6lVaI1qCrE5S0SModM4wfaTDdUTqJ
ypoO1QKsHd1q3UnT6uH/DbyHXS0jHm0mwkVn3VQKL2KkPcxsWhdMvRc9E/r78SbNJH4aFn7tUqy9
dRBN8wH7CdUXVHXZllEJgG3PADQpeqxnOYFp2UEUm0EcGKFuRaYH9qJ7ceg7gWE4PDCFGWtxWrdY
fnSKpndpEeMpwesbtjxjBlDACDEzwd50dth/N/Qjdvrq3EWLxRsnEzl9FOQL9mACm+pDiQbw7vL1
6xs0Ony5p0gIYaYqG1F/AMXVvE4FhSweb4CjWpyg82swRx1bGejez5PITDw38IJE57bNncQJI5Ob
oavrse65ZiJ04fnCQ5nVaXR7ouKdPg/m1vOIO15s+Ilu+olvJ57nhabh+lFsgFRCPRYC5GZxQcEM
lAGBBCJwpI6ztLvhtGYBMrstyvviufqLlrauy6YRJ8AybwrcVL8z0VSfm7oZBLplRZaT2Jaui9B1
XOEJX/h+lDhmbMSuG9iIFUIu9t28jjbEf86rinzqjgziuR+GkW4a3BdxaAqbe4Kbic9jO+GBiII4
EmYShT4WHOPmzEko4hreNKCdq+Jc/1M/CHL15rb+PDGD0AuFn3BLt93YFMKOXNs0bN8JAy+0QNI6
CMx+GvRoiDMHPeMReIeHoUBlGbHPAwO4tt3IdB3PD0EEjueYrmuYSbAHnsIAxQdSookm4PuWMKIk
0INAxC73HI8bOsjBc0IL/hMiNKN4H9KTSgRCwSpc2/M9G4zKdcOIg0wd33dM2xS+E5ngO47wI8eh
dnYKEDfjslIFQiRNf24HAqRnBYElkjgJLXBBSwdXMxw3dnQA7Zt6APa5B6nMyhGGHoTCFdyNPTcx
hWXFrm+A6QTgzJFpRiA1wxNGvEcNHY5DpRBnihw0PBF5thkiSl93XJC/7zi6G0S2SJLAjgLPsgU3
gnAXVFZiTTAaizF3n4OXhHYQ+p4wwZDNRAfeYsNDSmDEMLmt654dRfuQ1kSLjbS4UWCYkQ5qc5zI
BwYgIPkiAuv3gjBwE1u3I922HkHQJllEgnKNxEOeosQChUWmLYAhoZs8isEefJ0b4AZWtOcEQyAg
ELFrC9NxnBAMPXBErJu240FEcGJYnESGBTQGyR4/RdgOsg38yOa6HYJhgDULCCq+FVuhHoH6QhM8
0+AhaN/YhTA+alQKQSjXco6n0c+/NGrvAqz5rSwZIN7a4BzC4r5rGGDPni6MhEeR65qOboOO/MS2
PQEBJOQiegqKllaRymzG88A0uWvbNnDkRl7MOXfwf98ygSLQemR7ls/FHjlNUZYfRZ/Jn+s88iFi
g90bkW0E3EhA7OBjduz4loNR2AmESQYIlW0jtugLY2FmkL9H8J9nC+EIy/RBICF4k62HjgE2LYQP
Qg9dN9L5CKTrUpmEIP5CxgjC0EtCx/J9NzCS2LM8MA7bjqPQjl1YHSWmHSe4fNPlDef9+schvtnm
SVlsQY3ZFgqLTOtr4jsgFa0CvDMOHC/wRAARyPKTODZBk25ghU4C2Ue4IFCwsKdgQd6gU1kJy3hu
GFDk2ZaIDVS8xQFawIVhQoSHFAIeqZuODRH7U7CMCV0CgqsRJFaMxp5AIgps30p8Q4/syAKiLNf0
AvhXNiN5+ZHX7QlecKlV6sXk4wauHXlgDb5u+4bNfdsEIxA66Dg2nJCHemL44FU7QCpwOw0DOBW9
SEscWEHiiRgcNwKTCMMgwszrRKHuxJATgbZA9wAMtTyDbc23VIYeMOyjGHQKSbruatrFYljk0XWS
napqVRywmw2kU9aIFq9+NIzXgm55lIVo4IG3LOJFUbYsFCwtoqyL5ZUeeZoxh6wG6beFygRhXZc5
rEwQwD7MhifimJV4A6VBkCyEkHXLtmVXK1gsTVgOzUSSEgaocPAOTrZFwK/F/QDuBEpY3mVtw+7L
4uuWYQHAawZNagkRLMU0tkUK8S6A5Pt+IwrWVeuaxwBgvipWRQ9ssSoYO5hcjWmwWgUQ6vAHZAA1
ToMlcyw/E6kyAzCQZyZakhfukkeCyQSDIzlCpos2WsaxKF6LhbzEgR+aTddCpVho6jrWgq1mr1Yd
lD7GlkWbVWcI4bEW/3IjZ/DFMAz8nljAATvb0FwTuaQnvdiwB2A6wxWxl7I7Go5YSCAcIDLFp8gr
WCFXbP+wmhH3p1lW3rNMXf5R50fsLuXsfztRb3HOT/igqU8TNg7kcZ5aRHdGsDJlYBYgeQQXbpnS
F86XmwTa8HkK6h24JZgdKI/HMYMiT+oYdQdavWW54HhZBotdvCASCqQaNCB+6niGulmndzAXqpdO
sEOFlJn6EUKXGIVWiwq6YQ10i2d/C/hMuF93eQhqBdM9bbZFdMObW7x0dQvGOqcJb/EmG/pPzylO
29RlUXZgIjC9OZa3tPobU+B0xwzrd2CkoXtBIBtwehzLu0LtLkvg12RDeOmlAjofUjBjAWIAlsg9
ioE4lK0i6DJBh8A5aPjHLG2/BvG1NS2LRYvnnmiXe4vZIfDQgXOaJBZiQ1OcLgjUvkNwso66KwpU
Z4xNZlmREqjzaeZ4lqyeWZ6uNxAxat5sjqceriwHJVLXXdXKUSkwFEwOtCm+SLng+dTWxNLrON55
ArKfpgBtBG0OeosUrGs+MTSsHuSkBcN+EF0/F4BtKx3/L1kZgvHg9hST4+AHedpi/MjFmofbFgTO
rqWkdZJt2iBoWn6DSrtPSfBkUBAY7jUJqLexhhhM0hqvVDEgviBYSS1Ej1LaOCirw1DA1iXoCS9i
kVEgojWRqRFpC6YjF4Cdwrws/f7jOcD9vs/Rv+F1/K/R37RlJe8nyhA9kKTANQyih7ySOhCEWHuq
DChwFWEUA96RUyj6mq9/AwrJLYgkDBgs6iDBFZDgmHgQUUfBt5QkS4fEhDjMFg+REHEzciTj1tXN
xYLdfHd5zV5evrq8YafL5cvLi2u2vHjD3l29+evFm2MGk9jNFcy6YO++u3p5wZZvrs4urq/n+xFg
Rx6m4ypxLEWdlpT0MQ7TLeFoIygikzSGWGuA7KHsiCm00BQNIqGQUZZAnZUF8AnxGawJ+f2UsUkj
u99g9saLwBCB5DSCLIFA5B3jeO/cgOMKUwjWErRg/ng22oLarQa1VSLCkkNKFsmVepVrBx7AvETV
jKxauuK1OXqaJMW5pThf8zoEz9DG6p0C0NPSJVdDctQqplZB6M550VGBM6UEir8ObPDouE8J+0bY
m6HMrkkCsCS/+eiCc3YlQ740eKhQyi6LB1pSyCH3BRvpbyTgisgHRl1dV7wCthcULB7lSDIdCWHg
LanLvM+1crWaoU1Nc6ph5EZp8pFtsCdMasc6rvuiFFVWAyY0Q2XIcZdXsoKTZSJTHzT80OvrHCep
BUQ7kdlzAG+Q5cHZ+RMChpwNeQ8w3Am8WtuJRt6qbsS6r2gxaCG2karjXpGyRFCF61xSg1M/Kaec
P2i0e9z0tJ/xCkfTvMshxUJ2rRE4XRZGRUKa5ts+dI5yRX9RoiSPeWxjUNBXiiJCqGGl3UHOtQeN
nZfy075NY2mEUU/Cl5N7F5Kw1MQpZ1Q4aLSjPPB2DqRQqQLVI0oPqJP1hYRScex7mFwjORy5g2VK
npKfHjNO7vFKAWbYaii4nwf1OTtcFYVoUWELlSKgMtuUmawwQ95GG6rEiWQomsCEVJKh2Ca7K/VV
ppZQDLWmTG8HUy31nzCs1lu8qrQ+ZpoxUSApjxBrbU+MSgEUtccylk4ZsIKMJefYL1Gdj4thUJE1
Z99BKQi29IxqO3a2fHsMa4GGEPzrPo3B7KlWkNFzgK8R/AVz+6p7LMjlzyEmc+fsNIZAteFZcgLt
quwSYgE2rFABUob7j2hgE0cc094E2E5T84BRDStMns0ZEvF2WSz7WntsMrGVQKLuIW3iwq4qKk29
7zU3r5TXNelHMegTq/JejXiVrC+ZoGqX5jFJrXZgykVHc7ZUazJer2kBV92usgXCmNR8jSyATkBs
TZVRxYItbA7Eo7PzGvV0lqX02x/syfEiomha9urmLVHaAEvIdti1DPcASJUjOtlbzPtYk7edhqsW
RO20PRQFHUWRrycMNx+gFoKCtWcTeuwkSaM5oyy14VgEsDQH2bSoO9AG/ZAawtQx0QJKuyOiNygJ
iLoUiCFFcwrnjVSpLCVgbqtsFDkRcg9ChTrVTJ1fUZF0fnl9+i3UR1RPdQXZEAbsDiMlHZrKIiFF
Y1Q/GYqn7cbI5+jrsQi79aLv2b5hBvZqqmTdQLii70xtAzRy4wK9uWhKmbyVRxgITFItoZ1tyrKh
zY2+VRN9M05RHLenWcPv+mwBj9B50zfauh4DGxJGp2WyaFP7Pn8v00JuCJCkvmY/hOUDen7NLs/Z
4Q9vL8+PQO/g9kADzL8HtaFi8I4ROAe2cHWs5CPLD/CGctRdAd7+w7cve/iqvZuMfE3I8OSNCgdS
rypFiLey34VSafQB6NPwrsKzMkkILXxLk6320KXxqBCSp7a7AXRDOzjS1eRv9qUM5A+vpLa6Ru0k
RRBEWhlm1RpNrlkwdQaLaGQKUeFRYcEciBe7+x6lwGXZfio+7mfdpeJeGxL0U5tuUrinOf7Aj3p8
SvcymIDIetFibsfoSDshoH58puQMi99Qqp4sJsYLITvvUEhgoUjQ95uK35NRoI1K6GRaOLyb9CX7
iGhgH2Ig4/ukAi8RZS0mIJ8+RaX+NJm8xts7jPfmDsT2i/HvQI21t8ETZmVE7tukscwZ9Ps30CkY
XNOFUymsMYnCDBHL1EkvQ2qjnSZlHDyKRCaoU5DmTViz9BZQYJ9MkSjjwPq6Lu/bjYxjgIKzjYQ2
CXLg/U0rUzIRq6E0etK0UTSStcvzZsIXhmnUvITG5AHtwKbacerLHFqzoySApzGTHQCZ0CqPihx3
tQZdzh8rUwWvey5/VAjJBFo9aUVVWXVZ7zbqBfM9zVFpwzIRIbVByCVhwoyLkQtKAtVg4Ijax1uo
Uge3Ham5lsOyUlCWBYSMEToegx56poY/6dwbGgLD7rC6rDDJ6RAPNHkbaZi5Ab0tJCnzKs+reVoS
xRDqtjk2h+DKLe6zRs1IOqYp9Z2N34kFCnN8va7FWu0oqu1Huc2Cv0C73eeP6INYc3V+hb8s0FRS
kPUBhq97ITsQTr+MQ4wNET4yQGPzycEC5OlB8l2Ft5ikch4JFRQqvytjgkoIbyhQLpvkmzPc/xfT
rbxjSA7VhoNbCIzsNdLQ16WQMRJRQ++hYVwsMBnirD5zybzBdzYG1TWRSartoAKHyoYiax/AFDjS
sfzeY3ikU8nVVKltmo/5Q+ViBIrz0eYxXaAOMYgjQtrxVIv63e35iEB9mWLo5fb5bK9SidSjtP/J
TpKCAeBbJc1+z2ijBmWAq4c+QsUG3IGHVi2mIihNBkB4FN/V8kwHY02/kSLjLsBTsanPthx/3qm6
NCisOd6eUm9Y/gCNSleLXmnyG1go7ugt2I9Ut0DJekxbfO8RqEzLQ+qenjURG1hH1xTeN9OfVePu
yFNZVP68HJvHhvoFar7x1nqVCVUCTMmXeGlcPgJEdAJblxl1xLhgL16e3shB+RtTaKr+rC5+HDvB
A3BUiGPrAe8ZHVPI/bOq8+RJy3TLQrowpjkQrdpR5J2yOnlRmslfROFPimXU7fu0ejiioZACcCAZ
RXTO1vRy0vrzHTABWdQfvKBYQqho/g4QqorVyIfJiEbV5aTsk79mlz8vb1SLG91ik9RQOwehLUyh
PdnKMm74GXqKv2POZJ6QriK5JPh4Nau3Mjzf3dcpHoQuRw2f0WkoHQeuoGQ5eAe8vy7vmKEzPVjY
3sJw2bvLb5mpmwZO6I/sngkIr/Cel238DM/NuJesuiQxXfo3on9pxLLpXxdnS2o09MVnRmBAXtsd
vHNp2MJh1TqkFQyC8cPI/SZthYbncWoAmytVyj0zdRxZc9xaiMUzIlaeMg5jUP3iKG7m4plP/17d
VQpenGK3BQa+fUaUDfY6JL9nJAMqlLH+fiZ/+laPxbOIJ1PwiP/Z+cWL07cvbyYs0aFhj51yB7qy
omGntn0mJTQp4GnO7Of/A9TBXqA=
===END CRASH DUMP===
