PocketMine-MP Crash Dump Thu Dec 2 15:45:43 WIB 2021

Error: Call to undefined method pocketmine\event\player\PlayerChatEvent::isCancel()
File: plugins/ChatManager/src/Main
Line: 24
Type: Error

THIS CRASH WAS CAUSED BY A PLUGIN
BAD PLUGIN: ChatManager

Code:
[15] 	public function onEnable() : void
[16] 	{
[17] 		$this->getServer()->getPluginManager()->registerEvents($this, $this);
[18] 	}
[19] 
[20] 	public function onChat(PlayerChatEvent $event)
[21] 	{
[22] 		$player = $event->getPlayer();
[23] 		$msg = $event->getMessage();
[24] 		if ($event->isCancel()) {
[25] 			$this->getLogger()->info("> " . $player->getName() . " : " . $msg);
[26] 		}
[27] /*		$event->cancel();
[28] 		//$player->sendMessage("§e>§c Hãy cảm nhận bằng cách im lặng nhất...");
[29] 		$this->getScheduler()->scheduleDelayedTask (new ClosureTask(function () use ($player, $msg) : void {
[30] 			foreach($this->getServer()->getOnlinePlayers() as $players) {
[31] 			$players->sendMessage("{PLAYER} §l§8" . $player->getName() . " §e>> §7" . $msg);
[32] 		}
[33] 		}), 100);
[34] */

Backtrace:
#0 pmsrc/src/event/RegisteredListener(75): NhanAZ\ChatManager\Main->onChat(object pocketmine\event\player\PlayerChatEvent#116605)
#1 pmsrc/src/event/Event(62): pocketmine\event\RegisteredListener->callEvent(object pocketmine\event\player\PlayerChatEvent#116605)
#2 pmsrc/src/player/Player(1341): pocketmine\event\Event->call()
#3 pmsrc/src/network/mcpe/handler/InGamePacketHandler(147): pocketmine\player\Player->chat(string[2] Hi)
#4 pmsrc/vendor/pocketmine/bedrock-protocol/src/TextPacket(176): pocketmine\network\mcpe\handler\InGamePacketHandler->handleText(object pocketmine\network\mcpe\protocol\TextPacket#116977)
#5 pmsrc/src/network/mcpe/NetworkSession(395): pocketmine\network\mcpe\protocol\TextPacket->handle(object pocketmine\network\mcpe\handler\InGamePacketHandler#116360)
#6 pmsrc/src/network/mcpe/NetworkSession(358): pocketmine\network\mcpe\NetworkSession->handleDataPacket(object pocketmine\network\mcpe\protocol\TextPacket#116977, string[31] ....NhanAZ.Hi.2535417617067686.)
#7 pmsrc/src/network/mcpe/raklib/RakLibInterface(192): pocketmine\network\mcpe\NetworkSession->handleEncoded(string[34] ..dd`..H.s.b...02565147347037.0c..)
#8 pmsrc/vendor/pocketmine/raklib-ipc/src/RakLibToUserThreadMessageReceiver(42): pocketmine\network\mcpe\raklib\RakLibInterface->onPacketReceive(integer 0, string[43] .|~Sr...>-2......-.(.....'...yS.......sK=.M)
#9 pmsrc/src/network/mcpe/raklib/RakLibInterface(122): raklib\server\ipc\RakLibToUserThreadMessageReceiver->handle(object pocketmine\network\mcpe\raklib\RakLibInterface#24123)
#10 pmsrc/vendor/pocketmine/snooze/src/SleeperHandler(123): pocketmine\network\mcpe\raklib\RakLibInterface->pocketmine\network\mcpe\raklib\{closure}()
#11 pmsrc/vendor/pocketmine/snooze/src/SleeperHandler(82): pocketmine\snooze\SleeperHandler->processNotifications()
#12 pmsrc/src/Server(1645): pocketmine\snooze\SleeperHandler->sleepUntil(double 1638434743.7546)
#13 pmsrc/src/Server(1034): pocketmine\Server->tickProcessor()
#14 pmsrc/src/PocketMine(301): pocketmine\Server->__construct(object BaseClassLoader#2, object pocketmine\utils\MainLogger#3, string[9] D:\FLOTV\, string[17] D:\FLOTV\plugins\)
#15 pmsrc/src/PocketMine(324): pocketmine\server()
#16 pmsrc(11): require(string[53] phar://D:/FLOTV/PocketMine-MP.phar/src/PocketMine.php)

PocketMine-MP version: 4.0.0 [Protocol 475]
Git commit: 468faa464b2bc5c97f23fafbb71ea61035f6f218
uname -a: Windows NT PC 10.0 build 22000 (Windows 10) AMD64
PHP Version: 8.0.12
Zend version: 4.0.12
OS: WINNT, win
Composer libraries: 
- adhocore/json-comment 1.1.2@fc2f76979f0a44a5f5bc2a2b600d0762fe0e78e7
- brick/math 0.9.3@ca57d18f028f84f777b2168cd1911b0dee2343ae
- daverandom/callback-validator unknown@unknown
- fgrosse/phpasn1 v2.3.0@20299033c35f4300eb656e7e8e88cf52d1d6694e
- netresearch/jsonmapper v4.0.0@8bbc021a8edb2e4a7ea2f8ad4fa9ec9dce2fcb8d
- pocketmine/bedrock-data 1.5.0+bedrock-1.18.0@482c679aa5ed0b81c088c2b1ff0b8110a94c8a6c
- pocketmine/bedrock-protocol 7.0.0+bedrock-1.18.0@040a883a4abb8c9b93114d5278cb5fecc635da82
- pocketmine/binaryutils 0.2.2@f883e1cf9099ed6a757a10a2f75b3333eeb2cdf9
- pocketmine/callback-validator 1.0.3@64787469766bcaa7e5885242e85c23c25e8c55a2
- pocketmine/classloader 0.2.0@49ea303993efdfb39cd302e2156d50aa78209e78
- pocketmine/color 0.2.0@09be6ea6d76f2e33d6813c39d29c22c46c17e1d2
- pocketmine/errorhandler 0.3.0@ec742b209e8056bbe855069c4eff94c9734ea19b
- pocketmine/locale-data 2.0.20@a6e4eb22587e0014f6d658732cf633262723f8d3
- pocketmine/log 0.4.0@e6c912c0f9055c81d23108ec2d179b96f404c043
- pocketmine/log-pthreads 0.4.0@61f709e8cf36bcc24e4efe02acded680a1ce23cd
- pocketmine/math 0.4.0@6d64e2555bd2e95ed024574f75d1cefc135c89fc
- pocketmine/nbt 0.3.0@98c4a04b55a915e18f83d3b0c9beb24a71abcd31
- pocketmine/pocketmine-mp 4.0.0@468faa464b2bc5c97f23fafbb71ea61035f6f218
- pocketmine/raklib 0.14.2@e3a861187470e1facc6625040128f447ebbcbaec
- pocketmine/raklib-ipc 0.1.1@922a6444b0c6c7daaa5aa5a832107e1ec4738aed
- pocketmine/snooze 0.3.1@0ac8fc2a781c419a1f64ebca4d5835028f59e29b
- ramsey/collection 1.2.2@cccc74ee5e328031b15640b51056ee8d3bb66c0a
- ramsey/uuid 4.2.3@fc9bb7fb5388691fd7373cd44dcb4d63bbcf24df
- rhumsaa/uuid unknown@unknown
- symfony/polyfill-ctype v1.23.0@46cd95797e9df938fdd2b03693b5fca5e64b01ce
- symfony/polyfill-php80 v1.23.1@1100343ed1a92e3a38f9ae122fc0eb21602547be
- symfony/polyfill-php81 v1.23.0@e66119f3de95efc359483f810c4c3e6436279436
- webmozart/assert 1.10.0@6964c76c7804814a842473e0c8fd15bab0f18e25
- webmozart/path-util 2.3.0@d939f7edc24c9a1bb9c0dee5cb05d8e859490725

Loaded plugins:
ChatManager 0.0.1 by  for API(s) 4.0.0-BETA5
DEVirion 1.2.5-ALPHA12 by poggit, SOFe for API(s) 4.0.0
DevTools 1.15.0 by PocketMine Team for API(s) 4.0.0
MultiWorld 1.7.0-beta2 by CzechPMDevs, VixikCZ, fuyutsuki, kaliiks for API(s) 4.0.0
MyPlot 1 by Wiez, Exxarion, jasonwynn10, NgLamVN for API(s) 4.0.0
NotificationSystem 0.0.1 by  for API(s) 4.0.0-BETA5
PureChat 1.4.11 by 64FF00 for API(s) 4.0.0
PurePerms 1.5.0-legacy by 64FF00 & ProjectInfinity for API(s) 4.0.0
SimpleNPC 3.0.0-snapshot by brokiem for API(s) 4.0.0
Sound 0.0.1 by  for API(s) 4.0.0-BETA5
TNTManagement 0.0.1 by  for API(s) 4.0.0-BETA5
Tags 0.0.1 by NhanAZ for API(s) 4.0.0

----------------------REPORT THE DATA BELOW THIS LINE-----------------------

===BEGIN CRASH DUMP===
eNrtPIly20aWv9JLT23kWZHCfXDKLiuSPHaNbHEtOc7OMOVtNBokIhwMDkl01vvt+97rBghQshMn
qUptlV22RDS63312N/3zJCmrnDfvb2RVp2UxmTuHkybN5WRuenbg2I7v2DPfti3PO5y0G/XK8mZh
aLuOaRiW5dsuvMp43ZxVVVlN5j9Pmu0GZk3U8+Ekl3XNVzhywrOMNSVri1gmaSFjlstmXcZsU4pr
2eQwtFzKG1k0y+Um41tZLZcL+n2y5s0ZvpjP0/qEF0JmB48BdtJm2fM0Q+Cn8+Xy+fnF1Xe4tl2l
Rb1c4rJXvADsAKmuxHL5iqfFbLPe4Fq1Tk8+Gsw9gqlHOBNmZUAUsIxyqbiAj/+aPDLYJscp+I/I
PXojV2ndyErG5/i7kNWB7z6es9drXhz/c48QhDx9WhY4eFBGP0rRfIEEHpmm5xkucv/IvEcITTnw
LMD9AMj7ZE6fClCKWvW7SLEGpKjpR2r2gWk75sPkEBBFAWnzkT0AUsjmtqyuj3KxkUcgxjgDkC+L
v/NcLjiCeqHGDkzH3wM/JhcQoKDrpkqL1b+sH9iLlJA5GhkQEZfV0Q7AUSTjCp6mm6psSlFmRM+V
vGsU4gPT9/YwamKXS6R2udTkLpcP0Dt9qt4ivIdEvgeqo2G53BGAcg99n7hwPyWy1+rhErwPPPvA
Dt3P0/wQoo7WX0Hn51hGem3PIHq9X0uvG3ye3vH8jtJT3nCtpd8l20Om7cU2f2Az+KM8efYinVku
xj7fM33D873AmxFf/qf4qvh1lkZHb/j1eRq9LMD7EogjB2Zo/Rb+zgpRxjLurNl2kLo4/u/Z7MWs
nkVAqGG5ngs+AbHbsP2ZIWaKwOCT5q4onKYbRb2i9Kp8W8vqal1JHr9SEfyNFDKFTHHg/ALpCiCE
mzHPGPOUkDWkgxReQUhkRi9uxwaG/ud/Lyvg5OnUmtGf6eyAfn8D/7aXamxW/+PJ7BVxFn6p6C2k
vyMSuLxBuwX2O4o/w/sXeMQnpPDIckzLVuHb+KRO6qIsP0hi6TKTciOrPtzB4t8m/V+x5meRlXVb
yY8qHpvmbyAw2LcONXW5HM8DeiDIgnRfl02apII3YOa1xjvMJpekoAPTc9xfCbjG57dFk2YHcdlG
mWTDasZ1PIXEfgCJYTt7SNSb6dMmFdcLRXFZaTKdAYQFrXkFaw5sw/wEkPfvBTDZVK3o49O3vJYn
UD/V5yWPIVZah+wB22qBmVqVDuflCnzmkd37TPgDGxQ//bDpj8b7okiR7n6CdGuff+UfmmEdvQ9M
ZLCSP7VpJbtY5ILrbta8mh8dnc6PCOsA8vTVYoZv9xBiLfZ48sPHw4n8M8rHLyoBgUg1831a3JTZ
jcwBIiyPQQiimXRvkdIdIBjGiI2MmS68WjYbsMhUsKQtBJo8K4uzgoORHjxmc3ZTpjEsMT2a+jN+
9OnjsvlLs07r6dOVbLSxPqaHBSHV2HCs0kUeMVwf0LJDRr8e/w0BBgTwI34M4SP8toxPUEYl6p4M
2V9Ixig/y+zJtKyOTCV69kTP00RSKUj4Lbubmder8TQdbPU8R89LE3bQTdqp7zEjtK6eNJSP8hCU
RVok5cFy8pQtJ2zGNGk05zUUKSDxGb6Z69dAj8LsaaAoIwvlf/RXwiC7glWRQHMDPffoqAdfQ7Ts
WFlOlq1hcF8+Vb8Fe4EfpL1lYtmakts5K9b0KS5YhB8is1jhS5hlijVLc5bRsA/DeqrbQAZcThQF
4X0DEWsZt5mSQa0fTiWSF1/x+podFPKWnahYjwMHvc5BJm0tQeCKmUMlFW2ZJHLb6EUO3aPkYn3w
CdO8KNB1lO4hsjNedyqolfZsc6c9/WJfej8vzo//6+zNR6bEl6lfwWf12Un8qf7kj9VrWwP12p01
fnx8yKCjVTPQ9P56NPn4tev72vV97fq+dn1fu76vXd/Xru9r1/e16/sju76uY6qxOxr2TPBY8Fze
66T6Y4qJMTNmJozwFjrACgD8C6DxTYqVmgPvjOm3Z1fHLuKQ1F3FkzkoQB5OYjCaItYr6jJpTocD
OacG7pMVHLaDoDGYsri4vHp38eb8FIZuZVSnDdKLJePp2XdpRWT2bPRDQx7MmTVzp8fnixfHpjXi
ZbIBbafYUl5ePJeTPdZ+K1MK6HJ5Q6Qsl7HsPg3I09xdXh2/uXq7uM+bvLkqy6we8tYNjXkzXaB0
xNRO/+xK8vyPYqvDD2zsKPkMG+um2dRgriCLdRvNRJkPLPOohwHMvmqzJn1XVlk8YHcwOGYYsu40
kg3fU+XJBynWi1cAF+n6Lr1Lr0/+SUdX27ap2+sUPl/zLE2v6z9KIgJRbnLQLwglR3pvkV6w4CHt
n7XjB4Q0YORoAAjltF1kZTOUkRoYyWcslXep/AAjZ3d3XBvej7wui9ttUZhoNq9X5zz/7vXvk8jk
DOJumW+PFy8nh0MfJMovm21GUeWM19uTMs8hkRy3TZmkWTbZCVPxArLrePoFDxkmtsst9Fv5QDAP
vPwTotp9Kn59cFtAnYBRccBUPzT2B2dm7indc54/N4wv0ikBX8gqJ+fYU+9zTnsWNSRoQPQ9hLOy
rRdn0258oMX3Cjd0h5rY3aff4ApElN407MFo4Shix9JRY2PxQHicZnLFxfYhIbF/Z8AVFgQviyQt
0mb7RwWHkSSIsMHHP0AWCg4I4zLNN5l8vTgZCGM3NhSGTaZdF3xTr8nFBuKIqvI6lX9YstDgsIrE
yn9Iz5cyrkEd7WAg02VbDLOFev4TfJwQ/3q3vnp9peoctafd0z8e/xP4GBHwBfzw1dAJ6fHz1GuM
f5Sh9fQD5l9H9gMmpkn6iCcPvAJWoKvbK6W6CpvovGtkUVPkw4K6rBBsgJxiTRKJnDfr4YjgGdAN
a4djZf4+LhvoFEej+lBmN9BW2fA55s3oPSTRRo4Ar/LN8HHN6xEtKaTqm+HAjzUpqn/OI9VxjMbK
qtHqhGIaBuqGI0PxcNJGjOXwRiaZpAQxHK1JovV4KE7bfDhyuTgfod/WP2Xo7t0n1r9qymtZpB/G
ItjyHIVmQd2Ptvch3ahKOZw5+Ai9+HA2PN7lYyGXSI1lGLZpWiEMLE4vRpzG5XuiZH8QhtKxfkqw
2LoeTVRx7PtXIxb3KIBH3B4ZswWDt1W6p+5NQxspKFDlR0Dtes/U1m1xTS2uRSq0SSrpKkoLXm0p
L1gzDyUhb2QWR3oSghLVdtOUekALKwa9KitEazD08R6eAI3MML6nwXSkdBKVPRyqJFg7utWqVabV
wf8neA+7WAgu1gPhorOuNxovYsQdd54NS4Kh96Jn8lruruD18oraFDsPy7AtEEv9Hur5yTzhWQ0x
qNvEnMwd3wUcKbqr4wUJ547nRFYkXBH6iWUnPIki35TcMw3bTbzEMgOA3WpS3qVFXN7W7PUVW5ww
ExAzQsssMDODHXTvTeMxO3516qGh4vW5gXg+SHIBp9f8evO+RL2/e/n69RXaGj7cUgCE6LIpa1m9
B31VUPlLilQ8XgMvlTxCn5/CHH2waqJXP0uElfhe6IeJwR2Hu4kbCYtbkWcYseF7ViIN6QfSR4lV
qbg+0mHOmIUz+5ngrh+bQWJYQRI4ie/7kWV6gYjN0DQjI5bSsh2bS4phoAOIHxB48XAi4uJ6egOd
GcQ2PJkGmV0X5W3xTP9GA1tVZV3LI2CZ1wUeZt1YaKHPLMMKQ8O2BYjcsQ1DRp7rSV8GMghE4lqx
GXte6CBWiLSVrCWvxJr4z/lmQ650Q3bwLIgiYVgmD2QcWdLhvuRWEvDYSXgoRRgLaSUiCrDIeOAw
A2jnXbn5H90gyBW098wJLOH5IeeujI0oMIUBxFmRmST4ZBo8dETAPfEw5J0FTnwkdB+64Rg8CGzu
8CgKRBiFELSc2LX8QERuIoXwbDfmgbUHnXyfggKp0EIDADDSFElohKGMPe67PgfqwCrcyIY/UkaW
iJNwDOlBFYLfgk14jh/4DpiU50WCg0TdIHAtx5KBKyxbWK4MhOvyPdIEbtdlpY5+SBqIMJTcNuww
tGUSJ5Editg2LGmZrhe7BoAOLCME69yDVGblDoYRRtID/4x9cE5p27EXmGA4YWyFwrKE4wnTl2a8
Rw1dl9DHL11gfCaF71gRogwM14siYMg1vFA4MklAmaFvO5KbYTQGlZVYCHSmAiTNLOMZ96QDcrXc
wJeGYTqJF3vw2bZE4uF9YMuH2BLE9j6oFRHjIDGeCE1LGKA31xUBcGCbRiAFGL8P5uAljuEIw7kP
YTrIHQqUZyY+MiUSGzQmLAdoA7e3uIjBIAKDm+AFttjzgT4OEIjYc6Tlum4UWzJEi7cc14eA4Maw
OBGmDTSGyZ6xF1HTCzcMhMMNJwLLCE1XQkwJ7NiODLBtEBQ4pskjUL85hrD7OKUCSDn1F0Tqe0c2
KgE54BjS5oFnmmDLviHNhINPeZYLjmdCsHMcX0LoiLgUD0HBgx+dysxnoWVxz3EcYMYTfswhJODf
wLZMA2xPCse3Ay735Ks24rvU/czgIoBYDTZvCscMuZmAxMG/wOkD28X464bSIuODUraWW/SDXSVm
kq8L+OM7UrrStgKocyLwJMeIXBPsWUqwtyjyPGHwHZC2TVX6gcgLuSIEGSaRaweBF5pJ7Ns+2IXj
xCJyYg9Wi8Ry4gSXr9u85rxbfz+419s8KYstaDDb4p7QtCuCb4BUm5Qo4tD1Q1+GEH3sIIljKzJs
L7QhwEHekaBeA4zrIViQMQKjh2U+g3BrQB6SsclDCAIcoIVcmhbEdkgekLEMy3X86JOwzAFd0gOj
CBM7RjtPIAWFTgC+ahrCETYQZYPzhvBTdR95+YFXzRHENlnppIsW6oWeI3ywhsBwAtPhgWOBEUgD
dBybbsQjIzEDcKgRkA143BSDN8URpCUO7TDxZQw+K8AkoigUmHNdERluDNkQaAsNH8BQj9Pb1mxL
decjho0Tg9YgSVdtRRtWDKs6lpQVG5VRy2pZPGJXa0ilrJZNA51CzXglWbOWrCxkDR94wwQvirJh
kWRpIbIWwgd8YOq0YwYpDVJvA1WJgnZZ5rA2QRD7UGueyENWwpuqRqAsgoh1zbZlW2loLE1YDh1E
khIOqG/wlli2VaBfy9se4BFUrrzNmprdlsU3DcMCgFcMWtMSQliKiWyLVOIlG8X97VoWrN2sKh4D
gBmCxH8dwDk+MPbo3VoigXhnDi/VMLw/p5ookAZUOjXWy7F6TSSrTMBAtplsSHJ4RiAkU4kGR3IF
G+Qv5DTjWBOv5JxRWape1eu2gZqxmOqbe3i76pW6zbRlgu4vSZ81dI/JzPGKjmma+D6xgRd2sqa5
FvJLn4xize6AfboEFfspu6FhoS5LcRcITfGT8AtWqBXbf1tOtAyOs6y8ZVlao2SYPm9iNyln/9nK
aqtm/YQfp/rliJlH6m6eXshADAwrVQamAppAkNGWaf2pFWqzYNpPGIN7Bw4L5ggK5XHMoPBTekd9
4lEjyyXHk1gsgBloO5JIPehD/tRyuvy4Sm9gLtQ0rWQHGjGzjMcKvsIqp5XcQGs8BV3jqeEcJmj8
r9s8AkWDUR/X20LQZTA8EgYznukpb2uwCfSvjmecuK7KomzBbGBBfcjoPIGpzgad8pBhZV+pWwsk
JQgKOJa3hd5o7sBfkmUBb2DmVXmXgolLEAewRs5T9ASinHuiXiboLjgL3eKQpc03eBm0ooWxbPDk
FO11bzk7AD7wPpulBUTMTDXHcwJ231k42UzVFgUqOMbus9yQSqg3qmfsVN7ozyxPV2uIKxWv14fD
KKCtCSVTVe2mUaNKcCigHOjruSNlQ3yg1idWPsnpxl1bP0wD2gzaIfQfKdjbbGR8MH2qps0Z7ll1
ASKXgHXbhYe/Z2UERoU7WEy9AT/J0wZjTS5XPNo2oAB2qeRukKTTGhFoAFeoxtuUFEGGBgHkdqpA
dbZXE7NJCrRClKQrYAgoqaTskCrrB+W1GC7YqgS9lRiO0EwUqhWROiXy5szo+AEaKEGoevH/BSe4
PfhLfKx5Ff9ePuqm3BApOrT3pGmANYM4s8GsHw8IQ8wddSZUyAMCKV68I8fRdNbf/CGUkusQaRhc
mGghURaQKJm8k6KlsF0q0pXbYmLtZ8s7IWVc7zjr4tzF1dmcXb14ecnOX756ecWOF4vzl2eXbHH2
hr27ePOPszeHDCaxqwuYdcbevbg4P2OLNxcnZ5eXs/uxYiQZy/UGglnIKi2pjMAIXiOrYi0plpNc
+ihtgi6glIl1KKJJU4ifsovPGuBJWQDXEN/B1pD7T5miMsHbNVYEICGMWWqahq/AQNTe5YFhMABM
F5iIsE6hZbP7K9BO9O43KHMjBZYzStpIuNK2WttzA6YnN/WObdvQfNePP0WYloI9kMKKVxH40HTX
I+iw9bDEyS2RLL2O6XUQ/nNetFRCDSmCIrMFC3182KWV+ybaGanK1kkC0BTn+c5VZ+xCJQ3lEFD7
lG0W99SkkIluC7bjoe5Ab4gFYNkzjAHXgPM5BZh7OZfMSsHpeUyqMu+yd7dez5kOjXdf78iZ1u8D
dsMeMLh7lnPZFcOozApwoqFqg4/bfKMqxq44ZfrVFF/t9HiKE/Ui4oWI7jjC6+K3EgIEf0DsUA9A
PgUsN2CEdd1KDCbNGrS56mppDHiIb0fZYadgVYDocnnW0YOTPyu3nN9NadO63vFwwjc4nuZtDgkc
cneFSBr8hgAqmelvQxA1O0mjX2nRkmfdt0FoKjY9ZYR0itV+CxndGWnytFSv9y1ffYGjw9JN7xxO
QdRT9/mkImVK29oDTk+BMCqMoHJFmQKtqppRsDZ0x5OpVYrfHa+wrJey4q+jAKfv8CuRZtj+aNi/
BO6XbBX/6WuP8z71QGW4LjNV5Ua8EWvqDYgBKNjAzHT6oviouj/9VqWsSPb1bpc+Hw112L3EEF1t
GwR/yKbmQL1atYR82nQE9amFssCuoKYDEKxjYyUJ7Oao98DlMKiJm7EXUIzSd2+wumQni7eHsBbo
iMAbb9MYHIQqky4O9ximhGHOvF0PsGsQapLTYPaMHccQ7NY8S46gtVadS4xfL9HoADHDnVI0wIHb
DtPqANxew3WHsRErXZ7NGBLydlEsusp/1xBjg4OE3UJiVkvbTbGZ6pF7jdcr7aN1+kH2GsY+oVNs
jclUF2vQRyiTGSRvJ7TUosczttBrMl6taAHX3bm2Do0zqfgKGQENgQDrTUb1EbbbObCAwYFXqLWT
LMWvatE+Al6vlHXDXl29JVprYAuZj9qG4c4FKXaHUPU7s118ypt2iuvmRPG4iZUFnZtRZEgYbpxA
7QUlc8dsA09JKmaM8t6aY5nB0hwk1KAmQS/030VAaDskekCB9B0zmCooYlMQh/TPKR3USr2qWIG5
jbZa5EaqvRMdHvs27/SCirLTl5fH30I9RvVbW5BNYbjHb/5VdMarSpAUjVN/GS8et0A7XsfxIJZR
u5rvusqnzMRuUhfNawhvNIPpzYtabbygvxd12ZUG2lvMDqjiooN6si7LmjZpuoZSdpsIlAtwo53V
/GaXe+BBTvWXmfDtMCAikXTvQBWMeh/rxzIt1IYGye8b9n1U3mGEqNjLU3bw/duXp4/BHiA8AB0w
/xaUierCG1LgPNhqVnEvM1XogLeUO50WEBW+//a8w6Ab0cHIN4QOzxGpOCG166KHOCy7fTWdmu+A
winet3hSJolGDG/TZDu9a9N4rCaS8HR/Q+uKdqSUQ6r/uURJg3KF9r621vtjAkJO04VnvWqqVs2Z
PlLu0KlkpMNqjw0zKy9WfQ9V4OJsP80fdrNuUnk77ZP/Q9uKnbiP87LFaJOo3KmDDwixEzZWDhhV
9a4OmAU+6dQPAN5QKTAAQGIopNo5iKQCGEn8gh4EHn5LxoJ2rL8lpcwOX9wvK5QwEOFAGBA/Gd8n
W9/lB6z4NcCHKTY+RTKv8IoS451bAOE7APipp8y+t3kVZaUg16/TWOUf5I+DxsEs6zYaSmWFiRlm
yFilY3roUyXtpGnT4ULITFIPo5xA483Sa0CCfT5FsoyDEFZVedusVRwEJJytFbxBkISYUTddoieC
pyiXjrzpTkgdgy9P6wF3GO7RJhREpo6me2b7HbWuoKJVe2oDmFNmsUdALrT6YwXvdu8GOp7dV7IO
gLc8pV4c0hO0psrKNuWmzXZOph+xnqBZOhHZVoeY2jXkW2PEjI6xDwqPQRuEo3oHc94XV7jxShsF
6oWqSbT9AVnD2B8Pwyf69BS/PXVvsA8u+y/07Y1R/QBRZaouaA1mr0G/c0XWbJPnm1la9jxA+Nzm
2OJCOGhw91nUQ2YwKeoZbDeDmKLgyVerSq703qreiFWbSviF1Ov7HBOtELMuTi/wOxpTnXJUVYLh
8Faqbokz/O4v4qyJgSErNDobHMNAZTDSSrvBi16d+h4QN6hezekNEKoxvNNB2XOU107w1EQOtzYP
IQVt1hycSmL+qJCeXa0MmSmRFfRLU4y3BSbgwdpdslSJio/2TPXlmkGmb6FVgDKLQncXGzVcbQpq
RofsAcUrRvc136T5MGXpYgDB4yr6/wtqdX6F+QJR08awXtYdCcyGiPS7fUydUH+p7NDZS6lcuc9g
U01DASRNL+pu+2yth1X8rPrmR4ccPMCArjOm+ixNelB4v6Gt1EEZBrFuB6kL7QBRB75hyoeikdd9
wwl9AMf7aP0z1mZAr9bkvFNp9xZMG7c85+xfVExBfX1Ie6A/dOBVjTCoJIZHesQYFv8V5RPcR1LR
EY1QNg8mc0oG1BHX1OzQPgN+L2KTSV2RjFnpcNO77gHgogc5Rpfad5jn7Pn58VU3jN2SxM3Hv+mL
NodueAccFvLQvovTqjmkGP+3QVGqjrPGOzYqImCuBdHrDVjeagtV99GZ+qpaW3Vhvms8q/4cjGIU
wIFcKOh4s+7kNu2O0cBIur7k0XMKToSMVozAUFGvR94PRqZUCo8q1FI1L/IOwmWtu3dxjf1eTf0p
xMsohS5rqypOmoc8AznQTarU1LmW4pVwQNE22DXAI/Z9XeNZ9GKn+RM6kKazWDrOfQcyeF3eMNNg
Rjh3/LnpsXcvv2WWYZE6unPSJ1LF7bxs4ifq/yZIlm2SWB79FPSTRmyHfnrqWJe+Roh++8QMTZVO
B4M3Hg1TEaG7n3QDg8o5btdpI6d4AKoHsEvUdeYTte+84riDEssnRKw62u3HoFjHUdz/xiO17nlz
s9Hw4hSbRjD87ROirLffPsM+2VX02C484cMKX8aD13jD4snp2fPjt+dXA3bofLbDTIkInVzjH5Xd
T5R0Br0GzZl8/D/ScWEg
===END CRASH DUMP===
