PocketMine-MP Crash Dump Thu Nov 4 20:23:59 WIB 2021

Error: Declaration of poggit\virion\devirion\VirionClassLoader::loadClass($name): ?bool must be compatible with BaseClassLoader::loadClass(string $name): bool
File: plugins/DEVirion/src/poggit/virion/devirion/VirionClassLoader
Line: 86
Type: E_COMPILE_ERROR

THIS CRASH WAS CAUSED BY A PLUGIN

Code:
[77] 				}
[78] 
[79] 				$this->messages[] = "DEVirion detected an attempt to load class $class, matching a known antigen but does not exist. Please note that this reference might be shaded in virion building and may fail to load.\n";
[80] 			}
[81] 		}
[82] 
[83] 		return null;
[84] 	}
[85] 
[86] 	public function loadClass($name) : ?bool{
[87] 		try{
[88] 			return parent::loadClass($name);
[89] 		}catch(\Exception $e){
[90] 			return null;
[91] 		}
[92] 	}
[93] 
[94] 	public function getSourceViralAntigen(string $loadedClass) : ?string{
[95] 		return $this->mappedClasses[$loadedClass] ?? null;
[96] 	}

Backtrace:

PocketMine-MP version: 4.0.0-BETA11+dev [Protocol 471]
Git commit: 2405e45b357caf7e0284ffd7d91c302260d10722-dirty
uname -a: Windows NT PC 10.0 build 22000 (Windows 10) AMD64
PHP Version: 8.0.12
Zend version: 4.0.12
OS: WINNT, win
Composer libraries: 
- adhocore/json-comment 1.1.2@fc2f76979f0a44a5f5bc2a2b600d0762fe0e78e7
- brick/math 0.9.3@ca57d18f028f84f777b2168cd1911b0dee2343ae
- daverandom/callback-validator unknown@unknown
- fgrosse/phpasn1 v2.3.0@20299033c35f4300eb656e7e8e88cf52d1d6694e
- netresearch/jsonmapper v4.0.0@8bbc021a8edb2e4a7ea2f8ad4fa9ec9dce2fcb8d
- pocketmine/bedrock-data 1.4.0+bedrock-1.17.40@f29b7be8fa3046d2ee4c6421485b97b3f5b07774
- pocketmine/bedrock-protocol 5.0.0+bedrock-1.17.40@67c0c15b4044cab2190501933912c3d02c5f63ab
- pocketmine/binaryutils 0.2.2@f883e1cf9099ed6a757a10a2f75b3333eeb2cdf9
- pocketmine/callback-validator 1.0.3@64787469766bcaa7e5885242e85c23c25e8c55a2
- pocketmine/classloader 0.2.0@49ea303993efdfb39cd302e2156d50aa78209e78
- pocketmine/color 0.2.0@09be6ea6d76f2e33d6813c39d29c22c46c17e1d2
- pocketmine/errorhandler 0.3.0@ec742b209e8056bbe855069c4eff94c9734ea19b
- pocketmine/log 0.4.0@e6c912c0f9055c81d23108ec2d179b96f404c043
- pocketmine/log-pthreads 0.4.0@61f709e8cf36bcc24e4efe02acded680a1ce23cd
- pocketmine/math 0.4.0@6d64e2555bd2e95ed024574f75d1cefc135c89fc
- pocketmine/nbt 0.3.0@98c4a04b55a915e18f83d3b0c9beb24a71abcd31
- pocketmine/pocketmine-mp dev-master@2405e45b357caf7e0284ffd7d91c302260d10722
- pocketmine/raklib 0.14.2@e3a861187470e1facc6625040128f447ebbcbaec
- pocketmine/raklib-ipc 0.1.1@922a6444b0c6c7daaa5aa5a832107e1ec4738aed
- pocketmine/snooze 0.3.1@0ac8fc2a781c419a1f64ebca4d5835028f59e29b
- ramsey/collection 1.2.2@cccc74ee5e328031b15640b51056ee8d3bb66c0a
- ramsey/uuid 4.2.3@fc9bb7fb5388691fd7373cd44dcb4d63bbcf24df
- rhumsaa/uuid unknown@unknown
- symfony/polyfill-ctype v1.23.0@46cd95797e9df938fdd2b03693b5fca5e64b01ce
- symfony/polyfill-php80 v1.23.1@1100343ed1a92e3a38f9ae122fc0eb21602547be
- symfony/polyfill-php81 v1.23.0@e66119f3de95efc359483f810c4c3e6436279436
- webmozart/assert 1.10.0@6964c76c7804814a842473e0c8fd15bab0f18e25
- webmozart/path-util 2.3.0@d939f7edc24c9a1bb9c0dee5cb05d8e859490725

Loaded plugins:
CommandDisabler 1.0.0 by  for API(s) 4.0.0
DevTools 1.15.0+dev by PocketMine Team for API(s) 4.0.0
HideCommands 1.0.10 by Himbeer for API(s) 4.0.0
MultiWorld 1.7.0-beta2 by CzechPMDevs, VixikCZ, fuyutsuki, kaliiks for API(s) 4.0.0
NotificationSystem 0.0.1 by  for API(s) 4.0.0-BETA5
PurePerms 1.5.0-legacy by 64FF00 & ProjectInfinity for API(s) 4.0.0

----------------------REPORT THE DATA BELOW THIS LINE-----------------------

===BEGIN CRASH DUMP===
eNrNW2tz20aW/StdcmoT14gU3iQ45R07lrxxrW1pLXmcmmHK1Wg0SIzw4OAhiZ7Kf99zbzdIkFJc
qdl82CRlE43u2/dx7qvR+ddJVjel7L7c6abN6+pkEZyedHmpTxZu5EeO73l+PI1CZxa7pyf9xrxy
prE/d8LQ8edB6LnBHIt009TNyeJfJ912gyknF19eX76/evvu4svFx4+XH09OT0rdtnJF7861KmQj
O2wo6kxs6tUq75bLu7zByHKZ6uHXX/nv14Vs23e1THWzWBT4mwd++K6SpX6+EH9J6roQZd92ItFC
1eUGlJNCi/u8W4sfZat/g0DbNXm1EgMdIgM2s7wgHjdFv8qr9uz8wjBx1jbqzHB6Ztg7G/g8e8Qm
yBR5BTLz6NdTS+pLXt3VxZ0uddWBfpo3WnWYqOpUk95mM4wuO/Pvr3gxm2OA/o5HL77r1nk7+U+r
y/bvv4gXYnkyMClS3YGqToWshOw6XW460dWCZBaK+BPf8V+nAkZXaxJfituqvsf0qstXuhJJ34m0
1q2o6k7oh7ztpuKq0FAjjWjRrSVoggvR6Ew3ulJalPlqzdpv1xA/FXkljGpALS9S3qZKsedWZDIv
Bpamy2W1PPkzZJw7OxlJ9LlrH/nBM3qY+3aw0V3fVKLqi4LXBjzOU0M7NeKhTZ8UuRJZXynG2jF2
hAXPv2jJoP6u2fLzfMeR3W8jIWz3GIHMw2CjXxXp9Yfl8uJB6Q3v+p1+TgRj55jgIEA8ljb2dtLE
vpEmDp6UZqW767pvlIbtZfHKmG8HauJSGz5ZTjPOjISHehwgJTcbuwC4Gq//RfzlL3tmI8sfgN01
UgG7f//l9ARba3BBQCalYM5VrW519x5uMHl/hYUJELQPMyfB1Jk6kx8vbl65Lr0lnCCynJ7k7Rc4
1smia3oN32nqrlZwzEUwQwSC92GtFzihDsLED2dKZjPtePMgy9JZGrvKdzwvclLXmXneBE7WbUG9
tzx9zqu0vm/Fhxtx9Vq44MAAVHie4zjih+G96zwXr96fRwHWbtYbrJyDXdfD41ddpZZ9fsbrL3VL
tN9++HCDAX64zyt27XJTt7r5UuRJI5tct6Qfma4hUaPP/tHW1QRzbERwp+7Ue5kpL5tF8SzOHBkE
MszCRHnSSyLHSZ1Z5GXa0bO5npHOmlzdnsGR11iNmDz1XyoZzlJ3nkEjGXQym80Sz43mKnVj102c
VGvPD3ypsTqVMAa8si7PlCyKRKrbyZ0s8lR2FMihM44LL+3fFBlXTQ1wnEFk2VYE2jtv6k+dl57j
xbHj+8oPs8B3HJ1EYaRneq7nc5WFXuqmURQHtGulAbtWy0atWX5GHW13x4B4OU8S5XiunOs08XQg
Z1p62VymQSZjreJUaS9TyTwlzTPASgDsLNFpg6cJeJesSRD70zAIvc6mgfMy8+Jkluh5Jn0niFJP
60BFAaWvMIlniQ9NO1BY8DTpPRBPQuL0EflophzlhkngBIGSUHvshI4b+37sespPHU+FWeTL5Ih8
Xslm23d50bIRPYLAfO5rV2WxE8c6jeQsnEnXgR5mgDz+0TrxVJrFh5SeNKILVv2XUTCbzwKAKooS
JaHTcD4PvcDT81B5vvJCPVdhKL0jguT7hclnhjXnZRBraM+PY19naZb4sUrhcNpzwygNHZCee04M
fB5Rqot6T8OJEx1pGaWzKPO076fR3AV04tSLleepIFLuTLvpETdcX6yB18KyQ8DTahZ4CW2JciRK
YFwUJVGsAp1lcaDimR9o6cZHOi/qFVMIiEKkyD4OlB2Gao5tfdeZawXMzuIkjjKYUzmB/4jCZNOt
Gy3TdkcqcrMZcaIyH2pWXqDBBmKTVAik0dyRLsDrqyPo7tyXSaRRoL0wDBPAMw41UBOEM/hxmGJx
plwfPMaZOiRRJd1OI/FcBdIJEpgzdkONUDD3Uz9xFJSeePAnVyawmXtIYf9zUlK0QwCelLLtdPPy
98baQ4KNvEXMY67cAJDWvpxHrgsUzhztZlKpKPJCJ3BcBKogmGm4fSK1eorKJN8oQ2nqvow9T0ZB
EECiSM1SKWVI/819D1xoV6tg5s+lPlJyW9X1V22V5L50pJojzgKtrgrcWLoZ1A7PCNJw7ocUO8NY
ewybRpat3hKCC81pl52KvFThn1mgdah9b+74bgIfCJwkdIFEredQehJFypF7In2fm9SBqIk4HyfJ
LEtCfz6PYhca9WcARxCkKgnSCKtV5gVpRsvXfdlKOax/HJjbbZnV1RZmLLYoX4uJskX4HVglVMCn
0jicxTMdI2748yxNvcTxo9hPwgw5Q0dQKBD2FC1Ee67ODC33pes6DnKITl0Zw30lqMVSux7iMgI/
so3jhQHi7G/Rckd86QigiDM/JbBnSB9xMPezueuoQPlgyo+8WYw/QeteJ2X9VTbdGRUojU2YlDKi
OArUDGiYO8HcDeQ88AAC7cDGKeKxTJzMncOrDoigR1hPKOxSOcGek8Z+DHyncFwFSCRJrChfhipx
whSZDLzFAHp48uuupOd0/hoJHGHpPG9lwrFpVwEdvzk92Zc/FJgdjMi+W9dNa4ooucnxw5RGJ3jW
FS2EzTNZtCiGUr1B9WEnt3XWnY8HSpkT5bZHQk3qJNlSTbNcHnGxXL6XXJxQZKcy7fL65vPlx3fn
Rj1t3hHrVN2d67sbFMftSKLd0KEoLjLin6hoG8szKgDFjZblybcENMXe75Jv4GG5HHFjhbm+efXx
5tPVgSjrrtu0i7MzlI7rPpmi3jrbc3a2owGBf8pTbbU1Fvpg+NiG7qERMblMNGz9R1nT0lsux1z8
PhuuzdIphIBw7/uiyz/XDVXZO9FGg4eCzVCbJ7rjkmAk3euvWq2v3kNppIm/5g/57eu/UWXYo4Rp
+9scv29RfuS37R+mAUV7bkrAC3KXxPA9MQwdjJn/tiYeQ2AkydmIEBT1oe7yLFd8OnG9RQ4sRwp7
4uVYcQ4h4ltezQ1P+G/r4gMKoFd/Wy4fs/H73fqqb/SVbsoxxPdjhzCAX08KvZJqe4iDKHjzBv3S
f4irpv4H8uLbKsurHK3WH2X0L2aH5XLH2ejnv2FuXmtPdPZ0OJJLZGeNSucoZqFpnW7Wkj0Z+QZa
maIFQGjtuI07eXa1exKva8i/EnRytGyW1bNr2YlL1Qk3Eu5s4QQLZyY+v/1RoE9yaUIhq1UvV/qF
rlb0XNZd+mLZO46cZcs+y7yI/1T8J4/4Af8Z0WzDzWRTN90LtHW+R4P3a8g+KfIWY0xSPkw2hdxC
rheuQyMriFnWqTbvs7pRerIbq7OMRiFvSq3p8Ly527yoK/qV5hkAB0fZvuD9TL+PJmPS6q7Lq1X7
giXTd7qYEKpevHl3efPX/VirdTqaQgXKi/OLN68+vbuhUYOSyT973WyH3QG4etKiTbU83OX6Hi19
28lK6RdG7oekfpgQMu2cg7pvui0pvz8T5BtCsZV6e+5IxhLQgjgwOYwnbtZoUMUglpANnXlpUVew
NB9+KVnR2ViiRV6porcHXo9AQrSu61LTEWf3mGYrM30qarxpWiIpErQTt2Jb942lJfJMwDrwdN4B
hqEjw2JLhD/o+x25s1RnEqZpxX1dfd8JaqllI0h96C5yagy3xCEf2rHc92tdiX6zaiSdzU2XFaHK
EFssKyGefV5rYowO6lo4pwAJYU6QoINGVm0h6ZSRXzOrRY1tICp+6Y71RaejSgvTstFISZQN7gYH
WAgOCvSiXfddinJ2Yo82F2J58p58QrtbodbL3tV6JjDgui4P+6OHzIcjnTDnr4qivhfkCHQMZus0
cZdL8T+ELZrDIJvYVyMWnl0wCO0iPrEkZxAwKbRG5JKtsLqm+Razu9djUp9R7gIyULxMU9Ho1tiH
9A6L3IpSyxZxiI5+BKySaOIa2tP/7CWfj67yO8xFL99r8YPdFAHkOVE3O+pJoykITGCX1Uo3C7zm
vT/0SPwNwe5Vu63UjWxvgYzmFkCb8oRPLWxH2B8kpWnrpq7qHubF9PZUcJIV1s3hMKd8sg5BKDmw
bhBwaazsK5uJDPFrbY+HAcOmfsgBQQ01QCSGdrVjjnRrGXqbEZhpDoH2VOTd91Bf1/Ayc6bNmDpa
LH6ADD0cy2O1sBgTK+mCSR2DWTI6mr6qyJwphaJ6w0bgc8B2KlAR2N/2VFs1sl2fjr3TIoc00jT9
pjOjRmF8zA3erFxsXHgtH/KlxmPkXZ2nYPtpDggjhLkaiga6piOgUVduJi0EFczkthS/m61x2v8q
6gTgoZwqzDj8oMw78v0SWTzZdlC4uDaadli3pivg5TdktPucFc+AglPfTwyhAWMtC5jl4BARC8xX
TCtrtB62NBiHsXpyY7GiTwk1hQgCBW20YjYnzNpCOCQFducQbY5U/t9LQEXKt/inNPp/47/t6g2z
YMPrjiVLrhWIHhvqhNMdQ7TrwJXreIFljGPAZ3YKy1/7/R/AIbsFs0QBQ6i+oa8jcHT9oFXPwbc2
LBuHpGS2m60fFMqBdi+RiVuXNxcLcfPT22vx7u37tzfi1dXVu7cX1+Lq4qNAmfffFx9PBSaJm0vM
uhCff7p8dyGuPl6+vri+nh5HgAN9eGFk1YHKL685YVMcbklAtdYckVkbu1jrQvcoGVIOLTxlgkio
TZRlUij7ICfiM9BE8v4W2AzIUKFRgqSvUPd2M6ZsiCDy7uP44NzY45JSCNUBvGD6eDZhwZbYMNtG
KyoXjGaJXWNXs3YnA+ClN+1eVN+xsrbPn2bJSu5byVeySeAZk/2pGAegp7XLrkbs2FXCrkLoRjPb
c3Ey5gSFWw8MPj8dUsIxCAcYmuyaZaBl5C33LjgVlybkG8Cjuqj7It3xkiOH3Fdiz39rCG+YfQga
0dFJZXd7w8HiUY5k6BgKO9mypi6HXGtW2xmTMTTHFiZprCUfYUM8AakDdFwPBSWZrMFOBEML5LQv
N6b6MiWesC8m9GKw1zlNsguYd2ZzkABPyPJwdvmEgpGzkfewwx1A1ra9bs0H91avhmqUghbttufq
dDCkKRFs0Tk13NDU39QTNTRq3Ve37cD7a7mh0bzsS6RYZNdGDM0BGVKY9sdwsdcr+YtVJXvMY4yh
GN9YjnjDCVXJPXJusLPYeW1eHWOaLzRUA30zeXAhQ8tOHEvGhcNESfjnTjY6reNSBdUjaQ/cmfrC
UNlI6lmEWWMk3EuHZVafRp5hZ5o87GsUWFCbYOl+m9S3cLisKt2RwRY2RaAyW9eFqTCT4ZqBYRlF
EyBkkwzHNtMZ2bcmtdhbHFRrmvT2bGyl4RWF1WbbEfFTMXFHBmTj8caTbmDGpgCO2vsylntRqiBT
Izn1Olzn02IMWram4ieUgsDSC67txOurT6dYCx4S+Nd9ngL2XCuY6LmjP2H6CxENVfe+IG9ZO6O5
U/EqRaBayyI7Q6tpuoRUA8N2K2xq7nGA75Ej7tPeiNhBU/NAUY0qTFlMBTHx6aq6GmrtfYNIrQQx
dY+0SQv7TbWZ2Oej5ua99bo2/6p39uSbPNaMLSU8WzKhajfwGKXWIPbMoudTcWXXFLJZ8QJpO1WL
Bd4xa+SKRIBNoLZ2U3DFQu1nCebJ2WVDdnpd5Jhl+ukGvZRuO/H+5hNz2kIkEpsuuFD/zqbcb2d6
i+kQa8qun9CqBXM7bg91pZrtZri8RAcHqIVQsA5ioj+ms5Kp4Cy1llQEiLyEbjqyHazBd64Qpk6Z
FxjtjplekyYQdTkQI0VLDuetMakpJTC3sxglSbQ5P7ChzjZT55dcJJ2/vX71I+ojrqf6ijFEAbun
SElhMjVFQk5gtHeT0nG7sZdz7+upTvrVYujZ/lO41KvZknWNcMXvxXA7yRw6kDdXbW2St/UIl4gZ
rg211+u6bvlgYmjV9NCMcxSnL/uilXdDtqBjIXvAxV/994GNGOPPCaZos2c2/6jzyhwIsKa+Fz8n
9QN5fiPenosffv709vy5uRMFHjD/HmYjw+RI93AOauGa1OrHlB/whnpvuwre/vOP7wb6tr0bjXzP
m9HJGBcObF5birBs9XCCZNPo6GAry3hbvMuz7eShz9O9QYbDtfHhzQ2fvhhXM9f7jA54rvWrvrWn
QApBpDNh1q6ZmDULMz9NaBuTQmx4tLtQDpTVatejVLSsOE7Fp8Osg9O7Jw/MjHJflXVP0SMzuc4G
E6hsUC3ldoqOfBIC89NvTs5Y/JFT9WgxC15p03nTBTXutHVGvt9u5D2DgjBqqDO0aPgw6RvxaaOd
+IiBQh6zClkUZy2hkU+f4tJ5mk3ZgFIq5AB3MDsspr933PhHBzxJUSt23zZPTc7gu3awKQDX9slY
CytKopihU5M6+WGX2vikyYJDKqULzZ2CgTfvWuS32IL6ZI5EhYToq6a+79YmjmELKdaG2ijIwfvb
zqRkZnZC2hhYm+xVY0R7e96O5KIwTZY31IS5rrQT0544DWUOrzkwEuhNhCeegU20yntD7k+1drac
PjamDV73MuduFskErZ5B0abe9MXgNvaB8j3PsWnD92hDboNISt6JMi5FLpQEtsHgM25zjrewpQ4d
O3JzbYZNpWCRBUb2ETrdBz3yzAndJD0a2gWGw+HNGjV5Vo9yOuLBxHw32c1cw24Lw8p0U5abaV4z
xwh125KaQ7hyR+esqt2zTmnKvhf79ywChzm5WjV6ZU8U7fGjOWahy4S3x/Ixf4g1l+eXC+hjYpOC
qQ8ofN1r04FIOPk979gy43sBeGw6+iiAPL3TfL8BV9Y4j5QKg5r3FkyohOi+HueyUb55TWf3enyU
d4rksFlLuIWmyN4QD0NduuFbs+g9JhQXK0qG5u2Qu0zmkAdHg/ab3CjZ9qjBUdtwbB1CmCXIVjbv
hz0eWdXINTZrl5f7DGKzMRGl+YR6ShhkRQrjtCGfedpFw/n2dL+BfTPeYdDct/O9TSbGksYDRmdJ
lgbId1afw6nR2g6aENfsOgkbHegMHs1aymVQnu0I0dW0vjFfZPjCsz1KMZEX9Gx0GvItajLZ2j4N
pbUsN8XwRAUQeLS2WgxGM++AUTrTW4i/c+WCovWUD/l+IaLcgu2T9/hLEYtBlXTDAZ6OUYYvb3w+
8lQe5fjM7WPLHQO33/SNG7zaImDMvtmXeTA/BX2ro1xlcup+x4V48+7VjRmkVkPTydqf7UXI0zB+
gESVPvUf6N7tKQfdP9tKz3xrGR9aGCemRAfV2jNF2VvUmY/O9MmpV13fDHF36NSa3UcaDiqgg3Sk
+CtZO+hpMnzhAQRMWf/sDUcT3ornHxDhutiOfBmNTLi+HBV+tan9+Wp8a5tcdUttUrv7vw9yNChb
U8jxPJIXrKAFM5nCuIqRkunTVeUBZSenJ/oBZT6X/eaKUaPHd5ATZW8N7kbo41uVyuZgrC6/pHWH
cHcwaq+G7Qf6phg/U2AYP2d50ekDwqvy4EY0OpwDXnL41t14gO75jp/LxHxKPBiDn9srFO6UBrhD
gU7HkzbqUA8fdba/lbcbbTnUt4dDKJ/K8cj11buD7bftPwu+2G1/id2rrr7VFTL6gQq2sjQ3xzy+
7/E135iLUPGUrg9/NXcfd7Px+FAeKrkmbjzH8V3Xo4u8V+eXB5Km9Rfm5HgQQ/mhfeD1VdseTLzO
ya9/fn8g4hEHeKTjg0OxMHjf5EfmHl10Deyttav1EdSoYuJLzN5wyZKAsDK3mzHkQ1F0i8+2FMN1
VVpKPWZtB6yy0IgUBoWEBsf+TzlUsRzAMH1kwfzA6KwqfzyENq7noLzqDbQG+n+jquvyik/B9gt+
/fV/Ae5eyxY=
===END CRASH DUMP===
