PocketMine-MP Crash Dump Thu Feb 10 20:23:09 WIB 2022

Error: Call to undefined method pocketmine\event\server\DataPacketReceiveEvent::getNetworkSession()
File: plugins/RPSolution/src/emretr1/rpsolution/Main
Line: 41
Type: Error

THIS CRASH WAS CAUSED BY A PLUGIN
BAD PLUGIN: RPSolution

Code:
[32] 	public function getRpChunkSize() : int{
[33] 		return (int) $this->getConfig()->get("rp-chunk-size", 524288);
[34] 	}
[35] 
[36] 	public function getRpChunkSendInterval() : int{
[37] 		return (int) $this->getConfig()->get("rp-chunk-send-interval", 30);
[38] 	}
[39] 	
[40] 	public function onPacketReceive(DataPacketReceiveEvent $event){
[41] 		$player = $event->getNetworkSession()->getPlayer();
[42] 		$packet = $event->getPacket();
[43] 		if($packet instanceof ResourcePackClientResponsePacket){
[44] 			if($packet->status === ResourcePackClientResponsePacket::STATUS_SEND_PACKS){
[45] 				$event->cancel();
[46] 
[47] 				$manager = $this->getServer()->getResourcePackManager();
[48] 
[49] 				self::$packSendQueue[$player->getName()] = $entry = new PackSendEntry($player);
[50] 				$entry->setSendInterval($this->getRpChunkSendInterval());
[51] 

Backtrace:
#0 pmsrc/src/event/RegisteredListener(75): emretr1\rpsolution\Main->onPacketReceive(object pocketmine\event\server\DataPacketReceiveEvent#29641)
#1 pmsrc/src/event/Event(62): pocketmine\event\RegisteredListener->callEvent(object pocketmine\event\server\DataPacketReceiveEvent#29641)
#2 pmsrc/src/network/mcpe/NetworkSession(394): pocketmine\event\Event->call()
#3 pmsrc/src/network/mcpe/NetworkSession(358): pocketmine\network\mcpe\NetworkSession->handleDataPacket(object pocketmine\network\mcpe\protocol\LoginPacket#29636, string[55426] ............{"chain":["eyJhbGciOiJFUzM4NCIsIng1dSI6Ik1IWXdFQVlIS29aSXpqMENBUVlGS)
#4 pmsrc/src/network/mcpe/raklib/RakLibInterface(192): pocketmine\network\mcpe\NetworkSession->handleEncoded(string[10080] .}[s.....W...q..O...M..H.......S.S..-....sQ*/.0yN.G*.#."OY-.6..1..g.L..b..Q.....)
#5 pmsrc/vendor/pocketmine/raklib-ipc/src/RakLibToUserThreadMessageReceiver(42): pocketmine\network\mcpe\raklib\RakLibInterface->onPacketReceive(integer 0, string[10081] ..}[s.....W...q..O...M..H.......S.S..-....sQ*/.0yN.G*.#."OY-.6..1..g.L..b..Q....)
#6 pmsrc/src/network/mcpe/raklib/RakLibInterface(122): raklib\server\ipc\RakLibToUserThreadMessageReceiver->handle(object pocketmine\network\mcpe\raklib\RakLibInterface#28117)
#7 pmsrc/vendor/pocketmine/snooze/src/SleeperHandler(123): pocketmine\network\mcpe\raklib\RakLibInterface->pocketmine\network\mcpe\raklib\{closure}()
#8 pmsrc/vendor/pocketmine/snooze/src/SleeperHandler(82): pocketmine\snooze\SleeperHandler->processNotifications()
#9 pmsrc/src/Server(1660): pocketmine\snooze\SleeperHandler->sleepUntil(double 1644499388.6157)
#10 pmsrc/src/Server(1046): pocketmine\Server->tickProcessor()
#11 pmsrc/src/PocketMine(304): pocketmine\Server->__construct(object BaseClassLoader#2, object pocketmine\utils\MainLogger#3, string[9] D:\FLOTV\, string[17] D:\FLOTV\plugins\)
#12 pmsrc/src/PocketMine(327): pocketmine\server()
#13 pmsrc(11): require(string[53] phar://D:/FLOTV/PocketMine-MP.phar/src/PocketMine.php)

PocketMine-MP version: 4.2.0 [Protocol 486]
Git commit: 44818e6d1456dcf1f0fd3cd27da1dfecbe03c08b
uname -a: Windows NT PC 10.0 build 22000 (Windows 10) AMD64
PHP Version: 8.0.15
Zend version: 4.0.15
OS: WINNT, win
Composer libraries: 
- adhocore/json-comment 1.1.2@fc2f76979f0a44a5f5bc2a2b600d0762fe0e78e7
- brick/math 0.9.3@ca57d18f028f84f777b2168cd1911b0dee2343ae
- daverandom/callback-validator unknown@unknown
- fgrosse/phpasn1 v2.4.0@eef488991d53e58e60c9554b09b1201ca5ba9296
- netresearch/jsonmapper v4.0.0@8bbc021a8edb2e4a7ea2f8ad4fa9ec9dce2fcb8d
- pocketmine/bedrock-data 1.6.0+bedrock-1.18.10@e98c511584a7bd58a95986374d2df4b04c6a2ba0
- pocketmine/bedrock-protocol 8.0.0+bedrock-1.18.10@017e57c8f8a74118bcbba7332e7ebac9e6c81693
- pocketmine/binaryutils 0.2.4@5ac7eea91afbad8dc498f5ce34ce6297d5e6ea9a
- pocketmine/callback-validator 1.0.3@64787469766bcaa7e5885242e85c23c25e8c55a2
- pocketmine/classloader 0.2.0@49ea303993efdfb39cd302e2156d50aa78209e78
- pocketmine/color 0.2.0@09be6ea6d76f2e33d6813c39d29c22c46c17e1d2
- pocketmine/errorhandler 0.6.0@dae214a04348b911e8219ebf125ff1c5589cc878
- pocketmine/locale-data 2.4.3@4d0b081f1a79407e087968ea76aaf330db6ea2b5
- pocketmine/log 0.4.0@e6c912c0f9055c81d23108ec2d179b96f404c043
- pocketmine/log-pthreads 0.4.0@61f709e8cf36bcc24e4efe02acded680a1ce23cd
- pocketmine/math 0.4.2@aacc3759a508a69dfa5bc4dfa770ab733c5c94bf
- pocketmine/nbt 0.3.2@3e0d9ef6b6c5fb45e3745a121296e75631b3eefe
- pocketmine/pocketmine-mp 4.2.0@44818e6d1456dcf1f0fd3cd27da1dfecbe03c08b
- pocketmine/raklib 0.14.3@4798576fec0364266dce23b368a7fec5e5de7927
- pocketmine/raklib-ipc 0.1.1@922a6444b0c6c7daaa5aa5a832107e1ec4738aed
- pocketmine/snooze 0.3.1@0ac8fc2a781c419a1f64ebca4d5835028f59e29b
- ramsey/collection 1.2.2@cccc74ee5e328031b15640b51056ee8d3bb66c0a
- ramsey/uuid 4.2.3@fc9bb7fb5388691fd7373cd44dcb4d63bbcf24df
- rhumsaa/uuid unknown@unknown
- symfony/polyfill-ctype v1.24.0@30885182c981ab175d4d034db0f6f469898070ab
- symfony/polyfill-php80 v1.24.0@57b712b08eddb97c762a8caa32c84e037892d2e9
- symfony/polyfill-php81 v1.24.0@5de4ba2d41b15f9bd0e19b2ab9674135813ec98f
- webmozart/assert 1.10.0@6964c76c7804814a842473e0c8fd15bab0f18e25
- webmozart/path-util 2.3.0@d939f7edc24c9a1bb9c0dee5cb05d8e859490725

Loaded plugins:
Biome 1.0.0 by  for API(s) 4.0.0
ChatThin 1.3.0 by Blugin-team, PresentKim for API(s) 4.0.0
DEVirion 1.2.8 by poggit, SOFe for API(s) 4.0.0
DevTools 1.15.0 by PocketMine Team for API(s) 4.0.0
EasyCommandAutofill 2.0.0 by jasonwynn10 for API(s) 4.0.0
FormAPI 2.1.0 by jojoe77777 for API(s) 4.0.0
MultiWorld 1.7.0-beta4 by CzechPMDevs, VixikCZ, fuyutsuki, kaliiks for API(s) 4.0.0
PacketLimitFix 1 by  for API(s) 4.0.0
Particles 0.0.1 by  for API(s) 4.1.0-BETA2
PlayerSelectors 2.0.0 by Ad5001 for API(s) 4.0.0
PureChat 2.0.0 by Vecnavium, 64FF00 for API(s) 4.0.0
PurePerms 1.4.5 by Vecnavium , 64FF00 & ProjectInfinity for API(s) 4.0.0
RPSolution 1 by EmreTr1 for API(s) 4.0.0
Slapper 2.0.0 by Vecnavium, jojoe77777 for API(s) 4.0.0
Sound 0.0.1 by  for API(s) 4.0.0-BETA5
TNTManagement 0.0.1 by  for API(s) 4.0.0-BETA5
Tags 0.0.1 by NhanAZ for API(s) 4.0.0
Track 0.0.8 by NhanAZ, Nexus9265, Mcbeany, EndermanbugZJFC for API(s) 4.0.0

----------------------REPORT THE DATA BELOW THIS LINE-----------------------

===BEGIN CRASH DUMP===
eNrtPIly20aWv9JLT22kWZHCfXBKKck6Es3oYEw59iZMuRqNBokIl3FIolP593mvuwEClBzbibZ2
t8pObAF9vH730d3Qb6MoL1Nav7vjZRXn2Whq7Y3qOOWjqe5YluX7pudPDN31NOhoirZr4jumZZma
pXmW63p7o4RW9WlZ5uVo+tuoXhcwaiTf90Ypryq6xJZjmiSkzkmThTyKMx6SlNerPCRFzm55nULT
YsHveFYvFhUvAanF4oTWdEax+xVnPL7jp9g/nS55fcXr+7y8nQN8wH1nF9aKmiQ5ixNc7GS6WJxd
XN/8uFgUSbOMs2qxeDWb50lTw2hYoGSwWFryutQXi7Koup5LGmeTYlUgPAlLAdjfzN+H6ftq9v5m
8j7OhXkJkALM1IGbJWXw+PPohUaKFGeJmUjE/iu+jKualzy8wJ8ZL3dce3dKPorV+Ns8GzBjJw9+
5az+cga+MHzH0pFlL/RHeIkRO44BqDwB+DHW428ZSFbOegaEjB5CmZTxfsoKvr8lcNO3nsZQAJRI
Ca14YX4uRNvbgqhGLxY4fLEYjh9/u6JZmPANRU+RvwWiKPM6Z3myWFzkoFRyHlJvOnukqss4W/5s
25bh/EImvT+/LUZsBSqwAF1ajPj6n6vgOxZfx/88e/3h0ro6Pq/Os6Uezs+d81v9/M3b8OyHH5Pz
ueHT+dvi/eXp1cvXPybfzQU7rI+xo6S3SRzsv6K3F3FwnoGQI9DeHd03/gxbTjOWhzzcUUTpmuZp
QNTvP1eCojfw9/1kcg0/LieT7xWdc/hvMsan6oe/70+09dXku79PXkwWo+v/Hk+cyUSfTJaTi8kk
mEx+EDMESbYiCSQf5uX+BldF0zguJL2Stpv8NajjzarkNLyU/kkpY7ljfYJYCRDsYMilx7YZQ9eS
l0Tr5Ios0FGuz8wDwQLnS6VqIKEtNa11Ap9a0v6ASa2IP0PfP8KuF4an665A3P2o7Koszz9wQdE8
4bzg5fdi2RKQN/+klD5jzm8syaum5L9L7+H9Cfy8bSWSQxeL4ThAp8wZ8PYqr+MoZhR9fSWX9Xvy
nAvp7OiOo30m3ArfX2d1nOyEeRMknHQR3Zs4ui1Zr2tPLKJZztYismf8bR2z25lEOC8llno/fMzE
nEuYswPJwUeAvHvHgMa6bFjnLl/Sih9DDlFd5DTk5QtjjzyhWBAIk0oGQnCdYFkvzM6y/F9IL+Bv
DM4dtHeJgETd+AjqhrvNZMkZOUsFkx1dR/Ph75u45K2Ps81fSLGi5XR//2S6L1btQR5fzibYu7Ug
5hq7o19+3xvx/wsp1F9MeYAMOfddnN3lyR1PYTEAGAKbWD1qe6FlAxpaMVQg5aYBPYu6AJWNGYma
jOEAAri+Ko5XTXY7jz/wnV0yJeBef4OJpikmLGpArCkzgm53l/ytXsXV+FuYdpxnUbzc2RUvO4tR
WYwZwhlXAGgx2iO2YRmet/sPhGUJWL/jow2P+NP5FD7gFYR7uaPJAC/3z+IFAMexgogImppEztsg
54tHeLK0J9HbDkVPqwD5m9CUXUTX0hW6fysSuoaodaB6BX7beiIaZ2LgjkDOMrrpYpnhdJUcyZGt
vOJopx0MilbTjPE8Iq94lTcl4zjlOIkBArQU4DC4BCKRtRSMPhTweTWtm4ocHBx8Esx0Or85unk9
fzc/vTp5Nzs6/tdcQrY7yEALbxNJwC1R6DtSLyy3PzClGV1KpnUCVu5U8qqPz6UcrOB5Cp7fg1fx
JJpOBV2oXj80vOE/K8FIedAUjOAXweWsLtfwkPF7MlMTTrFtR00Qy9jagC7sB34hkj3t3eD+pG5L
QKgno9+/FjZfC5uvhc3XwuZrYfO1sPla2HwtbP6osGlT/grz+5dxnopEP6P4U73vjbod6JE+0SYa
tNAGCpsSJv0MEGgRY65hiT545xkF0YejKbCb741CUJEsVGOrPKpP+g0pFfWGWEqyGesVkAg0zq7n
N2+uX12cQNM9D6q45irBOV7R+maFMztku6YhvuYWvqOXgt5xzWkKHbOSQ05f/ytOR89ESSDgLxYQ
OGvI2eCph9knCTs5/TEuBe4dYV3TkDBj4g0JK0A9Y6w75tdn/LmokUAXizuBwmIR8vaph5aiCrL2
VzevZ49p4nc3eZ5UfZrapiFNur0trY3CkhuU2DOR1a4PZGww+QMyVnVdVGBfwItVE0xYnvZMab+D
AcSe0mp9nKdQdIRHTZ1DxZ706H6qt88C45F9jX6lVZ7dr7NM156L+h5IyFsfo/T5dniWl+nR7LxH
YdsypEp/RFX+a85d/PNsRHUQwfNKJLqHzyHlsknq+E1eJmGPml7jUFPdiTYOeE2tIVnHHzhbzS5B
IVChfowf4tvjn8TZ17qpq+Y2hudbmsTxbfVcdDNcskjBMEGbU8T3HvEFGfZx/0Pyn9DuHiH7PUDA
J5luXsRpXJ/FDz1ebXUM+PU/ETJ4DelgzBikjsOlP199Z7SE7CLh1YCMtq1PAeA5+TgVoN7jl6c3
R8afpeUKSDn6CQlRi38BDWIjYc4TyFwEZhtKtno+4WiOQlvT9OdSSwkNKBoi8QV0QS6MkbNPUNv0
CUp+5Cyjd3GDAd6xzs60L/OcYp0ZL1Nho0MCR2dU7OJVkJEC9LcQDvOmmp2O2/bRhgXv5NrAA4X3
5ulzGSCxGHJAtg3dkTWxP8ICskckGuQ/CeCM+e15FsVZXK+fS9QDOgV2vcfPobS32bwhdbAD/TFX
MjpNS35TPpvWfnQT7HPImCe0gGqoR0Pb8gX6+vyBsZJIfAEdeZP1g6B8/3xvqClvaP9VbygW/ny8
b65u5PatPNXo8B+2/y/QMUDgC+ihy77ti9c/xl6t+Fya0+EPK38e2k9kEgolpKeEMN0nSLxvU+Q9
SdHe6Io/NJVvOOjoLlnAabaGp9MMSnfIXYNm+dM/z46fnXJE8S+TjsdutASia75d1bTVuUD0oeZZ
JYIIMOk4LxGsh0JGmgOW0nrVb2E0AcRhbr8tT9+FeZ3xetCqziw3DU2Z9N9DWg/6oQqo+QDwMi36
rytaDXCJWZ7d9Rt+rYREu/c0kLsVg7a8rJXcoZ6FBjxpAoLC/qCCDfnwikeYS8RD8JXgaDVsCtGl
9lrms4vB8uvqfYKern0iXVed3/Is/jBkwcODohrRRcNb0zQRHt0Q2H+IC1nF+iIaf0jioD8dXh/S
IddzRM/QNFPXDR93I06uB6SH+TuB2nYjNMVDgeWgw1U1GDiP0yLhby8HNG9hAK+40bpFZ5rcl/GW
/ItabMkihy0VwWarLd3DYymxX2YIJpmCSfEyiDNarqHJBEa5yAl+x5MwUIMQFCvXRZ2rBkMyKwRB
S7XUVP242R17t1mr14/H43EW5QO9DR+JPB5oiWCl2W8qOZgH2uGykbrYwv8JzI1czxhlqx7z0bpX
hVoXV8TTKdqv+gfmjqZMK7651gn8NAT4oImx+DQ02wS2Ve+gpBtNI5pU4LXaA5zR1PIcWCNG+7Ys
T/e4E+qW7YQs0iMtCk0WGm5I9TDi4CQ1k2leALAbhcqbOAvz+4pc3ZDZMdFBkEQsSwxQQ43stP26
tkuOLk8crG/xumWPPR+4sBmr04xV8S5HMbw5v7q6QV3El/tY3hxIi7zi5TuQZ0nLWFZaNFwBLSXf
RycxhjHqGoKObuAwYkbkOr7rRxq1LGpHdsAMagSOpoWa6xgR17jrcVSkoIzZ7b7yi9rEn5iHjNpu
qHuRZniRZ0WQRwWG7ngs1H1dD7SQc8O0TMqF0wMZgMMBT42ndgG4+vEdFOfgDPGmB/DsNsvvs0P1
ExVsWeZVxfeBZFpleNp6Z0DurR1yHlme5/t6aJvcBplozLdtK9D8QDc0HZAKqG/4DsAA14x7jrRk
K0F/qpLG0Z2wq0MvCJhm6NTjYWBwi7qcGpFHQyuiPmd+yLgRscALB/awH/CwhLcx4E4FJ52J9l9t
I/DVm+iApe8xW9dtD6AGoe1R3/Y9x3St0AgjQNZiDvCZak+D3qig0IXH4DXd5bbLgO/UtXTdC1gQ
UNc0De5yYK7PHebpjm9ugRfeYWPKwNBDmzKXc+rrNApo6IXM8r3IZty0GHcM3w1t7kA3HUJ6Uoi4
Y20eOpbruRYoleMEjAJPbc/DuyXcs5lhMsPmwBmbGlsA8XQgyZV/RNS0Q8vn1NRM3zd5FEaB6bPQ
1Axu6GCCtgagPUPzQT+3IOVJvoEBWoH4O6HrRAY3zdDxdJOZfmj4zDCY5TDgpB5uYSMuIMkTMAkK
RHwYUljaopplWl4AGs49Q/d5EOmGHUU60OT5jHnb6CQ55g6tsqAKm4dWqAWap0c6dX1Lc7nmub7j
ceo6lEamqYUBoGwE9jakpcBFGIHDfN1gWuRrtg2iDg1T1zzOjFB3/cB3Igs0DDB9BGHcCy4SlKNH
LrDRY5EJAmOGxS0Odm9QFnLglkZ1MANwdUNQnSMAj3pIKWOma/vU1jzq+GEENsgs+OG6Gg1ALZnN
fCuIhiCyoG6j0KHJtdDnkRM4zI4Cy+ZgKTbVDYjVDndtx9QDEwyfDyFsHsciZbKk2ny+q350jCwj
kJCR63s2KA1nmulYhuOgNzAD0wGLg0ab2yF3fcN9CgoeRre5y6FvGBRP5gKNOQxwoNTG/z3T0EH0
OmeWa3qUb/FXHvu1sf1Qo2Dr4JpdT2eW7lM9ciwO5mWBazFtdMC2zw0faYLkt+JrNINN7oZHGMYh
gz+uxTlw1/AgEQrAkCwtsHXNdjj3QjMIHIdpdAOkaeJQ8dWEYOEHgRsFtul5jq9HoWu6wFfLCllg
hQ7MZpEBUsfpqyatKG3nP/bu1TqN8mwNEkzWuA0+btPmO0AVtdLUwGvonsF8T6eB7tohGI1phYEW
gXI7vud7GirXU7AgZHhaD5btBq5ugMXxMAx8l0Fgox64JtNgngXK4Hq+ERrc/xgsvQ8r5FZAjdBC
7kV+EGpc9wODgs2BIzZt8C4QObxI1itp/oGW9T64Nl6qqItxx/EdC7Bg+D2JBy7FswxQAq6BjEMd
whcQCRps2AMgBVjcGH23cCMmOiTf9COXh2CzDFQiCHyGQddmgWaHHvhb3/I1F8CIqqjTrclaJKYv
CJZahIn7d00pTqYJpnUkyksyyKMW5SJ7QW5WEEtJxesaaouK0JKTesVJnvEKHmhNGM2yvCYBJ3HG
kgbcBzwQebY6gZAGsbeGtERCm+cpzI0QxDbUikZ8j+TQU1YIlATgsW7JOm9KBY3EEUmh5ohisQYk
OHipMllL0Ff8vgO4D6ktbZK6Ivd59k1NMAOgJYGqNwcXFmMcWyOWeOVLUn+/4hlpimVJQwAwQZD4
twU4xRdCXrxZcUQQL6HiTUWCF1Jl2QXcgFSnwoQ6lN0CZRkICPA24bXgHB7wMU5knMGWVMIG/jM+
TigmxUs+JVhMy55q1dSQM2ZjdRN2Shajy0WjgRKuCVstGp1zl9T4k+opgR5d17E/MoEUcrwSYw0k
Vzxp2Yo8APUJzgjdmNyJZkYCAcIGPGN8Ym5GMjlj/R+LkWLBUZLk9ySJK2QMUYfb5C6m5IeGl2s5
6j0+jlXnlIgcW80/FbsFaiIBLhDMVAloCggCQQZrosQnZ8jthXE3YAjuDdgraCPIk4YhgcRPih3F
ifcaSMopXvrABJiAsAOO2IM4+PuGisvEy/gOxkJG03CyoxYmhrYr4ctV+bjkBdTSYxA1XlGYwgC1
/lWTBiBn0Omjap2xG1rdErx9Alo8UUNeV6ASaF4tzThwVeZZ3oDWwIRqj4gjJSIrG7TJPYKZfSmv
XgkugU/AtrTJ1IWSFvxcKBbQBlpe5g8xaDgHdgBpwnayDkHkc4fUeYTWgqPQKvZIXH+Dl6tLMTHk
NV7TQHXdmk52gI4GbNdQDBLEjBXFUwHssa1QoTNlk2Uo4BCr07wQIhG1UTUhJ/xOPZM0Xq7ArZS0
Wu31nYDSJuRMWTZFLVsl45BBKeDXUSeEDe5BlD6hNEl6l8chIP80DqgzqIdQf8Sgb5OB8sHwsRy2
MUz8m3JYdd16h++SPAClwj0vInvATtIYr/jC+5IG6xoEQOaS75rgdFzhAgrADYrxPhaCEIoG/uN+
LEG1ulcJYqMYcAUnKe5GIqCo5LxdVGo/CK9Bd0GWOcgtR2+EaiKXWgpUxwK9KdFaegAHER9kuvj/
ghLcUPwUHStahn+VjqrOC4GK8uwdagpgRcDPFBj0wx5iuHKLna4ZVg9B4S/eCMNReFbfPAumwnQE
auhcCGsgTmYQJwl/4KwRbjuXqEuzxbjajeYPjPOw2lDW+rnrm9Mpufn+fE4uzi/Pb8jRbHZxfjon
s9NX5M31q3+dvtojMIjcXMOoU/Lm++uLUzJ7dX18Op9PHvuKAWcM2+kxZsbLOBdZBHrwCkllKy58
ueBL56V1kAVkMqFyRWLQGPwnb/2zAnicZ0A1+HfQNaT+Y6ooVfB+hQkBcAh9lhym4Esw4LU3caDv
DGClawxEmKaIaZPHM1BP1H45CLPgDLMZyW1EXEpbzu2oAdXjRbUh29QU3dXuxxBTXDB7XFjSMgAb
Gm9KBOW2nua4MEtES80jah64/5Rmjcig+hhBjtmAhu7utWHlsYq2SiqjdQT1VC0pTzemOiHXMmhI
g4DcJ2+SsMMmhkh0n5ENDVULuhAkAMmOpvWohjXPhIN5FHOFWkk4HY1Rmadt9G7nqzHjvvJuyx0p
U/J9Qm/IEwr3SHPmbS6MwixhTVRUpfBhkxYyYWxzU6K6xti1keMJDlSTBC0C6ZYieIMsAhwEfYLt
kA9APIVV7kAJq6rh6EzqFUhz2abS6PBwvQ1me62AZQKisuVJiw8O/kO+pfRBfvdTbWg4pgW2x2mT
QgDH0ydcRHwhg0Im6gsdgc2G02hXirXCsh7rINQURYeZ/NgIk/0GIro1kORJLru3NV9+WtSu0g5v
DU5CVEO36RRJylhsa/coPQHERGIEmSvyFHCV2YyEpT4PkrMkvRtaYVrHZUlfiwEO71cPyNIEqx8F
+1PgPqWr+FfdsJ52oQcyw1WeyCw3oDVbidpAEAAJG6iZCl/CP8riT/XKkBXwLt9tw+eLvgzbTnTR
5RpvfS73yFjviVeJViw+rluEutAiosAmoRYHJJjHhpITWMyJ2gOnQ6NCbkK+h2RUfNqE2SU5nr3e
g7mARwDWeB+HYCAiM2n9cLfCWKwwJc6mBtgUCJXgU2/0hByF4OxWNIn2obKWlUvIQdPVcrAwwX1S
VMCe2fbDag/cVsH1gL4RM12aTAgi8nqWzdrMf1MPY4GDiN1DYJZTmyIrxqrlUeF1qWwUvyTsJIx1
QitYvPbbJmtQR0iV6QVvyzfkpN0Jmak5CS2XYgJVxbnSDrVmVNIlEgISAgZWRSLyI6y2UyABnQMt
UWryoze5jYB3uXlVk8ub1wLXCshC4oOmJrhxIQS7WVDWO5ONf0rrRnwtORUYD4tYnolzNeEZIoL7
JpB7QcrcElvDWxSzCRFxb0UxzSBxChyqUZIgF/ErSMC17Ql8QIB3AvEV8gM8tnDiEP6pCAeVFK9M
VmBsrbQWqeFy60S5x67MO7kWSdnJ+fzoJeRjIn9rMqFT6O7xS9pSHArLFCRG5VSfrobDEmhD69Af
hDxoltNNVfkt0bGaVEnzCtybGEHU5kUl913Q3rMqb1MDZS16C1RS0UI9XuV5JfZo2oKSt5sIIhbg
Njup6N0m9sALH6tPBrG37xARSXFTQSaMahvr1zzO5IaG4N835G2QP6CHKMn5Cdl5+/r8ZBf0AdwD
4AHj70GYKC68nQbGg6VmGXY8k4kOWEu+kWkGXuHty4t2BVWI9lq+EcvhOaJIToTYVdIjKMzbbTUV
mh8AwzHe5DjIo0gtDL1xtB4/NHE4FJPg8Hh7P+tGbEhJg5S/DUdyQ8QKZX1NpbbHGLicunXPatZY
zpoSdeTcLrf5mhcdR7saRlaaLbsaKsPJyXaY32tH3cX8ftwF/6d2FVt2H6V5g94mkrFTOR9gYsts
zBzQq6pdHVALfFOhHwC8EqlAD4BgQ8blzkHAJcCAR+gtqoLeC2VBPZYrKLXDjsdphWQGLthjBvhP
QrfRVt8Nwaoc4vTTGGsfQ5mWeJ2L0NYsAPENAHzqMDMfbV4FSc6E6VdxKOMP0kdB4qCWVRP0ubLE
wAwjeCjDsXjpQqXYSVOqQxnjCRc1jDQCtW4S38IiWOcLT5ZQYMKyzO/rlfSDsAglKwmv5yTBZ1R1
G+gFwmPkS4veeMOklsDzk6pHHbp71AkJkcij6Y7YbketTajErC2xAcwxMcgLQBdK/aGAN7t3PRlP
HgtZOcB7Gota/D1+4Ky0rMiLJtkYmXrFfEKMUoHINNqFRbmGdKsVMaKj74PEo1cGYavawZx2yRVu
vIqNAtkhcxKlf4BW3/eHg91o/EIfPwF91Ng5l+0OdXtjkD+AVxnLG1290SuQ71SiNSnStJjEeUcD
uM91iiUufuiOu8+s6hODQVGNIJsRgijhPOlyWfKl2ltVG7FyUwm/5b59TLHAFXzW9ck1fhA2ViFH
ZiXoDu+5rJao+Poc16wEAX1SROukdwoDmcFAKk2BN8Na8T3BbhC9HNMpIGRjeKdDRM9BXDvGQxPe
39rcgxBUrCgYFcf4USI+m1wZIlPES6iXxuhvMwzAvbmbYCkDFR3smarLNb1I30CpAGmWcN2tb1Rw
lSrIEe1iTwheErot+TpO+yFLJQMIHmeJ3wdSyeMrjBe4tNgYVtPaI4FJfyHVt71Sy9RPpR0qekmR
S/PpbaopKLBI3bG63T5bqWbpP8uu+FEuBw8woOoMRX4WRx0ovN3QlPKcDJ1Yu4PUunaAqBxfP+RD
0kirruCEOoDifbXuHXMzwFdJctqKtO0F1cYtzyn5WSRTkF/viT3QX1rwMkfoZRL9Ez1BGCb/pYgn
uI8kvSMqofilF4+DuQgGoiKuRLEj9hnw05gi4SojGZLSri362heAixZkaW1o36w8JWcXRzdtM1ZL
HDcf/6Hu2ezZ/gNQmPE98yGMy3pP+Ph/9JJSeZw13LGRHgFjLbBebcDSRmloAuJkayK/i23K1s23
hWfZnYMJHwVwIBYycbpZtXwbt8dooCRtXfLiTDgnsZiYMQAjknrV8q7XMhap8CBDzWXxwh/AXVaq
eme3WO9Voj4FfxnEUGWtZcYpxiHN4neWJDI0taYlaRVrQNJW9rw9HrFvCxvPomcb0ctfCCPOYsVx
7htgwlV+R3SNaP7Ucqe6Q96cvySGZgh5tOekB2Dz4iAmr8MDPKukbrRooshwxL9M/CtaTEv868hj
XfHRMhruge7rMp72Gu8c0SyyCFX+xAU0Suu4X8U1H+MJqGrAMlElmgdy43lJcQsl5AcCWXm027VB
to6tuAGOZ2rte3FXKHhhjFUjaP76QGDWKXAXYg82KT3WCwfyi7Rems/D3hC8ZXFwcnp29PripkeS
OKRtVxfRCC1d4TDIvQ8kh3oFhxgz+v3fORn/1g==
===END CRASH DUMP===
