PocketMine-MP Crash Dump Thu Dec 2 18:37:30 WIB 2021

Error: Player is not connected
File: pmsrc/src/player/Player
Line: 500
Type: LogicException

A PLUGIN WAS INVOLVED IN THIS CRASH
BAD PLUGIN: Sound

Code:
[491] 		return $this->isConnected();
[492] 	}
[493] 
[494] 	public function isConnected() : bool{
[495] 		return $this->networkSession !== null and $this->networkSession->isConnected();
[496] 	}
[497] 
[498] 	public function getNetworkSession() : NetworkSession{
[499] 		if($this->networkSession === null){
[500] 			throw new \LogicException("Player is not connected");
[501] 		}
[502] 		return $this->networkSession;
[503] 	}
[504] 
[505] 	/**
[506] 	 * Gets the username
[507] 	 */
[508] 	public function getName() : string{
[509] 		return $this->username;
[510] 	}

Backtrace:
#0 plugins/Sound/src/Main(34): pocketmine\player\Player->getNetworkSession()
#1 pmsrc/src/scheduler/ClosureTask(63): NhanAZ\Sound\Main->NhanAZ\Sound\{closure}()
#2 pmsrc/src/scheduler/TaskHandler(117): pocketmine\scheduler\ClosureTask->onRun()
#3 pmsrc/src/scheduler/TaskScheduler(141): pocketmine\scheduler\TaskHandler->run()
#4 pmsrc/src/plugin/PluginManager(467): pocketmine\scheduler\TaskScheduler->mainThreadHeartbeat(integer 5526)
#5 pmsrc/src/Server(1753): pocketmine\plugin\PluginManager->tickSchedulers(integer 5526)
#6 pmsrc/src/Server(1642): pocketmine\Server->tick()
#7 pmsrc/src/Server(1034): pocketmine\Server->tickProcessor()
#8 pmsrc/src/PocketMine(301): pocketmine\Server->__construct(object BaseClassLoader#2, object pocketmine\utils\MainLogger#3, string[9] D:\FLOTV\, string[17] D:\FLOTV\plugins\)
#9 pmsrc/src/PocketMine(324): pocketmine\server()
#10 pmsrc(11): require(string[53] phar://D:/FLOTV/PocketMine-MP.phar/src/PocketMine.php)

PocketMine-MP version: 4.0.0 [Protocol 475]
Git commit: 468faa464b2bc5c97f23fafbb71ea61035f6f218
uname -a: Windows NT PC 10.0 build 22000 (Windows 10) AMD64
PHP Version: 8.0.12
Zend version: 4.0.12
OS: WINNT, win
Composer libraries: 
- adhocore/json-comment 1.1.2@fc2f76979f0a44a5f5bc2a2b600d0762fe0e78e7
- brick/math 0.9.3@ca57d18f028f84f777b2168cd1911b0dee2343ae
- daverandom/callback-validator unknown@unknown
- fgrosse/phpasn1 v2.3.0@20299033c35f4300eb656e7e8e88cf52d1d6694e
- netresearch/jsonmapper v4.0.0@8bbc021a8edb2e4a7ea2f8ad4fa9ec9dce2fcb8d
- pocketmine/bedrock-data 1.5.0+bedrock-1.18.0@482c679aa5ed0b81c088c2b1ff0b8110a94c8a6c
- pocketmine/bedrock-protocol 7.0.0+bedrock-1.18.0@040a883a4abb8c9b93114d5278cb5fecc635da82
- pocketmine/binaryutils 0.2.2@f883e1cf9099ed6a757a10a2f75b3333eeb2cdf9
- pocketmine/callback-validator 1.0.3@64787469766bcaa7e5885242e85c23c25e8c55a2
- pocketmine/classloader 0.2.0@49ea303993efdfb39cd302e2156d50aa78209e78
- pocketmine/color 0.2.0@09be6ea6d76f2e33d6813c39d29c22c46c17e1d2
- pocketmine/errorhandler 0.3.0@ec742b209e8056bbe855069c4eff94c9734ea19b
- pocketmine/locale-data 2.0.20@a6e4eb22587e0014f6d658732cf633262723f8d3
- pocketmine/log 0.4.0@e6c912c0f9055c81d23108ec2d179b96f404c043
- pocketmine/log-pthreads 0.4.0@61f709e8cf36bcc24e4efe02acded680a1ce23cd
- pocketmine/math 0.4.0@6d64e2555bd2e95ed024574f75d1cefc135c89fc
- pocketmine/nbt 0.3.0@98c4a04b55a915e18f83d3b0c9beb24a71abcd31
- pocketmine/pocketmine-mp 4.0.0@468faa464b2bc5c97f23fafbb71ea61035f6f218
- pocketmine/raklib 0.14.2@e3a861187470e1facc6625040128f447ebbcbaec
- pocketmine/raklib-ipc 0.1.1@922a6444b0c6c7daaa5aa5a832107e1ec4738aed
- pocketmine/snooze 0.3.1@0ac8fc2a781c419a1f64ebca4d5835028f59e29b
- ramsey/collection 1.2.2@cccc74ee5e328031b15640b51056ee8d3bb66c0a
- ramsey/uuid 4.2.3@fc9bb7fb5388691fd7373cd44dcb4d63bbcf24df
- rhumsaa/uuid unknown@unknown
- symfony/polyfill-ctype v1.23.0@46cd95797e9df938fdd2b03693b5fca5e64b01ce
- symfony/polyfill-php80 v1.23.1@1100343ed1a92e3a38f9ae122fc0eb21602547be
- symfony/polyfill-php81 v1.23.0@e66119f3de95efc359483f810c4c3e6436279436
- webmozart/assert 1.10.0@6964c76c7804814a842473e0c8fd15bab0f18e25
- webmozart/path-util 2.3.0@d939f7edc24c9a1bb9c0dee5cb05d8e859490725

Loaded plugins:
Biome 1 by  for API(s) 4.0.0
ChatManager 0.0.1 by  for API(s) 4.0.0-BETA5
DEVirion 1.2.5-ALPHA12 by poggit, SOFe for API(s) 4.0.0
DevTools 1.15.0 by PocketMine Team for API(s) 4.0.0
MultiWorld 1.7.0-beta2 by CzechPMDevs, VixikCZ, fuyutsuki, kaliiks for API(s) 4.0.0
MyPlot 1 by Wiez, Exxarion, jasonwynn10, NgLamVN for API(s) 4.0.0
NotificationSystem 0.0.1 by  for API(s) 4.0.0-BETA5
PureChat 1.4.11 by 64FF00 for API(s) 4.0.0
PurePerms 1.5.0-legacy by 64FF00 & ProjectInfinity for API(s) 4.0.0
SimpleNPC 3.0.0-snapshot by brokiem for API(s) 4.0.0
Sound 0.0.1 by  for API(s) 4.0.0-BETA5
TNTManagement 0.0.1 by  for API(s) 4.0.0-BETA5
Tags 0.0.1 by NhanAZ for API(s) 4.0.0

----------------------REPORT THE DATA BELOW THIS LINE-----------------------

===BEGIN CRASH DUMP===
eNrtWwtz20aS/iuz9NVF3hMovB/cksuKJG9ca1s6S45TG6Zcg8GARIRX8JBEp/zfr7tnAIKUnDi7
rtu6unUlNjmY6enn190z4K+ztGoK3n24lU2bVeVs4R7OuqyQs4XlO6HreqZnzoPQDC3ncNbX6pEd
BPPI9R3HM4PADr0gOJzlvO3Om6ZqZotfZ92mhmmzV9UqE+f3QsI6oH04K2Tb8hU+usz5RjYsa1lZ
dUxUZSlFJxOYk/Z5/iLLcVK95s3i6OhscfTi1cX190eXlbiR3euslMbryzk+PWobcVQTrSNFEoZr
pKIpFDjhwSSYkAOV2cIzTZC34QI+/zh7YrI671dZ2R5dVX2Z0MLXPCsPHPfpgtW0fQELl0tFbrlU
9IxnK9m9kd1d1dxcgYwg7cFT2OSJxbYctGItkz4HJk7zqu0bec3bmwPfAcpv1rw8+ftySbsul7il
8Wxv8FehVn1SlO1HKSPJ73iZwOcDywr2mB7nLZcTFoxnVfm21ww7nyV7NXw7sFzr84QnHBjPmoGs
y6aWQBWDJfCf17wEh2gOXD/4bZrj9sazAtRzvW4kT76TvOliybuDrOwk0GGeZ/u0ozfZ8Uo2t8h3
4DkPzIhMoBknzBjPukxsN2wfEvcfIe679h5x9URRU2oIHllnPvCt6brLphLgUFWjCIQTAttoOHBM
6zM0PnyA2Gq7phfdQRX/DEHGvuWtPIVwbV9VPJHNE/uQ6SdTAn2X5a1yRQhjkP6Jc8iAUFaufox+
YmeL5ZKCcrkch61gZ1yH0nJJnEef4dzel75VelHhY6pV4Mswq5G/9FkjD/R2nvMT+0KE2A4jPDyd
/fTpcCa/Clh9MczAjkohH7LytspvZSHLDpZmZQIyiW42PIcxingYEFUikUM3smB02S27RnZ9U7L/
6NZZazzL2tOBl4Onf4EFbmTTxE/02YHP9MGlwbqP80ywtC8FSsh2VrMFi6sq/5Xme4/uVu7gG/vT
8TErAasZBPvjUx5l0J8wGAwMho8y+AimApu7Q4rhSDOcpQePM3usmX2K88Eaev6y69ZNdcdKeceW
y10POFh+zu7LGcnimYNVPtE3+wu0ptY5ow4801U6gDxLg0d//jN9U2pif2Z/lV3LurVkPQRGySH9
4uNAPz6ib59XH8wnpamQUcJHj/I5kCcOLVNz+Onf2fHf2fHf2fH/WXYcUlGLyefbrCooCxH4LPT3
w9nYMcws+Mb7bl01sOBHWM3rDAHDnZtzE6nJksc55MsFaFoezhJZyzLRc9sq7c6mA+i/wzZKw5hG
wRiYiC+urt9fvH11BkN3Mm6zDjlClDpd80476ITX6eiUY+Br/ptcG9+eX594/yjvAzZNtv9ySc7O
v88aYnMUYxza0frcnnvGyavL704se0eWWQ0umWFFcXXxQs6+kkEU0eXyllhZLhM5fJqwp6W7uj55
e/3u8qFs8vYaqox2KtswtCub5QGnO0JtvZRdS158LbGG/UGMLSe/Ica66+oWggp0se7juaiKSfwc
jTRA2Nd93mXvqyZPJuJOBncFDsDpYtnxPVOefpRiffka6CJf32f32c3p36lL3vRd299k8PmG51l2
034tjQjcsi7AvqCUAvm9Q37Bg6e8/6YfP6KkiSBHE0Kop81lXnVTHamBz0PM7H0mP8LI+f091473
M2+r8m5Tlha6zZvVK158/+af08jsHJJDVWxOLl/ODqcxSJxfdZucUOWct5vTqiggq5/0XQUdQT7b
KlPJArobZPqdCHlTQRGbCY4V3NWm7WQxUcwjD/8FqPaQiy8Ht0uoqhAVJ0KNQ7vx4M6tPaP77osX
pvmHbErEL2VTUHDsmfcFpzq5hSICNvoB4Kzq28tzYxifWPGD2hsqIc3s9tM/EArElK6kRzJaOYrZ
Xe2osV31ADwauVxxsXlMSew/GUiFVcvLMs3KrNt8LXDY0QQxNvn4FXSh6IAyrrKizuWby9OJMrZj
U2U45Nptyet2TSE2UUfcVDeZ/GrJQpODMqysBZSRE37+qOCa1NGWBgpNjf9EYH0Q8L8e45NW60vC
+vrNtapz1KHGyP/u+L9Ajh0G/oA8fDUNQvr629zrHb+Wo438w85fxvYjLqZZ+oRHT7wBUTq5X0oN
fQDxed/JsiXkA9FPqwbJhigp1iSxKHi3no4IngPfsHY6VhUfkqorZbczqo/YtgN9k0+/J7zbeQ5J
tJM7hFdFPf265u0OLxmk6tvpwM8tGWr8XsSqL9oZq5pOmxOKaRhoO44CJdNJtdjVw1uZ5pISxHS0
JY22u0NJ1hfTkavLVzvbb9pfcgz34RMbH3XVjSyzj7sq2PAClWZD3Y++9zGrVaUczV38mmfxdDZ8
vS92lVwhN7ZpOpZlRzBweXaxI2lSfSBO9gdhKNu1TwUe27Y7ExWO/fB6R8Q9DuArnkvsigWDd022
Z+66oxMMVKiKI+B2vedq6768oT7cJhM6pJVsFWclbzaUF+y5j5qQtzJPYj0JSYlmU3eVHtDKSsCu
ygvRG0x9tpuVabXjhskDC2Y7RidVOdOhRoK3Y1iteuVaA/2/Q/Swi0vBxXqiXAzWda33xR1lKRue
T0uCafRiZPJWbu/vRn3FfYadh206Nqil/QD1/GyR8rwFDKqbqqtEBVTdwIM9MgxX1w9Tzl3fje1Y
eCIKUttJeRrHgSW5b5mOl/qpbYVAu9esvM/KpLpr2ZtrdnnKLNiY0bbMBjcz2cHw3DKfspPXZz46
Kt7PTdTzUVIIuKPl1/WHCu3+/uWbN9foa/jljgAQ0KWuWtl8AHs1UPlLQiqerEGWRh5hzBswR5+s
WxjVz1Nhp4EfBVFqctflXurFwuZ27JtmYga+nUpTBqEMUGNNJm6ONMyZ82juPBfcCxIrTE07TEM3
DYIgti0/FIkVWVZsJlLajutwSRgGNgD8AOAFZMxjLm6MW+jMANvwngF0dlNWd+Vz/S862Kqp2lYe
gci8LfEw+dZGD31um3YUmY4jQOWuY5oy9j1fBjKUYShSz06sxPcjF3cFpG1kK3kj1iR/weuaQumW
/OB5GMfCtC0eyiS2pcsDye005Imb8kiKKBHSTkUcYpGxPWY6imXSwDcDeOdDuflfwyDoFaz33A1t
4QcR555MzDi0hAnM2bGVpvjNMnnkipD74nHKWw+cBcjoPnXTNXkYOtzlcRyKKI4AtNzEs4NQxF4q
hfAdL+GhvUedYp9AgUxoowMAGWmJNDKjSCY+D7yAA3fgFV7swB8pY1skabRL6VETQtyCT/huEAYu
uJTvx4KDRr0w9GzXlqEnbEfYngyF5/E91gSeKeaVRj9kDVQYSe6YThQ5Mk3S2IlE4pi2tC3PTzwT
SIe2GYF37lGq8mpLw4xi6UN8JgEEp3ScxA8tcJwosSNh28L1hRVIK9njhi6/1uogegDG51IErh3j
lqHp+XEMAnmmHwlXpikYMwocV3IrindJ5RUWAoOrAEtz23zOfemCXm0vDKRpWm7qJz58dmyR+o5j
+3YA2BImzj6pFTHjIjO+iCxbmGA3zxMhSOBYZigFOH8A7uCnrukK031IwZjkDkXKt9IAhRKpAxYT
tgu8QdjbXCTgEKHJLYgCR+zFwIgDRCLxXWl7nhcntozQ423XCwAQvAQWp8JygMco3XP2Mu5G5Uah
cLnpxuAZkeVJwJTQSZzYBN8GRUFgWjwG81u7FLYfDSqAVFD/AaSe0Gr4jaoRAGldCAzp8NC3LPDl
wJRWyiGmfNuDwLMA7Fw3kAAdMZfiMSpGVgudyqznkW1z33VdEMYXQcIBEvC/0LEtE3xPCjdwQi73
9NuWVfVRDqn7uclFCFgNPm8J14q4lYLGIb4g6EPHQ/z1ImmT80Ep28oNxsG2ErMo1gX8CVwpPenY
IdQ5MUSSa8aeBf4sJfhbHPu+MPmWSN9nKv0A8kKuiECHaew5YehHVpoETgB+4bqJiN3Eh9Uitd0k
xeXrvmg5H9Y/BPd2U6RVuQEL5hs8EzKGIvgWWHXIiCKJvCAKZATo44Rpktix6fiRAwAHeUeCeU1w
rsdoQcYIzZGW9Rzg1oQ8JBOLRwACHKhFXFo2YDskD8hYpu25QfxZWtaEL+mDU0Spk6Cfp5CCIjeE
WLVM4QoHmHIgeCP4W3UfRfWRN90RYJtsdNJFD/Uj3xUBeENouqHl8tC1wQmkCTZOLC/msZlaIQTU
DpEaIs5A8CYcQV6SyInSQCYQswJcIo4jgTnXE7HpJZANgbfIDIAM9Tijb803VHc+Ydg44b1tmq36
hg6sGFZ1LK0atlNGLZtl+YRdryGVslZ2HXQKLeONpJvXqpR4Bcs7JniJN8GxZFkp8h7gAz4wdScz
h5QGqbeDqkRRu6oKWJsiiX2qLU/lIavgSdMiURYDYt2wTdU3mhrLUlZAB5FmtAfUN/iSQL5RpN/I
u5HgEVSuvM+7lt1V5TcdwwKANwxa0wogLMNEtkEu8ZpXSX+3liXr61XDEyAwR5L4/0BwgV8Ye/J+
LZFB1lWwF5SqQEjfZYE2oNJpsV5O1GNiWWUCBrrNZUeawzsCIZlKNDhSKNqgfyGNnGNNvJILRmWp
etSu+w5qxtLQr18s2HL2etlDEWRtmFgve0vKgHX4L7cKBk8sy8LnqQOysNM1zbVRXvpklmt2D+Ln
uCIJMnZLw4LFRMIDRjP8JIKSlWrF5k/LmdbBSZ5XdyzPWtTMcP3NbjPO/ruXzUbN+gU/GvrhjjBP
zqn31wvpTQmsVBm4ClgCScYbpu2nVqjDAmOcsEvuPQQsuCMYlCcJg8JP2R3tidehrJAc762xAMa3
FmKJ3IM95C89z9FSq+wW5kJN00t2oDdmtvlU0Ve7SqORNbTGBtgarzYXMEHv/6YvYjA0OPVJuykF
3jwzvNUHN57rKe9a8AmMr0FmnLhuqrLqwW1gQXvI6D6Bqc4Gg/KQYWXf6Hc1UEsACjhW9KU+aB7I
X5FngWzg5k11n4GLS1AHiEbBU44Mop5Hpl6mGC44C8PikGXdN6DIrqGFiezwehf9dW85OwA5eghe
WyuIhDG0xAsi9jBYOPlM05clGjjB7rOqySTUG7VzdiZv9WdWZKs14ErD2/XhFAW0N6FmmqavOzWq
FIcKKoC/UToyNuADtT6Jikl+W2UJMP84D+gz6IfQf2Tgb/Md54Pphpq2YHhmNQBEIWHXzQAPf82r
GJwKT7CYegJxUmQdYk0hVzzedGAAdqX0bpKmsxY30ASu0Yx3GRmCHA0A5M5QpAbfa0nYNANeASVB
jJKopY2Uw6bK++kFGYALtqrAbhXCEbqJ2mpFrBrE3oKZgzzAAyUIVS/+n5AEjwd/T441b5J/Vo62
q2piRUP7yJom2DLAmRqzfjJhDHceuLOgQp4wSHjxngJH89l+81U4pdAh1hBcmOghUZaQKJm8l6In
2K4U6ypsMbGOs+W9kDJpt5INOHdxfb5g19+9vGKvXr5+ec1OLi9fvTy/Ypfnb9n7i7d/O397yGAS
u76AWefs/XcXr87Z5duL0/Orq/lDrNjRjO35E8VcyiarqIxABG9RVLGWhOWklxGlLbAFlDKJhiKa
ZAB+ygGfNcHTqgSpAd/B11D6z7micsG7NVYEoCHELDVN01dkALW3eWAKBrDTBSYirFNo2fzhCvQT
ffoNxqylwHJGaRsZV9ZWa0dpwPVk3W7Fdkwtd/v0c4xpLTgTLax4E0MMGdseQcPW4xqnsES29Dqm
1wH8F7zsqYSacgRFZg8e+vRwSCsPXXRwUpWt0xSoKcmLbajO2YVKGiogoPap+jwZuckgE92VbCtD
O5CuSQQQ2TfNidSw5wsCmAc5l9xK0RllTJuqGLL3sF7PMabOu293lEzb9xG/YY843APPuRqKYTRm
A3uio2qHT/qiVhXjUJwy/cjAR1s7nuFEvYhkIaYHieAbVBH4euojaod6APIp7HILTti2vUQw6dZg
zdVQSyPg4X5bzg4HA6sCRJfL84EfnPybeiv4vUGH1u1WhlNe43hW9AUkcMjdDW7S8RKqZjAyUy9S
Km62msa40qqlyHrog9BU1CNntKmB1X4PGd3dseRZpR7vez4WYoibapdh+hBwiqKeui8nFSkGHWtP
JD0DxqgwgsoVdQq8qmpG0ao5dmNMrVLybmWFZaOWlXwDBzh9u79SaY7tj6b9e+R+z1fxf/0G72JM
PVAZrqtcVbkx78SaegMSAAo2cDOdvggfVfenn6qUFcux3h3S55OpDYeHCNHNpkPyh8ywJubVpqXN
jW5gaEwtlAW2BTVdgGAdmyhNYDdHvQcuh0HN3Jx9B8UoeNsxVZfs9PLdIawFPmKIxrssgQChymTA
4XEHg3ZYMH/bA2wbhJb0NJk9ZycJgN2a5+kRtNaqc0kkeLreDjZmeFKKDjgJ22lanZDba7juERux
0uX5nCEj7y7Ly6Hy3zbE2OAgY3eQmNXSvi5rQ488aLxe6xhts49ytDD2CYNhW0ymuliDPkK5zCR5
u5GtFj2ds0u9JufNihZw3Z1r79B7pg1foSBgIVBgW+dUH2G7XYAICA68Qaud5hnMUucI+BKobDv2
+vod8dqCWCh83Hf0DjsZdruh6nfmW3wqut7AdQvieLeJlSXdmxEypAwPTqD2gpJ5ELaDb2km5ozy
3ppjmcGyAjTUoSXBLvRbM4C2Q+IHDHhLjK9RH4DYBOKQ/jmlg1aZVxUrMLfTXovSSHV2ouFxbPPO
LqgoO3t5dfIt1GNUv/Ul+RTCfY/4Sne8qgTJ0Dn1rzGS3RZoK+suHiQy7leLbVf5jFnYTeqieQ3w
RjOYPrxo1cELxnvZVkNpoKPFGogqKQaqp+uqaumQZmgo5XCIQLkAD9pZy2+3uQe+SEM9pWP4KSAi
k/TegSoY9TnWz1VWqgMN0t837Ie4uqdfGLCXZ+zgh3cvz56CPwA8AB8w/w6MiebCN6QgeLDVbJJR
Z6rQgWiptjYtARV++PbVsINuRCcj34w/aKDihMyuix6SsBrO1XRqvgcODXzf4rhKU70xPM3SjXHf
Z8mumUjDxv6B1jWdSKmAVD97VNqgXKGjr2/1+ZgAyOkGeNarDLVqwfSV8rCdSkYaVsfdMLPycjX2
UCUuzvfT/OEw6zaTd8aY/B87VhzUfVJUPaJNqnKnBh9Q4qBsrBwQVfWpDrgFftOpHwi8pVJgQoDU
UEp1chBLRTCWKaJFW/M7chb0Y/3DDuV2+OBhWaGUgRtOlAH4yfg+27V6ex92lZCnH+fY/BzLvMFX
lBgfwgIY3xLATyNnzoPDqzivBIV+myUq/6B8HCwObtn28VQrK0zMMEMmKh3TlzFV0kmadh0uhMwl
9TAqCPS+eXYDm2CfT0iWc1DCqqnuurXCQdiEs7WiNwFJwIy2GxI9MWygXgb2jK2SBgFfnrUT6RDu
0ScURaaupkdhxxO1oaCiVXtmA5oGs9kTYBda/V0Db0/vJjaePzSyBsA7nlEvDukJWlPlZXVV9/k2
yPRXrCdolk5Ejj1sTO0ayq13xIyO2AeFx6QNwlF9grkYiys8eKWDAvVA1STa/4CtKfYnU/jEmDbw
Z3gPBkdw2X+g397YqR8AVQz1gtZk9hrsu1BszeuiqOdZNcoA8LkpsMUFOOjw9Fm0U2EwKeoZbDuD
hCLw5KtVI1f6bFUfxKpDJfw1181DiYlXwKyLswv8JYmhU46qShAO76Tqljj9Vg73bEmAqSg0Op9c
w0BlsGOVvsYXvQbzPaJuML2aMzogVGP4Tgdlz528doq3JnJ6tHkIKahecwgqifmjQX62tTJkplQ2
0C8ZiLclJuDJ2m2yVImK75yZ6pdrJpm+h1YByiyC7gEbNV3tCmrGsNkjhleC7lu+y4ppytLFAJLH
VRg4mKHQ0JgvcGs6GNbLhiuB+XQj/Wx/p0Gpv1d26OylTK7CZ3KopqnAJt2o6uH4bK2HFX42Y/Oj
IQcvMKDrTKg+y9KRFL7f0DfqogxBbDhBGqAdKGrgm6Z8KBp5Ozac0AdwfB9t/I61GfCrLbkYTDo8
BdfGI88F+5GKKaivD+kM9KeBvKoRJpXE9EqPBMPiv6F8gudICh3RCWX3aDKnZEAdcUvNDp0z4O8i
6lzqimRXlGFvejZ8AboYQa45pPbtzgv24tXJ9TCM3ZLEw8e/6BdtDr3oHiQs5aFzn2RNd0gY/5dJ
Uaqus3ZPbBQiYK4F1esDWN5rD1XvozP1e7q+GWB+aDyb8R6MMAroQC4UdL3ZDnozhms0cJKhL3ny
gsCJNqMVO2SoqNcjHyYjBpXCOxVqpZoXeQ9w2eruXdxgv9dSfwp4GWfQZW1UxUnzUGZgB7pJlZqG
0FKy0h5QtE1ODfCKfd/WeBd9ubX8KV1I010sXee+Bx28qW6ZZTIzWrjBwvLZ+5ffMtu0yRzDPemx
VLhdVF1yjFeVPEiXfZraPv0t6G8acVz621fXuvRbR4zbYyuyVDqdDN76NExFhO5+shoGVXDcrbNO
GngBqgewS9R15rE6d15xPEFJ5DExq652xzEo1nEUz7/xSm34Xt/Wml6SYdMIjr85Js5G/x0z7PG2
osd24Vj9GmlS5ctkMgXfsjg+O39x8u7V9UQkuqMddqdkhIGuedgpvY+Vhib9Bs2Zffofcbo2lw==
===END CRASH DUMP===
