PocketMine-MP Crash Dump Thu Nov 4 20:05:08 WIB 2021

Error: Declaration of poggit\virion\devirion\VirionClassLoader::loadClass($name): ?bool must be compatible with BaseClassLoader::loadClass(string $name): bool
File: plugins/DEVirion/src/poggit/virion/devirion/VirionClassLoader
Line: 86
Type: E_COMPILE_ERROR

THIS CRASH WAS CAUSED BY A PLUGIN

Code:
[77] 				}
[78] 
[79] 				$this->messages[] = "DEVirion detected an attempt to load class $class, matching a known antigen but does not exist. Please note that this reference might be shaded in virion building and may fail to load.\n";
[80] 			}
[81] 		}
[82] 
[83] 		return null;
[84] 	}
[85] 
[86] 	public function loadClass($name) : ?bool{
[87] 		try{
[88] 			return parent::loadClass($name);
[89] 		}catch(\Exception $e){
[90] 			return null;
[91] 		}
[92] 	}
[93] 
[94] 	public function getSourceViralAntigen(string $loadedClass) : ?string{
[95] 		return $this->mappedClasses[$loadedClass] ?? null;
[96] 	}

Backtrace:

PocketMine-MP version: 4.0.0-BETA11+dev [Protocol 471]
Git commit: 2405e45b357caf7e0284ffd7d91c302260d10722-dirty
uname -a: Windows NT PC 10.0 build 22000 (Windows 10) AMD64
PHP Version: 8.0.12
Zend version: 4.0.12
OS: WINNT, win
Composer libraries: 
- adhocore/json-comment 1.1.2@fc2f76979f0a44a5f5bc2a2b600d0762fe0e78e7
- brick/math 0.9.3@ca57d18f028f84f777b2168cd1911b0dee2343ae
- daverandom/callback-validator unknown@unknown
- fgrosse/phpasn1 v2.3.0@20299033c35f4300eb656e7e8e88cf52d1d6694e
- netresearch/jsonmapper v4.0.0@8bbc021a8edb2e4a7ea2f8ad4fa9ec9dce2fcb8d
- pocketmine/bedrock-data 1.4.0+bedrock-1.17.40@f29b7be8fa3046d2ee4c6421485b97b3f5b07774
- pocketmine/bedrock-protocol 5.0.0+bedrock-1.17.40@67c0c15b4044cab2190501933912c3d02c5f63ab
- pocketmine/binaryutils 0.2.2@f883e1cf9099ed6a757a10a2f75b3333eeb2cdf9
- pocketmine/callback-validator 1.0.3@64787469766bcaa7e5885242e85c23c25e8c55a2
- pocketmine/classloader 0.2.0@49ea303993efdfb39cd302e2156d50aa78209e78
- pocketmine/color 0.2.0@09be6ea6d76f2e33d6813c39d29c22c46c17e1d2
- pocketmine/errorhandler 0.3.0@ec742b209e8056bbe855069c4eff94c9734ea19b
- pocketmine/log 0.4.0@e6c912c0f9055c81d23108ec2d179b96f404c043
- pocketmine/log-pthreads 0.4.0@61f709e8cf36bcc24e4efe02acded680a1ce23cd
- pocketmine/math 0.4.0@6d64e2555bd2e95ed024574f75d1cefc135c89fc
- pocketmine/nbt 0.3.0@98c4a04b55a915e18f83d3b0c9beb24a71abcd31
- pocketmine/pocketmine-mp dev-master@2405e45b357caf7e0284ffd7d91c302260d10722
- pocketmine/raklib 0.14.2@e3a861187470e1facc6625040128f447ebbcbaec
- pocketmine/raklib-ipc 0.1.1@922a6444b0c6c7daaa5aa5a832107e1ec4738aed
- pocketmine/snooze 0.3.1@0ac8fc2a781c419a1f64ebca4d5835028f59e29b
- ramsey/collection 1.2.2@cccc74ee5e328031b15640b51056ee8d3bb66c0a
- ramsey/uuid 4.2.3@fc9bb7fb5388691fd7373cd44dcb4d63bbcf24df
- rhumsaa/uuid unknown@unknown
- symfony/polyfill-ctype v1.23.0@46cd95797e9df938fdd2b03693b5fca5e64b01ce
- symfony/polyfill-php80 v1.23.1@1100343ed1a92e3a38f9ae122fc0eb21602547be
- symfony/polyfill-php81 v1.23.0@e66119f3de95efc359483f810c4c3e6436279436
- webmozart/assert 1.10.0@6964c76c7804814a842473e0c8fd15bab0f18e25
- webmozart/path-util 2.3.0@d939f7edc24c9a1bb9c0dee5cb05d8e859490725

Loaded plugins:
ChatManager 0.0.1 by  for API(s) 4.0.0-BETA5
DevTools 1.15.0+dev by PocketMine Team for API(s) 4.0.0
MultiWorld 1.7.0-beta2 by CzechPMDevs, VixikCZ, fuyutsuki, kaliiks for API(s) 4.0.0
PurePerms 1.5.0-legacy by 64FF00 & ProjectInfinity for API(s) 4.0.0
SimpleNPC 3.0.0-snapshot by brokiem for API(s) 4.0.0
Tags 0.0.1 by NhanAZ for API(s) 4.0.0

----------------------REPORT THE DATA BELOW THIS LINE-----------------------

===BEGIN CRASH DUMP===
eNrNW2tz28iV/Std8tTOuCJSeBEkmHJijyRvVGtbWkuOpxJOuRqNBokRXsFDEp2a/77n3m6QoKRx
JbvzYScpSWh0376Pc1+N9j+P0qopZPflTjdtVpVHy+D4qMsKfbR0Qz90fNd1FtPQm3mue3zU1+aV
M43wZragn54bBQvv+Eg3TdUcLf951G1rTDk6/3J6+f7q4t35l/OPHy8/Hh0fFbpt5ZrenWmVy0Z2
2FBUqair9TrrVqu7rMHIapXo4a+/8u/TXLbtu0omulkuc/zmgR++K2WhXy7Fn+OqykXRt52ItVBV
UYNynGtxn3Ub8aNs9W8QaLsmK9dioENkwGaa5cRjnffrrGxPzs4NEydto04MpyeGvZOBz5MnbIJM
npUgswh/PbakvmTlXZXf6UKXHegnWaNVh4mqSjTpbT7H6Koz//sVL+YLDNDvaPTiu26TtZM/WV22
f/9ZvBKro4FJkegOVHUiZClk1+mi7kRXCZJZKOJPfMe/jgWMrjYkvhS3ZXWP6WWXrXUp4r4TSaVb
UVad0A9Z203FVa6hRhrRottI0AQXotGpbnSptCiy9Ya1324gfiKyUhjVgFqWJ7xNmWDPrUhllg8s
TVercnX0R8i4cHYykugL1z7yg2f0sPDtYKO7vilF2ec5rw14nKfO7NSQh+o+zjMl0r5UjLXH2BEW
PP+kJYP6u2bLz4sdR3a/WkLY7ikCmYfBRr8q0usPq9X5g9I17/qdfkkEI+cxwUGAaCxt5O2kiXwj
TRQ8K81ad9dV3ygN28v8jTHfDtTEpTZ8spxmnBmZHepxgJSsa7sAuBqv/1n8+c97ZkPLH4DdNVIB
u3//+fgIW2twQUAmpWDOVaVudfcebjB5f4WFMRC0DzNHwdSZOpMfz2/euC69JZwgshwfZe0XONbR
smt6Dd9pqq5ScMxlMEcEgvdhrRc4Mx3MYn82VzKda8dbBGmazJPIVb7jeaGTuM7c8yZwsm4L6r3l
6XNWJtV9Kz7ciKtT4YIDA1DheY7jiB+G967zUrx5fxYGWFtvaqxcgF3Xw+NXXSaWfX7G6y9VS7Qv
Pny4wQA/3Gclu3ZRV61uvuRZ3Mgm0y3pRyYbSNTok1/aqpxgjo0I7tSdeq9T5aXzMJpHqSODQM7S
Waw86cWh4yTOPPRS7ej5Qs9JZ02mbk/gyBusRkye+q+VnM0Td5FCIyl0Mp/PY88NFypxI9eNnURr
zw98qbE6kTAGvLIqTpTM81iq28mdzLNEdhTIoTOOC6/tb4qM66YCOE4gsmxLAu2dN/WnzmvP8SLk
Al/5szTwHUfH4SzUc73Qi4VKZ17iJmEYBbRrqQG7VstGbVh+Rh1td8eAeL2IY+V4rlzoJPZ0IOda
eulCJkEqI62iRGkvVfEiIc0zwAoA7CTWSYOnCXiXrEkQ+8MwCL3Op4HzOvWieB7rRSp9JwgTT+tA
hYHnBotZHM1jH5p2oLDgedJ7IB7NiNMn5MO5cpQ7iwMnCJSE2iNn5riR70eup/zE8dQsDX0ZPyKf
lbLZ9l2Wt2xEjyCwWPjaVWnkRJFOQjmfzaXrQA9zQB7/aR17KkmjQ0rPGtEFq/7rMJgv5gFAFYax
ktDpbLGYeYGnFzPl+cqb6YWazaT3iCD5fm7ymWHNeR1EGtrzo8jXaZLGfqQSOJz23FmYzByQXnhO
BHw+olTl1Z6GE8U61DJM5mHqad9PwoUL6ESJFynPU0Go3Ll2k0fccH2xAV5zyw4BT6t54MW05cKZ
hTGMO5s5YaQCnaZRoKK5H2jpRo90nldrphAQhVCRfRwoezZTC2zro+LRCpidR3EUpjCncgL/CYVJ
3W0aLZN2Ryp00zlxolIfalZeoMEGYpNUCKThwpEuwOurR9DduS+TSMJAe7PZLAY8o5kGaoLZHH48
S7A4Va4PHqNUHZIo426nkWihAukEMcwZuTONULDwEz92FJQee/AnV8awmXtIYf/npKBohwA8KWTb
6eb1vxprDwk28hYxj7lyA0Ba+3IRui5QOHe0m0qlQhSVTuC4CFRBMNdw+1hq9RyVSVYrQ2nqvo48
T4ZBEECiUM0TKeWM/r/wPXChXa2Cub+Q+pGS27KqvmqrJPe1I9UCcRZodVXgRtJNoXZ4RpDMFv6M
Yucs0h7DppFFq7eE4Fxz2mWnIi9V+G8eaD3TvrdAIRzDBwInnrlAotYLKD0OQ+XIPZG+z0zqQNRE
nI/ieJ7GM3+xCCMXGvXnAEcQJCoOkhCrVeoFSUrLN33RSjmsfxqY222RVuUWZsy3KF/zibJF+B1Y
JVTAp5JoNo/mOkLc8Bdpknix44eRH89S5AwdQqFA2HO0EO25OjO03NfoCBzkEJ24MoL7SlCLpHY9
xGUEfmQbx5sFiLO/Rcsd8aVDgCJK/YTAniJ9oJfw04XrqED5YMoPvXmEn6B1r+Oi+iqb7oQKlMYm
TEoZYRQGag40LJxg4QZyEXgAgXZg4wTxWMZO6i7gVQdE0CNsJhR2qZxgz0kiPwK+EziuAiTiOFKU
L2cqdmYJMhl4iwD02dGvu5Ke0/kp6uH3skQ13oyqn/Ho8dG+7HGobsCI7LtN1bSmeJJ1hj9GJdHs
CKO6lOhiYPFU5i1KoUTXqD3skrZKu7PxQCEzov8BIfLN31ar0f6r1XvJ5QjFcirMLq9vPl9+fHdm
FNJmHTFM9dyZvrtBOdyO5NgNjYWA4pED/0Bl2liSUcknbrQsjh6JdiCUKe/+JZkGHlarETdWmOub
Nx9vPl0diLLpurpdnpygWNz08RQV1smes5MdDQj8vs+77HPVUOm5E3k0eCj0HNaJdcd5ciT16Vet
NlfvQZf4+mv2kN2e/o3KpR55ve1vM/x9i5yc3bbf1Mi/Y2ZFe9YFLACtFMTwPTEMU4+Z/6bBn9HS
SJKTESEo6qpv9JVuijE09mOHagI0JrleS7U91FMYvH2LIvs/xFVT/YJgelGmWZmhPv+9lPLF7LBa
7Tgb/fm/UAevtccAezrQxnVW1Ln+cHU60sZ+bKwNn126LWXdbqruUB9xU91muvjdxLf0Vqu2rNVq
NWbo35XckjrZ04DUN3I9Nj8/fju02Wj0u0k4BDfa+l+Las/IZnniKC6RmTWqnEfRCw3rtN7IhhhF
roGIU5T/6FM6buGOXlztnsRpBRivBZ0arZpV+eJaduJSdcINhTtfOsHSmYvPFz8K9EguTchlue4R
ll/pck3PRdUlr1a948h5uurT1Av5p+KfPOIH/DOk2YabSV013Su0dL5Hg/cbCDvJsxZjTFI+TOpc
biHXK9ehkTXELKpEm/dp1Sg92Y1VaUqjkDehtnR4ru/qV1VJfyVZmmYK8WD7ivczvT4ajEmruy4r
1+0rlkzf6XxC6Hj19t3lzV/3Y63WyWgKFSevzs7fvvn07oZGDRYm/+h1sx12B4iqSYsW1fJwl+l7
tPNtJ0ulXxm5H+LqYUJos3MOar7ptqDc/kIQTIRiK/X2zJGMJaAFcWByGE/cbNCcikEsIRs679Ki
KmFpPvhSsqRzsViLrFR5bw+7noCEaF1Xhabjze4pzVam+lhUeNO0RFLEaCVuxbbqG0tLZKmAdbI0
4x1gGDouzLdE+IO+35E7SXQqYZpW3Ffl952gdlo2gtSHziKjpnBLHPKBHct9v9Gl6Ot1I+lcbroq
CVWG2HJVCvHi80YTY3RI18IFBUgIc3oEHTSybHNJJ4z8mlnNK2wDUfGX7lhfdDKqtDDtGo0URNng
bnCApWDXpxftpu8SlLITe6y5FKuj9+QT2t0KtVn1rtZzgQHXdXnYHz2kPhzpiDl/k+fVvSBHoCMw
W6OJu0yK/yZs0RwG2cS+GrHw4pxBaBfxaSU5g4BJoTUiF2+F1TXNt5jdvR6T+oxSF5CB4mWSiEa3
xj6kd1jkVhRatkgndOwjYJVYE9fQnv5HL/lsdJ3dYS76+F6LH+ymCCAvibrZUU8aTUFgArusUeMt
8Zr3/tAXMUwC2L1pt6W6ke0tkNHcAmhTnvCphe0I+4OkNG3TVGXVw7yY3h4LriWEdXM4zDGfqkMQ
ivSsG0RYGiv6EhCjKYb4tbZHw4BhUz1kgKCGGiASQ7vcMUe6tQxdpARmmkOgPRZZ9z3U1zW8zJxn
M6YeLRY/QIYejuWxWliMiZV0yaQeg1kyOpq+LMmcCYWiqmYj8BlgOxUofOzf9kRbNbLdHI+90yKH
NNI0fd2ZUaMwPuIGb1YuNi68lg/4EuMx8q7KErD9PAeEEcJcBUUDXdMR0KgjN5OWgkpncluK383W
OO1/5lUM8FDmFGYcflBkHfl+gWIs3nZQuLg2mnZYt1lLpHn5DRntPmPFM6Dg1PcTQ2jAWMsCphk4
RMQC8yXTShuthy0NxmGsntxYrOkzQkUhgkBBG62ZzQmzthQOSYHdOUSb45T/9xJQKfIt/imN/t/4
b7uqZhZseN2xZMm1AtGjpi442TFEuw5cuY4XWMY4Bnxmp7D8td//DhyyWzBLFDCE6hv6MgJH1w9a
9Rx8K8OycUhKZrvZ+kGhHGj3Epm4dXlzvhQ3f7m4Fu8u3l/ciDdXV+8uzq/F1flHgbruv84/HgtM
EjeXmHUuPv/l8t25uPp4eXp+fT19HAEO9OHNQqsOFPBZxQmb4nBLAqqN5ojM2tjFWhe6R8mQcGjh
KRNEQm2iLJNC2Qc5EZ+BJpL3t8BmQIYKjRIkfYG6t5sxZUMEkXcfxwfnxh6XlEKoDuAF06ezCQu2
kIbZaq2oXDCaJXaNXc3anQyAl67bvai+Y2VtXz7PkpXct5KvZRPDMyb7EzEOQM9rl12N2LGrhF2F
0F3IsufiZMwJCrceGHx5PKSExyAcYGiya5qClpG32LvgVFyakG8Aj+qi6vNkx0uGHHJfij3/rSFc
M/sQNHQcKyt2e8vB4kmOZOgYCjvZ0qYqhlxrVtsZkzE0xxYmaawln2BDPAOpA3RcDwUlmazBTgRD
C+SkL2pTfZkST9gXE3ox2OuMJtkFzDuzOUiAJ2R5OLt8RsHI2ch72OEOIGvbXrfmY3ur10M1SkGL
dttzdTwY0pQItuicGm5o6m/qiRoatenL23bg/VTWNJoVfYEUi+zaiKE5IEMK0/4YLvZ6JX+xqmSP
eYoxFOO15Yg3nFCV3CPnBjuLnVXm1WNM82WGcqBvJg8uZGjZiWPJuHCYKAn/3Ml2Bla4VEH1SNoD
d6a+MFRqST2LMGuMhHvpsMzq08gz7EyTh32NAnNqEyzdb5P6Fg5XZak7MtjSpghUZpsqNxVmPFwx
MCyjaAKEbJLh2GY6I/vWpBZ7g4NqTZPeXoytNLyisNpsOyJ+LCbuyIBsPN540g3M2BTAUXtfxnIv
ShVkYiSnXofrfFqMQcvWVPwFpSCw9IprO3F69ekYa8FDDP+6zxLAnmsFEz139CdMfynCoereF+Qt
a2c0dyreJAhUG5mnJ2g1TZeQaGDYboVNzR0O8D1yxH3aGxE7aGoeKKpRhSnzqSAmPl2VV0OtvW8Q
qZUgpu6RNmlhX5f1xD4/am7eW69rs696Z0++xWPN2FLCsyUTqnYDj1FqDSLPLHo5FVd2TS6bNS+Q
tlO1WOAd00auSQTYBGpr65wrFmo/CzBPzi4bstNpnmGW6acb9FK67cT7m0/MaQuRSGy63EL9O5ty
v53pLaZDrCm6fkKrlsztuD3UpWq29XBxiQ4OUAuhYB3ERH9MZyVTwVlqI6kIEFkB3XRkO1iD71sh
TB0zLzDaHTO9IU0g6nIgRoqWHM5bY1JTSmBuZzFKkmhzfmBDnW2mzi65SDq7uH7zI+ojrqf6kjFE
AbunSElhMjFFQkZgtPeSknG7sZdz7+uJjvv1cujZ/iRc6tVsybpBuOL3YriZZA4dyJvLtjLJ23qE
S8QM14ba6aaqWj6YGFo1PTTjHMXpq75o5d2QLehYyB5w8Rf/fWAjxvjDgina7JnNL1VWmgMB1tT3
4qe4eiDPb8TFmfjhp08XZy/NfSjwgPn3MBsZJkO6h3NQC9ckVj+m/IA3VHvblfD2n358N9C37d1o
5HvejE7GuHBg89pShGWrhhMkm0ZHB1tpytviXZZuJw99luwNMhyujQ9vbvj0xbiaudpndMBzrV/1
rT0FUgginQmzds3ErFma+UlM25gUYsOj3YVyoCzXux6lpGX541R8PMw6OL179sDMKPdNUfUUPVKT
62wwgcoG1VJup+jIJyEwP/3NyRmLP3KqHi1mwUttOm+6nMadtk7J99ta3jMoCKOGOkOLhg+TvhGf
NtqJjxgo5GNWIYvirCU08ulzXDrPsykbUEqEHOAOZofF9HvHjf/ogCfOK8Xu22aJyRl8zw42BeDa
Ph5rYU1JFDN0YlInP+xSG580WXBIpXSuuVMw8OZd8+wWW1CfzJEolxB93VT33cbEMWwhxcZQGwU5
eH/bmZTMzE5IGwNrk71qjGgXZ+1ILgrTZHlDTZirSjsx7YnTUObwmgMjgd5EeOIF2ESrvDfk/lRr
Z8vpU2Pa4HUvM+5mkUzQ6hkU1VXd54Pb2AfK9zzHpg3fow25DSIpeSfKuBS5UBLYBoPPuM053tKW
OnTsyM21GTaVgkUWGNlH6GQf9MgzJ3SL9NHQLjAcDtcb1ORpNcrpiAcT86FkN3MDuy0NK9O6KOpp
VjHHCHXbgppDuHJH56yq3bNOacq+F/v3LAKHObleN3ptTxTt8aM5ZqGLhLeP5WP+EGsuzy6X0MfE
JgVTH1D4utemA5Fw8nvesWXG9wLw2HT0UQB5eqf5vgZX1jhPlAqDmvcWTKiE6K4e57JRvjmls3s9
Pso7RnKoNxJuoSmyN8TDUJfWfGMWvceE4mJJydC8HXKXyRzy4GjQfmAbJdseNThqG46tQwizBNnK
5v2wxxOrGrnGZu2yYp9BbDYmojSfUE8Jg6xIYZw25DNPu2g4357uN7BvxjsMmvt2vrfJxFjSeMDo
LMnSAPnO6nM4NdrYQRPiml0nYaMDncGjWUu4DMrSHSG6ltY35osMX3a2Rykm8oKejU5DvkVNJlvb
p6G0lvRt1D5RAQQera2Wg9HMO2CUzvSW4u9cuaBoPeZDvp+JKLdg++Q9/lLEYlAl3XCAp2OU4csb
n488l0c5PnP72HLHwO03fcoHr7YIGLNv9mUezJ+CvtVRrjI5db/jUrx99+bGDFKroelk7Y/2EuTx
LHqARKU+9h/ozu0xB90/2krPfGsZH1oYJ6ZEB9XaM0XZW9SZuwP0yalXXd8McXfo1JrdRxoOKqCD
dKT4K1k76GkyfOEBBExZ/+ItRxPeiucfEOG62I58GY1MuL4cFX6Vqf35Wnxrm1x1S21Su/uXBxka
lK0p5HgeyQtW0IKZTGFcxUjJ9Oma8oCyo+Mj/YAyn8t+vl6EamV8/zhW9sbgboQ+vpWJbA7GquJL
UnUIdwej9lrYfqBv8vEzBYbxc5rlnT4gvC4ObkOjwzngJYNv3Y0H6I7v+LmIzafEgzH4ub1B4E5p
gDsU6HQ8qVaHevio0/2NvN1oy6G+PRxC+VSMR66v3h1sv23/kfOlbvuX2L3qqltdIqMfqGArC3Nr
zOPrDl+z2lyJiqZ0dfirufe4m43Hh+JQyRVx4zn0j2s8usR7dXZ5IGlSfWFOHg9iKDu0D7y+bNuD
iebKxk/vD0R8xAEe6fjgUCwM3jfZI3OPLrmaqxvgdvMIalQx8QVmb7hgSUBYm5vNfAfGm9INPttS
DFdVaSn1mJUdsMpCI5IbFBIaHPsPcqhiOYBh8sSC2YHRWVX+eAhtXM9Bed0baA30/0ZV1+UVn4Lt
F/z66/8Ao8fGQA==
===END CRASH DUMP===
