PocketMine-MP Crash Dump Thu Dec 2 17:16:11 WIB 2021

Error: Undefined constant pocketmine\network\mcpe\protocol\LevelEventPacket::EVENT_STOP_RAIN
File: plugins/Biome/src/Biome/Main
Line: 44
Type: Error

THIS CRASH WAS CAUSED BY A PLUGIN
BAD PLUGIN: Biome

Code:
[35] 			}
[36] 		}
[37] 	}
[38] 
[39] 	public function onJoin(PlayerJoinEvent $event): void
[40] 	{
[41] 		$target = $event->getPlayer();
[42] 		if ($this->currentBiome == 21) {
[43] 			$packet = new LevelEventPacket();
[44] 			$packet->evid = LevelEventPacket::EVENT_STOP_RAIN;
[45] 			$packet->data = 0;
[46] 			$target->dataPacket($packet);
[47] 		}
[48] 	}
[49] }

Backtrace:
#0 pmsrc/src/event/RegisteredListener(75): Biome\Main->onJoin(object pocketmine\event\player\PlayerJoinEvent#115748)
#1 pmsrc/src/event/Event(62): pocketmine\event\RegisteredListener->callEvent(object pocketmine\event\player\PlayerJoinEvent#115748)
#2 pmsrc/src/player/Player(778): pocketmine\event\Event->call()
#3 pmsrc/src/network/mcpe/NetworkSession(711): pocketmine\player\Player->doFirstSpawn()
#4 pmsrc/src/network/mcpe/NetworkSession(704): pocketmine\network\mcpe\NetworkSession->onClientSpawnResponse()
#5 pmsrc/src/network/mcpe/handler/SpawnResponsePacketHandler(44): pocketmine\network\mcpe\NetworkSession->pocketmine\network\mcpe\{closure}()
#6 pmsrc/vendor/pocketmine/bedrock-protocol/src/SetLocalPlayerAsInitializedPacket(51): pocketmine\network\mcpe\handler\SpawnResponsePacketHandler->handleSetLocalPlayerAsInitialized(object pocketmine\network\mcpe\protocol\SetLocalPlayerAsInitializedPacket#115817)
#7 pmsrc/src/network/mcpe/NetworkSession(395): pocketmine\network\mcpe\protocol\SetLocalPlayerAsInitializedPacket->handle(object pocketmine\network\mcpe\handler\SpawnResponsePacketHandler#94901)
#8 pmsrc/src/network/mcpe/NetworkSession(358): pocketmine\network\mcpe\NetworkSession->handleDataPacket(object pocketmine\network\mcpe\protocol\SetLocalPlayerAsInitializedPacket#115817, string[2] q.)
#9 pmsrc/src/network/mcpe/raklib/RakLibInterface(192): pocketmine\network\mcpe\NetworkSession->handleEncoded(string[5] c*d..)
#10 pmsrc/vendor/pocketmine/raklib-ipc/src/RakLibToUserThreadMessageReceiver(42): pocketmine\network\mcpe\raklib\RakLibInterface->onPacketReceive(integer 0, string[14] ..j...`....E-.)
#11 pmsrc/src/network/mcpe/raklib/RakLibInterface(122): raklib\server\ipc\RakLibToUserThreadMessageReceiver->handle(object pocketmine\network\mcpe\raklib\RakLibInterface#24088)
#12 pmsrc/vendor/pocketmine/snooze/src/SleeperHandler(123): pocketmine\network\mcpe\raklib\RakLibInterface->pocketmine\network\mcpe\raklib\{closure}()
#13 pmsrc/vendor/pocketmine/snooze/src/SleeperHandler(82): pocketmine\snooze\SleeperHandler->processNotifications()
#14 pmsrc/src/Server(1645): pocketmine\snooze\SleeperHandler->sleepUntil(double 1638440171.6727)
#15 pmsrc/src/Server(1034): pocketmine\Server->tickProcessor()
#16 pmsrc/src/PocketMine(301): pocketmine\Server->__construct(object BaseClassLoader#2, object pocketmine\utils\MainLogger#3, string[9] D:\FLOTV\, string[17] D:\FLOTV\plugins\)
#17 pmsrc/src/PocketMine(324): pocketmine\server()
#18 pmsrc(11): require(string[53] phar://D:/FLOTV/PocketMine-MP.phar/src/PocketMine.php)

PocketMine-MP version: 4.0.0 [Protocol 475]
Git commit: 468faa464b2bc5c97f23fafbb71ea61035f6f218
uname -a: Windows NT PC 10.0 build 22000 (Windows 10) AMD64
PHP Version: 8.0.12
Zend version: 4.0.12
OS: WINNT, win
Composer libraries: 
- adhocore/json-comment 1.1.2@fc2f76979f0a44a5f5bc2a2b600d0762fe0e78e7
- brick/math 0.9.3@ca57d18f028f84f777b2168cd1911b0dee2343ae
- daverandom/callback-validator unknown@unknown
- fgrosse/phpasn1 v2.3.0@20299033c35f4300eb656e7e8e88cf52d1d6694e
- netresearch/jsonmapper v4.0.0@8bbc021a8edb2e4a7ea2f8ad4fa9ec9dce2fcb8d
- pocketmine/bedrock-data 1.5.0+bedrock-1.18.0@482c679aa5ed0b81c088c2b1ff0b8110a94c8a6c
- pocketmine/bedrock-protocol 7.0.0+bedrock-1.18.0@040a883a4abb8c9b93114d5278cb5fecc635da82
- pocketmine/binaryutils 0.2.2@f883e1cf9099ed6a757a10a2f75b3333eeb2cdf9
- pocketmine/callback-validator 1.0.3@64787469766bcaa7e5885242e85c23c25e8c55a2
- pocketmine/classloader 0.2.0@49ea303993efdfb39cd302e2156d50aa78209e78
- pocketmine/color 0.2.0@09be6ea6d76f2e33d6813c39d29c22c46c17e1d2
- pocketmine/errorhandler 0.3.0@ec742b209e8056bbe855069c4eff94c9734ea19b
- pocketmine/locale-data 2.0.20@a6e4eb22587e0014f6d658732cf633262723f8d3
- pocketmine/log 0.4.0@e6c912c0f9055c81d23108ec2d179b96f404c043
- pocketmine/log-pthreads 0.4.0@61f709e8cf36bcc24e4efe02acded680a1ce23cd
- pocketmine/math 0.4.0@6d64e2555bd2e95ed024574f75d1cefc135c89fc
- pocketmine/nbt 0.3.0@98c4a04b55a915e18f83d3b0c9beb24a71abcd31
- pocketmine/pocketmine-mp 4.0.0@468faa464b2bc5c97f23fafbb71ea61035f6f218
- pocketmine/raklib 0.14.2@e3a861187470e1facc6625040128f447ebbcbaec
- pocketmine/raklib-ipc 0.1.1@922a6444b0c6c7daaa5aa5a832107e1ec4738aed
- pocketmine/snooze 0.3.1@0ac8fc2a781c419a1f64ebca4d5835028f59e29b
- ramsey/collection 1.2.2@cccc74ee5e328031b15640b51056ee8d3bb66c0a
- ramsey/uuid 4.2.3@fc9bb7fb5388691fd7373cd44dcb4d63bbcf24df
- rhumsaa/uuid unknown@unknown
- symfony/polyfill-ctype v1.23.0@46cd95797e9df938fdd2b03693b5fca5e64b01ce
- symfony/polyfill-php80 v1.23.1@1100343ed1a92e3a38f9ae122fc0eb21602547be
- symfony/polyfill-php81 v1.23.0@e66119f3de95efc359483f810c4c3e6436279436
- webmozart/assert 1.10.0@6964c76c7804814a842473e0c8fd15bab0f18e25
- webmozart/path-util 2.3.0@d939f7edc24c9a1bb9c0dee5cb05d8e859490725

Loaded plugins:
Biome 1 by  for API(s) 4.0.0
ChatManager 0.0.1 by  for API(s) 4.0.0-BETA5
DEVirion 1.2.5-ALPHA12 by poggit, SOFe for API(s) 4.0.0
DevTools 1.15.0 by PocketMine Team for API(s) 4.0.0
MultiWorld 1.7.0-beta2 by CzechPMDevs, VixikCZ, fuyutsuki, kaliiks for API(s) 4.0.0
MyPlot 1 by Wiez, Exxarion, jasonwynn10, NgLamVN for API(s) 4.0.0
NotificationSystem 0.0.1 by  for API(s) 4.0.0-BETA5
PureChat 1.4.11 by 64FF00 for API(s) 4.0.0
PurePerms 1.5.0-legacy by 64FF00 & ProjectInfinity for API(s) 4.0.0
SimpleNPC 3.0.0-snapshot by brokiem for API(s) 4.0.0
Sound 0.0.1 by  for API(s) 4.0.0-BETA5
TNTManagement 0.0.1 by  for API(s) 4.0.0-BETA5
Tags 0.0.1 by NhanAZ for API(s) 4.0.0

----------------------REPORT THE DATA BELOW THIS LINE-----------------------

===BEGIN CRASH DUMP===
eNrtPIly20aWv9JLpzbyrkDhPjgllxVJnmhXlriWHKcmTHkbQINEhIPBIYlO+d/3vdcNEKDkK+Op
1FbZiSyg0f3usxvwH5OkrHLevL0VVZ2WxWRm70+aNBeTmeFavm3rhmdMXdf1DHjQruUjGPJcx9KN
wDZ907HM/UnG6+a0qspqMvtj0mzWMGsi7/cnuahrvsSR10UskrQQMYvKom540bB1Gd2IJofBxaIQ
zV1Z3SwWebSG23VVNmVUZovFubgV2emtKJo5x+mz2elPpxfXb6+uL+dvXx2dXQCWpM2yF2mGaE5m
i8WL88vrnwBG1i7Tol4sfkjLHGDWVdRfv+RpMV2v1rhYLlSzD2jCAcxVVzgTZmVAJUgIRVTxCC5/
mTzR2TrHifgjkMKDV2KZ1o2oRHyOvwtR7XnO0xkbYNWelcV/lWmxV4a/iWgsBAKChPONqBaLOf3G
ycT/E8NwPNt/CtQ8MR6gpil7rgnYHgH5kDDtWcQzKdh/jhRzQIqcfiBn73me/zg1BEMSsEcwrAEM
ZQkHaAgHF/LmCswITHTPM4wdiGMCtWdx+SKt6uZqze8KCdv+XNi6vQN7xybH81GPx1kKjBCuV6Je
g10LidP5EM4VL+IMJDRaIw37R/loz/5CMj4y9Y8oK+u2Eu8lVa6iCqQfl9XBduFBKOIK7rTO7Yjw
K9Gcl6AjKdqj+qxIm5Rn6TsRS4r3HOPjpCpuF4sPs6s9k5M+guwx8/xguPgk0Wi6vuGRQLzPNA0r
cD7O6Bfg7xj+DK4+Q3xPAjvQDWLG/1xmHP/LDEySccIbrtT+r9DHPqubKi2Wv5i/st+nxFDwIYYq
fpOl4cErfnOehmcFhLUEQvKeEZh/hrHTIipjsDKF3/mVRf8RTyUJhv5Bl5FEaOlaEiiJuS5f16K6
XlWCxy9l6nslIpHeol9/gjoJEEL1mC2MM1JSCtJeCo+WomJ6LzPD/pVNp79Np9P/hZ/pqaaoN75U
gibS2BECnNyi9QGLHVUf4e8L7PoDnD4xbd1X6c38oNzroizfyQR9lQmxFlUXOA3T+pMS/ow1O6HU
sP4Egf6uBcip4CSjeUAPBGOQ7kXZpEka8QastVZ4h9nsihS0Z7i285mAa7x/XTRptheXbZgJNiz1
PFOGRcN5BIlu7eYl+UR71qTRzVxSXFaKTHcAYU5rXsKaPagbPwDk7VsqC6s26uPLD7wWx1Bc1ucl
jyHUmfvsEdtqgZlallbn5RL84onV+0XwKxvUg1t38UbjfZ0oSfc+QLq5y7/0D8Wwir57VKBU4vc2
rUQfUqxf2XrFq9nBwcnsgLAOIGsv51N8uoMQq9Onk1/f70/EX1tbf1F5DOTKmW/T4rbMbkUOwGF5
DOKImkn3FEZoOQxg8EXmLAcGFw3+9x6GLVfd0o1HN3TpwyX+DmhoDUacRixpiwi9hKnaeqdcZd9R
4QmauS3TGFbbOq3+Ay8Nhei7hldL0bBDNVt7Bneqkn36N5xpqplpwva+a1ZpDSVsW1Uwl5hhh4fM
NJ4ygmr13Hy3JtkC3ELcsV2RK9D27nTtmbhNY1j0SR3Reufh+hgSNqzX6bm7fS7ZlM8VDWqNJMUb
CN72e8HbKPD3k/ffGqBvDdC3BuhbA/StAfrWAH1rgL41QN8aoG8N0L+yAepahhqbBNk0wEXB8Xff
RPRHGBMD7njbrMoKFvwCq/k6xVrVnupTHaGJgoPa48kMRC32JzGYRxGruXWZNCfDgZxvexUpYux1
QBswOL+8un5z+er8BIbuRFinDVKEBfLxijcveQGxoRrQOhwdUgx0TT9KtfbD6fWR82dpv4CodPSP
xWKA/vM5OTn9Ka2IzJ6Nfmgk9ak5dbSj8/mPR4Y54mWyBptMsfO7unwhJl9JIRLoYnFLpCwWseiu
BuQp7q6uj15dv54/5E3cXpdlVg9564bGvBkOUDpiamul7Frw/Gux1eEHNraUfISNVdOsa3AqkMWq
DadRmQ/856CHAcy+bLMmfVNWWTxgdzA4ZtgDowtFw3dUefxORKv5S4CLdP2U3qc3x/+g47dN29Tt
TQrXN1DapDf115JIhCjXOegXhJIjvXdIL1jwkPaP2vEjQhowcjAAhHLazLOyGcpIDnw4xEzepOId
jJze33NleL/xuizuNkVhoNlcLM95/tPFPyeRySlkhzLfHM3PJvtDHyTKr5pNRlHllNeb4zLPId0d
tU2ZpFk22QpT8gKy63j6hIcM0+/VBrrmfCCYRx7+BVHtIRWfH9zmUM1gVBww1Q+N/cGeGjtKd+0X
L3T9i3RKwOeiysk5dtT7gtP+VQ1lBCD6GcJZ2dbzU60bH2jxrcQNHb8idnv1J1yBiFJ7ez0YJRxJ
7Fg6cmwsHgiPWiaWPNo8JiT27wy4wrLlrEhS6H42Xys4jCRBhA0uv4IsJBwQxlWarzNxMT8eCGM7
NhSGRaZdF3xdr8jFBuIIq/ImFV8tWShwWOtifzKk50sZV6AOtjCQ6bIthtlC3v8FPk6IP9+try+u
ZZ0jt557+sfjfwEfIwK+gB++HDoh3X6ceoXxaxlaTz9g/jyyHzExRdJ7PCDgFbACvedOKdX1AUTn
fSOKmiIfsH5cVgjWR06xJgmjnDer4UjEM6Ab1g7HyvxtXDbQz45G1SnKdqCtsuF9zJvRc0iijRgB
Xubr4e2K1yNaUkjVt8OB32pSVH+fh7IvGo2VVaPUCcU0DOAxDjAUDyeto7EcXokkE5QghqM1SbQe
D8Vpmw9HrubnI/Sb+vcM3b27Yv2jprwRRfpuLIINz1FoJtT9aHvv0rWslIOpjbdZGg5nw+19PhZy
idSYum4ZhhnAwPzkcsRpXL4lSnYHYSgd66cEi63r0UQZx35+OWJxhwK4xU2cMVsweFelO+peN7Td
gwKVfgTUrnZMbdUWN9SIm6RCi6SSLsO04NWG8oI5dVESeJoTh2oSgoqqzbop1YASVgx6lVaI1qCr
U7i0SMqRGcYPNJiOlE6isoZDlQBrR7dattK0Ovj/AO9hl/OIR6uBcNFZV2uFFzHiuQnPhiXB0HvR
M3ktti8U9vIK2xQ7D1PH9wXT+i3U85NZwrMaYlC3VTqZ2Z4DOFJ0V9v1E85t1w7NMHKiwEtMK+FJ
GHqG4K6hW07iJqbhA+xWkfImLeLyrmYX12x+zAxAzAgtM8HMdLbXPTf0p+zo5YmLhopvAA7E806Q
C9i95lfrtyXq/c3ZxcU12hre3FEAhOiyLmtRvQV9VVD5C4pUPF4BL5U4QJ/XYI46/zTQq58nkZl4
buAFic5tmzuJE0YmN0NX12Pdc81E6MLzhYcSq9Lo5kCFOX0aTK3nEXe82PAT3fQT3048zwtNw/Wj
2AgMI9RjIUzLtrigGAY6gPgBgRfPmEIe3Wi30JlBbMOjZJDZTVHeFc/VbzSwZVXWtTgAlnld4Jno
rYkW+tzUzSDQLSsCkduWrovQdVzhCV/4fpQ4ZmzErhvYiBUibSVqwatoRfznfL0mV7olO3juh2Gk
mwb3RRyawuae4Gbi89hOeCCiII6EmUShj0XGI0czeF7ZlZv/2Q2CXEF7z23fjFwv4NwRsR76RqQD
cWZoJAneGToP7MjnbvQ45K0FTjwkdBe6buvc9y1u8zD0oyAMIGjZsWN6fhQ6iYgi13Ji7ps70Mn3
KSiQCk00AAAjjCgJ9CAQscs9x+NAHViFE1rwR4jQjOIkGEN6VIXgt2ATru35ng0m5bphxEGiju87
pm0K34lMKzId4UeOw3dIi3BTMStV9EPSQISB4JZuBYElkjgJrSCKLd0UpuG4saMDaN/UA7DOHUhl
Vm5h6EEoXPDP2APnFJYVu74BhhPEZhCZZmS7keEJI96hht5vUEc9XWB8LiLPNkNE6euOG4bAkKO7
QWSLJAFlBp5lC24E4RhUhictojMVIGlq6s+5K2yQq+n4ntB1w07c2IVry4wS17JM1/QgtvixtQtq
ScTYSIwbBYYZ6aA3x4l84MAydF9EYPwemIOb2Lod6fZDCNogd0hQrpF4yFSUWKCxyLSBNnB7k0cx
GISvcwO8wIp2fKCPAwQidm1hOo4TxqYI0OJN2/EgIDgxLE4iwwIag2TH2Iuw6YUb+JHNdTsEywgM
R0BM8a3YCnWwbRAUOKbBQ1C/MYawvdSoAJJO/QWR+sHhkUxANjiGsLjvGgbYsqcLI+HgU67pgOMZ
EOxs2xMQOkIuoseg4BGUSmXG88A0uWvbNjDjRl7MISTg/75lGjrYnohsz/K52JGvPC7oUvdznUc+
xGqweSOyjYAbCUgc/Auc3rccjL9OIEwyPihla7FBP9hWYgb5egR/PFsIR1imD3VOCJ5k66FjgD0L
AfYWhq4b6XwLpG1TmX4g8kKuCECGSehYvu8GRhJ7lgd2YdtxFNqxC6ujxLTjBJev2rzmvFv/MLjX
mzwpiw1oMNvgnpDWFcG3QKpFSoziwPECTwQQfSw/iWMz1C03sCDAQd4RoF4djOsxWJAxfL2HZTyH
cKtDHhKxwQMIAhygBVwYJsR2SB6QsXTTsb3wg7CMAV3CBaMIEitGO08gBQW2D75q6JEdWUCUBc4b
wN+y+8jLd7xqDiC2iUolXbRQN3DtyANr8HXbN2zu2yYYgdBBx7HhhDzUE8MHhxoBWYPHaRi8KY4g
LXFgBYknYvDZCEwiDIMIc64ThboTQzZ08CTaAzDU4/S2Nd1Q3fmEYeOE72cl6bKtaMOKYVXHkrJi
ozJqUS2KJ+x6BamU1aJpoFOoGa8Ea1aClYWo4YI3LOJFUTYsFCwtoqyF8AEXTJ7JTCGlQeptoCqR
0K7w/aQyQRC7UGueiH1WwpOqRqAshIh1wzZlWyloLE1YDh1EkhIOqG/wZa5sI0FfiLse4AFUrrzN
mprdlcX3DcMCgFcMWtMSQliKiWyDVOLLU5L7u5UoWLteVjwGAFMEiT8dwBneMPbkzUoggawpAReU
qgBIHWaBNKDSqbFejuVjIllmAgayzURDksMzgkgwmWhwJJewQf6R0DKONfFSzBiVpfJRvWobqBkL
Tb1qN2OLyctFC0WQsWHRatEaQniswd/cyBk8MQwDnycW8MKOVzTXRH7pSi9W7B7Yz3BF7KXsloYj
FhIIBwhN8SryClbIFZt/W0yUDI6yrLxjWVqjZJg6FWO3KWf/04pqI2f9jpeaejhi5skp9f5qIQMx
MKxUGZgKaAJBhhum9CdXyM0CrZ8wBvcGHBbMERTK45hB4Sf1jvrEA1GWC47nxVgAM9B2KJB60If4
veUZamqZ3sJcqGlawfYUYmbqTyV8iVVolVhDa6yBrvFscwYTFP6LNg9B0WDUR/WmiK55fcPw4BrM
eKqmvK7BJtC/Op5x4qoqi7IFs4EF9T6j8wQmOxt0yn2GlX0lX5EgKUFQwLG8LdRGcwf+iiwLeAMz
r8r7FExcgDiANXKeoicQ5dwTdZagu+AsdIt9ljbfgyCbihbGosHzXbTXneVsD/howXlNJSBiRlMc
zwjYQ2fhZDNVWxSo4Bi7z3JNKqHeqJ6yE3GrrlmeLlcQVyper/aHUUBZE0qmqtp1I0el4FBAOdDX
c0fKhvhArU8sfZLja5dA/OM0oM2gHUL/kYK9TUfGB9M1OW3GcM+qCxC5AKybLjz8PStDMCrcwWLy
CfhJnjYYa3Kx5OGmAQWwKyl3nSSd1ohAAbhGNd6lpAgyNAggd5oE1dleTcwmKdAKUZLe5ENASSVE
h1RaPyivxXDBliXorcRwhGYiUS2JVI3ImzG94wdooAQh68X/F5zg9uCn+FjxKv5n+aibck2kqNDe
k6YA1gzizBqzfjwgDDF31BlQIQ8IpHjxhhxH0Vl//1UoJdch0jC4MPVyMIQEcS+ilsJ2KUmXbouJ
tZ8t7iMh4nrLWRfnLq9PZ+z6x7Mrdn728uyaHc3n52enV2x++oq9uXz136ev9hlMYteXMOuUvfnx
8vyUzV9dHp9eXU0fxoqRZEzHHQhmLqq0pDICI3iNrEYrQbGc5NJHaQN0AaVMrEIRTdIgfoouPiuA
x2UBXEN8B1tD7j9kitIE71ZYEYCEMGbJaQq+BANRe5sHhsEAMF1iIsI6hZZNH65AO1G736DMtYiw
nJHSRsKltuXanhswPbGut2xbuuK7fvohwpQUrIEUlrwKwYe0bY+gwtbjEie3RLLUOqbWQfjPedFS
CTWkCIrMFiz06X6XVh6aaGekMlsnCUCTnOdbV52yS5k0pENA7VO2WdxTk0ImuivYloe6A70mFoBl
V9cHXAPOFxRgHuRcMisJp+cxqcq8y97dejVHGxrvrt6RM6XfR+yGPWJwDyznqiuGUZkV4ERDVQYf
t/laVoxdccrUIw0fbfV4ghPVIuKFiO44gjuoIiBA8EfEDvUA5FPAcgtGWNetwGDSrECby66WxoCH
+LaU7XcKlgWIKpenHT04+aNyy/m9RpvW9ZaHY77G8TRvc0jgkLsrRNLwAqpmUDKTb5pLaraSRr9S
oiXPemiD0FSse8oIqYbVfgsZ3R5p8qSUj3ctX37Y0WHppncOJyGqqbt8UpGi0bb2gNMTIIwKI6hc
UaZAq6xmJCz1wYZcJfnd8grLeilL/joKcPoWvxRphu2Pgv0pcJ+yVfxRL2fO+tQDleGqzGSVG/Im
WlFvQAxAwQZmptIXxUfZ/amnMmWFoq93u/T5ZKjD7iGG6GrTIPh9phkD9SrVEnKt6QjqUwtlgW1B
TQcgWMfGUhLYzVHvgcthUBE3ZT9CMQrWdkjVJTuev96HtUBHCN54l8bgIFSZdHG4x6ARhhlztz3A
tkGoSU6D2VN2FEOwW/EsOYDWWnYusQBLV+gAMcOdUjTAgdsO0+oA3E7DdY+xEStdnk0ZEvJ6Xsy7
yn/bEGODg4TdQWKWS9t1sdbUyIPG66Xy0Tp9J3oNY5/QKbbGZKqKNegjpMkMkrcdmHLR0ymbqzUZ
fhWEC7jqzpV1KJxJxZfICGgIBFivM6qPsN3OgQUMDrxCrckPQuQ+Ar4EKuqGvbx+TbTWwBYyH7YN
w50LUuwWoex3ptv4lDethutmRPG4iRUFnZtRZEgYbpxA7QUlc8dsA3dJGk0Z5b0VxzKDpTlIqEFN
gl7oH7+A0LZP9IACb4nwFcoDIjYFcUj/nNJBLdUrixWY2yirRW6E3DtR4bFv804uqSg7Obs6+gHq
Marf2oJsCsN9i/GVznhlCZKicapv5uJxC7TldRwPYhG2y9m2q3zGDOwmVdG8gvBGM5javKjlxoug
bwTLrjRQ3mJ0QCUXHdTjVVnWtEnTNZSi20SgXEDfmNX8dpt74EZo8iltww8DIhJJ7x3IglHtY/1W
poXc0CD5fc9+Dst7jBAVOzthez+/Pjt5CvYA4QHogPl3oExUF74hBc6DrWYV9zKThQ54S7nVaQFR
4ecfzjsMqhEdjHxP6PAckYoTUrsqeojDsttXU6n5HijU8H2LwzJJFGJ4miYb7b5N47GaSMLa7obW
Ne1ISYeU/w6LlAblCuV9ba32xyIIOU0XntUqTa6aMXWk3KGTyUiF1R4bZlZeLPseqsDF2W6a3+9m
3abiTuuT/2Pbip24j/KyxWiTyNypgg8IsRM2Vg4YVdWuDpgF3qnUDwBeUSkwAEBiKITcOQiFBBiK
BKNFjd8BkeOtOhtUZocPHpYVUhiIcCAMiJ+M75KtvjgArALy9OMU6x8imVf4ihLjnVsA4VsAeNVT
Zj3YvAqzMiLXr9NY5h/kj4PGwSzrNhxKBT9PxRkilumYbvpUSTtpynR4FIlMUA8jnUDhzdIbQIJ9
PkWyDD8VXlblXbOScRCQcLaS8AZBEmJG3XSJngjWUC4dedpWSB2DZyf1gDsM92gTEiKTR9M9s/2O
WldQ0aodtQFMjZnsCZALrf5Ywdvdu4GOpw+VrALgHU+pF4f0BK2ptLJ1uW6zrZOpW6wnaJZKRJbZ
IaZ2DflWGDGjY+yDwmPQBuGo2sGc9cUVbrzSRoF8IGsSZX9A1jD2x8PwiT6t4adaDwb74LL7QL29
MaofIKpo8gWtwewV6HcmyZqu83w9TcueBwifmxxbXAgHDe4+R/WQGUyKagbbziCmKHjy5bISS7W3
qjZi5aYSfkh885BjohVi1uXJJX5JoqmUI6sSDId3QnZLnL6oRpw1MTBkhUang2MYqAxGWmnX+KJX
p75HxA2ql3N6A4RqDN/poOw5ymvHeGoihlub+5CC1isOTiUwf1RIz7ZWhsyUiAr6JQ3jbYEJeLB2
myxlouKjPVP1cs0g07fQKkCZRaG7i40KrjIFOaND9ojiJaO7mm/SfJiyVDGA4HEVOg5mKFQ05gtE
TRvDall3JDAdIlLPdjF1Qv1U2aGyl1S5dJ/BppqCAkiaXtTd9tlKDcv4WfXNjwo5eIABXWdM9Vma
9KDw/Ya2kgdlGMS6HaQutANEFfiGKR+KRl73DSf0ARzfR+vvsTYDepUmZ51Ku6dg2rjlOWO/UDEF
9fU+7YH+2oGXNcKgkhge6RFjWPxXlE9wH0lGRzRC0TyazCkZUEdcU7ND+wz4XcQ6E6oiGbPS4aZn
3Q3ARQ+y9S61bzHP2Ivzo+tuGLslgZuPf1Mv2uw7wT1wWIh96z5Oq2afYvzfBkWpPM4a79jIiIC5
FkSvNmB5qyxUvo/O5Ad1bdWF+a7xrPpzMIpRAAdyYUTHm3UnN607RgMj6fqSJy8oOBEyWjECQ0W9
Gnk7GNGoFB5VqKVsXsQ9hMtade/RDfZ7NfWnEC/DFLqsjaw4aR7ynOK/75HJ1NS5luSVcEDRNtg1
wCP2XV3jWfR8q/ljOpCms1g6zn0DMrgob5mhMz2Y2d7McNmbsx+YqZukju6c9FDIuJ2XTXyIR5Xc
SxZtkpgu/R3R3zRi2fS3K4916WNH9NtDIzBkOh0M3ro0TEWE6n7SNQxK57hbpY3Q8ABUDWCXqOrM
Q7nvvOS4gxKLQyJWHu32Y1Cs4yjuf+ORWne/vl0reHGKTSMY/uaQKOvtt8+wh9uKHtuFQ/k10qDK
F/FgCr5lcXhy+uLo9fn1gCU6o+2wUzJCR1c0jErvQymhQb9Bcybv/w8BvOn+
===END CRASH DUMP===
