PocketMine-MP Crash Dump Thu Feb 10 20:28:11 WIB 2022

Error: emretr1\rpsolution\PackSendEntry::__construct(): Argument #1 ($player) must be of type pocketmine\player\Player, null given, called in D:\FLOTV\plugins\RPSolution\src\emretr1\rpsolution\Main.php on line 52
File: plugins/RPSolution/src/emretr1/rpsolution/Main
Line: 104
Type: TypeError

THIS CRASH WAS CAUSED BY A PLUGIN
BAD PLUGIN: RPSolution

Code:
[95] 
[96] class PackSendEntry{
[97] 	/** @var DataPacket[] */
[98] 	protected $packets = [];
[99] 	/** @var int */
[100] 	protected $sendInterval = 30;
[101] 	/** @var Player */
[102] 	protected $player;
[103] 	
[104] 	public function __construct(Player $player){
[105] 		$this->player = $player;
[106] 	}
[107] 	
[108] 	public function addPacket(DataPacket $packet) : void{
[109] 		$this->packets[] = $packet;
[110] 	}
[111] 
[112] 	public function setSendInterval(int $value) : void{
[113] 		$this->sendInterval = $value;
[114] 	}

Backtrace:
#0 plugins/RPSolution/src/emretr1/rpsolution/Main(52): emretr1\rpsolution\PackSendEntry->__construct(NULL )
#1 pmsrc/src/event/RegisteredListener(75): emretr1\rpsolution\Main->onPacketReceive(object pocketmine\event\server\DataPacketReceiveEvent#29636)
#2 pmsrc/src/event/Event(62): pocketmine\event\RegisteredListener->callEvent(object pocketmine\event\server\DataPacketReceiveEvent#29636)
#3 pmsrc/src/network/mcpe/NetworkSession(394): pocketmine\event\Event->call()
#4 pmsrc/src/network/mcpe/NetworkSession(358): pocketmine\network\mcpe\NetworkSession->handleDataPacket(object pocketmine\network\mcpe\protocol\ResourcePackClientResponsePacket#29683, string[47] ....*f9f3ee5c-c5b7-4200-917a-c526b7cbaa9f_0.0.1)
#5 pmsrc/src/network/mcpe/raklib/RakLibInterface(192): pocketmine\network\mcpe\NetworkSession->handleEncoded(string[48] ..`bd.J.L3NM5M.M6M2.5120..44O.r........-........)
#6 pmsrc/vendor/pocketmine/raklib-ipc/src/RakLibToUserThreadMessageReceiver(42): pocketmine\network\mcpe\raklib\RakLibInterface->onPacketReceive(integer 0, string[57] ...d.t~.Q...z.;......2.....d]LO...ks.@c`..q)..r..x.O.&..w)
#7 pmsrc/src/network/mcpe/raklib/RakLibInterface(122): raklib\server\ipc\RakLibToUserThreadMessageReceiver->handle(object pocketmine\network\mcpe\raklib\RakLibInterface#28186)
#8 pmsrc/vendor/pocketmine/snooze/src/SleeperHandler(123): pocketmine\network\mcpe\raklib\RakLibInterface->pocketmine\network\mcpe\raklib\{closure}()
#9 pmsrc/vendor/pocketmine/snooze/src/SleeperHandler(82): pocketmine\snooze\SleeperHandler->processNotifications()
#10 pmsrc/src/Server(1660): pocketmine\snooze\SleeperHandler->sleepUntil(double 1644499691.4049)
#11 pmsrc/src/Server(1046): pocketmine\Server->tickProcessor()
#12 pmsrc/src/PocketMine(304): pocketmine\Server->__construct(object BaseClassLoader#2, object pocketmine\utils\MainLogger#3, string[9] D:\FLOTV\, string[17] D:\FLOTV\plugins\)
#13 pmsrc/src/PocketMine(327): pocketmine\server()
#14 pmsrc(11): require(string[53] phar://D:/FLOTV/PocketMine-MP.phar/src/PocketMine.php)

PocketMine-MP version: 4.2.0 [Protocol 486]
Git commit: 44818e6d1456dcf1f0fd3cd27da1dfecbe03c08b
uname -a: Windows NT PC 10.0 build 22000 (Windows 10) AMD64
PHP Version: 8.0.15
Zend version: 4.0.15
OS: WINNT, win
Composer libraries: 
- adhocore/json-comment 1.1.2@fc2f76979f0a44a5f5bc2a2b600d0762fe0e78e7
- brick/math 0.9.3@ca57d18f028f84f777b2168cd1911b0dee2343ae
- daverandom/callback-validator unknown@unknown
- fgrosse/phpasn1 v2.4.0@eef488991d53e58e60c9554b09b1201ca5ba9296
- netresearch/jsonmapper v4.0.0@8bbc021a8edb2e4a7ea2f8ad4fa9ec9dce2fcb8d
- pocketmine/bedrock-data 1.6.0+bedrock-1.18.10@e98c511584a7bd58a95986374d2df4b04c6a2ba0
- pocketmine/bedrock-protocol 8.0.0+bedrock-1.18.10@017e57c8f8a74118bcbba7332e7ebac9e6c81693
- pocketmine/binaryutils 0.2.4@5ac7eea91afbad8dc498f5ce34ce6297d5e6ea9a
- pocketmine/callback-validator 1.0.3@64787469766bcaa7e5885242e85c23c25e8c55a2
- pocketmine/classloader 0.2.0@49ea303993efdfb39cd302e2156d50aa78209e78
- pocketmine/color 0.2.0@09be6ea6d76f2e33d6813c39d29c22c46c17e1d2
- pocketmine/errorhandler 0.6.0@dae214a04348b911e8219ebf125ff1c5589cc878
- pocketmine/locale-data 2.4.3@4d0b081f1a79407e087968ea76aaf330db6ea2b5
- pocketmine/log 0.4.0@e6c912c0f9055c81d23108ec2d179b96f404c043
- pocketmine/log-pthreads 0.4.0@61f709e8cf36bcc24e4efe02acded680a1ce23cd
- pocketmine/math 0.4.2@aacc3759a508a69dfa5bc4dfa770ab733c5c94bf
- pocketmine/nbt 0.3.2@3e0d9ef6b6c5fb45e3745a121296e75631b3eefe
- pocketmine/pocketmine-mp 4.2.0@44818e6d1456dcf1f0fd3cd27da1dfecbe03c08b
- pocketmine/raklib 0.14.3@4798576fec0364266dce23b368a7fec5e5de7927
- pocketmine/raklib-ipc 0.1.1@922a6444b0c6c7daaa5aa5a832107e1ec4738aed
- pocketmine/snooze 0.3.1@0ac8fc2a781c419a1f64ebca4d5835028f59e29b
- ramsey/collection 1.2.2@cccc74ee5e328031b15640b51056ee8d3bb66c0a
- ramsey/uuid 4.2.3@fc9bb7fb5388691fd7373cd44dcb4d63bbcf24df
- rhumsaa/uuid unknown@unknown
- symfony/polyfill-ctype v1.24.0@30885182c981ab175d4d034db0f6f469898070ab
- symfony/polyfill-php80 v1.24.0@57b712b08eddb97c762a8caa32c84e037892d2e9
- symfony/polyfill-php81 v1.24.0@5de4ba2d41b15f9bd0e19b2ab9674135813ec98f
- webmozart/assert 1.10.0@6964c76c7804814a842473e0c8fd15bab0f18e25
- webmozart/path-util 2.3.0@d939f7edc24c9a1bb9c0dee5cb05d8e859490725

Loaded plugins:
Biome 1.0.0 by  for API(s) 4.0.0
ChatThin 1.3.0 by Blugin-team, PresentKim for API(s) 4.0.0
DEVirion 1.2.8 by poggit, SOFe for API(s) 4.0.0
DevTools 1.15.0 by PocketMine Team for API(s) 4.0.0
EasyCommandAutofill 2.0.0 by jasonwynn10 for API(s) 4.0.0
FormAPI 2.1.0 by jojoe77777 for API(s) 4.0.0
MultiWorld 1.7.0-beta4 by CzechPMDevs, VixikCZ, fuyutsuki, kaliiks for API(s) 4.0.0
PacketLimitFix 1 by  for API(s) 4.0.0
Particles 0.0.1 by  for API(s) 4.1.0-BETA2
PlayerSelectors 2.0.0 by Ad5001 for API(s) 4.0.0
PureChat 2.0.0 by Vecnavium, 64FF00 for API(s) 4.0.0
PurePerms 1.4.5 by Vecnavium , 64FF00 & ProjectInfinity for API(s) 4.0.0
RPSolution 1 by EmreTr1 for API(s) 4.0.0
Slapper 2.0.0 by Vecnavium, jojoe77777 for API(s) 4.0.0
Sound 0.0.1 by  for API(s) 4.0.0-BETA5
TNTManagement 0.0.1 by  for API(s) 4.0.0-BETA5
Tags 0.0.1 by NhanAZ for API(s) 4.0.0
Track 0.0.8 by NhanAZ, Nexus9265, Mcbeany, EndermanbugZJFC for API(s) 4.0.0

----------------------REPORT THE DATA BELOW THIS LINE-----------------------

===BEGIN CRASH DUMP===
eNrtPIly20aWv9JLpyZylqRwH0w5JVmSJ56RLI0lx6mELk+j0SAR4WBwSKJT2W/f9143SICSYzvx
1tbW2hWbRKP73Wd3M7+NkrLKefP2RlZ1WhajmTMeNWkuRzPTcxwnDL3QnDpm4FrheNSu9Ct/6oae
bziG4Zmha/jjUcbr5qSqymo0+23UrFcwa3QFH2psPMplXfMFjsq8kk1lzufVqi6ztgGs8/kFF9eX
sohPiqZaz2Zv34qyqJuqFc3e4xk7rBZtLouGPTLZ3lerjK9l9Zjlbd2wSLIyYYiQrUpxLZs8LeR8
ruYAXPocs6LNMrZIb2QxZoJnmYxZWrDj2Xz+7PT86gdc0C7Sop7PX15cbqiqKzGfP0jvGU+L6Wq5
YmXBMsDIXAuYTADLszRDLv86aISnYGkA+9v1+7B8X6/e3y7ex7WwDikCLRmoy4oL+P7z6JHBPg3O
nmuB6D+srcl3fW29eHV6yh4DDaCqVY7gCQUIvtl/KRdp3chKxqf4Wchqz3ffhwNJmHxXFohLNi+l
kKC9vTL6RYpmoGqCDQKV1Q1q/Jg3fLDmBN8/skLP9ogu6x5dNGPPQ3YfAHyf6sl3aEJq1WcgyO4R
VMjmtqyu93Oxkvsv1MMluA6IZM8OnYcpJICKqD2C6HwsRDfYgahnz+c4fT4fzp98t+RFnMktRw+x
vwNiVZVNKcoMBVmXbSUkLj3KUqAZRlZgOVIBQ5EE9piBJaXF4mfHf8Om8OebJExsKV0xEW7kTxzL
MCah6XN4tLzIFxHnYfLWmBpTk5h338d8xa+zNNp/ya9P0+h5ASpNwDf2zND6M0I4KUQZy3ivozZA
av8dxdN/TE/tF2fu2fTMO7OmrmkZ06njnE+rqf4z6b4QuZ4mF3QYl9X+lg5N7yRdKV4U3VflKzCs
q2UleXymYqo2q2rP+QAjCiAoYiiB+16WwquFrJixUYarlBFPm/+a/gu+vJt+q3iw6N/4zek5fFzX
0wPx7+n018dTZPduej7923R6S3z6n6oWC7npSO6cCYTR0f8Hkuh09BHm+R6ZPLICM1DuGbxXQXVR
lu8kcXSZSbmS1feEtgLi7T+pio9Y85vIyrqt5O/K2cM/QV+waylq6nw+nAfkVKUA2b4omzRJBcfQ
XCu0ptFT6CWpZ8/0POMjAdf4/Kpo0mwvLtsok6xfbxhOqJCYDyAxHG8HiXoz+a5JxfWForisNJn9
cH9Ba85gzZ5tOO8B0s9m2n6e8loeQYVTn5Y8ltUja8wesCxIXFmtEtdpuQD/ebQNZuGbfrGxGTb9
Nw8WIYp0+z2kW/6ukJVk1Cod/PdME/1H/tqmleyilGu/Yaslr2b7+8ezfcLagzw5u5ji2x2EWIw8
Hr35fTyS/+8LvL9akIEQ1eK3aXFTZjcSuQaIMShJNKPuLYxsYcMophqUe+jCG3gOPfgUaJFsINjf
8J0P7+bN/jffsIMbXrFttv75DftmH2cENAMzMyAFSX21ovc1e8J+fvMtzgiHMCAhqKWmYeyurQE5
BbAbngEA2/iW5plDCEpPHRDrHgH0Wq206SV9ddQ8iA+pYElbCJQH6xuPhtvZzG+0zKVl8+arZpnW
EMTUnCdDNB5N+p2++1uUwYMoeRzrimcrzk5sj9mM3ZRprHCHO7iVZEH0T7r5hN40tuhNU2nVNK0H
kdeyuewJGdMz+wq+tHKA2rSHqHcUo1Yo5I5G/vuXBuFLg/ClQfjSIHxpEL40CF8ahC8Nwl9pELri
tcZK9Wla5lSyFhw/9fN4tNlnHpkQkA0Y4W2zLCtY9DNA4KsUaxGH3sGzLDioPh7NQNxyPIrBRIpY
z63LpDnuD+ScKmdCpcSMpTdoBAYvzi+vXp+/PD2GoVsZ1WmDVGEBdLTkzdUSV26I3QwN6bV36B09
JX4njeQ5vLioJJRczT/TfPSZOIkI/nwugB6o6eBbj7IPMnZ88kNaEe0bxjZDQ8asaTBkbAXmmWI9
fHn+TH4ubhTQ+fyGSJjPY9l965Glubq8Onx59eriPk/y5qoss7rPUzc05Ml0d7W1NVh2hRr7TGx1
+IGNLSV/wMayaVY1+BfIYtlGU1HmPVfa38AAZk94vT4q8xxC4mHblNB8Zj2+H3rbF4F1z79Gv/C6
LG7XRWEan4v7HkioM++T9PF++Kys8sOL5z0Ou5EhV+Y9rspfSunjn8/G1AYiRF5FxObLx7By1mZN
+rqssrjHTW9waKn+1JhEsuHOkK2jd1IsL87AINCgfkjv0uujn+iQad02dXudwvdrnqXpdf25+BaI
cpWDY4I150jvLdILOuzT/ofsP2DdPUb2e4BATqqoPE3ztHmW3vVktfNiIK//iZQhG6gHUyGEal23
qD/efC94BdVFJusBG91YnwPqRN7LBZj35OnJ1aH1Z3l5Aawc/oSMaOSfwANtj1zKDCoXomzLyc6b
DwSaw9g1DPNzmaWC1u31bYj4BL6gGMbM2WeoG/oAJz9IUfCbtMUE7znPnhmfFjkJz4WscvLRIYOj
Z5z2d2qoSAH6j5AOy7a+OJl046OtCN4q3CADTff228cKQFExlIAaG4YjZ+q+RwRszBQZ7G8MaMb6
9nmRpEXarD+Xqgd8EnW9rx/DaW/bdMvqYC/1faFkdJJX8qr6bFb73k2rj2HjMuMr6IZ6PHQjn2Cv
nz8x1oqIT+CjbIt+ElTPHx8NDR0N3b8aDQnxx9N99eLqjBd8offnN/QPx/8X+BgQ8An88EXf9+nx
j6nXGD+X5WzoB8wfR/YDlYQmCfmpIE33GaLnXY6CBzkaj17Iu7YOLQ8D3ZmIJC/W8O2kgNYdateo
Xfz0j2dHn51zJPEvs44HSLwCphu529V03TkRetfIoqYkAkI6KisEG6CSkedI5LxZ9kcEz4BwWNsf
K/O3cdkUshmM6rO/7UBbZf3nmDeD99AFNHIAeJGv+o9LXg9oSUVZ3PQHfqlJo5vnPFK7FYOxsmq0
3qGfhYG64chQ3J+0EkM5vJQJ1hLpEHxNEq2HQzGG1N7I5cXpAP26/jXDSNd9Y5tXTXkti/TdUAR3
d5prJBcdb83zjCK6RdS/S1eqiw0pG7/L0qi/HB7v8qHUSyTPMgzbNK0QdyOOzwesx+VbIm13EIbS
ocJKsOG6Hky8TPNVJn88G/C8QwE84k7rDp95dlulO/pfNbQnixJ2dAa7WO7Y3rItrmm/zCIh2SSk
dBGlBa/WMGSDoHyUhLyRWRzpSQhKVOtVU+oBSwkrBkUrszR0/7jdHXu7xdV7jye9aZGUA7uN76k8
HVgJidLuD1US3AP9cNEqW+zg/wTuxs4vBBfLnvDRu5crjRcx4mkS73f9A3dHV+a13F7eBHlaBD5q
U2w+LcO1QWz1W2jpRrOEZzVEre7AZTRzAg9wpOjfjhOYgfRi03G9WCRmYiSxLWLLj7kZJxKCpGEL
I4gAdqtJeZ0WcXlbsxdX7OKImaBIRmiZBWZosL3uvWk8Zodnxx72t3ivsSeed5J8xtlYxnL1tkQ1
vH7+4sUV2iI+3KbqDDxflbWs3oI+K16lqtPi8RJ4qeQ+BokJzNEH6iaGgYNEWInvhX6YGNxxuJu4
kbC4FXmGERu+ZyXSkH4g0ZCiKhXX+zouGtNwah8I7vqxGSSGFSSBk0AdFVmmF4jYDE0zMmIpLdux
uaSgBzqAgAORGk/ZIgj1kxtoziEY4o0JkNl1Ud4WB/oTDWxRlXUt94FlXhd4AnxjQe1tHEiZOEEQ
hmbs2tIFnRgidF0nMsLItAwTiIp4aIUewIDQjHuOvBJL4j/XRePohvzqIIgiYVgmD2QcWdLhvuRW
EvDYSXgoRRgLaSUiCuKBP+xHMq7gaQK0c5KkNzX+sxsEuQZTE6gMA+GaphsA1Ch2Ax66YeDZvhNb
cQLEOsIDOXPjYdBbEyRbuA/eMH3p+gLkzn3HNINIRBH3bduSvgThhtITgemF9g54ig5bVwaBHrhc
+FLy0ORJxOMgFk4YJK6QtiOkZ4V+7EoPXvMhpAeViDvW9oHn+IHvgFF5XiQ4yNQNAtdyLBm4wrKF
5UqQjMutHYB4OpCVOj4iacaBE0puG3YY2jKJk8gORWwblrRMcEHXANCBZYRgnzuQyqzcwgCrQPq9
2PcSS9p27AWmLewwtkJhWcLxBEjSjHeooYs86ghMgQIVH8QcUDvccGwniMDCZWCZoYwS03KTxASe
glCIYJecrMTaoTMWNGH7wImNyAjMxOR+6Bi+NAI/9ALJfY/zxLaNOAKSrcjdhbQgWsgJPBGaljCS
0HBdUHVs2aYRSGHFph9GoZc4YGFA6T0Ik15yUaA8M/FBjIFIbFCYsBzpSPB7i4tYgrQMboIbQKgb
gtoEAoioB5wLYftuyF0j4F4YJ+CDwoEP3zd4BGYpXBE6UTIEUURNl4UObGnEoUy8yBNuEjmuBE9x
uWlBrvak73q2Gdng+HIIYft1QiWTo8zm40P1vcNilYFIR34YuGA0Uhi251ieh9HAjmwPPA4GXenG
0g8t/yEoeOTc1S4HoWVxPJmLDOEJoIFzF/8LbMsE1ZtSOL4dcLkjX3Xs1+X2A4ODr0No9gNTOGbI
zcRzJLiXA6HFdjEAu6G0QuQJit9artENtrUbHmFYBwL++I6UIF0rgEIoAkdyjMg1DdeTMojtKPI8
YfAtkLZNYy1XG5JFGEV+Erl2EHihmcS+7YNcHScWkRN7sFokFmgdly/bvOa8W38/utfrPCmLNWgw
W+M2+KQrm2+AVLRK24CoYQaWCAOTR6bvxuA0thNHRgLG7YVBGBhoXA/BgpQRGD1Yrh/5pgUeJ+M4
Cn0BiY0HEJpsSwQOGIMfhFZsyfB9sMw+rFg6EbdiB6WXhFFsSDOMLA4+B4HYdiG6QOYIEtWv5OU7
XjX7ENpkpbMu5h0v9BygQviBAbbq8MCxwAikATqOTUhfwCRYsOUOgKzA4yYYuymM2BiQQjtMfBmD
zwowiSgKBSZdV0SGGwcQb0MnNHwAQ13RxramaypMHzFstRg0E0m6aCs6mmZY1rGkrNigjppX8+IR
u1pCLsXLVg30FjXjlWTNUrKykDV84Q0TvChKupGYFiJrY3XHUJ2tTiGlQe5toCxR0C7LXN1cvA+1
5okcsxLeVDUCZRFErGu2LttKQ2NpwnLoOZKUcECBg9cDs7UC/ULebgDuQ2nL26yp2W1ZfN0wrAB4
xaDrLSGEpZjH1kglXglT3N8uZcHa1aLiMQCYIkj82wGc4QNjj14vJRLImpLhRTIGgPShNEgDSp0a
C+pYvSaSVSJgINtMNiQ5POATkqk8gyO5gg3yF3KScSyKF3LGsJlWb+pl20DNWEz0bdIZm4/O5q0B
RrhmYjlvTSl91uAnN3MGb0zTxPeJDaywoyXNtZBd+mYUS3YH3Ge4IvZTdkPDgkUEwgU6U/wm/IIV
asX6P+YjLYLDLCtvWZbWKJjuchy7STn7VyurtZr1K36d6JczRjW2Xn9CuwV6IQMpMKxUGVgKKAJB
Rmum1adWqO2FyWbCENxr8FewRtAnj2MGhZ9SO6oT7zWwXHK89UH3aEHZkUTqQR3y15ZnqCi6Hsvo
GiDb04iZZTxW8BVWOankCnrpCagaryjMYILG/6LNI9Az2PRhvS7EFa+vGV4/ASue6imvajAJdK+O
Z5y4rMqibMFqYEE9ZnSkxFRngz45ZljZV+ryFEkJYgKO5W2hb5R04C/JsIA3sPKqvEvBwiWIA1gj
3yk2BKKcN0Q9T9BbcBZ6xZilzdcgyKaihbHEK6hkrjvL2R7w0YLvWlpAxMxEczwjYPd9hZPNVG1R
oIJj7E7LFamEeqN6yo7ljf7O8nSxhLBS8Xo57gcBbU0omapqV40aVYJDAeVA34Y7UjaEB2p9YuWS
HC+FAvEP04A2g3YI/UcK9jYdGB9Mn6hpW8fEv7kErOsuOvw9KyMwKtzzYuoN+EmeNhhqcrng0boB
BbBLJXeDJJ3WiEADuEI13qakCDI0iB+3EwWqs72amE1SoBWCJN1lREBJJWWHVFk/KK/FcMEWJeit
xGiEZqJQLYjUCZE3Y0bHD9BA+UGVi/8nOMENxQ/xseRV/Ff5qJtyRaToyL4hTQOsGcSZFSb9uEcY
Yu6oMw3L6RFI8eI1OY6ms/76s1BKrkOkYXBhooU8WUCeZPJOipbCdqlIV26LeXUzW94JKeN6y1kX
586vTmbs6vvnl+z0+dnzK3Z4cXH6/OSSXZy8ZK/PX/7z5OWYwSR2dQ6zTtjr789PT9jFy/Ojk8vL
6f1YMZCM5Xo9wVzIKi2pisAIXiOrYikplpNcNlHaBF1AJRPrUESTJhA/ZRefNcCjsgCuIb6DrSH3
7zNFZYK3SywI8BcOELPUNA1fgYGovc0D/WAAmM4xEWGZQsum91egnej9clDmSgqsZpS0kXClbbV2
ww2YnlzVW7ZtQ/NdP34fYVoKdk8KC15F4EOTbYugw9bDEie3RLL0OqbXQfjPedFSBdWnCGrMFiz0
8bhLK/dNtDNSla0T6KcaxXm+ddUpO1dJQzkE1D5lm8UbalLIRLcF2/JQd6BXxAKw7BlGj2vA+YwC
zL2cS2al4Gx4TKoy77J3t17PmfSNd1fvyJnW7wN2wx4wuHuWc9nVwqjMCnCioWqDj9t8pQrGrjZl
+tUEX231eIwT9SLihYjuOIInqCIgQPAHxA71AORTwHIDRljXrcRg0ixBm4uulMaAh/i2lI07BasC
RFfL044enPyHcsv53YQ2mustD0d8heNp3uaQwPH0CZE0vICiGZTM9O9WiJqtpNGvtGjJs+7bIPQU
qw1lhHSCxX4LGd0ZaPK4VK93LR8LMYybCks3vXM4BVFP3eWTipQJbWv3OD0GwqgwgsoVZQq0qmpG
wVK/i2FqleJ3yyss20hZ8ddRgNP73QOKNMPuR8P+ELgP2Sr+1VesZ5vUA5XhssxUlRvxRiypN1C/
8hljXNHpi+Kjav66X1dRyorkpt7t0uejvg67lxiiqzXe+lyM2cTsqVerlpBPmo6gTWqhLLAtqOmA
BOvYWEkCmznqPXA5DGripux7KEbpV1JYXbKji1djWAt0ROCNt2kMDkKVSReHNxgmhGHGvG0PsG0Q
apJTb/aUHcYQ7JY8S/ahs1adSyzB0jU6QMxwnxQNsOe2/bTaA7fTcN1hbMRKl2dThoS8uiguusp/
2w9jg4OE3UJiVkvbVbGa6JF7jdeZ9tE6fSc3GsY+oVMsXvvtijXoI5TJ9JK3E1pq0eMpu9BrMl4t
aAHXzbm2Do0zqfgCGQENgQDrVUb1EXbbOf66EYIDr1Br6ncyahsB73LLumFnV6+I1hrYQuajtmG4
cUGK3SJU/c50G5/ypp3guhlRPGxiZUHnahQZEob7JlB7QcncMdvAU5KKKaO8t+RYZrA0Bwk1qEnQ
C/2PRiC0jYkeUOANEb5EeUDEpiAO6Z9TOqiVelWxAnMbbbXIjVRbJzo8btq843Mqyo6fXx4+hXqM
6re2IJvCcN9ifKVDYVWCpGic+keY8bAF2vI6jAexjNrFbNtVfsdM7CZ10byE8EYzmN68qNW+C/p7
UZddaaC9xeyAKi46qEfLsqxpj6ZrKGW3iUC5ALfZWc1vtrkHHuREvaVN+H5ARCLppoIqGPU21i9l
WqgNDZLf1+zHqLzDCFGx58ds78dXz48fgz1AeAA6YP4tKBPVhbfTwHmw1azijcxUoQPeUm51WkBU
+PHpaYdBN6K9ka8JHZ4jUnFCatdFD3FYdttqOjXfAYUTvMnxpEwSjRjepsl6ctem8VBNJOHJ7n7W
FW1IKYdU/88bJQ3KFdr72lpvjwkIOU0XnvWqiVo1Y/rIuUOnkpEOqxtsmFl5sdj0UAUuznbT/Lib
dZPK28km+T+0q9iJ+zAvW4w2icqdOviAEDthY+WAUVXv6oBZ4JNO/QDgJZUCPQAkhkKqnYNIKoCR
TDBa1Ct+S8aCdqx/c63MDl/cLyuUMBBhTxgQPxnfJVv/cAiwSsjTD1NsvI9kXuF1LsY7twDCtwDw
24Yy+97mVZSVgly/TmOVf5A/DhoHs6zbqC+VBSZmmCFjlY7pYZMqaSdNmw4XQmaSehjlBBpvll4D
EuzzKZJlHISwqMrbZqniICDhbKng9YIkxIy66RI9ETxBuXTkTbZC6hh8flz3uMNwjzahIDJ1NL1h
drOj1hVUtGpHbQBzwiz2CMiFVn+o4O3uXU/H0/tK1gHwlqfUi0N6gtZUWdmqXLXZ1sn0I9YTNEsn
ItvqEFO7hnxrjJjRMfZB4dFrg3BU72DONsUVbrzSRoF6oWoSbX9AVj/2x4PdaFg5wR9x3hvcBJfd
F/r2xqB+gKgyUTe6erOXoN+ZImu6yvPVNC03PED4XOfY4kI4aHD3WdR9ZjAp6hlsO4OYouDJF4tK
LvTeqt6IVZtK+Fvv6/scE60Qs86Pz/EHYROdclRVguHwVqpuiUOYuCWcNTHQZ4VGp71TGKgMBlpp
V3gzrFPfA+IG1as5GwOEagzvdFD2HOS1Izw0kf2tzTGkoNWSg1NJzB8V0rOtlSEzJbKCfmmC8bbA
BNxbu02WKlHxwZ6pvlzTy/QttApQZlHo7mKjhqtNQc3okD2geMXoruabNO+nLF0MIHhchY6DGQoV
jfkCUdPGsF7WHQlM+4j0u11MnVA/VHbo7KVUrtynt6mmoQCSZiPqbvtsqYdV/Kw2zY8OOXiAAV1n
TPVZmmxA4e2GtlLnZBjEuh2kLrQDRB34+ikfikZebxpO6AM43lfbPGNtBvRqTc46lXZvwbRxy3PG
fqZiCurrMe2BvunAqxqhV0n0T/SIMSz+K8onuI+koiMaoWweTOaUDKgjrqnZoX0G/GnMKpO6Ihmy
0uGmd90DwEUPcowutW8xz9iz08Orbhi7JYmbj9/qezZjN7wDDgs5tu/itGrGFOO/7RWl6jhruGOj
IgLmWhC93oDlrbbQDNQp1kz9LratujDfNZ7V5hyMYhTAgVwo6HSz7uQ26Y7RwEi6vuTRMwpOhIxW
DMBQUa9H3vZGJlQKDyrUUjUv8g7CZa27d3GN/V5N/SnEyyiFLmutKk6ahzwDOdBNqtTUuZbilXBA
0Vb1oj0ese8qG8+iL7aqP6IDaTqLpePc1yCEF+UNMw1mhDPHn5kee/38KbMMi/TRnZM+AZ+ng5iy
iZ/gWSX3k3mbJJZH/wr6l0Zsh/711LEu/WgZHfeJGZoqn/YGbzwapipCtz/pCgaVd9wu00ZO8ARU
D2CbqAvNJ2rjecFxCyWWT4hYdbS7GYNqHUdxAxzP1Lrn1c1Kw4tT7BrB8tdPiLKNAW9S7JNtSY/9
whP1i7RemS/j3hS8ZfHk+OTZ4avTqx5LdEjbYadshJ6uaRjU3k+UhHoNB80Z/f7fcOcIUQ==
===END CRASH DUMP===
