PocketMine-MP Crash Dump Thu Nov 4 20:48:36 WIB 2021

Error: Undefined property: pocketmine\network\mcpe\protocol\types\command\CommandData::$commandDescription
File: plugins/ChatThin/src/kim/present/chatthin/ChatThin
Line: 37
Type: ErrorException

THIS CRASH WAS CAUSED BY A PLUGIN
BAD PLUGIN: ChatThin v1.4.1

Code:
[28]                     return;
[29] 
[30]                 if($pk->type === TextPacket::TYPE_TRANSLATION){
[31]                     $pk->message = $this->toThin($pk->message);
[32]                 }else{
[33]                     $pk->message .= self::THIN_TAG;
[34]                 }
[35]             }elseif($pk instanceof AvailableCommandsPacket){
[36]                 foreach($pk->commandData as $name => $commandData){
[37]                     $commandData->commandDescription = $this->toThin($commandData->commandDescription);
[38]                 }
[39]             }
[40]         }
[41]     }
[42] 
[43]     public function toThin(string $str) : string{
[44]         return preg_replace("/%*(([a-z0-9_]+\.)+[a-z0-9_]+)/i", "%$1", $str) . self::THIN_TAG;
[45]         // return str_replace("/", "/§f", (preg_replace("/%*(([a-z0-9_]+\.)+[a-z0-9_]+)/i", "%$1", $str) . self::THIN_TAG));
[46]         // return preg_replace("/%*(([a-z0-9_]+\.)+[a-z0-9_]+)/i", "%$1", $str) . " §f- §bNhanAZ §aServer". self::THIN_TAG;
[47]     }

Backtrace:
#0 plugins/ChatThin/src/kim/present/chatthin/ChatThin(37): pocketmine\errorhandler\ErrorToExceptionHandler::handle(integer 2, string[99] Undefined property: pocketmine\network\mcpe\protocol\types\command\CommandData::, string[63] D:\FLOTV\plugins\ChatThin\src\kim\present\chatthin\ChatThin.php, integer 37)
#1 pmsrc/src/event/RegisteredListener(75): kim\present\chatthin\ChatThin->onDataPacketSendEvent(object pocketmine\event\server\DataPacketSendEvent#134739)
#2 pmsrc/src/event/Event(62): pocketmine\event\RegisteredListener->callEvent(object pocketmine\event\server\DataPacketSendEvent#134739)
#3 pmsrc/src/network/mcpe/NetworkSession(412): pocketmine\event\Event->call()
#4 pmsrc/src/network/mcpe/NetworkSession(872): pocketmine\network\mcpe\NetworkSession->sendDataPacket(object pocketmine\network\mcpe\protocol\AvailableCommandsPacket#134738)
#5 pmsrc/src/network/mcpe/NetworkSession(261): pocketmine\network\mcpe\NetworkSession->syncAvailableCommands()
#6 pmsrc/src/permission/PermissibleInternal(180): pocketmine\network\mcpe\NetworkSession->pocketmine\network\mcpe\{closure}(array[6])
#7 pmsrc/src/timings/TimingsHandler(174): pocketmine\permission\PermissibleInternal->pocketmine\permission\{closure}()
#8 pmsrc/src/permission/PermissibleInternal(183): pocketmine\timings\TimingsHandler->time(object Closure#134730)
#9 pmsrc/src/permission/PermissibleInternal(132): pocketmine\permission\PermissibleInternal->recalculatePermissions()
#10 pmsrc/src/permission/PermissibleDelegateTrait(67): pocketmine\permission\PermissibleInternal->removeAttachment(object pocketmine\permission\PermissionAttachment#24751)
#11 pmsrc/src/permission/PermissibleDelegateTrait(67): pocketmine\permission\PermissibleBase->removeAttachment(object pocketmine\permission\PermissionAttachment#24751)
#12 plugins/PurePerms/src/_64FF00/PurePerms/PurePerms(713): pocketmine\player\Player->removeAttachment(object pocketmine\permission\PermissionAttachment#24751)
#13 plugins/PurePerms/src/_64FF00/PurePerms/PPListener(120): _64FF00\PurePerms\PurePerms->unregisterPlayer(object pocketmine\player\Player#24813)
#14 pmsrc/src/event/RegisteredListener(75): _64FF00\PurePerms\PPListener->onPlayerQuit(object pocketmine\event\player\PlayerQuitEvent#134715)
#15 pmsrc/src/event/Event(62): pocketmine\event\RegisteredListener->callEvent(object pocketmine\event\player\PlayerQuitEvent#134715)
#16 pmsrc/src/player/Player(1983): pocketmine\event\Event->call()
#17 pmsrc/src/network/mcpe/NetworkSession(578): pocketmine\player\Player->onPostDisconnect(string[7] timeout, NULL )
#18 pmsrc/src/network/mcpe/NetworkSession(511): pocketmine\network\mcpe\NetworkSession->pocketmine\network\mcpe\{closure}()
#19 pmsrc/src/network/mcpe/NetworkSession(580): pocketmine\network\mcpe\NetworkSession->tryDisconnect(object Closure#134697, string[7] timeout)
#20 pmsrc/src/network/mcpe/raklib/RakLibInterface(151): pocketmine\network\mcpe\NetworkSession->onClientDisconnect(string[7] timeout)
#21 pmsrc/vendor/pocketmine/raklib-ipc/src/RakLibToUserThreadMessageReceiver(75): pocketmine\network\mcpe\raklib\RakLibInterface->onClientDisconnect(integer 0, string[7] timeout)
#22 pmsrc/src/network/mcpe/raklib/RakLibInterface(122): raklib\server\ipc\RakLibToUserThreadMessageReceiver->handle(object pocketmine\network\mcpe\raklib\RakLibInterface#294)
#23 pmsrc/vendor/pocketmine/snooze/src/SleeperHandler(123): pocketmine\network\mcpe\raklib\RakLibInterface->pocketmine\network\mcpe\raklib\{closure}()
#24 pmsrc/vendor/pocketmine/snooze/src/SleeperHandler(82): pocketmine\snooze\SleeperHandler->processNotifications()
#25 pmsrc/src/Server(1586): pocketmine\snooze\SleeperHandler->sleepUntil(double 1636033716.5747)
#26 pmsrc/src/Server(1016): pocketmine\Server->tickProcessor()
#27 pmsrc/src/PocketMine(296): pocketmine\Server->__construct(object BaseClassLoader#2, object pocketmine\utils\MainLogger#3, string[9] D:\FLOTV\, string[17] D:\FLOTV\plugins\)
#28 pmsrc/src/PocketMine(319): pocketmine\server()
#29 pmsrc(11): require(string[53] phar://D:/FLOTV/PocketMine-MP.phar/src/PocketMine.php)

PocketMine-MP version: 4.0.0-BETA11+dev [Protocol 471]
Git commit: 2405e45b357caf7e0284ffd7d91c302260d10722-dirty
uname -a: Windows NT PC 10.0 build 22000 (Windows 10) AMD64
PHP Version: 8.0.12
Zend version: 4.0.12
OS: WINNT, win
Composer libraries: 
- adhocore/json-comment 1.1.2@fc2f76979f0a44a5f5bc2a2b600d0762fe0e78e7
- brick/math 0.9.3@ca57d18f028f84f777b2168cd1911b0dee2343ae
- daverandom/callback-validator unknown@unknown
- fgrosse/phpasn1 v2.3.0@20299033c35f4300eb656e7e8e88cf52d1d6694e
- netresearch/jsonmapper v4.0.0@8bbc021a8edb2e4a7ea2f8ad4fa9ec9dce2fcb8d
- pocketmine/bedrock-data 1.4.0+bedrock-1.17.40@f29b7be8fa3046d2ee4c6421485b97b3f5b07774
- pocketmine/bedrock-protocol 5.0.0+bedrock-1.17.40@67c0c15b4044cab2190501933912c3d02c5f63ab
- pocketmine/binaryutils 0.2.2@f883e1cf9099ed6a757a10a2f75b3333eeb2cdf9
- pocketmine/callback-validator 1.0.3@64787469766bcaa7e5885242e85c23c25e8c55a2
- pocketmine/classloader 0.2.0@49ea303993efdfb39cd302e2156d50aa78209e78
- pocketmine/color 0.2.0@09be6ea6d76f2e33d6813c39d29c22c46c17e1d2
- pocketmine/errorhandler 0.3.0@ec742b209e8056bbe855069c4eff94c9734ea19b
- pocketmine/log 0.4.0@e6c912c0f9055c81d23108ec2d179b96f404c043
- pocketmine/log-pthreads 0.4.0@61f709e8cf36bcc24e4efe02acded680a1ce23cd
- pocketmine/math 0.4.0@6d64e2555bd2e95ed024574f75d1cefc135c89fc
- pocketmine/nbt 0.3.0@98c4a04b55a915e18f83d3b0c9beb24a71abcd31
- pocketmine/pocketmine-mp dev-master@2405e45b357caf7e0284ffd7d91c302260d10722
- pocketmine/raklib 0.14.2@e3a861187470e1facc6625040128f447ebbcbaec
- pocketmine/raklib-ipc 0.1.1@922a6444b0c6c7daaa5aa5a832107e1ec4738aed
- pocketmine/snooze 0.3.1@0ac8fc2a781c419a1f64ebca4d5835028f59e29b
- ramsey/collection 1.2.2@cccc74ee5e328031b15640b51056ee8d3bb66c0a
- ramsey/uuid 4.2.3@fc9bb7fb5388691fd7373cd44dcb4d63bbcf24df
- rhumsaa/uuid unknown@unknown
- symfony/polyfill-ctype v1.23.0@46cd95797e9df938fdd2b03693b5fca5e64b01ce
- symfony/polyfill-php80 v1.23.1@1100343ed1a92e3a38f9ae122fc0eb21602547be
- symfony/polyfill-php81 v1.23.0@e66119f3de95efc359483f810c4c3e6436279436
- webmozart/assert 1.10.0@6964c76c7804814a842473e0c8fd15bab0f18e25
- webmozart/path-util 2.3.0@d939f7edc24c9a1bb9c0dee5cb05d8e859490725

Loaded plugins:
ChatManager 0.0.1 by  for API(s) 4.0.0-BETA5
ChatThin 1.4.1 by PresentKim for API(s) 4.0.0
CommandDisabler 1.0.0 by  for API(s) 4.0.0
DevTools 1.15.0+dev by PocketMine Team for API(s) 4.0.0
HideCommands 1.0.10 by Himbeer for API(s) 4.0.0
MultiWorld 1.7.0-beta2 by CzechPMDevs, VixikCZ, fuyutsuki, kaliiks for API(s) 4.0.0
NotificationSystem 0.0.1 by  for API(s) 4.0.0-BETA5
PureChat 1.4.11 by 64FF00 for API(s) 4.0.0
PurePerms 1.5.0-legacy by 64FF00 & ProjectInfinity for API(s) 4.0.0
Sound 0.0.1 by  for API(s) 4.0.0-BETA5
TNTManagement 0.0.1 by  for API(s) 4.0.0-BETA5
Tags 0.0.1 by NhanAZ for API(s) 4.0.0

----------------------REPORT THE DATA BELOW THIS LINE-----------------------

===BEGIN CRASH DUMP===
eNrtPGlz20aWf6WL9mzkDUHhBsEpuaxY8kQ1ssWx6HF2wpSqATRIjHAwOCTRqfz3fe91gwQoypGz
zmY+KDVjE43u1+++uuFfBnFRZry+uhFllRT5YGIPB3WSicHEcC1XtyzPcEeO7VnGeDhoVuqV4Y9s
03IN3Tcd17NtWJTyqj4ty6IcTH4Z1OsVTBvQ8+ldKGAdwB4OMlFVfIGvPuSRiJNcRGxVFitR1usJ
WxXhtagzGJ3Pc1HfFuX1fJ6FK3iESXURFul8jqCr+Twssozn0Xz+Wv444TWfTJ6r4RNRhWXS7ho3
afomSXHbk8l8/ub8YvZPAJk2iyQHUK+XvJ4tk3w+r8pwPr9OMtxPVCKvYR94WdPLdtpotVwhUAlQ
QTls3x4CjEMAcaggHLYANjNgbQokDiaWB6wueQg/fxw809mXgzqwvBd9tgnk+BI4kIpyPif+z4qN
BL6XLyYTOeMgyWuxECUzh6yqyyRf/Oj7P7E/RjSbLVzrJ/aVxDBkLQXACODrM4OtMuQa/l/cIM/e
i0VS1aIU0Tn+nYvywHOAab8FXntZ5Ij4lCPhlyKPThHeQRH8W4R1n+c3BKMS5Q0yfc+qZ4YFFuQT
iuY9FCVg19wVpQR7nwDtZcjT9CuhY3XQUYI9RLkevpMPl2CxoDkHtvEAfgRRonRAEO1HQhx7uxB3
FKs/X3sJooq21Owj/UHNPL7hScqDVCiVrCQMyYgxoe08Em3TNb4Q7XUe3ttfssrt7AmGliW05HCq
fsL8M9DvMufpgTHWv2zbz0z9JUyLqinFrwe8LPn6R/cnwsbrYAN+Hmy1OpzJv5XjODA8eweLLdrz
+R68+3h0J2+RoM3HX8IKawcJhe183kdXe4nhqlWU13I/KXOdNvW/YFPL/FLKSwFGETYpr8V0M1dJ
3tB/c+sTkYoFrJ2VPAH34H359llxI47rmofL7AFfsQ9IkW/XPDNtzzEkxsYfhPF3vBJfH1tzE06n
IHScXRHmV6795o2ud0Y3vw48Y1exVilfoxOd0t9fH0vr8VhON/HLMNEVqCmwRzun81N72eSlChwS
972Y9qgDvMbAAMLLfnQc3YvGdBuqilxC/0eTfC5a9VHBydtIZTgSKef/KXI+Bpee56Z5h4rPhn/P
PT0UKQ3vkTHH8ca/oZjA5qKqT5IqLPIc6DpQyZb3E0MfWDT1kL37cH7O5Mbjx25sGH9A1JE4+I/F
4UsjX12uO4y47/1d39sko1v+yORMfwipkl+nSXD4nl+fJwE52Rgy9wPD+UIGFfnrNAE9+JyoJCqt
vwWtiYrycLuHwkVLVhJPidOs+AAp32xZCh69lWXWexGK5Ka11M8gKQGCxfSp24ttm3HrD/LQ/FIe
mmjALQ5t3grUtQh9hjTtpSplfjsbfIDIZ6ZvS7ytBxle5UXxSRBBl6kQ4OE3CZFp/U7WPmLNjsWY
9u9AcLzrHOXU+bw/D/ApixB4+66okzgJeb3NVcyu470k8YDej91HAq7w+UNeJ+lBVDQQ8Fm3s+DZ
snIz3T2b6MbuJvINJnbh9VRiXJQKza43ndKat7DmwPQfAnJ1BUoNStxs3QQmI69TXlXnBY8wJg7Z
Hs1qgBiIc295kp8XC7CGZ9a2gu5Vt5thw9tf9UrUx/tRtwx/l8mSM3KV8qAH5KRL8XOTlKL1Jg5U
2aslLyeHhyeTQ9q1A1l7Ox3h250NsaZ+Mfjp1+FA/Id2cr5C0wWok+uvkvymSG8EJmUANALuhfWg
fQsjncVhEQlkhzmGcbbnv1LUTZn/FaaaPkyBvy19z9QkPni+ugb9BdrZ0dERm4m7Whajk8nsf6an
V7P3x+8uz49nZxfvXvyCYIwHdiQ4SgzsiD0HeiHvqwtqDHVfvkCsLHMPmF9FWgnaxHrMJqMjVok0
BkS/P3t3NTv+GwG29wHGF87OC9pNMoCB9Gqeh6KI2QO1uSTe3QM8LiAQhEtJY7hVGsYr9jznGXDj
JXveeSFBeQ+R2Jm5hbdVu/u8/Y0Fkt/jh9ji77IFBu2urtBAK3V6MKVG2a2UVuBGk5DFTR4Shgox
afrsOfz9gk2U50Ha7a6MpKaCsYrFVSkgkYQQPB8c/uW/Dw5+5NonXfOvfvp2Ph+9+Hb7+OIwmQ+G
bD74y3MDf8gtRnvUwe5K/fCw3Q3mdzeTwA7nja5zL8angz8AnxckCdvdi9FX2W8+YIoGTf0I3kFC
cvwv9cRlqJkP9rLK28j416dO8FMn+KkT/NQJfuoEP3WCnzrBT53gp07wUyf4qRP81Al+6gQ/dYKf
OsFPneA/qRM8HCwwWvIUe5/YWhtMBr21sHsAjNpeHxzYI32ka9+dzo4NA982SRoNJvpwkFRXkbgZ
TIDLYjhoK7LBBEIpbJNgC9a0dUfYTmA5XshjT+jm2I7jyIt8I7R003T1yNA909SipKzXAL1ROH1M
wA5uK/ZuxqavmQEYMNqYmaau6+ygfW/oL9jx2xPXxjbvcgUrx4CuYcLjJzAlhT49w+urokLYZ+/e
zWCAHm5VNzhbFSCAKzDOkpeJqJA/PFoCRaU4/HcF/h17H7KxbIyMkfkqDs3Yg4Djxzq3be7EThCa
3AxcXY90zzVjoQtvLDzkWQk6fZjxegmr9ZE/sl6F3PEiYxwDR2Lgied5gWm44zAyfMMI9EgI07It
LmB1xEEYYHJFdogJRgD1rXbD0yTiNbb0gWfXeXGbv1J/Y1d9URZVJQ6BZF7l2Hm8MUfWSH9l6qbv
g32GlhPblq6LwHVc4YmxGI/D2DEjI3Jd38ZdwXFhC4WX4ZLoz/gKTB9BkUK8GgdBqJsGH4soMIXN
PcHNeMwjO+a+CP0oFGYcBuMIOb/1ZoGIwLSvNcCdEycB2LftIPDVG9n6q9j0Ay8Q45hbuu1GphB2
6NqmYY+dwPcCCzitA8Ps/aC3ijhwENN74F0v1EPDCWzdtkMObPd1Rzd8y/INM7Qi3Qyd2LV4sAM+
yXm5JvdAQjRRBcZjSxhh7Ou+LyKXe47HDR344IHKw39CBGYYxX4f0l4hGoCq9cq1vbGHWYzrBiEH
njrjsWPaphg7oWmFpiPGoeNwcwcgerWUvJpCTX9l+wK4Z/m+JeIoDiw/jMDghGk4buToAHps6j7o
5w6kIi22MHQ/EK7gbuS5sSksK3KhiggtPzL90DRD2w0NTxjRDjbdPiWBQsUToWebAW451h03AOE6
ju76oS3i2LdD37NswQ1/h+dpsSAINkJwQ5SPDsx2nHAM21qGPhYh6KznB74bgzhD3bbuQdBWNaUX
1QaUa8QeYhLGFrA5NG0BaIBv4mEEUhzr3ADltcId1d2YL4GIXFuYjuMEoJ6+I0BrbAh4IPgIFseh
YQGOfhz2QeRBveGIPw5trtsBiNM3HAGuYGxFVqCHwPTABHsyeAAyM/oQtj+1DL0dOGAt41gKvXqs
r+0DlAkJYWXYoNLC4mPXMEALPV0YkM+Erms6uq0b4Khs2xNg9gEX4T4omLZKSCPjlW+a3LVtGyhy
Qy/inDv4v7FlAhbCECG257jYYbLMNBSTjFc6D8fgZ0FbjdA2fG7EwHawDDtyxpaDvtPxhUlqU/Ks
EmvU4FTQIQoZFVppCP95thCOsMyxbhkB2ICtB44BmijEGJgeuG6o8y2Qpklk6ACvCX7eDwIvDhxr
PHZ9AzhqeaActh2FgR25sDqMTTuKcfmyySrO2/X3HXO1zuIiX4MY03WcpKkWquPYG0AVtQJsKvId
z/eED37DGsdRZAa65fpW4MQQM4QLDAUN2wcLvP1Y38AyXhmGrkMMEZHBfTBfDtB8LiAlj0Nw/BBt
dNOxwc8+BMvo4CVcUAo/tiJU9hjCh2+PrXhs6KEdWoCU5ZqeD38CrFsRZMUnXtaH4JVEqQImhgzX
d+3QA20Y6/bYsPnYNkEJhA4yjsAf80CPjTFYVQ/ICsxOQ7eL6QRZTuRbPuh3BIYbgkoEgR9ivHTC
QHciiGSAmw+K7gx+3ZwMUzjH/v9bnkOJUXayn+7ocLBNe3TMG2CEN/WyKAHAj5A88VWCJzrblMjB
lErk2P+N2kwoghw5j9SKqojrk+5AxukoWp4qyUMJtb3MOvFgG1w55mUXl7OPF+/PTyQ/qqRGfPFo
aXOO3SdDHW1vacDw2qdhMJXnIn9PssEOPb+Xkt86bnkUQeo4Kalw/554dt70yUO0PyOi30tS1UCq
ExRBsMZsc3vapZB4vKBOxM2sKNKqQ9BmqE+JAbnKt5hO96W1Sc3ZTPCvJrIWh/m8g40i5nJ2/H72
YdojZVnXqwrKDUjql00wgky4U1kcbmAAwd8n0eYgpEN0b3hXhEZfhjA5CwSI+isRq8DN510kHifC
pVw6AhqAtrdNWicfixLLnw1lncE+XR54iEDUlKt1iHv9SYTL6VvgGTLin8ldcv36X/RJE+SWVXOd
wO9ryAuT6+prMSDELVcZKBeQnSG+t4gvsKCL++cZcV8BOoQcdgABn7p9hss15CZZh197Xv4JXvc+
Fo+3aeyGo2/rVtDt0D3nu+N9ZUf9iwQ72HTfB/cIG7zhlOpU07KAjX4QN0nRVNNTrR0fbEnvdfMR
2e2v3yF9QqpzvkFgFHMksn3uyLE+e8DjaXiqFK73MYn9FwOqsD9zlsdJntTrr2UPnz1e+Qq8kHCA
GZdFk3d9hXz+E9SdNn68hs/ezWRKIvsdG/z7438CHT0EvoAevujqIz1+Hnu149fSuA3+fPHYyHNf
zRRKlNRyKFQEFH07SULb+yNPQe3EkbrnQx2twbPp5om9LsCsFgwvYM7Lef7sktfsIqyZ4TLDm+j2
RPfYx7PvmKmbBk5Ieb5ogPVHIl/gc1bU0VF736uJY9OlP0P6k0Ysm/50cbbERlsVZX1k+IZl4uDt
EojV0qSCMQLJ7zR5+lUdGTqOLIDMrIiEfB8XZSi0zVgRxzgK9EbYpWufVzeroyLHX1ESg5OH2LQ+
ov1k67MuSq0SdY23CY6IMnEjUg2V40i2cDdjlRBRZwrWakcnp2+OP5zPcFSqgvZzI8p1uzvoUKFV
/EYoHG4ScatFibwceSTpvguKOw2VTc3plcCjdYalzjOGasJCklJTUqQiYeFtSdYTOQiPzZaQf7OW
LMZLweqlYEUOkq7BN7OQ53lRs0CwJA/TJhIR/GD3lARhXRYZrIwRwC7MisdiyAp4U1YIkgWl4Nds
XTSlgsWSmIF0ILrSDiAYvISbrhHwO3G7AXcYiZiDaCp2W+Tf1Ay7i7xkyL4MiMUe2RoxxIuaku7b
pchZs1qUPAIAo3mOWiWBTeY5Y88+LgUixuqC4X0iBiBUix54UPK8wusakXxNqKYFbAOkwi9RE78g
R0pCwWT3CkcyhCz1rjWACYt5Wgl8US2bOoLKXlMXaidsPniLNiGMNQuX88YQwsObg4Zh0LDVeYgt
MKQBYX6cpsUtQ0PA656qZGU3CWf/QN3COaRkmnrVQeHZKSmhWsQAcYbGgPf7gGsILlgzxWucr3R2
87oL6iNU/qAywHgeRQwqOikf5DseyrBMcDyzQufLQCqBQKyBe+LnhqfI10VyA3NveNoIdqA2BQfy
AqHLHYVWCnQCGsgFT1cm8Jr2ftdAql2i2h3jraoZr64ZHpyBoo1owocKZIe631KK05ZlkUPGw2qY
Xg0Z5bVMmTkYzJBhY7+UB7TEG/CwOJY1ucr+JPBLkj/QBGpYFncJqKAANgBJpNr5BjnkrULoLEZl
xjmotEOW1N8A++qSlkXgnUOpUzuL2QHQ0IBhmcQWIkNTlE4I1K4yc9KOsslzFGeErqhYkRDoSKQa
MUjC1W+WJYslWHvJq+Wwa51Kc5AjZdmsajkqGYaMyQA3RRcJF6yWzjsiaTH8pkgiQHs/BqgjqHOF
vPYz6igaNijlpAnDiIlmi/67XEuj/VtaBKA8GDmZHAc7yJIabT+D5DBY18Bwdik5rRNvZRlOy2co
tNuEGE8KBUZ9q0lArY5VRGCcAIbgsejGBoKJSyHaLaWOg7Aauhe/KEBOBboIVArcaEFoaoTahOlI
BexOLlp2l//jKcBU5HP4Yxj9v+Ff1cWKUFDudYOSAlcx8B4rbApGG4Rw1xYrQzdthRj5gI9kFAq/
6puvgCGZBaGEDoOFDQSnHIITE3cibMj5FhJlaZAYzDazxV0I6UC1pUj6rYvZ6YTNvj+7ZOdnb89m
7Hg6PT87vWTT0/cM8rq/n74fMpjEZhcw65R9/P7i/JRN31+8Pr28HO16gB4/TMdV7ICKIikoYKMf
rpDAcCnIIxM3Nr7WAN5DyhCRa6EpGnhCIb0sgYK0D+gE/wzahPQ+pGxSySBDwwCZ4zS1GUGWQMDz
bv14a9ywxwWGEMwDaMHo/mzUBZVHg9hWIsR0QXIW0ZVylWs3NIB6iVW1JdXSFa3Vi/0oKcotRfmC
lwFYhrY9ICAHtJ+7ZGqIjlrF1Cpw3RnPG0pOuphA4taADr4YtiFhVwlbNZTRNY4BlqQ325rgiF1I
ly8VHrKLokmjDS4JxJDbnG3xryTgFaEPhLrYq8zVbm/IWdyLkaQ6EsKGtrgssjbWytVqhtZVza6E
kRolyXu6wfaoVE87LtuEEkVWwk6ohkqRoyZbyexLpnhMvdDwRSuvE5ykFhDuhGZLAX40dCvA2Pke
BkPMhrgHO9yAklVVI9Ax1EuQ2qLNRtFp4W5brIatIGWKoJLOkcQGpz7IJyxowmWTX1ct7q/5CkeT
rMkgxEJ0LVlbHKAgmSx/JBZbvqK9KFaSxdzXMUjGVwoj2lDDLLmBmGtvJHZSyFe7Oo2pEXo9CV9O
bk1IwlITu5RR4qCFHOxzQxu2xylVgewRuQfYyfxCQlnRvXwm10gKt9TBMsVPSU+7M05u95UMTLFM
UHA/D+pzejjP1cWsiQoRkJkti1RmmAGvwyVl4oRyhd+iMBVkyLfJyki9laElEJtcU4a3Z10pta/Q
rZZrPB9ZDJlmdARIwqONtbpFRoUA8trbNJZqUcwgI0k51jqU5+Ni/LJHojVi30MqCLp0RLkdez39
MIS1gEMA9nWbRKD2lCtI77mBrxH8CXPbrHubkFfEnc7cETuOwFEteRofQqkpq4RIgA6rrWBThn0O
VLCOIW7DXgdYr6i5Q6+GGSZPRwyR+DDNp22uvS0QsZRApG4hbOLCZpWvNPW8U9y8VVZXJZ/ERp6Y
lbdixPOrNmWCrF2qRye02r4pF70Ysalak/JyQQu4qlSVLtCOcckXSALIBNhWrVLKWLD8zAB5NHZe
opzkPUxZT+NVL1HV7O3sA2FaAUlIdtDUDOt3EuV2O1lbjFpfk9WNhqsmhG23PBR5WK7l149AMjYO
IBeChLUlE+pj7JWMGEWpJcckgCUZ8KZG2YE06J+VAzc1JFxAaDeE9BI5AV6XHDGEaE7uvJIilakE
zK2VjiIlQvYPlKtTxdTJBSVJJ2eXx99BfkT5VJOTDqHDbtBTopuMZJKQoDKqr32jbrmxpXNr65EI
msWkrdleMgNrNZWyLsFd0XumSvhKNh3QmvOqkMFbWYSBwCTWEtrrZVFU1JhoSzXRFuPkxfGSE6v4
TRstsC2kGlx0AWrr2BAx6ifKpE31bP5dJLlsCBCnvmE/BMUdWn7Jzk7YwQ8fzk5egNzB7AEHmH8L
YkPB4CEAGAeWcGWk+CPTD7CGYiu7HKz9h+/OW/iqvOuMfEObYWeMEgcSr0pFiLai7SCpMNppbMUx
bQvvknit3TVJtBVI21zrNm9m1H2Rpib/BUPJA5qr7KqpVBcoBCdSSzer1mhyzUTOjwLcRoYQ5R7V
LhgDeb7Y1Cg5Lkt3Q/GwndXr3u1tmEnmHmdFg94jlrFOORNgWctajO3oHakTAuLH3xScYfF7CtWd
xUR4LmTlHQgJLBD4mTS4EX5LSoE6qj4VQNXC4X7Ql+TjRhvywQcyvouquh0Mu+FH2Puw1PejyUs8
VmC8VXdAtl2Mf2+wsXYaPEFahGS+VRLJmIH0cJApKFzVBF0uLDCIwgwRydBJD5vQRp0mpRw8DEUq
qFKQ6k27psk1bIF1MnmilAPpi7K4rZfSj8EWnC0ltI6TA+uvahmSCVkNudGipm1ZI0k7O6k6dKGb
RslLaEze3NyQqTpObZpDa3pCAngaM9kzQBNK5a0gt12tjSxH94WpnNctT6iahWACpZ7UolWxog/W
yGzUA8Z7mqPChmXihlQGIZW0E0Zc9FyQEqgCg3rcso83UakOth2puJbDMlNQmgWIbD10tHV6aJka
/jsMO0Mbx9AfXi0hJ4+LTkwHf6DJg5LNzCXIbSJRGa2ybDVKCsIYXN06w+IQTLnGPmtYbVHHMKXe
s+17IoHcHF8sSvz6jTqKqv0o2yz4jff1Ln2EH/iai5MLvLutqaAg8wN0X7dCViAcjPyWdqwI8S0B
NDbqHApAnN5wvlkBVko495gKApXvlTJBJoRXlymWdeLNa+zdi24rbwjBYbXkYBYCPXuJOLR5KUSM
WJRQe2joF3MMhvJtG7tk5OC91qA6X+sE2wZycMhtyLe2LkwBJCnL9+0e96Qq6eqKVX0c2ovGCBTn
o9ZjwEApohvHDannqRa1/e3RdgP1prtDy7nPx3sVTKQkpQV0ekkKBoCvFT/brtFSDUoXV24qCeUd
sAcPxVpEaVASbwDhLd2mlCcy6G3aVor0vABPeac23kJOxitVp0FqzbNV2j5hAgQ4KllNWqHJd6Cj
2NObsB8pc4GkdUhNvp8QKJVg2+DdPSkiMjCTLsnBYxulPXmj/si+OEr+mcrHiioGKr/xWgngqpKA
LvpyX8JB/mR4VoexSsbU7Y4T9ub8eCYH6ZYadtb+qu6EDx3/DijKxdC6w08QhuR0/6oyPXnW0m1a
SCPGQAesVT1F3iitk3cZmPzqpClbv9tWauXmkIacCsChf6oi2gRCAKG1JzygAjKtf/aGvAltRfN7
QCgvViNXnRGN8stO4lfI3F/cgW+rVJEbXmOZVFFBB84tSKBAWctEjuYhvfTPuqQyUkhTkVQSfPxq
o9WywXAg7iDNp7SfbltCttL9HCMI1QXqzQgevuURL3tjRXYVFTW4u96ouiW7HWjKtPuMjqH7HCdp
LXqAF1nv4xCocHq4JGBbN90B/OSh+5wF8iixNwZ2ri4QGCMcoAoFeNqdtAr7fHgv4u0F5c1oRa6+
6g9B+pR1Ry6n573t19XPKX3jon6xzau6uBY5RPQeC9Y8k5doTbrt8ClZyZuH/gi/pPgkr4FvZsPj
XdZncoHYmLpuGYaJ3zRMTy56lEbFFWGyOwhDSV8+YPV5VfUmXiZo1z+87ZG4gwE8YvugTxYM3pbJ
jrg7d/5tdUt0utxRNcyY6HsOs71vjoqwkB96wJAFjMILzaqkaG/u41KsMQs1oJgFhUgqtRC1QVf/
thVmLD01jO5JMOkJnVhldYegjGvIKS8aqVot/H9h1nUxpS7YdsGvv/4vQ/sVcA==
===END CRASH DUMP===
