PocketMine-MP Crash Dump Thu Nov 4 20:01:52 WIB 2021

Error: Declaration of poggit\virion\devirion\VirionClassLoader::loadClass($name): ?bool must be compatible with BaseClassLoader::loadClass(string $name): bool
File: plugins/DEVirion/src/poggit/virion/devirion/VirionClassLoader
Line: 86
Type: E_COMPILE_ERROR

THIS CRASH WAS CAUSED BY A PLUGIN

Code:
[77] 				}
[78] 
[79] 				$this->messages[] = "DEVirion detected an attempt to load class $class, matching a known antigen but does not exist. Please note that this reference might be shaded in virion building and may fail to load.\n";
[80] 			}
[81] 		}
[82] 
[83] 		return null;
[84] 	}
[85] 
[86] 	public function loadClass($name) : ?bool{
[87] 		try{
[88] 			return parent::loadClass($name);
[89] 		}catch(\Exception $e){
[90] 			return null;
[91] 		}
[92] 	}
[93] 
[94] 	public function getSourceViralAntigen(string $loadedClass) : ?string{
[95] 		return $this->mappedClasses[$loadedClass] ?? null;
[96] 	}

Backtrace:

PocketMine-MP version: 4.0.0-BETA10 [Protocol 471]
Git commit: fa6a432d5816bb8c5d5546549ac3988fede14728
uname -a: Windows NT PC 10.0 build 22000 (Windows 10) AMD64
PHP Version: 8.0.12
Zend version: 4.0.12
OS: WINNT, win
Composer libraries: 
- adhocore/json-comment 1.1.2@fc2f76979f0a44a5f5bc2a2b600d0762fe0e78e7
- brick/math 0.9.3@ca57d18f028f84f777b2168cd1911b0dee2343ae
- daverandom/callback-validator unknown@unknown
- fgrosse/phpasn1 v2.3.0@20299033c35f4300eb656e7e8e88cf52d1d6694e
- netresearch/jsonmapper v4.0.0@8bbc021a8edb2e4a7ea2f8ad4fa9ec9dce2fcb8d
- pocketmine/bedrock-data 1.4.0+bedrock-1.17.40@f29b7be8fa3046d2ee4c6421485b97b3f5b07774
- pocketmine/bedrock-protocol 5.0.0+bedrock-1.17.40@67c0c15b4044cab2190501933912c3d02c5f63ab
- pocketmine/binaryutils 0.2.2@f883e1cf9099ed6a757a10a2f75b3333eeb2cdf9
- pocketmine/callback-validator 1.0.3@64787469766bcaa7e5885242e85c23c25e8c55a2
- pocketmine/classloader 0.2.0@49ea303993efdfb39cd302e2156d50aa78209e78
- pocketmine/color 0.2.0@09be6ea6d76f2e33d6813c39d29c22c46c17e1d2
- pocketmine/errorhandler 0.3.0@ec742b209e8056bbe855069c4eff94c9734ea19b
- pocketmine/log 0.4.0@e6c912c0f9055c81d23108ec2d179b96f404c043
- pocketmine/log-pthreads 0.4.0@61f709e8cf36bcc24e4efe02acded680a1ce23cd
- pocketmine/math 0.4.0@6d64e2555bd2e95ed024574f75d1cefc135c89fc
- pocketmine/nbt 0.3.0@98c4a04b55a915e18f83d3b0c9beb24a71abcd31
- pocketmine/pocketmine-mp 4.0.0-BETA10@fa6a432d5816bb8c5d5546549ac3988fede14728
- pocketmine/raklib 0.14.2@e3a861187470e1facc6625040128f447ebbcbaec
- pocketmine/raklib-ipc 0.1.1@922a6444b0c6c7daaa5aa5a832107e1ec4738aed
- pocketmine/snooze 0.3.1@0ac8fc2a781c419a1f64ebca4d5835028f59e29b
- ramsey/collection 1.2.2@cccc74ee5e328031b15640b51056ee8d3bb66c0a
- ramsey/uuid 4.2.3@fc9bb7fb5388691fd7373cd44dcb4d63bbcf24df
- rhumsaa/uuid unknown@unknown
- symfony/polyfill-ctype v1.23.0@46cd95797e9df938fdd2b03693b5fca5e64b01ce
- symfony/polyfill-php80 v1.23.1@1100343ed1a92e3a38f9ae122fc0eb21602547be
- symfony/polyfill-php81 v1.23.0@e66119f3de95efc359483f810c4c3e6436279436
- webmozart/assert 1.10.0@6964c76c7804814a842473e0c8fd15bab0f18e25
- webmozart/path-util 2.3.0@d939f7edc24c9a1bb9c0dee5cb05d8e859490725

Loaded plugins:
CommandDisabler 1.0.0 by  for API(s) 4.0.0
DevTools 1.15.0+dev by PocketMine Team for API(s) 4.0.0
HideCommands 1.0.10 by Himbeer for API(s) 4.0.0
SimpleNPC 3.0.0-snapshot by brokiem for API(s) 4.0.0
Sound 0.0.1 by  for API(s) 4.0.0-BETA5
TNTManagement 0.0.1 by  for API(s) 4.0.0-BETA5

----------------------REPORT THE DATA BELOW THIS LINE-----------------------

===BEGIN CRASH DUMP===
eNrNW41v20aW/1cGToE2WEvmlyhSi+zGjd1tcEnsi51NsasiGA6HEtcUyeWHbXXR//1+781QomQ3
6N0tcNcWtvk48+Z9f3H6r5Osajay+3KvmzavypNFcHrS5Rt9snBDP3R8J3a9aRx5gTs/Pelr88qZ
Rp7veHPX9+PADWcONummqZqTxb9Oum2NJSeXX95cvb9+++7yy+XHj1cfT05PNrpt5YreXWhVyEZ2
OFBUmair1Srvlsv7vAFkuUz18Ndf+febQrbtu0qmulksCvxmwHfflHKjXy7En5OqKsSmbzuRaKGq
TQ3MSaHFQ96txfey1b+BoO2avFyJAQ+hAZlZXhCNddGv8rI9u7g0RJy1jTozlJ4Z8s4GOs+ekAk0
RV4CTRT+empRfcnL+6q41xtddsCf5o1WHRaqKtUkt/kc0GVn/v0VL+YRAPQ7Hr34plvn7eRPVpbt
338Wr8TyZCBSpLoDVp0KWQrZdXpTd6KrBPEsFNEnvuFfpwJKV2tiX4q7snrA8rLLV7oUSd+JtNKt
KKtO6Me87abiutAQI0G06NYSOEGFaHSmG10qLTb5as3Sb9dgPxV5KYxogC0vUj6mTHHmVmQyLwaS
pstluTz5I3iMnB2PxHrk2kd+8IwcIt8CG931TSnKvih4b8BwXjqzS0MG1X1S5EpkfanY1o5tR1jj
+RdtGcTfNVt+jnYU2fNqCWa7pxbINAw6+lWRXL9bLi8fla751G/0S0IYO8cIBwbiMbext+Mm9g03
cfAsNyvd3VR9ozR0L4tzo76dUROV2tDJfBo4EzI7lONgUrKu7QbY1Xj/z+LPf94TG1r6YNhdIxVs
9+8/n57gaA0qyJBJKFhzXak73b2HG0zeX2NjAgvah5mTYOpMncn3l7fnrkNvyU5OFp7jOacnefsF
vnWyyGTRavhPU3WVgnMugrmLo3Lyn0yGMvC9dBa5YZJEapbOZkE4C2Kp/DiKMp1qN5h7EXD3lqLP
eZlWD634cCuu3wgX5xvzFJ7nOI74bnjvOi/F+fuLMMDeel1jZwRiXQ+Pv+gytcTzM15/qVrC/fbD
h1sA+OEhL9mxN3XV6uZLkSeNbHLdknRkugYvjT77R1uVE6yx8cCdulPvdaa8bB7G8zhzZBDIWTZL
lCe9JHSc1JmHXqYdPY/0nCTW5OruDG68xm5nGk/910rO5qkbZY4XZVGQzefzxHPDSKVu7LqJk2rt
+YEvNXanEqqAT1abMyWLIpHqbnIvizyVHYVxyIyjwmv7m+LiqqlgGmdgWbYlmey9N/WnzmvoLI4d
31f+LAt8x9FJOAv1XEc6ilQ281I3DcM4oFNLDaNrtWzUmvlnm6Pj7tkcXkdJohzPlZFOE08Hcq6l
l0UyDTIZaxWnSnuZSqKUJM/mtYF5nSU6bfA0Ae2SJQlkfxiAkOt8GjivMy9O5omOMuk7QZh6Wgcq
DDw3iGZJPE98SNqBwILnUe9N8GRGlD5BH86Vo9xZEjhBoCTEHjszx42RIF1P+anjqVkW+jI5Qp+X
stn2XV60rESPTCCKfO2qLHbiWKehnM/m0nUgh/ks8fGP1omn0iw+xPSsEl2Q6r8Og3k0D2BUYZgo
CZnOomjmBZ6OZsrzlTfT8J6Z9I4QkucXJpsZ0pzXQawhPT+OfZ2lWeLHKkUZoD13FqYzB6gjz4lh
n0eYqqLa43DiRIdahuk8zDzt+2kYuTCdOPVi5XkqCJU71256RA1XF2vYa2HJIcPTah54CR0ZOTME
ATA0c8JYBTrL4kDFcz/Q0o2PZF5UK8YQEIZQkX4cCHs2UxGO9V0n0go2O4+TOMygTuUE/hMMk7pb
N1qm7Q5V6GZzokRlPsSsvECDDO14UiGMhpEjXRivr45Md+e+jCINA+3NZrME5hnPNKwmmM3hx7MU
mzPl+qAxztQhijLpdhKJIxVIJ0igztidaYSCyE/9xFEQeuLBn1yZQGfuIYb9n5NNfRSaX/834uwI
ZSPvEPWYLjeAUWtfRqHrwg7njnYzqVQYeqgbHRehKgjmGo6fSK2ewzLJa2UwTd3XsefJMAgC8BSq
eSqlnNF/ke+5DuxGq2DuR1Ifibktq+oXbcXkvnakihBpYa+uCtxYuhkED98IwKU/o+g5i7XHhtPI
Tau3ZMOF5rTLbkV+qvDPPNB6pn0vcnw3gRcETjJzYYtaRxB7EobKkXskfZ+b5IG4iUgfJ8k8S2Z+
FIWxm6Vzfw7zCIJUJUEaYrfKvCDNaPu637RSDvufhuZ2u8mqcgtFFluUr8VE2SL8HqSSXcCr0ng2
j+c6RuTwoyxNvcTxw9hPZhmyhg4hUNjYc7gQ77k6M7jc167rOMgiOnVlDAeWwBZL7XqIzAj9yDeO
NwsQaX8LlzuiS4cwijjzUzL3DAkkDiI/i1xHBcoHUX7ozWP8BK4HnWyqX2TTnVGB0tiUSUkjjMNA
zWENkRNEbiCjwIMRaAc6ThGRZeJkbgS/OkCCHmE9ocALPCaNpbEfZ3OdwnUVTCJJYkUZc6YSZ5Yi
l4G22JkDza+7kp4T+hukcASmi7yVCUenXQV0/Ob0ZF/+UGimukf23bpqWlNEyTrHH8b/TvCsS9qY
7gqhVNeoP+zitsq6izFgI3PC3PZIqUmVJFuqapbLIyqWy/eSyxOK7VSmXd3cfr76+O7CiKfNOyKd
qrsLfX+L4rgdcbQDHbLiIif+gSq2MT+jAlDcark5+RqDXdP/Xv4GGpbLETWWmZvb84+3n64PWFl3
Xd0uzs5QNq77ZIqK62xP2dkOBxj+MU+1ldaY6QPwsQ7dQyVi8SbR0PW/S5sW33I5puL36XBttk7B
BJi7yTd1oT9cvxlxtoeN2fI5/LelrNt11R2ylzTVXa43/zb2LL7lsi1rtVyOCfo6b0+ValGd7XEQ
11VPBfueY34ec+uQEr/miJwIZ/9jDj+gajn/G1ijk3+/891+uH0vS7T4pj3YMXAI/79g5ICC38sQ
hUyJNKg7fRwc0B1O67Vkl0FgB0NTVNuIYR13TCcvrndP4k1VZvlK0Ihm2SzLFzeyE1eqE24o3PnC
CRbOXHx++71AS+LSgkKWqx6kvtLlip43VZe+WvaOI+fZss8yL+Sfin8yxA/4Z0irDTWTumq6V+ig
fI+AD2vwNCnyFjBGKR8ndSG34OuV6xBkBTY3VarN+6xChz7ZwaosIyj4TakLHJ7r+/pVVdJfaZ5l
ueqLbvuKzzONNer5Sau7Di18+4o50/e6mJBRvPrh3dXtX/ewVut0tIQqgVcXlz+cf3p3S1Cj+8k/
e91sh9NhMtWkRUdoabjP9cMkBYuyVPqV4fsxqR4nZFt2zUGBNd1uKJG+EGQNQrGWejvgI2UJSEEc
qBzKE7dr9IJiYEvIhoZLWlQlNM1TJiVLGkIlWuSlKno7WXpiJITrptpomiV2T3G2MtOnosKbpiWU
IkHlfie2Vd9YXCLPBLSTZzmfAMXQbK7YEuIP+mGH7izVmYRqWvFQld92grpX2QgSHwr5nHqwLVHI
0zHm+2GtS9HXq0bSEGy6LMmqDLLFshTixee1JsJoItbC5QRQCDOqgQzQoLeFpHEev2ZSiwrHgFX8
pTuWF40hlRamOyLIhjAbuxscYCHY1elFu+67FHXjxM4QF2J58p58QrtbodbL3tV6LgBwXZfB/ugh
8+FIJ0z5eVFUD4IcgeZNtiAS97kU/0m2RWvYyCb21YiEF5dshHYTjwbJGQRUCqkRumQrrKxpvbXZ
3esxqs+oK2EyELxMU9Ho1uiH5A6N3ImNlm3fcLAS0EqiiWpIT/+zlzyIXOX3WIu2udfiO3soAshL
wm5O1JNGUxCYQC+rlW4WeM1nf+iRYRsyu/N2W6pb2d7BMpo7GNqUF3xqoTuy/YFTWrZuqrLqoV4s
b09pQ5EK6+ZwmFMeYYMRiussGwRSgm36EiZGSwzyG23nsDDDpnrMYYIaYgBLbNrljjiSrSXobUbG
TGvIaE9F3n0L8XUNbzPDY7apo83iO/DQw7E8FguzMbGcLhjVsTFLto6mL0tSZ0qhqKpZCTxya6cC
lZf9246PVSPb9enYO63lkESapq87AzUC43kyaLN8sXLhtTxPS43HyPsqT0H28xSQjZDNVRA0rGs6
MjQsnphFO0tDoEcAb7bGa/9SVAmsh1KlMHA4wibvyPk3eiWTbQeJixsjaoeFa+pv3n5LWnvIWfJs
UfDqh4lBNBhZyxxmOUhEyAL1JePKGq2HI42RQ1s9+bFY0dC+ohhBVkEHrZjMCZO2EA5xgdM5Rpvx
xf97Dqj2+Br9lEf/d/S3XVUzCTa+7kiy6FqB8FFTz5nuCKJTB6pcxwssYRwEPrNXWPrab/8NFLJf
MEkUMYTqG/oOAU/Xj1r1HH0rQ7LxSMpmu9X6UaEeaPccmcB1dXu5ELc/vr0R796+f3srzq+v3729
vBHXlx8F6rf/uPx4KrBI3F5h1aX4/OPVu0tx/fHqzeXNzfQ4BBzIw5uFVhzXuskrztgUiFtiUK01
h2SWxi7YupA9aoaUYwsvmSAUahNmGRXqPvCJAA1rIn5/y9iMkaFEowxJ33se7GGM2SBB6N0Hcuo7
7RlXlEOoEOAN06eryRZs5Qy11VpRvWAkS+QavZq9Ox5gXrpu96z6juW1ffk8SZZz33K+kk0Cz5js
508cgJ6XLrsakWN3CbsLsRttY8/VyZgSVG49bPDl6ZATjo1wMEOTXrMMuAy/m70LTsWVifnG4FFe
VH2R7mjJkUQeSrGnvzWIayYfjIY0pCjtaT9wsHiSJNl0DIYdb1lTbYZka3bbFZOxaY41TNxYTT6x
DfGMSR1Yx81QUZLKGpxEZmgNOe03tSm/TI0n7IsJvRj0dUGL7AamnckcOMAT0jycXT4jYCRtJD6c
cA8ja9tet+bTdqtXQzlKQYtO21N1OijS1Ai26pwaamjpb8qJOhq17su7dqD9jawJmm/6DXIs0msj
hu6AFClM/2Oo2MuV/MWKkj3mqY2hGq8tRXzghMrkHkk32GnsojKvjm2arw6UA36zeHAhg8suHHPG
lcNESfjnjjeai3GtgvKRpAfqTIFhsNSSmhZh9hgO99xhm5Wn4Wc4mRYP5xoBFtQnWLxfR/U1O1yW
pe5IYQubIlCaravClJjJ8EHfkIyqCSZkkwzHNtMa2bcmtdj7ElRsmvT2Yqyl4RWF1WbbEfJTMXFH
CmTl8cGTbiDGpgCO2vs6lptRKiFTwzk1O1zo02YALVlT8SNqQdjSKy7uxJvrT6fYCxoS+NdDnsLs
uVYw0XOHf8L4FyIcyu59Rd6ydEZrp+I8RaBayyI7Q69p2oRUw4btUTjU3JgA3SNH3Ke9EbKDruaR
ohqVmLKYCiLi03V5PRTb+w6Regki6gFpkzb2dVlP7PNRd/Peel2b/6J3+uQ7M1aNLSU8WzKhbDfm
MUqtQeyZTS+n4truKWSz4g3StqrWFvjErJErYgE6gdjauuCKhfrPDYgnZ5cN6elNkWOVaagbNFO6
7cT7209MaQuWiG26SkINPKtyf5xpLqZDrNl0/YR2LZjacX+oS9Vs6+GaEE0OUAuhYB3YRINMw5Kp
4Cy1llQEiHwD2XSkO2iDbzchTJ0yLVDaPRO9Jkkg6nIgRoqWHM5bo1JTSmBtZ22UONFmgGBDne2m
Lq64SLp4e3P+Peojrqf6km2IAnZPkZLCZGqKhJyM0d4CSsf9xp7Pva+nOulXi6Fp+5NwqVmzJesa
4Yrfi+EekJk6kDeXbWWSt/UIl5AZqg22N+uqankyMfRqeujGOYrTV3TRyvshW9BcyE64+Av7PrAR
YTy4N0WbHdr8o8pLMxFgSX0rfkqqR/L8Rry9EN/99OntxUtz+wg0YP0D1EaKyZHu4RzUwzWplY8p
P+AN1V53Jbz9p+/fDfhtfzeCfMuH0WiMCwdWry1FmLdqGCHZNDqabGUZH4t3ebadPPZ5ulfIMF0b
T29uefxiXM1cpDMy4LXWr/rWjoEUgkhnwqzdMzF7FmZ9mtAxJoXY8GhPoRwoy9WuRylpW3Gcik+H
VQfju2cnZka455uqp+iRmVxngwlENoiWcjtFRx6FQP30NydnbP7IqXq0mRkvtWm96SoYt9o6I99v
a/nARkE2arCzaRH4MOkb9umgHfuIgUIekwpeFGctoZFPn6PSeZ5M2dAgXsjB3EHssJl+76jxjyY8
SVEpdt82T03O4Ftt0CkMru2TsRRWlESxQqcmdfLDLrXxqMkah1RKF5o7BWPefGqR3+EI6pM5EhUS
rK+a6qFbmziGI6RYG2yjIAfvbzuTkpnYCUljIG2yF41h7e1FO+KLwjRp3mAT5mrQjk07chrKHN5z
oCTgmwhPvACZaJX3ityPtXa6nD5Vpg1eDzLnbhbJBK2esaK6qvticBv7QPme19i04Xt0ILdBxCWf
RBmXIhdKAttg8JDbDPIWttShuSM31wZsKgVrWSBkH6HTfdAjz5zQnc0j0C4wHILrNWryrBrldMSD
ifl8tVu5ht4WhpRpvdnU07xiihHqthtqDuHKHQ1aVbsnndKUfS/275kFDnNytWr0yo4U7fzRjFno
2t7dMX9MH2LN1cXVAvKY2KRg6gMKXw/adCASTv7AJ7ZM+J4Bhk1HXwWQp3eS72tQZZXzRKhQqHlv
jQmVEN2N41w2yjdvaHivx7O8UySHei3hFpoie0M0DHVpzfdT0XtMKC6WlAzN2yF3mcwhD2aD9nva
KNn2qMFR23BsHUKYRchaNu+HM55o1fA1VmuXb/YZxGZjQkrryeopYZAWKYzTgTz0tJuGAfd0f4B9
Mz5hkNzX871NJkaTxgNGsySLA+g7K89harS2QBPiml0nYaMDDeHRrKVcBuXZDhFdA+sb80mGrxbb
UYqJvMBno9OQb1GTydb2aSitJX3VtU9UAIFGq6vFoDTzDjZKM72F+DtXLihaT3nI9zMh5RZsn7zH
n4qYDaqkGw7wNEYZPr3xfOS5PMrxmdvHljsGbr+hnxy02iJgTL45l2kwfwr6WEe5yuTU/YkL8cO7
81sDpFZD02Ttj/bS4eksfgRHpT71H9O86U456P7RVnrmY8t4aGGcmBIdRGtnirK3VldAWWpL35x6
1fXNEHeHTq3ZfaXhoAI8SEeKP5O1g5wmwycemIAp61/8wNGEj+L1B0i4LraQLyPIhOvLUeFXmdqf
L6G3tslVd9Qmtbt7/jkalK0p5Hgd8QtS0IKZTGFcxXDJ+FEZ7Vrqk9MT/Ygyn8t+c5mn0eP7vomy
N/R2EPr6VqayOYBVmy9p1SHcHUDtJaw9oG+K8TMFhvFzlhedPkC82hzcPkaHc0BLDt+6HwPoTu34
eZOYb4kHMPi5vTDgTgnAHQpkOl5Uq0M5fNTZ/v7bDtpyqG8PQSifNmPIzfW7g+O37T8LvkRt/xK7
V111p0tk9AMRbOXG3NHy+HbDL3ltrhzFU7qq+4u5ZbhbjcfHzaGQK6LGcxzfdT26NHt9cXXAaVp9
YUqOgQDlh/qB15dte7DQXDb56f0Bi0cU4JHGB4dsAfjQ5EfqHl0qDez9sOv1kalRxcQXhr3hOiMZ
wsrcJObbO96U7svZlmK4GkpbqcesLMAKC41IYayQrMGx//sLVSwHZpg+0WB+oHQWlT8GoY3rOSiv
emNaA/6/UdV1dc1TsP2GX3/9L5IqkAA=
===END CRASH DUMP===
