PocketMine-MP Crash Dump Thu Oct 21 21:10:00 WIB 2021

Error: Undefined property: pocketmine\network\mcpe\protocol\types\command\CommandData::$commandDescription
File: plugins/ChatThin/src/kim/present/chatthin/ChatThin
Line: 37
Type: ErrorException

THIS CRASH WAS CAUSED BY A PLUGIN
BAD PLUGIN: ChatThin v1.4.1

Code:
[28]                     return;
[29] 
[30]                 if($pk->type === TextPacket::TYPE_TRANSLATION){
[31]                     $pk->message = $this->toThin($pk->message);
[32]                 }else{
[33]                     $pk->message .= self::THIN_TAG;
[34]                 }
[35]             }elseif($pk instanceof AvailableCommandsPacket){
[36]                 foreach($pk->commandData as $name => $commandData){
[37]                     $commandData->commandDescription = $this->toThin($commandData->commandDescription);
[38]                 }
[39]             }
[40]         }
[41]     }
[42] 
[43]     public function toThin(string $str) : string{
[44]         return preg_replace("/%*(([a-z0-9_]+\.)+[a-z0-9_]+)/i", "%$1", $str) . self::THIN_TAG;
[45]         // return str_replace("/", "/§f", (preg_replace("/%*(([a-z0-9_]+\.)+[a-z0-9_]+)/i", "%$1", $str) . self::THIN_TAG));
[46]         // return preg_replace("/%*(([a-z0-9_]+\.)+[a-z0-9_]+)/i", "%$1", $str) . " §f- §bNhanAZ §aServer". self::THIN_TAG;
[47]     }

Backtrace:
#0 plugins/ChatThin/src/kim/present/chatthin/ChatThin(37): pocketmine\errorhandler\ErrorToExceptionHandler::handle(integer 2, string[99] Undefined property: pocketmine\network\mcpe\protocol\types\command\CommandData::, string[95] C:\Users\nhang\OneDrive\M..y t..nh\FLOTV\plugins\ChatThin\src\kim\present\chatth, integer 37)
#1 pmsrc/src/event/RegisteredListener(75): kim\present\chatthin\ChatThin->onDataPacketSendEvent(object pocketmine\event\server\DataPacketSendEvent#142832)
#2 pmsrc/src/event/Event(62): pocketmine\event\RegisteredListener->callEvent(object pocketmine\event\server\DataPacketSendEvent#142832)
#3 pmsrc/src/network/mcpe/NetworkSession(406): pocketmine\event\Event->call()
#4 pmsrc/src/network/mcpe/NetworkSession(861): pocketmine\network\mcpe\NetworkSession->sendDataPacket(object pocketmine\network\mcpe\protocol\AvailableCommandsPacket#145427)
#5 pmsrc/src/network/mcpe/NetworkSession(259): pocketmine\network\mcpe\NetworkSession->syncAvailableCommands()
#6 pmsrc/src/permission/PermissibleInternal(180): pocketmine\network\mcpe\NetworkSession->pocketmine\network\mcpe\{closure}(array[6])
#7 pmsrc/src/timings/TimingsHandler(174): pocketmine\permission\PermissibleInternal->pocketmine\permission\{closure}()
#8 pmsrc/src/permission/PermissibleInternal(183): pocketmine\timings\TimingsHandler->time(object Closure#145673)
#9 pmsrc/src/permission/PermissibleInternal(132): pocketmine\permission\PermissibleInternal->recalculatePermissions()
#10 pmsrc/src/permission/PermissibleDelegateTrait(67): pocketmine\permission\PermissibleInternal->removeAttachment(object pocketmine\permission\PermissionAttachment#24936)
#11 pmsrc/src/permission/PermissibleDelegateTrait(67): pocketmine\permission\PermissibleBase->removeAttachment(object pocketmine\permission\PermissionAttachment#24936)
#12 plugins/PurePerms/src/_64FF00/PurePerms/PurePerms(713): pocketmine\player\Player->removeAttachment(object pocketmine\permission\PermissionAttachment#24936)
#13 plugins/PurePerms/src/_64FF00/PurePerms/PPListener(120): _64FF00\PurePerms\PurePerms->unregisterPlayer(object pocketmine\player\Player#24964)
#14 pmsrc/src/event/RegisteredListener(75): _64FF00\PurePerms\PPListener->onPlayerQuit(object pocketmine\event\player\PlayerQuitEvent#146340)
#15 pmsrc/src/event/Event(62): pocketmine\event\RegisteredListener->callEvent(object pocketmine\event\player\PlayerQuitEvent#146340)
#16 pmsrc/src/player/Player(1951): pocketmine\event\Event->call()
#17 pmsrc/src/network/mcpe/NetworkSession(572): pocketmine\player\Player->onPostDisconnect(string[17] client disconnect, NULL )
#18 pmsrc/src/network/mcpe/NetworkSession(503): pocketmine\network\mcpe\NetworkSession->pocketmine\network\mcpe\{closure}()
#19 pmsrc/src/network/mcpe/NetworkSession(574): pocketmine\network\mcpe\NetworkSession->tryDisconnect(object Closure#90371, string[17] client disconnect)
#20 pmsrc/src/network/mcpe/raklib/RakLibInterface(145): pocketmine\network\mcpe\NetworkSession->onClientDisconnect(string[17] client disconnect)
#21 pmsrc/vendor/pocketmine/raklib-ipc/src/RakLibToUserThreadMessageReceiver(75): pocketmine\network\mcpe\raklib\RakLibInterface->onClientDisconnect(integer 0, string[17] client disconnect)
#22 pmsrc/src/network/mcpe/raklib/RakLibInterface(120): raklib\server\ipc\RakLibToUserThreadMessageReceiver->handle(object pocketmine\network\mcpe\raklib\RakLibInterface#23472)
#23 pmsrc/vendor/pocketmine/snooze/src/SleeperHandler(123): pocketmine\network\mcpe\raklib\RakLibInterface->pocketmine\network\mcpe\raklib\{closure}()
#24 pmsrc/vendor/pocketmine/snooze/src/SleeperHandler(82): pocketmine\snooze\SleeperHandler->processNotifications()
#25 pmsrc/src/Server(1572): pocketmine\snooze\SleeperHandler->sleepUntil(double 1634825400.5172)
#26 pmsrc/src/Server(1013): pocketmine\Server->tickProcessor()
#27 pmsrc/src/PocketMine(293): pocketmine\Server->__construct(object BaseClassLoader#2, object pocketmine\utils\MainLogger#3, string[41] C:\Users\nhang\OneDrive\M..y t..nh\FLOTV\, string[49] C:\Users\nhang\OneDrive\M..y t..nh\FLOTV\plugins\)
#28 pmsrc/src/PocketMine(316): pocketmine\server()
#29 pmsrc(11): require(string[85] phar://C:/Users/nhang/OneDrive/M..y t..nh/FLOTV/PocketMine-MP.phar/src/PocketMin)

PocketMine-MP version: 4.0.0-BETA6 [Protocol 471]
Git commit: 46920818b5de1632991c29620b4822fd87f7946b
uname -a: Windows NT PC 10.0 build 22000 (Windows 10) AMD64
PHP Version: 8.0.10
Zend version: 4.0.10
OS : WINNT, win
Composer libraries: 
- adhocore/json-comment 1.1.2@fc2f76979f0a44a5f5bc2a2b600d0762fe0e78e7
- brick/math 0.9.3@ca57d18f028f84f777b2168cd1911b0dee2343ae
- daverandom/callback-validator unknown@unknown
- fgrosse/phpasn1 v2.3.0@20299033c35f4300eb656e7e8e88cf52d1d6694e
- netresearch/jsonmapper v4.0.0@8bbc021a8edb2e4a7ea2f8ad4fa9ec9dce2fcb8d
- pocketmine/bedrock-protocol 3.0.0+bedrock1.17.40@ea9e22563b3d56f3b94b4a132c725912d029c101
- pocketmine/binaryutils 0.2.1@8cd078e2426f8100331f2d73bef10f481dad6cde
- pocketmine/callback-validator 1.0.3@64787469766bcaa7e5885242e85c23c25e8c55a2
- pocketmine/classloader dev-master@80226e0917be79ac3230606113e25134a31e6a85
- pocketmine/color 0.2.0@09be6ea6d76f2e33d6813c39d29c22c46c17e1d2
- pocketmine/errorhandler 0.3.0@ec742b209e8056bbe855069c4eff94c9734ea19b
- pocketmine/log 0.3.0@03ab1316da0b1978a7a1c8dd73e1c2a973cb62ec
- pocketmine/log-pthreads 0.2.0@6be3445c48c62eba3922f987f000bb20c81d161f
- pocketmine/math 0.3.0@83ec067b12c066fc61d9fb129daf7e61ef3b1d63
- pocketmine/nbt 0.3.0@98c4a04b55a915e18f83d3b0c9beb24a71abcd31
- pocketmine/pocketmine-mp 4.0.0-BETA6@46920818b5de1632991c29620b4822fd87f7946b
- pocketmine/raklib 0.14.2@e3a861187470e1facc6625040128f447ebbcbaec
- pocketmine/raklib-ipc 0.1.1@922a6444b0c6c7daaa5aa5a832107e1ec4738aed
- pocketmine/snooze 0.3.0@fe5b1dbf0d6267da882d1f67924772bd93db833d
- pocketmine/spl dev-master@b7a8904f912c1f6d38ad867ff1120614ccb80171
- ramsey/collection 1.2.2@cccc74ee5e328031b15640b51056ee8d3bb66c0a
- ramsey/uuid 4.2.3@fc9bb7fb5388691fd7373cd44dcb4d63bbcf24df
- rhumsaa/uuid unknown@unknown
- symfony/polyfill-ctype v1.23.0@46cd95797e9df938fdd2b03693b5fca5e64b01ce
- symfony/polyfill-php80 v1.23.1@1100343ed1a92e3a38f9ae122fc0eb21602547be
- symfony/polyfill-php81 v1.23.0@e66119f3de95efc359483f810c4c3e6436279436
- webmozart/assert 1.10.0@6964c76c7804814a842473e0c8fd15bab0f18e25
- webmozart/path-util 2.3.0@d939f7edc24c9a1bb9c0dee5cb05d8e859490725

Loaded plugins:
ChatManager 0.0.1 by  for API(s) 4.0.0-BETA5
ChatThin 1.4.1 by PresentKim for API(s) 4.0.0
CommandDisabler 1.0.0 by  for API(s) 4.0.0
DEVirion 1.2.5-ALPHA12 by poggit, SOFe for API(s) 4.0.0
DevTools 1.15.0+dev by PocketMine Team for API(s) 4.0.0
HideCommands 1.0.10 by Himbeer for API(s) 4.0.0
MultiWorld 1.7.0-beta2 by CzechPMDevs, VixikCZ, fuyutsuki, kaliiks for API(s) 4.0.0
NotificationSystem 0.0.1 by  for API(s) 4.0.0-BETA5
PureChat 1.4.11 by 64FF00 for API(s) 4.0.0
PurePerms 1.5.0-legacy by 64FF00 & ProjectInfinity for API(s) 4.0.0
SimpleNPC 3.0.0-snapshot by brokiem for API(s) 4.0.0
Sound 0.0.1 by  for API(s) 4.0.0-BETA5
TNTManagement 0.0.1 by  for API(s) 4.0.0-BETA5
Tags 0.0.1 by NhanAZ for API(s) 4.0.0

----------------------REPORT THE DATA BELOW THIS LINE-----------------------

===BEGIN CRASH DUMP===
eNrtXHtz28iR/ypTtHMrXQgSL+LBlFzWSnKsiiwxFh3vZbmlGgADEhEeXDwk0Vv+7tc9M3hRlFby
eS/5Q6m7FTGPnl8/prunB/BvgzDLE1pe3bC8iLJ0MDWHgzJK2GCqWYbp6BNTVUemg7+Hg2otugxn
5JqqZWiOZZmTiQpdMS3KkzzP8sH0t0G5WcOoAX8+ufMZTAPSw0HCioIusetTGrAwSllA1nm2Znm5
mZJ15l+zMoHWxSJl5W2WXy8Wib+GRxhUZn4WLxZIulgs/CxJaBosFkfixzEt6XT6WjYfs8LPo3rV
sIrjd1GMyx5NF4tPBbAKK6xoulwsLlJ2nEc3sMaHRaWqTNuQkv8I0tVi8e7sYv4PWD6ullEKk45W
tJyvonSxKHJ/sbiOEsTGCpaWgAk6S95ZDxutV2sEIBaXVMZ17xhojIHEWFIY1wSaETA3BnGAwG3Q
Sk59+Pnz4JVKnk9qz7D3+yJmqB0QQhCzfLHguppnjbbei47pVIzYi9KSLVlO9CEpyjxKlz+77i/k
j1Fju8TkF/KoykYjUNdo9I2qGpKaKxAOyPqVRtYJShL/n92gHD+yZVSULGfBGf5NWb5nT0CQv6d5
5U2WIjMzisK4ZGlwgvT2Mu9fzC/7erjhNIDFG1TEjlmvNFN3DJ1D1O9BFIQtfVu9gux9BpQ3Po3j
7wTH6MCRyh6jrsfn4uESdjxY0x54i934OEUBaY9TNJ9I0bG0/UeNrT9eeQOqClpudrH+oLUe3tAo
pl7MpJkWggYIYmLqwnQmT4StT9xnwt6k/r31haiszpqw+ZKITxnP5E8Yfwr2nac03tMc9XnLPjL0
Nz/OiipnX/dontPNz9YvHI3dQQNhAvZvMZ6Lv9KZ7Gm2uYWihb1Y7MDdx9Ed3ILgizvPEYWxBUKi
XSz6cJU3GO1qQzkS66HOLdvgi7rPWNTQn8t5zmBT+FVMSzZrxkrNa+rvLn3MYraEufOcRuAe7Ocv
n2Q37LAsqb9KHvAVu4hkaTvnlW66hiUQa38Q4h9pwb4/Wr0JsTNQOo4uOPIry3z3TlU7rc2vPVvb
Nqx1TDfoRGf87/dHaTwd5ayJX5qOrkAOgTXqMZ2fypsqzWXgENh3Iu1xh7gsU+AynxxHd8KYtaEq
SwX1v1fRY9GqDwUH15EKEldVgJr8P0XOp2DpeW4+bizlrLkT7YmRUrOfGHMmtv47hglizoryOCr8
LE2Brz2ZgGn2L8SPI1iYBE3nkJx/OjsjAoPzVAyq8QcEIIHBfbIczOdhKPNNRyZbgcBVDVtrUtWd
khIZm/oQvJxex5E3/kivzyKPe94QUvw9iDDPg5mlR3zlJ+pPoKr9MVhVkOXjdjkJS4nWArKAN88w
CZ+vckaDD+IY95H5DNJwuZMfwSsIwo7qM7oTeJ2Rq0+RrP5cyXLXV8OpU1xgtMb2CJfKG3kS+v3E
8QF+X+mGacss3nhQ+kWaZV8YZ+kyZgzCQZM96cY3yvkJc7b2lG5+A0Bn282IoYtFfxzgyTMfpHue
lVEY+bRsExu966UvuYL2tPv+6yHCBT5/Ssso3guyCrID0qliTLRa+taORdR70Vv0YBboX88E4iyX
MLuud8bnfIA5e7r7EJGrK7BcsOiqdSSYuRzFtCjOMhpgAB2SHbZVATMQFD/QKD3LlrA1XhnN1jC1
Z5+P27nut5+thQyc3TIwtO2jnthoUnLSWe9pGOZy9msV5ax2Vw6c99crmk/H46PpmCMbc2DjGte4
hTXmqDorKx9mI5zdB7Q/+OXrcMD+Q0tT36EyBNyJ+VdRepPFNwyzRCAagGD9clD3YvWrnexnAUNx
6A60kx3/y1lZ5elfYKjuwhD4a6g7hkbh3uv1NewR4J0cHByQObsrxel4Op3/z+zkav7x8Pzy7HB+
enG+/xuS0R5YkdORaiAH5DXwC4lomfHqVbdzH1EZ+g4yX1lcML6I8ZRFRgekYHEIQN+fnl/ND//K
CZu7CGPHZKuDryYEQEB7JU19loXkgWKBYN7aQTzMINz4K8Gj3xoNoQV5ndIEpPGGvO50CFL2Qyx2
Rrb0WrO7L9vfmSDk7TwkFndbLNBodm2FN9Ra5w+6sCiz1tIaXHXkk7BKfY5QAhNegbyGv/tkKh0X
8m52dSQsFTYrW17lDDJbCPSLwfhP/7239zNVvqiKe/XLnxeL0f6f28f9cbQYDMli8KfXGv4QS4x2
mIPZ1fp4XK8G47uLCWJjLBxTO8SnvT8Azz7XhGntRPRd1lsMiORBkT+8c/C/h/+UT1SEs8Vgp6js
RsdfX8rVL+Xql3L1S7n6pVz9Uq5+KVe/lKtfytUv5eqXcvVLufqlXP1Srn4pV7+Uq1/K1Q+Xq4eD
JYZvGmOBFut/g+mgNw2AeaCM9p3NgTlSR6ry48n80MLOKoqDwVRXNXM4iIqrgN0MpiGNCzYc1KfE
wdSEcDBYRlgqNi1XVx3N8SYBAwvUXVfzddfSVQ+MUQ8Dxw5t17Q8oF1JQJ8j2Gi3BTmfk9kR0WB5
wpcluq6qKtmr+zV1nxx+OLZMLESv1jDTAayaCo9fYK9K7PwZuq+yAmmfnp/PoYE/3Mp6dbLOQMBX
sPtzmkesQOHQYAW85Gz8rwICC1ZnROlbG2kj/W3o66FtubYbqtQ06SSceL5Odc9S1UC1LT1kKrMd
ZqPEctg044SWK5itjtyR8danEzvQnFDVndAxQ9u2PV2zHD/QXE3z1IAx8I8GZTA7oKAJ2NNZMsZ0
x4PTtnJD4yigJV46gMyu0+w2fSv/Yt1/mWdFwcbAMi1SrI3e6CNjpL7VVRC+ahi+MQlNQ1WZZ00s
ZjOHOY4fTvRACyzLNXFV8IxY0KG5v+L8J3QNvgVJcWt463ier+oadVjg6cykNqN66NDADKnLfDfw
mR76nhOg5Ft36bEAfMe10trJwEByf5YdIFp7ZKpvGRDR9YlleEYwsULDc03PpHBu9G194mp6AIz4
4KW2qEcpzTfcR3BB6yPtLYhUBTXopm6FjqYC81qoB7bhsVBTQ9PRAhpYfsD6lHYKWgOkxlvLtB0b
TNq2LM+nwPfEcSZAnjkTXzd8fcIcfzKh+hZBdG0xd214ecJulIRiPv3WUXXdYqqr2R6zXeobuqFa
qqVpBtMnmmFSQ2MWdSZb5LKYQ0Ie1beq6zGLUSuwrVBnhhFYjgY6dgMQkq77puVrNtOCLUjdkicn
hRbCfNvUPV11maNOLM8Driaq5fomC0PX9F3bMBnVXK9PKs6WDQXVoJ4Gbi+gqqe5tkNtqvlOACJn
sO0pUPA9S2f+PQrKuuSpRtHwZXnMMM2Jbzo+zPCo4YK7cMFdgA/wAKQP2tMsLeyTavYZonEM5quW
7Wk6/LFC39ICN4QnN6ChzSyNgW2B0Rt9EqlXNhRcxzepanqgU1ebMNizjhEYnuqD0D0dDF+jnh8Y
W6bY/lSSdd+Fvn2GP7yXiHJYmgn+hxnUATMBW7RVpkFq41uWPlFNVQOXYpo2gw3q0W05t+msoAQ7
BIRKLdM0gSXLtwNK6QT/zzF0TQWzYb5pGw5lWztZJB2NlEI2ATl6oRpYugVEHAecSWjZrm7atu4F
rhF4DljmFpF13N8Nnk0dVzVD2OI+TA9g4cCx7DDUIFu1NNMHl6JqNgo7p0nBNrgTYsbvdfgO1UEy
PvzPNhmbMEN3VEPztIllqt5EA4tmzAHleZblq7QlUlWRiBXgJsGxu55nh97EcBzL1UKwXLDZwDQD
3zPBVECuoW4GaHX5qkoKSuv59z1xsUnCLN2AOcSbMIpjxZc3xDcAFeUGezNwJ7ZrMzcIXcMJg0D3
VMNyDW8SQpBgFuhF89kuWuDeHbWhpb3V0L2ZBgs06oIboEDNpUwDk/LB00N4USH1AzfzEC2tg4tZ
YFtuaATMnbAQ4oVrOgY6UN/0DQBlWDrYqIH5wC3zkuwLzcsxuDiWywiJMcJyLdO3wagcFRytSR0T
rMFgsG/DQJt41FNDDVzzpEdkDdtXQR8OdETUAuNxYbMGvg4OiGqe5/oYICe+p04CCF2AzVUhLgy+
NpfVPH7j9cMHmsKxJe/kOt3W4aBNclRMFKCFVuUqy4HAz5Aq0XWEl0zt7p1gAsVSLD+DxiGDhaQn
gKw7DeSMIgvL425DQvntuLjoEncicnmRx+JdO8QFzMIuLuefLz6eHQt5FFGJePG2q7la77Mhb9tb
HrSRucXDYCauZf4WJYMtfr6Vk9+77XkSQ/KGKypw/Z56tnr67CHsR1T0rSwVFeQ2XuZ5G0wv2ws4
CeLpijo++UeUc7ANQ01TnxN9NFEOz2bvDzW9r7A1nGsifLHi8uId+146E0QXixsOZbEAlyt/deBJ
7i7nhx/nn2b3eWM38yyLiy5vdVOfN20CGR0eC/qW2BwyyJzR72aONQZgpUXzCCurslwXcKYCeawq
bwRpfefUNG5oAMPvo6C5Y+ow3WveNk+tb58wOPEYmPF3YlaSWyy6IJ5mnisxdQQ8AG8fqriMPmc5
nuQazjqNfb5s8H4eK+mWqR59Yf5q9gFkhoL4R3QXXR/9k38SB0l4UV1H8PsaEujouvheAvBxyXUC
xgVsJ4j3FvGCCLrYHxfEfQPoMDLuEAI5dasylxvIUZKOvHZ0/hsiyn0UT/dXeNGAfrtbC6ib7gWW
rcgiLiuepdhBc7ExuMfY4B3laVwxyzNY6CfwUFlVzE6Uun3Qst67KEGw7a9v0D4H1bk64mSkcATY
vnREW1884PEUvLDzN7uERP6LAFdYzTpNwyiNys332g+P3lx9B1kIOiCMyyhZx+x8dtQRRtvWFQY/
0CtFStfFKiv74vDy7Dpi3833S3JYAsWydRfPcxmXpMYtDWQ6q9KugxTP/4Y9zhd++raen89Fjikq
Vg3+fvu/gY8egGfwQ5fdTcgfH0cvV/xehtbgp8unhtv7JiYh8VMKhZMngxPvVmZUV225e+SF4pF8
l4zXJAevZs0TOcrAlywJvuS7yBfpq0takgu/JJpFNHuqmlPVJp9PfyS6qms4IKbpsgLRH7B0ic9J
VgYH9TuFVRjqFv+vz//LWwyT/9fC0QKNss7y8kBzNUPHxtsVMKvEUQFtnCS9U8RtanGgqdiyBDaT
LGCiP8xynylNWxaG2Ar8BlhnrZ/XN+sDSE3hVxCFENkgIG8O+Hqicl1muVKwssS3Uw44Z+yGxQoa
x4EozjdtBWNBZwgevg+OT94dfjqbY6swBeXXiuWbenWwoUwp6A2TGG4idqsEkXgB90Dwfedldwoa
mxzTq2qMNgmeXV8RNBPicy1VOQ/PXFn4Ri7pqRyUR+YrOFCRmi1Cc0bKFSNZCpouISARn6ZpVhKP
kSj14ypgAfwg94wEaV1mCcwMkcA2zYKGbEgy6MkLJEm8nNFrssmqXNIiUUhAO5BS8BVAMfiid7xB
wufstiE3DlhIQTUFuc3SH0qC9WGaExRfAsxiBXWDCPFlYMH37YqlpFovcxoAgdEiRasSxKaLlJBX
n1cMgZEyI/h+GgES8oIGZJDTtMDXfwLRzaHGGSwDrMIvVnJ54cHGZ0SUNbElQcrC7uoNMCX8tgI7
ilVVBtltqsiXtqdkMWj+pQZ/tag0xmx8O1XTNN5sdB5CAzbSgCM/jOPsluBGwFeKZQ2C3ESU/B1t
C8dwI1NkVwfCqxNuhHISAeAENwO+QwpSQ3LehkhZ43hps013l9TnCCSWpSB4GgQEjuhCPyh3vLcj
CaN4rYnOl4BWPIaoQXrs14rGKNdldANjb2hcMbInFwUHso/UxYpMyRk6AQX0ghdwU+jma59XcL7I
0ewO8S29OS2uCd6tgqGN+IBPBegObb/mFIet8iyFNI+UMLwYEp7ME7nNYcMMCV7N5OJun8sGPCy2
JVUqU15B/JLrH3gCM8yzuwhMkIEYgCVu2mkDDmUrAZ2GaMw4Bo12SKLyBxBfmfNpAXhnX9jU1mSy
BzxUsLF0LhbOhiI5nXJS28ZMuXXkVZqiOgN0RdmaK4FfahUjAicP+Zsk0XIFuz2nxWrY3Z3SclAi
eV6tS9EqBIaCSQCb5IsrF3Ytv7EKxI6hN1kUAOzdCNBG0OYy8RrZqGNoWJ0VgxpLA0cPDjzfiF37
1zjzwHowdBLRDhshiUrc/AmkxN6mBImTSyFqlQtXFFb49Dlq7TbikucWBbv6VhGEaiMrOIdhBBDB
ZfFXgJBMmDNWLymMHLRV8Y8vlhkoKkMfgVaBCy05TIVDmxIVuYDVuY8W9w7/8RxgLvIYfoyj/zf8
RZmtOQTpXxtIklxBwH2sscwbNIBw1RqVpuqmBMadwGe+KyS+4ofvgJDvCw4JPQbxK4hOKUQnwu6Y
X3HvmwnIYkdiNGtGszsf8oGi5Ug4rov5yZTM359ekrPTD6dzcjibnZ2eXJLZyUcCid3fTj4OCQwi
8wsYdUI+v784OyGzjxdHJ5eXo20X0JOHPrGkOOAcFWU8YqMjLpBBf8W4S+bSaJytBrKHnCHgvoUP
UcAVMuFmOSnI+4BPcNBgTcjvQ8YmjAxSNIyQKQ6Ti3HKggi43taRYz4s17jAGIKJAJ8wuj8abUEm
0qC2NfMxXxCSRbhCr2JuwwOYF1sXLauGKnkt9ndDkpwbkvMlzT3YGUp75cMd0G7p8q2GcOQsImeB
705oWvHspIsEMrcKbHB/WMeEbSOszVCE1zAEWoLfpN2CI3IhfL4weEgvsioOGiwRBJHblLT4C0F4
zeEDoxZWn1O52jvuLO4FSW46gkLDW5hnSR1sxWw5QumaZlfDyI3U5D3bIDtMqmcdl3VGiSrLYSU0
Q2nIQZWsRfolcjwiOxTsqPV1jIPkBI6dw6w5wC/TbhlsdrpDwBC0IfDBCjdgZEVRMXQM5Qq0tqzT
UXRauFqLalgrUuQIMuscCTQ49EE54YnGX1XpdVFjP6JrbI2SKoEYC+E1J/XpABVJxPlHoGjlivtF
ipLvmPs2Btn4WiLiCyqYJlcQdM1GY8eZ6Nq2acyN0OsJ+mJwvYUELTmwyxnPHBSfwv5seMMLD56r
QPqI0gN0IsEQVNb8Qw8i5ggOW+5gmpSn4KdeGQfX6woBxnhOkHQfJ/WYHS5S+fLeVIYISM1WWSxS
TI+W/oqn4hxygR83ERlkuG8TRyPZK0KLx5pkU4S3V10t1V3oVvMN3ngth0TROgrkyuMLK2UNRoYA
7rXbPJYfRjGFDATneNjhiT5Oxs/HBKwReQ+5INjSAU/uyNHs0xDmAgYP9tdtFIDZ81xBeM+GvsLp
T4lVp91tRl5w6XTGjshhAI5qReNwDGdNcUwIGNiwXAoWJVjoQAPrbMQ27HWI9U41d+jVMMWk8Ygg
iE+zdFYn2+0JEc8SCOoWwiZOrNbpWpHPW6ebD3LXFdEX1ugT0/JajXgjWadMkLYL8+iEVtPVxaT9
EZnJOTHNl3wClUdVaQt8xTCnS2QBdAJiK9Yxz1jw/JkAeNzsNEc9iRd3xYEa3+JjRUk+zD9xpAWw
hGx7VUnwAM9V2S4nDhej2tckZaXgrClH2z0fstTPN+ITW2AZKweQC0HCWrMJB2QslowIj1IrikkA
iRKQTYm6A23wf4sR3NSQYwGl3XDQK5QEeF3uiCFEU+7OC6FSkUrA2FLaKHLCRAFBujp5mjq+4EnS
8enl4Y+QH/F8qkq5DaHDrtBTopsMRJIQoTHKT8qD7nmj5bPd6wHzquW0PrS9IRoe1mTKugJ3xfuJ
PMMXouqAuzktMhG85Y7QkJhALagdrbKs4JWJ+qzG6tM49+IBfihd0Js6WmBdSFa4FOxrHRsC4wVF
kbTJos2/sigVFQEuqR/IT152hzs/J6fHZO+nT6fH+6B32PaAAcbfgtpQMXj1AZsDz3B5IOUj0g/Y
DVmruxR2+08/ntX05fmu0/IDXwxLYzxx4OqVqQjnLatLSDKMdipbYciXhb4o3Ch3VRS0Cqmra93q
zZyXX8RWE//sp5ABHyv3VVXIMpAPTqQUblbOUcScqRgfeLiMCCHSPcpVMAbSdNmcUVKcFm+H4mE9
qle+21kxE8I9TLIKvUcoYp10JiCyWrQY29E78lIIqB9/8+AMkz/yUN2ZzBlPmTh6e0wQ8xh+iw9u
hN5yo0Abld+eoGlhcz/oC/ZxoYZ98IGEbkOVb5DDavil/y6U6m6YNMd7BUJrcwew9WT826Axtio8
Xpz5fPsWUSBiBvJDQadgcEXldaWwxCAKI1ggQid/aEIbLzVJ46C+z2LGTwrCvPmqcXQNS+A5mXui
mALryzy7xS+W0Y/BEpSsBLWOk4PdX5QiJHOwCkqjhqa0ohGsnR4XHb7QTaPmBTUiXr5t2JQlpzrN
4XN6SgJ6CtHJK4AJR+VWkW1Zq9Hl6L4ypfO6pRE/zUIwgaOesKJ1tuZfQPJtIx8w3vMxMmwYOi7I
j0HIJV8JIy56LkgJ5AGDF7lFIW8qUx2sO/LDtWgWmYK0LADSeuigdXq4MxX8xz62mhrH0G9eryAn
D7NOTAd/oIibkmbkCvQ2FVBG6yRZj6KMIwZXt0nwcAhbucRCq1+00DFMyX7S9nMWuJujy2WOn1Py
kqKsP4oyC/5DAtfb/HF84Gsuji/wtXxFBgWRH6D7umXiBEJhk9/yFQsOvGWAt406twIQpxvJV2tA
JZVzT6igUNEvjQkyIXz7nMeyTrw5wuI969byhhAc1isK24KhZ88RQ52XQsQIWQ5nDwX9YorBUPTW
sUtEDtqrDcoLtk6wrSAHh9yG+9bahUmCXMuiv17jnlYFX121yq+Ne9EYieJ4tHoMGKhFdOO4IC96
ykl1gXvULiB7uivUkns83stgIjQpdkCnliRpAPlSyrOuGq1ko3BxeXOSkN4Bi/BwWAt4GhSFDSF8
f7vKxZUMepu6lCI8L9CT3qmOt5CT0UKe0yC1pnhHLZ8wAQKMUlfTWmmiD2wUa3pT8jPPXCBpHfIi
3y9IlB/B2uDdvSribGAmnXMHj2WU+uqN10d2xVHun/nxseAnBn78xpdpAKtMArrwxbocg/hJ8LIO
Y5WIqe2KU/Lu7HAuGvl7h1hZ+4v8YmA4ce+Ao5QNjbsgysshd7p/kZmeuGzpFi3EJsZAB6KVNUVa
SasTb3AQ8WVSldd+tz6p5c0tDXcqQIf/eyhBEwiBhFJf8YAJiLT+1TvuTfhSfHyPCM+LZctVp0Xh
+WUn8ctE7s/uwLcV8pDrX+MxqeAHOnBuXgQHlI1I5Pg45Jf/20GxiBRiqwguOX3IjJoj9WA4YHeQ
5vO0n78/C9lK94saz5ev1jctePuWBjTvtWXJVZCV4O56rfK957ahyuPuMzqG7nMYxSXrEV4mve97
4ITTwxLB3rrpNuBXK93nxBN3ib022OfyDQJthG+38RMKyLQ7aO335fCRhe0r501rwV190W+C9Cnp
tlzOznrLb4pfY/6ZkvxFmq4yu2YpRPSeCDY0Ea9F6/x1hy/RWrxv6Y7wA4Yv4vuAZjQ83iV9IWeI
RldVQ9N0Fxpmxxc9ToPsiiPZboSmqK8f2PVpUfQGildnfvrQY3ELATxi+aDPFjTe5tGWujtfgxjI
r3ifdLbasjZMmvgXP7r8FgEFEy3Fp0ByLn4dJk8V9QcLOBWPmZls0IW84CwSC0NEg5B2yDBp6Vli
cE+JUU/vXFpGtwlOchX3y8tKWFdN/5+YeF3MeCGsnfD16/8CnLEpGw==
===END CRASH DUMP===
