PocketMine-MP Crash Dump Wed Mar 2 22:15:52 WIB 2022

Error: Cannot use string as default value for parameter $player of type ?pocketmine\player\Player
File: plugins/RPSolution/src/emretr1/rpsolution/Main
Line: 103
Type: E_COMPILE_ERROR

THIS CRASH WAS CAUSED BY A PLUGIN

Code:
[94] 
[95] class PackSendEntry {
[96] 	/** @var DataPacket[] */
[97] 	protected $packets = [];
[98] 	/** @var int */
[99] 	protected $sendInterval = 30;
[100] 	/** @var Player */
[101] 	protected $player;
[102] 
[103] 	public function __construct(?Player $player = "unknown") {
[104] 		$this->player = $player;
[105] 	}
[106] 
[107] 	public function addPacket(DataPacket $packet): void {
[108] 		$this->packets[] = $packet;
[109] 	}
[110] 
[111] 	public function setSendInterval(int $value): void {
[112] 		$this->sendInterval = $value;
[113] 	}

Backtrace:

PocketMine-MP version: 4.2.0 [Protocol 486]
Git commit: 44818e6d1456dcf1f0fd3cd27da1dfecbe03c08b
uname -a: Windows NT PC 10.0 build 22000 (Windows 10) AMD64
PHP Version: 8.0.15
Zend version: 4.0.15
OS: WINNT, win
Composer libraries: 
- adhocore/json-comment 1.1.2@fc2f76979f0a44a5f5bc2a2b600d0762fe0e78e7
- brick/math 0.9.3@ca57d18f028f84f777b2168cd1911b0dee2343ae
- daverandom/callback-validator unknown@unknown
- fgrosse/phpasn1 v2.4.0@eef488991d53e58e60c9554b09b1201ca5ba9296
- netresearch/jsonmapper v4.0.0@8bbc021a8edb2e4a7ea2f8ad4fa9ec9dce2fcb8d
- pocketmine/bedrock-data 1.6.0+bedrock-1.18.10@e98c511584a7bd58a95986374d2df4b04c6a2ba0
- pocketmine/bedrock-protocol 8.0.0+bedrock-1.18.10@017e57c8f8a74118bcbba7332e7ebac9e6c81693
- pocketmine/binaryutils 0.2.4@5ac7eea91afbad8dc498f5ce34ce6297d5e6ea9a
- pocketmine/callback-validator 1.0.3@64787469766bcaa7e5885242e85c23c25e8c55a2
- pocketmine/classloader 0.2.0@49ea303993efdfb39cd302e2156d50aa78209e78
- pocketmine/color 0.2.0@09be6ea6d76f2e33d6813c39d29c22c46c17e1d2
- pocketmine/errorhandler 0.6.0@dae214a04348b911e8219ebf125ff1c5589cc878
- pocketmine/locale-data 2.4.3@4d0b081f1a79407e087968ea76aaf330db6ea2b5
- pocketmine/log 0.4.0@e6c912c0f9055c81d23108ec2d179b96f404c043
- pocketmine/log-pthreads 0.4.0@61f709e8cf36bcc24e4efe02acded680a1ce23cd
- pocketmine/math 0.4.2@aacc3759a508a69dfa5bc4dfa770ab733c5c94bf
- pocketmine/nbt 0.3.2@3e0d9ef6b6c5fb45e3745a121296e75631b3eefe
- pocketmine/pocketmine-mp 4.2.0@44818e6d1456dcf1f0fd3cd27da1dfecbe03c08b
- pocketmine/raklib 0.14.3@4798576fec0364266dce23b368a7fec5e5de7927
- pocketmine/raklib-ipc 0.1.1@922a6444b0c6c7daaa5aa5a832107e1ec4738aed
- pocketmine/snooze 0.3.1@0ac8fc2a781c419a1f64ebca4d5835028f59e29b
- ramsey/collection 1.2.2@cccc74ee5e328031b15640b51056ee8d3bb66c0a
- ramsey/uuid 4.2.3@fc9bb7fb5388691fd7373cd44dcb4d63bbcf24df
- rhumsaa/uuid unknown@unknown
- symfony/polyfill-ctype v1.24.0@30885182c981ab175d4d034db0f6f469898070ab
- symfony/polyfill-php80 v1.24.0@57b712b08eddb97c762a8caa32c84e037892d2e9
- symfony/polyfill-php81 v1.24.0@5de4ba2d41b15f9bd0e19b2ab9674135813ec98f
- webmozart/assert 1.10.0@6964c76c7804814a842473e0c8fd15bab0f18e25
- webmozart/path-util 2.3.0@d939f7edc24c9a1bb9c0dee5cb05d8e859490725

Loaded plugins:
Biome 1.0.0 by  for API(s) 4.0.0
ChatThin 1.3.0 by Blugin-team, PresentKim for API(s) 4.0.0
DEVirion 1.2.8 by poggit, SOFe for API(s) 4.0.0
DevTools 1.15.0 by PocketMine Team for API(s) 4.0.0
EasyCommandAutofill 2.0.0 by jasonwynn10 for API(s) 4.0.0
FormAPI 2.1.0 by jojoe77777 for API(s) 4.0.0
MultiWorld 1.7.0-beta4 by CzechPMDevs, VixikCZ, fuyutsuki, kaliiks for API(s) 4.0.0
Particles 0.0.1 by  for API(s) 4.1.0-BETA2
PlayerSelectors 2.0.0 by Ad5001 for API(s) 4.0.0
PurePerms 1.4.5 by Vecnavium , 64FF00 & ProjectInfinity for API(s) 4.0.0
Slapper 2.0.0 by Vecnavium, jojoe77777 for API(s) 4.0.0
Sound 0.0.1 by  for API(s) 4.0.0-BETA5
Track 0.0.8 by NhanAZ, Nexus9265, Mcbeany, EndermanbugZJFC for API(s) 4.0.0

----------------------REPORT THE DATA BELOW THIS LINE-----------------------

===BEGIN CRASH DUMP===
eNrVO2lz3MaVf6WXTq2l7MwQ98EUE9IklXAjibMiFblsuliN7sYMTBwTHCRHKf/3fe91AwMM6Vi7
0X5YlSQCfbz77Ab/cZBWdcHbuwdVN1lVHhx5s4M2K9TBkR14geN6tu8sAj8MnXh20G30lLuIndiK
vTC2PdtxfdefHeS8aS/quqoPjn78aXag9OM/DtrtBnYcXNydXb1bXr69uLv48OHqw8HsoFBNw1c4
d8bLsmpZ1yjWtHVWrhhvmFQp7/KWPfC8UwyoZBte80K1qma/2+R8Cz+rlCF49qdNJe5VW2Slur3V
c7e3S/oJiNIsRyybvFtlZXP4YXld5V0LzB42tThURa3a2j6sN00//I5nJezLARyIwXJ/mZnNd1n5
UOUPqlBlCxBlVivRHvSzMALPopIK+Y49/R778FOAdBq25OL+WpXyomzrLfsHTgYwedse/v737OSB
1+yctxxXqfbHn9jvD3FFSCs2ddUCLiWBd5pv2DH78ac/4IpoCiMrW7M13t/aAPLLEiQIQoX9roX7
bcuaAtCC0zBsy36Gn6b1TkfzCDLSq7okzwRLu1KgINndnahKUGkn2ld/MmB73R2z24OuvC+rx/L2
4DVJw7Y8AnPb/q5dZ838j8PSCVKfFv1Cz0FPQPgiAVxKLc5XO8n2Enx9xB6qTBrM0R5mLWTQwnG/
XiOPd8htyyC37ReRN6q9Hgn8FSrmd2TOE9S2M0W9pyS9g5DbrkEOBtnWXCjtasaw0ei+y6qCrK/k
+NO8zw4G7z6wF9bCghHeteuqbjQEvsng4cCjOXTekie5kgdHKc8bNTuQagNEmcVNlbbn44GCk+0T
rtvb3nkqDvsPllfXN5+uPrw9h6FHlTRZi2QhA2dr3t6scedA7TA0JdjdI/jgO2J43ipewMSyViCy
9q9ZcfC1WEkIwe2tAIJAKfA0Iu03OTu/+FtWE/EDZ8PQlDNnEU0521SrVYYR5frqjfpq7Giot7cP
RMPtrVT904guw9b1zemHm4/L50yph5uqypsxU/3QlCnb39fXkqLzOwin7AZ19rX46gkAPnak/BM+
1m27aY4OD0EY6y5ZiKo43JF2OMAAbi94sz2rioKX8rRrK8gg+Yjxl2bHMnCe+djBz7ypysdtWdrW
V2N/BPP29gWavtwX30ANcLq8HLHYj0zZsp+xVf1cqRD/fD2uBpC3t4aK4eFLeHkHRUP2qapzOWJn
NDg11nBhzRPVcm/K19lnJdbLd2ASaFJ/y56y+7MfsJTotl3bdPcZPN/zPMvum6/GuECcmwKcEwy6
QIIfkWDQ4pj4f8r/CwY+4uRwBAgEteR1m4lcjV16NzYWE3C1sH81Z4BRzL+7uDl1/tecv1/z8vQH
qNh67F9uubqouFY5FCdE2o6VvZnfcNBT6VtQ63wtZWpwfRE6UPE/YKyr1VLVxYSlYWxqxN7CnzLz
NyVK/pB1BZuxwHvzxrLYv7NlXf0MVFyWaVZm7farsXqnMQCvPXmjxy9h9Trnm42qR4z2I7+hs4FN
GP4/iESNpuLLdXZddeU46uj3L/cky3iS/y97EmH+csJvoJi8HxGu3/cJ36tVNC4Ye6+euiZ2AjTC
dyJRvNzC00UpwQB4mXSrH/7zzdlX00rPItH4ZSy+EBYN8b9ga9e3lXu1yvzdcrFZ85oofWpViaIg
dzyragQboTKR6URAB70ejwieA+GwdzxWFXeyakvVTkZNf7wb6Op8/C55O5mHzN6qCeBVsRm/rnkz
oSWDHuxhPPBzQyod3otEd92TsapujeKhTIWBpuXIkBwv2oipHD6oFONcNgXfkESb6ZBErx2NXC/f
TtBvm7/n6Ev9Exum2upeldnnqQiengzXSC462JYXOQUNh6j/nG10bRpTqPycZ8l4O7w+FVOpV0ie
Y1ku9GcxdhnnVxPWZXVHpO0PwlA2VVgFNtw0k4XXWbHJ1ffvJjzvUQCvteJyj88if6yzPf1v2jWu
RAl7Jkgu13u2t4ZWu2uzvHFISC4JKVslWcnrLQy5IKgQJaEeVC4TswhBiXq7aSsz4GhhSVC0NkvL
1IS7A5i7Ha7RPJ7BZGVaTexWPlN5NrESEqU7HqoVuAf64arTttjD/wHcjV0tBRfrkfDRu9cbgxcx
qlLVfFzKT9wdXZk3ancWBvJ0CHzSZVhPOpbvgtiaOyjShqiFRyOVqACqFwWAI0P/9rzIjlQgbc8P
pEjt1EqlK6QTSm7LVEGUtFxhRQnA7gwpn7JSVo8Ne3/DlmfMBkUyQsscMEOLvernbes1O313HmDJ
CtyNxfNZkc94g2WsN3cVquHT5fv3N2iL+PJIERPC0aZqVH0H+qx5nek6kMs18FKrQwwSc1hjjrps
DAMnqXDSMIjDOLW453E/9RPhcCcJLEtaYeCkylJhpNCQkjoT94cmLlqLeOGeCO6H0o5Sy4nSyEsh
VSeOHURC2rFtJ5ZUynE9lysKeqADCDgQqSGU5gmE+vkD1NsQDPFUsT84OjE/0cBWddU06hBY5k2J
BzIPDhRG1olSqRdFcWxL31U+6MQSse97iRUntmPZQFTCYycOAAaEZjxL4LVYE/+FqUsOHsivTqIk
EZZj80jJxFEeDxV30ohLL+WxErEUyklFEsmJPxwmStbwNgfaOUkyWFj/0Q+CXKOFDVTGkfBt248A
aiL9iMd+HAVu6ElHpkCsJwKQM7deBr0zQbKF5+AtO1R+KEDuPPRsO0pEkvDQdR0VKhBurAIR2UHs
7oGn6LBzZRDoic9FqBSPbZ4mXEZSeHGU+kK5nlCBE4fSVwFM8ymkF5WIR1HuSeCFUeiBUQVBIjjI
1I8i3/EcFfnCcYXjK5CMz509gHigikmf9IOkWSderLhruXHsqlSmiRsL6VqOcmxwQd8C0JFjxWCf
e5CqvNrBAKtA+gMZBqmjXFcGke0KN5ZOLBxHeIEASdpyjxo67IaKQuaGHFDxieSA2uOW53pRAhau
IseOVZLajp+mNvAUxUJE++TkFdYOvbGgCbsnnrQSK7JTm4exZ4XKisI4iBQPA85T17VkAiQ7ib8P
aUW0kBMEIrYdYaWx5fugaum4thUp4Ug7jJM4SD2wMKD0GYT5KLloUIGdhiDGSKQuKEw4nvIU+L3D
hVQgLYvb4AYQ6qaghkAAEfWEcyHc0I+5b0U8iGUKPig8+BGGFk/ALIUvYi9JpyDKpO2z0ImrLBmr
NEgC4aeJ5yvwFJ/bDuTqQIV+4NqJC46vphB2j3MqmTxtNl8eqkewan6viwgItaSjMI58MBolLDfw
nCDAaOAmbgAeB4O+8qUKYyd8Cco824i+djmJHYcHngc+LwIBNHDu49/IdWxQva2EF7oRV3vybcqq
+qz63H5icfB1CM1hZAvPjrmdBp4C9/IgtLg+BmA/Vk6MPEHx26gtusGudsOTSedEwJ/QUwqk60RQ
CCXgSJ6V+LblB0pF0k2SIBAW3wHpukwaubqQLOIkCdPEd6MoiO1Uhm4IcvU8KRJPBrBbpA5oHbev
u6LhvN//PLo32yKtyi1oMN/i0da8L5sfgFS0SteCqGFHjogjmyd26EtwGteTiZWCcQdxFEcWGtdL
sCBlRNYIlh8moe2AxykpkzgUkNh4BKHJdUTkgTGEUexIR8W/Bssew5LKS7gjPZReGifSUnacOBx8
DgKx60N0gcwRpbpfKarPvG4PIbSp2mRdzDtBHHhAhQgjC2zV45HngBEoC3QsbUhfwCRYsONPgGzA
4+YYuymMuBiQYjdOQyXBZwWYRJLEApOuLxLLlxHE29iLrRDAUFc02NZiS4XpNwxbLQbNRJqtuprT
FQeWdXQ3N6mjbuvb8ht2s1Z4oafaFnqLhvFasXatWFWqBh54y4S+9ksUy0qRdxA+4AE21JD7F5DS
IPe2UJZoaNdVoei+7znUhqdqxiqYqRsEyhKIWPdsW3W1gcaylBXQc6QZ4YACBy/u8q0G/V49DgAP
zbVjwx6r8tuWYQXAawZtbwUhLMM8tkUq8apGc/+4ViXrNquaSwCwQJD4rwd4hC+MffNprZBA1lYM
L3gYADKXnSANKHUaLKilniaSdSJgINtctSQ5PLYXiuk8gyOFhg3yF2qecyyKV+oIwHVKzzTrroWa
sZybu9Yjdnvw7razwAi3TKxvO1upkLX4k9sFgxnbtnE+dYEVdramtQ6yS09WuWZPwH2OO2SYsQca
FiwhED7QmeGTCEtW6h3bf7s9MCI4zfPqkeVZg4Jh5taKPWSc/Ven6q1e9Xd8nJvJI0Y1ttl/QccF
ZiMDKTCsVBlYCigCQSbb/tZY79DnC/NhwRTcJ/BXsEbQJ5eSQeGn1Y7qBEXfs0LxpqvprpeBshOF
1IM61N87nqOiVtkDrNX306/662rHeq3ha6xqXqsN9NJzUPVqpeojWGDwv++KRN9hnzbbUtzw5h6M
rr4HK16YJR8bMAm6+jY848J1XZVVB1YDG5oZo0Nipjsb9MkZw8oe2GnoAhSkBDEBx4quBPvFJT34
azIs4A2svK6eMrBwBeIA1sh3yoFAlPNA1GWK3oKr0CtmLGu/BUHijTYMSYXXxGSue9vZK+ADr/gd
IyBiZm44PiJgz32Fk83UXVmigiV2p9WGVEK9UbNg5+rBPLMiW60hrNS8Wc/GQcBYE0qmrrtNq0e1
4FBABdA3cEfKhvBArY/ULsnptrZrXqYBbQbtEPqPDOxtMTE+WD7Xy3aOif8KBVi3fXT4c14lYFR4
5sX0DPhJkbUYagq14sm2BQWway13iySdNYjAALhBNT5mpAgyNIgfj3MNqre9hphNM6AVgiSwURK0
tFaqR6qtH5TXYbhgqwr0VmE0QjPRqFZE6pzIO2JWzw/QQPlBl4v/LzjBA8Xf4mPNa/mv8tG01YZI
MZF9IM0AbBjEmQ0mfTkiDDH31NmW440IpHjxiRzH0Nl8+1UoJdch0jC4MNFBniwhTzL1pERHYbvS
pGu3xbw6rFZPQinZ7Djr49zVzcURu/nL5TV7e/nu8oadLpdvLy+u2fLiA/t09eGvFx9mDBaxmytY
dcE+/eXq7QVbfrg6u7i+XjyPFRPJOH4wEsxS1VlFVQRG8AZZFWtFsZzkMkRpG3QBlYw0oYgWzSF+
qj4+G4BnVQlc4/dHGX2X9GumqE3wcY0FAUgIY5ZeZuBrMBC1d3lgHAwA0xUmIixTaNvi+Q60E3Ng
DsrcKIHVjJY2Eq61rfcO3IDpqU2zY9u1DN/N618jzEjBHUlhxesEfGi+axFM2HpZ4uSWSJbZx8w+
CP8FLzuqoMYUQY3ZgYW+nvVp5bmJ9kaqs3UK/VSrOS92rrpgVzppaIeA2qfqcjlQk0EmeizZjoem
B70hFoDlwLJGXAPONxRgnuVcMisNZ+Axrauiz979frNmPjbefb0jZ0a/L9gNe8HgnlnOdV8LozJr
wImGagxedsVGF4x9bcrM1Byndno8x4VmE/FCRPcc4fd4jwoCBH9B7FAPQD4FLA9ghE3TKQwm7Rq0
uepLaQx4iG9H2axXsC5ATLW86OnBxf9UbgV/mtNBc7Pj4YxvcDwrugISOF4/IZKWl1A0g5KZ+ZqM
qNlJGv3KiJY867kNQk+xGSgjpHMs9jvI6N5Ek+eVnt63fCzEMG5qLP3y3uE0RLN0n08qUuZ0rD3i
9BwIo8IIKleUKdCqqxkNS3+vxvQuze+OV9g2SFnz11OAy8fdA4o0x+7HwP4tcL9lq/ivVC0q9GhI
PVAZrqtcV7kJb8WaegP99d0M44pJXxQfdfPXfwBJKStRQ73bp89vxjrsJzFE11v8mGs1Y3N7pF6j
WkI+b3uChtRCWWBXUNMFCdaxUksCmznqPXA7DBriFuwvUIzSt4tYXbKz5ccZ7AU6EvDGx0yCg1Bl
0sfhAcOcMByxYNcD7BqEhuQ0Wr1gpxKC3Zrn6SF01rpzkQos3aADxAzPSdEAR247TqsjcHsN1xPG
Rqx0eb5gSMjHZbnsK/9dP4wNDhL2CIlZb+025WZuRp41Xu+MjzbZZzVoGPuEXrH4OV9frEEfoU1m
lLy92NGbXi/Y0uzJeb2iDdw058Y6DM605itkBDQEAmw2OdVH2G0XwIKij4tRa2d5Bqv0MUINnZ5q
Wvbu5iPR2gBbyHzStQwPLkixO4S631ns4lPRdnPcd0QUT5tYVdK9GkWGlOG5CdReUDL3zLbwlmZi
wSjvrTmWGSwrQEItahL0Qt9tQ2ibET2gwAcifI3ygIhNQRzSP6d00Gj16mIF1rbGapEbpY9OTHgc
2rzzKyrKzi+vT7+Deozqt64km8Jw32F8pUthXYJkaJzm82g5bYF2vE7jgVRJtzradZV/ZDZ2k6Zo
XkN4oxXMHF40+twF/b1sqr40MN5i90A1Fz3Us3VVNXRG0zeUqj9EoFyAx+ys4Q+73AMvaq5n6RB+
HBCRSHyb6YLRHGP9XGWlPtAg+X3Lvk+qJ4wQNbs8Z6++/3h5/hrsAcID0AHrH0GZqK4MCgpwHmw1
aznITBc64C3VTqclRIXvv3vbYzCN6GjkW0KH94hUnJDaTdFDHFb9sZpJzU9A4Rw/5Tiu0tQghtks
3c6fukxO1UQSnu+fZ93QgZR2SP0rBFoalCuM93WNOR4TEHLaPjybXXO964iZK+cenU5GJqwO2DCz
8nI19FAlbs730/ysX/WQqcf5kPxfOlXsxX1aVB1Gm1TnThN8QIi9sLFywKhqTnXALPDNpH4A8IFK
gREAEkOp9MlBojTARKUYLZoNfyRjQTs2v6igzQ4nnpcVWhiIcCQMiJ+M75MNnAnKgUxBnn6ZYuvX
SOY1fi/EeO8WQPgOAD4NlLnPDq+SvBLk+k0mdf6hX+AAjYNZNl0ylsoKEzOsUFKnY3oZUiWdpBnT
4UKoXFEPo53A4M2ze0CCfT5FspyDEFZ19diudRwEJJytNbxRkISY0bR9oieC5yiXnrz5Tkg9g5fn
zYg7DPdoExoi01fTA7PDiVpfUNGuPbUBzDlz2DdALrT6UwXvTu9GOl48V7IJgI88o14c0hO0ptrK
NtWmy3dOZl6xnqBVJhG5To+Y2jXk22DEjI6xDwqPURuEo+YE82gorvDglQ4K9ISuSYz9AVnj2C8n
p9Gwc46/HvNscAgu+xPm641J/QBRZa6/6BqtXoN+jzRZi01RbBZZNfAA4XNbYIsL4aDF02fRjJnB
pGhWsN0KYoqCJ1+tarUyZ6vmIFYfKuHvYNw/55hohZh1dX51BDKam5SjqxIMh49Kd0scwsQj4WyI
gTErNLoY3cJAZTDRSrfBL8N69b0gblC9XjMYIFRj+E0HZc9JXjvDSxM1PtqcQQrarDk4lcL8USM9
u1oZMlOqauiX5hhvS0zAo727ZKkTFZ+cmZqPa0aZvoNWAcosCt19bDRwjSnoFT2yFxSvGd3XfJsV
45RligEEj7vQcTBDoaIxXyBqOhg22/orgcUYkZnbx9QL9bfKDpO9tMq1+4wO1QwUQNIOou6Pz9Zm
WMfPemh+TMjBCwzoOiXVZ1k6gMKvG7pa35NhEOtPkPrQDhBN4BunfCgaeTM0nNAHcPxebXjH2gzo
NZo86lXaz4Jp45HnEfuRiimor2d0BvpTD17XCKNKYnyjR4xh8V9TPsFzJB0d0QhV+2Iyp2RAHXFD
zQ6dM+DH7ptcmYpkykqPm+b6F4CLHuRZfWrfYT5ib96e3vTD2C0pPHz8g/nOZubHT8BhqWbuk8zq
dkYx/g+jolRfZ01PbHREwFwLojcHsLwzFpqDOsWW6V+e6+o+zPeNZz3cg1GMAjiQCwXdbja93Ob9
NRoYSd+XfPOGghMhox0TMFTUm5G70cicSuFJhVrp5kU9QbhsTPcu7rHfa6g/hXiZZNBlbXXFSeuQ
ZyAHukmdmnrX0rwSDija6lG0xyv2fWXjXfRyp/ozupCmu1i6zv0EQnhfPTDbYlZ85IVHdsA+XX7H
HMshffT3pMfg83QRU7XyGO8qeZjedmnqBPS/oP9pxPXo/0Bf6yI1c3TcYzu2dT4dDT4ENExVhGl/
sg0Mau94XGetmuMNqBnANtEUmsf64HnF8QhFqmMiVl/tDmNQreMoHoDjnVr/vnnYGHgyw64RLH97
TJQNBjyk2ONdSY/9wrH+HZNRma/kaAl+ZXF8fvHm9OPbmxFLdEnbY6dshJ5uaJjU3sdaQqOGg9Yc
/PLfFeAqZg==
===END CRASH DUMP===
