PocketMine-MP Crash Dump Wed Oct 20 18:30:43 WIB 2021

Error: pocketmine\world\generator\GeneratorManager::addGenerator(): Argument #3 ($presetValidator) must be of type Closure, bool given, called in C:\Users\nhang\OneDrive\Máy tính\FLOTV\plugins\MyPlot\src\MyPlot\MyPlot.php on line 1275
File: pmsrc/src/world/generator/GeneratorManager
Line: 72
Type: TypeError

A PLUGIN WAS INVOLVED IN THIS CRASH

Code:
[63] 	 * @param \Closure                        $presetValidator Callback to validate generator options for new worlds
[64] 	 * @param bool                            $overwrite Whether to force overwriting any existing registered generator with the same name
[65] 	 *
[66] 	 * @phpstan-param \Closure(string) : ?InvalidGeneratorOptionsException $presetValidator
[67] 	 *
[68] 	 * @phpstan-param class-string<Generator> $class
[69] 	 *
[70] 	 * @throws \InvalidArgumentException
[71] 	 */
[72] 	public function addGenerator(string $class, string $name, \Closure $presetValidator, bool $overwrite = false) : void{
[73] 		Utils::testValidInstance($class, Generator::class);
[74] 
[75] 		if(!$overwrite and isset($this->list[$name = strtolower($name)])){
[76] 			throw new \InvalidArgumentException("Alias \"$name\" is already assigned");
[77] 		}
[78] 
[79] 		$this->list[$name] = new GeneratorManagerEntry($class, $presetValidator);
[80] 	}
[81] 
[82] 	/**

Backtrace:
#0 plugins/MyPlot/src/MyPlot/MyPlot(1275): pocketmine\world\generator\GeneratorManager->addGenerator(string[22] MyPlot\MyPlotGenerator, string[6] myplot, true)
#1 pmsrc/src/plugin/PluginBase(94): MyPlot\MyPlot->onLoad()
#2 pmsrc/src/plugin/PluginManager(259): pocketmine\plugin\PluginBase->__construct(object FolderPluginLoader\FolderPluginLoader#54, object pocketmine\Server#10, object pocketmine\plugin\PluginDescription#22981, string[55] C:/Users/nhang/OneDrive/M..y t..nh/FLOTV/plugins/MyPlot, string[55] C:\Users\nhang\OneDrive\M..y t..nh\FLOTV\plugins\MyPlot, object pocketmine\plugin\DiskResourceProvider#23218)
#3 pmsrc/src/plugin/PluginManager(398): pocketmine\plugin\PluginManager->internalLoadPlugin(string[55] C:\Users\nhang\OneDrive\M..y t..nh\FLOTV\plugins\MyPlot, object FolderPluginLoader\FolderPluginLoader#54, object pocketmine\plugin\PluginDescription#22981)
#4 plugins/DevTools.phar/src/DevTools/DevTools(70): pocketmine\plugin\PluginManager->loadPlugins(string[49] C:\Users\nhang\OneDrive\M..y t..nh\FLOTV\plugins\, array[1])
#5 pmsrc/src/plugin/PluginBase(136): DevTools\DevTools->onEnable()
#6 pmsrc/src/plugin/PluginManager(425): pocketmine\plugin\PluginBase->onEnableStateChange(true)
#7 pmsrc/src/Server(1322): pocketmine\plugin\PluginManager->enablePlugin(object DevTools\DevTools#22907)
#8 pmsrc/src/Server(974): pocketmine\Server->enablePlugins(object pocketmine\plugin\PluginEnableOrder#22897)
#9 pmsrc/src/PocketMine(293): pocketmine\Server->__construct(object BaseClassLoader#2, object pocketmine\utils\MainLogger#3, string[41] C:\Users\nhang\OneDrive\M..y t..nh\FLOTV\, string[49] C:\Users\nhang\OneDrive\M..y t..nh\FLOTV\plugins\)
#10 pmsrc/src/PocketMine(316): pocketmine\server()
#11 pmsrc(11): require(string[85] phar://C:/Users/nhang/OneDrive/M..y t..nh/FLOTV/PocketMine-MP.phar/src/PocketMin)

PocketMine-MP version: 4.0.0-BETA6 [Protocol 471]
Git commit: 46920818b5de1632991c29620b4822fd87f7946b
uname -a: Windows NT PC 10.0 build 22000 (Windows 10) AMD64
PHP Version: 8.0.10
Zend version: 4.0.10
OS : WINNT, win
Composer libraries: 
- adhocore/json-comment 1.1.2@fc2f76979f0a44a5f5bc2a2b600d0762fe0e78e7
- brick/math 0.9.3@ca57d18f028f84f777b2168cd1911b0dee2343ae
- daverandom/callback-validator unknown@unknown
- fgrosse/phpasn1 v2.3.0@20299033c35f4300eb656e7e8e88cf52d1d6694e
- netresearch/jsonmapper v4.0.0@8bbc021a8edb2e4a7ea2f8ad4fa9ec9dce2fcb8d
- pocketmine/bedrock-protocol 3.0.0+bedrock1.17.40@ea9e22563b3d56f3b94b4a132c725912d029c101
- pocketmine/binaryutils 0.2.1@8cd078e2426f8100331f2d73bef10f481dad6cde
- pocketmine/callback-validator 1.0.3@64787469766bcaa7e5885242e85c23c25e8c55a2
- pocketmine/classloader dev-master@80226e0917be79ac3230606113e25134a31e6a85
- pocketmine/color 0.2.0@09be6ea6d76f2e33d6813c39d29c22c46c17e1d2
- pocketmine/errorhandler 0.3.0@ec742b209e8056bbe855069c4eff94c9734ea19b
- pocketmine/log 0.3.0@03ab1316da0b1978a7a1c8dd73e1c2a973cb62ec
- pocketmine/log-pthreads 0.2.0@6be3445c48c62eba3922f987f000bb20c81d161f
- pocketmine/math 0.3.0@83ec067b12c066fc61d9fb129daf7e61ef3b1d63
- pocketmine/nbt 0.3.0@98c4a04b55a915e18f83d3b0c9beb24a71abcd31
- pocketmine/pocketmine-mp 4.0.0-BETA6@46920818b5de1632991c29620b4822fd87f7946b
- pocketmine/raklib 0.14.2@e3a861187470e1facc6625040128f447ebbcbaec
- pocketmine/raklib-ipc 0.1.1@922a6444b0c6c7daaa5aa5a832107e1ec4738aed
- pocketmine/snooze 0.3.0@fe5b1dbf0d6267da882d1f67924772bd93db833d
- pocketmine/spl dev-master@b7a8904f912c1f6d38ad867ff1120614ccb80171
- ramsey/collection 1.2.2@cccc74ee5e328031b15640b51056ee8d3bb66c0a
- ramsey/uuid 4.2.3@fc9bb7fb5388691fd7373cd44dcb4d63bbcf24df
- rhumsaa/uuid unknown@unknown
- symfony/polyfill-ctype v1.23.0@46cd95797e9df938fdd2b03693b5fca5e64b01ce
- symfony/polyfill-php80 v1.23.1@1100343ed1a92e3a38f9ae122fc0eb21602547be
- symfony/polyfill-php81 v1.23.0@e66119f3de95efc359483f810c4c3e6436279436
- webmozart/assert 1.10.0@6964c76c7804814a842473e0c8fd15bab0f18e25
- webmozart/path-util 2.3.0@d939f7edc24c9a1bb9c0dee5cb05d8e859490725

Loaded plugins:
ChatManager 0.0.1 by  for API(s) 4.0.0-BETA5
ChatThin 1.4.1 by PresentKim for API(s) 4.0.0
CommandDisabler 1.0.0 by  for API(s) 4.0.0
DEVirion 1.2.5-ALPHA12 by poggit, SOFe for API(s) 4.0.0
DevTools 1.15.0+dev by PocketMine Team for API(s) 4.0.0
HideCommands 1.0.10 by Himbeer for API(s) 4.0.0
MultiWorld 1.7.0-beta2 by CzechPMDevs, VixikCZ, fuyutsuki, kaliiks for API(s) 4.0.0
NotificationSystem 0.0.1 by  for API(s) 4.0.0-BETA5
PureChat 1.4.11 by 64FF00 for API(s) 4.0.0
PurePerms 1.5.0-legacy by 64FF00 & ProjectInfinity for API(s) 4.0.0
SimpleNPC 3.0.0-snapshot by brokiem for API(s) 4.0.0
Sound 0.0.1 by  for API(s) 4.0.0-BETA5
TNTManagement 0.0.1 by  for API(s) 4.0.0-BETA5

----------------------REPORT THE DATA BELOW THIS LINE-----------------------

===BEGIN CRASH DUMP===
eNrtPGlz20aWf6WXSm2kWYLCRRycddaKJE9UY1tcS45TE7pcDaBBIsIVHJLoqfz3fe91AwQo+Uji
quwHu1Ii0Oh+99lo5N+TuKgy3ry7FVWdFPlkYU8nTZKJycJwLNs1fdu2ZpZver41nbSlejQzPNsw
54Y31w3TM1xYlPK6Oa+qopos/j1ptiVMm1zDjxybTjJR13yNo2UR3ogmS3KxWt0VVRqtVmuRi4o3
RbVa/aO7fMFzmF8tFjyK+sHDowU7qdZtJvKGHVjs8JuyErVofuRpEuGEI5a1dcMCwYqYIRnsNC3q
thJTFhRFytbJrcinLORpKiKW5Ox0sVq9roH71Srf8Hy9Wl3m4qyCaavVi1Wr68LYsoYuonyzWj17
fnn942pVpu06yWHRi+0yLZrVqq7C3Y38nZWbkhU5S4FVZpjuHMQQt2n6LElJDhteLY6PTxfHhP+Y
0B932I8fIj8m3MdLkt8LAKq9WM4QyjEgPyZRHveSPN4XJFKDBCjkGa75nHWwBhmYLFwTTKPiIVz+
PDnQmRLBsWSWYKlL+XOILIO+fp++te9G+q6bKsnXP5vmWzYWbj9lytQc5y3LtiU8mrKmasUREH5g
sB2jkt7jJf18z2tx6NtA3his9l2RPy94dEjLzQ8tV8QemnN/j0M5bbXaodG+e/cuLHKgsg2bwyL4
RYQNe1akkajkJMQnQBQPxw7m9pSpFUMkV6IChz0w9Eefjkk4E3VYJeC5RX5gmr5n9AKbz9+yD1rf
bAaWN5v1VjfW9h6Mj7hQD+dDrvNRFs6S+uaVqIu2CsWyKm4TFIppmYZH+rE+pR/L9z6qn97okrwR
Vc5TlLt8dPjlOfxzSv+EWkkgdu+VZ+L2GgJevQsQ3Uh/cejqnyectBdK3UnF9v+4VKaMVxXf/my8
JZrnH/VRw3KAyI5ksAh1hY56nvMgFdJVnU+Zgm3OP8NVO6BXDW/EKXIlDvto4g5wSBcE8kzz84Qo
CK6yLaXeh2yhLnWXsHkPsfmuvYdMPhhDrw8/aT2SycuK3AmSu8ToDzDussyh6VsfwPpIYEMxnkIx
UCtjNh+15bZJkOsXHI1+DfI5sPqQYhu/27R2a/+EWcqEoT8uA8tw9mRQS5XIVSrPHBoGzKrEr21S
ic5VPAggn8r1+9H2Azm+Hz6avP1tOhFf661P1lt/otwBCUu075L8tkhvBUoBgCV5BOoNG5gaFpFA
BTgWjK8a9jf2tOQVz9hqpeTAPvBvX5DsFEQU8PCGNQW7laOC9XSygkJ9zaBeZ7m4Y8RHDSQ49h5q
kvtH/n1TgN3eVQmAf7MRzUZUiBLghqBE9QjslvF8y8R9UtNNJdZwJSpQ4o6mu6TZMADAap4JlsMf
pGeu6MFrZ0fbpqwbnmt74lFOcsQW7H8ucuK718ilZPn8PhR09UBmiMEdYPM+gC3EeKRJTP/dg/+O
fUMPcKW/g+LqPZRmUxV3NRCrKOs8oacIpxtq+jHemHRTtkGahCxu85DofqSiVbi7wMW+QelNB2az
z6vyp4HynrCYp7VA0d0WSfRvxC/NcNW8xvi6WDSilhAuchRHKA47tD09iwWNHP0dl6Mp4e9cgUni
w/8YYOQ5uHANVB1+02wSSMEp2MTPRDpQA5w0RVrcQVCkoaO3R0dElKOgrRoSKJnvh2V6uJqcpAlH
sa8mBAgvAC/jaSV4tGVAbrLORbSaSKpdBf83vPEUC74afEDpWyAVKdh3/PO8qba9fB7EOcTkSdNA
PJ4h8XhS48d/+9vkt6/t0df26Gt79LU9+toefW2PvrZHf3F7NJ3ILJpieU6l6WIyWgaEBaCM3c73
xJ7pM137/vz6xMGHbZJGk4WpG/Z0ktTvInE7WVDFBW1BVTRFWABs2zUAU4Jtge34pu4ZXjCPhOFY
pu8boek7ph7YnmnGkefGrm87AcBuFUFvoJXACvPlNVueMgPQM0LLTFPXdXbYPTf0I3by4gxKfcC9
KWGlB7QaOty+F3mkaKd7ePyuqBH2xcuX1zBAN3dJTt1KVhYg4HdpElS8SkSNwuHRBnipxPEvdZFr
MEe1OcbMmJlP49CMXcd3/Vjnts3n8TwITW4Gjq5HuuuYsdCF6wkXJVYl4c1xxpsNrNZn/sx6GvK5
GxlerJte7Nmx67qBaTheGBm+YQR6JIRp2RbHviHioAmoMIvsOFStkHbbV/oLkNlNXtzlT9Uv9nbr
qoBq9BhY5nWOBdmtObNm+lNTB+HrlhVa89i2oJMMnLkjXOEJzwvjuRkZkeP4NmLNRYOFHq/CDfGf
8bIUiO6WrOGpFwShbhrcE1FgCpu7gpuxxyM75r4I/SgUZhwGXoSS763/OBBRBXfazk4mFoL7L/UA
ROvObP2pACCmOXeswIrmTmwFvh3YHIJm6ELpZJgRMBIaurEHPcl5taUYQYI2Z8ZTEKkOajBt04k9
QwfmjdiMXCsQsaHHtmdEPHLCSIwhPSpoAyi1njq267lg0q7jBCEHvueeNwfwwpuHphWac+GF8zk3
9wBiaEsptAEkcBkt49g2PvV003SE7htuIFyfh5Zp6Y7uGIYlzLlh2dwyhMO9+R446CcqxaP+VPcD
4QjuRK4Tm8KyIsczQMd+BEIyzdB2QsMVRrRHEm2SQDyJUiFBoYWI0LXNwNR94elzJwiAq7nu+KEt
4ti3Q9+1bMENPxiDSot1D0G3eGBA2Iu4Hhi+63GXG6EXgcgFuD0HCGHgmCJ8AEEroQuCPqbu+XIC
Ydn2PLS9EFYE3PIhXPgQLiAGBEBkCNozHCMeg+r9DKnxLBHqjhsYJvw4cegYkR/DnR/x2BWOIcC2
wOitMYg8aHoIvhfaXLcD0KlvzAX4rGdFVqCHIPTABMM3eBBG1p4p7i61rByH0Ke/Ix4OIFb8BqIT
kWXYEH+ExT0wE7BFVxdGzMPQccy5buOLx9i2XQEOGvB9OUsoWlKGEhJ4CAiVO7ZtA0tO6Eac8zn+
50G1rIPZiNB2LY+LPU+u86J4L3opxWIOcgxiPXJMB4B4HgST2HF903ZdM4h8Kwo8sMw9IGU69obA
5Z6v2zG4eAjLI0AceY4bx4ZhglPYIYQU3XBR2BXParFFT0gF7SaQh5ogmRD+ubYQc2GZnm4ZgTF3
bD2YG2DRQnigvMBxQp3vgLRtInMFhEkI7H4QuHEwtzzP8Y0YLBdsNrLtKAxsMBWQa2zaEVpdtWmz
mvNu/cNIXG+zuMi3YA7pNk7SVAvVjuQtkIpyA9+M/Lnru8KPYt/y4igyA91yfCuYx5AkhAN6MULx
GCwI79R4S1jGUwPDm22JyOA+hAEO0HwuDDCpECI9pBfdnNsQZj4EyxjQJRywLT+2IuHPRQz5wrc9
CwNoaIcWEGU5JtiohfXAnQiy4j2vmmMIcaJSGRJzhOM7duiCUXk6BFqbezZYgyXAb+PImAc80GMD
QvN8BKQE99UwhgMcmbXAeHxw1ig0IQBxIwj8EBPkPAz0eQSpC2iD2hfA/NZvTFL+hjK86TYvd7XO
cHQ62RU5OhYKMMLbZlNUAOBnKJV4meCuxc5751hAyaI56queSJRQbKgldRE3Z8OBDIpVgP8SQu3J
v1arAX5ZyOLGKiQGLMMur67fXL56fiYFUicNEoz7J7joeoNwRnzQ0JAJY2bvMTFZYhrPm38m2WSP
oT/Myk2SQf0r4a5WIRDSbLBHGJD0aY6gnILcA406EjBS0N6TMX9I90eU9Id5qlsob4IiCLZYYQIv
Yyo+X1Vn5z8mFVHbc9QPjVkxZ3Pt5PnyhxPDHKushNYmwV30q8tn4otpTUJdrW6JltUKwq66GtCn
2Lu6Pnl1/Xr5kDnVbg6Z64bGzBlzqOqwNRgbY99osGvBP26R2D5/JmsP++GPs7JpmrKGvgrksWmD
GZT2g86p3+dAhn9IIqFMYcj0aHjfQI2xhcLkLBBgyF9KkQreajWk4vMMdCOXzoAJYO5FmzbJG9xa
HbA2GBwz5kIIDETD94z19L0IN8sXIDSUxI/JfXJz+i860AOVeN3eJHB9A1V0clN/MQmEiLPMwLyA
7wwJVhvEI+I/LomHJjDg5HgACAT1smiSOAk5lhlXW6hUsoHAHnn4V+SVh2R8fsxathVuWjXDLYFu
6EF62csvjv3sma7/PtUS9KWoMjKJMWeTZ5zKuXpZFYDpJ4hSRVsvz7VufLLj/Z1Evlp11O6u/oD+
iSi1DdqDUdKRxI7FI8fG8oGop6VizcPtY1Ji/8mAK9zVusjjJE+a7RdziZEoiLLB5RcQhoQD0rhK
sjIVL5enA2nsxobSoM5eq3Ne1puiGcsjqIqbRHy5kkTBW63qvAxXqyFBv5dzBep4BwO5Ltp8GCXl
/V/h54T58137+uW1rDbl5lXPwHj8r2BkRMHnMoQVPr66FtAt7lUU3Y4nhRTaZJ2VVQFVXUP7eZOD
ZX/HTgvwvzXDQxCrapUfXPGGXYYNMxxmuAvdXugue3PxPTN108AJKc/XLZD6RORrvM+KJnqCZzG4
G6/aODYd+hvSXxqxbPrr4GxJjVYWVfPE8A3LxMG7DfCk4evXJ4Qi4/damfIt8PXE0HFkDWxmRSTk
czqHoPVjRRzjKPAb4R5ld1/elk+gpIOrKIkhHUAa2z4hfP27U60WDR5dqJ8QZ+JWpBoaxRO5sd2P
1UJEgynYuD45O3928vr5NY5K3Wu/tqLadtjBZAqt5rdC0XCbiDstSuQr9ieS7/uguNfQttSc0Y7A
bJth33fA0BpYSFpqK8pppCw65TFSOSiPXW+gFWEdW4xXgg5fFDlouoEgzkKe5wUdxknyMG0jeeLm
gZEgrKsik0d2HsKseSymrMCDITWCZEEl+A3bFm2lYLEkZqAdyMOEARSDx2HSLQJ+Ke56cMeRiDmo
pmZ3Rf5tw3BvlVcMxZcBs7j7uEUK8RW95PtuI3LWluuKRwBgtsrRqiSwxSpn7GBwYgXasogBCPVy
A2RQ8bxOeQNE0WMiNS0ADbAKV6IheWFDEAomtwRxJEPI0u46B1jIsxX4oN60TVTc5Zo6UbVgq0l/
UCncrFpDCJfBgGEYNGwNbmILHGlClJ+kaXHHUnWeRvXv7Dbh7H/RtnAOGZmmHg1IOJDvo9QiOoaB
zsBApSA1BBdsmZI1zlc22z8egnqTgMSKHATPo4hBcyv1g3IHjdywTHA8f0IHvkArgUCqQXri15an
KFc60YUnlFrBDhVSCCBHCF1iFFolMAhooBd8ebWAx4T7ZQtleYVmd1Jv8/Ca1zd4jukGDG1GE17X
oDu0/Y5TnLapihxKI9bA9HoqDz51h5DAYaYMX2sAIzUdtQHZQCDFsazNVZ0ogV+R/vEcSQl03idg
ggLEACyRaec9cShbRdBFjMaMc9BopyxpvgXxNRUtiyA6h9Km9hazQ+ChBccySSzEhqY4XRCofWPm
ZB1Vm+eozghDUVGSEuiFUD3Dl6HqmmXJegPeXvF6Mx16p7IclEhVtWUjR6XAUDAZ0Kb4IuWC19Lb
nkh6DMdjRED24xSgjaDNFSBosK7ZwNBwZ1NO6i0NAj0E8GorvfYfaRGA9WCqZHIcHCFLGnT+DMrI
YNuAxNmVFLVOwpU7ErT8GrV2l5DkyaLAq+80Cagzspo4jJMKjykxoD4nWHElRIdSGjloq0U/ZusC
FIWHm8gqENGayNSItAXTkQvATjFa7tn/v+cAa4+P0Y959M/RXzdFKc/8yfjak6TA1QzCR4lbpFFP
EGLtqDJ001aEURB4Q16h6Ku//QIUkl8QSRgxWNhCdsohOzFxL8KWom8hSZYeidmsny3uQ6gH6h1H
MnBdXp8v2PUPF1fs+cWLi2t2slw+vzi/YsvzVwzqt3+ev5oymMSuL2HWOXvzw+Xzc7Z8dXl6fnU1
2w8BI3mYc0eJA1qPpKCMjYG4RgbDjaCQTNLog60BsoeaIaLYQlM0CIVChlkCBXUf8AkBGqwJ+f2Q
sUkjgxINM2SO0xQygiyBQOjdBXLcrFI4LjGHYCFAC2YPZ6MtqMoZ1FaKEOsFKVkkV+pVru15APMS
Zb1j1dIVr/XR4yQpzi3F+ZpXAXiGtntdQgHocemSqyE5ahVTqyB2ZzxvqToZUgKVWws2eDTtcsK+
EXZmKNNrHAMsyW+2c8EZu5QxXxo8lBdFm0Y9LQkkkbuc7eivJeCSyAdGHdy2zRW2ZxQsHiRJMh0J
oectroqsS7ZytZqhDU1zqGHkRmnygW2wR0xqZB1XXUWJKqsAE5qhMuSozUpZfskaj6kHGj7o9HWG
k9QCop3I7DiAO0jz4Oz8EQFD0obEBxhuBR5XbUUtTyrXYt2Voxi0ENuOqmmnSFkjqKpzJqnBqR+U
E3Y04abNb+qO9lNe4miStRnkWEivFeu6A1Qkk/2PpGInV/QXJUrymIc2BtV4qSgihBqWyS0kXbvX
2FkhH+3bNNZGGPUkfDm5cyEJS00cckaVgxZy8M+eN3xTQLUKlI8oPaBOFhgSSsmxaWFyjeRwxx0s
U/KU/HSYcXKHVwowxT5Bwf04qI/Z4SrPRYMKW6gUAaXZpkhliRnwJtxQKU4kQ9UEJqSSDMU22Rqp
pzK1BKIvNmV6OxhqqXuEYbXa4rui9ZRpxkCBpDxCrDUdMSoFUNTe1bHUjGIJGUnOsdmhQh8Xw6Ai
a8Z+gFoQbOkJFXfsdPl6CmuBhgD86y6JwOypVpDRs4evEfwFc7qye1eRy08MBnNn7CSCQLXhaXwM
vaZsEyIBNqxQAVKG+xloYANH3KW9AbBRV3OPUQ1LTJ7OGBLxepkvu2J71yFiL4FE3UHaxIVtmZea
ut/rbl4or6uT96LXJ5blnRrxXV5XMkHZLs1jkFpt35SLjmZsqdakvFrTAq5aVWULhDGu+BpZAJ2A
2OoypYoF+88Mv3kBZ+cV6uk0TWCWbKjxBJyoG/bi+jVRWgNLyHbQNgwbeFLlDp1sLmZdrMmaVsNV
C6J22B+KPKy28lMJYBl3DqAWgoK1YxMaZNwsmTHKUhuORQBLMpBNg7oDbdDX4BCmpkQLKO2WiN6g
JCDqUiCGFM0pnNdSpbKUgLmNslHkRMgNBBXqVDd1dklF0tnF1cn3UB9RPdXmZEMYsFuMlBgmI1kk
JGiM6tObaNhv7Pjc+Xokgna96Jq275iBzZoqWTcQrug5Uz18LXcd0JvzupDJW3mEgcAk1RLa6aYo
atqZ6Ho10XXjFMUj3nBW89suW+C+kNrh0vDZLrAhYfS2TxZtatPmlyLJ5Y4ASepb9lNQ3KPnV+zi
jB3+9Pri7Aj0Dm4PNMD8O1AbKgZfF4BzYA9XRUo+svwAbyh2usvB23/6/nkHX/V3g5FvCRlujVHh
QOpVpQjxVnRbSCqNDna24pjQwrMk3mr3bRLtFNLtrg13b65p+0W6mvwfD0gZ0FzlV22ttoFCCCKN
DLNqjSbXLOT8KEA0MoWo8KiwYA7Eo8ldj5LjsnQ/FU+7WaPtu0d3zKRwT7KixegRy1ynggmIrBMt
5naMjrQVAurHa0rOsPgVperBYmI8F7L1DoQEFogYfb8u+R0ZBdqohE6mhcPjpC/ZR0Q9+xADGd8n
FXgJKWsxAfn0MSr1x8nkFW7EM96ZOxDbLcbfnhprb4cnSIuQ3LdOIpkz6Jsy0CkYXN0GQymsMYnC
DBHJ1Ek3fWqjrSZlHDwMRSqoU5DmTVjT5AZQYJ9MkSjlwPq6Ku6ajYxjgIKzjYQ2CHLg/XUjUzIR
q6E0OtK0nWgkaxdn9YAvDNOoeQmNyYOrPZtqy6krc2jNSEkAT2MmOwAyoVXeKXK3rdXrcvZQmSp4
3XH5oR4kE2j1pBWVRdmmnduoG8z3NEelDctEhNQGIZeECTMuRi4oCVSDQZvcciNvoUod3Hek5loO
y0pBWRYQsovQ0S7ooWdq+Jnk3lAfGMbD5QZq8rgY5HSIB5p8fdXP3IDeFpKUWZll5SwpiGIIddsM
m0Nw5QY3WsN6RzqmKfWc7Z4TCxTm+HpdibXaUlT7j3KbBb/qutnnj+iDWHN5dolH2jWVFGR9gOHr
TsgOhNPXZoixJsJ3DNDYbPBWAPJ0L/m2xA9ApXIeCBUUKp8rY4JKCE9uUy4b5JtT3LwXw728KSSH
csPBLQRG9gpp6OpSyBixqKD30DAu5pgM5dMud8nMwUd7g+p92iDZtlCDQ21DsbULYQogaVk+73A8
0Krka6jWJsl2GURlYwSK89HqMWGgFjGMI0La9FSLug3u2Q6BejLE0Enu4/leJROpSekBg70kBQPA
N0qe3a7RRg3KEFf1nYSKDrgJD81aRGVQEveA8OxzW8lXMhhtuq0UGXkBnopOXb7l+NGk6tOgtOb4
VlfdYQEENCpdLTqlyWdgo7int2A/U+UCReuUNvneIlD5lXGfvIeviogNrKQrCvCb4cfKuD/yWB6l
+EztY00dA7XfeAQFaFVFwJB8iZdokJcMX9ZhrpI5dYdxwZ49P7mWg/LLTWir/q5O20/n/j1wlIup
dR8lVTOloPt3VenJly3DTQvpxJjoQLRqT5G3yurkqQcmv+rBD3Vl3O06tap/S0NBBeBAOgrpNVnd
yUnrXvGACciy/uAZRRNCRfNHQKguViPvBiMa1ZeDwk9+Iy4/2q5VkxveYJtUU0MHwS1IoEHZykKu
/7g7wa+DU5kppKtILgk+VEZ9Sz2ZTsQ9lPlU9tPZU6hWhl+jBKE6lt6P4Nu3POLVaKzI3kVFA+Fu
NKrODO8G2iod3mNgGN7HSdqIEeB1Nvo2BjqcES0J+NbtcAC/+BjeZ4F8lzgaAz9XBwaMGR4Kow4F
ZDqcVIZjObwS8e64dj9aU6ivx0NQPmXDkavl8xH6bf1rSp/4qCvWP2qKG5FDRh+JYMszeaTYpNMN
75NSnlP0Z3j4/708W9/Phtv7bCzkAqkxdd0yDNOHgeXZ5YjTqHhHlOwPwlAy1g94fV7Xo4nysMlP
L0Ys7lEAt7h9MGYLBukb9NHg4EsKC/mV5zCXmz1rw6KJvpYx1Tl+FEyylp/RqLX4ZZXqKrrD/rgU
28xCDZhSXtCLpNIQ0SCUHQosWkaWGD1QYjLSO0nLGg5BJ9dSXF630ro6+P/CwutySRthuwW//fZ/
rqo/mw==
===END CRASH DUMP===
