PocketMine-MP Crash Dump Wed Oct 20 18:42:21 WIB 2021

Error: Undefined constant pocketmine\data\bedrock\BiomeIds::SWAMP
File: plugins/MyPlot/src/MyPlot/Commands
Line: 75
Type: Error

THIS CRASH WAS CAUSED BY A PLUGIN

Code:
[66] 		$this->loadSubCommand(new ClaimSubCommand($plugin, "claim"));
[67] 		$this->loadSubCommand(new GenerateSubCommand($plugin, "generate"));
[68] 		$this->loadSubCommand(new InfoSubCommand($plugin, "info"));
[69] 		$this->loadSubCommand(new AddHelperSubCommand($plugin, "addhelper"));
[70] 		$this->loadSubCommand(new RemoveHelperSubCommand($plugin, "removehelper"));
[71] 		$this->loadSubCommand(new AutoSubCommand($plugin, "auto"));
[72] 		$this->loadSubCommand(new ClearSubCommand($plugin, "clear"));
[73] 		$this->loadSubCommand(new DisposeSubCommand($plugin, "dispose"));
[74] 		$this->loadSubCommand(new ResetSubCommand($plugin, "reset"));
[75] 		$this->loadSubCommand(new BiomeSubCommand($plugin, "biome"));
[76] 		$this->loadSubCommand(new HomeSubCommand($plugin, "home"));
[77] 		$this->loadSubCommand(new HomesSubCommand($plugin, "homes"));
[78] 		$this->loadSubCommand(new NameSubCommand($plugin, "name"));
[79] 		$this->loadSubCommand(new GiveSubCommand($plugin, "give"));
[80] 		$this->loadSubCommand(new WarpSubCommand($plugin, "warp"));
[81] 		$this->loadSubCommand(new MiddleSubCommand($plugin, "middle"));
[82] 		$this->loadSubCommand(new DenyPlayerSubCommand($plugin, "denyplayer"));
[83] 		$this->loadSubCommand(new UnDenySubCommand($plugin, "undenyplayer"));
[84] 		$this->loadSubCommand(new SetOwnerSubCommand($plugin, "setowner"));
[85] 		$this->loadSubCommand(new ListSubCommand($plugin, "list"));

Backtrace:
#0 plugins/MyPlot/src/MyPlot/MyPlot(1354): MyPlot\Commands->__construct(object MyPlot\MyPlot#23055)
#1 pmsrc/src/plugin/PluginBase(94): MyPlot\MyPlot->onLoad()
#2 pmsrc/src/plugin/PluginManager(259): pocketmine\plugin\PluginBase->__construct(object FolderPluginLoader\FolderPluginLoader#54, object pocketmine\Server#10, object pocketmine\plugin\PluginDescription#22969, string[55] C:/Users/nhang/OneDrive/M..y t..nh/FLOTV/plugins/MyPlot, string[55] C:\Users\nhang\OneDrive\M..y t..nh\FLOTV\plugins\MyPlot, object pocketmine\plugin\DiskResourceProvider#23218)
#3 pmsrc/src/plugin/PluginManager(398): pocketmine\plugin\PluginManager->internalLoadPlugin(string[55] C:\Users\nhang\OneDrive\M..y t..nh\FLOTV\plugins\MyPlot, object FolderPluginLoader\FolderPluginLoader#54, object pocketmine\plugin\PluginDescription#22969)
#4 plugins/DevTools.phar/src/DevTools/DevTools(70): pocketmine\plugin\PluginManager->loadPlugins(string[49] C:\Users\nhang\OneDrive\M..y t..nh\FLOTV\plugins\, array[1])
#5 pmsrc/src/plugin/PluginBase(136): DevTools\DevTools->onEnable()
#6 pmsrc/src/plugin/PluginManager(425): pocketmine\plugin\PluginBase->onEnableStateChange(true)
#7 pmsrc/src/Server(1322): pocketmine\plugin\PluginManager->enablePlugin(object DevTools\DevTools#22907)
#8 pmsrc/src/Server(974): pocketmine\Server->enablePlugins(object pocketmine\plugin\PluginEnableOrder#22897)
#9 pmsrc/src/PocketMine(293): pocketmine\Server->__construct(object BaseClassLoader#2, object pocketmine\utils\MainLogger#3, string[41] C:\Users\nhang\OneDrive\M..y t..nh\FLOTV\, string[49] C:\Users\nhang\OneDrive\M..y t..nh\FLOTV\plugins\)
#10 pmsrc/src/PocketMine(316): pocketmine\server()
#11 pmsrc(11): require(string[85] phar://C:/Users/nhang/OneDrive/M..y t..nh/FLOTV/PocketMine-MP.phar/src/PocketMin)

PocketMine-MP version: 4.0.0-BETA6 [Protocol 471]
Git commit: 46920818b5de1632991c29620b4822fd87f7946b
uname -a: Windows NT PC 10.0 build 22000 (Windows 10) AMD64
PHP Version: 8.0.10
Zend version: 4.0.10
OS : WINNT, win
Composer libraries: 
- adhocore/json-comment 1.1.2@fc2f76979f0a44a5f5bc2a2b600d0762fe0e78e7
- brick/math 0.9.3@ca57d18f028f84f777b2168cd1911b0dee2343ae
- daverandom/callback-validator unknown@unknown
- fgrosse/phpasn1 v2.3.0@20299033c35f4300eb656e7e8e88cf52d1d6694e
- netresearch/jsonmapper v4.0.0@8bbc021a8edb2e4a7ea2f8ad4fa9ec9dce2fcb8d
- pocketmine/bedrock-protocol 3.0.0+bedrock1.17.40@ea9e22563b3d56f3b94b4a132c725912d029c101
- pocketmine/binaryutils 0.2.1@8cd078e2426f8100331f2d73bef10f481dad6cde
- pocketmine/callback-validator 1.0.3@64787469766bcaa7e5885242e85c23c25e8c55a2
- pocketmine/classloader dev-master@80226e0917be79ac3230606113e25134a31e6a85
- pocketmine/color 0.2.0@09be6ea6d76f2e33d6813c39d29c22c46c17e1d2
- pocketmine/errorhandler 0.3.0@ec742b209e8056bbe855069c4eff94c9734ea19b
- pocketmine/log 0.3.0@03ab1316da0b1978a7a1c8dd73e1c2a973cb62ec
- pocketmine/log-pthreads 0.2.0@6be3445c48c62eba3922f987f000bb20c81d161f
- pocketmine/math 0.3.0@83ec067b12c066fc61d9fb129daf7e61ef3b1d63
- pocketmine/nbt 0.3.0@98c4a04b55a915e18f83d3b0c9beb24a71abcd31
- pocketmine/pocketmine-mp 4.0.0-BETA6@46920818b5de1632991c29620b4822fd87f7946b
- pocketmine/raklib 0.14.2@e3a861187470e1facc6625040128f447ebbcbaec
- pocketmine/raklib-ipc 0.1.1@922a6444b0c6c7daaa5aa5a832107e1ec4738aed
- pocketmine/snooze 0.3.0@fe5b1dbf0d6267da882d1f67924772bd93db833d
- pocketmine/spl dev-master@b7a8904f912c1f6d38ad867ff1120614ccb80171
- ramsey/collection 1.2.2@cccc74ee5e328031b15640b51056ee8d3bb66c0a
- ramsey/uuid 4.2.3@fc9bb7fb5388691fd7373cd44dcb4d63bbcf24df
- rhumsaa/uuid unknown@unknown
- symfony/polyfill-ctype v1.23.0@46cd95797e9df938fdd2b03693b5fca5e64b01ce
- symfony/polyfill-php80 v1.23.1@1100343ed1a92e3a38f9ae122fc0eb21602547be
- symfony/polyfill-php81 v1.23.0@e66119f3de95efc359483f810c4c3e6436279436
- webmozart/assert 1.10.0@6964c76c7804814a842473e0c8fd15bab0f18e25
- webmozart/path-util 2.3.0@d939f7edc24c9a1bb9c0dee5cb05d8e859490725

Loaded plugins:
ChatManager 0.0.1 by  for API(s) 4.0.0-BETA5
ChatThin 1.4.1 by PresentKim for API(s) 4.0.0
CommandDisabler 1.0.0 by  for API(s) 4.0.0
DEVirion 1.2.5-ALPHA12 by poggit, SOFe for API(s) 4.0.0
DevTools 1.15.0+dev by PocketMine Team for API(s) 4.0.0
HideCommands 1.0.10 by Himbeer for API(s) 4.0.0
MultiWorld 1.7.0-beta2 by CzechPMDevs, VixikCZ, fuyutsuki, kaliiks for API(s) 4.0.0
NotificationSystem 0.0.1 by  for API(s) 4.0.0-BETA5
PureChat 1.4.11 by 64FF00 for API(s) 4.0.0
PurePerms 1.5.0-legacy by 64FF00 & ProjectInfinity for API(s) 4.0.0
SimpleNPC 3.0.0-snapshot by brokiem for API(s) 4.0.0
Sound 0.0.1 by  for API(s) 4.0.0-BETA5
TNTManagement 0.0.1 by  for API(s) 4.0.0-BETA5

----------------------REPORT THE DATA BELOW THIS LINE-----------------------

===BEGIN CRASH DUMP===
eNrtXHlz20aW/ypd1NRGriUoXAQITjllRbLHrrEsrSWPUxOmXA2gQWKEg8EhiZ7Kd9/f626AICVZ
TuKt2T8ylYmIPl6/+0Ij/x4lZZXz5tONqOq0LEZzdzxq0lyM5pbnuL5jWq418XzLsvzxqF3rqYlt
BrbjBEFgT23HCpzxKON187Kqymo0//eo2ayxbKSex6Nc1DVf0siHIhZJWoiYRWVRN7xo2LqMrkWT
Y3CxiHnDF4tQxBUGF4sf0jIXb+J6Pr/8eHx2AUhJm2Wv0oxAncwXiw810F4sihUvlovFeSFOq/QG
cM4WrWkKa8Ma+SMuVovFq7fnV/9YLNZZu0wLbDrbXGRls1jUVbR9OCnznBdxPVmv1nScOkrvOVKr
jrCj+9mtx9oMFIzm/hT8q3iEnz+NDkz2+Fb159Bypu6zOdtHwPj+0yfJoqqNmsMy/JeImn6R+ntg
O+Z0+gxHH1hsnRNo+r868ehC/vmB1+IwGB6g/hrfl8XbkseHcrv92PYzXkBu1aE9DQBiKCm1bLHY
HvMgxq/KLBaVWkTniQqCuDd2MHXHTO8YHnIpKujlgWU+OLuLwqmooyqFgpbFgW0HXjBmQCUtlj9N
pz+zk/mR1JUjqSpHnaYcnU0mUJLJpFgdSf042pXXHowvKFwP5zFF+yIJp2l9/V7UZVtF4qIqb1Ji
iu3Y1kzKx3lKPk4w+6J89Drj+7RoRFXwjPiupg6/PYV/TOhPiFUyxO3t6lTcXJVlRgbLK8mgbqT/
ceibX8ecrGdK3XHFDX4/V8aMVxXf/GT9LHGeftFGLccDkh3K0Aj9iwz1ZcHDTChT9Z5SBdeefoWp
dkAvG96IE6JKHMJwhTzDH5yhTBDo2fbXMVFIuFq3tHjvk0WyNH152uz+aYHv7h2mJnah14dPao8i
8ryS5mTPAnViMDjxQu49w95DO3AeOfUBx0ZsPEHMq7Uy2w/qctukRPUZJ6Vfgj8HTu9SXOs3q9Z2
7x9QSxUwzId54FjeHg9qJRK1S8eZQ8vCqkr80qaV6ExlBgdCRjg/Ovpqb7s92Ti72JpwP/xs9POv
45H4v08rfkecB2Jq/ae0uCmzG5GLogGQGDyJGiyMylgQ1p6H0UWzaP7SrNJauZnLNtQgDwtxy6BJ
aT4Y+4uCPGaLUURTi9GzZ38FSM9/EtTfRCEqGPXD0JZ6tgc4exLgmyIpHwaWYqYHFDwJ6DiOX4ts
LaqHofE4XsnpDqRvPgnyvcjLG/ElqJVcsQfYehrXtnmEaI6ZHpD9FZIVvHpMspjqQTlPgkKSsC7r
RwQbq8kenPsVvKtF8xjTMNWDmj4JShrUw6BCmupBPW0Jrx+FtBoC8r8KUP04pLoH9bQFvOOP4VTw
AU5PW8Df4AQfsUty2xrQ7Gm9/8ir9cOAbjHTA3paz8/SOM4ewSmXcz2wp3X9VBTwlnzzmC3GmF/L
+R7o01r/oSCwDwNsiwdAPq35l6I5vy0ewxKqX9JsD/Bp/X+b1o9YUoYZBejXP+vCP+vCP+vCP+vC
P+vCP+vCP+vCP1wXjnUtk1GJRXkYovTONiAWQhjbzvbInZgT0/jh5dWxR5NtmsWjuW1a7niU1p9i
cTOaJzyrBQq7qmzKqARs17dwUkqFnesFtjmzZuE0Fpbn2EFgRfA8thm6M9tO4pmf+IHrhYDdaoQ+
pkVc3tbs3RW7OGEWjmfyWGbbpmmyw27eMp+x47NTz8Ve6jzPRzPgapl4/CyKWOMunzH9qawJ9pt3
764wIB9u00JWnDkVAdWnLA0rXqWiJubweAVaKnH0r7osDKzRhao1sSb2iySyE98L/CAxuevyaTIN
I5vboWeasel7diJM4c+ETxyr0uj6KOfNCrvNSTBxXkR86sfWLDHtWTJzE9/3Q9vyZlFsBZYVmrEQ
tuM6XGB3zCEJpDBlfhTxLAt5dG3c8CxFcU7VPXh2XSDxeqH/UlW+rMq6FkcgmdcFJbM39sSZmC9s
E8w3HSdyponrmKYIvaknfDETs1mUTO3Yij0vcOnUQjRUzfAqWkn6c75GJUigpDa8mIVhZNoWn4k4
tIXLfcHtZMZjN+GBiII4EnYShbOYON9r/5FuJRhbPRk5BO6/9QRY609c84UAENueek7oxFMvccLA
DV0Opxn5SJ0sOwYhkWVae9DTglcb6SMko+2J9QIsNSEG27W9ZGaZIN5K7Nh3QpFYZuLOrJjHXhSL
XUgPMtoCps4Lz/VnPlTa97ww4qB7OptNAV7MppHtRPZUzKLplNt7AMm1ZdK1UatD3Bg5r5E6vJiZ
tu0JM7D8UPgBjxwkoZ7pWZYj7KnluNyxhMeRS++CKzOJEtFovjCDUHiCe7HvJbZwnNibWZBxEINJ
th25XmT5wor3UJLdIfgT1CoKFGmIiHzXDm0zEDNz6oUhqJqaXhC5IkkCNwp8xxXcCsJdUFm57CGY
Dg8tuL2Ym6EV+DPucyuaxWC5gNlzQIhCzxbRPQjGullVgsd1T5cXCsd1p5E7i7Aj5E4AdxHAXcAH
hEAygvQsz0p2QfV2RtjMHBGZnh9aNv54SeRZcZDgKYh54gvPEtAtKL2zC6IImx5CMItcbrohZBpY
UwGbnTmxE5oRmB7aUHyLh1Hs7Kni9qeRr3dd6Ivf4A8HECt+De8k0bJc+B/h8BnUBLrom8JKeBR5
nj01XdOCS3FdX8BAQ77PZwXFSNeRggQLAVO557ouSPIiP+acT+mfGbJlE2ojItd3ZlzsWXJdlOVn
0XMpEVPwMUzM2LM9AJnN4EwSzw9s1/ftMA6cOJxBM/eArLNdawh9PgtMN4GJR9ge4+B45vlJYlk2
jMKN4FJMyydmVzyvxYYsIUOWoAIV/DI4E+F/vivEVDj2zHSs0Jp6rhlOLWi0EDMIL/S8yORbIG2b
qlgBNwnHHoShn4RTZzbzAiuB5kJnY9eNo9CFqoCvie3GpHXVqs1rzrv99z1xvcmTsthAHbJNkmaZ
EelW7A1QJb7BNuNg6ge+COIkcGZJHNuh6XiBE04TBAnhQS5WJB6CBfcuWx4KlvXCIvfmOiK2eAA3
wAEt4MKCSkXw9Agvpj114WYeg2UN8BIedCtInFgEU5EgXgTuzCEHGrmRA6Qcz4aOOpQP3IowLz/z
qjmCixOVjpAUI7zAcyMfSjUz4WhdPnOhDY6A3SaxNQ15aCYWXPN0B8ga5muQDwccFbWgPAGMNY5s
OCBuhWEQUYCcRqE5jRG6gBtyX4D5tW8ty/iNNLzRafQg1xmOjkfbJMekRAEjvG1WZQUAPyFV4uuU
+g5b651SAqWS5rjPemKxFtTjllvqMmlOhwM5klXAfwdXe/zPxWJwvkpkqTWOwEBp2Pnl1cfz929P
FUPqtCGEqQNCm65WBGeHDjk0JMKauHtEjC4ojBfN39N8tEfQ7yblOs2R/yq4i0UERJoV1QgDlJ6m
SPVlUKgTAjsC2pvZpY/w/oKQfjdNdYv0JizDcEMZZt836rD4elGdvvxHWklse4r6oV1S7MnUOH57
8frYsndFtkZpk9KbkMvzV+KbSU1BXSxuJC6LBdyu/jXAT5N3eXX8/urDxX3idLk5JK4b2iXOmiKr
o9JgVxn7QoNdCf5ljaTy+StJu18Pf5mUVdOsa9RV4MeqDSdI7QeVU9/nIIJfp7Ho32Ftid4Z3ldQ
a1dDsTgPBRT5WwlSw1sshlh8nYKu1NYJiABxZ23WpB/Lisq5nrTB4C5hPlxgKBq+p6wnn0W0ujgD
04gT/0jv0uuTf8obR8jE6/Y6xe9rZNHpdf3NOBDRmesc6gW6c0L4lhAGD4bIf5kT91VgQMnRABAY
9a5s0iSNOKUZlxtkKvmAYQ9M/ifiyn00vt5nXbQVNa2aYUugG7oXXvbii+e+emWav020EvqFqHKp
EruUjV5xmc7VF1WJk36Elyrb+uKl0Y2PtrR/UocvFh2221+/Q/4SKd0G7cFo7ihkd9mjxnb5A69n
ZGLJo81DXGL/xUAVdbXeFElapM3mm5nEDiskZoOf34AZCg64cZnm60y8uzgZcGM7NuSGrOyNuuDr
elU2u/wIq/I6Fd8uJdHwFou6WEeLxRCh30q5BnW0hUFUl20x9JLq+T9h5/Lkrzftq3dXKttUzaue
gN3x/wQhOxh8LUGU4XNUbQLV4l5G0XU8pUuRTdbJuiqR1TWynzc6uOif2EkJ+1syur6yqBbFwSVv
2HnUMMtjlj833bnps49vfmC2aVu0IOPFsgWqz0WxpOe8bOLndEWW+8miTRLbk/+O5L/liOPKf3u0
WmFjrMuqeW4FlmPT4O0KNBn0nvO5PCLnd4Z6I1s/t0waWYLMvIyFmk/KKhJGP1YmCY2C3ph6lN3z
+mb9HCkdfsVpgnCAMLZ5Ls/TN1jKyqhF06TFsn4uKRM3IjNIKZ6rxnY/VgsRD5ZQ4fr89OWr4w9v
r2hUyd74pRXVpjud7ngYNb8RGoebVNwacUoXiyLxXNF9F5Z3BumWXrPTEZhscqr7DhhpA91JgpTa
SsY0KSwGLrAdkUN47GqFUoR1ZDFeCdasBCsLSLqBE2cRL4qyYaFgaRFlbSxi/GD3lIRgXZY5diYE
YB9mzRMxZiVmqppAsrAS/JptyrbSsFiaMEgHcVieAMHQlaZsQ4Dfidse3FEsEg7R1Oy2LL5rGPVW
ecWIfTmIpe7jhjCkF+eK7tuVKFi7XlY8BoDJoiCtUsDmi4Kxg48rQYixpsQpRcwAQr/cAA8qXtQZ
b4CUnJaoZiWOAan4JRrJLyoIIsFUS5BGcoKs9K4zgDmTpk4T9apt4vK2MPR1sjlbjPr749Fq0VpC
+AwDlmXJYWfwkDgwpJHE/DjLyltGhgBku/eQ7Cbl7H9It2iNVDJDTw1QOFDvo/QmBsQZGQODSME1
AhdumOY1rdc6208PQX1MwbGyAON5HDMUt0o+xHdI5JrlgteIg+SsGKQSCsIa3BO/tDwjvtJVlILd
8KwV7FAfCgfyjKCrE4VRCXICBuRCL6/mmJZnv2uRllekdsf1poiueH0NzaiuoWgTueBDDdmR7neU
0rJVVRZIjViD5fWYyRSYaTOHwYwZvdYAIeTXJW/gSGksbwudJyrgl1L+oAlqWJV3KVRQgA0gSap2
0SNHvNUIvUlImWkNKe2Ypc13YF9TyW0xvHOkdGpvMzsEDS0My5ZskWQYmtK5BLWvzFxqR9UWBYkz
JldUrqUQ5AuhekIvQ/VvlqfLFay94vVqPLROrTnEkapq140aVQwjxuTATdMlhQurlW97YmUx/KZM
Y6D9MAakI6RzJRgN7ZoMFI06m2pRr2lw9HDg1UZZ7d+yMoT2UKhkahyGkKcNGX+ONDLcNOA4u1Ss
NiVzVUdCbr8iqd2mkvNSo2DVt4YC1ClZLSlMUqAIlwXsCwkrqYTojlRKDmm1ZMdsWUJQJfkI0go6
aCnRNCRqc2YSFThd+mjVs/9/TwHlHl/Cn+LoH8O/bsq1REH71x4lDa5mcB9rapHGPUJ0aoeVZdqu
Rkw6gY/SKjR+9XffAENpFxIl8hgsahGdCkQnJu5E1ErvWyqUlUVSNOtXi7sI+UC9pUg5rvOrl3N2
9frNJXv75uzNFTu+uHj75uUlu3j5niF/+/vL92OGRezqHKteso+vz9++ZBfvz09eXl5O9l3ADj/s
qafZgdIjLWXEJkdcE4HRSkiXLLnRO1sLvEfOEEvfIpcYdGdXuVkJCnkf6ISDhjYRvY8pm1IypGgU
IQtapg+TkBUQuN6tI6dmlT7jnGIIJQJyw+T+atIFnTlDbGsRUb6gOEvoKrmqvT0NUC+xrrekOqam
tX72MEqackdTvuRVCMswtq9LpAN6mLvS1AgdvYvpXfDdOS9amZ0MMUHm1kIHn427mLCvhJ0aqvCa
JICl6M23Jjhh58rnK4VHelG2WdzjkiKI3BZsi3+tAK8l+iDUo7ZtoU97JZ3FvSApVUdB6GlLqjLv
gq3arVcYQ9UcSpio0ZK8pxvsAZXa0Y7LLqMkkVU4idRQK3Lc5muVfqkcj+kJgyY6eZ3SIr1B4i7R
7CjAE8I8jJ0/wGAEbQQ+nHADJavrVpBjaFaQ2rJLR8lp0WlbrMadIFWOoLPOicKGlj7KJ6poolVb
XNcd7id8TaNp3uaIsQivFeuqAxIkU/WPwmLLV7IXzUppMfd1DNn4WmMkDzQoTW4RdN1eYqelmtrX
acqNyOsp+GpxZ0IKll44pExmDkbEYZ89bfSmQOYqSB+Je8BOJRgKyppT0cLUHkXhljps0/xU9HQn
0+LuXMVAuvrewf0yqC/p4aIoREMCm+sQgdRsVWYqxQx5E61kKi5RRtYEFdJBRvo2VRrpWRVaQtEn
myq8HQyl1E2RW6029K5oOWaGNRCgFJ482Gg6ZHQIkF57m8fKYpRSyFhRTsWOTPRpMwY1WhP2Grkg
dOm5TO7YycWHMfYChxD2dZvGUHuZKyjv2cM3JPw587q0e5uR15I7g7UT+jKjhjllyRFqTVUmxAI6
rI/CoYz6GaRgA0Pchr0BsJ2q5o68GqWYPJswQuLDRXHRJdvbCpFqCULqFmGTNrbrYm3o573q5kxb
XZ1+Fr08KS3vxEjv8rqUCWm7Uo9BaHUDW216NmEXek/Gq6XcwHWpqnVBnphUfEkkQCZgW73OZMZC
9WcO5MnYeUVyOslSrFIFNd2AE3XDzq4+SExrkERkh23DqICXotwep4qLSedr8qY1aNdcYjusD0UR
VZu1svWEUecAuRAS1o5MFMjULJkwGaVWnJIAlubgTUOygzTk195wU2OJC4R2I5FeESfgdaUjRojm
0p3XSqQqlcDaRusoUSJUA0G7Ol1NnZ7LJOn0zeXxD8iPZD7VFlKHyGHTdf2K3GSskoSUlFF/PBUP
640tnVtbj0XYLudd0fY9s6hY0ynrCu5KzjNdw9eq6yDk52ClCt7aIiwCprBW0E5WZVnLzkRXq4mu
GpdenD4eYzW/6aIF9YV0h8ugua1jI8Tk2z6VtOmmzb/KtFAdAcmp79iPYXlHll+xN6fs8McPb06f
Qe4we+CA9bcQGwmGXhfAOKiGq2LNH5V+wBrKrewKWPuPP7zt4Ov6bjDynTyMWmMycZDi1amIpK3s
Wkg6jA46W0kij8VcmmyMuzaNtwLpumvD7s2VbL8oU1P/YQHFA7lW21Vb6zZQBCfSKDer9xhqz1yt
j0M6RoUQ7R71KRQD6WpyV6MUtC3bD8XjbtVO++7Bjpli7nFetuQ9EhXrtDMByzrWUmwn7yhbIRA/
/ZbBGZvfy1A92CwJL4QqvUOhgIUiIduv1/xWKgXpqP5+hVSLhneDviKfDurJhw9kfB9V0BLJqMUE
4ulDWJoPo8krasQz3qk7kO02098eG2evwxNmZSTNt05jFTOIHg6ZQuHqNhxyYUlBFCtErEKnfOhD
m2w1aeXgUSQy+YWiql1kKnuQpdc4gupk6Yky+r5zWZW3zUr5MRzB2UpBGzg5WH/dqJAskTWIGx1q
xpY1irQ3p/WALnLTJHkFjamLqz2ZuuXUpTlyz46QAM9gNjsAmiiVt4LctrV6WU7uC1M7r1ueymoW
wQSlntKidblus85s9APFe7lGhw3HpgNlGURUypMo4pLnQkqgCwzZ5FaNvLlOdajvKItrNawyBa1Z
QGTroeOt0yPLNOhT172h3jHsDq9Xa/psdBDT4Q8M9fqqX7mC3OYKlck6z9eTtJQYw9VtcioOYcoN
NVqjeos6hSk9z7bzkgTp5vhyWYmlbinq/qNqs9B3Wdf79En84GvOT8/pSruhg4LKD8h93QpVgXBG
n4DRibVEfEuAHJsM3gogTvecb9fASgvnHlMhUDWvlQmZEN3clrFsEG9OqHkvhr28MYLDesVhFoI8
e0U4dHkpIkYiKtQeBvnFgoKhmu1il4ocfKc3qN+nDYJtixwcuY30rZ0L0wCllNV8d8Y9qSq6hmJt
0nwbQXQ0JqC0nrSeAgZJkdw4HSibnnpT1+CebA/QM8MTOs59Od7rYKIkqSxg0EvSMAC+0fzsukYr
PahcXNVXEto7UBMexVos06A06QHR3ee2Uq9kyNt0rRTleQFPe6cu3iIn47Wu05Bac3qrq58oAQKO
WlbzTmhqDjpKPb05+0lmLkhax7LJ9zMBlSXYNngPXxVJMiiTrqSDpzZK9+pN9kceiqPSP8vysZYV
gyy/6QoKcNVJwBB9da7EQf1k9LKOYpWKqdsT5+zV2+MrNShv7FFn7a/6tv14GtyBokKMnbs4rZqx
dLp/1ZmeetkybFooI6ZAB9bqniJvtdapWw9MfdXTVp3f7Sq1qn9LI50K4CAcRfI1Wd3xyehe8UAF
VFp/8Ep6E3mUXL8DRObFeuTTYMSQ+eUg8StV7i/u4NtqXeRG11Qm1bKgg3MLUxQoG5XIyXVEb0r/
TYRMRQplKopKCR+ZUV9Sj8YjcYc0X6b98u4pspXh1yhhpK+l9yP09q2IebUzVuaf4rKBu9sZ1XeG
twNtlQ2fyTEMn5M0a8QO4GW+820MKpwdXFLY1s1wgL74GD7noXqXuDMGO9cXBqwJXQqTFQp4Oly0
jnb58F4k2+va/WgtXX29O4T0KR+OXF683Tl+U/+SyU989C/WTzXltSgQ0XdYsOG5ulJsy9sNn9O1
uqcYTOjy/2d1t75fjce7fJfJJWFjm6ZjWXaAgYvT8x1K4/KTxGR/EEPprnxg9UVd7yxUl01+PNsh
cQ8DPFL7YJcsDN5W6Z64B19SOESvuod5sdrTNkqa5Ncytr7HT4xJl+ozGr2XvqzSVUV32Z+2UplZ
6gFb8Qu1SKYUkRRC66GgpGVHE+N7Qkx35C655QyHUMm10i8vW6VdHfx/UuJ1fiEbYdsNv/76v3pL
MRk=
===END CRASH DUMP===
