PocketMine-MP Crash Dump Wed Mar 2 22:16:07 WIB 2022

Error: Cannot use string as default value for parameter $player of type pocketmine\player\Player
File: plugins/RPSolution/src/emretr1/rpsolution/Main
Line: 103
Type: E_COMPILE_ERROR

THIS CRASH WAS CAUSED BY A PLUGIN

Code:
[94] 
[95] class PackSendEntry {
[96] 	/** @var DataPacket[] */
[97] 	protected $packets = [];
[98] 	/** @var int */
[99] 	protected $sendInterval = 30;
[100] 	/** @var Player */
[101] 	protected $player;
[102] 
[103] 	public function __construct(Player $player = "unknown") {
[104] 		$this->player = $player;
[105] 	}
[106] 
[107] 	public function addPacket(DataPacket $packet): void {
[108] 		$this->packets[] = $packet;
[109] 	}
[110] 
[111] 	public function setSendInterval(int $value): void {
[112] 		$this->sendInterval = $value;
[113] 	}

Backtrace:

PocketMine-MP version: 4.2.0 [Protocol 486]
Git commit: 44818e6d1456dcf1f0fd3cd27da1dfecbe03c08b
uname -a: Windows NT PC 10.0 build 22000 (Windows 10) AMD64
PHP Version: 8.0.15
Zend version: 4.0.15
OS: WINNT, win
Composer libraries: 
- adhocore/json-comment 1.1.2@fc2f76979f0a44a5f5bc2a2b600d0762fe0e78e7
- brick/math 0.9.3@ca57d18f028f84f777b2168cd1911b0dee2343ae
- daverandom/callback-validator unknown@unknown
- fgrosse/phpasn1 v2.4.0@eef488991d53e58e60c9554b09b1201ca5ba9296
- netresearch/jsonmapper v4.0.0@8bbc021a8edb2e4a7ea2f8ad4fa9ec9dce2fcb8d
- pocketmine/bedrock-data 1.6.0+bedrock-1.18.10@e98c511584a7bd58a95986374d2df4b04c6a2ba0
- pocketmine/bedrock-protocol 8.0.0+bedrock-1.18.10@017e57c8f8a74118bcbba7332e7ebac9e6c81693
- pocketmine/binaryutils 0.2.4@5ac7eea91afbad8dc498f5ce34ce6297d5e6ea9a
- pocketmine/callback-validator 1.0.3@64787469766bcaa7e5885242e85c23c25e8c55a2
- pocketmine/classloader 0.2.0@49ea303993efdfb39cd302e2156d50aa78209e78
- pocketmine/color 0.2.0@09be6ea6d76f2e33d6813c39d29c22c46c17e1d2
- pocketmine/errorhandler 0.6.0@dae214a04348b911e8219ebf125ff1c5589cc878
- pocketmine/locale-data 2.4.3@4d0b081f1a79407e087968ea76aaf330db6ea2b5
- pocketmine/log 0.4.0@e6c912c0f9055c81d23108ec2d179b96f404c043
- pocketmine/log-pthreads 0.4.0@61f709e8cf36bcc24e4efe02acded680a1ce23cd
- pocketmine/math 0.4.2@aacc3759a508a69dfa5bc4dfa770ab733c5c94bf
- pocketmine/nbt 0.3.2@3e0d9ef6b6c5fb45e3745a121296e75631b3eefe
- pocketmine/pocketmine-mp 4.2.0@44818e6d1456dcf1f0fd3cd27da1dfecbe03c08b
- pocketmine/raklib 0.14.3@4798576fec0364266dce23b368a7fec5e5de7927
- pocketmine/raklib-ipc 0.1.1@922a6444b0c6c7daaa5aa5a832107e1ec4738aed
- pocketmine/snooze 0.3.1@0ac8fc2a781c419a1f64ebca4d5835028f59e29b
- ramsey/collection 1.2.2@cccc74ee5e328031b15640b51056ee8d3bb66c0a
- ramsey/uuid 4.2.3@fc9bb7fb5388691fd7373cd44dcb4d63bbcf24df
- rhumsaa/uuid unknown@unknown
- symfony/polyfill-ctype v1.24.0@30885182c981ab175d4d034db0f6f469898070ab
- symfony/polyfill-php80 v1.24.0@57b712b08eddb97c762a8caa32c84e037892d2e9
- symfony/polyfill-php81 v1.24.0@5de4ba2d41b15f9bd0e19b2ab9674135813ec98f
- webmozart/assert 1.10.0@6964c76c7804814a842473e0c8fd15bab0f18e25
- webmozart/path-util 2.3.0@d939f7edc24c9a1bb9c0dee5cb05d8e859490725

Loaded plugins:
ChatThin 1.3.0 by Blugin-team, PresentKim for API(s) 4.0.0
DEVirion 1.2.8 by poggit, SOFe for API(s) 4.0.0
DevTools 1.15.0 by PocketMine Team for API(s) 4.0.0
EasyCommandAutofill 2.0.0 by jasonwynn10 for API(s) 4.0.0
FormAPI 2.1.0 by jojoe77777 for API(s) 4.0.0
MultiWorld 1.7.0-beta4 by CzechPMDevs, VixikCZ, fuyutsuki, kaliiks for API(s) 4.0.0
Particles 0.0.1 by  for API(s) 4.1.0-BETA2
PlayerSelectors 2.0.0 by Ad5001 for API(s) 4.0.0
PurePerms 1.4.5 by Vecnavium , 64FF00 & ProjectInfinity for API(s) 4.0.0
Slapper 2.0.0 by Vecnavium, jojoe77777 for API(s) 4.0.0
Sound 0.0.1 by  for API(s) 4.0.0-BETA5
TNTManagement 0.0.1 by  for API(s) 4.0.0-BETA5
Tags 0.0.1 by NhanAZ for API(s) 4.0.0
Track 0.0.8 by NhanAZ, Nexus9265, Mcbeany, EndermanbugZJFC for API(s) 4.0.0

----------------------REPORT THE DATA BELOW THIS LINE-----------------------

===BEGIN CRASH DUMP===
eNrVO4ly3EZ2v9Kht2JpMzPEfXCLKdIklWVWFCcitXLZdKka3Y0ZmDhmcZAcufbf897rBgYY0rY2
q1QqKkkE+nj32Q3+cpBWdcHbTw+qbrKqPDjyZgdtVqiDIzvwAsf17CBcRLbtBvHsoNvoKXcRR5bt
2JFvxUHoWaEzO8h5017UdVUfHP340+xA6cdfDtrtBnYcXHw6u75aXr69+HTx/v31+4PZQaGahq9w
7oyXZdWyrlGsaeusXDHeMKlS3uUte+B5pxhQyTa85oVqVc3+sMn5Fn5WKUPwbFOJe9UWWanu7vTU
3d2SfgKeNMsRySbvVlnZHL5f3lR51wKvh00tDlVRq7a2D+tN0w9f8ayEfTmAAylY7t9nZvOnrHyo
8gdVqLIFiDKrlWgP+lkYgWdRSYVsx55+j334KUA4DVtycX+jSnlRtvWW/YKTAUzetYd//CM7eeA1
O+ctx1Wq/fEn9sdDXBHSik1dtYBLSWCd5ht2zH786U+4IprCyMrWbI33tzaA/LIEAYJMYb9r4X7b
sqYAtOA0DNuyn+Gnab3T0TyCjPSqLskzwdKuFChI9umTqErQaCfaVwZqr7ljdnfQlfdl9VjeHbwm
YdiWR1Du2j+066yZ//uwdILTp0V/p+egxx++iJ9LqaX5aifYXoCvj9hDlUmDOdrDrGUMSjju12vk
8Q65bRnktv0i8ka1NyN5v0K9/IGMeYLadqao93SkdxBy2zXIwR7bmgulHc3YNdrc2Zq3t2u0xF8O
Sl6Qa/VDs4PBww/shbuwYIR37bqqYeuPB98RlHmreAETy1oBHe1fsuIAMPBNhku8hQW70LVLnuRK
HhylPG/U7ECqDRDdaHKaKm3PxwMFJ9dICMHdnQCCgFN4GpGWVxzAHSyvb24/Xr9/ew5DjyppshZZ
QH7PL/6a1UT8wNkwNOXMWURTzjbVapWhl95cv1FfjR0N9e7ugWi4u5OqfxrRZdi6uT19f/th+Zwp
9XBbVXkzZqofmjJl+/v6WlLEu4IQxW5RZ1+Lr54A4GNHym/wsW7bTXN0eAjCWHfJQlTF4Y60wwEG
cHvBm+1ZVRS8lKddW0FUzkeMvzQ7loFDXE1E8DNvqvJxW5a29dXYH8G8u3uBpru7Pjn8nsW+gbR6
urwcsdiPTNmyn7FV/VypEP98Pa4GkHd3horh4Ut4uYI8nH2s6lyO2BkNTo01XFjzRLXcm/J19lmJ
9fIKTAJN6q/ZU3Z/9gOm527btU13n8HzPc+z7L75aowLxLkpwDnBoAsk+BEJBi2Oif9N/l8w8BEn
hyNAIKglr9tM5Grs0ruxsZiAq4U9EdCYZzCK+XcXt6fO/5jzd2tenv4AVVCP/cstV2fqG5VDwifS
dqzszfyOg55K34L64WspU4PrC7uBin+Asa5WS1UXE5aGsakRewt/ysxflSj5Q9YVbMYC780by2L/
ypZ19TNQcVmmWZm126/G6ieNAXjtyRs9fgmrNznfbFQ9YrQf+R2dDWzC8P9CJGo0FV+us5uqK8dR
R79/uSdZxpP8f9qTCPOXE3777vaKl9Df6GZhYGA6/n/ByISCf4Ahvho7Dr3+NvkG41cznoEBQP1l
dL8QvA1NyBDU0Pdjjuh9n6XoRZZmB+/UU9fEToBh4kokipdbeLooJbgoL5Nu9cN/vjn7+qwjjf80
79jQ9r30XjU5v1ouNmteE6VPrSpRFLq5qGoEG6GakelEFLxdj0cEz4Fw2Dseq4pPsmpL1U5GzaHA
bqCr8/G75O1kHmqvVk0Ar4rN+HXNmwktGXSeD+OBnxtS6fBeJPqoYTJW1a1RPDQSMNC0HBmS40Ub
MZXDe5ViJsqm4BuSaDMdkhhXRyM3y7cT9NvmbzlGu/6JDVNtda/K7PNUBE9PhmskF11vy4ucwrpD
1H/ONrp7iCmZfc6zZLwdXp+KqdQrJM+xLBfa0hj7wPPrCeuy+kSk7Q/CUDZVWAU23DSThTdZscnV
91cTnvcogNdacbnHZ5E/1tme/jftGleihD2TxpbrPdtbd+V912Z545CQXBJStkqyktdbGHJBUCFK
Qj2oXCZmEYIS9XbTVmbA0cKSoGhtlpap2nfHTp92uEbzePKUlWk1sVv5TOXZxEpIlO54qFbgHuiH
q07bYg//B3A3dr0UXKxHwkfvXm8MXsSoSlXzcbM1cXd0Zd6o3QEgyNMh8EmXYcXvWL4LYms+QRk9
RC08EKpEBVC9KAAcGfq350V2pAJpe34gRWqnVipdIZ1QclumCqKk5QorSgB2Z0j5mJWyemzYu1u2
PGM2KJIRWuaAGVrsVT9vW6/Z6dV5gE0FcDcWz2dFPuMNlrHefKpQDR8v3727RVvEl0eKmBCONlWj
6k+gz5rXma7UuVwDL7U6xCAxhzXmgM/GMHCSCicNgziMU4t7HvdTPxEOd5LAsqQVBk6qLBVGCg0p
qTNxf2jiorWIF+6J4H4o7Si1nCiNvBSKqcSxg0hIO7btxJJKOa7nckVBD3QAAQciNYTSPIFQP3+A
jgiCIR6l9udlJ+YnGtiqrppGHQLLvCnxHOrBgdLVOlEq9aIojm3pu8oHnVgi9n0vseLEdiwbiEp4
7MQBwIDQjKc9vBZr4r8wlePBA/nVSZQkwnJsHimZOMrjoeJOGnHppTxWIpZCOalIIjnxh8NEyRre
5kA7J0kGC+vf+kGQa7Swgco4Er5t+xFATaQf8diPo8ANPenIFIj1RABy5tbLoHcmSLbwHLxlh8oP
Bcidh55tR4lIEh66rqNCBcKNVSAiO4jdPfAUHXauDAI98bkIleKxzdOEy0gKL45SXyjXEypw4lD6
KoBpPoX0ohLBc8EqAi+MQg+MKggSwUGmfhT5jueoyBeOKxxfgWR87uwBxGNkTPqkHyTNOvFixV3L
jWNXpTJN3FhI13KUY4ML+haAjhwrBvvcg1Tl1Q4GWAXSH8gwSB3lujKIbFe4sXRi4TjCCwRI0pZ7
1NAJP1QUMjfkgIpPJAfUHrc814sSsHAVOXasktR2/DS1gacoFiLaJyevsHbojQVN2D3xpJVYkZ3a
PIw9K1RWFMZBpHgYcJ66riUTINlJ/H1IK6KFnCAQse0IK40t3wdVS8e1rUgJR9phnMRB6oGFAaXP
IMxHyUWDCuw0BDFGInVBYcLxlKfA7x0upAJpWdwGN4BQNwU1BAKIqCecC+GGfsx9K+JBLFPwQeHB
jzC0eAJmKXwRe0k6BVEmbZ+FTlxlyVilQRIIP008X4Gn+Nx2IFcHKvQD105ccHw1hbB7nFPJ5Gmz
+fJQPYJV83tdRECoJR2FceSD0ShhuYHnBAFGAzdxA/A4GPSVL1UYO+FLUObZRvS1y0nsODzwPPB5
EQiggXMf/0auY4PqbSW80I242pNvU1bVZ9Xn9hOLg69DaA4jW3h2zO008BS4lwehxfUxAPuxcmLk
CYrfRm3RDXa1G54dOycC/oSeUiBdJ4JCKAFH8qzEty0/UCqSbpIEgbD4DkjXZdLI1YVkESdJmCa+
G0VBbKcydEOQq+dJkXgygN0idUDruH3dFQ3n/f7n0b3ZFmlVbkGD+RYPH+d92fwApKJVuhZEDTty
RBzZPLFDX4LTuJ5MrBSMO4ijOLLQuF6CBSkjskaw/DAJbQc8TkmZxKGAxMYjCE2uIyIPjCGMYkc6
Kv41WPYYllRewh3pofTSOJGWsuPE4QleFtquD9EFMkeU6n6lqD7zuj2E0KZqk3Ux7wRx4AEVIows
sFWPR54DRqAs0LG0IX0Bk2DBjj8BsgGPm2PspjDiYkCK3TgNlQSfFWASSRILTLq+SCxfRhBvYy+2
QgBDXdFgW4stFabfMGy1GDQTabbqak43O1jW0YXkpI66q+/Kb9jtWuEtpmpb6C0axmvF2rViVaka
eOAtE/quM1EsK0XeQfiAB9hQQ+5fQEqD3NtCWaKh3VSFokvO51AbnqoZq2CmbhAoSyBi3bNt1dUG
GstSVkDPkWaEAwocvK7Mtxr0O/U4ADw0d60Ne6zKb1uGFQCvGbS9FYSwDPPYFqnEGyrN/eNalazb
rGouAcACQeK/HuARvjD2zce1QgJZWzG812IAyNzwgjSg1GmwoJZ6mkjWiYCBbHPVkuTwYkUopvMM
jhQaNshfqHnOsSheqSMA1yk906y7FmrGcm4umI/Y3cHVXWeBEW6ZWN91tlIha/EntwsGM7Zt43zq
AivsbE1rHWSXnqxyzZ6A+xx3yDBjDzQsWEIgfKAzwycRlqzUO7b/cndgRHCa59Ujy7MGBcPMZR17
yDj7r07VW73qb/g4N5NHjGpss/+CjgvMRgZSYFipMrAUUASCTLb9Vbneoc8X5sOCKbiP4K9gjaBP
LiWDwk+rHdUJir5nheJNV9PREANlJwqpB3Wov3U8R0WtsgdYqy/lX/V39I71WsPXWNW8Vhvopeeg
6tVK1UewwOB/1xWJvrg/bbaluOXNPRhdfQ9WvDBLPjRgEnTfb3jGheu6KqsOrAY2NDNGx/hMdzbo
kzOGlT2w09C9L0gJYgKOFV0J9otLevA3ZFjAG1h5XT1lYOEKxAGske+UA4Eo54GoyxS9BVehV8xY
1n4LgsR7fBiSCi/HyVz3trNXwAd+1+AYAREzc8PxEQF77iucbKbuyhIVLLE7rTakEuqNmgU7Vw/m
mRXZag1hpebNejYOAsaaUDJ13W1aPaoFhwIqgL6BO1I2hAdqfaR2SU6X1F3zMg1oM2iH0H9kYG+L
ifHB8rletnNM/FcowLrto8N/5FUCRoVnXkzPgJ8UWYuhplArnmxbUAC70XK3SNJZgwgMgFtU42NG
iiBDg/jxONegettriNk0A1ohSAIbJUFLa6V6pNr6QXkdhgu2qkBvFUYjNBONakWkzom8I2b1/AAN
lB90ufj/ghM8UPw9Pta8lv8sH01bbYgUE9kH0gzAhkGc2WDSlyPCEHNPnW053ohAihcfyXEMnc23
X4VSch0iDYMLEx3kyRLyJFNPSnQUtitNunZbzKvDavUklJLNjrM+zl3fXhyx2z9f3rC3l1eXt+x0
uXx7eXHDlhfv2cfr93+5eD9jsIjdXsOqC/bxz9dvL9jy/fXZxc3N4nmsmEjG8YORYJaqziqqIjCC
N8iqWCuK5SSXIUrboAuoZKQJRbRoDvFT9fHZADyrSuAaP7rK6GOsXzNFbYKPaywIQEIYs/QyA1+D
gai9ywPjYACYrjERYZlC2xbPd6CdmANzUOZGCaxmtLSRcK1tvXfgBkxPbZod265l+G5e/xphRgru
SAorXifgQ/Ndi2DC1ssSJ7dEssw+ZvZB+C942VEFNaYIaswOLPT1rE8rz020N1KdrVPop1rNebFz
1QW71klDOwTUPlWXy4GaDDLRY8l2PDQ96A2xACwHljXiGnC+oQDzLOeSWWk4A49pXRV99u73mzXz
sfHu6x05M/p9wW7YCwb3zHJu+loYlVkDTjRUY/CyKza6YOxrU2am5ji10+M5LjSbiBciuucIP0J8
VBAg+Atih3oA8ilgeQAjbJpOYTBp16DNVV9KY8BDfDvKZr2CdQFiquVFTw8u/k25FfxpTgfNzY6H
M77B8azoCkjgeP2ESFpeQtEMSmbmIzqiZidp9CsjWvKs5zYIPcVmoIyQzrHY7yCjexNNnld6et/y
sRDDuKmx9Mt7h9MQzdJ9PqlImdOx9ojTcyCMCiOoXFGmQKuuZjQs/Zke07s0vzteYdsgZc1fTwEu
H3cPKNIcux8D+/fA/Z6t4r9StajQoyH1QGW4rnJd5Sa8FWvqDfRHhzOMKyZ9UXzUzV//2SelrEQN
9W6fPr8Z67CfxBBdb/Fzu9WMze2Reo1qCfm87QkaUgtlgV1BTRckWMdKLQls5qj3wO0waIhbsD9D
MUqfbGJ1yc6WH2awF+hIwBsfMwkOQpVJH4cHDHPCcMSCXQ+waxAaktNo9YKdSgh2a56nh9BZ685F
KrB0gw4QMzwnRQMcue04rY7A7TVcTxgbsdLl+YIhIR+W5bKv/Hf9MDY4SNgjJGa9tduUm7kZedZ4
XRkfbbLPatAw9gm9YvGDy75Ygz5Cm8woeXuxoze9XrCl2ZPzekUbuGnOjXUYnGnNV8gIaAgE2Gxy
qo+w2y6ABUVfVKPWzvIMVuljhBo6PdW07Or2A9HaAFvIfNK1DA8uSLE7hLrfWeziU9F2c9x3RBRP
m1hV0r0aRYaU4bkJ1F5QMvfMtvCWZmLBKO+tOZYZLCtAQi1qEvRCH6tDaJsRPaDAByJ8jfKAiE1B
HNI/p3TQaPXqYgXWtsZqkRulj05MeBzavPNrKsrOL29Ov4N6jOq3riSbwnDfYXylS2FdgmRonOaj
cDltgXa8TuOBVEm3Otp1lf/ObOwmTdG8hvBGK5g5vGj0uQv6e9lUfWlgvMXugWoueqhn66pq6Iym
byhVf4hAuQCP2VnDH3a5B17UXM/SIfw4ICKR+DbTBaM5xvq5ykp9oEHy+5Z9n1RPGCFqdnnOXn3/
4fL8NdgDhAegA9Y/gjJRXRkUFOA82GrWcpCZLnTAW6qdTkuICt9/97bHYBrR0ci3hA7vEak4IbWb
ooc4rPpjNZOan4DCOX7KcVylqUEMs1m6nT91mZyqiSQ83z/PuqUDKe2Q+vcmtDQoVxjv6xpzPCYg
5LR9eDa75nrXETNXzj06nYxMWB2wYWbl5WrooUrcnO+n+Vm/6iFTj/Mh+b90qtiL+7SoOow2qc6d
JviAEHthY+WAUdWc6oBZ4JtJ/QDgPZUCIwAkhlLpk4NEaYCJSjFaNBv+SMaCdmx+PUObHU48Lyu0
MBDhSBgQPxnfJxs4E5QDmYI8/TLF1q+RzGv8oovx3i2A8B0AfBooc58dXiV5Jcj1m0zq/EO/tQIa
B7NsumQslRUmZlihpE7H9DKkSjpJM6bDhVC5oh5GO4HBm2f3gAT7fIpkOQchrOrqsV3rOAhIOFtr
eKMgCTGjaftETwTPUS49efOdkHoGL8+bEXcY7tEmNESmr6YHZocTtb6gol17agOYc+awb4BcaPWn
Ct6d3o10vHiuZBMAH3lGvTikJ2hNtZVtqk2X75zMvGI9QatMInKdHjG1a8i3wYgZHWMfFB6jNghH
zQnm0VBc4cErHRToCV2TGPsDssaxX05Oo2HnHH8p6NngEFz2J8zXG5P6AaLKXH/RNVq9Bv0eabIW
m6LYLLJq4AHC57bAFhfCQYunz6IZM4NJ0axguxXEFAVPvlrVamXOVs1BrD5Uwl89uX/OMdEKMev6
/PoIZDQ3KUdXJRgOH5XuljiEiUfC2RADY1ZodDG6hYHKYKKVboNfhvXqe0HcoHq9ZjBAqMbwmw7K
npO8doaXJmp8tDmDFLRZc3AqhfmjRnp2tTJkplTV0C/NMd6WmIBHe3fJUicqPjkzNR/XjDJ9B60C
lFkUuvvYaOAaU9AremQvKF4zuq/5NivGKcsUAwged6HjYIZCRWO+QNR0MGy29VcCizEiM7ePqRfq
75UdJntplWv3GR2qGSiApB1E3R+frc2wjp/10PyYkIMXGNB1SqrPsnQAhV83dLW+J8Mg1p8g9aEd
IJrAN075UDTyZmg4oQ/g+L3a8I61GdBrNHnUq7SfBdPGI88j9iMVU1Bfz+gM9KcevK4RRpXE+EaP
GMPiv6Z8gudIOjqiEar2xWROyYA64oaaHTpnwF9H2OTKVCRTVnrcNNe/AFz0IM/qU/sO8xF78/b0
th/Gbknh4eOfzHc2Mz9+Ag5LNXOfZFa3M4rxfxoVpfo6a3pioyMC5loQvTmA5Z2x0BzUKbZM/8pg
V/dhvm886+EejGIUwIFcKOh2s+nlNu+v0cBI+r7kmzcUnAgZ7ZiAoaLejHwajcypFJ5UqJVuXtQT
hMvGdO/iHvu9hvpTiJdJBl3WVlectA55BnKgm9SpqXctzSvhgKKtHkV7vGLfVzbeRS93qj+jC2m6
i6Xr3I8ghHfVA7MtZsVHXnhkB+zj5XfMsRzSR39Pegw+TxcxVSuP8a6Sh+ldl6ZOQP8L+p9GXI/+
D/S1LlIzR8c9tmNb59PR4ENAw1RFmPYn28Cg9o7HddaqOd6AmgFsE02heawPnlccj1CkOiZi9dXu
MAbVOo7iATjeqfXvm4eNgScz7BrB8rfHRNlgwEOKPd6V9NgvHOvfAhqV+UqOluBXFsfnF29OP7y9
HbFEl7Q9dspG6OmGhkntfawlNGo4aM3B3/8blgt5EQ==
===END CRASH DUMP===
