PocketMine-MP Crash Dump Wed Oct 20 18:31:38 WIB 2021

Error: Undefined constant pocketmine\data\bedrock\BiomeIds::MOUNTAINS
File: plugins/MyPlot/src/MyPlot/Commands
Line: 75
Type: Error

THIS CRASH WAS CAUSED BY A PLUGIN

Code:
[66] 		$this->loadSubCommand(new ClaimSubCommand($plugin, "claim"));
[67] 		$this->loadSubCommand(new GenerateSubCommand($plugin, "generate"));
[68] 		$this->loadSubCommand(new InfoSubCommand($plugin, "info"));
[69] 		$this->loadSubCommand(new AddHelperSubCommand($plugin, "addhelper"));
[70] 		$this->loadSubCommand(new RemoveHelperSubCommand($plugin, "removehelper"));
[71] 		$this->loadSubCommand(new AutoSubCommand($plugin, "auto"));
[72] 		$this->loadSubCommand(new ClearSubCommand($plugin, "clear"));
[73] 		$this->loadSubCommand(new DisposeSubCommand($plugin, "dispose"));
[74] 		$this->loadSubCommand(new ResetSubCommand($plugin, "reset"));
[75] 		$this->loadSubCommand(new BiomeSubCommand($plugin, "biome"));
[76] 		$this->loadSubCommand(new HomeSubCommand($plugin, "home"));
[77] 		$this->loadSubCommand(new HomesSubCommand($plugin, "homes"));
[78] 		$this->loadSubCommand(new NameSubCommand($plugin, "name"));
[79] 		$this->loadSubCommand(new GiveSubCommand($plugin, "give"));
[80] 		$this->loadSubCommand(new WarpSubCommand($plugin, "warp"));
[81] 		$this->loadSubCommand(new MiddleSubCommand($plugin, "middle"));
[82] 		$this->loadSubCommand(new DenyPlayerSubCommand($plugin, "denyplayer"));
[83] 		$this->loadSubCommand(new UnDenySubCommand($plugin, "undenyplayer"));
[84] 		$this->loadSubCommand(new SetOwnerSubCommand($plugin, "setowner"));
[85] 		$this->loadSubCommand(new ListSubCommand($plugin, "list"));

Backtrace:
#0 plugins/MyPlot/src/MyPlot/MyPlot(1354): MyPlot\Commands->__construct(object MyPlot\MyPlot#23152)
#1 pmsrc/src/plugin/PluginBase(94): MyPlot\MyPlot->onLoad()
#2 pmsrc/src/plugin/PluginManager(259): pocketmine\plugin\PluginBase->__construct(object FolderPluginLoader\FolderPluginLoader#54, object pocketmine\Server#10, object pocketmine\plugin\PluginDescription#22998, string[55] C:/Users/nhang/OneDrive/M..y t..nh/FLOTV/plugins/MyPlot, string[55] C:\Users\nhang\OneDrive\M..y t..nh\FLOTV\plugins\MyPlot, object pocketmine\plugin\DiskResourceProvider#23201)
#3 pmsrc/src/plugin/PluginManager(398): pocketmine\plugin\PluginManager->internalLoadPlugin(string[55] C:\Users\nhang\OneDrive\M..y t..nh\FLOTV\plugins\MyPlot, object FolderPluginLoader\FolderPluginLoader#54, object pocketmine\plugin\PluginDescription#22998)
#4 plugins/DevTools.phar/src/DevTools/DevTools(70): pocketmine\plugin\PluginManager->loadPlugins(string[49] C:\Users\nhang\OneDrive\M..y t..nh\FLOTV\plugins\, array[1])
#5 pmsrc/src/plugin/PluginBase(136): DevTools\DevTools->onEnable()
#6 pmsrc/src/plugin/PluginManager(425): pocketmine\plugin\PluginBase->onEnableStateChange(true)
#7 pmsrc/src/Server(1322): pocketmine\plugin\PluginManager->enablePlugin(object DevTools\DevTools#22907)
#8 pmsrc/src/Server(974): pocketmine\Server->enablePlugins(object pocketmine\plugin\PluginEnableOrder#22897)
#9 pmsrc/src/PocketMine(293): pocketmine\Server->__construct(object BaseClassLoader#2, object pocketmine\utils\MainLogger#3, string[41] C:\Users\nhang\OneDrive\M..y t..nh\FLOTV\, string[49] C:\Users\nhang\OneDrive\M..y t..nh\FLOTV\plugins\)
#10 pmsrc/src/PocketMine(316): pocketmine\server()
#11 pmsrc(11): require(string[85] phar://C:/Users/nhang/OneDrive/M..y t..nh/FLOTV/PocketMine-MP.phar/src/PocketMin)

PocketMine-MP version: 4.0.0-BETA6 [Protocol 471]
Git commit: 46920818b5de1632991c29620b4822fd87f7946b
uname -a: Windows NT PC 10.0 build 22000 (Windows 10) AMD64
PHP Version: 8.0.10
Zend version: 4.0.10
OS : WINNT, win
Composer libraries: 
- adhocore/json-comment 1.1.2@fc2f76979f0a44a5f5bc2a2b600d0762fe0e78e7
- brick/math 0.9.3@ca57d18f028f84f777b2168cd1911b0dee2343ae
- daverandom/callback-validator unknown@unknown
- fgrosse/phpasn1 v2.3.0@20299033c35f4300eb656e7e8e88cf52d1d6694e
- netresearch/jsonmapper v4.0.0@8bbc021a8edb2e4a7ea2f8ad4fa9ec9dce2fcb8d
- pocketmine/bedrock-protocol 3.0.0+bedrock1.17.40@ea9e22563b3d56f3b94b4a132c725912d029c101
- pocketmine/binaryutils 0.2.1@8cd078e2426f8100331f2d73bef10f481dad6cde
- pocketmine/callback-validator 1.0.3@64787469766bcaa7e5885242e85c23c25e8c55a2
- pocketmine/classloader dev-master@80226e0917be79ac3230606113e25134a31e6a85
- pocketmine/color 0.2.0@09be6ea6d76f2e33d6813c39d29c22c46c17e1d2
- pocketmine/errorhandler 0.3.0@ec742b209e8056bbe855069c4eff94c9734ea19b
- pocketmine/log 0.3.0@03ab1316da0b1978a7a1c8dd73e1c2a973cb62ec
- pocketmine/log-pthreads 0.2.0@6be3445c48c62eba3922f987f000bb20c81d161f
- pocketmine/math 0.3.0@83ec067b12c066fc61d9fb129daf7e61ef3b1d63
- pocketmine/nbt 0.3.0@98c4a04b55a915e18f83d3b0c9beb24a71abcd31
- pocketmine/pocketmine-mp 4.0.0-BETA6@46920818b5de1632991c29620b4822fd87f7946b
- pocketmine/raklib 0.14.2@e3a861187470e1facc6625040128f447ebbcbaec
- pocketmine/raklib-ipc 0.1.1@922a6444b0c6c7daaa5aa5a832107e1ec4738aed
- pocketmine/snooze 0.3.0@fe5b1dbf0d6267da882d1f67924772bd93db833d
- pocketmine/spl dev-master@b7a8904f912c1f6d38ad867ff1120614ccb80171
- ramsey/collection 1.2.2@cccc74ee5e328031b15640b51056ee8d3bb66c0a
- ramsey/uuid 4.2.3@fc9bb7fb5388691fd7373cd44dcb4d63bbcf24df
- rhumsaa/uuid unknown@unknown
- symfony/polyfill-ctype v1.23.0@46cd95797e9df938fdd2b03693b5fca5e64b01ce
- symfony/polyfill-php80 v1.23.1@1100343ed1a92e3a38f9ae122fc0eb21602547be
- symfony/polyfill-php81 v1.23.0@e66119f3de95efc359483f810c4c3e6436279436
- webmozart/assert 1.10.0@6964c76c7804814a842473e0c8fd15bab0f18e25
- webmozart/path-util 2.3.0@d939f7edc24c9a1bb9c0dee5cb05d8e859490725

Loaded plugins:
ChatThin 1.4.1 by PresentKim for API(s) 4.0.0
CommandDisabler 1.0.0 by  for API(s) 4.0.0
DEVirion 1.2.5-ALPHA12 by poggit, SOFe for API(s) 4.0.0
DevTools 1.15.0+dev by PocketMine Team for API(s) 4.0.0
HideCommands 1.0.10 by Himbeer for API(s) 4.0.0
MultiWorld 1.7.0-beta2 by CzechPMDevs, VixikCZ, fuyutsuki, kaliiks for API(s) 4.0.0
NotificationSystem 0.0.1 by  for API(s) 4.0.0-BETA5
PurePerms 1.5.0-legacy by 64FF00 & ProjectInfinity for API(s) 4.0.0
SimpleNPC 3.0.0-snapshot by brokiem for API(s) 4.0.0
TNTManagement 0.0.1 by  for API(s) 4.0.0-BETA5

----------------------REPORT THE DATA BELOW THIS LINE-----------------------

===BEGIN CRASH DUMP===
eNrtW3lz20aW/ypd1NRGriUpXMTBKaesSPZYNZalteRxasKUqwE0SIxwMDgkMVv57vt73Q0QpCTL
k7h2949MZSyij9fvvtD471FSVjlvPt+Kqk7LYjR3xqMmzcVobrq241mBE/hTzzH9mT0etWs9NbUC
33IsI7BM25q5PjZlvG5eV1VZjeb/PWo2aywbqefxKBd1zZc08rGIRZIWImZRWdQNLxq2LqMb0eQY
XCxi3vDFIhRxhcHF4oe0zMVZXM/n5xcf318fn72/ArSkzbI3aUbgTuaLxccaqC8WxYoXy8XiohCn
VXoLWOeL1jCEuWGN/BEXq8XizbuL638sFuusXaYFNp1vLrOyWSzqKto+nJR5zou4nq5XazpOHaX3
HKlVR9jR/ezWY20GKkZzbwYeVjzCz59GBwZ7eqv6c2jaM+fFnO0jMPn+82fJpqqNmsMy/JeImn6R
+ntg2ebMeoGjD0y2zgk0/V+deHQp//zAa3EYDA9Qfyffl8W7kseHcrv11PZzXkB21aE1CwBiKC21
bLHYHvMoxm/KLBaVWkTniQqCeDB2MHPGTO8YHnIlKujmgWk8OruLwqmooyqFkpbFgWUFgT9mQCUt
lj/NZj+zk/mR1JUjqSpHnaYcnU+nUJLptFgdSf042pXXHowvKFwP5ylF+yIJp2l980HUZVtF4rIq
b1NiimVbhinlYz8nHzvwvygfvW7yfVo0oip4RnxXU4ffnsI/JvRnxCoZ4vR2dSpur8syI4PllWRQ
N9L/OPSMr2NO1jOl7rjiBL+fK2PGq4pvfjJ/ljjPvmijpu0CyQ5laIT+RYb6uuBhJpSpus+pgmPN
vsJUO6BXDW/ECVElDmG4Qp7hDc5QJgj0LOvrmCgkXK1bWrwPySJZGp48zX94WuA5e4epiV3o9eGz
2qOIvKikOVl+oE4MBideyr3n2HtoBfYTpz7i2IiNJ4h7tVZm61FdbpuUqD7npPRL8OfA7l2KY/7b
qrXd+wfUUgUM43Ee2Ka7x4NaiUTt0nHm0DSxqhK/tGklOlPx4UDICOdHR1/tbbcnT84vtybcD78Y
/fzbeCT+d1KL3xHrgZxa/zktbsvsVuSiaAAkBl+iBgujMhaEuetidNEsmr80q7RWruaqDTXIw0Lc
MWhTmg/G/qIgj9liFNHUYvTixV8B0vWeBfU3UYgKhv04tKWe7QH6zwI8K5LycWApZnpAwbOAjuP4
rcjWonocGo/jlZzuQHrGsyA/iLy8FV+CWskVe4DN53FtmyeI5pjpAVlfIVnBq6cki6kelP0sKCQK
67J+QrCxmuzBOV/Bu1o0TzENUz2o2bOgpFE9DiqkqR7U85bw9klIqyEg76sA1U9DqntQz1vAe/4U
TgUf4PS8BfwNjvAJuyTXrQH5z+v9J16tHwd0h5ke0PN6fp7GcfYETrmc64E9r+unooC35JunbDHG
/FrO90Cf1/qPBYF9HGBbPALyec2/Es3FXfEUllD9kmZ7gM/r/7u0fsKSMswoQL/9WRv+WRv+WRv+
WRv+WRv+WRv+WRv+4dpwrGuZjEosysMQpXe2AbEQwth2uEfO1Jgakx9eXx+7NNmmWTyaw5c641Fa
f47F7Wie8KwWKOyqsimjErAdz8RJKRV2jhtYhm/64SwWpmvD6ZiRFbiWETq+ZSWx7yVe4LghYLca
oU9pEZd3NXt/zS5PmInjmTyWWZZhGOywmzeNF+z4/NR1sJe6z/ORD1xNA4+/iiLWuMtnTH8ua4J9
9v79NQbkw11ayIozpyKg+pylYcWrVNTEHB6vQEsljv5Vl8UEa3Shak7NqfUqiazEcwMvSAzuOHyW
zMLI4lboGkZseK6VCEN4vvCIY1Ua3RzlvFlhtzENpvariM+82PQTw/IT30k8zwst0/Wj2AxMMzRi
ISzbsbnA7phDEkhhyvwo4lkW8uhmcsuzFAU6Vfjg2U2BxOuV/ktV+bIq61ocgWReF5TM3lpTe2q8
sgww37DtyJ4ljm0YInRnrvCEL3w/SmZWbMauGzh0aiEaqmZ4Fa0k/TlfoxIkUFIbXvlhGBmWyX0R
h5ZwuCe4lfg8dhIeiCiII2ElUejHxPle+490O2Gy1ZORTeD+U0+Atd7UMV4JALGsmWuHdjxzEzsM
nNDhcJqRh9TJtGIQEpmGuQc9LXi1kT5CMtqamq/AUgNisBzLTXzTAPFmYsWeHYrENBLHN2Meu1Es
diE9ymgTmNqvXMfzPai057phxEH3zPdnAC/8WWTZkTUTfjSbcWsPILm2TLo2anWI20nOa6QOr3zD
slxhBKYXCi/gkW3Zhmu4pmkLa2baDrdN4XLk0rvgykyiRDQar4wgFK7gbuy5iSVsO3Z9EzIOYjDJ
siLHjUxPmPEeSrJDBH+CWkWBIg0RkedYoWUEwjdmbhiCqpnhBpEjkiRwosCzHcHNINwFlZXLHoJh
89CE24u5EZqB53OPm5Efg+UCZs8BIQpdS0QPIEzWzaoSPK57utxQ2I4zixw/wo6Q2wHcRQB3AR8Q
AskI0jNdM9kF1dsZYePbIjJcLzQt/HGTyDXjIMFTEPPEE64poFtQensXRBE2PYTAjxxuOCFkGpgz
AZv17dgOjQhMDy0ovsnDKLb3VHH7c5Kvd13oq3/DHw4gVvwG3kmiZTrwP8LmPtQEuugZwkx4FLmu
NTMcw4RLcRxPwEBDvs9nBWWSriMFCRYCpnLXcRyQ5EZezDmf0X++bZkG1EZEjmf7XOxZcl2U5a+i
51IiZuBjmBixa7kA4vtwJonrBZbjeVYYB3Yc+tDMPSDrbNcaQo/7geEkMPEI22McHPuulySmacEo
nAguxTA9YnbF81psyBIyZAkqUMEvgzMR/uc5QsyEbfmGbYbmzHWMcGZCo4XwIbzQdSODb4G0bapi
BdwkHHsQhl4SzmzfdwMzgeZCZ2PHiaPQgaqAr4nlxKR11arNa867/Q89cb3Jk7LYQB2yTZJm2STS
7dhboEp8g23GwcwLPBHESWD7SRxboWG7gR3OEgQJ4UIuZiQegwX3LlseCpb5yiT35tgiNnkAN8AB
LeDChEpF8PQIL4Y1c+BmnoJlDvASLnQrSOxYBDORIF4Ejm+TA42cyAZStmtBR23KB+5EmJe/8qo5
gosTlY6QFCPcwHUiD0rlG3C0DvcdaIMtYLdJbM5CHhqJCdc82wGyhvlOyIcDjopaUJ4AxhpHFhwQ
N8MwiChAzqLQmMUIXcANuS/A/Na3lmX8RhreXK8Q4LeJTj80Hm3TG3PqTEmjeNusyqqmRsMlxb6i
+XuaU8LE1ykNShumZ5U0x33WE4u1oB73/CdM1mXSnA4Hck4ojG7SHEmjgrtYRECkWVFiPUCJ4gNl
YxdX158uPrw7VXyp04ZQp0aIbmaguiUEqiFhezO79BHeQ/q+FU11i5wgLMNwQ2lZ32zpsFCJ+tcQ
dvr6H2klse0p6od2SbGms8nxu8u3x6a1K7I16oGUXh9cXbwR30xqCupicStxWSzgq/SvAX6avKvr
4w/XHy8fEqdrtCFx3dAuceYMqRDl07vK2Gfn7FrwL2sk1ZxfSdrDIvLLpKyaZl2jGAE/Vm04RT48
KDf65gAR/DaNRf/iZ0v0zvC+gpq7GorFeSigyN9KkBreYjHE4usUdKW2TkEEiDtvsyb9VFZUA/Wk
DQZ3CfMQ9UPR8D1lPflVRKvLczCNOPGP9D69OfmnvKqD9LVub1L8vkHqmd7U34wDEZ25zqFeoDsn
hO8IYfBgiPyXOfFQBQaUHA0AgVHvyyZN0ohTbL7aILznA4Y9MjlknEEa8SWXJVOp2e/mxXvkvcf/
XCweovH1PuuyrcSlqPKhim/HdtUAdj3JxJJHm109cJ03b1DP/ge7rEpqdpwVSVqkzeabCf2zOmGx
6DEb/Pwd4pZ7datwCwfcuErzdSbeX54MuLEdG3JDFnyTuuDrelU2u/wIq/ImFd8u6Gp4i0VdrKPF
YojQv0u5BnW0hQGqr99fq0adag30lO+O/19o9g4GX6vUlD9x5MQCufhe6On6SYSYamFNUcQj/Dey
WzI6uOyf2EkJNV4yuhywqBbFwRVv2EXUMNNlpjc3nLnhsU9nPzDLsExakPFi2QLVl6JY0nNeNvFL
uoTIvWTRJonlyn8j+a8csR35r0urFTaTdVk1L83AtC0avFuBpgm9RXopj8j5/US976pfmgaNLEFm
XsZCzSdlFYlJP1YmCY2C3pg6QN3z+nb9ErEfv+I0gd+Av9u8lOfp+wFlNalF06TFsn4pKRO3IpuQ
UrxUbcN+rBYiHiyhsuDl6es3xx/fXdOokv3kl1ZUm+50eoM+qfmt0DjcpuJuEqd0dSMSLxXd92F5
PyHd0mt26q3pJqes+oCRNtCtD0ipraTzk8Ji4ALbETmEx65XyFlZRxbjlWDNSrCygKQbJK8s4kVR
NiwULC2irI1FjB/sgZIQrKsyx86EAOzDrHkixqzETFUTSBZWgt+wTdlWGhZLEwbpwGHLEyAYujCS
bQjwe3HXgzuKRcIhmprdlcV3DaPOFa8YsS8HsdTb2RCG9FpS0X23EgVr18uKxwAwXRSkVQrYfFEw
dvBpJQgx1pQ4pYgZQOjWMXhQ8aLOeAOk5LRENStxDEjFL9FIflHmGAmmGi40khNkpXedAcyZNHWa
qFdtE6OInOgLO3O2GPU3dKPVojWF8BgGTNOUw/bgIbFhSCOJ+XGWlXeMDAHIdm952G3K2X+RbtEa
qWQTPTVA4UB1+/UmBsQZGQODSME1AhdumOY1rdc6208PQX1CkQmVAeN5HDNUQUo+xHdI5IblgtcI
J+SsGKQSCsIa3BO/tDwjvtKL/oLd8qwV7FAfCgfygqCrE8WkEuQEJpALvRqYY1qe/b5F/laR2h3X
myK65vUNNKO6gaJN5YKPNWRHut9RSstWVVmULcSL5fWYyVyJaTOHwYwZNY1BCPl1yRs4UhrL20In
FAr4lZQ/aIIaVuV9ChUUYANIkqpd9MgRbzVCZwkpM60hpR2ztPkO7GsquS2Gd46UTu1tZoegoYVh
WZItkoyJpnQuQe0rM5faUbVFQeKMyRWVaykE2W6vp/SqSf9mebpcwdorXq/GQ+vUmkMcqap23ahR
xTBiTA7cNF1SuLBa2UuPlcXw2zKNgfbjGJCOkM6VYDS0azpQNOobqUW9psHRw4FXG2W1f8vKENpD
oZKpcRhCnjZk/DmysXDTgOPsSrHakMxVpavcfk1Su0sl56VGwarvJgpQp2S1pDBJgSJcFrAvJKyk
EqI7Uik5pNWSHbNlCUGV5CNIK+igpURzIlGbM4OowOnSR6uO6P97Cij3+BL+FEf/GP51U64lCtq/
9ihpcDWD+1hTAyruEaJTO6xMw3I0YtIJfJJWofGrv/sGGEq7kCiRx2BRi+hUIDoxcS+iVnrfUqGs
LJKiWb9a3EfIB+otRcpxXVy/nrPrt2dX7N3Z+dk1O768fHf2+opdvv7AkL/9/fWHMcMidn2BVa/Z
p7cX716zyw8XJ6+vrqb7LmCHH9bM1exABp+WMmKTI66JwGglpEuW3OidrQneI2eIpW+RSyZ0I1K5
WQkKeR/ohIOGNhG9TymbUjKkaBQhC1qmD5OQFRC43q0jp66GPuOCYgglAnLD9OFq0gWdOUNsaxFR
vqA4S+gquaq9PQ1QL7Gut6Tahqa1fvE4SppyW1O+5FUIy5hsm9HSAT3OXWlqhI7exfQu+O6cF63M
ToaYIHNroYMvxl1M2FfCTg1VeE0SwFL05lsTnLIL5fOVwiO9KNss7nFJEUTuCrbFv1aA1xJ9EOpS
f6/Qp72RzuJBkJSqoyD0tCVVmXfBVu3WKyZD1RxKmKjRknygG+wRldrRjqsuoySRVTiJ1FArctzm
a5V+qRyP6YkJTXTyOqVFeoPEXaLZUYAnhHkYO3+EwQjaCHw44RZKVtetIMfQrCC1ZZeOktOi07ZY
jTtBqhxBZ51ThQ0tfZJPVNFEq7a4qTvcT/iaRtO8zRFjEV4r1lUHJEim6h+FxZavZC+aldJiHuoY
svG1xkgeOKE0uUXQdXqJnZZqal+nKTcir6fgq8WdCSlYeuGQMpk5TCIO++xpo5ayzFWQPhL3gJ1K
MBSUNaeihak9isItddim+ano6U6mxd25ioF0sbiD+2VQX9LDRVGIhgQ21yECqdmqzFSKGfImWslU
XKKMrAkqpIOM9G2qNNKzKrSEok82VXg7GEqpmyK3Wm3opcJyzCbmQIBSePLgSdMho0OA9NrbPFYW
o5RCxopyKnZkok+bMajRmrK3yAWhSy9lcsdOLj+OsRc4hLCvuzSG2stcQXnPHv5Ewp8zt0u7txl5
LbkzWDule+81zClLjlBrqjIhFtBhfRQOZdTPIAUbGOI27A2A7VQ19+TVKMXk2ZQREh8vi8su2d5W
iFRLEFJ3CJu0sV0X64l+3qtuzrXV1emvopcnpeWdGOmlT5cyIW1X6jEIrU5gqU0vpuxS78l4tZQb
uC5VtS7IE5OKL4kEyARsq9eZzFio/syBPBk7r0hOJ1mKVaqgpvtFom7Y+fVHiWkNkojssG0YFfBS
lNvjVHEx7XxN3rQT2jWX2A7rQ1FE1WatbD1h1DlALoSEtSMTBTI1S6ZMRqkVpySApTl405DsIA35
TS3c1FjiAqHdSqRXxAl4XemIEaK5dOe1EqlKJbC20TpKlAjVQNCuTldTpxcySTo9uzr+AfmRzKfa
QuoQOWy6DF2Rm4xVkpCSMupPU+JhvbGlc2vrsQjb5bwr2r5nJhVrOmVdwV3JeaZr+Fp1HYT84KZU
wVtbhEnAFNYK2smqLGvZmehqNdFV49KL0+c5rOa3XbSgvpDucE1obuvYCDH5Wkglbbpp868yLVRH
QHLqO/ZjWN6T5Vfs7JQd/vjx7PQF5A6zBw5YfwexkWBShHsYB9VwVaz5o9IPWEO5lV0Ba//xh3cd
fF3fDUa+k4dRa0wmDlK8OhWRtJVdC0mH0UFnK0nksZhLk83kvk3jrUC67tqwe3Mt2y/K1NTn24oH
cq22q7bWbaAITqRRblbvmag9c7U+DukYFUK0e9SnUAyki59djVLQtmw/FI+7VTvtu0c7Zoq5x3nZ
kvdIVKzTzgQs61hLsZ28o2yFQPz0WwZnbP4gQ/VgsyS8EKr0DoUCFoqEbL9e8zupFKSj+usAUi0a
3g36inw6qCcfPpDxfVRBSySjFhOIp49haTyOJq8AKWa8U3cg222mvz029l6HJ8zKSJpvncYqZhA9
HDKFwtVtOOTCkoIoVohYhU750Ic22WrSysGjSGTy+y9Vu8hU9iBLb3AE1cnSE2X0Bd2yKu+alfJj
OIKzlYI2cHKw/rpRIVkiOyFudKhNtqxRpJ2d1gO6yE2T5BU0pq4F9mTqllOX5sg9O0ICvAmz2AHQ
RKm8FeS2rdXLcvpQmNp53fFUVrMIJij1lBaty3WbdWajHyjeyzU6bNgWHSjLIKJSnkQRlzwXUgJd
YMgmt2rkzXWqQ31HWVyrYZUpaM0CIlsPHW+dHlnmhD4k3BvqHcPu8Hq1po/yBjEd/mCi3gL1K1eQ
21yhMl3n+XqalhJjuLpNTsUhTLmhRmtUb1GnMKXn2XZekiDdHF8uK7HULUXdf1RtFvrq5WafPokf
fM3F6QVdGJ7ooKDyA3Jfd0JVIJzRBzZ0Yi0R3xIgx6aDtwKI0z3n2zWw0sJ5wFQIVM1rZUImRPdi
ZSwbxJsTat6LYS9vjOCwXnGYhSDPXhEOXV6KiJGICrXHhPxiQcFQzXaxS0UOvtMb1O/TBsG2RQ6O
3Eb61s6FaYBSymq+O+OBVBVdQ7E2ab6NIDoaE1BaT1pPAYOkSG6cDpRNT72pa3BPtwfomeEJHee+
HO91MFGSVBYw6CVpGADfaH52XaOVHlQuruorCe0dqAmPYi2WaVCa9IDoZmlbqVcy5G26VoryvICn
vVMXb5GT8VrXaUitOb0c1U+UAAFHLat5JzQ1Bx2lnt6c/SQzFyStY9nk+5mAyhJsG7yHr4okGZRJ
V9LBUxule/Um+yOPxVHpn2X5WMuKQZbfdFcBuOokYIi+OlfioH4yellHsUrF1O2Jc/bm3fG1GpRX
u6iz9ld9l3k8C+5BUSHG9n2cVs1YOt2/6kxPvWwZNi2UEVOgA2t1T5G3WuvU5QGmvploq87vdpVa
1b+lkU4FcBCOIvmarO74NOle8UAFVFp/8EZ6E3mUXL8DRObFeuTzYGQi88tB4leq3F/cw7fVusiN
bqhMqmVBB+cWpihQNiqRk+uI3pS+Os9UpFCmoqiU8JEZ9SX1aDwS90jzZdovb/YhWxne9Q8jfem3
H6G3b0XMq52xMv8clw3c3c6ovpG5HWirbPhMjmH4nKRZI3YAL/OdLw9Q4ezgksK2bocDdJ9++JyH
6l3izhjsXF8YMKd0e0hWKODpcNE62uXDB5FsL8P2o7V09fXuENKnfDhydflu5/hN/UsmP6DQv1g/
1ZQ3okBE32HBhufqwqYlbzf8mq7VhbZgSlerf1U3l/vVeLzPd5lcEjaWYdimaQUYuDy92KE0Lj9L
TPYHMZTuygdWX9T1zkJ1Z+PH8x0S9zDAI7UPdsnC4F2V7ol7cE/dJnrVhb3L1Z62UdIkv0Ww9C1p
Yky6VB8p6L303YquKrqr1LSVysxSD1iKX6hFMqWIpBBaDwUlLTuaGD8QYrojd8kteziESq6VfnnZ
Ku3q4P+TEq+LS9kI22747bf/AcaJXc0=
===END CRASH DUMP===
