PocketMine-MP Crash Dump Wed Mar 2 22:10:27 WIB 2022

Error: Call to a member function getName() on null
File: plugins/RPSolution/src/emretr1/rpsolution/Main
Line: 51
Type: Error

THIS CRASH WAS CAUSED BY A PLUGIN
BAD PLUGIN: RPSolution

Code:
[42] 		$origin = $event->getOrigin();
[43] 		$player = $origin->getPlayer();
[44] 		$packet = $event->getPacket();
[45] 		if ($packet instanceof ResourcePackClientResponsePacket) {
[46] 			if ($packet->status === ResourcePackClientResponsePacket::STATUS_SEND_PACKS) {
[47] 				$event->cancel();
[48] 
[49] 				$manager = $this->getServer()->getResourcePackManager();
[50] 
[51] 				self::$packSendQueue[$player->getName()] = $entry = new PackSendEntry($player);
[52] 				$entry->setSendInterval($this->getRpChunkSendInterval());
[53] 
[54] 				foreach ($packet->packIds as $uuid) {
[55] 					//dirty hack for mojang's dirty hack for versions
[56] 					$splitPos = strpos($uuid, "_");
[57] 					if ($splitPos !== false) {
[58] 						$uuid = substr($uuid, 0, $splitPos);
[59] 					}
[60] 
[61] 					$pack = $manager->getPackById($uuid);

Backtrace:
#0 pmsrc/src/event/RegisteredListener(75): emretr1\rpsolution\Main->onPacketReceive(object pocketmine\event\server\DataPacketReceiveEvent#29667)
#1 pmsrc/src/event/Event(62): pocketmine\event\RegisteredListener->callEvent(object pocketmine\event\server\DataPacketReceiveEvent#29667)
#2 pmsrc/src/network/mcpe/NetworkSession(394): pocketmine\event\Event->call()
#3 pmsrc/src/network/mcpe/NetworkSession(358): pocketmine\network\mcpe\NetworkSession->handleDataPacket(object pocketmine\network\mcpe\protocol\ResourcePackClientResponsePacket#29701, string[262] ....*08eca4c8-5719-4c6b-931a-edfecdfefa12_0.0.1*1e62069e-1f19-4d44-a228-3ea20768)
#4 pmsrc/src/network/mcpe/raklib/RakLibInterface(192): pocketmine\network\mcpe\NetworkSession->handleEncoded(string[165] E.[..0.E..q-B.y4MW3.i...=.T....9\..z....f..a..N.....!we..#..g{..S..L..C..8...S.j)
#5 pmsrc/vendor/pocketmine/raklib-ipc/src/RakLibToUserThreadMessageReceiver(42): pocketmine\network\mcpe\raklib\RakLibInterface->onPacketReceive(integer 0, string[174] ..s.9^.E..!\...%`........R..w6c....N.8b,.f.Zu..E.cb...S....7........?U.2.W..H4Q.)
#6 pmsrc/src/network/mcpe/raklib/RakLibInterface(122): raklib\server\ipc\RakLibToUserThreadMessageReceiver->handle(object pocketmine\network\mcpe\raklib\RakLibInterface#28137)
#7 pmsrc/vendor/pocketmine/snooze/src/SleeperHandler(123): pocketmine\network\mcpe\raklib\RakLibInterface->pocketmine\network\mcpe\raklib\{closure}()
#8 pmsrc/vendor/pocketmine/snooze/src/SleeperHandler(82): pocketmine\snooze\SleeperHandler->processNotifications()
#9 pmsrc/src/Server(1660): pocketmine\snooze\SleeperHandler->sleepUntil(double 1646233827.6308)
#10 pmsrc/src/Server(1046): pocketmine\Server->tickProcessor()
#11 pmsrc/src/PocketMine(304): pocketmine\Server->__construct(object BaseClassLoader#2, object pocketmine\utils\MainLogger#3, string[9] D:\FLOTV\, string[17] D:\FLOTV\plugins\)
#12 pmsrc/src/PocketMine(327): pocketmine\server()
#13 pmsrc(11): require(string[53] phar://D:/FLOTV/PocketMine-MP.phar/src/PocketMine.php)

PocketMine-MP version: 4.2.0 [Protocol 486]
Git commit: 44818e6d1456dcf1f0fd3cd27da1dfecbe03c08b
uname -a: Windows NT PC 10.0 build 22000 (Windows 10) AMD64
PHP Version: 8.0.15
Zend version: 4.0.15
OS: WINNT, win
Composer libraries: 
- adhocore/json-comment 1.1.2@fc2f76979f0a44a5f5bc2a2b600d0762fe0e78e7
- brick/math 0.9.3@ca57d18f028f84f777b2168cd1911b0dee2343ae
- daverandom/callback-validator unknown@unknown
- fgrosse/phpasn1 v2.4.0@eef488991d53e58e60c9554b09b1201ca5ba9296
- netresearch/jsonmapper v4.0.0@8bbc021a8edb2e4a7ea2f8ad4fa9ec9dce2fcb8d
- pocketmine/bedrock-data 1.6.0+bedrock-1.18.10@e98c511584a7bd58a95986374d2df4b04c6a2ba0
- pocketmine/bedrock-protocol 8.0.0+bedrock-1.18.10@017e57c8f8a74118bcbba7332e7ebac9e6c81693
- pocketmine/binaryutils 0.2.4@5ac7eea91afbad8dc498f5ce34ce6297d5e6ea9a
- pocketmine/callback-validator 1.0.3@64787469766bcaa7e5885242e85c23c25e8c55a2
- pocketmine/classloader 0.2.0@49ea303993efdfb39cd302e2156d50aa78209e78
- pocketmine/color 0.2.0@09be6ea6d76f2e33d6813c39d29c22c46c17e1d2
- pocketmine/errorhandler 0.6.0@dae214a04348b911e8219ebf125ff1c5589cc878
- pocketmine/locale-data 2.4.3@4d0b081f1a79407e087968ea76aaf330db6ea2b5
- pocketmine/log 0.4.0@e6c912c0f9055c81d23108ec2d179b96f404c043
- pocketmine/log-pthreads 0.4.0@61f709e8cf36bcc24e4efe02acded680a1ce23cd
- pocketmine/math 0.4.2@aacc3759a508a69dfa5bc4dfa770ab733c5c94bf
- pocketmine/nbt 0.3.2@3e0d9ef6b6c5fb45e3745a121296e75631b3eefe
- pocketmine/pocketmine-mp 4.2.0@44818e6d1456dcf1f0fd3cd27da1dfecbe03c08b
- pocketmine/raklib 0.14.3@4798576fec0364266dce23b368a7fec5e5de7927
- pocketmine/raklib-ipc 0.1.1@922a6444b0c6c7daaa5aa5a832107e1ec4738aed
- pocketmine/snooze 0.3.1@0ac8fc2a781c419a1f64ebca4d5835028f59e29b
- ramsey/collection 1.2.2@cccc74ee5e328031b15640b51056ee8d3bb66c0a
- ramsey/uuid 4.2.3@fc9bb7fb5388691fd7373cd44dcb4d63bbcf24df
- rhumsaa/uuid unknown@unknown
- symfony/polyfill-ctype v1.24.0@30885182c981ab175d4d034db0f6f469898070ab
- symfony/polyfill-php80 v1.24.0@57b712b08eddb97c762a8caa32c84e037892d2e9
- symfony/polyfill-php81 v1.24.0@5de4ba2d41b15f9bd0e19b2ab9674135813ec98f
- webmozart/assert 1.10.0@6964c76c7804814a842473e0c8fd15bab0f18e25
- webmozart/path-util 2.3.0@d939f7edc24c9a1bb9c0dee5cb05d8e859490725

Loaded plugins:
Biome 1.0.0 by  for API(s) 4.0.0
ChatThin 1.3.0 by Blugin-team, PresentKim for API(s) 4.0.0
DEVirion 1.2.8 by poggit, SOFe for API(s) 4.0.0
DevTools 1.15.0 by PocketMine Team for API(s) 4.0.0
EasyCommandAutofill 2.0.0 by jasonwynn10 for API(s) 4.0.0
FormAPI 2.1.0 by jojoe77777 for API(s) 4.0.0
MultiWorld 1.7.0-beta4 by CzechPMDevs, VixikCZ, fuyutsuki, kaliiks for API(s) 4.0.0
Particles 0.0.1 by  for API(s) 4.1.0-BETA2
PlayerSelectors 2.0.0 by Ad5001 for API(s) 4.0.0
PureChat 2.0.0 by Vecnavium, 64FF00 for API(s) 4.0.0
PurePerms 1.4.5 by Vecnavium , 64FF00 & ProjectInfinity for API(s) 4.0.0
RPSolution 1 by EmreTr1 for API(s) 4.0.0
Slapper 2.0.0 by Vecnavium, jojoe77777 for API(s) 4.0.0
Sound 0.0.1 by  for API(s) 4.0.0-BETA5
TNTManagement 0.0.1 by  for API(s) 4.0.0-BETA5
Tags 0.0.1 by NhanAZ for API(s) 4.0.0
Track 0.0.8 by NhanAZ, Nexus9265, Mcbeany, EndermanbugZJFC for API(s) 4.0.0

----------------------REPORT THE DATA BELOW THIS LINE-----------------------

===BEGIN CRASH DUMP===
eNrtPAlz3LZ6fwVZp43cLinex75RKlmSG/VZ1j5LjjPJpioIgruMeGx4SFpn8t/7fQDIJVdyrORp
ptMZe2yLxPHhuw8A1G+TpKxy2lzf8qpOy2Iyc6aTJs35ZGZ6jmfZdmD5uudaRjidtGvZY1m6FfqW
Y8B/rhmE1nSS0bo5raqymsx+mzSbNYyayPfpJOd1TZfYckyzjDQloSTnecQrkrQFa2BZsuTNW5rz
vZcEXoo2y2BeAj9epxlOPJktFq/fXFx9v1iss3aZFvVi8W5+WWYtzl4s6ootFjyveFOZi0W1rvue
c5oW+nq1RngSlgKwv52/D9P31ez97eR9nAvzsrSAea4JjKkog8efJi8Mss5xlph5y4tm/x1fpnXD
Kx6/wZ8Fr/Z89+WMfBIr7duymFN2w5t3nPH0lu+V0S+cNWRdYmMOqwJNCBvo4xUIaLE4oQ0dzTnF
/hdW6Hn+S0D1hfkALzFiz7MAlUcAP8Ra+5aBlOSsZ0DIGiBU8OaurG72c7bm+2/lyyUoB7Bkzw6d
xzEUACVSewKi/VSIbrADUY1eLHD4YjEer327okWc8S1Fj5G/A2JdlU3JygwZWZdtxThOPc5SwBla
1mVRcwkMWOIb5pTUTZUWy58sz/qZ6PDn34yAM+qwQHN9M9Qc5kVaaJtU43HCGfxLqGldG7qhm/9m
cs8yvJBrZoJDY8fRqGUFms2pZfheINjjfIo9Fb3J0mj/Hb15k0ZnBQg9AW3eM0Prr7DptGBlzOM9
RY/puT+TU/0nHRA91fVftVf6xjn/YOsp0HigXyGp4WKh6x/xKdF1qutv8VH/6o7r+gtdX/6m65e6
/kbXj3U90PHlF0GQqwgCPYjLan+LqaJIS9eSWknZVfkelPNqVXEan0vPo1Sz2nM+Q6oECMIc8+ih
pabQtQT/ZfQCNX0HBVrr4X8jA75CWvV/+R9d/Xmn63cew6e3ehBNgQM/tjoMZJGgFP743dD/eK9b
+gdd/875hy4Y4P1ZiVpIZkdLZ6nApY6wP2BRJ94n6P4nmPXCCkxb2r7/ScnVRVl+5IKiy4zzNa++
E8tWgLz9F2X0hDm/says24r/Lj1J8BfwC3ZVSA5dLMbjAJ2qZMDbt2WTJimj6PdruWw4kOelkM6e
6XnGE+HW+P6+aNJsLy7bKONkGKhtQ3oB03hkEcPxdhaRPdq3Tcpu5hLhspJYmsNQMhdzzmHOnm04
nwByfc2AxqZqWe86X9GaH0NuUL8pacyrF9aUPKJYEBSzWgbFN+US7OqF3dtV+DMZBP+BuY3a+6RA
om59AnXL32Wy5IycpQLLnmmi+fBf27TinX9z7Z/JekWr2f7+yWxfrDqArJ3PdezdWRDzjpeTn3+f
Tvhzp0b/ZCoDKMm512lxW2a3PIeABQBjIJk1k64XWragoRVdPlLhWNCzaBbN12WVwjhyQL7mMk4D
theibe/l32CGY3cj1xndAFkwUs4RQ+eiUQ11+qHC146BqpAsR7pqZJqQvW408KGhBeNlQj4Xi1+S
3xCKp6CM4ICBNbRpa3JwcPBZQLPZ5dXR1fvL68vTtyfX86Pjv18q2H4PG+jhXQoD6GWKhAAG4M9w
ODCnBV1KJjWrtBaEK+N9KV6GCJ3LwRKea0h4rjmAV/Msmc0EYZfg4v7R8pb/pAQhwEm9+llwumiq
DTwU/I7M1YRTbNtTE+Qy1ogu7AeGIZJFLFzxLc32tri/Wx+v2uJm1PtSArIVvs4AIJQinLLVQBb4
8yyuCa3J122bxpK7rjuYtGj290Ftmw1ZwWACMEhe/kKL5Tc12WlXNU6NILwRiK/rdZY28xLEjh5m
XdZ7Yr0pWUyuFxOJsj+aInSmn/YVaEtCs5orDIPRWFgAoSHwNgL4HXBIH3oQco1wNO93aPKUZD1z
jDGyBgWndKY3klebs1jCB4i/f6lZvtQsX2qWLzXLl5rlS83ypWb5UrM8tWbpKoAa0/1XaZmLvL+g
+FO9Tyf9nvHEBBdqQAttm1VZwaSfAAJdp5h3OKIP3nlBQfTxZAbs5tNJDCpSxGpsXSbNybAhp6L8
EEtJNmP5AhKBxvnF5dWHi3dvTqDpjkd12iBWmOwcr2hztcKZPbJ90xhfewffyStBr9ZwmkPHvOI1
xMO/p/nkmSiJBPzFggE+kCDD0wCzzxJ2cvp9Wgnce8L6pjFhlh6MCVuDeqZY011evObPRY0Euljc
ChQWi5h3TwO0FFVQI727ej9/SBO/vSrLrB7S1DWNaTLdXWltFZZcocSeiaxufSBji8kfkLFqmnUN
9gW8WLWRzsp8YEr7PQwg9pTWm+Myh2w9PmqbEgr4bED3Y71DFlgP7GvyC63L4m5TFKbxXNQPQEIO
+xClp9vh67LKj+ZnAwq7ljFV5gOqyl9K7uOfZyOqhwieVyLRPzyFlPM2a9IPZZXFA2oGjWNN9XVD
i3hDnTFZxx85W83PQSFQob5P79Ob4x/FEdember2JoXnG5ql6U39XHQzXHKdg2GCNueI7x3iCzIc
4v6H5D+i3QNC9geAgE9zWkFEzvjQnLdtQy6JwuCTwQJUQnt1enVk/VXC30I2ePTjYtEv/nS1ldtR
lzyDaC8w21Ky0/MZ4zyKXcMwn0uUEhpQNEbiT9AF+SNGmyFBXdNnKPmes4Lepi0GRc95/dr4c95G
rDPnVS70ekzg5DUVO5w1ZHEA/QcIIWVbz0+1rn2yZcG1XBt4oPDePj2VARKLMQdk29iEHd39BAvI
lEg0yL8SwBlzwrMiSYu02TyXqEd0CuwGj0+hdLBfuyV1tIk7oHVM52le8avq2bT2k5tITyHjMqNr
qCAGNHQtf0Jfnz+Y1BKJP0FH2RbDwCHfn+4NDeUN3X/WG4qFn4731dsrub8sDwZ6/Mft/wd0jBD4
E/TQ5dD2xesfY69WfC7N6fGHlZ+G9iPRV6GE9FSU3QwJEu+7FAWPUjSdvOX3bR1aHjq6cxZxWmzg
6bSAchfyvahd/vhfr4+fnXJE8Z8mHU+uaAVEN3y3EugqWoHofcMLudkPTDouKwQboJCR5ojltFkN
WxjNAHGYO2wr8+u4bArejFrVEd62oa2y4XtMm1E/ZM4NHwFe5uvh64rWI1xSVha3w4ZfaiHR/j2P
ZIU/aiurRskdakBowNMwICgeDlqzMR/e8QRziXQMvhYcrcdNMbrUQcvl/M1o+U39a4aernsifVdT
3vAi/Thmwf29ohrRRcPb0DwTHt0S2H9M17LyC0U0/pil0XA6vN7nY66XiJ5lGLZpWiFW8CcXI9Lj
8lqgttsITelYYCXocF2PBl6m+TrjP5yPaN7BAF5xc3KHzjy7q9Id+a8bsY2JHHZUBJuvdnQPz83E
HpMlmGQLJqXLKC1otYEmGxjlIyf4Lc/iSA1CUKzarJtSNViSWTEIWqqloWqu7Y7S9XatQT+eMKdF
Uo70Nn4g8nSkJYKV9rCp4mAeaIfLVupiB/9HMDdyMWeUrQbMR+terdW6uCKe7tBhpTwydzRlWvPt
5UXgpyXAR22KBZtluDawrb6GMmgyEwd0sII6AJnMnMCDNVK0b8cJzIB7sem4XswSMzGS2Gax5cfU
xFONiBs2M4IIYLcKlQ9pEZd3NXl7RebHxARBErEssUANDbLX9ZvGS3J0fuJhTYg3EQfs+ciFzTi9
ZqzW1yWK4cPZ27dXqIv4cpfKw/d8Xda8ugZ5VrRKZaVF4xXQUvF9dBIajFEn+Sa6gcOEWYnvhX6Y
GNRxqJu4EbOoFXmGERu+ZyXc4H7AUZGiKmU3+8ovGnqo24eMun5sBolhBUngJJBHRZbpBSw2Q9OM
jJhzy3ZsyoXTAxmAwwFPjadeEbh67RYKWnCGePEBeHZTlHfFofqJCrasyrrm+0AyrQs83Ly1IPc2
DjlPnCAIQzN2be6CTAwWuq4TGWFkWoYJSEU0tEIPYIBrxn06WrGVoD9XSePkVtjVYRBFzLBMGvA4
srhDfU6tJKCxk9CQszBm3EpYFMQje9iPeFzBmwa4U8FJTzf+vWsEvga6CViGAXNN0w0AahS7AQ3d
MPBs34mtOAFkHeYBn6nxOOitCgpdeAjeMH3u+gz4Tn3HNIOIRRH1bdviPgfmhtxjgemF9g544R22
pgwMPXQp8zmnoUmTiMZBzJwwSFzGbYdxzwr92OUedNMxpEeFiLu89qHn+IHvgFJ5XsQo8NQNAtdy
LB64zLKZ5XLgjEutHYC4o56Vyj8iasahE3JqG3YY2jyJk8gOWWwbFrdMMEHXANCBZYSgnzuQyqzc
wgCtQPy92PcSi9t27AWmzewwtkJmWczxGHDSjHewEfdx5KmRBAUiPowpLO1Qw7GdIAIN54FlhjxK
TMtNEhNoCkLGgl10shJzh05ZUIXtQyc2IiMwE5P6oWP43Aj80As49T1KE9s24ghQtiJ3F9JS4CKM
wGOhaTEjCQ3XBVHHlm3iqasVm34YhV7igIYBpg8gaIPgIkF5ZuIDGwOW2CAwZjnc4WD3FmUxB24Z
1AQzAFc3BtU7AvCoh5QyZvtuSF0joF4YJ2CDzIEfvm/QCNSSuSx0omQMooiaLgod2tyIQ554kcfc
JHJcDpbiUtOCWO1x3/VsM7LB8PkYwvZREymTI9Xm6a76wcGrjEBCRn4YuKA0nBm251ieh97AjmwP
LA4aXe7G3A8t/zEoeHzb5S6HoWVRz3HA5pnHAAdKXfwb2JYJojc5c3w7oHyHv/KorIvthwYFWwfX
7Acmc8yQmonncDAvB1yL7aIDdkNuhUgTJL8136AZbHM33Pa3Dhn88R3OgbtWAIlQBIbkGJFrGq7H
eRDbUeR5zKBbIHhNRPHVhmARRpGfRK4dBF5oJrFv+8BXx4lZ5MQezGaJBVLH6as2rynt5j/07vUm
T8piAxLMNrh1rHVp8y2gilppG+A1zMBiYWDSyPTdGIzGduLISEC5vTAIAwOV6zFYEDICYwDL9SPf
tMDieBxHoc8gsNEAXJNtscABZfCD0IotHn4KljmEFXMnolbsIPeSMIoNboaRRcHmwBHbLngXiBxB
IuuVvPxIq2YfXBuvVNTFuOOFngNYMD8wQFcdGjgWKAE3QMaxCeELiAQNttwRkDVYnIa+W7gRGx1S
aIeJz2OwWQYqEUUhw6Drsshw4wD8beiEhg9gRFXU65a+EYnpC4KlFoFiIkmXbSVOcwmmdeIu1CiP
WlSL4gW5WkEsJTVvGqgtakIrTpoVJ2XBa3igDWG0KMqGRJykBctacB/wQOR5pA4hDWJvA2mJhHZZ
5jA3QRC7UGua8CkpoaeqESiJwGPdkE3ZVgoaSROSQ82RpGINSHDwXmK2kaDf8rse4D6ktrTNmprc
lcU3DcEMgFYEqt4SXFiKcWyDWOKdNEn93YoXpF0vKxoDAB1B4r8O4AxfCHnxYcURQbyTWWOuivcz
ZdkF3IBUp8aEOpbdAmUZCAjwNuON4BweijFOZJzBllzCBv4zrmUUk+IlnxEspmVPvWobyBkLTV0M
nZHF5HzRGqCEG8JWi9bk3CcN/qRmTqDHNE3sT2wghRyvxFgLyRVPRrEi90B9hjNiPyW3opmRSIBw
Ac8Un5hfkELO2Hy1mCgWHGVZeUeytEbGEHUgTG5TSv7R8mojR/2Kj5rqnMlLcGr+qdgtUBMJcIFg
pkpAU0AQCDLaECU+OUNuL2j9gDG4D2CvoI0gTxrHBBI/KXYUJ94FIDmneFECE2ACwo44Yg/i4L+2
VNytXaa3MBYympaTPbUwsYyXEr5clWsVX0MtrYGo8Vh/BgPU+m9bcTEXdPqo3hTsitY3BG9sgBbr
asj7GlQCzaujGQeuqrIoW9AamFBPiTiGIbKyQZucEszsK3lVSXAJfAK25W2hLmF04C+FYgFtoOVV
eZ+ChnNgB5AmbKfoEUQ+90idJWgt4nIxWMWUpM03eNe4EhNj3uDVBlTXnelkD+howXYtxSBBjKYo
nglgD22FCp2p2qJAAcdYnZZrIRJRG9U6OeG36pnk6XIFbqWi9Wo6dAJKm5AzVdWuG9kqGYcMygG/
njohbHAPovSJpUnS2zKNAfnHcUCdQT2E+iMFfdNHygfDNTlsa5j4L+ew6qbzDv+ZlREoFe55EdkD
dpKneA0Z3pc02jQgAHIp+W4ITqc1LqAAXKEY71IhCKFo4D/uNAmq071aEJukgCs4SXG3EAElFefd
olL7QXgtuguyLEFuJXojVBO51FKgqgn0ZsTo6AEcRHyQ6eL/C0pwQ/FzdKxoFf+zdNRNuRaoKM/e
o6YA1gT8zBqDfjxADFfusDMNyxkgKPzFB2E4Cs/6m2fBVJiOQA2dC2EtxMkC4iTh95y1wm2XEnVp
thhX+9H8nnEe11vKOj93cXU6I1ffnV2SN2fnZ1fkaD5/c3Z6Sean78iHi3d/P303JTCIXF3AqFPy
4buLN6dk/u7i+PTyUn/oK0acsVxvwJg5r9JSZBHowWskla248OWCL72XNkEWkMnEyhWJQRr4T975
ZwXwuCyAavDvoGtI/adUUarg3QoTAuAQ+iw5TMGXYMBrb+PA0BnAShcYiDBNEdP0hzNQT9R+OQhz
zRlmM5LbiLiUtpzbUwOqx9f1lmzbUHTXLz+FmOKCPeDCklYR2JC2LRGU23qc48IsES01j6h5eJOe
Fq3IoIYYQY7Zgoa+nHZh5aGKdkoqo3UC9VQjKc+3pqqTCxk0pEFA7lO2Wdxjk0IkuivIloa6A70W
JADJnmEMqIY1XwsH8yDmCrWScHoak6rMu+jdzVdjtKHy7sodKVPyfURvyCMK90BzLrtcGIVZwZqo
qErh4zZfy4Sxy02J6tKwayvHExyoJglaBNIdRfjBxB0HB0EfYTvkAxBPYZVbUMK6bjk6k2YF0lx2
qTQ6PFxvi9m0E7BMQFS2rHf44OA/5FtO7zWx0VxvaTima2xP8zaHAI6nT7iI+IoHhUzUJ0MCmy2n
0a4Ua4VlPdRBqCnWPWZiUQ2T/RYiujOS5Ekpu3c1HxMx9JtylW54Z3ASohq6S6dIUjSxrT2g9AQQ
E4kRZK7IU8BVZjMSlvqESc6S9G5phWk9lyV9HQY4fFg9IEszrH4U7M+B+5yu4j91K3nWhx7IDFdl
JrPciDZsJWoDQQAkbKBmKnwJ/yiLP9UrQ1bE+3y3C58vhjLsOtFFVxu8KbmcEs0ciFeJViyuNR1C
fWgRUWCbUIsDEsxjY8kJLOZE7YHToVEhp5PvIBkV315hdkmO5++nMBfwiMAa79IYDERkJp0f7lfQ
xAoz4m1rgG2BUAs+DUbr5CgGZ7eiWbIPlbWsXGIOmq6Wg4UJ7pOiAg7MdhhWB+B2Cq579I2Y6dJM
J4jI+3kx7zL/bT2MBQ4idgeBWU5t18VaUy0PCq9zZaN1+pH3EsY6oRMsXpXtkjWoI6TKDIK3E1py
0kudzNWcjFZLMYGq4lxph1ozqegSCQEJAQPFR1KwNFbbOZCAzoFWKDX53YrcRsD7z7xuyPnVe4Fr
DWQh8VHbENy4EILdLijrHX3rn/Km1XDeTGA8LmJ5Ic7VhGdICO6bQO4FKXNHbANvScp0IuLeimKa
QdIcONSgJEEu4hdtgGubCnxAgLcCcfw6DT22cOIQ/qkIB7UUr0xWYGyjtBap4XLrRLnHvsw7uRBJ
2cnZ5dEryMdE/tYWQqfQ3bfoX8WhsExBUlRO9fVnPC6BtrSO/UHMo3Y521aV3xITq0mVNK/AvYkR
RG1e1HLfBe29qMsuNVDWYnZAJRUd1ONVWdZij6YrKHm3iSBiAW6zk5rebmMPvHBNfdOIvUOHiEiK
mwoyYVTbWL+UaSE3NAT/viE/ROU9eoiKnJ2QvR/en528BH0A9wB4wPg7ECaKC2+ngfFgqVnFPc9k
ogPWUm5lWoBX+OHVm24FVYgOWr4Ry+E5okhOhNhV0iMoLLttNRWa7wFDDW9yHJRJohaG3jTZaPdt
Go/FJDis7e5nXYkNKWmQ8ne+SG6IWKGsr63V9hgDl9N07lnN0uSsGVFHzt1yMhgpt9qvhpGVFsu+
hipwcrYb5qfdqNuU32l98H9sV7Fj91FetuhtEhk7lfMBJnbMxswBvara1QG1wDcV+gHAO5EKDAAI
NhRc7hxEXAKMOH6NCo6H3gllQT2WKyi1w46HaYVkBi44YAb4T0J30Vbf2sCq4pvXRzE2PoUyrfA6
F6GdWQDiWwD41GNmP9i8irKSCdOv01jGH6SPgsRBLes2GnJliYEZRvBYhmPx0odKsZOmVIcyxjMu
ahhpBGrdLL2BRbDOF54so8CEZVXeNSvpB2ERSlYS3sBJgs+omy7QC4Q15EuHnrZlUkfg2Uk9oA7d
PeqEhEjk0XRPbL+j1iVUYtaO2ACmRizyAtCFUn8s4O3u3UDG+kMhKwd4R1NRi/+KX2ArLVuX6zbb
Gpl6xXxCjFKByLa6hUW5hnSrFTGio++DxGNQBmGr2sGc9ckVbryKjQLZIXMSpX+A1tD3x6PdaJip
4SeTDxp757LboW5vjPIH8CqavNE1GL0C+c4kWvo6z9d6WvY0gPvc5Fji4qf4uPvM6iExGBTVCLId
IYgSzpMulxVfqr1VtRErN5XwW+ibhxQLXMFnXZxc4EdUmgo5MitBd3jHZbVExefxuGYtCBiSIlr1
wSkMZAYjqbRrvBnWie8RdoPo5ZheASEbwzsdInqO4toxHprw4dbmFELQekXBqDjGjwrx2ebKEJkS
XkG9pKG/LTAAD+Zug6UMVHS0Z6ou1wwifQulAqRZwnV3vlHBVaogR3SLPSJ4Seiu5Js0H4YslQwg
eJyFhoMRSnzKD/EClxYbw2padySgDxdSfbsrdUz9XNqhopcUuTSfwaaaggKLND2ru+2zlWqW/rPq
ix/lcvAAA6rOWORnadKDwtsNbSXPydCJdTtInWsHiMrxDUM+JI207gtOqAMo3lfr3zE3A3yVJGed
SLteUG3c8pyRn0QyBfn1VOyB/tyBlznCIJMYnugJwjD5r0Q8wX0k6R1RCcUv5ngYzEUwEBVxLYod
sc+An5OsM64ykjEp3dqir3sBuGhBjtGF9u3KM/L6zdFV14zVEsfNx7+pezZTN7wHCgs+te/xl0RM
hY//2yAplcdZ4x0b6REw1gLr1QYsbZWGZiBOtiHyW9K26tx8V3hW/TmY8FEAB2IhE6ebdcc3rTtG
w19c0anTa+GcxGJixgiMSOpVy/WgRROp8ChDLWXxwu/BXdaqemc3WO/Voj4FfxmlUGVtZMYpxiHN
4veqZDI0daYlaRVrQNJWDbw9HrHvChvPoudb0R+LA2lxFiuOcz8AE96Wt8Q0iBHOHH9meuTD2Sti
GZaQR3dOegA2Lw5iyiY+wLNK6ieLNkksT/zPxP+ixXbE/5481hUf+qLhHpihKePpoPHWE80ii1Dl
T7qGRmkdd6u04RqegKoGLBNVonkgN56XFLdQYn4gkJVHu30bZOvYihvgeKbWva9v1wpenGLVCJq/
ORCY9Qrch9iDbUqP9cKB/IprkObzeDAEb1kcnJy+Pnr/5mpAkjik7VYX0QgtXeEwyr0PJIcGBYcY
M/n9fwGgXpe1
===END CRASH DUMP===
