PocketMine-MP Crash Dump Wed Oct 20 06:51:37 WIB 2021

Error: pocketmine\world\generator\GeneratorManager::addGenerator(): Argument #3 ($presetValidator) must be of type Closure, bool given, called in C:\Users\nhang\OneDrive\Máy tính\FLOTV\plugins\MyPlot\src\MyPlot\MyPlot.php on line 1275
File: pmsrc/src/world/generator/GeneratorManager
Line: 72
Type: TypeError

A PLUGIN WAS INVOLVED IN THIS CRASH

Code:
[63] 	 * @param \Closure                        $presetValidator Callback to validate generator options for new worlds
[64] 	 * @param bool                            $overwrite Whether to force overwriting any existing registered generator with the same name
[65] 	 *
[66] 	 * @phpstan-param \Closure(string) : ?InvalidGeneratorOptionsException $presetValidator
[67] 	 *
[68] 	 * @phpstan-param class-string<Generator> $class
[69] 	 *
[70] 	 * @throws \InvalidArgumentException
[71] 	 */
[72] 	public function addGenerator(string $class, string $name, \Closure $presetValidator, bool $overwrite = false) : void{
[73] 		Utils::testValidInstance($class, Generator::class);
[74] 
[75] 		if(!$overwrite and isset($this->list[$name = strtolower($name)])){
[76] 			throw new \InvalidArgumentException("Alias \"$name\" is already assigned");
[77] 		}
[78] 
[79] 		$this->list[$name] = new GeneratorManagerEntry($class, $presetValidator);
[80] 	}
[81] 
[82] 	/**

Backtrace:
#0 plugins/MyPlot/src/MyPlot/MyPlot(1275): pocketmine\world\generator\GeneratorManager->addGenerator(string[22] MyPlot\MyPlotGenerator, string[6] myplot, true)
#1 pmsrc/src/plugin/PluginBase(94): MyPlot\MyPlot->onLoad()
#2 pmsrc/src/plugin/PluginManager(259): pocketmine\plugin\PluginBase->__construct(object FolderPluginLoader\FolderPluginLoader#54, object pocketmine\Server#10, object pocketmine\plugin\PluginDescription#22925, string[55] C:/Users/nhang/OneDrive/M..y t..nh/FLOTV/plugins/MyPlot, string[55] C:\Users\nhang\OneDrive\M..y t..nh\FLOTV\plugins\MyPlot, object pocketmine\plugin\DiskResourceProvider#23118)
#3 pmsrc/src/plugin/PluginManager(398): pocketmine\plugin\PluginManager->internalLoadPlugin(string[55] C:\Users\nhang\OneDrive\M..y t..nh\FLOTV\plugins\MyPlot, object FolderPluginLoader\FolderPluginLoader#54, object pocketmine\plugin\PluginDescription#22925)
#4 plugins/DevTools.phar/src/DevTools/DevTools(70): pocketmine\plugin\PluginManager->loadPlugins(string[49] C:\Users\nhang\OneDrive\M..y t..nh\FLOTV\plugins\, array[1])
#5 pmsrc/src/plugin/PluginBase(136): DevTools\DevTools->onEnable()
#6 pmsrc/src/plugin/PluginManager(425): pocketmine\plugin\PluginBase->onEnableStateChange(true)
#7 pmsrc/src/Server(1322): pocketmine\plugin\PluginManager->enablePlugin(object DevTools\DevTools#22907)
#8 pmsrc/src/Server(974): pocketmine\Server->enablePlugins(object pocketmine\plugin\PluginEnableOrder#22897)
#9 pmsrc/src/PocketMine(293): pocketmine\Server->__construct(object BaseClassLoader#2, object pocketmine\utils\MainLogger#3, string[41] C:\Users\nhang\OneDrive\M..y t..nh\FLOTV\, string[49] C:\Users\nhang\OneDrive\M..y t..nh\FLOTV\plugins\)
#10 pmsrc/src/PocketMine(316): pocketmine\server()
#11 pmsrc(11): require(string[85] phar://C:/Users/nhang/OneDrive/M..y t..nh/FLOTV/PocketMine-MP.phar/src/PocketMin)

PocketMine-MP version: 4.0.0-BETA6 [Protocol 471]
Git commit: 46920818b5de1632991c29620b4822fd87f7946b
uname -a: Windows NT PC 10.0 build 22000 (Windows 10) AMD64
PHP Version: 8.0.10
Zend version: 4.0.10
OS : WINNT, win
Composer libraries: 
- adhocore/json-comment 1.1.2@fc2f76979f0a44a5f5bc2a2b600d0762fe0e78e7
- brick/math 0.9.3@ca57d18f028f84f777b2168cd1911b0dee2343ae
- daverandom/callback-validator unknown@unknown
- fgrosse/phpasn1 v2.3.0@20299033c35f4300eb656e7e8e88cf52d1d6694e
- netresearch/jsonmapper v4.0.0@8bbc021a8edb2e4a7ea2f8ad4fa9ec9dce2fcb8d
- pocketmine/bedrock-protocol 3.0.0+bedrock1.17.40@ea9e22563b3d56f3b94b4a132c725912d029c101
- pocketmine/binaryutils 0.2.1@8cd078e2426f8100331f2d73bef10f481dad6cde
- pocketmine/callback-validator 1.0.3@64787469766bcaa7e5885242e85c23c25e8c55a2
- pocketmine/classloader dev-master@80226e0917be79ac3230606113e25134a31e6a85
- pocketmine/color 0.2.0@09be6ea6d76f2e33d6813c39d29c22c46c17e1d2
- pocketmine/errorhandler 0.3.0@ec742b209e8056bbe855069c4eff94c9734ea19b
- pocketmine/log 0.3.0@03ab1316da0b1978a7a1c8dd73e1c2a973cb62ec
- pocketmine/log-pthreads 0.2.0@6be3445c48c62eba3922f987f000bb20c81d161f
- pocketmine/math 0.3.0@83ec067b12c066fc61d9fb129daf7e61ef3b1d63
- pocketmine/nbt 0.3.0@98c4a04b55a915e18f83d3b0c9beb24a71abcd31
- pocketmine/pocketmine-mp 4.0.0-BETA6@46920818b5de1632991c29620b4822fd87f7946b
- pocketmine/raklib 0.14.2@e3a861187470e1facc6625040128f447ebbcbaec
- pocketmine/raklib-ipc 0.1.1@922a6444b0c6c7daaa5aa5a832107e1ec4738aed
- pocketmine/snooze 0.3.0@fe5b1dbf0d6267da882d1f67924772bd93db833d
- pocketmine/spl dev-master@b7a8904f912c1f6d38ad867ff1120614ccb80171
- ramsey/collection 1.2.2@cccc74ee5e328031b15640b51056ee8d3bb66c0a
- ramsey/uuid 4.2.3@fc9bb7fb5388691fd7373cd44dcb4d63bbcf24df
- rhumsaa/uuid unknown@unknown
- symfony/polyfill-ctype v1.23.0@46cd95797e9df938fdd2b03693b5fca5e64b01ce
- symfony/polyfill-php80 v1.23.1@1100343ed1a92e3a38f9ae122fc0eb21602547be
- symfony/polyfill-php81 v1.23.0@e66119f3de95efc359483f810c4c3e6436279436
- webmozart/assert 1.10.0@6964c76c7804814a842473e0c8fd15bab0f18e25
- webmozart/path-util 2.3.0@d939f7edc24c9a1bb9c0dee5cb05d8e859490725

Loaded plugins:
DEVirion 1.2.5-ALPHA12 by poggit, SOFe for API(s) 4.0.0
DevTools 1.15.0+dev by PocketMine Team for API(s) 4.0.0
TNTManagement 0.0.1 by  for API(s) 4.0.0-BETA5

----------------------REPORT THE DATA BELOW THIS LINE-----------------------

===BEGIN CRASH DUMP===
eNrtW2lz20aa/iu9VKoizRIULuLgrLNWJHviWtvSWvI4taHL1QAaJEY4GBySmKn8933e7gYIUrKT
mUzV7genUhbQ6H7vs7v590la1QVvP92JusmqcrJwp5M2K8RkYXmO6wW+G/ozx7fxMp10G/1p5tm+
adL/8zAIfH86yXnTvqjrqp4s/j5ptxvMmtzgjxqbTgrRNHxFo5sqvhVtkZViubyv6jxZLleiFDVv
q3q5/Ev/+IaXmF8vFjxJhsHjkwU7q1ddIcqWHTns+JtNLRrR/pXnWUITTljRNS2LBKtSRmSw87xq
ulpMWVRVOVtld6KcspjnuUhYVrLzxXL5vgHzy2W55uVqubwsxUWNacvlm2VnmsLaslY+JOV6uXz5
+vLmr8vlJu9WWYlFb7ZXedUul00d717U39lmvWFVyXKwyizbn0MMaZfnL7NcymHN68Xp6fniVOI/
lehPe+ynj5GfStynV1J+bwDUeHM1IyinQH4qRXk6SPL0UJBEDRGgkRe05veswxpiYLLwbVhGzWM8
/jQ5MpkWwaliVsLSj+rPMbEMff1j+ja+29N309ZZufrJtj+yfeEOU6ZMz/E+smK7wacpa+tOnIDw
I4vtGFX0nl7JP9/zRhyHLsjbB2t8V5WvK54cy+X255ZrYo/teXjAoZq2XO7QGN99+hRXJajs4va4
iv4m4pa9rPJE1GoS4RMQxeOxo7k7ZXrFGMm1qOGvR5b55Nd9Ei5EE9cZHLcqj2w7tOeDwObzj+yz
1jebwfJms8Hq9rV9AOMLLjTA+ZzrfJGFi6y5fSeaqqtjcVVXdxkJxXYsK5D6cX5LP04YfFE/g9Fl
ZSvqkuckd/Xp+F/P4R9T+m+oVQrEHbzyQtzdIOA1uwDRjwwPx775+4STD0Jpeqm44T8vlSnjdc23
P1kfJc3zL/qo5XggsicZFqGfyFFflDzKhXJV77dMwbXnv8NVe6DXLW/FOXEljodo4o9wKBcEebb9
+4QoJFxtW1q9j9kiXZq+xBY8xhb67gEy9WEfenP8m9ajmLyspTvZQagwhiOMuyxzbIfOZ7A+EdhI
jOcoBhptzPaTtty1GXH9hpPRryCfI2cIKa71D5vWbu0fMEuVMMynZeBY3oEMGqUStUrnmWPLwqxa
/NxltehdJUAA+a1cfxhtP5Pjh+GTycdfpxPxtd76zXrrD5Q7kLBC+ykr76r8TpAUACwrE6g3bjE1
rhJBCvAcjC9b9if2fMNrXrDlUsuBfea/Q0Gyc4go4vEtayt2p0YFG+hklQz1DUO5zkpxzyQfDUjw
3APUUu5f+O+bCnZ7X2cA/2Et2rWoCSXgxlCi/gS7ZbzcMvGQNfKlFis8iRpK3NF0n7VrBgCs4YVg
Jf4heuaaHnr2drStN03LS+NAPNpJTtiC/eerUvI9aORSsfziIRby6ZHMCIM/whZ8BltM8chQmP5j
AP8d+0Z+oJXhDopvDlDadV3dNyBWU9Z7wkARTbf09FN6seXLpovyLGZpV8aS7icqWo27D1zsG5Le
dGQ2h7xqfxop7xlLed4IEt1dlSV/J/zKDJfte4qvi0UrGgXhVUniiMVxj3agZ7GQIyd/puVkSvR3
rsFk6fG/jTDyEi7cgKrjb9p1hhScwyZ+kqSDGnDSVnl1j6Aoh04+npxIojwNbdlKgUrz/bxMj5eT
szzjJPblRAKiB+BlPK8FT7YM5GarUiTLiaLa1/B/pZdAsxDqwUeUfgSpRMGh478o23o7yOdRnCNM
gTINwhNYCk+gNH76pz9Nfv3aHn1tj762R1/bo6/t0df26Gt79H/cHk0nKovmVJ7L0nQx2VsGwiIo
Y7fxPXFn5sw0vn9xc+bRxy7Lk8nCNi13OsmaT4m4myxkxYW2oK7aKq4A2/UtYMqoLXC90DYDK4jm
ibA8xw5DK7ZDzzYjN7DtNAn81A9dLwLsThP0Aa0EVZhvb9jVObOAnkm0zLZN02TH/XfLPGFnby5Q
6gP3eoOVAWi1TLz+IspE0y7f8flT1RDsV2/f3mBAvtxnpexWik0FAX/Ks6jmdSYaEg5P1uClFqd/
a6rSwBzd5lgza2Y/T2M79b3QD1OTuy6fp/MotrkdeaaZmL5np8IUfiB8klidxbenBW/XWG3Owpnz
POZzP7GC1LSDNHBT3/cj2/KCOLFCy4rMRAjbcR1OfUPCoQlUmFVxGutWyLgbKv0FZHZbVvflc/2X
ertVXaEaPQXLvCmpILuzZ87MfG6bEL7pOLEzT10HnWTkzT3hi0AEQZzO7cRKPC90CWspWir0eB2v
Jf8F32wEobuT1vA8iKLYtC0eiCSyhct9we004Imb8lDEYRILO42jICHJD9Z/Gomkxpuxs5OJQ+D+
XX+AaP2Zaz4XAGLbc8+JnGTupU4UupHLETRjH6WTZSdgJLZM6wB6VvJ6K2OEFLQ9s55DpCbUYLu2
lwaWCeat1E58JxKpZaZuYCU88eJE7EN6UtAWKHWee64f+DBp3/OimIPveRDMAV4E89h2Ynsugng+
5/YBQAptuQxtgASXMQpObePzwLRtT5ih5UfCD3ns2I7pmZ5lOcKeW47LHUt4PJgfgEM/UWsezedm
GAlPcC/xvdQWjpN4gQUdhwmEZNux68WWL6zkgCS5SYJ4kuRCgSILEbHv2pFthiIw514Ugau56YWx
K9I0dOPQd1zBrTDaB5VXqwGC6fDIQthLuBlZoR9wn1txkEDkAm7PASGOPFvEjyAYG3RB6GOagS8v
Eo7rzmM3iLEi4k6IcBEiXCAGRCAyhvYsz0r3QQ1+RtQEjohNz48sG3+8NPasJEzxFiY89YVnCdgW
jN7ZB1FG7QAhDGKXm24EnYbWXMBnAydxIjOG0CMbhm/xKE6cA1PcPRrFZj+EPv8H4uEIYs1vEZ0k
WZaL+CMcHsBMYIu+KayUx7Hn2XPTNS2EFNf1BRw04odyVlCMbBMrSPAQCJV7ruuCJS/2E875nP4P
HNsyYTYidn0n4OLAk5uyqn4Rg5RSMYcco9RMPNsDkCBAMEk9P7Rd37ejJHSSKIBlHgDZ5PveEPk8
CE03hYvHWJ4AcRJ4fppalg2ncGOEFNPySdg1LxqxJU/IhdxNkB5qQzIx/vNdIebCsQPTsSJr7rlm
NLdg0UIEUF7kebHJd0C6LlO5AmESgT2MIj+N5k4QeKGVwnJhs4nrJnHkwlQg19R2E7K6et0VDef9
+seRuNkWaVVuYQ75Ns3y3Ij1juQdSCW5wTeTcO6HvgiTNHSCNEnsyHS80InmKZKE8KAXKxZPwUJ4
l423gmU9tyi8uY5ILB4iDHBAC7mwYFIxIj3Si2nPXYSZz8GyRnQJD7YVpk4iwrlIkS9CN3AogMZu
7IAox7Nhow7VA/ciKqpfeN2eIsSJWmdIyhFe6LmxD6MKTARalwcurMER8Ns0seYRj8zUQmie7wHZ
wH0NiuGAo7IWjCeEsyaxjQDErSgKY0qQ8zgy5wlSF2hD7Qswvw4bkzJ/X7z4a1ZLwxgKnWFoOtmV
N2Q1c+Ps9dUPZxbFSN6166puaLtigyIzo/3M68uXgmonvsloXLozvav6ORkKoERsUHfQWnxsqrS9
GA8UqFvlxjNBXS7vJC3LJRxAP43oo2SBudc3Z+9u3l8pETVZS1zQjkpf+I+Z64f2mbPmyK9UpO1x
tiv52I3gxRd5o0bmd7L2uDP5Mivrtt00qHAhj3UXzVBkjWrYoeMkhm/e3qieSFVhA9f742PWTSr9
9rg+YFLG4/k/rca3SJ5n/7Nc7lGgmpMd01eX1zcfLt+9vjjQIJkq7cEKhL0DhfSlOxGmuoUZ6iVU
X60sTCdHV8MbO6/KNFsx2s1f1svy6Jq37BJNk+Uxy1+Y7sL02YdX3zNUfhZNyNE/dCD1mUCDg/ei
apNndKjA/XTZpantyX9j+a8ccVz5r0ezFTXGpqrbZyhUHZsG79fgyaB9xGcSRcEfjE3Ot+DrmWXS
yApsFlUi1He5oW4MY1Wa0ij4TajY7t83d5tn8Ag8JVmaZnGXt9tnEt+wCWg0oqU9+OaZ5Ezcidwg
o3imOrRhrBEiGU2hCPzs4sXLs/evb2hU6d74uRP1tscOk6mMBoW3puEuE/dGkqm94meK74eoejDI
tvScvdQ22xYUwI4YWQOLpZY6UE273qQseVyxp3Ioj92sUXKzni3GayFPEaoSmm7XUG3My7KSp0pZ
Geddoo6OHhkJwbquCnX29Bhmw1OB9ppOOBoCySLUXbdsW3W1hsWylEE7WZpJDFAMnevkWwL8VtwP
4E4TkXKopmH3Vflty6hJ4DUj8aEMy6iM3hKFtNes+L5fi5J1m1XNEwCYLUuyKgVssSwZOxodvTRw
OQYQukuHDNAHNTlvQZT8LEnNK6ABq3gSrZQXxdNYMFXb0khBkJXd9Q6wUIcE9KFZdy26ydLQR4ML
tpwMJ27xetlZQvgMA5ZlyWFn9JI6cKSJpPwsz6t7luuDIZ2I2F3G2X+TbdEcaWSG/jQi4UhtrOhF
8jyBnIFBpZAagYu2TMua5mubHT6PQX1APofJQPA8SRiaOKUfkjs0cssKwekgRZ5cQiuRIKohPfFz
x3OSqzyapKO2TrBjjRQB5ISgK4zCqAUFAQN6oV2YBT5L3G+7IoJKYHZnzbaMb3hzSwdytzC0mZzw
voHuyPZ7Tmnauq7KqoN6Mb2ZqhO8/jQNDjNl1J+DkUaeGUE2CKQ0VnQlTIymKODXUv90ILIBnQ8Z
TFBADGBJmnY5EEey1QS9SsmYaQ4Z7ZRl7bcQX1vLZQmic6xs6mAxOwYPHRzLlmKRbBia04UEdWjM
XFpH3ZUlqTOhUFRtpBLkzkYzo109/cyKbLWGt9e8WU/H3qkthyRS192mVaNKYCSYArRpvqRy4bVy
2yJRHsPpPAxkP00B2QjZXAVBw7pmI0OjEl1NGiwNgR4BvN4qr/1LXkWwHkqVTI3DEYqsJecvxIpH
2xYSZ9dK1KYUbtYQbLn8hrR2n0nJS4uCV98bClBvZI3kMM1qOm9joL6UsNJaiB6lMnJoqyM/ZqsK
iqJTOmkVhGglyTQkaQtmEhfALmO0aj7/33NAtceX6Kc8+sfob9pqow6vVXwdSNLgGobwsaFaPxkI
Iqw9VZZpu5owGQQ+SK/Q9DXf/gsolH4hSaKIweIO2alEdmLiQcSdjL6VIll5JGWzYbZ4iFEPNDuO
VOC6vHmxYDc/vLpmr1+9eXXDzq6uXr96cc2uXrxjqN/+68W7KcMkdnOJWS/Yhx8uX79gV+8uz19c
X88OQ8CePOy5p8VxJVDby4xNgbghBuO1kCFZSmMIthZkj5ohkbFFTjEQCoUKsxIU6j7wiQANayJ+
P2dsyshQolGGLGmaRiYhKyAIvbtATrW+xnFJOYQKAblg9ng22YKunKG2jYipXlCSJXKVXtXagQeY
l9g0O1YdU/PanDxNkubc0ZyveB3BM4xd3y8D0NPSla5G5OhVTK9C7C542cnqZEwJKrcONngy7XPC
oRH2ZqjSa5oCluK32LngjF2qmK8MHuVF1eXJQEuGJHJfsh39jQK8keSDUc80Na/A9lIGi0dJUpqO
gjDwltZV0SdbtVrPMMamOdYwcaM1+cg22BMmtWcd131FSSqrgYnMUBty0hUbVX6pGo/pDwZ96PV1
QZP0Akm7JLPnAG9I83B2/oSAkbSR+IDhTtC9i0406spNI1Z9OUpBi7DtqJr2ilQ1gq46Z4oamvpZ
OVFHE6+78rbpaT/nGxrNiq5AjkV6rVnfHZAimep/FBU7uZK/aFFKj3lsY6jGN5oiidCgMrlD0nUH
jV1U6tOhTVNtRFFPwVeTexdSsPTEMWeycjBiDv8ceLsAKbJWQflI0gN1qsBQUDacmham1igOd9xh
mZan4qfHTJN7vEqAOfUJGu6XQX3JDpdlKVpS2EKnCJRm6ypXJWbE23gtS3FJMqommJBOMjK2qdZI
f1WpJRJDsanS29FYS/0nCqv1tiXgU2ZYIwVK5UnERtsTo1OAjNq7OlY2o1RCJopzanZkoU+LMajJ
mrEfUAvClp7J4o6dX72fYi1oiOBf91kCs5e1goqeA3xDwl8wry+7dxW5uis3mjtjZwkC1Zrn6Sl6
TdUmJAI2rFEBKaP9DDKwkSPu0t4I2F5X80BRjUpMns8YEfH+qrzqi+1dh0i9BBF1j7RJC7tNuTH0
+0F380Z7XZP9IgZ9Ulneq7GhhKdLJpTtyjxGqdUNbbXoZMau9Jqc1yu5gOtWVduCxJjWfEUsQCcQ
W7PJZcVC/WdBlzfh7LwmPZ3nGWaphpqOckXTsjc37yWlDVgitqOuZdTAS1Xu0KnmYtbHmqLtDFq1
kNSO+0NRxvVW3fkDy7RzgFoIBWvPJhpk2iyZMZml1pyKAJYVkE1LuoM25K+aEKamkhYo7U4SvSZJ
IOrKQIwUzWU4b5RKVSmBua22UeJEqA0EHep0N3VxKYuki1fXZ9+jPpL1VFdKG6KA3VGkpDCZqCIh
I2PUd0iTcb+x43Pn64mIutWib9q+YxY1a7pkXSNcye9M9/CN2nUgby6bSiVv7REWAVNUK2jn66pq
5M5E36uJvhuXUTzhLWcNv+uzBe0L6R0ug77tAhsRJjdLVdGmN23+VmWl2hGQkvqW/RhVD+T5NXt1
wY5/fP/q4gR6h9uDBsy/h9pIMRnSPZyDerg60fJR5Qe8odrproS3//j96x6+7u9GI99KZLQ1JgsH
qV5dikjeqn4LSafR0c5Wmkq0+JalW+Ohy5KdQvrdtfHuzY3cflGupn5Ap2Qg52q/6hq9DRQjiLQq
zOo1hlqzUPOTiNCoFKLDo8ZCOZDu2PQ9SknL8sNUPO1n7W3fPbljpoR7VlQdRY9U5TodTCCyXrSU
2yk6yq0QqJ+eZXLG4ncyVY8WS8ZLoVrvSChgkUjJ95sNv5dGQTaqoEvTouH9pK/YJ0QD+4iBjB+S
Cl5imbWYQD59ikrzaTJ5DUgJ4725g9h+Mf0dqHEOdniivIql+zZZonKGvBwNncLgmi4aS2FFSRQz
RKJSp3wZUpvcatLGweNY5EJ2Csq8JdY8uwUK6pNlJMo5WF/V1X27VnEMKDhbK2ijIAfvb1qVkiWx
BkmjJ83YiUax9uqiGfFFYZo0r6AxdQNjYFNvOfVljlyzpyTAM5jNjkAmWuWdInfbWoMuZ4+VqYPX
PVc3zpFM0OopK9pUmy7v3Ua/UL6Xc3TacGxCKNsg4lJiooxLkQslgW4w5Ca32shb6FKH9h1lc62G
VaWgLQuE7CJ0sgt65JkG3fc/GBoCw/7wZo2aPK1GOR3xwFDnQMPMNfS2UKTMNkWxmWWVpBihbltQ
cwhXbmmjNW52pFOa0t/Z7rtkQYY5vlrVYqW3FPX+o9pmoevJt4f8SfoQay4vLululqGTgqoPKHzd
C9WBcHltmjA2kvAdA3JsNjoVQJ4eJN9t6JcMSjmPhAqFqu/amFAJ0RUkmctG+eacNu/FeC9viuSw
WXO4haDIXhMNfV2KjJGKGr2HQXGxpGSovva5S2UOvrc3qM/TRsm2Qw2O2kbG1j6EaYBSy+p7j+OR
VhVfY7W2WbHLIDobE1CaT1ZPCYO0SGGcEMpNT72o3+Ce7RDoL2MMveS+nO91MlGaVB4w2kvSMAC+
1fLsd43WelCFuHroJHR0oE14NGuJLIOydABEl3i6Wh3JULTpt1JU5AU8HZ36fMvp9r/u01Ba82KT
929UAIFGratFrzT1DTZKe3oL9pOsXFC0TuUm30cCqn4uMyTv8VGRZIMq6VoG+PX4Vze0P/JUHpXx
WbaPjewYZPsN/WSgVRcBY/IVXkmDemR0WEe5SuXUHcYFe/n67EYNqp8goK36s742Np2HD+CoFFPn
IcnqdiqD7p91pacOW8abFsqJKdFBtHpPkXfa6nIoK94ydT2VfnGi4m7fqdXDKY0MKoCDdBTLY7Km
l5PRH/HABFRZf/RSRhOJSs7fAyLrYj3yaTRiyPpyVPipHzupXx81usmNb6lNamRDh+AWZWhQtqqQ
G36llNHPXHKVKZSrKC4lfFRGQ0s9mU7EA8p8WfbTKfs5qpXxtcoo1verhhE6fSsTXu+NVcWnpGoR
7vZG9eWX3UBX5+N3Cgzj9zTLW7EHeFXsXfJEh7NHSwbfuhsP0NXF8XsRqbPEvTH4ub4wYM3oAojs
UCDT8aRNvC+HdyLd3TsaRhsZ6pv9IZRPxXjk+ur1Hvpt83Mu76rqJzZ8aqtbUSKj74lgywt1N8aW
txt+yTbqmkc4o1tsv6hLYsNsvD4U+0KuiBrbNB3LskMMXF1c7nGaVJ8kJYeDGMr29QOvL5tmb+J1
Rn7945s9Fg8owCttH+yzhUH5Y6q9wdGVQIf4VddYrtYH1kZFk7z2aesLaSSYbKXug+q1dEVYdxX9
rTVaSm1mpQdsJS/0IrkyRDIIbYeCipY9S0weKTHb07uUljMeQifXybi86pR19fD/hwqvyyu5EbZb
8Ouv/wsz1EIz
===END CRASH DUMP===
