PocketMine-MP Crash Dump Wed Oct 20 18:30:11 WIB 2021

Error: pocketmine\world\generator\GeneratorManager::addGenerator(): Argument #3 ($presetValidator) must be of type Closure, bool given, called in C:\Users\nhang\OneDrive\Máy tính\FLOTV\plugins\MyPlot\src\MyPlot\MyPlot.php on line 1275
File: pmsrc/src/world/generator/GeneratorManager
Line: 72
Type: TypeError

A PLUGIN WAS INVOLVED IN THIS CRASH

Code:
[63] 	 * @param \Closure                        $presetValidator Callback to validate generator options for new worlds
[64] 	 * @param bool                            $overwrite Whether to force overwriting any existing registered generator with the same name
[65] 	 *
[66] 	 * @phpstan-param \Closure(string) : ?InvalidGeneratorOptionsException $presetValidator
[67] 	 *
[68] 	 * @phpstan-param class-string<Generator> $class
[69] 	 *
[70] 	 * @throws \InvalidArgumentException
[71] 	 */
[72] 	public function addGenerator(string $class, string $name, \Closure $presetValidator, bool $overwrite = false) : void{
[73] 		Utils::testValidInstance($class, Generator::class);
[74] 
[75] 		if(!$overwrite and isset($this->list[$name = strtolower($name)])){
[76] 			throw new \InvalidArgumentException("Alias \"$name\" is already assigned");
[77] 		}
[78] 
[79] 		$this->list[$name] = new GeneratorManagerEntry($class, $presetValidator);
[80] 	}
[81] 
[82] 	/**

Backtrace:
#0 plugins/MyPlot/src/MyPlot/MyPlot(1275): pocketmine\world\generator\GeneratorManager->addGenerator(string[22] MyPlot\MyPlotGenerator, string[6] myplot, true)
#1 pmsrc/src/plugin/PluginBase(94): MyPlot\MyPlot->onLoad()
#2 pmsrc/src/plugin/PluginManager(259): pocketmine\plugin\PluginBase->__construct(object FolderPluginLoader\FolderPluginLoader#54, object pocketmine\Server#10, object pocketmine\plugin\PluginDescription#23000, string[55] C:/Users/nhang/OneDrive/M..y t..nh/FLOTV/plugins/MyPlot, string[55] C:\Users\nhang\OneDrive\M..y t..nh\FLOTV\plugins\MyPlot, object pocketmine\plugin\DiskResourceProvider#23224)
#3 pmsrc/src/plugin/PluginManager(398): pocketmine\plugin\PluginManager->internalLoadPlugin(string[55] C:\Users\nhang\OneDrive\M..y t..nh\FLOTV\plugins\MyPlot, object FolderPluginLoader\FolderPluginLoader#54, object pocketmine\plugin\PluginDescription#23000)
#4 plugins/DevTools.phar/src/DevTools/DevTools(70): pocketmine\plugin\PluginManager->loadPlugins(string[49] C:\Users\nhang\OneDrive\M..y t..nh\FLOTV\plugins\, array[1])
#5 pmsrc/src/plugin/PluginBase(136): DevTools\DevTools->onEnable()
#6 pmsrc/src/plugin/PluginManager(425): pocketmine\plugin\PluginBase->onEnableStateChange(true)
#7 pmsrc/src/Server(1322): pocketmine\plugin\PluginManager->enablePlugin(object DevTools\DevTools#22907)
#8 pmsrc/src/Server(974): pocketmine\Server->enablePlugins(object pocketmine\plugin\PluginEnableOrder#22897)
#9 pmsrc/src/PocketMine(293): pocketmine\Server->__construct(object BaseClassLoader#2, object pocketmine\utils\MainLogger#3, string[41] C:\Users\nhang\OneDrive\M..y t..nh\FLOTV\, string[49] C:\Users\nhang\OneDrive\M..y t..nh\FLOTV\plugins\)
#10 pmsrc/src/PocketMine(316): pocketmine\server()
#11 pmsrc(11): require(string[85] phar://C:/Users/nhang/OneDrive/M..y t..nh/FLOTV/PocketMine-MP.phar/src/PocketMin)

PocketMine-MP version: 4.0.0-BETA6 [Protocol 471]
Git commit: 46920818b5de1632991c29620b4822fd87f7946b
uname -a: Windows NT PC 10.0 build 22000 (Windows 10) AMD64
PHP Version: 8.0.10
Zend version: 4.0.10
OS : WINNT, win
Composer libraries: 
- adhocore/json-comment 1.1.2@fc2f76979f0a44a5f5bc2a2b600d0762fe0e78e7
- brick/math 0.9.3@ca57d18f028f84f777b2168cd1911b0dee2343ae
- daverandom/callback-validator unknown@unknown
- fgrosse/phpasn1 v2.3.0@20299033c35f4300eb656e7e8e88cf52d1d6694e
- netresearch/jsonmapper v4.0.0@8bbc021a8edb2e4a7ea2f8ad4fa9ec9dce2fcb8d
- pocketmine/bedrock-protocol 3.0.0+bedrock1.17.40@ea9e22563b3d56f3b94b4a132c725912d029c101
- pocketmine/binaryutils 0.2.1@8cd078e2426f8100331f2d73bef10f481dad6cde
- pocketmine/callback-validator 1.0.3@64787469766bcaa7e5885242e85c23c25e8c55a2
- pocketmine/classloader dev-master@80226e0917be79ac3230606113e25134a31e6a85
- pocketmine/color 0.2.0@09be6ea6d76f2e33d6813c39d29c22c46c17e1d2
- pocketmine/errorhandler 0.3.0@ec742b209e8056bbe855069c4eff94c9734ea19b
- pocketmine/log 0.3.0@03ab1316da0b1978a7a1c8dd73e1c2a973cb62ec
- pocketmine/log-pthreads 0.2.0@6be3445c48c62eba3922f987f000bb20c81d161f
- pocketmine/math 0.3.0@83ec067b12c066fc61d9fb129daf7e61ef3b1d63
- pocketmine/nbt 0.3.0@98c4a04b55a915e18f83d3b0c9beb24a71abcd31
- pocketmine/pocketmine-mp 4.0.0-BETA6@46920818b5de1632991c29620b4822fd87f7946b
- pocketmine/raklib 0.14.2@e3a861187470e1facc6625040128f447ebbcbaec
- pocketmine/raklib-ipc 0.1.1@922a6444b0c6c7daaa5aa5a832107e1ec4738aed
- pocketmine/snooze 0.3.0@fe5b1dbf0d6267da882d1f67924772bd93db833d
- pocketmine/spl dev-master@b7a8904f912c1f6d38ad867ff1120614ccb80171
- ramsey/collection 1.2.2@cccc74ee5e328031b15640b51056ee8d3bb66c0a
- ramsey/uuid 4.2.3@fc9bb7fb5388691fd7373cd44dcb4d63bbcf24df
- rhumsaa/uuid unknown@unknown
- symfony/polyfill-ctype v1.23.0@46cd95797e9df938fdd2b03693b5fca5e64b01ce
- symfony/polyfill-php80 v1.23.1@1100343ed1a92e3a38f9ae122fc0eb21602547be
- symfony/polyfill-php81 v1.23.0@e66119f3de95efc359483f810c4c3e6436279436
- webmozart/assert 1.10.0@6964c76c7804814a842473e0c8fd15bab0f18e25
- webmozart/path-util 2.3.0@d939f7edc24c9a1bb9c0dee5cb05d8e859490725

Loaded plugins:
ChatManager 0.0.1 by  for API(s) 4.0.0-BETA5
ChatThin 1.4.1 by PresentKim for API(s) 4.0.0
DEVirion 1.2.5-ALPHA12 by poggit, SOFe for API(s) 4.0.0
DevTools 1.15.0+dev by PocketMine Team for API(s) 4.0.0
HideCommands 1.0.10 by Himbeer for API(s) 4.0.0
MultiWorld 1.7.0-beta2 by CzechPMDevs, VixikCZ, fuyutsuki, kaliiks for API(s) 4.0.0
NotificationSystem 0.0.1 by  for API(s) 4.0.0-BETA5
PureChat 1.4.11 by 64FF00 for API(s) 4.0.0
PurePerms 1.5.0-legacy by 64FF00 & ProjectInfinity for API(s) 4.0.0
SimpleNPC 3.0.0-snapshot by brokiem for API(s) 4.0.0
Sound 0.0.1 by  for API(s) 4.0.0-BETA5
TNTManagement 0.0.1 by  for API(s) 4.0.0-BETA5

----------------------REPORT THE DATA BELOW THIS LINE-----------------------

===BEGIN CRASH DUMP===
eNrtO2lz20aWf6WXSm2kLEHhIg7OOmtFkieqsS2uJcepCV2uBtAgMcIVHJLoqfz3fe91AwQo+Uji
quwHu1wi0Oh+99lo/HsSF1XGm3e3oqqTIp8s7OmkSTIxWRiOZbumbxvGzPM913ank7ZUj2aG75q2
73m+5Vqu61vTScrr5ryqimqy+Pek2ZYwbXINP3JsOslEXfM1jpZFeCOaLMnFanVXVGm0Wq1FLire
FNVq9ffu8gXPYX61WPAo6gcPjxbspFq3mcgbdmCxw2/KStSi+YmnSYQTjljW1g0LBCtihmSw07So
20pMWVAUKVsntyKfspCnqYhYkrPTxWr1ugbuV6t8w/P1anWZi7MKpq1WL1atrgtjyxq6iPLNavXs
+eX1T6tVmbbrJIdFL7bLtGhWq7oKdzfyd1ZuSlbkLAVWmWG6cxBD3KbpsyQlOWx4tTg+Pl0cE/5j
Qn/cYT9+iPyYcB8vSX4vAKj2YjlDKMeA/JhEedxL8nhfkEgNEqCQZ7jmc9bBGmRgsnBNMI2Kh3D5
y+RAZ0oEx5JZgqUu5c8hsgz6+n361r4f6btuqiRf/2Kab9lYuP2UKVNznLcs25bwaMqaqhVHQPiB
wXaMSnqPl/TzA6/FoW8DeWOw2vdF/rzg0SEtNz+0XBF7aM79PQ7ltNVqh0b7/t27sMiByjZsDovg
XyJs2LMijUQlJyE+AaJ4OHYwt6dMrRgiuRIVOOyBoT/6dEzCmajDKgHPLfID09J1vRfYfP6WfdD6
ZjOwvNmst7qxtvdgfMSFejgfcp2PsnCW1DevRF20VSiWVXGboFBMyzRt0o/1Kf1YvvdR/fRGl+SN
qHKeotzlo8Mvz+GfU/on1EoCsXuvPBO31xDw6l2A6Eb6i0NX/zzhpL1Q6k4qtv/HpTJlvKr49hfj
LdE8/6iPGpYDRHYkg0WoK3TU85wHqZCu6nzKFGxz/hmu2gG9angjTpErcdhHE3eAQ7ogkGeanydE
QXCVbSn1PmTrwDR93SVs3kNsvmvvIZMPxtDrw09aj2TysiJ3Mj1fYvQHGHdZ5tD0rQ9gfSSwoRhP
oRiolTGbj9py2yTI9QuORr8G+RxYfUixjd9tWru1f8IsZcLQH5eBZTh7MqilSuQqlWcODQNmVeLX
NqlE5yoeBJBP5fr9aPuBHN8PH03e/jadiK/11ifrrT9R7oCEJdp3SX5bpLcCpQDAkjwC9YYNTA2L
SKACHAvGVw37jj0tecUztlopObAP/NsXJDsFEQU8vGFNwW7lqGA9naygUF8zqNdZLu4Y8VEDCY69
h5rk/pF/3xRgt3dVAuDfbESzERWiBLghKFE9ArtlPN8ycZ/UdFOJNVyJCpS4o+kuaTYMALCaZ4Ll
8AfpmSt68NrZ0bYp64bn2p54lJMcsQX7n4uc+O41cilZPr8PBV09kBlicAfYvA9gCzEeaRLTf/fg
v2ff0ANc6e+guHoPpdlUxV0NxCrKOk/oKcLphpp+jDcm3ZRtkCYhi9s8JLofqWgV7i5wsW9QetOB
2ezzqvxpoLwnLOZpLVB0t0US/RvxSzNcNa8xvi4WjaglhIscxRGKww5tT89iQSNHf8PlaEr4O1dg
kvjwPwYYeQ4uXANVh980mwRScAo28QuRDtQAJ02RFncQFGno6O3RERHlKGirhgRK5vthmR6uJidp
wlHsqwkBwgvAy3haCR5tGZCbrHMRrSaSalfB/w1vPMWCrwYfUPoWSEUK9h3/PG+qbS+fB3EOMXnS
NBCPZ0g8ntT48XffTX772h59bY++tkdf26Ov7dHX9uhre/QXt0fTicyiKZbnVJouJqNlQFgAytjt
fE/smT7TtR/Or08cfNgmaTRZmLphTydJ/S4St5MFVVzQFlRFU4QFwLZdAzAl2BbYjm/qnuEF80gY
jmX6vhGavmPqge2ZZhx5buz6thMA7FYR9AZaCawwX16z5SkzAD0jtMw0IWSxw+65oR+xkxdnUOoD
7k0JKz2g1dDh9r3II0U73cPjd0WNsC9evryGAbq5S3LqVrKyAAG/S5Og4lUiahQOjzbASyWO/1UX
uQZzVJtjzIyZ+TQOzdh1fNePdW7bfB7Pg9DkZuDoeqS7jhkLXbiecFFiVRLeHGe82cBqfebPrKch
n7uR4cW66cWeHbuuG5iG44WR4RtGoEdCmJZtcewbIg6agAqzyI5D1Qppt32lvwCZ3eTFXf5U/WJv
t64KqEaPgWVe51iQ3Zoza6Y/NXUQvm5ZoTWPbQj+InDmjnCFJzwvjOdmZESO49uINRcNFnq8CjfE
f8bLUiC6W7KGp14QhLppcE9EgSls7gpuxh6P7Jj7IvSjUJhxGHgRSr63/uNARBXcaTs7mVgI7r/U
AxCtO7P1pwKAmObcsQIrmjuxFfh2YHMImqELpZNhRsBIaOjGHvQk59WWYgQJ2pwZT0GkOqjBtE0n
9gwdmDdiM3KtQMSGHtueEfHICSMxhvSooA2g1Hrq2K7ngkm7jhOEHPiee94cwAtvHppWaM6FF87n
3NwDiKEtpdAGkMBltIxj2/jU003TEbpvuIFwfR5akJQd3TEMS5hzw7K5ZQiHe/M9cNBPVIpH/anu
B8IR3IlcJzaFZUWOZ4CO/QiEZJqh7YSGK4xojyTaJIF4EqVCgkILEaFrm4Gp+8LT504QAFdz3fFD
W8Sxb4e+a9mCG34wBpUW6x6CbvHAgLAXcT0wfNfjLjdCLwKRC3B7DhDCwDFF+ACCVkIXBH1M3fPl
BMKy7XloeyGsCLjlQ7jwIVxADAiAyBC0ZzhGPAbV+xlS41ki1B03MEz4ceLQMSI/hjs/4rErHEOA
bYHRW2MQedD0EHwvtLluB6BT35gL8FnPiqxAD0HogQmGb/AgjKw9U9xdalk5DqFPf0c8HECs+A1E
JyLLsCH+CIt7YCb4AlIXRszD0HHMuW7rBoQU23YFOGjA9+UsoWhJGUpI4CEgVO7Ytg0sOaEbcc7n
+N+zTEMHsxGh7VoeF3ueXOdF8V70UorFHOQYxHrkmA4A8TwIJrHj+qbtumYQ+VYUeGCZe0DKdOwN
gcs9X7djcPEQlkeAOPIcN44NwwSnsEMIKbrhorArntVii56QCtpNIA81QTIh/HNtIebCMj3dMgJj
7th6MDfAooXwQHmB44Q63wFp20TmCgiTENj9IHDjYG55nuMbMVgu2Gxk21EY2GAqINfYtCO0umrT
ZjXn3fqHkbjeZnGRb8Ec0m2cpKkWqh3JWyAV5Qa+Gflz13eFH8W+5cVRZAa65fhWMI8hSQgH9GKE
4jFYEN6p8ZawjKcGhjfbEpHBfQgDHKD5XBhgUiFEekgvujm3Icx8CJYxoEs4YFt+bEXCn4sY8oVv
exYG0NAOLSDKckywUQvrgTsRZMV7XjXHEOJEpTIk5gjHd+zQBaPydAi0NvdssAZLgN/GkTEPeKDH
BoTm+QhICe6rYQwHODJrgfH44KxRaEIA4kYQ+CEmyHkY6PMIUhfQBrUvgPmt35ik/A1leNNtXu5q
neHodLIrcnQsFGCEt82mqADAL1Aq8TLBXYud986xgJJFc9RXPZEoodhQS+oibs6GAxkUqwD/JYTa
k3+uVgP8spDFjVVIDFiGXV5dv7l89fxMCqROGiQY909w0fUG4Yz4oKEhE8bM3mNissQ0njf/SLLJ
HkN/mJWbJIP6V8JdrUIgpNlgjzAg6ZMcnZ3/lFREdM9RPzTmyJzNtZPnyx9PDHPMWQkdQIKbzVeX
z8QXY05CXa1uiZbVCqKTuhrQp9i7uj55df16+ZA51ZUNmeuGxswZcyh+sIIe66yvx9m14B9XHHaZ
n8naw7bx46xsmqasof0AeWzaYAYV8KDB6LcDkOEfk0icQoHMCWXP9Gh4zLiqygdM/5hkgQCn/FKK
VPBWqyEVn+dyG7l0BkwAcy/atEne4A7kgLXB4JgxFyJFIBq+Z6yn70W4Wb4AoaEkfkruk5vTf9K5
FyhY6/YmgesbKDaTm/qLSSBEnGUG5gV8Z0iw2kcdEf9xSTw0gQEnxwNAIKiXRZPEScgxG19tIaFn
A4E98vCvCL8Pyfj8KLxsK9zbaYadczf0IArvhWHHfvZM13+fagn6UlQZmcSYs8kzTlVPvawKwPQz
RKmirZfnWjc+2fH+TiJfrTpqd1d/QP9ElNot7MEo6Uhix+KRY2P5QNTTUrHm4fYxKbH/ZMAVbv5c
5HGSJ832i7nESBRE2eDyCwhDwgFpXCVZmYqXy9OBNHZjQ2lQA6zVOS/rTdGM5RFUxU0ivlzmVvBW
qzovw9VqSNDv5VyBOt7BQK6LNh9GSXn/V/g5Yf58175+eS2LMrnH0zMwHv8rGBlR8LkMYSGMb3gF
NFV7FUW3MUghhfYiZ2VVlFC407bX5GDZ37HTAvxvzfCswKpa5QdXvGGXYcMMhxnuQrcXusveXPzA
TN00cELK83ULpD4R+Rrvs6KJnuCRBe7GqzaOTYf+hvSXRiyb/jo4W1KjlUXVPDF8wzJx8G4DPGn4
lvIJocj4vVamfAt8PTF0HFkDm1kRCfmcXtdr/VgRxzgK/Ea4ldfdl7flEyjp4CpKYkgHkMa2Twhf
/4pRq0WDb/jrJ8SZuBWphkbxRO7/9mO1ENFgCvZ3T87On528fn6No1L32q+tqLYddjCZQqv5rVA0
3CbiTosS+Sb6ieT7PijuNbQtNWfUOM+2GbZHBwytgYWkpbainEbKosMQI5WD8tj1Bip21rHFeCXo
jEKRg6YbCOIs5Hle0JmVJA/TNpIHUx4YCcK6KjJ5suUhzJrHYsoKPD9RI0gWVILfsG3RVgoWS2IG
2oE8TBhAMXhqJN0i4Jfirgd3HImYg2pqdlfk3zYMtyB5xVB8GTCLm3RbpBDfZEu+7zYiZ225rngE
AGarHK1KAluscsYOBgc7oHuJGIBQ7wBABhXP65Q3QBQ9JlLTAtAAq3AlGpIXNgShYHLnDEcyhCzt
rnOAhTyCgA/qTdtExV2uqYNHC7aa9Od5ws2qNYRwGQwYhkHD1uAmtsCRJkT5SZoWdyxVx05Um8tu
E87+F20L55CRaerRgIQD+dpGLaLTCugMDFQKUkNwwZYpWeN8ZbP94yGoNwlIrMhB8DyKGPSAUj8o
d9DIDcsEx2MadC4KtBIIpBqkJ35teYpypYNPeJCnFexQIYUAcoTQJUahVQKDgAZ6wXc8C3hMuF+2
UJZXaHYn9TYPr3l9g8d9bsDQZjThdQ26Q9vvOMVpm6rIoTRiDUyvp/J8UHdWBxxmynD3Hxip6UQK
yAYCKY5lba7qRAn8ivSPxy1KoPM+ARMUIAZgiUw774lD2SqCLmI0ZpyDRjtlSfMtiK+paFkE0TmU
NrW3mB0CDy04lkliITY0xemCQO0bMyfrqNo8R3VGGIqKkpRA703qGb4zVNcsS9Yb8PaK15vp0DuV
5aBEqqotGzkqBYaCyYA2xRcpF7yWXopE0mM4nrYBsh+nAG0Eba4AQYN1zQaGhhuAclJvaRDoIYBX
W+m1f0+LAKwHUyWT4+AIWdKg82dQRgbbBiTOrqSodRJuUiNsWn6NWrtLSPJkUeDVd5oE1BlZTRzG
SYWneRhQnxOsuBKiQymNHLTVoh+zdQGKwjNAZBWIaE1kakTagunIBWCnGC23tv/fc4C1x8foxzz6
5+ivm6KUR+NkfO1JUuBqBuGjxJ3EqCcIsXZUGbppK8IoCLwhr1D01d9+AQrJL4gkjBgsbCE75ZCd
mLgXYUvRt5AkS4/EbNbPFvch1AP1jiMZuC6vzxfs+seLK/b84sXFNTtZLp9fnF+x5fkrBvXbP85f
TRlMYteXMOucvfnx8vk5W766PD2/uprth4CRPMy5o8QBrUdSUMbGQFwjg+FGUEgmafTB1gDZQ80Q
UWyhKRqEQiHDLIGCug/4hAAN1oT8fsjYpJFBiYYZMsdpChlBlkAg9O4COW5WKRyXmEOwEKAFs4ez
0RZU5QxqK0WI9YKULJIr9SrX9jyAeYmy3rFq6YrX+uhxkhTnluJ8zasAPEPbvVWgAPS4dMnVkBy1
iqlVELsznrdUnQwpgcqtBRs8mnY5Yd8IOzOU6TWOAZbkN9u54IxdypgvDR7Ki6JNo56WBJLIXc52
9NcScEnkA6OOriteAdszChYPkiSZjoTQ8xZXRdYlW7lazdCGpjnUMHKjNPnANtgjJjWyjquuokSV
VYAJzVAZctRmpSy/ZI3H1AMNH3T6OsNJagHRTmR2HMAdpHlwdv6IgCFpQ+IDDLcCT3W2opYHemux
7spRDFqIbUfVtFOkrBFU1TmT1ODUD8oJO5pw0+Y3dUf7KS9xNMnaDHIspNeKdd0BKpLJ/kdSsZMr
+osSJXnMQxuDarxUFBFCDcvkFpKu3WvsrJCP9m0aayOMehK+nNy5kISlJg45o8pBCzn4Z8/bGZBC
tQqUjyg9oE4WGBJKybFpYXKN5HDHHSxT8pT8dJhxcodXCjDFPkHB/Tioj9nhKs9FgwpbqBQBpdmm
SGWJGfAm3FApTiRD1QQmpJIMxTbZGqmnMrUEoi82ZXo7GGqpe4RhtdriK5X1lGnGQIGkPEKsNR0x
KgVQ1N7VsdSMYgkZSc6x2aFCHxfDoCJrxn6EWhBs6QkVd+x0+XoKa4GGAPzrLonA7KlWkNGzh68R
/AVzurJ7V5HLk/iDuTN2EkGg2vA0PoZeU7YJkQAbVqgAKcP9DDSwgSPu0t4A2KiruceohiUmT2cM
iXi9zJddsb3rELGXQKLuIG3iwrbMS03d73U3L5TX1cl70esTy/JOjfjKqyuZoGyX5jFIrbZvykVH
M7ZUa1JerWkBV62qsgXCGFd8jSyATkBsdZlSxYL9Z4afhoCz8wr1dJomMEs21HhQTNQNe3H9miit
gSVkO2gbhg08qXKHTjYXsy7WZE2r4aoFUTvsD0UeVlv5RQGwjDsHUAtBwdqxCQ0ybpbMGGWpDcci
gCUZyKZB3YE26KNpCFNTogWUdktEb1ASEHUpEEOK5hTOa6lSWUrA3EbZKHIi5AaCCnWqmzq7pCLp
7OLq5Aeoj6ieanOyIQzYLUZKDJORLBISNEb1hUo07Dd2fO58PRJBu150Tdv3zMBmTZWsGwhX9Jyp
Hr6Wuw7ozXldyOStPMJAYJJqCe10UxQ17Ux0vZrounGK4hFvOKv5bZctcF9I7XBp+GwX2JAwetsn
iza1afOvIsnljgBJ6lv2c1Dco+dX7OKMHf78+uLsCPQObg80wPw7UBsqBl8XgHNgD1dFSj6y/ABv
KHa6y8Hbf/7heQdf9XeDkW8JGW6NUeFA6lWlCPFWdFtIKo0OdrbimNDCsyTeavdtEu0U0u2uDXdv
rmn7Rbqa/D5fyoDmKr9qa7UNFEIQaWSYVWs0uWYh50cBopEpRIVHhQVzIJ7g7XqUHJel+6l42s0a
bd89umMmhXuSFS1Gj1jmOhVMQGSdaDG3Y3SkrRBQP15TcobFryhVDxYT47mQrXcgJLBAxOj7dcnv
yCjQRiV0Mi0cHid9yT4i6tmHGMj4PqnAS0hZiwnIp49RqT9OJq9wI57xztyB2G4x/vbUWHs7PEFa
hOS+dRLJnEGfXoFOweDqNhhKYY1JFGaISKZOuulTG201KePgYShSQZ2CNG/CmiY3gAL7ZIpEKQfW
11Vx12xkHAMUnG0ktEGQA++vG5mSiVgNpdGRpu1EI1m7OKsHfGGYRs1LaEye7+zZVFtOXZlDa0ZK
AngaM9kBkAmt8k6Ru22tXpezh8pUweuOy+/ZIJlAqyetqCzKNu3cRt1gvqc5Km1YJiKkNgi5JEyY
cTFyQUmgGgza5JYbeQtV6uC+IzXXclhWCsqygJBdhI52QQ89U8OvCfeG+sAwHi43UJPHxSCnQzzQ
5OurfuYG9LaQpMzKLCtnSUEUQ6jbZtgcgis3uNEa1jvSMU2p52z3nFigMMfX60qs1Zai2n+U2yz4
8dPNPn9EH8Say7NLPPmtqaQg6wMMX3dCdiCcPspCjDURvmOAxmaDtwKQp3vJtyV+JymV80CooFD5
XBkTVEJ4wJly2SDfnOLmvRju5U0hOZQbDm4hMLJXSENXl0LGiEUFvYeGcTHHZCifdrlLZg4+2htU
79MGybaFGhxqG4qtXQhTAEnL8nmH44FWJV9DtTZJtssgKhsjUJyPVo8JA7WIYRwR0qanWtRtcM92
CNSTIYZOch/P9yqZSE1KDxjsJSkYAL5R8ux2jTZqUIa4qu8kVHTATXho1iIqg5K4B4RHhNtKvpLB
aNNtpcjIC/BUdOryLcdvC1WfBqU1x7e66g4LIKBR6WrRKU0+AxvFPb0F+4UqFyhap7TJ9xaByo9x
++Q9fFVEbGAlXVGA3wy/6cX9kcfyKMVnah9r6hio/cYjKECrKgKG5Eu8RIO8ZPiyDnOVzKk7jAv2
7PnJtRyUHzhCW/U3dSh9OvfvgaNcTK37KKmaKQXdv6lKT75sGW5aSCfGRAeiVXuKvFVWJ089MPnx
C37PKuNu16lV/VsaCioAB9JRSK/J6k5OWveKB0xAlvUHzyiaECqaPwJCdbEaeTcY0ai+HBR+8lNq
+W1zrZrc8AbbpJoaOghuQQINylYWcv030Al+RJvKTCFdRXJJ8KEy6lvqyXQi7qHMp7KfjmhCtTL8
aCMI1entfgTfvuURr0ZjRfYuKhoId6NRdbR2N9BW6fAeA8PwPk7SRowAr7PRJyTQ4YxoScC3bocD
+GHE8D4L5LvE0Rj4uTowYMzwUBh1KCDT4aQyHMvhlYh3p5r70ZpCfT0egvIpG45cLZ+P0G/rX1P6
EkZdsf5RU9yIHDL6SARbnsmTtyadbniflPKcoj/DM/Lv5RH0fjbc3mdjIRdIjanrlmGYPgwszy5H
nEbFO6JkfxCGkrF+wOvzuh5NlIdNfn4xYnGPArjF7YMxWzBIn2qPBgcfHFjIrzyHudzsWRsWTfRR
iamOu6NgkrX82kStxQ+QVFfRnYnHpdhmFmrAlPKCXiSVhogGoexQYNEyssTogRKTkd5JWtZwCDq5
luLyupXW1cH/JxZel0vaCNst+O23/wOwUPk1
===END CRASH DUMP===
