PocketMine-MP Crash Dump Wed Mar 2 22:14:46 WIB 2022

Error: emretr1\rpsolution\PackSendEntry::__construct(): Argument #1 ($player) must be of type pocketmine\player\Player, null given, called in D:\FLOTV\plugins\RPSolution\src\emretr1\rpsolution\Main.php on line 51
File: plugins/RPSolution/src/emretr1/rpsolution/Main
Line: 103
Type: TypeError

THIS CRASH WAS CAUSED BY A PLUGIN
BAD PLUGIN: RPSolution

Code:
[94] 
[95] class PackSendEntry {
[96] 	/** @var DataPacket[] */
[97] 	protected $packets = [];
[98] 	/** @var int */
[99] 	protected $sendInterval = 30;
[100] 	/** @var Player */
[101] 	protected $player;
[102] 
[103] 	public function __construct(Player $player) {
[104] 		$this->player = $player;
[105] 	}
[106] 
[107] 	public function addPacket(DataPacket $packet): void {
[108] 		$this->packets[] = $packet;
[109] 	}
[110] 
[111] 	public function setSendInterval(int $value): void {
[112] 		$this->sendInterval = $value;
[113] 	}

Backtrace:
#0 plugins/RPSolution/src/emretr1/rpsolution/Main(51): emretr1\rpsolution\PackSendEntry->__construct(NULL )
#1 pmsrc/src/event/RegisteredListener(75): emretr1\rpsolution\Main->onPacketReceive(object pocketmine\event\server\DataPacketReceiveEvent#29667)
#2 pmsrc/src/event/Event(62): pocketmine\event\RegisteredListener->callEvent(object pocketmine\event\server\DataPacketReceiveEvent#29667)
#3 pmsrc/src/network/mcpe/NetworkSession(394): pocketmine\event\Event->call()
#4 pmsrc/src/network/mcpe/NetworkSession(358): pocketmine\network\mcpe\NetworkSession->handleDataPacket(object pocketmine\network\mcpe\protocol\ResourcePackClientResponsePacket#29701, string[262] ....*08eca4c8-5719-4c6b-931a-edfecdfefa12_0.0.1*1e62069e-1f19-4d44-a228-3ea20768)
#5 pmsrc/src/network/mcpe/raklib/RakLibInterface(192): pocketmine\network\mcpe\NetworkSession->handleEncoded(string[165] E.[..0.E..q-B.y4MW3.i...=.T....9\..z....f..a..N.....!we..#..g{..S..L..C..8...S.j)
#6 pmsrc/vendor/pocketmine/raklib-ipc/src/RakLibToUserThreadMessageReceiver(42): pocketmine\network\mcpe\raklib\RakLibInterface->onPacketReceive(integer 0, string[174] ...n\.lu.../...=.2..f....(..z....BV.2...P...U9?.=...(..]u.*S.....*6.q...*`.0OL..)
#7 pmsrc/src/network/mcpe/raklib/RakLibInterface(122): raklib\server\ipc\RakLibToUserThreadMessageReceiver->handle(object pocketmine\network\mcpe\raklib\RakLibInterface#28204)
#8 pmsrc/vendor/pocketmine/snooze/src/SleeperHandler(123): pocketmine\network\mcpe\raklib\RakLibInterface->pocketmine\network\mcpe\raklib\{closure}()
#9 pmsrc/vendor/pocketmine/snooze/src/SleeperHandler(82): pocketmine\snooze\SleeperHandler->processNotifications()
#10 pmsrc/src/Server(1660): pocketmine\snooze\SleeperHandler->sleepUntil(double 1646234086.7471)
#11 pmsrc/src/Server(1046): pocketmine\Server->tickProcessor()
#12 pmsrc/src/PocketMine(304): pocketmine\Server->__construct(object BaseClassLoader#2, object pocketmine\utils\MainLogger#3, string[9] D:\FLOTV\, string[17] D:\FLOTV\plugins\)
#13 pmsrc/src/PocketMine(327): pocketmine\server()
#14 pmsrc(11): require(string[53] phar://D:/FLOTV/PocketMine-MP.phar/src/PocketMine.php)

PocketMine-MP version: 4.2.0 [Protocol 486]
Git commit: 44818e6d1456dcf1f0fd3cd27da1dfecbe03c08b
uname -a: Windows NT PC 10.0 build 22000 (Windows 10) AMD64
PHP Version: 8.0.15
Zend version: 4.0.15
OS: WINNT, win
Composer libraries: 
- adhocore/json-comment 1.1.2@fc2f76979f0a44a5f5bc2a2b600d0762fe0e78e7
- brick/math 0.9.3@ca57d18f028f84f777b2168cd1911b0dee2343ae
- daverandom/callback-validator unknown@unknown
- fgrosse/phpasn1 v2.4.0@eef488991d53e58e60c9554b09b1201ca5ba9296
- netresearch/jsonmapper v4.0.0@8bbc021a8edb2e4a7ea2f8ad4fa9ec9dce2fcb8d
- pocketmine/bedrock-data 1.6.0+bedrock-1.18.10@e98c511584a7bd58a95986374d2df4b04c6a2ba0
- pocketmine/bedrock-protocol 8.0.0+bedrock-1.18.10@017e57c8f8a74118bcbba7332e7ebac9e6c81693
- pocketmine/binaryutils 0.2.4@5ac7eea91afbad8dc498f5ce34ce6297d5e6ea9a
- pocketmine/callback-validator 1.0.3@64787469766bcaa7e5885242e85c23c25e8c55a2
- pocketmine/classloader 0.2.0@49ea303993efdfb39cd302e2156d50aa78209e78
- pocketmine/color 0.2.0@09be6ea6d76f2e33d6813c39d29c22c46c17e1d2
- pocketmine/errorhandler 0.6.0@dae214a04348b911e8219ebf125ff1c5589cc878
- pocketmine/locale-data 2.4.3@4d0b081f1a79407e087968ea76aaf330db6ea2b5
- pocketmine/log 0.4.0@e6c912c0f9055c81d23108ec2d179b96f404c043
- pocketmine/log-pthreads 0.4.0@61f709e8cf36bcc24e4efe02acded680a1ce23cd
- pocketmine/math 0.4.2@aacc3759a508a69dfa5bc4dfa770ab733c5c94bf
- pocketmine/nbt 0.3.2@3e0d9ef6b6c5fb45e3745a121296e75631b3eefe
- pocketmine/pocketmine-mp 4.2.0@44818e6d1456dcf1f0fd3cd27da1dfecbe03c08b
- pocketmine/raklib 0.14.3@4798576fec0364266dce23b368a7fec5e5de7927
- pocketmine/raklib-ipc 0.1.1@922a6444b0c6c7daaa5aa5a832107e1ec4738aed
- pocketmine/snooze 0.3.1@0ac8fc2a781c419a1f64ebca4d5835028f59e29b
- ramsey/collection 1.2.2@cccc74ee5e328031b15640b51056ee8d3bb66c0a
- ramsey/uuid 4.2.3@fc9bb7fb5388691fd7373cd44dcb4d63bbcf24df
- rhumsaa/uuid unknown@unknown
- symfony/polyfill-ctype v1.24.0@30885182c981ab175d4d034db0f6f469898070ab
- symfony/polyfill-php80 v1.24.0@57b712b08eddb97c762a8caa32c84e037892d2e9
- symfony/polyfill-php81 v1.24.0@5de4ba2d41b15f9bd0e19b2ab9674135813ec98f
- webmozart/assert 1.10.0@6964c76c7804814a842473e0c8fd15bab0f18e25
- webmozart/path-util 2.3.0@d939f7edc24c9a1bb9c0dee5cb05d8e859490725

Loaded plugins:
Biome 1.0.0 by  for API(s) 4.0.0
ChatThin 1.3.0 by Blugin-team, PresentKim for API(s) 4.0.0
DEVirion 1.2.8 by poggit, SOFe for API(s) 4.0.0
DevTools 1.15.0 by PocketMine Team for API(s) 4.0.0
EasyCommandAutofill 2.0.0 by jasonwynn10 for API(s) 4.0.0
FormAPI 2.1.0 by jojoe77777 for API(s) 4.0.0
MultiWorld 1.7.0-beta4 by CzechPMDevs, VixikCZ, fuyutsuki, kaliiks for API(s) 4.0.0
Particles 0.0.1 by  for API(s) 4.1.0-BETA2
PlayerSelectors 2.0.0 by Ad5001 for API(s) 4.0.0
PureChat 2.0.0 by Vecnavium, 64FF00 for API(s) 4.0.0
PurePerms 1.4.5 by Vecnavium , 64FF00 & ProjectInfinity for API(s) 4.0.0
RPSolution 1 by EmreTr1 for API(s) 4.0.0
Slapper 2.0.0 by Vecnavium, jojoe77777 for API(s) 4.0.0
Sound 0.0.1 by  for API(s) 4.0.0-BETA5
TNTManagement 0.0.1 by  for API(s) 4.0.0-BETA5
Tags 0.0.1 by NhanAZ for API(s) 4.0.0
Track 0.0.8 by NhanAZ, Nexus9265, Mcbeany, EndermanbugZJFC for API(s) 4.0.0

----------------------REPORT THE DATA BELOW THIS LINE-----------------------

===BEGIN CRASH DUMP===
eNrtPAlz20Z3f2U/OdPIqQDhPphRKlmSG/eTLNWS40xCj7tYLEhEIMDgkERn8t/73tsFCVBy7CSe
aTu1JzaJxe67z91lftvJqnrB23e3sm7yqtyZeHs7bb6QOxM78ALH9awoMEPPtx13b6db6lex6Xix
Y0WxE9q+58OagjftaV1X9c7kt512tYRZO9fwocb2dhayafgMR+Wilm1tT6f1sqmKrgWs0+klFzdX
skxPy7ZeTSbv3omqbNq6E+3u0wk7qmfdQpYte2Kz3a+WBV/J+ilbdE3LEsmqjCFCtqzEjWwXeSmn
UzUH4NLnHiu7omCz/FaWe0zwopApy0t2MplOn59dXP+AC7pZXjbT6avLqzVVTS2m00fpPed5aS7n
S1aVrACMzLeByQywPM8L5PLvg0Z4CpYGsL9Zvw/L9/Xq/c3ifVwL65Ai0JIFKmtrLuD7zztPLPbn
4Oz6Noj+49oyvhtq6+XrszP2FGgAVS0XCJ5QgODb/VdyljetrGV6hp+lrHdD/0M4kATju6pEXLJ9
JYUE7e1WyS9StCNVE2wQqKxvUeMnvOWjNaf4/okTB0FIdDkP6KIZu4EDpDwC+CHVxndoQmrVZyDI
HRBUyvauqm/2F2Ip91+qhytwHRDJrht7j1NIABVRuwTR+1SIfrQFUc+eTnH6dDqeb3w352VayA1H
j7G/BWJZV20lqgIF2VRdLSQuPS5yoBlGlmA5UgEDkYSWvcfAkvJy9rMTOG+ZCX++sSIpuCciww/t
2PBEkBixa3NDppkU8DfjtvPOMi3T/saWgWMFsTTsDKemnmdwx4kMV3LHCoOIxON/SDw1vynyZP8V
vznLkxclKD0D79m1Y+eviOm0FFUq013Njx34b9mp+bMJhJ6a5q/GM3Plnb9xzRx4PDCvkdV4OjXN
9/gtM01umi/xq/mPO2maT0xz9ptpXpnmmWkem2Zk4sMvxFCgGQI7SKt6f0Op5sjIl4pbxdl19RqM
83peS56eq7isTbPe9T7CqgIIyhzL6KGn5vBqJmtmrRVqhx4pFJzbLDr4sk+MO8Ssae5qzp/9gEPm
Jfx9Hf8bTKBXbzvzmyuSxjeB+St+/JdpXYAoSADhn9Wog2z2vPSeClLqGfsDEfXq/QTb/4CwnjiR
Y3lEePRBzTVlVb2XxNFVIeVS1t8T2hqId/+ijj5hzW+iqJqulr+rSBL/BfqibRNSU6fT8Twgp64E
yPZl1eZZLjjG/Uahta2BQq9IPbt2EFifCLjB59dlmxe7adUlhWSjYia0FRL7ESSWF2whUW+M79pc
3FwqiqtakznMJZe05hzW7LqW9wEgw1Sp7ecZb+QxlE/NWcVTWT9x9tgjlgVZsWhUVjyrZuBYT9y1
Y8Vvh5XMwN/ePlrhKNLdD5DuhNtCVpJRq3Rm2bWxNqjlr11eyz7A+e5btpzzerK/fzLZJ6wDyMb5
pYlvtxBipfN05+3vezvy/331+HerPRCiWvwuL2+r4lYi1wAxBSWJdqd/CyMb2DCKWQrlHnvwBp5j
Hz4FWiQbCZb9hi8DeDlt97/5hh3e8pptaoGf37Jv9nFGSDMw7wNWENVXS3rfsAP289tvcUY0hgGp
Qi+Nt5c2gJwC2C0vYL1r4XrbssYAlJ4UDNuyH+Cn12qlo3gEaalZEB1ywbKuFCgNNjQdDXVtMb/R
Oo/WTduv2nneQAxTkw7GWHya9Dt9D3qM4aMYeZrqWmojyl5kYLy3VZ5qzNEWZiVVEPtBP18hjzfI
bUsjt+1HkTeyvRpIGJM2+wq+dHKE2nbGqLe0olYQctvVyH//0np8aT2+tB5fWo8vrceX1uNL6/Gl
9fhf23r0ZXGDNfCzvFpQMVxy/NTPezvr7fEdG2KoBSO8a+dVDYt+Bgh8mWOh49E7eJYlB9WnOxMQ
t9zbScFEylTPbaqsPRkOLDjV5IRKiRmLetAIDF5eXF2/uXh1dgJDdzJp8hapwurqeM7b6zmuXBO7
HhrT627Ru/OM+DVayRfw4rKWUM+1/8wXO5+Jk4TgT6cC6IGCEb4NKPsoYyenP+Q10b5mbD00Zswx
ozFjSzDPHBudq4vn8nNxo4BOp7dEwnSayv7bgCzN1dX10avr15cPeZK311VVNEOe+qExT7a/ra2N
wbJr1NhnYqvHD2xsKPkDNuZtu2zAv0AW8y4xRbUYuNL+GgYwe8qb1XG1WEBIPOraCtraYsD3Y2+H
InAe+NfOL7ypyrtVWdrW5+J+ABKK2IckfbofPq/qxdHliwGH/ciYK/sBV9UvlQzxz2djag0RIq8i
Yv3lU1g574o2f1PVRTrgZjA4ttTQtIxEttwbs3X8Xor55TkYBBrUD/l9fnP8E52Nrbq26W5y+H7D
izy/aT4X3wJRLhfgmGDNC6T3DukFHQ5p/0P2H7HuASP7A0Agp0teQ0Yu5NCdN2NDKVFn8MFkASZh
PDu9PnL+KuMvoRw8+gmbYo38081WbW5cyQKyPVG24WTrzUec8yj1Lcv+XKpU0PqdtzURf4IvKCAx
2wwZ6oc+wskPUpT8Nu8wKQbe8+fWn4s2hOdS1guy6zGDO885bbg0UMUB9B8hhVRdc3lq9OM7GxG8
U7hBBpruzbdPFYCiYiwBNTZ2Yc/0PyACtscUGexfGNCMNeGLMsvLvF19LlWP+CTqBl8/hdPBJuaG
1dHO5oDXMZ+ni1pe15/Naj+4i/QpbFwVfAkdxICHfuRP2OvnTyaNIuJP8FF15TBxqOdPj4aWjob+
342GhPjT6b5+eX3OS+iy1W75mv7x+P8AHyMC/gQ/fDb0fXr8Y+o1xs9lOWv6AfOnkf1I9tUkIT81
FzdDhuh5m6PoUY72dl7K+66JnQAD3blIJC9X8O20hHYX6r2km/30H8+PPzvnSOLfZh2Pc3gNTLdy
uxPoO1oi9L6VZUNJBIR0XNUINkIlI8+JWPB2PhwRvADCYe1wrFq8S6u2lO1oVJ/EbQa6uhg+p7wd
vYfKuZUjwLPFcvg4582IllxU5e1w4JeGNLp+XiSqwx+NVXWr9Q49IAw0LUeG0uGkpRjL4ZXMsJbI
x+AbkmgzHkoxpA5Gri7PRuhXza8FRrr+G1u/aqsbWebvxyK4v9dcI7noeCu+KCiiO0T9+3ypOr+Y
svH7Ik+Gy+HxfjGWeoXkOZbl2rYTYwd/cjFiPa3eEWnbgzCUjxVWgQ03zWjiVb5YFvLH8xHPWxTA
I+5ObvG5KO7qfEv/y5b2MVHCns5gl/Mt25t35Q3tMTkkJJeElM+SvOT1CoZcEFSIkpC3skgTPQlB
iXq1bCs94ChhpaBoZZaW7rk2O0rvNrgG7/HcNS+zamS36QOV5yMrIVG6w6FagnugH846ZYs9/J/A
3djFpeBiPhA+evd8qfEiRjze4cNOeeTu6Mq8kZt7miBPh8AnXY4Nm2P5LoiteQdt0M4k40UDUas/
AdmZeFEAOHL0b8+L7EgGqe35QSoyO7Oy1BWpE6bcxmONRFqusKIEYHealDd5mVZ3DXt5zS6PmQ2K
ZISWOWCGFtvt39vWU3Z0fhJgT4hXGAfieS/JZ7y1ZcyX7ypUw5sXL19eoy3iw12uTqQXy6qR9TvQ
Z83rXHVaPJ0DL7XcxyBhwBx9vG1jGDjMhJOFQRzGmcU9j/uZnwiHO0lgWakVBk4mLRlGEg0pqXNx
s6/jomXGpnsouB+mdpRZTpRFXgZ1VOLYQSRSO7btxEqldFzP5ZKCHugAAg5Eajz2SiDUG7fQ0EIw
xPsLILObsrorD/UnGtisrppG7gPLvCnxJPbWgdrbOpQy86Ioju3Ud6UPOrFE7PteYsWJ7Vg2EJXw
2IkDgAGhGffpeC3mxP9CF407t+RXh1GSCMuxeSTTxJEeDyV3soinXsZjKeJUSCcTSZSO/GE/kWkN
TwbQzkmSgWn9az8Ico1MG6iMI+Hbth8B1CT1Ix77cRS4oZc6aQbEeiIAOXPrcdAbEyRbeAjeskPp
hwLkzkPPtqNEJAkPXdeRoQThxjIQkR3E7hZ4ig4bVwaBHvpchFLy2OZZwtMoFV4cZb6Qridk4MRh
6ssAXvMxpEeViLu87mHghVHogVEFQSI4yNSPIt/xHBn5wnGF40uQjM+dLYC4o15UOj4iadahF0vu
Wm4cuzJLs8SNRepajnRscEHfAtCRY8Vgn1uQqqLawACrQPqDNAwyR7puGkS2K9w4dWLhOMILBEjS
TreooWs16thIgQIVH6YcUHvc8lwvSsDCZeTYsUwy2/GzzAaeoliIaJucosLaoTcWNGH30EutxIrs
zOZh7FmhtKIwDiLJw4DzzHWtNAGSncTfhjQjWsgJAhHbjrCy2PJ9UHXquDYeuzqpHcZJHGQeWBhQ
+gCCMUguClRgZyGIMRKZCwoTjic9CX7vcJFKkJbFbXADCHVjUOtAABH1kHMh3NCPuW9FPIjTDHxQ
ePARhhZPwCyFL2IvycYgyqTts9ChK600llmQBMLPEs+X4Ck+tx3I1YEM/cC1ExccX44hbL4aVDJ5
ymw+PVQ/OHlVGYh0FMaRD0YjheUGnhMEGA3cxA3A42DQl34qw9gJH4OC57d97XIYOw4PPA98XgQC
aODcx/8i17FB9bYUXuhGXG7JVx2V9bn90OLg6xCaw8gWnh1zOws8Ce7lQWhxfQzAfiydGHmC4reR
K3SDTe2G2/7OoYA/oSclSNeJoBBKwJE8K/Ftyw+kjFI3SYJAWHwDpOvyVMvVhWQRJ0mYJb4bRUFs
Z2nohiBXz0tF4qUBrBaZA1rH5fNu0XDer38Y3ZvVIqvKFWiwWOHWsdGXzbdAKlqla0HUsCNHxJHN
Ezv0U3Aa10sTKwPjDuIojiw0rsdgQcqIrAEsP0xC2wGPk2maxKGAxMYjCE2uIyIPjCGMYid1ZPwh
WPYQViq9hDuph9LL4iS1pB0nDgefg0Ds+hBdIHNEmepXFtV7Xrf7ENpkrbMu5p0gDjygQoSRBbbq
8chzwAikBTpObUhfwCRYsOOPgCzB4wyM3RRGXAxIsRtnoUzBZwWYRJLEApOuLxLLTyOIt7EXWyGA
oa5obVvmigrTJwxbLQbNRJbPupqOcxmWdSyrajaqo6b1tHzCrueQS/H2Uwu9RcN4LVk7l6wqZQNf
eMsEL8uK7gfmpSi6VN34U+eRJqQ0yL0tlCUK2lW1UPcIH0JteCb3WAVv6gaBsgQi1g1bVV2tobE8
YwvoObKccECBg5f1ipUC/VLerQHuQ2nLu6Jt2F1Vft0yrAB4zaDrrSCE5ZjHVkgl3tFS3N/NZcm6
5azmKQAwEST+7QFO8IGxJ2/mEglkbcXwZhcDQPogF6QBpU6DBXWqXhPJKhEwkG0hW5IcHooJyVSe
wZGFgg3yF9IoOBbFMzlh2EyrN828a6FmLA19t3PCpjvn084CI1wxMZ92tpQha/GT2wsGb2zbxveZ
C6yw4znNdZBd+maVc3YP3Be4Ig1zdkvDgiUEwgc6c/wmwpKVasXqH9MdLYKjoqjuWJE3KJj+thq7
zTn7z07WKzXrV/xq6JcTRjW2Xn9KuwV6IQMpMKxUGVgKKAJBJium1adWqO0FYz1hDO4N+CtYI+iT
pymDwk+pHdWJdwHYQnK8KUG3WkHZiUTqQR3y144XqCi6rMroXh7b1YiZYz1V8BVWadRyCb20AarG
Y/0JTND4X3aLBPQMNn3UrEpxzZsbhlc2wIpNPeV1AyaB7tXzjBPndVVWHVgNLGj2GB3DMNXZoE/u
Mazsa3VXiaQEMQHHFl2pb2H04K/IsIA3sPK6us/BwiWIA1gj3ynXBKKc10S9yNBbcBZ6xR7L269B
kHh3FYZSiRdCyVy3lrNd4KMD33W0gIgZQ3M8IWAPfYWTzdRdWaKCU+xOqyWphHqjxmQn8lZ/Z4t8
NoewUvNmvjcMAtqaUDJ13S1bNaoEhwJaAH1r7kjZEB6o9UmVS3K6ptk1j9OANoN2CP1HDvZmjowP
phtq2sYx8e9CAtZVHx3+vagSMCrc82LqDfjJIm8x1CzkjCerFhTArpTcLZJ03iACDeAa1XiXkyLI
0CB+3BkKVG97DTGb5UArBEm6XIiAslrKHqmyflBeh+GCzSrQW4XRCM1EoZoRqQaRN2FWzw/QQPlB
lYv/JzjBDcWP8THndfp3+Wjaakmk6Mi+Jk0DbBjEmSUm/XRAGGLuqbMtxxsQSPHiDTmOprP5+rNQ
Sq5DpGFwYaKDPFlCnmTyXoqOwnalSFdui3l1PVveCynTZsNZH+curk8n7Pr7F1fs7MX5i2t2dHl5
9uL0il2evmJvLl798/TVHoNJ7PoCZp2yN99fnJ2yy1cXx6dXV+bDWDGSjOMHA8FcyjqvqIrACN4g
q2IuKZaTXNZR2gZdQCWT6lBEkwyIn7KPzxrgcVUC1xDfwdaQ+w+ZojLBuzkWBPh7A4hZapqGr8BA
1N7kgWEwAEwXmIiwTKFl5sMVaCd6vxyUuZQCqxklbSRcaVutXXMDpieXzYZt19J8N08/RJiWgjuQ
wozXCfiQsWkRdNh6XOLklkiWXsf0Ogj/C152VEENKYIaswMLfbrXp5WHJtobqcrWGfRTreJ8sXFV
k12opKEcAmqfqivSNTU5ZKK7km14aHrQS2IBWA4sa8A14HxOAeZBziWzUnDWPGZ1teizd79ezzGG
xrutd+RM6/cRu2GPGNwDy7nqa2FUZg040VC1wafdYqkKxr42ZfqVga82ejzBiXoR8UJE9xzBE1QR
ECD4I2KHegDyKWC5BSNsmk5iMGnnoM1ZX0pjwEN8G8r2egWrAkRXy2ZPD07+Q7kt+L1BG83Nhodj
vsTxfNEtIIHj6RMiaXkJRTMomemfkRA1G0mjX2nRkmc9tEHoKZZrygipgcV+BxndG2nypFKvty0f
CzGMmwpLP713OAVRT93mk4oUg7a1B5yeAGFUGEHlijIFWlU1o2CpH6owtUrxu+EVlq2lrPjrKcDp
w+4BRVpg96Nhfwzcx2wV/+pryZN16oHKcF4VqspNeCvm1Buon93sYVzR6Yvio2r++p86UcpK5Lre
7dPnk6EO+5cYousV3pSc7THDHqhXq5aQG21P0Dq1UBbYFNR0QIJ1bKokgc0c9R64HAY1cSb7HopR
+tESVpfs+PL1HqwFOhLwxrs8BQehyqSPw2sMBmGYsGDTA2wahIbkNJhtsqMUgt2cF9k+dNaqc0kl
WLpGB4gZ7pOiAQ7cdphWB+C2Gq57jI1Y6fLCZEjI68vysq/8N/0wNjhI2B0kZrW0W5ZLQ488aLzO
tY82+Xu51jD2Cb1i8apsX6xBH6FMZpC8vdhRi56a7FKvKXg9owVcN+faOjTOrOYzZAQ0BAJslgXV
R9htL/C3hhAceI1aUz9cUdsIeP9ZNi07v35NtDbAFjKfdC3DjQtS7Aah6nfMTXxatJ2B6yZE8biJ
lSWdq1FkyBjum0DtBSVzz2wLT1kuTEZ5b86xzGD5AiTUoiZBL/T/FIHQtkf0gAJvifA5ygMiNgVx
SP+c0kGj1KuKFZjbaqtFbqTaOtHhcd3mnVxQUXby4uroGdRjVL91JdkUhvsO4ysdCqsSJEfj1D+J
TMct0IbXcTxIZdLNJpuu8jtmYzepi+Y5hDeawfTmRaP2XdDfy6bqSwPtLXYPVHHRQz2eV1VDezR9
Qyn7TQTKBbjNzhp+u8k98CAN9ZY24YcBEYmkmwqqYNTbWL9Ueak2NEh+X7Mfk+oeI0TNXpyw3R9f
vzh5CvYA4QHogPl3oExUF95OA+fBVrNO1zJThQ54S7XRaQlR4cdnZz0G3YgORr4mdHiOSMUJqV0X
PcRh1W+r6dR8DxQaeJPjoMoyjRje5tnKuO/ydKwmkrCxvZ91TRtSyiHV/95GSYNyhfa+rtHbYwJC
TtuHZ73KUKsmTB859+hUMtJhdY0NMysvZ+seqsTFxXaa3+tn3ebyzlgn/8d2FXtxHy2qDqNNpnKn
Dj4gxF7YWDlgVNW7OmAW+KRTPwB4RaXAAACJoZRq5yCRCmAiM4wWzZLfkbGgHetfQCuzwxcPywol
DEQ4EAbET8a3ydY/tgGsEvL04xRbHyKZ13idi/HeLYDwDQD8tqbMfbB5lRSVINdv8lTlH+SPg8bB
LJsuGUplhokZZshUpWN6WKdK2knTpsOFkIWkHkY5gcZb5DeABPt8imQFByHM6uqunas4CEg4myt4
gyAJMaNp+0RPBBsol548YyOknsEXJ82AOwz3aBMKIlNH02tm1ztqfUFFq7bUBjAN5rAnQC60+mMF
b3bvBjo2HypZB8A7nlMvDukJWlNlZctq2RUbJ9OPWE/QLJ2IXKdHTO0a8q0xYkbH2AeFx6ANwlG9
gzlZF1e48UobBeqFqkm0/QFZw9ifjnajYaWBv5l8MLgOLtsv9O2NUf0AUcVQN7oGs+eg34kiy1wu
Fkszr9Y8QPhcLbDFhXDQ4u6zaIbMYFLUM9hmBjFFwZPPZrWc6b1VvRGrNpXwx9c3DzkmWiFmXZxc
4I+oDJ1yVFWC4fBOqm6JQ5i4I5wNMTBkhUbNwSkMVAYjrXRLvBnWq+8RcYPq1Zy1AUI1hnc6KHuO
8toxHprI4dbmHqSg5ZyDU0nMHzXSs6mVITNlsoZ+ycB4W2ICHqzdJEuVqPhoz1Rfrhlk+g5aBSiz
KHT3sVHD1aagZvTIHlG8YnRb822+GKYsXQwgeFyFjoMZChWN+QJR08awXtYfCZhDRPrdNqZeqB8r
O3T2UipX7jPYVNNQAEm7FnW/fTbXwyp+1uvmR4ccPMCArjOl+izP1qDwdkNXq3MyDGL9DlIf2gGi
DnzDlA9FI2/WDSf0ARzvq62fsTYDerUmJ71K+7dg2rjlOWE/UzEF9fUe7YG+7cGrGmFQSQxP9Igx
LP5ryie4j6SiIxqhbB9N5pQMqCNuqNmhfQb8OcmykLoiGbPS46Z3/QPARQ/yrD61bzBP2POzo+t+
GLsliZuP3+p7Nnt+fA8clnLPvU/zut2jGP/toChVx1njHRsVETDXguj1BizvtIUWoE6xYuq3pF3d
h/m+8azX52AUowAO5EJBp5tNLzejP0YDI+n7kifPKTgRMloxAkNFvR55NxgxqBQeVaiVal7kPYTL
Rnfv4gb7vYb6U4iXSQ5d1kpVnDQPeQZyoJtUqal3LcUr4YCirR5Eezxi31Y2nkVfblR/TAfSdBZL
x7lvQAgvq1tmW8yKJ144sQP25sUz5lgO6aM/Jz0An6eDmKpND/CskofZtMsyJ6B/Bf1LI65H/wbq
WJd+6IuOe2DHtsqng8HbgIapitDtT76EQeUdd/O8lQaegOoBbBN1oXmgNp5nHLdQUnlAxKqj3fUY
VOs4ihvgeKbWPy9vlxpemmPXCJa/OiDK1ga8TrEHm5Ie+4UD9SuuQZkv08EUvGVxcHL6/Oj12fWA
JTqk7bFTNkJP1zSMau8DJaFBw0Fzdn7/b1AW7mo=
===END CRASH DUMP===
